WARNING: Your kernel does not support swap limit capabilities or the cgroup is not mounted. Memory limited without swap.
fatal: write error: No space left on device
fatal: index-pack failed
fatal: reference is not a tree: 12e199ae605e6b85a9c8b9167004c4104544e368
com.rarchives.ripme:ripme:jar:1.5.0
+- junit:junit:jar:3.8.1:test
+- org.jsoup:jsoup:jar:1.8.1:compile
+- org.json:json:jar:20140107:compile
+- commons-configuration:commons-configuration:jar:1.7:compile
|  +- commons-collections:commons-collections:jar:3.2.1:compile
|  +- commons-lang:commons-lang:jar:2.6:compile
|  +- commons-logging:commons-logging:jar:1.1.1:compile
|  +- commons-digester:commons-digester:jar:1.8.1:compile
|  |  +- (commons-beanutils:commons-beanutils:jar:1.8.0:compile - omitted for conflict with 1.8.3)
|  |  \- (commons-logging:commons-logging:jar:1.1.1:compile - omitted for duplicate)
|  \- commons-beanutils:commons-beanutils:jar:1.8.3:compile
|     \- (commons-logging:commons-logging:jar:1.1.1:compile - omitted for duplicate)
+- log4j:log4j:jar:1.2.17:compile
+- commons-cli:commons-cli:jar:1.2:compile
+- commons-io:commons-io:jar:1.3.2:compile
+- org.apache.httpcomponents:httpclient:jar:4.3.3:compile
|  +- org.apache.httpcomponents:httpcore:jar:4.3.2:compile
|  +- (commons-logging:commons-logging:jar:1.1.3:compile - omitted for conflict with 1.1.1)
|  \- commons-codec:commons-codec:jar:1.6:compile
\- org.apache.httpcomponents:httpmime:jar:4.3.3:compile
   \- (org.apache.httpcomponents:httpclient:jar:4.3.3:compile - omitted for duplicate)

