WARNING: Your kernel does not support swap limit capabilities or the cgroup is not mounted. Memory limited without swap.
Traceback (most recent call last):
  File "/home/jdbl/core/Debloat.py", line 80, in depClean
    output = subprocess.check_output(cmd, shell=True)
  File "/usr/lib/python3.7/subprocess.py", line 395, in check_output
    **kwargs).stdout
  File "/usr/lib/python3.7/subprocess.py", line 487, in run
    output=stdout, stderr=stderr)
subprocess.CalledProcessError: Command 'cd /tmp/tmpr0ry7ioo/solo; mvn -gs /home/jdbl/core/../maven-proxy.xml se.kth.castor:depclean-maven-plugin:1.1.0:depclean -Dcreate.pom.debloated=true -Dcreate.result.json=true > /home/jdbl/results/88250_solo/5b33a685a2815fe3f1aaf46de99334680acfa085/depClean.log 2>&1' returned non-zero exit status 1.
[ERROR] Command 'cd /tmp/tmpr0ry7ioo/solo; mvn -gs /home/jdbl/core/../maven-proxy.xml se.kth.castor:depclean-maven-plugin:1.1.0:depclean -Dcreate.pom.debloated=true -Dcreate.result.json=true > /home/jdbl/results/88250_solo/5b33a685a2815fe3f1aaf46de99334680acfa085/depClean.log 2>&1' returned non-zero exit status 1.
[ERROR] Failed to execute goal on project solo-war: Could not resolve dependencies for project org.b3log:solo-war:pom:0.6.6: Could not find artifact org.b3log:solo-core:jar:0.6.6 in tiny-maven-mirror (http://130.237.222.185:5956/) -> [Help 1]
[ERROR] 
[ERROR] To see the full stack trace of the errors, re-run Maven with the -e switch.
[ERROR] Re-run Maven using the -X switch to enable full debug logging.
[ERROR] 
[ERROR] For more information about the errors and possible solutions, please read the following articles:
[ERROR] [Help 1] http://cwiki.apache.org/confluence/display/MAVEN/DependencyResolutionException
[ERROR] 
[ERROR] After correcting the problems, you can resume the build with the command
[ERROR]   mvn <args> -rf :solo-war
org.b3log:solo:pom:0.6.6

list index out of range
