WARNING: Your kernel does not support swap limit capabilities or the cgroup is not mounted. Memory limited without swap.
org.b3log:solo:war:1.9.0
+- org.b3log:latke:jar:2.3.7:compile
|  +- javax.enterprise:cdi-api:jar:1.0:compile
|  |  +- org.jboss.interceptor:jboss-interceptor-api:jar:1.1:compile
|  |  +- javax.annotation:jsr250-api:jar:1.0:compile
|  |  \- javax.inject:javax.inject:jar:1:compile
|  +- org.slf4j:slf4j-api:jar:1.7.7:compile
|  +- javax.el:el-api:jar:1.0:compile
|  +- org.freemarker:freemarker:jar:2.3.23:compile
|  +- javax.mail:mail:jar:1.4:compile
|  |  \- javax.activation:activation:jar:1.1:compile
|  +- commons-io:commons-io:jar:1.4:compile
|  +- commons-lang:commons-lang:jar:2.5:compile
|  +- javassist:javassist:jar:3.12.1.GA:compile
|  +- com.h2database:h2:jar:1.4.190:compile
|  +- com.alibaba:druid:jar:1.0.16:compile
|  \- org.jboss:jboss-vfs:jar:3.1.0.Final:compile
|     \- org.jboss.logging:jboss-logging:jar:3.0.0.CR1:compile
+- javax.servlet:javax.servlet-api:jar:3.1.0:compile
+- mysql:mysql-connector-java:jar:5.1.18:compile
+- org.b3log:latke-repository-mysql:jar:2.3.7:compile
|  \- (org.b3log:latke:jar:2.3.7:compile - omitted for duplicate)
+- org.b3log:latke-repository-h2:jar:2.3.7:compile
|  \- (org.b3log:latke:jar:2.3.7:compile - omitted for duplicate)
+- org.testng:testng:jar:6.1.1:test
|  +- junit:junit:jar:3.8.1:test
|  +- org.beanshell:bsh:jar:2.0b4:test
|  +- com.beust:jcommander:jar:1.12:test
|  \- org.yaml:snakeyaml:jar:1.6:test
+- org.jsoup:jsoup:jar:1.9.1:compile
+- org.slf4j:slf4j-log4j12:jar:1.7.5:compile
|  +- (org.slf4j:slf4j-api:jar:1.7.5:compile - omitted for conflict with 1.7.7)
|  \- log4j:log4j:jar:1.2.17:compile
+- org.pegdown:pegdown:jar:1.6.0:compile
|  \- org.parboiled:parboiled-java:jar:1.1.7:compile
|     +- org.parboiled:parboiled-core:jar:1.1.7:compile
|     +- org.ow2.asm:asm:jar:5.0.3:compile
|     +- org.ow2.asm:asm-tree:jar:5.0.3:compile
|     |  \- (org.ow2.asm:asm:jar:5.0.3:compile - omitted for duplicate)
|     +- org.ow2.asm:asm-analysis:jar:5.0.3:compile
|     |  \- (org.ow2.asm:asm-tree:jar:5.0.3:compile - omitted for duplicate)
|     \- org.ow2.asm:asm-util:jar:5.0.3:compile
|        \- (org.ow2.asm:asm-tree:jar:5.0.3:compile - omitted for duplicate)
+- com.vdurmont:emoji-java:jar:3.2.0:compile
+- com.qiniu:qiniu-java-sdk:jar:7.0.4.1:compile
|  +- com.google.code.gson:gson:jar:2.3.1:compile
|  \- com.squareup.okhttp:okhttp:jar:2.3.0:compile
|     \- com.squareup.okio:okio:jar:1.3.0:compile
+- commons-cli:commons-cli:jar:1.3.1:compile
+- org.eclipse.jetty:jetty-webapp:jar:9.2.7.v20150116:compile
|  +- org.eclipse.jetty:jetty-xml:jar:9.2.7.v20150116:compile
|  |  \- org.eclipse.jetty:jetty-util:jar:9.2.7.v20150116:compile
|  \- org.eclipse.jetty:jetty-servlet:jar:9.2.7.v20150116:compile
|     \- org.eclipse.jetty:jetty-security:jar:9.2.7.v20150116:compile
|        \- org.eclipse.jetty:jetty-server:jar:9.2.7.v20150116:compile
|           +- (javax.servlet:javax.servlet-api:jar:3.1.0:compile - omitted for duplicate)
|           +- org.eclipse.jetty:jetty-http:jar:9.2.7.v20150116:compile
|           |  \- (org.eclipse.jetty:jetty-util:jar:9.2.7.v20150116:compile - omitted for duplicate)
|           \- org.eclipse.jetty:jetty-io:jar:9.2.7.v20150116:compile
|              \- (org.eclipse.jetty:jetty-util:jar:9.2.7.v20150116:compile - omitted for duplicate)
+- org.jodd:jodd-http:jar:3.6.6:compile
|  +- org.jodd:jodd-core:jar:3.6.6:compile
|  \- org.jodd:jodd-upload:jar:3.6.6:compile
|     \- (org.jodd:jodd-core:jar:3.6.6:compile - omitted for duplicate)
\- org.mockito:mockito-all:jar:1.9.5:test

