WARNING: Your kernel does not support swap limit capabilities or the cgroup is not mounted. Memory limited without swap.
Traceback (most recent call last):
  File "/home/jdbl/core/Debloat.py", line 80, in depClean
    output = subprocess.check_output(cmd, shell=True)
  File "/usr/lib/python3.7/subprocess.py", line 395, in check_output
    **kwargs).stdout
  File "/usr/lib/python3.7/subprocess.py", line 487, in run
    output=stdout, stderr=stderr)
subprocess.CalledProcessError: Command 'cd /tmp/tmp8on7129h/solo; mvn -gs /home/jdbl/core/../maven-proxy.xml se.kth.castor:depclean-maven-plugin:1.1.0:depclean -Dcreate.pom.debloated=true -Dcreate.result.json=true > /home/jdbl/results/88250_solo/c72aac5098357024281814bf80c23527febdc546/depClean.log 2>&1' returned non-zero exit status 1.
[ERROR] Command 'cd /tmp/tmp8on7129h/solo; mvn -gs /home/jdbl/core/../maven-proxy.xml se.kth.castor:depclean-maven-plugin:1.1.0:depclean -Dcreate.pom.debloated=true -Dcreate.result.json=true > /home/jdbl/results/88250_solo/c72aac5098357024281814bf80c23527febdc546/depClean.log 2>&1' returned non-zero exit status 1.
org.b3log:solo:war:1.2.0
+- org.b3log:latke:jar:1.3.3:compile
|  +- javax.enterprise:cdi-api:jar:1.0:compile
|  |  +- org.jboss.interceptor:jboss-interceptor-api:jar:1.1:compile
|  |  +- javax.annotation:jsr250-api:jar:1.0:compile
|  |  \- javax.inject:javax.inject:jar:1:compile
|  +- org.slf4j:slf4j-api:jar:1.7.5:compile
|  +- javax.el:el-api:jar:1.0:compile
|  +- org.freemarker:freemarker:jar:2.3.20:compile
|  +- javax.mail:mail:jar:1.4:compile
|  |  \- javax.activation:activation:jar:1.1:compile
|  +- commons-io:commons-io:jar:1.4:compile
|  +- commons-lang:commons-lang:jar:2.5:compile
|  +- javassist:javassist:jar:3.12.1.GA:compile
|  +- c3p0:c3p0:jar:0.9.1.2:compile
|  +- com.h2database:h2:jar:1.4.182:compile
|  \- org.jboss:jboss-vfs:jar:3.1.0.Final:compile
|     \- org.jboss.logging:jboss-logging:jar:3.0.0.CR1:compile
+- javax.servlet:javax.servlet-api:jar:3.1.0:compile
+- mysql:mysql-connector-java:jar:5.1.37:compile
+- org.b3log:latke-repository-mysql:jar:1.3.3:compile
|  \- (org.b3log:latke:jar:1.3.3:compile - omitted for duplicate)
+- org.b3log:latke-repository-h2:jar:1.3.3:compile
|  \- (org.b3log:latke:jar:1.3.3:compile - omitted for duplicate)
+- org.testng:testng:jar:6.1.1:test
|  +- junit:junit:jar:3.8.1:test
|  +- org.beanshell:bsh:jar:2.0b4:test
|  +- com.beust:jcommander:jar:1.12:test
|  \- org.yaml:snakeyaml:jar:1.6:test
+- org.jsoup:jsoup:jar:1.5.2:compile
+- org.slf4j:slf4j-log4j12:jar:1.7.5:compile
|  +- (org.slf4j:slf4j-api:jar:1.7.5:compile - omitted for duplicate)
|  \- log4j:log4j:jar:1.2.17:compile
+- org.tautua.markdownpapers:markdownpapers-core:jar:1.4.2:compile
+- com.qiniu:qiniu-java-sdk:jar:7.0.4.1:compile
|  +- com.google.code.gson:gson:jar:2.3.1:compile
|  \- com.squareup.okhttp:okhttp:jar:2.3.0:compile
|     \- com.squareup.okio:okio:jar:1.3.0:compile
+- org.eclipse.jetty:jetty-webapp:jar:9.2.13.v20150730:compile
|  +- org.eclipse.jetty:jetty-xml:jar:9.2.13.v20150730:compile
|  |  \- org.eclipse.jetty:jetty-util:jar:9.2.13.v20150730:compile
|  \- org.eclipse.jetty:jetty-servlet:jar:9.2.13.v20150730:compile
|     \- org.eclipse.jetty:jetty-security:jar:9.2.13.v20150730:compile
|        \- org.eclipse.jetty:jetty-server:jar:9.2.13.v20150730:compile
|           +- (javax.servlet:javax.servlet-api:jar:3.1.0:compile - omitted for duplicate)
|           +- org.eclipse.jetty:jetty-http:jar:9.2.13.v20150730:compile
|           |  \- (org.eclipse.jetty:jetty-util:jar:9.2.13.v20150730:compile - omitted for duplicate)
|           \- org.eclipse.jetty:jetty-io:jar:9.2.13.v20150730:compile
|              \- (org.eclipse.jetty:jetty-util:jar:9.2.13.v20150730:compile - omitted for duplicate)
+- org.b3log:latke-gae:jar:1.3.3:test
|  +- (org.b3log:latke:jar:1.3.3:test - omitted for duplicate)
|  \- com.google.appengine:appengine-api-1.0-sdk:jar:1.8.1.1:test
+- com.google.appengine:appengine-api-stubs:jar:1.8.1.1:test
\- com.google.appengine:appengine-testing:jar:1.8.1.1:test

