WARNING: Your kernel does not support swap limit capabilities or the cgroup is not mounted. Memory limited without swap.
org.adridadou:eth-propeller-core:jar:0.10
+- com.fasterxml.jackson.core:jackson-databind:jar:2.9.0.pr3:compile
|  +- (com.fasterxml.jackson.core:jackson-annotations:jar:2.9.0.pr3:compile - omitted for duplicate)
|  \- com.fasterxml.jackson.core:jackson-core:jar:2.9.0.pr3:compile
+- com.fasterxml.jackson.core:jackson-annotations:jar:2.9.0.pr3:compile
+- org.codehaus.jackson:jackson-mapper-asl:jar:1.9.13:compile
|  \- org.codehaus.jackson:jackson-core-asl:jar:1.9.13:compile
+- io.reactivex:rxjava:jar:1.3.0:compile
+- commons-io:commons-io:jar:2.5:compile
+- commons-lang:commons-lang:jar:2.6:compile
+- com.googlecode.json-simple:json-simple:jar:1.1.1:compile
|  \- (junit:junit:jar:4.10:compile - omitted for conflict with 4.12)
+- com.madgag.spongycastle:core:jar:1.56.0.0:compile
+- com.madgag.spongycastle:prov:jar:1.56.0.0:compile
|  \- (com.madgag.spongycastle:core:jar:1.56.0.0:compile - omitted for duplicate)
+- org.apache.httpcomponents:fluent-hc:jar:4.5.3:compile
|  +- org.apache.httpcomponents:httpclient:jar:4.5.3:compile
|  |  +- org.apache.httpcomponents:httpcore:jar:4.4.6:compile
|  |  +- (commons-logging:commons-logging:jar:1.2:compile - omitted for duplicate)
|  |  \- commons-codec:commons-codec:jar:1.10:compile
|  \- commons-logging:commons-logging:jar:1.2:compile
+- org.zeroturnaround:zt-exec:jar:1.9:compile
|  +- (commons-io:commons-io:jar:1.4:compile - omitted for conflict with 2.5)
|  \- org.slf4j:slf4j-api:jar:1.7.2:compile
+- junit:junit:jar:4.12:test (scope not updated to compile)
|  \- org.hamcrest:hamcrest-core:jar:1.3:test
+- org.mockito:mockito-core:jar:2.8.9:test
|  +- net.bytebuddy:byte-buddy:jar:1.6.14:test
|  +- net.bytebuddy:byte-buddy-agent:jar:1.6.14:test
|  \- org.objenesis:objenesis:jar:2.5:test
+- org.adridadou:ethereumj:jar:1.5.1:test
|  +- io.netty:netty-all:jar:4.0.30.Final:test
|  +- (com.madgag.spongycastle:core:jar:1.56.0.0:test - omitted for duplicate)
|  +- (com.madgag.spongycastle:prov:jar:1.56.0.0:test - omitted for duplicate)
|  +- org.iq80.leveldb:leveldb:jar:0.9:test
|  |  +- org.iq80.leveldb:leveldb-api:jar:0.9:test
|  |  \- (com.google.guava:guava:jar:18.0:test - omitted for conflict with 21.0)
|  +- org.ethereum:leveldbjni-all:jar:1.18.3:test
|  +- org.ethereum:solcJ-all:jar:0.4.8:test
|  +- com.cedarsoftware:java-util:jar:1.8.0:test
|  |  +- (commons-logging:commons-logging:jar:1.1.1:test - omitted for conflict with 1.2)
|  |  \- com.cedarsoftware:json-io:jar:2.4.1:test
|  +- org.javassist:javassist:jar:3.15.0-GA:test
|  +- (org.slf4j:slf4j-api:jar:1.7.7:test - omitted for conflict with 1.7.2)
|  +- ch.qos.logback:logback-classic:jar:1.1.7:test
|  |  +- ch.qos.logback:logback-core:jar:1.1.7:test
|  |  \- (org.slf4j:slf4j-api:jar:1.7.20:test - omitted for conflict with 1.7.2)
|  +- (org.codehaus.jackson:jackson-mapper-asl:jar:1.9.13:test - omitted for duplicate)
|  +- com.google.code.findbugs:jsr305:jar:3.0.0:test
|  +- com.google.guava:guava:jar:21.0:test
|  +- (com.fasterxml.jackson.core:jackson-databind:jar:2.5.1:test - omitted for conflict with 2.9.0.pr3)
|  +- org.apache.commons:commons-collections4:jar:4.0:test
|  +- org.apache.commons:commons-lang3:jar:3.4:test
|  +- (commons-codec:commons-codec:jar:1.10:compile - scope updated from test; omitted for duplicate)
|  +- org.springframework:spring-context:jar:4.2.0.RELEASE:test
|  |  +- org.springframework:spring-aop:jar:4.2.0.RELEASE:test
|  |  |  +- aopalliance:aopalliance:jar:1.0:test
|  |  |  +- (org.springframework:spring-beans:jar:4.2.0.RELEASE:test - omitted for duplicate)
|  |  |  \- (org.springframework:spring-core:jar:4.2.0.RELEASE:test - omitted for duplicate)
|  |  +- org.springframework:spring-beans:jar:4.2.0.RELEASE:test
|  |  |  \- (org.springframework:spring-core:jar:4.2.0.RELEASE:test - omitted for duplicate)
|  |  +- org.springframework:spring-core:jar:4.2.0.RELEASE:test
|  |  |  \- (commons-logging:commons-logging:jar:1.2:test - omitted for duplicate)
|  |  \- org.springframework:spring-expression:jar:4.2.0.RELEASE:test
|  |     \- (org.springframework:spring-core:jar:4.2.0.RELEASE:test - omitted for duplicate)
|  +- org.springframework:spring-tx:jar:4.2.0.RELEASE:test
|  |  +- (org.springframework:spring-beans:jar:4.2.0.RELEASE:test - omitted for duplicate)
|  |  \- (org.springframework:spring-core:jar:4.2.0.RELEASE:test - omitted for duplicate)
|  +- org.springframework:spring-orm:jar:4.2.0.RELEASE:test
|  |  +- (org.springframework:spring-beans:jar:4.2.0.RELEASE:test - omitted for duplicate)
|  |  +- (org.springframework:spring-core:jar:4.2.0.RELEASE:test - omitted for duplicate)
|  |  +- org.springframework:spring-jdbc:jar:4.2.0.RELEASE:test
|  |  |  +- (org.springframework:spring-beans:jar:4.2.0.RELEASE:test - omitted for duplicate)
|  |  |  +- (org.springframework:spring-core:jar:4.2.0.RELEASE:test - omitted for duplicate)
|  |  |  \- (org.springframework:spring-tx:jar:4.2.0.RELEASE:test - omitted for duplicate)
|  |  \- (org.springframework:spring-tx:jar:4.2.0.RELEASE:test - omitted for duplicate)
|  +- com.typesafe:config:jar:1.3.1:test
|  +- com.googlecode.concurrent-locks:concurrent-locks:jar:1.0.0:test
|  \- (com.googlecode.json-simple:json-simple:jar:1.1.1:test - omitted for duplicate)
+- org.scala-lang:scala-library:jar:2.12.2:test
+- org.scalatest:scalatest_2.12:jar:3.2.0-SNAP6:test
|  +- (org.scala-lang:scala-library:jar:2.12.1:test - omitted for conflict with 2.12.2)
|  +- org.scalactic:scalactic_2.12:jar:3.2.0-SNAP6:test
|  |  +- (org.scala-lang:scala-library:jar:2.12.1:test - omitted for conflict with 2.12.2)
|  |  \- (org.scala-lang:scala-reflect:jar:2.12.1:test - omitted for duplicate)
|  +- org.scala-lang:scala-reflect:jar:2.12.1:test
|  |  \- (org.scala-lang:scala-library:jar:2.12.1:test - omitted for conflict with 2.12.2)
|  +- org.scala-lang.modules:scala-xml_2.12:jar:1.0.5:test
|  |  \- (org.scala-lang:scala-library:jar:2.12.0:test - omitted for conflict with 2.12.2)
|  \- org.scala-lang.modules:scala-parser-combinators_2.12:jar:1.0.4:test
|     \- (org.scala-lang:scala-library:jar:2.12.0:test - omitted for conflict with 2.12.2)
+- org.scalacheck:scalacheck_2.12:jar:1.13.5:test
|  +- (org.scala-lang:scala-library:jar:2.12.0:test - omitted for conflict with 2.12.2)
|  \- org.scala-sbt:test-interface:jar:1.0:test
\- org.scala-lang.modules:scala-java8-compat_2.12:jar:0.8.0:test
   \- (org.scala-lang:scala-library:jar:2.12.0:test - omitted for conflict with 2.12.2)

