WARNING: Your kernel does not support swap limit capabilities or the cgroup is not mounted. Memory limited without swap.
halo:halo-query:jar:2.19.3
+- com.mchange:c3p0:jar:0.9.5.2:compile
|  \- com.mchange:mchange-commons-java:jar:0.2.11:compile
+- org.springframework:spring-beans:jar:4.0.6.RELEASE:compile
|  \- (org.springframework:spring-core:jar:4.0.6.RELEASE:compile - omitted for duplicate)
+- org.springframework:spring-context:jar:4.0.6.RELEASE:compile
|  +- (org.springframework:spring-aop:jar:4.0.6.RELEASE:compile - omitted for duplicate)
|  +- (org.springframework:spring-beans:jar:4.0.6.RELEASE:compile - omitted for duplicate)
|  +- (org.springframework:spring-core:jar:4.0.6.RELEASE:compile - omitted for duplicate)
|  \- org.springframework:spring-expression:jar:4.0.6.RELEASE:compile
|     \- (org.springframework:spring-core:jar:4.0.6.RELEASE:compile - omitted for duplicate)
+- org.springframework:spring-context-support:jar:4.0.6.RELEASE:compile
|  +- (org.springframework:spring-beans:jar:4.0.6.RELEASE:compile - omitted for duplicate)
|  +- (org.springframework:spring-context:jar:4.0.6.RELEASE:compile - omitted for duplicate)
|  \- (org.springframework:spring-core:jar:4.0.6.RELEASE:compile - omitted for duplicate)
+- org.springframework:spring-core:jar:4.0.6.RELEASE:compile
|  \- (commons-logging:commons-logging:jar:1.1.3:compile - omitted for duplicate)
+- org.springframework:spring-aop:jar:4.0.6.RELEASE:compile
|  +- aopalliance:aopalliance:jar:1.0:compile
|  +- (org.springframework:spring-beans:jar:4.0.6.RELEASE:compile - omitted for duplicate)
|  \- (org.springframework:spring-core:jar:4.0.6.RELEASE:compile - omitted for duplicate)
+- org.springframework:spring-jdbc:jar:4.0.6.RELEASE:compile
|  +- (org.springframework:spring-beans:jar:4.0.6.RELEASE:compile - omitted for duplicate)
|  +- (org.springframework:spring-core:jar:4.0.6.RELEASE:compile - omitted for duplicate)
|  \- (org.springframework:spring-tx:jar:4.0.6.RELEASE:compile - omitted for duplicate)
+- org.springframework:spring-test:jar:4.0.6.RELEASE:compile
|  \- (org.springframework:spring-core:jar:4.0.6.RELEASE:compile - omitted for duplicate)
+- org.springframework:spring-tx:jar:4.0.6.RELEASE:compile
|  +- (org.springframework:spring-beans:jar:4.0.6.RELEASE:compile - omitted for duplicate)
|  \- (org.springframework:spring-core:jar:4.0.6.RELEASE:compile - omitted for duplicate)
+- commons-logging:commons-logging:jar:1.1.3:compile
+- log4j:log4j:jar:1.2.17:compile
+- cglib:cglib-nodep:jar:2.2:compile
+- org.aspectj:aspectjweaver:jar:1.6.8:compile
+- org.javassist:javassist:jar:3.20.0-GA:compile
+- junit:junit:jar:4.11:compile
|  \- org.hamcrest:hamcrest-core:jar:1.3:compile
+- org.slf4j:slf4j-log4j12:jar:1.5.8:compile
|  +- org.slf4j:slf4j-api:jar:1.5.8:compile
|  \- (log4j:log4j:jar:1.2.14:compile - omitted for conflict with 1.2.17)
+- javax.servlet:servlet-api:jar:2.5:provided
+- mysql:mysql-connector-java:jar:5.1.31:compile
+- org.codehaus.jackson:jackson-mapper-asl:jar:1.9.11:compile
|  \- (org.codehaus.jackson:jackson-core-asl:jar:1.9.11:compile - omitted for duplicate)
\- org.codehaus.jackson:jackson-core-asl:jar:1.9.11:compile

