WARNING: Your kernel does not support swap limit capabilities or the cgroup is not mounted. Memory limited without swap.
halo:halo-query:jar:4.0.0
+- com.mchange:c3p0:jar:0.9.5.2:provided
|  \- com.mchange:mchange-commons-java:jar:0.2.11:provided
+- org.springframework:spring-beans:jar:4.3.12.RELEASE:provided
|  \- (org.springframework:spring-core:jar:4.3.12.RELEASE:provided - omitted for duplicate)
+- org.springframework:spring-context:jar:4.3.12.RELEASE:provided
|  +- (org.springframework:spring-aop:jar:4.3.12.RELEASE:provided - omitted for duplicate)
|  +- (org.springframework:spring-beans:jar:4.3.12.RELEASE:provided - omitted for duplicate)
|  +- (org.springframework:spring-core:jar:4.3.12.RELEASE:provided - omitted for duplicate)
|  \- org.springframework:spring-expression:jar:4.3.12.RELEASE:provided
|     \- (org.springframework:spring-core:jar:4.3.12.RELEASE:provided - omitted for duplicate)
+- org.springframework:spring-context-support:jar:4.3.12.RELEASE:provided
|  +- (org.springframework:spring-beans:jar:4.3.12.RELEASE:provided - omitted for duplicate)
|  +- (org.springframework:spring-context:jar:4.3.12.RELEASE:provided - omitted for duplicate)
|  \- (org.springframework:spring-core:jar:4.3.12.RELEASE:provided - omitted for duplicate)
+- org.springframework:spring-core:jar:4.3.12.RELEASE:provided
+- org.springframework:spring-aop:jar:4.3.12.RELEASE:provided
|  +- (org.springframework:spring-beans:jar:4.3.12.RELEASE:provided - omitted for duplicate)
|  \- (org.springframework:spring-core:jar:4.3.12.RELEASE:provided - omitted for duplicate)
+- org.springframework:spring-jdbc:jar:4.3.12.RELEASE:provided
|  +- (org.springframework:spring-beans:jar:4.3.12.RELEASE:provided - omitted for duplicate)
|  +- (org.springframework:spring-core:jar:4.3.12.RELEASE:provided - omitted for duplicate)
|  \- (org.springframework:spring-tx:jar:4.3.12.RELEASE:provided - omitted for duplicate)
+- org.springframework:spring-test:jar:4.3.12.RELEASE:provided
|  \- (org.springframework:spring-core:jar:4.3.12.RELEASE:provided - omitted for duplicate)
+- org.springframework:spring-tx:jar:4.3.12.RELEASE:provided
|  +- (org.springframework:spring-beans:jar:4.3.12.RELEASE:provided - omitted for duplicate)
|  \- (org.springframework:spring-core:jar:4.3.12.RELEASE:provided - omitted for duplicate)
+- org.javassist:javassist:jar:3.22.0-GA:provided
+- junit:junit:jar:4.12:test
|  \- org.hamcrest:hamcrest-core:jar:1.3:test
+- javax.servlet:servlet-api:jar:2.5:provided
+- mysql:mysql-connector-java:jar:5.1.31:provided
+- com.fasterxml.jackson.core:jackson-core:jar:2.9.2:provided
+- com.fasterxml.jackson.core:jackson-annotations:jar:2.9.2:provided
+- com.fasterxml.jackson.core:jackson-databind:jar:2.9.2:provided
|  +- (com.fasterxml.jackson.core:jackson-annotations:jar:2.9.0:provided - omitted for conflict with 2.9.2)
|  \- (com.fasterxml.jackson.core:jackson-core:jar:2.9.2:provided - omitted for duplicate)
+- org.apache.logging.log4j:log4j-api:jar:2.9.1:provided
+- org.apache.logging.log4j:log4j-core:jar:2.9.1:provided
|  \- (org.apache.logging.log4j:log4j-api:jar:2.9.1:provided - omitted for duplicate)
+- org.apache.logging.log4j:log4j-slf4j-impl:jar:2.9.1:provided
|  +- (org.slf4j:slf4j-api:jar:1.7.25:provided - omitted for duplicate)
|  +- (org.apache.logging.log4j:log4j-api:jar:2.9.1:provided - omitted for duplicate)
|  \- (org.apache.logging.log4j:log4j-core:jar:2.9.1:provided - omitted for duplicate)
+- org.apache.logging.log4j:log4j-jcl:jar:2.9.1:provided
|  +- commons-logging:commons-logging:jar:1.2:provided
|  \- (org.apache.logging.log4j:log4j-api:jar:2.9.1:provided - omitted for duplicate)
\- org.slf4j:slf4j-api:jar:1.7.25:provided

