WARNING: Your kernel does not support swap limit capabilities or the cgroup is not mounted. Memory limited without swap.
error: unable to write file src/test/java/com/alibaba/json/bvt/bug/Bug_for_dragoon26.java
error: unable to write file src/test/java/com/alibaba/json/bvt/bug/Bug_for_dragoon26_1.java
error: unable to write file src/test/java/com/alibaba/json/bvt/bug/Bug_for_dubbo.java
error: unable to write file src/test/java/com/alibaba/json/bvt/bug/Bug_for_dubbo1.java
error: unable to write file src/test/java/com/alibaba/json/bvt/bug/Bug_for_dubbo2.java
error: unable to write file src/test/java/com/alibaba/json/bvt/bug/Bug_for_dubbo3.java
error: unable to write file src/test/java/com/alibaba/json/bvt/bug/Bug_for_dubbo_long.java
error: unable to write file src/test/java/com/alibaba/json/bvt/bug/Bug_for_field.java
error: unable to write file src/test/java/com/alibaba/json/bvt/bug/Bug_for_franklee77.java
error: unable to write file src/test/java/com/alibaba/json/bvt/bug/Bug_for_fushou.java
error: unable to write file src/test/java/com/alibaba/json/bvt/bug/Bug_for_generic.java
error: unable to write file src/test/java/com/alibaba/json/bvt/bug/Bug_for_generic_1.java
error: unable to write file src/test/java/com/alibaba/json/bvt/bug/Bug_for_generic_huansi.java
error: unable to write file src/test/java/com/alibaba/json/bvt/bug/Bug_for_gongwenhua.java
error: unable to write file src/test/java/com/alibaba/json/bvt/bug/Bug_for_hifor_issue_511.java
error: unable to write file src/test/java/com/alibaba/json/bvt/bug/Bug_for_hmy8.java
error: unable to write file src/test/java/com/alibaba/json/bvt/bug/Bug_for_huangchun.java
error: unable to write file src/test/java/com/alibaba/json/bvt/bug/Bug_for_huling.java
error: unable to write file src/test/java/com/alibaba/json/bvt/bug/Bug_for_issue_184.java
error: unable to write file src/test/java/com/alibaba/json/bvt/bug/Bug_for_issue_229.java
error: unable to write file src/test/java/com/alibaba/json/bvt/bug/Bug_for_issue_232.java
error: unable to write file src/test/java/com/alibaba/json/bvt/bug/Bug_for_issue_236.java
error: unable to write file src/test/java/com/alibaba/json/bvt/bug/Bug_for_issue_242.java
error: unable to write file src/test/java/com/alibaba/json/bvt/bug/Bug_for_issue_252.java
error: unable to write file src/test/java/com/alibaba/json/bvt/bug/Bug_for_issue_253.java
error: unable to write file src/test/java/com/alibaba/json/bvt/bug/Bug_for_issue_265.java
error: unable to write file src/test/java/com/alibaba/json/bvt/bug/Bug_for_issue_269.java
error: unable to write file src/test/java/com/alibaba/json/bvt/bug/Bug_for_issue_273.java
error: unable to write file src/test/java/com/alibaba/json/bvt/bug/Bug_for_issue_280.java
error: unable to write file src/test/java/com/alibaba/json/bvt/bug/Bug_for_issue_283.java
error: unable to write file src/test/java/com/alibaba/json/bvt/bug/Bug_for_issue_285.java
error: unable to write file src/test/java/com/alibaba/json/bvt/bug/Bug_for_issue_291.java
error: unable to write file src/test/java/com/alibaba/json/bvt/bug/Bug_for_issue_296.java
error: unable to write file src/test/java/com/alibaba/json/bvt/bug/Bug_for_issue_297.java
error: unable to write file src/test/java/com/alibaba/json/bvt/bug/Bug_for_issue_304.java
error: unable to write file src/test/java/com/alibaba/json/bvt/bug/Bug_for_issue_316.java
error: unable to write file src/test/java/com/alibaba/json/bvt/bug/Bug_for_issue_318.java
error: unable to write file src/test/java/com/alibaba/json/bvt/bug/Bug_for_issue_320.java
error: unable to write file src/test/java/com/alibaba/json/bvt/bug/Bug_for_issue_330.java
error: unable to write file src/test/java/com/alibaba/json/bvt/bug/Bug_for_issue_331.java
error: unable to write file src/test/java/com/alibaba/json/bvt/bug/Bug_for_issue_336.java
error: unable to write file src/test/java/com/alibaba/json/bvt/bug/Bug_for_issue_349.java
error: unable to write file src/test/java/com/alibaba/json/bvt/bug/Bug_for_issue_352.java
error: unable to write file src/test/java/com/alibaba/json/bvt/bug/Bug_for_issue_364.java
error: unable to write file swrite /dev/stderr: no space left on device
