WARNING: Your kernel does not support swap limit capabilities or the cgroup is not mounted. Memory limited without swap.
Traceback (most recent call last):
  File "/home/jdbl/core/Debloat.py", line 80, in depClean
    output = subprocess.check_output(cmd, shell=True)
  File "/usr/lib/python3.7/subprocess.py", line 395, in check_output
    **kwargs).stdout
  File "/usr/lib/python3.7/subprocess.py", line 487, in run
    output=stdout, stderr=stderr)
subprocess.CalledProcessError: Command 'cd /tmp/tmpze3ndh8y/fastjson; mvn -gs /home/jdbl/core/../maven-proxy.xml se.kth.castor:depclean-maven-plugin:1.1.0:depclean -Dcreate.pom.debloated=true -Dcreate.result.json=true > /home/jdbl/results/alibaba_fastjson/56bd29caf26a4234d5f2ed6c3304725d30fa98df/depClean.log 2>&1' returned non-zero exit status 1.
[ERROR] Command 'cd /tmp/tmpze3ndh8y/fastjson; mvn -gs /home/jdbl/core/../maven-proxy.xml se.kth.castor:depclean-maven-plugin:1.1.0:depclean -Dcreate.pom.debloated=true -Dcreate.result.json=true > /home/jdbl/results/alibaba_fastjson/56bd29caf26a4234d5f2ed6c3304725d30fa98df/depClean.log 2>&1' returned non-zero exit status 1.
com.alibaba:fastjson:jar:1.1.24
+- javax.ws.rs:jsr311-api:jar:1.1.1:provided
+- org.springframework:spring-web:jar:3.0.0.RELEASE:provided
|  +- aopalliance:aopalliance:jar:1.0:provided
|  +- org.springframework:spring-beans:jar:3.0.0.RELEASE:provided
|  |  \- (org.springframework:spring-core:jar:3.0.0.RELEASE:provided - omitted for duplicate)
|  +- org.springframework:spring-context:jar:3.0.0.RELEASE:provided
|  |  +- (org.springframework:spring-beans:jar:3.0.0.RELEASE:provided - omitted for duplicate)
|  |  +- (org.springframework:spring-core:jar:3.0.0.RELEASE:provided - omitted for duplicate)
|  |  +- org.springframework:spring-expression:jar:3.0.0.RELEASE:provided
|  |  |  \- (org.springframework:spring-core:jar:3.0.0.RELEASE:provided - omitted for duplicate)
|  |  \- org.springframework:spring-asm:jar:3.0.0.RELEASE:provided
|  \- org.springframework:spring-core:jar:3.0.0.RELEASE:provided
|     +- (org.springframework:spring-asm:jar:3.0.0.RELEASE:provided - omitted for duplicate)
|     \- (commons-logging:commons-logging:jar:1.1.1:provided - omitted for duplicate)
+- com.fasterxml.jackson.core:jackson-databind:jar:2.0.4:test
|  +- com.fasterxml.jackson.core:jackson-annotations:jar:2.0.4:test
|  \- com.fasterxml.jackson.core:jackson-core:jar:2.0.4:test
+- org.codehaus.jackson:jackson-core-lgpl:jar:1.9.8:test
+- cglib:cglib-nodep:jar:2.2.2:test
+- org.codehaus.jackson:jackson-mapper-lgpl:jar:1.9.7:test
|  \- (org.codehaus.jackson:jackson-core-lgpl:jar:1.9.7:test - omitted for conflict with 1.9.8)
+- org.codehaus.jackson:jackson-jaxrs:jar:1.9.7:test
|  +- org.codehaus.jackson:jackson-core-asl:jar:1.9.7:test
|  \- org.codehaus.jackson:jackson-mapper-asl:jar:1.9.7:test
|     \- (org.codehaus.jackson:jackson-core-asl:jar:1.9.7:test - omitted for duplicate)
+- org.codehaus.jackson:jackson-smile:jar:1.9.7:test
|  \- (org.codehaus.jackson:jackson-core-asl:jar:1.9.7:test - omitted for duplicate)
+- commons-io:commons-io:jar:1.4:test
+- com.googlecode.json-simple:json-simple:jar:1.1:test
+- net.sf.json-lib:json-lib:jar:jdk15:2.4:test
|  +- commons-beanutils:commons-beanutils:jar:1.8.0:test
|  |  \- (commons-logging:commons-logging:jar:1.1.1:test - omitted for duplicate)
|  +- commons-collections:commons-collections:jar:3.2.1:test
|  +- commons-lang:commons-lang:jar:2.5:test
|  +- commons-logging:commons-logging:jar:1.1.1:test
|  \- net.sf.ezmorph:ezmorph:jar:1.0.6:test
|     \- (commons-lang:commons-lang:jar:2.3:test - omitted for conflict with 2.5)
+- xom:xom:jar:1.2.5:test
|  +- xml-apis:xml-apis:jar:1.3.03:test
|  +- xerces:xercesImpl:jar:2.8.0:test
|  |  \- (xml-apis:xml-apis:jar:1.3.03:test - omitted for duplicate)
|  \- xalan:xalan:jar:2.7.0:test
|     \- (xml-apis:xml-apis:jar:1.0.b2:test - omitted for conflict with 1.3.03)
+- junit:junit:jar:4.5:test
+- com.google.code.gson:gson:jar:1.6:test
+- net.minidev:json-smart:jar:1.0.6.3:test
+- org.clojure:clojure:jar:1.3.0:test
\- org.codehaus.groovy:groovy:jar:2.0.0:test
   +- antlr:antlr:jar:2.7.7:test
   +- org.ow2.asm:asm-tree:jar:4.0:test
   |  \- (org.ow2.asm:asm:jar:4.0:test - omitted for duplicate)
   +- org.ow2.asm:asm-commons:jar:4.0:test
   |  \- (org.ow2.asm:asm-tree:jar:4.0:test - omitted for duplicate)
   +- org.ow2.asm:asm:jar:4.0:test
   +- org.ow2.asm:asm-util:jar:4.0:test
   |  \- (org.ow2.asm:asm-tree:jar:4.0:test - omitted for duplicate)
   \- org.ow2.asm:asm-analysis:jar:4.0:test
      \- (org.ow2.asm:asm-tree:jar:4.0:test - omitted for duplicate)

