WARNING: Your kernel does not support swap limit capabilities or the cgroup is not mounted. Memory limited without swap.
com.alibaba:fastjson:jar:1.2.19
+- javax.servlet:javax.servlet-api:jar:3.1.0:provided
+- javax.ws.rs:javax.ws.rs-api:jar:2.0.1:provided
+- org.apache.cxf:cxf-rt-transports-http:jar:3.1.2:provided
|  \- org.apache.cxf:cxf-core:jar:3.1.2:provided
|     +- org.codehaus.woodstox:woodstox-core-asl:jar:4.4.1:provided
|     |  \- org.codehaus.woodstox:stax2-api:jar:3.1.4:provided
|     \- org.apache.ws.xmlschema:xmlschema-core:jar:2.2.1:provided
+- org.apache.cxf:cxf-rt-frontend-jaxrs:jar:3.1.2:provided
|  +- (org.apache.cxf:cxf-core:jar:3.1.2:provided - omitted for duplicate)
|  +- (javax.ws.rs:javax.ws.rs-api:jar:2.0.1:provided - omitted for duplicate)
|  +- javax.annotation:javax.annotation-api:jar:1.2:provided
|  \- (org.apache.cxf:cxf-rt-transports-http:jar:3.1.2:provided - omitted for duplicate)
+- org.springframework:spring-websocket:jar:4.2.5.RELEASE:provided
|  +- org.springframework:spring-context:jar:4.2.5.RELEASE:provided
|  |  +- org.springframework:spring-aop:jar:4.2.5.RELEASE:provided
|  |  |  +- aopalliance:aopalliance:jar:1.0:provided
|  |  |  +- (org.springframework:spring-beans:jar:4.2.5.RELEASE:provided - omitted for duplicate)
|  |  |  \- (org.springframework:spring-core:jar:4.2.5.RELEASE:provided - omitted for duplicate)
|  |  +- (org.springframework:spring-beans:jar:4.2.5.RELEASE:provided - omitted for duplicate)
|  |  +- (org.springframework:spring-core:jar:4.2.5.RELEASE:provided - omitted for duplicate)
|  |  \- (org.springframework:spring-expression:jar:4.2.5.RELEASE:provided - omitted for duplicate)
|  +- org.springframework:spring-core:jar:4.2.5.RELEASE:provided
|  |  \- (commons-logging:commons-logging:jar:1.2:provided - omitted for conflict with 1.1.1)
|  \- org.springframework:spring-web:jar:4.2.5.RELEASE:provided
|     +- (org.springframework:spring-aop:jar:4.2.5.RELEASE:provided - omitted for duplicate)
|     +- (org.springframework:spring-beans:jar:4.2.5.RELEASE:provided - omitted for duplicate)
|     +- (org.springframework:spring-context:jar:4.2.5.RELEASE:provided - omitted for duplicate)
|     \- (org.springframework:spring-core:jar:4.2.5.RELEASE:provided - omitted for duplicate)
+- org.springframework:spring-webmvc:jar:4.2.5.RELEASE:provided
|  +- org.springframework:spring-beans:jar:4.2.5.RELEASE:provided
|  |  \- (org.springframework:spring-core:jar:4.2.5.RELEASE:provided - omitted for duplicate)
|  +- (org.springframework:spring-context:jar:4.2.5.RELEASE:provided - omitted for duplicate)
|  +- (org.springframework:spring-core:jar:4.2.5.RELEASE:provided - omitted for duplicate)
|  +- org.springframework:spring-expression:jar:4.2.5.RELEASE:provided
|  |  \- (org.springframework:spring-core:jar:4.2.5.RELEASE:provided - omitted for duplicate)
|  \- (org.springframework:spring-web:jar:4.2.5.RELEASE:provided - omitted for duplicate)
+- io.springfox:springfox-spring-web:jar:2.5.0:provided
|  +- com.google.guava:guava:jar:18.0:provided
|  +- com.fasterxml:classmate:jar:1.3.1:provided
|  +- org.slf4j:slf4j-api:jar:1.7.21:provided
|  +- org.springframework.plugin:spring-plugin-core:jar:1.2.0.RELEASE:provided
|  |  +- (org.springframework:spring-beans:jar:4.0.9.RELEASE:provided - omitted for conflict with 4.2.5.RELEASE)
|  |  +- (org.springframework:spring-context:jar:4.0.9.RELEASE:provided - omitted for conflict with 4.2.5.RELEASE)
|  |  +- (org.springframework:spring-aop:jar:4.0.9.RELEASE:provided - omitted for conflict with 4.2.5.RELEASE)
|  |  \- (org.slf4j:slf4j-api:jar:1.7.10:provided - omitted for conflict with 1.7.21)
|  +- org.springframework.plugin:spring-plugin-metadata:jar:1.2.0.RELEASE:provided
|  |  +- (org.springframework.plugin:spring-plugin-core:jar:1.2.0.RELEASE:provided - omitted for duplicate)
|  |  \- (org.slf4j:slf4j-api:jar:1.7.10:provided - omitted for conflict with 1.7.21)
|  \- io.springfox:springfox-spi:jar:2.5.0:provided
|     \- io.springfox:springfox-core:jar:2.5.0:provided
|        +- (com.google.guava:guava:jar:18.0:provided - omitted for duplicate)
|        +- (com.fasterxml:classmate:jar:1.3.1:provided - omitted for duplicate)
|        +- (org.slf4j:slf4j-api:jar:1.7.21:provided - omitted for duplicate)
|        +- (org.springframework.plugin:spring-plugin-core:jar:1.2.0.RELEASE:provided - omitted for duplicate)
|        \- (org.springframework.plugin:spring-plugin-metadata:jar:1.2.0.RELEASE:provided - omitted for duplicate)
+- org.eclipse.jetty:jetty-server:jar:8.1.8.v20121106:test
|  +- org.eclipse.jetty.orbit:javax.servlet:jar:3.0.0.v201112011016:test
|  +- org.eclipse.jetty:jetty-continuation:jar:8.1.8.v20121106:test
|  \- org.eclipse.jetty:jetty-http:jar:8.1.8.v20121106:test
|     \- org.eclipse.jetty:jetty-io:jar:8.1.8.v20121106:test
|        \- (org.eclipse.jetty:jetty-util:jar:8.1.8.v20121106:test - omitted for duplicate)
+- org.eclipse.jetty:jetty-webapp:jar:8.1.8.v20121106:test
|  +- org.eclipse.jetty:jetty-xml:jar:8.1.8.v20121106:test
|  |  \- org.eclipse.jetty:jetty-util:jar:8.1.8.v20121106:test
|  \- org.eclipse.jetty:jetty-servlet:jar:8.1.8.v20121106:test
|     \- org.eclipse.jetty:jetty-security:jar:8.1.8.v20121106:test
|        \- (org.eclipse.jetty:jetty-server:jar:8.1.8.v20121106:test - omitted for duplicate)
+- junit:junit:jar:4.11:test
|  \- org.hamcrest:hamcrest-core:jar:1.3:test
+- com.fasterxml.jackson.core:jackson-databind:jar:2.7.3:test
|  +- com.fasterxml.jackson.core:jackson-annotations:jar:2.7.0:test
|  \- com.fasterxml.jackson.core:jackson-core:jar:2.7.3:test
+- com.fasterxml.jackson.module:jackson-module-afterburner:jar:2.7.3:test
|  +- (com.fasterxml.jackson.core:jackson-core:jar:2.7.3:test - omitted for duplicate)
|  \- (com.fasterxml.jackson.core:jackson-databind:jar:2.7.3:test - omitted for duplicate)
+- cglib:cglib-nodep:jar:2.2.2:test
+- com.fasterxml.jackson.jaxrs:jackson-jaxrs-json-provider:jar:2.7.3:test
|  +- com.fasterxml.jackson.jaxrs:jackson-jaxrs-base:jar:2.7.3:test
|  |  +- (com.fasterxml.jackson.core:jackson-core:jar:2.7.3:test - omitted for duplicate)
|  |  \- (com.fasterxml.jackson.core:jackson-databind:jar:2.7.3:test - omitted for duplicate)
|  +- (com.fasterxml.jackson.core:jackson-core:jar:2.7.3:test - omitted for duplicate)
|  +- (com.fasterxml.jackson.core:jackson-databind:jar:2.7.3:test - omitted for duplicate)
|  \- com.fasterxml.jackson.module:jackson-module-jaxb-annotations:jar:2.7.3:test
|     +- (com.fasterxml.jackson.core:jackson-core:jar:2.7.3:test - omitted for duplicate)
|     +- (com.fasterxml.jackson.core:jackson-annotations:jar:2.7.0:test - omitted for duplicate)
|     \- (com.fasterxml.jackson.core:jackson-databind:jar:2.7.3:test - omitted for duplicate)
+- com.googlecode.json-simple:json-simple:jar:1.1.1:test
|  \- (junit:junit:jar:4.10:test - omitted for conflict with 4.11)
+- commons-io:commons-io:jar:1.4:test
+- net.sf.json-lib:json-lib:jar:jdk15:2.4:test
|  +- commons-beanutils:commons-beanutils:jar:1.8.0:test
|  |  \- (commons-logging:commons-logging:jar:1.1.1:test - omitted for conflict with 1.2)
|  +- commons-collections:commons-collections:jar:3.2.1:test
|  +- commons-lang:commons-lang:jar:2.5:test
|  +- commons-logging:commons-logging:jar:1.1.1:test
|  \- net.sf.ezmorph:ezmorph:jar:1.0.6:test
|     \- (commons-lang:commons-lang:jar:2.3:test - omitted for conflict with 2.5)
+- com.google.code.gson:gson:jar:2.6.2:test
+- net.minidev:json-smart:jar:2.2.1:test
|  \- net.minidev:accessors-smart:jar:1.1:test
|     \- (org.ow2.asm:asm:jar:5.0.3:test - omitted for conflict with 4.0)
+- com.owlike:genson:jar:1.4:test
+- com.owlike:genson-scala_2.11:jar:1.4:test
|  +- (com.owlike:genson:jar:1.4:test - omitted for duplicate)
|  \- org.scala-lang:scala-reflect:jar:2.11.0:test
|     \- org.scala-lang:scala-library:jar:2.11.0:test
+- org.clojure:clojure:jar:1.5.1:test
+- org.codehaus.groovy:groovy:jar:2.1.5:test
|  +- antlr:antlr:jar:2.7.7:test
|  +- org.ow2.asm:asm-tree:jar:4.0:test
|  |  \- (org.ow2.asm:asm:jar:4.0:test - omitted for conflict with 5.0.3)
|  +- org.ow2.asm:asm-commons:jar:4.0:test
|  |  \- (org.ow2.asm:asm-tree:jar:4.0:test - omitted for duplicate)
|  +- org.ow2.asm:asm:jar:4.0:test
|  +- org.ow2.asm:asm-util:jar:4.0:test
|  |  \- (org.ow2.asm:asm-tree:jar:4.0:test - omitted for duplicate)
|  \- org.ow2.asm:asm-analysis:jar:4.0:test
|     \- (org.ow2.asm:asm-tree:jar:4.0:test - omitted for duplicate)
+- org.springframework:spring-test:jar:4.2.5.RELEASE:test
|  \- (org.springframework:spring-core:jar:4.2.5.RELEASE:test - omitted for duplicate)
+- org.javassist:javassist:jar:3.18.0-GA:test
+- org.apache.cxf:cxf-rt-rs-client:jar:3.1.2:test
|  +- (org.apache.cxf:cxf-rt-transports-http:jar:3.1.2:test - omitted for duplicate)
|  +- (org.apache.cxf:cxf-core:jar:3.1.2:test - omitted for duplicate)
|  \- (org.apache.cxf:cxf-rt-frontend-jaxrs:jar:3.1.2:test - omitted for duplicate)
+- com.squareup.okhttp3:okhttp:jar:3.2.0:test
|  \- com.squareup.okio:okio:jar:1.6.0:test
\- org.springframework.data:spring-data-commons-core:jar:1.4.1.RELEASE:test
   +- (org.springframework:spring-core:jar:3.1.2.RELEASE:test - omitted for conflict with 4.2.5.RELEASE)
   \- (org.springframework:spring-beans:jar:3.1.2.RELEASE:test - omitted for conflict with 4.2.5.RELEASE)

