WARNING: Your kernel does not support swap limit capabilities or the cgroup is not mounted. Memory limited without swap.
Traceback (most recent call last):
  File "/home/jdbl/core/Debloat.py", line 80, in depClean
    output = subprocess.check_output(cmd, shell=True)
  File "/usr/lib/python3.7/subprocess.py", line 395, in check_output
    **kwargs).stdout
  File "/usr/lib/python3.7/subprocess.py", line 487, in run
    output=stdout, stderr=stderr)
subprocess.CalledProcessError: Command 'cd /tmp/tmpcvuqncby/fastjson; mvn -gs /home/jdbl/core/../maven-proxy.xml se.kth.castor:depclean-maven-plugin:1.1.0:depclean -Dcreate.pom.debloated=true -Dcreate.result.json=true > /home/jdbl/results/alibaba_fastjson/3d7490a2ff57384df00f4d0088c6ba18c28144e7/depClean.log 2>&1' returned non-zero exit status 1.
[ERROR] Command 'cd /tmp/tmpcvuqncby/fastjson; mvn -gs /home/jdbl/core/../maven-proxy.xml se.kth.castor:depclean-maven-plugin:1.1.0:depclean -Dcreate.pom.debloated=true -Dcreate.result.json=true > /home/jdbl/results/alibaba_fastjson/3d7490a2ff57384df00f4d0088c6ba18c28144e7/depClean.log 2>&1' returned non-zero exit status 1.
com.alibaba:fastjson:jar:1.1.5
+- org.codehaus.jackson:jackson-core-lgpl:jar:1.8.1:test
+- org.codehaus.jackson:jackson-mapper-lgpl:jar:1.8.1:test
|  \- (org.codehaus.jackson:jackson-core-lgpl:jar:1.8.1:test - omitted for duplicate)
+- org.codehaus.jackson:jackson-jaxrs:jar:1.8.1:test
|  +- org.codehaus.jackson:jackson-core-asl:jar:1.8.1:test
|  \- org.codehaus.jackson:jackson-mapper-asl:jar:1.8.1:test
|     \- (org.codehaus.jackson:jackson-core-asl:jar:1.8.1:test - omitted for duplicate)
+- org.codehaus.jackson:jackson-smile:jar:1.8.1:test
|  \- (org.codehaus.jackson:jackson-core-asl:jar:1.8.1:test - omitted for duplicate)
+- commons-io:commons-io:jar:1.4:test
+- com.googlecode.json-simple:json-simple:jar:1.1:test
+- net.sf.json-lib:json-lib:jar:jdk15:2.4:test
|  +- commons-beanutils:commons-beanutils:jar:1.8.0:test
|  |  \- (commons-logging:commons-logging:jar:1.1.1:test - omitted for duplicate)
|  +- commons-collections:commons-collections:jar:3.2.1:test
|  +- commons-lang:commons-lang:jar:2.5:test
|  +- commons-logging:commons-logging:jar:1.1.1:test
|  \- net.sf.ezmorph:ezmorph:jar:1.0.6:test
|     \- (commons-lang:commons-lang:jar:2.3:test - omitted for conflict with 2.5)
+- junit:junit:jar:4.5:test
+- com.google.code.gson:gson:jar:1.6:test
\- net.minidev:json-smart:jar:1.0.6.3:test

