WARNING: Your kernel does not support swap limit capabilities or the cgroup is not mounted. Memory limited without swap.
com.github.alikelleci:easysourcing:jar:1.0.4
+- org.apache.kafka:kafka-clients:jar:2.6.0:compile
|  +- com.github.luben:zstd-jni:jar:1.4.4-7:compile
|  +- org.lz4:lz4-java:jar:1.7.1:compile
|  +- org.xerial.snappy:snappy-java:jar:1.1.7.3:compile
|  \- org.slf4j:slf4j-api:jar:1.7.30:compile
+- org.apache.kafka:kafka-streams:jar:2.6.0:compile
|  +- (org.apache.kafka:kafka-clients:jar:2.6.0:compile - omitted for duplicate)
|  +- org.apache.kafka:connect-json:jar:2.6.0:compile
|  |  +- org.apache.kafka:connect-api:jar:2.6.0:compile
|  |  |  +- (org.apache.kafka:kafka-clients:jar:2.6.0:compile - omitted for duplicate)
|  |  |  \- (org.slf4j:slf4j-api:jar:1.7.30:compile - omitted for duplicate)
|  |  +- (com.fasterxml.jackson.core:jackson-databind:jar:2.10.2:compile - omitted for conflict with 2.11.3)
|  |  +- (com.fasterxml.jackson.datatype:jackson-datatype-jdk8:jar:2.10.2:compile - omitted for conflict with 2.11.3)
|  |  \- (org.slf4j:slf4j-api:jar:1.7.30:compile - omitted for duplicate)
|  +- (org.slf4j:slf4j-api:jar:1.7.30:compile - omitted for duplicate)
|  \- org.rocksdb:rocksdbjni:jar:5.18.4:compile
+- org.springframework.kafka:spring-kafka:jar:2.6.0:compile
|  +- org.springframework:spring-context:jar:5.2.8.RELEASE:compile
|  |  +- org.springframework:spring-aop:jar:5.2.8.RELEASE:compile
|  |  |  +- (org.springframework:spring-beans:jar:5.2.8.RELEASE:compile - omitted for duplicate)
|  |  |  \- (org.springframework:spring-core:jar:5.2.8.RELEASE:compile - omitted for duplicate)
|  |  +- org.springframework:spring-beans:jar:5.2.8.RELEASE:compile
|  |  |  \- (org.springframework:spring-core:jar:5.2.8.RELEASE:compile - omitted for duplicate)
|  |  +- org.springframework:spring-core:jar:5.2.8.RELEASE:compile
|  |  |  \- org.springframework:spring-jcl:jar:5.2.8.RELEASE:compile
|  |  \- org.springframework:spring-expression:jar:5.2.8.RELEASE:compile
|  |     \- (org.springframework:spring-core:jar:5.2.8.RELEASE:compile - omitted for duplicate)
|  +- org.springframework:spring-messaging:jar:5.2.8.RELEASE:compile
|  |  +- (org.springframework:spring-beans:jar:5.2.8.RELEASE:compile - omitted for duplicate)
|  |  \- (org.springframework:spring-core:jar:5.2.8.RELEASE:compile - omitted for duplicate)
|  +- org.springframework:spring-tx:jar:5.2.8.RELEASE:compile
|  |  +- (org.springframework:spring-beans:jar:5.2.8.RELEASE:compile - omitted for duplicate)
|  |  \- (org.springframework:spring-core:jar:5.2.8.RELEASE:compile - omitted for duplicate)
|  +- org.springframework.retry:spring-retry:jar:1.3.0:compile
|  |  \- javax.annotation:javax.annotation-api:jar:1.3.2:compile
|  \- (org.apache.kafka:kafka-clients:jar:2.6.0:compile - omitted for duplicate)
+- com.fasterxml.jackson.core:jackson-core:jar:2.11.3:compile
+- com.fasterxml.jackson.core:jackson-databind:jar:2.11.3:compile
|  +- (com.fasterxml.jackson.core:jackson-annotations:jar:2.11.3:compile - omitted for duplicate)
|  \- (com.fasterxml.jackson.core:jackson-core:jar:2.11.3:compile - omitted for duplicate)
+- com.fasterxml.jackson.core:jackson-annotations:jar:2.11.3:compile
+- com.fasterxml.jackson.module:jackson-module-parameter-names:jar:2.11.3:compile
|  +- (com.fasterxml.jackson.core:jackson-core:jar:2.11.3:compile - omitted for duplicate)
|  \- (com.fasterxml.jackson.core:jackson-databind:jar:2.11.3:compile - omitted for duplicate)
+- com.fasterxml.jackson.datatype:jackson-datatype-jdk8:jar:2.11.3:compile
|  +- (com.fasterxml.jackson.core:jackson-core:jar:2.11.3:compile - omitted for duplicate)
|  \- (com.fasterxml.jackson.core:jackson-databind:jar:2.11.3:compile - omitted for duplicate)
+- com.fasterxml.jackson.datatype:jackson-datatype-jsr310:jar:2.11.3:compile
|  +- (com.fasterxml.jackson.core:jackson-annotations:jar:2.11.3:compile - omitted for duplicate)
|  +- (com.fasterxml.jackson.core:jackson-core:jar:2.11.3:compile - omitted for duplicate)
|  \- (com.fasterxml.jackson.core:jackson-databind:jar:2.11.3:compile - omitted for duplicate)
+- org.projectlombok:lombok:jar:1.18.12:provided
+- org.apache.commons:commons-lang3:jar:3.11:compile
+- org.apache.commons:commons-collections4:jar:4.4:compile
+- net.jodah:failsafe:jar:2.4.0:compile
+- org.hibernate.validator:hibernate-validator:jar:6.1.5.Final:compile
|  +- jakarta.validation:jakarta.validation-api:jar:2.0.2:compile
|  +- org.jboss.logging:jboss-logging:jar:3.3.2.Final:compile
|  \- com.fasterxml:classmate:jar:1.3.4:compile
+- org.hibernate.validator:hibernate-validator-annotation-processor:jar:6.1.5.Final:compile
+- javax.el:javax.el-api:jar:3.0.0:compile
\- org.glassfish.web:javax.el:jar:2.2.6:compile
   \- (javax.el:javax.el-api:jar:2.2.5:compile - omitted for conflict with 3.0.0)

