WARNING: Your kernel does not support swap limit capabilities or the cgroup is not mounted. Memory limited without swap.
com.github.alikelleci:easysourcing:jar:0.1.2
+- org.springframework.boot:spring-boot-starter-web:jar:2.2.0.RELEASE:compile
|  +- org.springframework.boot:spring-boot-starter:jar:2.2.0.RELEASE:compile
|  |  +- org.springframework.boot:spring-boot:jar:2.2.0.RELEASE:compile
|  |  +- org.springframework.boot:spring-boot-autoconfigure:jar:2.2.0.RELEASE:compile
|  |  +- org.springframework.boot:spring-boot-starter-logging:jar:2.2.0.RELEASE:compile
|  |  |  +- ch.qos.logback:logback-classic:jar:1.2.3:compile
|  |  |  |  \- ch.qos.logback:logback-core:jar:1.2.3:compile
|  |  |  +- org.apache.logging.log4j:log4j-to-slf4j:jar:2.12.1:compile
|  |  |  |  \- org.apache.logging.log4j:log4j-api:jar:2.12.1:compile
|  |  |  \- org.slf4j:jul-to-slf4j:jar:1.7.28:compile
|  |  +- jakarta.annotation:jakarta.annotation-api:jar:1.3.5:compile
|  |  \- org.yaml:snakeyaml:jar:1.25:runtime
|  +- org.springframework.boot:spring-boot-starter-json:jar:2.2.0.RELEASE:compile
|  |  +- com.fasterxml.jackson.core:jackson-databind:jar:2.10.0:compile
|  |  |  +- com.fasterxml.jackson.core:jackson-annotations:jar:2.10.0:compile
|  |  |  \- com.fasterxml.jackson.core:jackson-core:jar:2.10.0:compile
|  |  +- com.fasterxml.jackson.datatype:jackson-datatype-jdk8:jar:2.10.0:compile
|  |  +- com.fasterxml.jackson.datatype:jackson-datatype-jsr310:jar:2.10.0:compile
|  |  \- com.fasterxml.jackson.module:jackson-module-parameter-names:jar:2.10.0:compile
|  +- org.springframework.boot:spring-boot-starter-tomcat:jar:2.2.0.RELEASE:compile
|  |  +- org.apache.tomcat.embed:tomcat-embed-core:jar:9.0.27:compile
|  |  +- org.apache.tomcat.embed:tomcat-embed-el:jar:9.0.27:compile
|  |  \- org.apache.tomcat.embed:tomcat-embed-websocket:jar:9.0.27:compile
|  +- org.springframework.boot:spring-boot-starter-validation:jar:2.2.0.RELEASE:compile
|  |  +- jakarta.validation:jakarta.validation-api:jar:2.0.1:compile
|  |  \- org.hibernate.validator:hibernate-validator:jar:6.0.17.Final:compile
|  |     +- org.jboss.logging:jboss-logging:jar:3.4.1.Final:compile
|  |     \- com.fasterxml:classmate:jar:1.5.0:compile
|  +- org.springframework:spring-web:jar:5.2.0.RELEASE:compile
|  |  \- org.springframework:spring-beans:jar:5.2.0.RELEASE:compile
|  \- org.springframework:spring-webmvc:jar:5.2.0.RELEASE:compile
|     +- org.springframework:spring-aop:jar:5.2.0.RELEASE:compile
|     \- org.springframework:spring-expression:jar:5.2.0.RELEASE:compile
+- org.apache.kafka:kafka-streams:jar:2.3.0:compile
|  +- org.apache.kafka:kafka-clients:jar:2.3.0:compile
|  |  +- com.github.luben:zstd-jni:jar:1.4.0-1:compile
|  |  +- org.lz4:lz4-java:jar:1.6.0:compile
|  |  \- org.xerial.snappy:snappy-java:jar:1.1.7.3:compile
|  +- org.apache.kafka:connect-json:jar:2.3.0:compile
|  |  \- org.apache.kafka:connect-api:jar:2.3.0:compile
|  +- org.slf4j:slf4j-api:jar:1.7.28:compile
|  \- org.rocksdb:rocksdbjni:jar:5.18.3:compile
+- org.springframework.kafka:spring-kafka:jar:2.3.1.RELEASE:compile
|  +- org.springframework.retry:spring-retry:jar:1.2.4.RELEASE:compile
|  +- org.springframework:spring-context:jar:5.2.0.RELEASE:compile
|  +- org.springframework:spring-messaging:jar:5.2.0.RELEASE:compile
|  \- org.springframework:spring-tx:jar:5.2.0.RELEASE:compile
+- org.projectlombok:lombok:jar:1.18.10:compile (optional) 
+- org.springframework.boot:spring-boot-starter-test:jar:2.2.0.RELEASE:test
|  +- org.springframework.boot:spring-boot-test:jar:2.2.0.RELEASE:test
|  +- org.springframework.boot:spring-boot-test-autoconfigure:jar:2.2.0.RELEASE:test
|  +- com.jayway.jsonpath:json-path:jar:2.4.0:test
|  |  \- net.minidev:json-smart:jar:2.3:test
|  |     \- net.minidev:accessors-smart:jar:1.2:test
|  |        \- org.ow2.asm:asm:jar:5.0.4:test
|  +- jakarta.xml.bind:jakarta.xml.bind-api:jar:2.3.2:test
|  |  \- jakarta.activation:jakarta.activation-api:jar:1.2.1:test
|  +- org.junit.jupiter:junit-jupiter:jar:5.5.2:test
|  |  +- org.junit.jupiter:junit-jupiter-params:jar:5.5.2:test
|  |  \- org.junit.jupiter:junit-jupiter-engine:jar:5.5.2:test
|  +- org.junit.vintage:junit-vintage-engine:jar:5.5.2:test
|  |  +- org.apiguardian:apiguardian-api:jar:1.1.0:test
|  |  +- org.junit.platform:junit-platform-engine:jar:1.5.2:test
|  |  \- junit:junit:jar:4.12:test
|  +- org.mockito:mockito-junit-jupiter:jar:3.1.0:test
|  +- org.assertj:assertj-core:jar:3.13.2:test
|  +- org.hamcrest:hamcrest:jar:2.1:test
|  +- org.mockito:mockito-core:jar:3.1.0:test
|  |  +- net.bytebuddy:byte-buddy:jar:1.10.1:test
|  |  +- net.bytebuddy:byte-buddy-agent:jar:1.10.1:test
|  |  \- org.objenesis:objenesis:jar:2.6:test
|  +- org.skyscreamer:jsonassert:jar:1.5.0:test
|  |  \- com.vaadin.external.google:android-json:jar:0.0.20131108.vaadin1:test
|  +- org.springframework:spring-core:jar:5.2.0.RELEASE:compile
|  |  \- org.springframework:spring-jcl:jar:5.2.0.RELEASE:compile
|  +- org.springframework:spring-test:jar:5.2.0.RELEASE:test
|  \- org.xmlunit:xmlunit-core:jar:2.6.3:test
+- org.springframework.kafka:spring-kafka-test:jar:2.3.1.RELEASE:test
|  +- org.apache.kafka:kafka-clients:jar:test:2.3.0:test
|  +- org.apache.kafka:kafka-streams-test-utils:jar:2.3.0:test
|  +- org.apache.kafka:kafka_2.12:jar:2.3.0:test
|  |  +- com.fasterxml.jackson.module:jackson-module-scala_2.12:jar:2.10.0:test
|  |  |  \- com.fasterxml.jackson.module:jackson-module-paranamer:jar:2.10.0:test
|  |  |     \- com.thoughtworks.paranamer:paranamer:jar:2.8:test
|  |  +- com.fasterxml.jackson.dataformat:jackson-dataformat-csv:jar:2.10.0:test
|  |  +- net.sf.jopt-simple:jopt-simple:jar:5.0.4:test
|  |  +- com.yammer.metrics:metrics-core:jar:2.2.0:test
|  |  +- org.scala-lang:scala-library:jar:2.12.8:test
|  |  +- org.scala-lang:scala-reflect:jar:2.12.8:test
|  |  +- com.typesafe.scala-logging:scala-logging_2.12:jar:3.9.0:test
|  |  +- com.101tec:zkclient:jar:0.11:test
|  |  \- org.apache.zookeeper:zookeeper:jar:3.4.14:test
|  |     +- com.github.spotbugs:spotbugs-annotations:jar:3.1.9:test
|  |     |  \- com.google.code.findbugs:jsr305:jar:3.0.2:test
|  |     \- org.apache.yetus:audience-annotations:jar:0.5.0:test
|  +- org.apache.kafka:kafka_2.12:jar:test:2.3.0:test
|  \- org.junit.jupiter:junit-jupiter-api:jar:5.5.2:test
|     +- org.opentest4j:opentest4j:jar:1.2.0:test
|     \- org.junit.platform:junit-platform-commons:jar:1.5.2:test
+- org.apache.commons:commons-lang3:jar:3.9:compile
+- org.apache.commons:commons-collections4:jar:4.4:compile
\- org.reflections:reflections:jar:0.9.11:compile
   +- com.google.guava:guava:jar:20.0:compile
   \- org.javassist:javassist:jar:3.21.0-GA:compile

