WARNING: Your kernel does not support swap limit capabilities or the cgroup is not mounted. Memory limited without swap.
com.github.alikelleci:easysourcing:jar:0.11.0
+- org.apache.kafka:kafka_2.13:jar:2.6.0:compile
|  +- (org.apache.kafka:kafka-clients:jar:2.6.0:compile - omitted for duplicate)
|  +- (com.fasterxml.jackson.core:jackson-databind:jar:2.10.2:compile - omitted for conflict with 2.11.3)
|  +- com.fasterxml.jackson.module:jackson-module-scala_2.13:jar:2.10.2:compile
|  |  +- (org.scala-lang:scala-library:jar:2.13.1:compile - omitted for conflict with 2.13.2)
|  |  +- (com.fasterxml.jackson.core:jackson-core:jar:2.10.2:compile - omitted for duplicate)
|  |  +- (com.fasterxml.jackson.core:jackson-annotations:jar:2.10.2:compile - omitted for duplicate)
|  |  +- (com.fasterxml.jackson.core:jackson-databind:jar:2.10.2:compile - omitted for duplicate)
|  |  \- com.fasterxml.jackson.module:jackson-module-paranamer:jar:2.10.2:compile
|  |     +- (com.fasterxml.jackson.core:jackson-databind:jar:2.10.2:compile - omitted for duplicate)
|  |     \- com.thoughtworks.paranamer:paranamer:jar:2.8:compile
|  +- com.fasterxml.jackson.dataformat:jackson-dataformat-csv:jar:2.10.2:compile
|  |  +- (com.fasterxml.jackson.core:jackson-databind:jar:2.10.2:compile - omitted for duplicate)
|  |  +- (com.fasterxml.jackson.core:jackson-annotations:jar:2.10.2:compile - omitted for duplicate)
|  |  \- (com.fasterxml.jackson.core:jackson-core:jar:2.10.2:compile - omitted for duplicate)
|  +- (com.fasterxml.jackson.datatype:jackson-datatype-jdk8:jar:2.10.2:compile - omitted for conflict with 2.11.3)
|  +- net.sf.jopt-simple:jopt-simple:jar:5.0.4:compile
|  +- com.yammer.metrics:metrics-core:jar:2.2.0:compile
|  |  \- (org.slf4j:slf4j-api:jar:1.7.2:compile - omitted for conflict with 1.7.30)
|  +- org.scala-lang.modules:scala-collection-compat_2.13:jar:2.1.6:compile
|  |  \- (org.scala-lang:scala-library:jar:2.13.1:compile - omitted for duplicate)
|  +- org.scala-lang.modules:scala-java8-compat_2.13:jar:0.9.1:compile
|  |  \- (org.scala-lang:scala-library:jar:2.13.0:compile - omitted for conflict with 2.13.1)
|  +- org.scala-lang:scala-library:jar:2.13.2:compile
|  +- org.scala-lang:scala-reflect:jar:2.13.2:compile
|  |  \- (org.scala-lang:scala-library:jar:2.13.2:compile - omitted for duplicate)
|  +- com.typesafe.scala-logging:scala-logging_2.13:jar:3.9.2:compile
|  |  +- (org.scala-lang:scala-library:jar:2.13.0:compile - omitted for conflict with 2.13.2)
|  |  +- (org.scala-lang:scala-reflect:jar:2.13.0:compile - omitted for conflict with 2.13.2)
|  |  \- (org.slf4j:slf4j-api:jar:1.7.26:compile - omitted for conflict with 1.7.30)
|  +- org.slf4j:slf4j-api:jar:1.7.30:compile
|  +- org.apache.zookeeper:zookeeper:jar:3.5.8:compile
|  |  +- org.apache.zookeeper:zookeeper-jute:jar:3.5.8:compile
|  |  |  \- (org.apache.yetus:audience-annotations:jar:0.5.0:compile - omitted for duplicate)
|  |  +- org.apache.yetus:audience-annotations:jar:0.5.0:compile
|  |  +- io.netty:netty-handler:jar:4.1.48.Final:compile
|  |  |  +- io.netty:netty-common:jar:4.1.48.Final:compile
|  |  |  +- io.netty:netty-resolver:jar:4.1.48.Final:compile
|  |  |  |  \- (io.netty:netty-common:jar:4.1.48.Final:compile - omitted for duplicate)
|  |  |  +- io.netty:netty-buffer:jar:4.1.48.Final:compile
|  |  |  |  \- (io.netty:netty-common:jar:4.1.48.Final:compile - omitted for duplicate)
|  |  |  +- io.netty:netty-transport:jar:4.1.48.Final:compile
|  |  |  |  +- (io.netty:netty-common:jar:4.1.48.Final:compile - omitted for duplicate)
|  |  |  |  +- (io.netty:netty-buffer:jar:4.1.48.Final:compile - omitted for duplicate)
|  |  |  |  \- (io.netty:netty-resolver:jar:4.1.48.Final:compile - omitted for duplicate)
|  |  |  \- io.netty:netty-codec:jar:4.1.48.Final:compile
|  |  |     +- (io.netty:netty-common:jar:4.1.48.Final:compile - omitted for duplicate)
|  |  |     +- (io.netty:netty-buffer:jar:4.1.48.Final:compile - omitted for duplicate)
|  |  |     \- (io.netty:netty-transport:jar:4.1.48.Final:compile - omitted for duplicate)
|  |  +- io.netty:netty-transport-native-epoll:jar:4.1.48.Final:compile
|  |  |  +- (io.netty:netty-common:jar:4.1.48.Final:compile - omitted for duplicate)
|  |  |  +- (io.netty:netty-buffer:jar:4.1.48.Final:compile - omitted for duplicate)
|  |  |  +- (io.netty:netty-transport:jar:4.1.48.Final:compile - omitted for duplicate)
|  |  |  \- io.netty:netty-transport-native-unix-common:jar:4.1.48.Final:compile
|  |  |     +- (io.netty:netty-common:jar:4.1.48.Final:compile - omitted for duplicate)
|  |  |     +- (io.netty:netty-buffer:jar:4.1.48.Final:compile - omitted for duplicate)
|  |  |     \- (io.netty:netty-transport:jar:4.1.48.Final:compile - omitted for duplicate)
|  |  \- (org.slf4j:slf4j-api:jar:1.7.25:compile - omitted for conflict with 1.7.30)
|  \- commons-cli:commons-cli:jar:1.4:compile
+- org.apache.kafka:kafka-streams:jar:2.6.0:compile
|  +- (org.apache.kafka:kafka-clients:jar:2.6.0:compile - omitted for duplicate)
|  +- org.apache.kafka:connect-json:jar:2.6.0:compile
|  |  +- org.apache.kafka:connect-api:jar:2.6.0:compile
|  |  |  +- (org.apache.kafka:kafka-clients:jar:2.6.0:compile - omitted for duplicate)
|  |  |  \- (org.slf4j:slf4j-api:jar:1.7.30:compile - omitted for duplicate)
|  |  +- (com.fasterxml.jackson.core:jackson-databind:jar:2.10.2:compile - omitted for duplicate)
|  |  +- (com.fasterxml.jackson.datatype:jackson-datatype-jdk8:jar:2.10.2:compile - omitted for duplicate)
|  |  \- (org.slf4j:slf4j-api:jar:1.7.30:compile - omitted for duplicate)
|  +- (org.slf4j:slf4j-api:jar:1.7.30:compile - omitted for duplicate)
|  \- org.rocksdb:rocksdbjni:jar:5.18.4:compile
+- org.apache.kafka:kafka-clients:jar:2.6.0:compile
|  +- com.github.luben:zstd-jni:jar:1.4.4-7:compile
|  +- org.lz4:lz4-java:jar:1.7.1:compile
|  +- org.xerial.snappy:snappy-java:jar:1.1.7.3:compile
|  \- (org.slf4j:slf4j-api:jar:1.7.30:compile - omitted for duplicate)
+- com.fasterxml.jackson.core:jackson-core:jar:2.11.3:compile
+- com.fasterxml.jackson.core:jackson-databind:jar:2.11.3:compile
|  +- (com.fasterxml.jackson.core:jackson-annotations:jar:2.11.3:compile - omitted for duplicate)
|  \- (com.fasterxml.jackson.core:jackson-core:jar:2.11.3:compile - omitted for duplicate)
+- com.fasterxml.jackson.core:jackson-annotations:jar:2.11.3:compile
+- com.fasterxml.jackson.module:jackson-module-parameter-names:jar:2.11.3:compile
|  +- (com.fasterxml.jackson.core:jackson-core:jar:2.11.3:compile - omitted for duplicate)
|  \- (com.fasterxml.jackson.core:jackson-databind:jar:2.11.3:compile - omitted for duplicate)
+- com.fasterxml.jackson.datatype:jackson-datatype-jdk8:jar:2.11.3:compile
|  +- (com.fasterxml.jackson.core:jackson-core:jar:2.11.3:compile - omitted for duplicate)
|  \- (com.fasterxml.jackson.core:jackson-databind:jar:2.11.3:compile - omitted for duplicate)
+- com.fasterxml.jackson.datatype:jackson-datatype-jsr310:jar:2.11.3:compile
|  +- (com.fasterxml.jackson.core:jackson-annotations:jar:2.11.3:compile - omitted for duplicate)
|  +- (com.fasterxml.jackson.core:jackson-core:jar:2.11.3:compile - omitted for duplicate)
|  \- (com.fasterxml.jackson.core:jackson-databind:jar:2.11.3:compile - omitted for duplicate)
+- org.projectlombok:lombok:jar:1.18.12:provided
+- org.springframework:spring-core:jar:5.3.1:compile
|  \- org.springframework:spring-jcl:jar:5.3.1:compile
+- org.apache.commons:commons-lang3:jar:3.11:compile
+- org.apache.commons:commons-collections4:jar:4.4:compile
+- net.jodah:failsafe:jar:2.4.0:compile
+- org.hibernate.validator:hibernate-validator:jar:6.1.5.Final:compile
|  +- jakarta.validation:jakarta.validation-api:jar:2.0.2:compile
|  +- org.jboss.logging:jboss-logging:jar:3.3.2.Final:compile
|  \- com.fasterxml:classmate:jar:1.3.4:compile
+- org.hibernate.validator:hibernate-validator-annotation-processor:jar:6.1.5.Final:compile
+- javax.el:javax.el-api:jar:3.0.0:compile
\- org.glassfish.web:javax.el:jar:2.2.6:compile
   \- (javax.el:javax.el-api:jar:2.2.5:compile - omitted for conflict with 3.0.0)

