WARNING: Your kernel does not support swap limit capabilities or the cgroup is not mounted. Memory limited without swap.
com.appdirect:service-integration-sdk:jar:1.19
+- org.springframework.boot:spring-boot-starter-actuator:jar:1.4.3.RELEASE:compile
|  +- org.springframework.boot:spring-boot-starter:jar:1.4.3.RELEASE:compile
|  |  +- org.springframework.boot:spring-boot:jar:1.4.3.RELEASE:compile
|  |  |  +- (org.springframework:spring-core:jar:4.3.5.RELEASE:compile - omitted for duplicate)
|  |  |  \- (org.springframework:spring-context:jar:4.3.5.RELEASE:compile - omitted for duplicate)
|  |  +- org.springframework.boot:spring-boot-autoconfigure:jar:1.4.3.RELEASE:compile
|  |  |  \- (org.springframework.boot:spring-boot:jar:1.4.3.RELEASE:compile - omitted for duplicate)
|  |  +- org.springframework.boot:spring-boot-starter-logging:jar:1.4.3.RELEASE:compile
|  |  |  +- ch.qos.logback:logback-classic:jar:1.1.8:compile
|  |  |  |  +- ch.qos.logback:logback-core:jar:1.1.8:compile
|  |  |  |  \- (org.slf4j:slf4j-api:jar:1.7.22:compile - version managed from 1.7.21; omitted for duplicate)
|  |  |  +- org.slf4j:jcl-over-slf4j:jar:1.7.22:compile
|  |  |  |  \- (org.slf4j:slf4j-api:jar:1.7.22:compile - version managed from 1.7.21; omitted for duplicate)
|  |  |  +- org.slf4j:jul-to-slf4j:jar:1.7.22:compile
|  |  |  |  \- (org.slf4j:slf4j-api:jar:1.7.22:compile - version managed from 1.7.21; omitted for duplicate)
|  |  |  \- org.slf4j:log4j-over-slf4j:jar:1.7.22:compile
|  |  |     \- (org.slf4j:slf4j-api:jar:1.7.22:compile - version managed from 1.7.21; omitted for duplicate)
|  |  +- (org.springframework:spring-core:jar:4.3.5.RELEASE:compile - version managed from 4.0.9.RELEASE; omitted for duplicate)
|  |  \- org.yaml:snakeyaml:jar:1.17:runtime
|  \- org.springframework.boot:spring-boot-actuator:jar:1.4.3.RELEASE:compile
|     +- (org.springframework.boot:spring-boot:jar:1.4.3.RELEASE:compile - omitted for duplicate)
|     +- (org.springframework.boot:spring-boot-autoconfigure:jar:1.4.3.RELEASE:compile - omitted for duplicate)
|     +- (com.fasterxml.jackson.core:jackson-databind:jar:2.8.5:compile - omitted for duplicate)
|     +- (org.springframework:spring-core:jar:4.3.5.RELEASE:compile - omitted for duplicate)
|     \- (org.springframework:spring-context:jar:4.3.5.RELEASE:compile - version managed from 4.0.9.RELEASE; omitted for duplicate)
+- org.springframework.boot:spring-boot-starter-web:jar:1.4.3.RELEASE:compile
|  +- (org.springframework.boot:spring-boot-starter:jar:1.4.3.RELEASE:compile - omitted for duplicate)
|  +- org.springframework.boot:spring-boot-starter-tomcat:jar:1.4.3.RELEASE:compile
|  |  +- org.apache.tomcat.embed:tomcat-embed-core:jar:8.5.6:compile
|  |  +- org.apache.tomcat.embed:tomcat-embed-el:jar:8.5.6:compile
|  |  \- org.apache.tomcat.embed:tomcat-embed-websocket:jar:8.5.6:compile
|  |     \- (org.apache.tomcat.embed:tomcat-embed-core:jar:8.5.6:compile - omitted for duplicate)
|  +- org.hibernate:hibernate-validator:jar:5.2.4.Final:compile
|  |  +- javax.validation:validation-api:jar:1.1.0.Final:compile
|  |  +- org.jboss.logging:jboss-logging:jar:3.3.0.Final:compile (version managed from 3.2.1.Final)
|  |  \- com.fasterxml:classmate:jar:1.3.3:compile (version managed from 1.1.0)
|  +- com.fasterxml.jackson.core:jackson-databind:jar:2.8.5:compile
|  |  +- com.fasterxml.jackson.core:jackson-annotations:jar:2.8.5:compile (version managed from 2.8.0)
|  |  \- com.fasterxml.jackson.core:jackson-core:jar:2.8.5:compile
|  +- org.springframework:spring-web:jar:4.3.5.RELEASE:compile
|  |  +- (org.springframework:spring-aop:jar:4.3.5.RELEASE:compile - version managed from 4.0.9.RELEASE; omitted for duplicate)
|  |  +- (org.springframework:spring-beans:jar:4.3.5.RELEASE:compile - version managed from 4.0.9.RELEASE; omitted for duplicate)
|  |  +- (org.springframework:spring-context:jar:4.3.5.RELEASE:compile - omitted for duplicate)
|  |  \- (org.springframework:spring-core:jar:4.3.5.RELEASE:compile - omitted for duplicate)
|  \- org.springframework:spring-webmvc:jar:4.3.5.RELEASE:compile
|     +- (org.springframework:spring-aop:jar:4.3.5.RELEASE:compile - omitted for duplicate)
|     +- (org.springframework:spring-beans:jar:4.3.5.RELEASE:compile - omitted for duplicate)
|     +- (org.springframework:spring-context:jar:4.3.5.RELEASE:compile - omitted for duplicate)
|     +- (org.springframework:spring-core:jar:4.3.5.RELEASE:compile - omitted for duplicate)
|     +- org.springframework:spring-expression:jar:4.3.5.RELEASE:compile
|     |  \- (org.springframework:spring-core:jar:4.3.5.RELEASE:compile - omitted for duplicate)
|     \- (org.springframework:spring-web:jar:4.3.5.RELEASE:compile - omitted for duplicate)
+- org.springframework.security.oauth:spring-security-oauth:jar:2.0.12.RELEASE:compile
|  +- org.springframework:spring-beans:jar:4.3.5.RELEASE:compile
|  |  \- (org.springframework:spring-core:jar:4.3.5.RELEASE:compile - omitted for duplicate)
|  +- org.springframework:spring-core:jar:4.3.5.RELEASE:compile
|  +- org.springframework:spring-context:jar:4.3.5.RELEASE:compile
|  |  +- (org.springframework:spring-aop:jar:4.3.5.RELEASE:compile - omitted for duplicate)
|  |  +- (org.springframework:spring-beans:jar:4.3.5.RELEASE:compile - version managed from 4.0.9.RELEASE; omitted for duplicate)
|  |  +- (org.springframework:spring-core:jar:4.3.5.RELEASE:compile - version managed from 4.0.9.RELEASE; omitted for duplicate)
|  |  \- (org.springframework:spring-expression:jar:4.3.5.RELEASE:compile - omitted for duplicate)
|  +- (org.springframework:spring-web:jar:4.3.5.RELEASE:compile - version managed from 4.0.9.RELEASE; omitted for duplicate)
|  +- org.springframework:spring-aop:jar:4.3.5.RELEASE:compile
|  |  +- (org.springframework:spring-beans:jar:4.3.5.RELEASE:compile - version managed from 4.0.9.RELEASE; omitted for duplicate)
|  |  \- (org.springframework:spring-core:jar:4.3.5.RELEASE:compile - version managed from 4.0.9.RELEASE; omitted for duplicate)
|  +- org.springframework.security:spring-security-core:jar:4.1.4.RELEASE:compile (version managed from 3.2.8.RELEASE)
|  |  +- aopalliance:aopalliance:jar:1.0:compile
|  |  +- (org.springframework:spring-aop:jar:4.3.5.RELEASE:compile - version managed from 4.0.9.RELEASE; omitted for duplicate)
|  |  +- (org.springframework:spring-beans:jar:4.3.5.RELEASE:compile - version managed from 4.0.9.RELEASE; omitted for duplicate)
|  |  +- (org.springframework:spring-context:jar:4.3.5.RELEASE:compile - version managed from 4.0.9.RELEASE; omitted for duplicate)
|  |  +- (org.springframework:spring-core:jar:4.3.5.RELEASE:compile - version managed from 4.0.9.RELEASE; omitted for duplicate)
|  |  \- (org.springframework:spring-expression:jar:4.3.5.RELEASE:compile - omitted for duplicate)
|  +- org.springframework.security:spring-security-config:jar:4.1.4.RELEASE:compile (version managed from 3.2.8.RELEASE)
|  |  +- (aopalliance:aopalliance:jar:1.0:compile - omitted for duplicate)
|  |  +- (org.springframework.security:spring-security-core:jar:4.1.4.RELEASE:compile - version managed from 3.2.8.RELEASE; omitted for duplicate)
|  |  +- (org.springframework:spring-aop:jar:4.3.5.RELEASE:compile - version managed from 4.0.9.RELEASE; omitted for duplicate)
|  |  +- (org.springframework:spring-beans:jar:4.3.5.RELEASE:compile - version managed from 4.0.9.RELEASE; omitted for duplicate)
|  |  +- (org.springframework:spring-context:jar:4.3.5.RELEASE:compile - version managed from 4.0.9.RELEASE; omitted for duplicate)
|  |  \- (org.springframework:spring-core:jar:4.3.5.RELEASE:compile - version managed from 4.0.9.RELEASE; omitted for duplicate)
|  +- org.springframework.security:spring-security-web:jar:4.1.4.RELEASE:compile (version managed from 3.2.8.RELEASE)
|  |  +- (aopalliance:aopalliance:jar:1.0:compile - omitted for duplicate)
|  |  +- (org.springframework.security:spring-security-core:jar:4.1.4.RELEASE:compile - version managed from 3.2.8.RELEASE; omitted for duplicate)
|  |  +- (org.springframework:spring-beans:jar:4.3.5.RELEASE:compile - version managed from 4.0.9.RELEASE; omitted for duplicate)
|  |  +- (org.springframework:spring-context:jar:4.3.5.RELEASE:compile - version managed from 4.0.9.RELEASE; omitted for duplicate)
|  |  +- (org.springframework:spring-core:jar:4.3.5.RELEASE:compile - version managed from 4.0.9.RELEASE; omitted for duplicate)
|  |  +- (org.springframework:spring-expression:jar:4.3.5.RELEASE:compile - omitted for duplicate)
|  |  \- (org.springframework:spring-web:jar:4.3.5.RELEASE:compile - version managed from 4.0.9.RELEASE; omitted for duplicate)
|  +- commons-codec:commons-codec:jar:1.10:compile (version managed from 1.9)
|  \- org.apache.httpcomponents:httpclient:jar:4.5.2:compile (version managed from 4.3.3)
|     +- (org.apache.httpcomponents:httpcore:jar:4.4.5:compile - version managed from 4.4.4; omitted for duplicate)
|     \- (commons-codec:commons-codec:jar:1.10:compile - version managed from 1.9; omitted for duplicate)
+- org.springframework.boot:spring-boot-starter-mail:jar:1.4.3.RELEASE:compile
|  +- (org.springframework.boot:spring-boot-starter:jar:1.4.3.RELEASE:compile - omitted for duplicate)
|  +- (org.springframework:spring-context:jar:4.3.5.RELEASE:compile - version managed from 4.0.9.RELEASE; omitted for duplicate)
|  +- (org.springframework:spring-context-support:jar:4.3.5.RELEASE:compile - omitted for duplicate)
|  \- com.sun.mail:javax.mail:jar:1.5.6:compile
|     \- javax.activation:activation:jar:1.1:compile
+- org.projectlombok:lombok:jar:1.16.12:provided
+- org.slf4j:slf4j-api:jar:1.7.22:compile
+- oauth.signpost:signpost-core:jar:1.2.1.2:compile
|  \- (commons-codec:commons-codec:jar:1.10:compile - version managed from 1.3; omitted for duplicate)
+- org.apache.httpcomponents:httpasyncclient:jar:4.1.2:compile
|  +- org.apache.httpcomponents:httpcore:jar:4.4.5:compile
|  +- org.apache.httpcomponents:httpcore-nio:jar:4.4.5:compile
|  |  \- (org.apache.httpcomponents:httpcore:jar:4.4.5:compile - version managed from 4.4.4; omitted for duplicate)
|  \- (org.apache.httpcomponents:httpclient:jar:4.5.2:compile - version managed from 4.3.3; omitted for duplicate)
+- org.springframework:spring-context-support:jar:4.3.5.RELEASE:compile
|  +- (org.springframework:spring-beans:jar:4.3.5.RELEASE:compile - version managed from 4.0.9.RELEASE; omitted for duplicate)
|  +- (org.springframework:spring-context:jar:4.3.5.RELEASE:compile - version managed from 4.0.9.RELEASE; omitted for duplicate)
|  \- (org.springframework:spring-core:jar:4.3.5.RELEASE:compile - version managed from 4.0.9.RELEASE; omitted for duplicate)
+- org.springframework.boot:spring-boot-starter-test:jar:1.4.3.RELEASE:test
|  +- org.springframework.boot:spring-boot-test:jar:1.4.3.RELEASE:test
|  |  \- (org.springframework.boot:spring-boot:jar:1.4.3.RELEASE:test - omitted for duplicate)
|  +- org.springframework.boot:spring-boot-test-autoconfigure:jar:1.4.3.RELEASE:test
|  |  +- (org.springframework.boot:spring-boot-test:jar:1.4.3.RELEASE:test - omitted for duplicate)
|  |  \- (org.springframework.boot:spring-boot-autoconfigure:jar:1.4.3.RELEASE:test - omitted for duplicate)
|  +- com.jayway.jsonpath:json-path:jar:2.2.0:test
|  |  +- net.minidev:json-smart:jar:2.2.1:test
|  |  |  \- net.minidev:accessors-smart:jar:1.1:test
|  |  |     \- org.ow2.asm:asm:jar:5.0.3:test
|  |  \- (org.slf4j:slf4j-api:jar:1.7.22:test - version managed from 1.7.16; omitted for duplicate)
|  +- junit:junit:jar:4.12:test
|  |  \- (org.hamcrest:hamcrest-core:jar:1.3:test - version managed from 1.1; omitted for duplicate)
|  +- (org.assertj:assertj-core:jar:2.5.0:test - omitted for conflict with 3.6.1)
|  +- org.mockito:mockito-core:jar:1.10.19:test
|  |  +- (org.hamcrest:hamcrest-core:jar:1.3:test - version managed from 1.1; omitted for duplicate)
|  |  \- org.objenesis:objenesis:jar:2.1:test
|  +- org.hamcrest:hamcrest-core:jar:1.3:test
|  +- org.hamcrest:hamcrest-library:jar:1.3:test
|  |  \- (org.hamcrest:hamcrest-core:jar:1.3:test - version managed from 1.1; omitted for duplicate)
|  +- org.skyscreamer:jsonassert:jar:1.3.0:test
|  |  \- org.json:json:jar:20140107:test (version managed from 20090211)
|  +- (org.springframework:spring-core:jar:4.3.5.RELEASE:test - version managed from 4.0.9.RELEASE; omitted for duplicate)
|  \- org.springframework:spring-test:jar:4.3.5.RELEASE:test
|     \- (org.springframework:spring-core:jar:4.3.5.RELEASE:test - version managed from 4.0.9.RELEASE; omitted for duplicate)
+- org.assertj:assertj-core:jar:3.6.1:test
+- oauth.signpost:signpost-commonshttp4:jar:1.2.1.2:test
|  +- (oauth.signpost:signpost-core:jar:1.2.1.2:test - omitted for duplicate)
|  +- (org.apache.httpcomponents:httpcore:jar:4.4.5:test - version managed from 4.0.1; omitted for duplicate)
|  \- (org.apache.httpcomponents:httpclient:jar:4.5.2:test - version managed from 4.0.1; omitted for duplicate)
\- com.icegreen:greenmail:jar:1.5.3:test
   +- (com.sun.mail:javax.mail:jar:1.5.6:test - omitted for duplicate)
   +- (org.slf4j:slf4j-api:jar:1.7.22:test - version managed from 1.7.21; omitted for duplicate)
   \- (junit:junit:jar:4.12:test - omitted for duplicate)

