WARNING: Your kernel does not support swap limit capabilities or the cgroup is not mounted. Memory limited without swap.
com.appdirect:service-integration-sdk:jar:1.90
+- org.springframework.boot:spring-boot-starter-actuator:jar:1.5.4.RELEASE:compile
|  +- org.springframework.boot:spring-boot-starter:jar:1.5.4.RELEASE:compile
|  |  +- org.springframework.boot:spring-boot:jar:1.5.4.RELEASE:compile
|  |  |  +- (org.springframework:spring-core:jar:4.3.9.RELEASE:compile - omitted for duplicate)
|  |  |  \- (org.springframework:spring-context:jar:4.3.9.RELEASE:compile - omitted for duplicate)
|  |  +- org.springframework.boot:spring-boot-autoconfigure:jar:1.5.4.RELEASE:compile
|  |  |  \- (org.springframework.boot:spring-boot:jar:1.5.4.RELEASE:compile - omitted for duplicate)
|  |  +- org.springframework.boot:spring-boot-starter-logging:jar:1.5.4.RELEASE:compile
|  |  |  +- ch.qos.logback:logback-classic:jar:1.1.11:compile
|  |  |  |  +- ch.qos.logback:logback-core:jar:1.1.11:compile
|  |  |  |  \- (org.slf4j:slf4j-api:jar:1.7.25:compile - version managed from 1.7.22; omitted for duplicate)
|  |  |  +- org.slf4j:jcl-over-slf4j:jar:1.7.25:compile
|  |  |  |  \- (org.slf4j:slf4j-api:jar:1.7.25:compile - version managed from 1.7.22; omitted for duplicate)
|  |  |  +- org.slf4j:jul-to-slf4j:jar:1.7.25:compile
|  |  |  |  \- (org.slf4j:slf4j-api:jar:1.7.25:compile - version managed from 1.7.22; omitted for duplicate)
|  |  |  \- org.slf4j:log4j-over-slf4j:jar:1.7.25:compile
|  |  |     \- (org.slf4j:slf4j-api:jar:1.7.25:compile - version managed from 1.7.22; omitted for duplicate)
|  |  +- (org.springframework:spring-core:jar:4.3.9.RELEASE:compile - version managed from 4.0.9.RELEASE; omitted for duplicate)
|  |  \- org.yaml:snakeyaml:jar:1.17:runtime
|  \- org.springframework.boot:spring-boot-actuator:jar:1.5.4.RELEASE:compile
|     +- (org.springframework.boot:spring-boot:jar:1.5.4.RELEASE:compile - omitted for duplicate)
|     +- (org.springframework.boot:spring-boot-autoconfigure:jar:1.5.4.RELEASE:compile - omitted for duplicate)
|     +- (com.fasterxml.jackson.core:jackson-databind:jar:2.8.8:compile - omitted for duplicate)
|     +- (org.springframework:spring-core:jar:4.3.9.RELEASE:compile - omitted for duplicate)
|     \- (org.springframework:spring-context:jar:4.3.9.RELEASE:compile - version managed from 4.0.9.RELEASE; omitted for duplicate)
+- org.springframework.boot:spring-boot-starter-web:jar:1.5.4.RELEASE:compile
|  +- (org.springframework.boot:spring-boot-starter:jar:1.5.4.RELEASE:compile - omitted for duplicate)
|  +- org.springframework.boot:spring-boot-starter-tomcat:jar:1.5.4.RELEASE:compile
|  |  +- org.apache.tomcat.embed:tomcat-embed-core:jar:8.5.15:compile
|  |  +- org.apache.tomcat.embed:tomcat-embed-el:jar:8.5.15:compile
|  |  \- org.apache.tomcat.embed:tomcat-embed-websocket:jar:8.5.15:compile
|  |     \- (org.apache.tomcat.embed:tomcat-embed-core:jar:8.5.15:compile - omitted for duplicate)
|  +- org.hibernate:hibernate-validator:jar:5.3.5.Final:compile
|  |  +- javax.validation:validation-api:jar:1.1.0.Final:compile
|  |  +- org.jboss.logging:jboss-logging:jar:3.3.1.Final:compile (version managed from 3.3.0.Final)
|  |  \- com.fasterxml:classmate:jar:1.3.3:compile (version managed from 1.3.1)
|  +- com.fasterxml.jackson.core:jackson-databind:jar:2.8.8:compile
|  |  +- com.fasterxml.jackson.core:jackson-annotations:jar:2.8.0:compile
|  |  \- (com.fasterxml.jackson.core:jackson-core:jar:2.8.8:compile - version managed from 2.6.1; omitted for duplicate)
|  +- org.springframework:spring-web:jar:4.3.9.RELEASE:compile
|  |  +- (org.springframework:spring-aop:jar:4.3.9.RELEASE:compile - version managed from 4.0.9.RELEASE; omitted for duplicate)
|  |  +- (org.springframework:spring-beans:jar:4.3.9.RELEASE:compile - version managed from 4.0.9.RELEASE; omitted for duplicate)
|  |  +- (org.springframework:spring-context:jar:4.3.9.RELEASE:compile - omitted for duplicate)
|  |  \- (org.springframework:spring-core:jar:4.3.9.RELEASE:compile - omitted for duplicate)
|  \- org.springframework:spring-webmvc:jar:4.3.9.RELEASE:compile
|     +- (org.springframework:spring-aop:jar:4.3.9.RELEASE:compile - omitted for duplicate)
|     +- (org.springframework:spring-beans:jar:4.3.9.RELEASE:compile - omitted for duplicate)
|     +- (org.springframework:spring-context:jar:4.3.9.RELEASE:compile - omitted for duplicate)
|     +- (org.springframework:spring-core:jar:4.3.9.RELEASE:compile - omitted for duplicate)
|     +- org.springframework:spring-expression:jar:4.3.9.RELEASE:compile
|     |  \- (org.springframework:spring-core:jar:4.3.9.RELEASE:compile - omitted for duplicate)
|     \- (org.springframework:spring-web:jar:4.3.9.RELEASE:compile - omitted for duplicate)
+- org.springframework.security.oauth:spring-security-oauth:jar:2.0.14.RELEASE:compile
|  +- org.springframework:spring-beans:jar:4.3.9.RELEASE:compile
|  |  \- (org.springframework:spring-core:jar:4.3.9.RELEASE:compile - omitted for duplicate)
|  +- org.springframework:spring-core:jar:4.3.9.RELEASE:compile
|  +- org.springframework:spring-context:jar:4.3.9.RELEASE:compile
|  |  +- (org.springframework:spring-aop:jar:4.3.9.RELEASE:compile - omitted for duplicate)
|  |  +- (org.springframework:spring-beans:jar:4.3.9.RELEASE:compile - version managed from 4.0.9.RELEASE; omitted for duplicate)
|  |  +- (org.springframework:spring-core:jar:4.3.9.RELEASE:compile - version managed from 4.0.9.RELEASE; omitted for duplicate)
|  |  \- (org.springframework:spring-expression:jar:4.3.9.RELEASE:compile - omitted for duplicate)
|  +- (org.springframework:spring-web:jar:4.3.9.RELEASE:compile - version managed from 4.0.9.RELEASE; omitted for duplicate)
|  +- org.springframework:spring-aop:jar:4.3.9.RELEASE:compile
|  |  +- (org.springframework:spring-beans:jar:4.3.9.RELEASE:compile - version managed from 4.0.9.RELEASE; omitted for duplicate)
|  |  \- (org.springframework:spring-core:jar:4.3.9.RELEASE:compile - version managed from 4.0.9.RELEASE; omitted for duplicate)
|  +- org.springframework.security:spring-security-core:jar:4.2.3.RELEASE:compile (version managed from 3.2.10.RELEASE)
|  |  +- aopalliance:aopalliance:jar:1.0:compile
|  |  +- (org.springframework:spring-aop:jar:4.3.9.RELEASE:compile - version managed from 4.0.9.RELEASE; omitted for duplicate)
|  |  +- (org.springframework:spring-beans:jar:4.3.9.RELEASE:compile - version managed from 4.0.9.RELEASE; omitted for duplicate)
|  |  +- (org.springframework:spring-context:jar:4.3.9.RELEASE:compile - version managed from 4.0.9.RELEASE; omitted for duplicate)
|  |  +- (org.springframework:spring-core:jar:4.3.9.RELEASE:compile - version managed from 4.0.9.RELEASE; omitted for duplicate)
|  |  \- (org.springframework:spring-expression:jar:4.3.9.RELEASE:compile - omitted for duplicate)
|  +- org.springframework.security:spring-security-config:jar:4.2.3.RELEASE:compile (version managed from 3.2.10.RELEASE)
|  |  +- (aopalliance:aopalliance:jar:1.0:compile - omitted for duplicate)
|  |  +- (org.springframework.security:spring-security-core:jar:4.2.3.RELEASE:compile - version managed from 3.2.10.RELEASE; omitted for duplicate)
|  |  +- (org.springframework:spring-aop:jar:4.3.9.RELEASE:compile - version managed from 4.0.9.RELEASE; omitted for duplicate)
|  |  +- (org.springframework:spring-beans:jar:4.3.9.RELEASE:compile - version managed from 4.0.9.RELEASE; omitted for duplicate)
|  |  +- (org.springframework:spring-context:jar:4.3.9.RELEASE:compile - version managed from 4.0.9.RELEASE; omitted for duplicate)
|  |  \- (org.springframework:spring-core:jar:4.3.9.RELEASE:compile - version managed from 4.0.9.RELEASE; omitted for duplicate)
|  +- org.springframework.security:spring-security-web:jar:4.2.3.RELEASE:compile (version managed from 3.2.10.RELEASE)
|  |  +- (aopalliance:aopalliance:jar:1.0:compile - omitted for duplicate)
|  |  +- (org.springframework.security:spring-security-core:jar:4.2.3.RELEASE:compile - version managed from 3.2.10.RELEASE; omitted for duplicate)
|  |  +- (org.springframework:spring-beans:jar:4.3.9.RELEASE:compile - version managed from 4.0.9.RELEASE; omitted for duplicate)
|  |  +- (org.springframework:spring-context:jar:4.3.9.RELEASE:compile - version managed from 4.0.9.RELEASE; omitted for duplicate)
|  |  +- (org.springframework:spring-core:jar:4.3.9.RELEASE:compile - version managed from 4.0.9.RELEASE; omitted for duplicate)
|  |  +- (org.springframework:spring-expression:jar:4.3.9.RELEASE:compile - omitted for duplicate)
|  |  \- (org.springframework:spring-web:jar:4.3.9.RELEASE:compile - version managed from 4.0.9.RELEASE; omitted for duplicate)
|  +- commons-codec:commons-codec:jar:1.10:compile (version managed from 1.9)
|  \- org.apache.httpcomponents:httpclient:jar:4.5.3:compile (version managed from 4.3.3)
|     +- (org.apache.httpcomponents:httpcore:jar:4.4.6:compile - version managed from 4.4.5; omitted for duplicate)
|     \- (commons-codec:commons-codec:jar:1.10:compile - version managed from 1.9; omitted for duplicate)
+- org.springframework.security:spring-security-openid:jar:4.2.3.RELEASE:compile
|  +- com.google.inject:guice:jar:2.0:compile
|  |  \- (aopalliance:aopalliance:jar:1.0:compile - omitted for duplicate)
|  +- org.openid4java:openid4java-nodeps:jar:0.9.6:compile
|  |  +- commons-logging:commons-logging:jar:1.1.1:compile
|  |  \- net.jcip:jcip-annotations:jar:1.0:compile
|  +- (org.springframework.security:spring-security-core:jar:4.2.3.RELEASE:compile - version managed from 3.2.10.RELEASE; omitted for duplicate)
|  +- (org.springframework.security:spring-security-web:jar:4.2.3.RELEASE:compile - version managed from 3.2.10.RELEASE; omitted for duplicate)
|  +- (org.springframework:spring-aop:jar:4.3.9.RELEASE:compile - version managed from 4.0.9.RELEASE; omitted for duplicate)
|  +- (org.springframework:spring-beans:jar:4.3.9.RELEASE:compile - version managed from 4.0.9.RELEASE; omitted for duplicate)
|  +- (org.springframework:spring-context:jar:4.3.9.RELEASE:compile - version managed from 4.0.9.RELEASE; omitted for duplicate)
|  +- (org.springframework:spring-core:jar:4.3.9.RELEASE:compile - version managed from 4.0.9.RELEASE; omitted for duplicate)
|  +- (org.springframework:spring-web:jar:4.3.9.RELEASE:compile - version managed from 4.0.9.RELEASE; omitted for duplicate)
|  +- net.sourceforge.nekohtml:nekohtml:jar:1.9.22:runtime (version managed from 1.9.20)
|  |  \- xerces:xercesImpl:jar:2.11.0:runtime
|  |     \- xml-apis:xml-apis:jar:1.4.01:runtime
|  \- (org.apache.httpcomponents:httpclient:jar:4.5.3:runtime - version managed from 4.2.3; omitted for duplicate)
+- org.springframework.boot:spring-boot-starter-mail:jar:1.5.4.RELEASE:compile
|  +- (org.springframework.boot:spring-boot-starter:jar:1.5.4.RELEASE:compile - omitted for duplicate)
|  +- (org.springframework:spring-context:jar:4.3.9.RELEASE:compile - version managed from 4.0.9.RELEASE; omitted for duplicate)
|  +- (org.springframework:spring-context-support:jar:4.3.9.RELEASE:compile - omitted for duplicate)
|  \- com.sun.mail:javax.mail:jar:1.5.6:compile
|     \- javax.activation:activation:jar:1.1:compile
+- org.springframework.boot:spring-boot-configuration-processor:jar:1.5.4.RELEASE:compile
|  \- com.vaadin.external.google:android-json:jar:0.0.20131108.vaadin1:compile
+- org.projectlombok:lombok:jar:1.16.16:provided
+- org.slf4j:slf4j-api:jar:1.7.25:compile
+- oauth.signpost:signpost-core:jar:1.2.1.2:compile
|  \- (commons-codec:commons-codec:jar:1.10:compile - version managed from 1.3; omitted for duplicate)
+- commons-io:commons-io:jar:2.5:compile
+- org.apache.httpcomponents:httpasyncclient:jar:4.1.2:compile
|  +- org.apache.httpcomponents:httpcore:jar:4.4.6:compile
|  +- org.apache.httpcomponents:httpcore-nio:jar:4.4.5:compile
|  |  \- (org.apache.httpcomponents:httpcore:jar:4.4.6:compile - version managed from 4.4.5; omitted for duplicate)
|  \- (org.apache.httpcomponents:httpclient:jar:4.5.3:compile - version managed from 4.5.2; omitted for duplicate)
+- org.springframework:spring-context-support:jar:4.3.9.RELEASE:compile
|  +- (org.springframework:spring-beans:jar:4.3.9.RELEASE:compile - version managed from 4.0.9.RELEASE; omitted for duplicate)
|  +- (org.springframework:spring-context:jar:4.3.9.RELEASE:compile - version managed from 4.0.9.RELEASE; omitted for duplicate)
|  \- (org.springframework:spring-core:jar:4.3.9.RELEASE:compile - version managed from 4.0.9.RELEASE; omitted for duplicate)
+- org.springframework.hateoas:spring-hateoas:jar:0.23.0.RELEASE:compile
|  +- (org.springframework:spring-aop:jar:4.3.9.RELEASE:compile - version managed from 4.3.5.RELEASE; omitted for duplicate)
|  +- (org.springframework:spring-beans:jar:4.3.9.RELEASE:compile - version managed from 4.3.5.RELEASE; omitted for duplicate)
|  +- (org.springframework:spring-context:jar:4.3.9.RELEASE:compile - version managed from 4.3.5.RELEASE; omitted for duplicate)
|  +- (org.springframework:spring-core:jar:4.3.9.RELEASE:compile - version managed from 4.3.5.RELEASE; omitted for duplicate)
|  +- (org.springframework:spring-web:jar:4.3.9.RELEASE:compile - version managed from 4.3.5.RELEASE; omitted for duplicate)
|  +- (org.springframework:spring-webmvc:jar:4.3.9.RELEASE:compile - version managed from 4.3.5.RELEASE; omitted for duplicate)
|  \- (org.slf4j:slf4j-api:jar:1.7.25:compile - version managed from 1.7.22; omitted for duplicate)
+- com.google.guava:guava:jar:28.1-jre:compile
|  +- com.google.guava:failureaccess:jar:1.0.1:compile
|  +- com.google.guava:listenablefuture:jar:9999.0-empty-to-avoid-conflict-with-guava:compile
|  +- com.google.code.findbugs:jsr305:jar:3.0.2:compile
|  +- org.checkerframework:checker-qual:jar:2.8.1:compile
|  +- com.google.errorprone:error_prone_annotations:jar:2.3.2:compile
|  +- com.google.j2objc:j2objc-annotations:jar:1.3:compile
|  \- org.codehaus.mojo:animal-sniffer-annotations:jar:1.18:compile
+- io.zipkin.brave:brave-instrumentation-okhttp3:jar:5.1.0:compile
|  +- io.zipkin.brave:brave-instrumentation-http:jar:5.1.0:compile
|  |  \- (io.zipkin.brave:brave:jar:5.1.0:compile - omitted for duplicate)
|  \- io.zipkin.brave:brave:jar:5.1.0:compile
|     +- io.zipkin.zipkin2:zipkin:jar:2.9.3:compile
|     \- io.zipkin.reporter2:zipkin-reporter:jar:2.7.3:compile
|        \- (io.zipkin.zipkin2:zipkin:jar:2.9.3:compile - omitted for duplicate)
+- org.springframework.boot:spring-boot-starter-test:jar:1.5.4.RELEASE:test
|  +- org.springframework.boot:spring-boot-test:jar:1.5.4.RELEASE:test
|  |  \- (org.springframework.boot:spring-boot:jar:1.5.4.RELEASE:test - omitted for duplicate)
|  +- org.springframework.boot:spring-boot-test-autoconfigure:jar:1.5.4.RELEASE:test
|  |  +- (org.springframework.boot:spring-boot-test:jar:1.5.4.RELEASE:test - omitted for duplicate)
|  |  \- (org.springframework.boot:spring-boot-autoconfigure:jar:1.5.4.RELEASE:test - omitted for duplicate)
|  +- com.jayway.jsonpath:json-path:jar:2.2.0:test
|  |  +- net.minidev:json-smart:jar:2.2.1:test
|  |  |  \- net.minidev:accessors-smart:jar:1.1:test
|  |  |     \- org.ow2.asm:asm:jar:5.0.3:test
|  |  \- (org.slf4j:slf4j-api:jar:1.7.25:test - version managed from 1.7.16; omitted for duplicate)
|  +- junit:junit:jar:4.12:test
|  |  \- (org.hamcrest:hamcrest-core:jar:1.3:test - version managed from 1.1; omitted for duplicate)
|  +- (org.assertj:assertj-core:jar:2.6.0:test - omitted for conflict with 3.8.0)
|  +- org.mockito:mockito-core:jar:1.10.19:test
|  |  +- (org.hamcrest:hamcrest-core:jar:1.3:test - version managed from 1.1; omitted for duplicate)
|  |  \- org.objenesis:objenesis:jar:2.1:test
|  +- org.hamcrest:hamcrest-core:jar:1.3:test
|  +- org.hamcrest:hamcrest-library:jar:1.3:test
|  |  \- (org.hamcrest:hamcrest-core:jar:1.3:test - version managed from 1.1; omitted for duplicate)
|  +- org.skyscreamer:jsonassert:jar:1.4.0:test
|  |  \- (com.vaadin.external.google:android-json:jar:0.0.20131108.vaadin1:test - omitted for duplicate)
|  +- (org.springframework:spring-core:jar:4.3.9.RELEASE:test - version managed from 4.3.5.RELEASE; omitted for duplicate)
|  \- org.springframework:spring-test:jar:4.3.9.RELEASE:test
|     \- (org.springframework:spring-core:jar:4.3.9.RELEASE:test - version managed from 4.3.5.RELEASE; omitted for duplicate)
+- org.assertj:assertj-core:jar:3.8.0:test
+- oauth.signpost:signpost-commonshttp4:jar:1.2.1.2:test
|  +- (oauth.signpost:signpost-core:jar:1.2.1.2:test - omitted for duplicate)
|  +- (org.apache.httpcomponents:httpcore:jar:4.4.6:test - version managed from 4.0.1; omitted for duplicate)
|  \- (org.apache.httpcomponents:httpclient:jar:4.5.3:test - version managed from 4.0.1; omitted for duplicate)
+- com.icegreen:greenmail:jar:1.5.3:test
|  +- (com.sun.mail:javax.mail:jar:1.5.6:test - omitted for duplicate)
|  +- (org.slf4j:slf4j-api:jar:1.7.25:test - version managed from 1.7.21; omitted for duplicate)
|  \- (junit:junit:jar:4.12:test - omitted for duplicate)
+- com.github.tomakehurst:wiremock-standalone:jar:2.6.0:test
+- org.apache.commons:commons-lang3:jar:3.8.1:compile
+- org.testng:testng:jar:6.14.3:test
|  +- com.beust:jcommander:jar:1.72:test
|  \- org.apache-extras.beanshell:bsh:jar:2.0b6:test
+- com.squareup.retrofit2:retrofit:jar:2.5.0:compile
|  \- (com.squareup.okhttp3:okhttp:jar:3.12.0:compile - omitted for conflict with 3.14.1)
+- com.squareup.okhttp3:okhttp:jar:3.14.1:compile
|  \- com.squareup.okio:okio:jar:1.17.2:compile
+- com.squareup.okhttp3:logging-interceptor:jar:3.14.1:compile
|  \- (com.squareup.okhttp3:okhttp:jar:3.14.1:compile - omitted for duplicate)
+- se.akerfeldt:okhttp-signpost:jar:1.1.0:compile
|  +- (com.squareup.okhttp3:okhttp:jar:3.0.0-RC1:compile - omitted for conflict with 3.14.1)
|  \- (oauth.signpost:signpost-core:jar:1.2.1.2:compile - omitted for duplicate)
+- com.squareup.retrofit2:converter-jackson:jar:2.4.0:compile
|  +- (com.squareup.retrofit2:retrofit:jar:2.4.0:compile - omitted for conflict with 2.5.0)
|  \- (com.fasterxml.jackson.core:jackson-databind:jar:2.8.8:compile - version managed from 2.9.4; omitted for duplicate)
\- com.fasterxml.jackson.datatype:jackson-datatype-jsr310:jar:2.6.1:compile
   +- com.fasterxml.jackson.core:jackson-core:jar:2.8.8:compile
   \- (com.fasterxml.jackson.core:jackson-databind:jar:2.8.8:compile - version managed from 2.6.1; omitted for duplicate)

