WARNING: Your kernel does not support swap limit capabilities or the cgroup is not mounted. Memory limited without swap.
ru.mail.jira.plugins:groovy:atlassian-plugin:1.14.0
+- com.atlassian.jira:jira-api:jar:7.6.3:provided
|  +- (com.atlassian.annotations:atlassian-annotations:jar:1.1.0:compile - scope updated from provided; omitted for duplicate)
|  +- com.atlassian.ofbiz:entityengine-share:jar:1.3.4:provided
|  |  \- (xerces:xercesImpl:jar:2.4.0:provided - omitted for conflict with 2.9.1)
|  +- com.atlassian.ofbiz:entityengine:jar:1.3.4:provided
|  +- com.atlassian.collectors:atlassian-collectors-util:jar:1.1:provided
|  +- opensymphony:webwork:jar:1.4-atlassian-30:provided
|  |  \- com.atlassian.html:atlassian-html-encoder:jar:1.4:provided
|  +- webwork:pell-multipart-request:jar:1.31.0:provided
|  +- com.atlassian.core:atlassian-core:jar:5.0.8:provided
|  |  +- (com.google.guava:guava:jar:10.0.1:provided - omitted for conflict with 18.0)
|  |  +- (commons-collections:commons-collections:jar:3.1:provided - omitted for conflict with 3.2.2)
|  |  +- (commons-lang:commons-lang:jar:2.4:provided - omitted for conflict with 2.6)
|  |  +- (opensymphony:propertyset:jar:1.3-21Nov03:provided - omitted for conflict with 1.5)
|  |  +- (dom4j:dom4j:jar:1.4:provided - omitted for duplicate)
|  |  +- com.atlassian.image:atlassian-image-consumer:jar:1.0.1:provided
|  |  \- (org.slf4j:slf4j-api:jar:1.6.6:provided - omitted for conflict with 1.7.9)
|  +- com.atlassian.core:atlassian-core-user:jar:5.0.8:provided
|  |  +- (com.atlassian.core:atlassian-core:jar:5.0.8:provided - omitted for duplicate)
|  |  \- (opensymphony:propertyset:jar:1.3-21Nov03:provided - omitted for duplicate)
|  +- com.atlassian.core:atlassian-core-thumbnail:jar:5.0.8:provided
|  |  +- com.twelvemonkeys.imageio:imageio-jpeg:jar:3.2:provided
|  |  |  +- com.twelvemonkeys.imageio:imageio-core:jar:3.2:provided
|  |  |  |  +- (com.twelvemonkeys.common:common-lang:jar:3.2:provided - omitted for duplicate)
|  |  |  |  +- (com.twelvemonkeys.common:common-io:jar:3.2:provided - omitted for duplicate)
|  |  |  |  \- (com.twelvemonkeys.common:common-image:jar:3.2:provided - omitted for duplicate)
|  |  |  +- com.twelvemonkeys.imageio:imageio-metadata:jar:3.2:provided
|  |  |  |  +- (com.twelvemonkeys.imageio:imageio-core:jar:3.2:provided - omitted for duplicate)
|  |  |  |  +- (com.twelvemonkeys.common:common-lang:jar:3.2:provided - omitted for duplicate)
|  |  |  |  +- (com.twelvemonkeys.common:common-io:jar:3.2:provided - omitted for duplicate)
|  |  |  |  \- (com.twelvemonkeys.common:common-image:jar:3.2:provided - omitted for duplicate)
|  |  |  +- com.twelvemonkeys.common:common-lang:jar:3.2:provided
|  |  |  +- com.twelvemonkeys.common:common-io:jar:3.2:provided
|  |  |  |  \- (com.twelvemonkeys.common:common-lang:jar:3.2:provided - omitted for duplicate)
|  |  |  \- com.twelvemonkeys.common:common-image:jar:3.2:provided
|  |  |     +- (com.twelvemonkeys.common:common-lang:jar:3.2:provided - omitted for duplicate)
|  |  |     \- (com.twelvemonkeys.common:common-io:jar:3.2:provided - omitted for duplicate)
|  |  \- com.twelvemonkeys.imageio:imageio-tiff:jar:3.2:provided
|  |     +- (com.twelvemonkeys.imageio:imageio-core:jar:3.2:provided - omitted for duplicate)
|  |     +- (com.twelvemonkeys.imageio:imageio-metadata:jar:3.2:provided - omitted for duplicate)
|  |     +- (com.twelvemonkeys.common:common-lang:jar:3.2:provided - omitted for duplicate)
|  |     +- (com.twelvemonkeys.common:common-io:jar:3.2:provided - omitted for duplicate)
|  |     \- (com.twelvemonkeys.common:common-image:jar:3.2:provided - omitted for duplicate)
|  +- com.atlassian.extras:atlassian-extras:jar:3.2:provided
|  |  +- (log4j:log4j:jar:1.2.15:provided - omitted for conflict with 1.2.16)
|  |  \- (commons-codec:commons-codec:jar:1.3:provided - omitted for conflict with 1.9)
|  +- com.atlassian.velocity:atlassian-velocity:jar:1.3:provided
|  |  +- (com.atlassian.core:atlassian-core:jar:4.6.0:provided - omitted for conflict with 5.0.8)
|  |  +- (commons-lang:commons-lang:jar:2.6:provided - omitted for conflict with 2.4)
|  |  +- (log4j:log4j:jar:1.2.16:provided - omitted for conflict with 1.2.15)
|  |  +- (opensymphony:oscore:jar:2.2.7:provided - omitted for conflict with 2.2.7-atlassian-1)
|  |  \- (org.apache.velocity:velocity:jar:1.6.4:provided - omitted for conflict with 1.6.4-atlassian-7)
|  +- osworkflow:osworkflow:jar:2.9.0-atlassian-1:provided
|  +- opensymphony:propertyset:jar:1.5:provided
|  +- com.atlassian.cache:atlassian-cache-api:jar:2.13.4:provided
|  |  +- (com.atlassian.util.concurrent:atlassian-util-concurrent:jar:0.0.12:provided - omitted for conflict with 2.6.2)
|  |  +- (com.atlassian.annotations:atlassian-annotations:jar:0.7:provided - omitted for conflict with 1.1.0)
|  |  \- (com.atlassian.instrumentation:atlassian-instrumentation-core:jar:2.2.2:provided - omitted for conflict with 2.2.1)
|  +- com.atlassian.beehive:beehive-api:jar:1.1.0:provided
|  +- com.atlassian.tenancy:atlassian-tenancy-api:jar:1.4.0:provided
|  |  +- (com.atlassian.util.concurrent:atlassian-util-concurrent:jar:2.4.1:provided - omitted for conflict with 0.0.12)
|  |  +- (com.atlassian.event:atlassian-event:jar:2.3.2:provided - omitted for conflict with 3.1.3)
|  |  +- (com.atlassian.fugue:fugue:jar:1.1:provided - omitted for conflict with 2.6.0)
|  |  \- (com.atlassian.annotations:atlassian-annotations:jar:0.8.1:provided - omitted for conflict with 1.1.0)
|  +- com.atlassian.upgrade:upgrade-task-framework-api:jar:2.0.2:provided
|  |  \- (com.google.code.findbugs:jsr305:jar:3.0.0:provided - omitted for duplicate)
|  +- com.atlassian.crowd:embedded-crowd-api:jar:2.10.2-rc04:provided
|  |  +- (org.apache.commons:commons-lang3:jar:3.3.2:provided - omitted for duplicate)
|  |  +- (com.google.guava:guava:jar:18.0:provided - omitted for conflict with 10.0.1)
|  |  +- (com.google.code.findbugs:jsr305:jar:3.0.0:provided - omitted for duplicate)
|  |  \- (com.atlassian.annotations:atlassian-annotations:jar:0.14:provided - omitted for conflict with 1.1.0)
|  +- (com.google.guava:guava:jar:18.0:provided - omitted for duplicate)
|  +- com.atlassian.fugue:fugue:jar:2.6.0:provided
|  +- org.codehaus.jackson:jackson-core-asl:jar:1.9.13-atlassian-1:provided
|  +- org.codehaus.jackson:jackson-mapper-asl:jar:1.9.13-atlassian-1:provided
|  |  \- (org.codehaus.jackson:jackson-core-asl:jar:1.9.13-atlassian-1:provided - omitted for duplicate)
|  +- javax.mail:javax.mail-api:jar:1.5.6:provided
|  +- com.sun.mail:javax.mail:jar:1.5.6:provided
|  |  \- (javax.activation:activation:jar:1.1:provided - omitted for conflict with 1.1.1)
|  +- com.atlassian.mail:atlassian-mail:jar:2.8.6:provided
|  |  +- (commons-beanutils:commons-beanutils:jar:1.6.1:provided - omitted for duplicate)
|  |  +- (commons-collections:commons-collections:jar:3.1:provided - omitted for duplicate)
|  |  +- (commons-digester:commons-digester:jar:1.4.1:provided - omitted for duplicate)
|  |  +- (commons-lang:commons-lang:jar:2.4:provided - omitted for duplicate)
|  |  +- (commons-io:commons-io:jar:1.4:provided - omitted for conflict with 2.1)
|  |  +- (javax.mail:javax.mail-api:jar:1.5.6:provided - omitted for duplicate)
|  |  +- (com.sun.mail:javax.mail:jar:1.5.6:provided - omitted for duplicate)
|  |  +- (log4j:log4j:jar:1.2.7:provided - omitted for conflict with 1.2.15)
|  |  +- (com.atlassian.util.concurrent:atlassian-util-concurrent:jar:2.3.0:provided - omitted for conflict with 0.0.12)
|  |  +- (com.google.guava:guava:jar:18.0:provided - omitted for duplicate)
|  |  \- (com.atlassian.annotations:atlassian-annotations:jar:2.1.0:provided - omitted for conflict with 1.1.0)
|  +- oro:oro:jar:2.0.7:provided
|  +- com.atlassian.threadlocal:atlassian-threadlocal:jar:1.3:provided
|  +- com.atlassian.applinks:applinks-api:jar:5.4.1:provided
|  |  \- (com.atlassian.annotations:atlassian-annotations:jar:0.16:provided - omitted for conflict with 1.1.0)
|  +- com.google.javascript:closure-compiler:jar:v20151216:provided
|  +- com.atlassian.velocity.htmlsafe:velocity-htmlsafe:jar:1.4:provided
|  |  +- (org.apache.velocity:velocity:jar:1.6.4:provided - omitted for duplicate)
|  |  +- commons-pool:commons-pool:jar:1.5.4:provided
|  |  +- (org.slf4j:slf4j-api:jar:1.5.2:provided - omitted for conflict with 1.6.6)
|  |  \- (com.google.guava:guava:jar:18.0:provided - omitted for duplicate)
|  +- com.atlassian.plugins:atlassian-plugins-api:jar:4.5.0:provided
|  |  +- (dom4j:dom4j:jar:1.4:provided - omitted for duplicate)
|  |  +- (com.atlassian.event:atlassian-event:jar:3.1.3:provided - omitted for conflict with 2.3.2)
|  |  +- (com.atlassian.fugue:fugue:jar:2.2.1:provided - omitted for conflict with 2.6.0)
|  |  +- (com.atlassian.annotations:atlassian-annotations:jar:1.1.0:provided - omitted for duplicate)
|  |  +- (com.atlassian.util.concurrent:atlassian-util-concurrent:jar:3.0.0:provided - omitted for conflict with 0.0.12)
|  |  +- (com.google.code.findbugs:jsr305:jar:3.0.0:provided - omitted for duplicate)
|  |  +- (com.google.guava:guava:jar:18.0:provided - omitted for duplicate)
|  |  \- (org.slf4j:slf4j-api:jar:1.7.10:provided - omitted for conflict with 1.6.6)
|  +- com.atlassian.plugins:atlassian-plugins-webfragment:jar:4.1.0:provided
|  |  +- (com.atlassian.plugins:atlassian-plugins-webfragment-api:jar:4.1.0:provided - omitted for duplicate)
|  |  \- (com.google.guava:guava:jar:18.0:provided - omitted for duplicate)
|  +- com.atlassian.plugins:atlassian-plugins-webfragment-api:jar:4.1.0:provided
|  +- com.atlassian.ozymandias:atlassian-plugin-point-safety:jar:0.10:provided
|  |  \- (com.atlassian.fugue:fugue:jar:1.1:provided - omitted for conflict with 2.6.0)
|  +- jfree:jfreechart:jar:1.0.13:provided
|  +- com.atlassian.plugins:atlassian-plugins-webresource:jar:3.5.39:provided
|  |  +- com.atlassian.plugins:atlassian-plugins-webresource-spi:jar:3.5.39:provided
|  |  +- (com.atlassian.plugins:atlassian-plugins-webfragment:jar:3.0.7:provided - omitted for conflict with 4.1.0)
|  |  +- (com.atlassian.plugins:atlassian-plugins-webfragment-api:jar:3.0.7:provided - omitted for conflict with 4.1.0)
|  |  +- com.atlassian.plugins:atlassian-plugins-webresource-api:jar:3.5.39:provided
|  |  +- (commons-codec:commons-codec:jar:1.3:provided - omitted for duplicate)
|  |  +- (org.tuckey:urlrewritefilter:jar:4.0.4:provided - omitted for conflict with 4.0.3)
|  |  +- (com.atlassian.util.concurrent:atlassian-util-concurrent:jar:2.4.1:provided - omitted for conflict with 0.0.12)
|  |  \- com.atlassian.sourcemap:sourcemap:jar:1.7.6:provided
|  |     \- (com.google.code.gson:gson:jar:2.2.3:provided - omitted for conflict with 1.7.2)
|  +- com.atlassian.plugins:atlassian-plugins-webresource-compiler-gcc:jar:3.5.39:provided
|  +- jfree:jcommon:jar:1.0.8:provided
|  +- com.atlassian.sal:sal-api:jar:3.1.0:provided
|  +- com.atlassian.gadgets:atlassian-gadgets-api:jar:4.2.21:provided
|  +- com.atlassian.johnson:atlassian-johnson-core:jar:3.4.0:provided
|  |  \- (com.atlassian.plugins:atlassian-plugins-servlet:jar:3.2.8:provided - omitted for conflict with 4.5.0)
|  +- joda-time:joda-time:jar:2.8.2:provided
|  +- commons-lang:commons-lang:jar:2.6:provided
|  +- org.apache.commons:commons-lang3:jar:3.3.2:provided
|  +- commons-io:commons-io:jar:2.1:provided
|  +- commons-httpclient:commons-httpclient:jar:3.1-atlassian-2:provided
|  |  \- (commons-codec:commons-codec:jar:1.2:provided - omitted for conflict with 1.3)
|  +- log4j:log4j:jar:1.2.16:provided
|  +- (org.slf4j:slf4j-api:jar:1.7.9:provided - omitted for duplicate)
|  +- com.atlassian.profiling:atlassian-profiling:jar:1.9:provided
|  |  +- (org.slf4j:slf4j-api:jar:1.4.3:provided - omitted for conflict with 1.7.9)
|  |  \- (com.google.guava:guava:jar:10.0.1:provided - omitted for conflict with 18.0)
|  +- com.atlassian.scheduler:atlassian-scheduler-api:jar:1.7.0:provided
|  +- com.atlassian.analytics:analytics-api:jar:5.3.1:provided
|  +- javax.servlet:javax.servlet-api:jar:3.0.1:provided
|  +- com.atlassian.application:atlassian-application-api:jar:1.2:provided
|  |  +- (com.atlassian.sal:sal-api:jar:3.0.0-m06:provided - omitted for conflict with 3.1.0)
|  |  +- (joda-time:joda-time:jar:2.3:provided - omitted for conflict with 2.8.2)
|  |  +- (com.atlassian.fugue:fugue:jar:1.1:provided - omitted for conflict with 2.6.0)
|  |  +- (com.google.code.findbugs:jsr305:jar:1.3.9:provided - omitted for conflict with 3.0.0)
|  |  +- (com.atlassian.annotations:atlassian-annotations:jar:0.14:provided - omitted for conflict with 1.1.0)
|  |  \- (com.google.guava:guava:jar:10.0.1:provided - omitted for conflict with 18.0)
|  +- (javax.validation:validation-api:jar:1.1.0.Final:compile - scope updated from provided; omitted for duplicate)
|  \- (javax.inject:javax.inject:jar:1:provided - omitted for duplicate)
+- com.atlassian.jira:jira-core:jar:7.6.3:provided
|  +- (com.atlassian.jira:jira-api:jar:7.6.3:provided - omitted for duplicate)
|  +- com.atlassian.jira:jira-dmz-api:jar:7.6.3:provided
|  |  \- (com.atlassian.jira:jira-api:jar:7.6.3:provided - omitted for duplicate)
|  +- com.atlassian.jira:jira-lucene-dmz:jar:7.6.3:provided
|  |  +- (com.atlassian.jira:jira-api:jar:7.6.3:provided - omitted for duplicate)
|  |  +- (com.google.guava:guava:jar:18.0:provided - omitted for duplicate)
|  |  +- (com.atlassian.fugue:fugue:jar:2.6.0:provided - omitted for duplicate)
|  |  \- org.apache.lucene:lucene-core:jar:3.3.0-atlassian-2:provided
|  +- com.atlassian.crowd:embedded-crowd-core:jar:2.10.2-rc04:provided
|  |  +- (com.atlassian.crowd:embedded-crowd-api:jar:2.10.2-rc04:provided - omitted for duplicate)
|  |  +- (com.atlassian.crowd:embedded-crowd-spi:jar:2.10.2-rc04:provided - omitted for duplicate)
|  |  +- (com.atlassian.crowd:crowd-api:jar:2.10.2-rc04:provided - omitted for duplicate)
|  |  +- (com.atlassian.crowd:crowd-core:jar:2.10.2-rc04:provided - omitted for duplicate)
|  |  +- (com.atlassian.crowd:crowd-events:jar:2.10.2-rc04:provided - omitted for duplicate)
|  |  +- (com.atlassian.crowd:crowd-ldap:jar:2.10.2-rc04:provided - omitted for duplicate)
|  |  +- (com.atlassian.crowd:crowd-remote:jar:2.10.2-rc04:provided - omitted for duplicate)
|  |  +- (com.atlassian.event:atlassian-event:jar:2.3.5:provided - omitted for conflict with 2.3.2)
|  |  +- com.atlassian.crowd:crowd-core-tiny:jar:2.10.2-rc04:provided
|  |  |  \- (org.slf4j:slf4j-api:jar:1.7.7:provided - omitted for conflict with 1.7.9)
|  |  +- (opensymphony:propertyset:jar:1.3-21Nov03:provided - omitted for conflict with 1.5)
|  |  +- (org.apache.commons:commons-lang3:jar:3.3.2:provided - omitted for duplicate)
|  |  +- (com.google.guava:guava:jar:18.0:provided - omitted for duplicate)
|  |  +- (org.slf4j:slf4j-api:jar:1.7.7:provided - omitted for conflict with 1.7.9)
|  |  \- (dom4j:dom4j:jar:1.6.1:provided - omitted for conflict with 1.4)
|  +- com.atlassian.crowd:embedded-crowd-spi:jar:2.10.2-rc04:provided
|  |  +- (com.atlassian.crowd:crowd-api:jar:2.10.2-rc04:provided - omitted for duplicate)
|  |  \- (com.google.code.findbugs:jsr305:jar:3.0.0:provided - omitted for duplicate)
|  +- com.atlassian.crowd:crowd-api:jar:2.10.2-rc04:provided
|  |  +- (com.atlassian.crowd:crowd-integration-api:jar:2.10.2-rc04:provided - omitted for duplicate)
|  |  +- (com.google.guava:guava:jar:18.0:provided - omitted for duplicate)
|  |  +- (org.apache.commons:commons-lang3:jar:3.3.2:provided - omitted for duplicate)
|  |  +- (commons-collections:commons-collections:jar:3.2.2:provided - omitted for conflict with 3.1)
|  |  \- (commons-codec:commons-codec:jar:1.10:provided - omitted for conflict with 1.3)
|  +- com.atlassian.crowd:crowd-server-api:jar:2.10.2-rc04:provided
|  |  +- (com.atlassian.crowd:crowd-api:jar:2.10.2-rc04:provided - omitted for duplicate)
|  |  +- com.atlassian.extras:atlassian-extras-api:jar:3.2:provided
|  |  \- (com.atlassian.annotations:atlassian-annotations:jar:0.14:provided - omitted for conflict with 1.1.0)
|  +- com.atlassian.crowd:crowd-core:jar:2.10.2-rc04:provided
|  |  +- (com.atlassian.crowd:crowd-api:jar:2.10.2-rc04:provided - omitted for duplicate)
|  |  +- (com.atlassian.crowd:crowd-integration-api:jar:2.10.2-rc04:provided - omitted for duplicate)
|  |  +- (com.atlassian.crowd:crowd-ldap:jar:2.10.2-rc04:provided - omitted for duplicate)
|  |  +- (com.atlassian.crowd:crowd-persistence:jar:2.10.2-rc04:provided - omitted for duplicate)
|  |  +- (com.atlassian.crowd:crowd-events:jar:2.10.2-rc04:provided - omitted for duplicate)
|  |  +- (com.atlassian.crowd:crowd-password-encoders:jar:2.10.2-rc04:provided - omitted for duplicate)
|  |  +- (com.atlassian.security:atlassian-secure-random:jar:3.2.4:provided - omitted for conflict with 3.2.3)
|  |  +- (com.atlassian.crowd:crowd-core-tiny:jar:2.10.2-rc04:provided - omitted for duplicate)
|  |  +- (com.atlassian.event:atlassian-event:jar:2.3.5:provided - omitted for conflict with 2.3.2)
|  |  +- (com.atlassian.beehive:beehive-api:jar:0.2.1:provided - omitted for conflict with 1.1.0)
|  |  +- (com.atlassian.cache:atlassian-cache-api:jar:2.8.1:provided - omitted for conflict with 2.13.4)
|  |  +- (com.atlassian.scheduler:atlassian-scheduler-api:jar:1.3:provided - omitted for conflict with 1.7.0)
|  |  +- net.sf.ehcache:ehcache:jar:2.9.0:provided
|  |  |  \- (org.slf4j:slf4j-api:jar:1.7.7:provided - omitted for conflict with 1.7.9)
|  |  +- (org.apache.commons:commons-lang3:jar:3.3.2:provided - omitted for duplicate)
|  |  +- (org.apache.httpcomponents:httpclient:jar:4.5.1:provided - omitted for conflict with 4.5.3)
|  |  +- (org.slf4j:slf4j-api:jar:1.7.7:provided - omitted for conflict with 1.7.9)
|  |  +- (org.springframework:spring-beans:jar:3.2.10.RELEASE:provided - omitted for conflict with 4.2.5.RELEASE)
|  |  \- (com.google.guava:guava:jar:18.0:provided - omitted for duplicate)
|  +- com.atlassian.crowd:crowd-integration-api:jar:2.10.2-rc04:provided
|  |  +- (com.atlassian.crowd:embedded-crowd-api:jar:2.10.2-rc04:provided - omitted for duplicate)
|  |  \- (org.slf4j:slf4j-api:jar:1.7.7:provided - omitted for conflict with 1.7.9)
|  +- com.atlassian.crowd:crowd-integration-client-rest:jar:2.10.2-rc04:provided
|  |  +- com.atlassian.crowd:crowd-integration-client-common:jar:2.10.2-rc04:provided
|  |  |  +- (com.atlassian.crowd:crowd-integration-api:jar:2.10.2-rc04:provided - omitted for duplicate)
|  |  |  +- (com.atlassian.security:atlassian-cookie-tools:jar:3.2.4:provided - omitted for conflict with 3.2.3)
|  |  |  +- (org.slf4j:slf4j-api:jar:1.7.7:provided - omitted for conflict with 1.7.9)
|  |  |  \- (com.google.code.findbugs:annotations:jar:3.0.0:provided - omitted for duplicate)
|  |  +- (com.atlassian.crowd:crowd-integration-api:jar:2.10.2-rc04:provided - omitted for duplicate)
|  |  +- com.atlassian.asap:asap-common:jar:2.0.0:provided
|  |  |  +- com.nimbusds:nimbus-jose-jwt:jar:3.10:provided
|  |  |  |  +- (net.jcip:jcip-annotations:jar:1.0:provided - omitted for duplicate)
|  |  |  |  +- net.minidev:json-smart:jar:1.3.1:provided
|  |  |  |  +- (org.bouncycastle:bcprov-jdk15on:jar:1.52:provided - omitted for conflict with 1.50)
|  |  |  |  \- (commons-io:commons-io:jar:2.4:provided - omitted for conflict with 2.1)
|  |  |  +- (org.apache.httpcomponents:httpclient:jar:4.5.2:provided - omitted for conflict with 4.5.1)
|  |  |  +- (org.apache.httpcomponents:httpclient-cache:jar:4.5.2:provided - omitted for conflict with 4.5.1)
|  |  |  +- (com.google.guava:guava:jar:19.0:provided - omitted for conflict with 18.0)
|  |  |  +- (org.apache.commons:commons-lang3:jar:3.4:provided - omitted for conflict with 3.3.2)
|  |  |  +- (org.slf4j:slf4j-api:jar:1.7.18:provided - omitted for conflict with 1.7.9)
|  |  |  \- (com.google.code.findbugs:annotations:jar:3.0.1:provided - omitted for conflict with 3.0.0)
|  |  +- com.atlassian.asap:asap-client-core:jar:2.0.0:provided
|  |  |  \- (com.atlassian.asap:asap-common:jar:2.0.0:provided - omitted for duplicate)
|  |  +- (org.apache.httpcomponents:httpclient:jar:4.5.1:provided - omitted for duplicate)
|  |  +- (org.apache.httpcomponents:httpclient-cache:jar:4.5.1:provided - omitted for conflict with 4.5.3)
|  |  \- (com.google.guava:guava:jar:18.0:provided - omitted for duplicate)
|  +- com.atlassian.crowd:crowd-persistence:jar:2.10.2-rc04:provided
|  |  +- (com.atlassian.crowd:embedded-crowd-spi:jar:2.10.2-rc04:provided - omitted for duplicate)
|  |  +- (com.atlassian.crowd:embedded-crowd-api:jar:2.10.2-rc04:provided - omitted for duplicate)
|  |  +- (com.atlassian.crowd:crowd-integration-api:jar:2.10.2-rc04:provided - omitted for duplicate)
|  |  +- (com.atlassian.crowd:crowd-api:jar:2.10.2-rc04:provided - omitted for duplicate)
|  |  +- (com.atlassian.crowd:crowd-events:jar:2.10.2-rc04:provided - omitted for duplicate)
|  |  +- (com.atlassian.crowd:crowd-password-encoders:jar:2.10.2-rc04:provided - omitted for duplicate)
|  |  +- (com.atlassian.cache:atlassian-cache-api:jar:2.8.1:provided - omitted for conflict with 2.13.4)
|  |  +- (com.atlassian.event:atlassian-event:jar:2.3.5:provided - omitted for conflict with 2.3.2)
|  |  +- (com.atlassian.util.concurrent:atlassian-util-concurrent:jar:3.0.0:provided - omitted for conflict with 0.0.12)
|  |  +- (org.apache.commons:commons-lang3:jar:3.3.2:provided - omitted for duplicate)
|  |  +- (com.google.guava:guava:jar:18.0:provided - omitted for duplicate)
|  |  +- (com.atlassian.sal:sal-api:jar:3.0.2:provided - omitted for conflict with 3.1.0)
|  |  \- (org.slf4j:slf4j-api:jar:1.7.7:provided - omitted for conflict with 1.7.9)
|  +- com.atlassian.crowd:crowd-events:jar:2.10.2-rc04:provided
|  |  +- (com.atlassian.crowd:crowd-api:jar:2.10.2-rc04:provided - omitted for duplicate)
|  |  \- (com.atlassian.crowd:crowd-integration-api:jar:2.10.2-rc04:provided - omitted for duplicate)
|  +- com.atlassian.crowd:crowd-ldap:jar:2.10.2-rc04:provided
|  |  +- (com.atlassian.crowd:crowd-integration-api:jar:2.10.2-rc04:provided - omitted for duplicate)
|  |  +- (com.atlassian.crowd:crowd-api:jar:2.10.2-rc04:provided - omitted for duplicate)
|  |  +- (com.atlassian.crowd:embedded-crowd-api:jar:2.10.2-rc04:provided - omitted for duplicate)
|  |  +- (com.atlassian.crowd:crowd-password-encoders:jar:2.10.2-rc04:provided - omitted for duplicate)
|  |  +- (com.atlassian.crowd:crowd-events:jar:2.10.2-rc04:provided - omitted for duplicate)
|  |  +- (com.atlassian.crowd:crowd-persistence:jar:2.10.2-rc04:provided - omitted for duplicate)
|  |  +- (com.atlassian.crowd:crowd-remote:jar:2.10.2-rc04:provided - omitted for duplicate)
|  |  +- (com.atlassian.event:atlassian-event:jar:2.3.5:provided - omitted for conflict with 2.3.2)
|  |  +- com.google.code.findbugs:annotations:jar:3.0.0:provided
|  |  +- (org.apache.commons:commons-lang3:jar:3.3.2:provided - omitted for duplicate)
|  |  +- (org.springframework.ldap:spring-ldap-core:jar:2.0.2.RELEASE:provided - omitted for duplicate)
|  |  +- (org.springframework:spring-tx:jar:3.2.10.RELEASE:provided - omitted for conflict with 4.2.5.RELEASE)
|  |  \- (org.slf4j:slf4j-api:jar:1.7.7:provided - omitted for conflict with 1.7.9)
|  +- com.atlassian.crowd:crowd-remote:jar:2.10.2-rc04:provided
|  |  +- (com.atlassian.crowd:crowd-integration-api:jar:2.10.2-rc04:provided - omitted for duplicate)
|  |  +- (com.atlassian.crowd:crowd-integration-client-rest:jar:2.10.2-rc04:provided - omitted for duplicate)
|  |  +- (com.atlassian.crowd:crowd-api:jar:2.10.2-rc04:provided - omitted for duplicate)
|  |  +- (com.atlassian.crowd:crowd-persistence:jar:2.10.2-rc04:provided - omitted for duplicate)
|  |  +- (com.atlassian.event:atlassian-event:jar:2.3.5:provided - omitted for conflict with 2.3.2)
|  |  +- (com.atlassian.util.concurrent:atlassian-util-concurrent:jar:3.0.0:provided - omitted for conflict with 0.0.12)
|  |  \- (org.apache.commons:commons-lang3:jar:3.3.2:provided - omitted for duplicate)
|  +- com.atlassian.crowd:crowd-server-common:jar:2.10.2-rc04:provided
|  |  +- (com.atlassian.crowd:crowd-api:jar:2.10.2-rc04:provided - omitted for duplicate)
|  |  +- (com.atlassian.crowd:crowd-integration-api:jar:2.10.2-rc04:provided - omitted for duplicate)
|  |  +- (com.atlassian.crowd:crowd-integration-client-common:jar:2.10.2-rc04:provided - omitted for duplicate)
|  |  +- (com.atlassian.crowd:crowd-events:jar:2.10.2-rc04:provided - omitted for duplicate)
|  |  +- (com.atlassian.ip:atlassian-ip:jar:3.1:provided - omitted for conflict with 3.0)
|  |  \- (com.atlassian.cache:atlassian-cache-api:jar:2.8.1:provided - omitted for conflict with 2.13.4)
|  +- com.atlassian.crowd:crowd-password-encoders:jar:2.10.2-rc04:provided
|  |  +- (com.atlassian.crowd:crowd-api:jar:2.10.2-rc04:provided - omitted for duplicate)
|  |  +- (com.atlassian.security:atlassian-password-encoder:jar:3.2.4:provided - omitted for conflict with 3.2.3)
|  |  +- (com.atlassian.security:atlassian-secure-random:jar:3.2.4:provided - omitted for duplicate)
|  |  +- (org.springframework.security:spring-security-core:jar:3.2.5.RELEASE:provided - omitted for conflict with 3.1.0.RELEASE)
|  |  +- (commons-codec:commons-codec:jar:1.10:provided - omitted for conflict with 1.3)
|  |  +- (com.atlassian.plugins:atlassian-plugins-core:jar:4.0.4:provided - omitted for conflict with 4.5.0)
|  |  +- (org.apache.commons:commons-lang3:jar:3.3.2:provided - omitted for duplicate)
|  |  +- (org.slf4j:slf4j-api:jar:1.7.7:provided - omitted for conflict with 1.7.9)
|  |  \- (com.google.code.findbugs:annotations:jar:3.0.0:provided - omitted for duplicate)
|  +- com.atlassian.http:atlassian-http:jar:1.1.8:provided
|  |  +- (com.google.guava:guava:jar:11.0.2-atlassian-01:provided - omitted for conflict with 18.0)
|  |  \- (org.slf4j:slf4j-api:jar:1.5.8:provided - omitted for conflict with 1.7.9)
|  +- (com.querydsl:querydsl-sql:jar:4.1.4:compile - scope updated from provided; omitted for duplicate)
|  +- com.atlassian.ip:atlassian-ip:jar:3.0:provided
|  +- (com.atlassian.threadlocal:atlassian-threadlocal:jar:1.3:provided - omitted for duplicate)
|  +- com.atlassian.security:atlassian-password-encoder:jar:3.2.3:provided
|  |  +- (commons-codec:commons-codec:jar:1.8:provided - omitted for conflict with 1.3)
|  |  \- (commons-lang:commons-lang:jar:2.4:provided - omitted for conflict with 2.6)
|  +- com.atlassian.security:atlassian-secure-utils:jar:3.2.3:provided
|  |  \- (commons-codec:commons-codec:jar:1.8:provided - omitted for conflict with 1.3)
|  +- (com.atlassian.tenancy:atlassian-tenancy-api:jar:1.4.0:provided - omitted for duplicate)
|  +- org.springframework.security:spring-security-core:jar:3.1.0.RELEASE:provided
|  |  +- aopalliance:aopalliance:jar:1.0:provided
|  |  +- (org.springframework:spring-beans:jar:3.0.6.RELEASE:provided - omitted for conflict with 3.2.10.RELEASE)
|  |  +- (org.springframework:spring-core:jar:3.0.6.RELEASE:provided - omitted for conflict with 4.2.5.RELEASE)
|  |  \- org.springframework.security:spring-security-crypto:jar:3.1.0.RELEASE:provided
|  |     \- (org.springframework:spring-core:jar:3.0.6.RELEASE:provided - omitted for duplicate)
|  +- org.springframework:spring-context:jar:4.2.5.RELEASE:provided
|  |  +- org.springframework:spring-aop:jar:4.2.5.RELEASE:provided
|  |  |  +- (aopalliance:aopalliance:jar:1.0:provided - omitted for duplicate)
|  |  |  +- (org.springframework:spring-beans:jar:4.2.5.RELEASE:provided - omitted for conflict with 3.2.10.RELEASE)
|  |  |  \- (org.springframework:spring-core:jar:4.2.5.RELEASE:provided - omitted for conflict with 3.0.6.RELEASE)
|  |  +- (org.springframework:spring-beans:jar:4.2.5.RELEASE:provided - omitted for conflict with 3.2.10.RELEASE)
|  |  +- (org.springframework:spring-core:jar:4.2.5.RELEASE:provided - omitted for conflict with 3.0.6.RELEASE)
|  |  \- org.springframework:spring-expression:jar:4.2.5.RELEASE:provided
|  |     \- (org.springframework:spring-core:jar:4.2.5.RELEASE:provided - omitted for conflict with 3.0.6.RELEASE)
|  +- org.springframework:spring-core:jar:4.2.5.RELEASE:provided
|  |  \- commons-logging:commons-logging:jar:1.2:provided
|  +- org.springframework:spring-beans:jar:4.2.5.RELEASE:provided
|  |  \- (org.springframework:spring-core:jar:4.2.5.RELEASE:provided - omitted for duplicate)
|  +- org.springframework.ldap:spring-ldap-core:jar:2.0.2.RELEASE:provided
|  |  +- (org.springframework:spring-tx:jar:3.2.8.RELEASE:provided - omitted for conflict with 3.2.10.RELEASE)
|  |  +- org.springframework.data:spring-data-commons:jar:1.6.1.RELEASE:provided
|  |  |  +- (org.springframework:spring-core:jar:3.1.4.RELEASE:provided - omitted for conflict with 4.2.5.RELEASE)
|  |  |  +- (org.springframework:spring-beans:jar:3.1.4.RELEASE:provided - omitted for conflict with 4.2.5.RELEASE)
|  |  |  +- (org.slf4j:slf4j-api:jar:1.7.1:provided - omitted for conflict with 1.7.9)
|  |  |  \- (org.slf4j:jcl-over-slf4j:jar:1.7.1:provided - omitted for conflict with 1.7.9)
|  |  +- (org.springframework:spring-beans:jar:3.2.8.RELEASE:provided - omitted for conflict with 4.2.5.RELEASE)
|  |  \- (org.springframework:spring-core:jar:3.2.8.RELEASE:provided - omitted for conflict with 4.2.5.RELEASE)
|  +- org.springframework:spring-tx:jar:4.2.5.RELEASE:provided
|  |  +- (org.springframework:spring-beans:jar:4.2.5.RELEASE:provided - omitted for duplicate)
|  |  \- (org.springframework:spring-core:jar:4.2.5.RELEASE:provided - omitted for duplicate)
|  +- com.atlassian.crowd:crowd-integration-seraph:jar:2.10.2-rc04:provided
|  |  +- (com.atlassian.crowd:crowd-integration-api:jar:2.10.2-rc04:provided - omitted for duplicate)
|  |  +- (com.atlassian.crowd:embedded-crowd-api:jar:2.10.2-rc04:provided - omitted for duplicate)
|  |  +- (com.atlassian.crowd:crowd-integration-client-common:jar:2.10.2-rc04:provided - omitted for duplicate)
|  |  \- (org.slf4j:slf4j-api:jar:1.7.7:provided - omitted for conflict with 1.7.9)
|  +- com.atlassian.crowd:crowd-query-language:jar:2.10.2-rc04:provided
|  |  +- (com.atlassian.crowd:crowd-integration-api:jar:2.10.2-rc04:provided - omitted for duplicate)
|  |  +- (joda-time:joda-time:jar:2.6:provided - omitted for conflict with 2.8.2)
|  |  \- (org.antlr:antlr-runtime:jar:3.5.2:provided - omitted for duplicate)
|  +- wsdl4j:wsdl4j:jar:1.6.1:provided
|  +- org.codehaus.xfire:xfire-core:jar:1.2.6:provided
|  |  +- (javax.activation:activation:jar:1.1:provided - omitted for duplicate)
|  |  +- (wsdl4j:wsdl4j:jar:1.6.1:provided - omitted for duplicate)
|  |  +- (commons-codec:commons-codec:jar:1.3:provided - omitted for duplicate)
|  |  +- (org.codehaus.woodstox:wstx-asl:jar:3.2.0:provided - omitted for conflict with 3.2.4)
|  |  +- (jdom:jdom:jar:1.0:provided - omitted for duplicate)
|  |  \- (commons-httpclient:commons-httpclient:jar:3.0:provided - omitted for conflict with 3.1-atlassian-2)
|  +- org.codehaus.xfire:xfire-aegis:jar:1.2.6:provided
|  |  \- (org.codehaus.xfire:xfire-core:jar:1.2.6:provided - omitted for duplicate)
|  +- com.atlassian.soy:soy-template-renderer-api:jar:4.3.0:provided
|  +- com.atlassian.soy:soy-template-renderer-plugin-api:jar:4.3.0:provided
|  |  \- (com.atlassian.soy:soy-template-renderer-api:jar:4.3.0:provided - omitted for duplicate)
|  +- com.atlassian.sal:sal-spi:jar:3.1.0:provided
|  +- (com.atlassian.gadgets:atlassian-gadgets-api:jar:4.2.21:provided - omitted for duplicate)
|  +- com.atlassian.gadgets:atlassian-gadgets-spi:jar:4.2.21:provided
|  |  \- net.jcip:jcip-annotations:jar:1.0:provided
|  +- com.atlassian.oauth:atlassian-oauth-api:jar:2.0.4:provided
|  +- com.atlassian.p4package:atlassian-p4package:jar:2007.12.14:provided
|  |  \- (log4j:log4j:jar:1.2.9:provided - omitted for conflict with 1.2.16)
|  +- (com.atlassian.extras:atlassian-extras:jar:3.2:provided - omitted for duplicate)
|  +- (com.atlassian.cache:atlassian-cache-api:jar:2.13.4:provided - omitted for duplicate)
|  +- com.atlassian.vcache:atlassian-vcache-internal-legacy:jar:1.4.0:provided
|  |  \- com.atlassian.vcache:atlassian-vcache-internal-core:jar:1.4.0:provided
|  |     +- (com.atlassian.vcache:atlassian-vcache-internal-api:jar:1.4.0:provided - omitted for duplicate)
|  |     \- (org.slf4j:slf4j-api:jar:1.7.10:provided - omitted for conflict with 1.7.9)
|  +- com.atlassian.vcache:atlassian-vcache-internal-api:jar:1.4.0:provided
|  |  \- com.atlassian.vcache:atlassian-vcache-api:jar:1.4.0:provided
|  |     +- (com.atlassian.annotations:atlassian-annotations:jar:0.16:provided - omitted for conflict with 1.1.0)
|  |     \- (com.google.code.findbugs:jsr305:jar:3.0.0:provided - omitted for duplicate)
|  +- com.atlassian.vcache:atlassian-vcache-internal-memcached:jar:1.4.0:provided
|  |  +- com.atlassian.vcache:atlassian-vcache-internal-guava:jar:1.4.0:provided
|  |  |  \- (com.atlassian.vcache:atlassian-vcache-internal-core:jar:1.4.0:provided - omitted for duplicate)
|  |  +- (com.google.guava:guava:jar:18.0:provided - omitted for duplicate)
|  |  \- net.spy:spymemcached:jar:2.12.0:provided
|  +- com.atlassian.cache:atlassian-cache-ehcache:jar:2.13.4:provided
|  |  +- com.atlassian.cache:atlassian-cache-common-impl:jar:2.13.4:provided
|  |  |  \- (com.atlassian.cache:atlassian-cache-api:jar:2.13.4:provided - omitted for duplicate)
|  |  \- (net.sf.ehcache:ehcache:jar:2.7.5:provided - omitted for conflict with 2.9.0)
|  +- com.atlassian.cache:atlassian-cache-memory:jar:2.13.4:provided
|  |  +- (com.atlassian.cache:atlassian-cache-common-impl:jar:2.13.4:provided - omitted for duplicate)
|  |  \- (com.atlassian.instrumentation:atlassian-instrumentation-core:jar:2.2.2:provided - omitted for duplicate)
|  +- com.atlassian.beehive:beehive-single-node:jar:1.1.0:provided
|  |  \- com.atlassian.beehive:beehive-core:jar:1.1.0:provided
|  +- com.atlassian.beehive:beehive-db:jar:1.1.0:provided
|  |  \- (com.atlassian.beehive:beehive-core:jar:1.1.0:provided - omitted for duplicate)
|  +- com.atlassian.config:atlassian-config:jar:0.15:provided
|  |  +- (com.atlassian.core:atlassian-core:jar:5.0-rc1:provided - omitted for conflict with 5.0.8)
|  |  +- (com.atlassian.plugins:atlassian-plugins-core:jar:2.1.0:provided - omitted for conflict with 4.0.4)
|  |  +- com.atlassian.spring:atlassian-spring:jar:1.1:provided
|  |  |  +- (com.atlassian.event:atlassian-event:jar:0.5:provided - omitted for conflict with 2.3.2)
|  |  |  +- (com.atlassian.profiling:atlassian-profiling:jar:1.8:provided - omitted for conflict with 1.9)
|  |  |  +- (javax.servlet:servlet-api:jar:2.3:provided - omitted for conflict with 2.4)
|  |  |  +- (log4j:log4j:jar:1.2.9:provided - omitted for conflict with 1.2.16)
|  |  |  +- (org.springframework:spring-core:jar:2.0.6:provided - omitted for conflict with 4.2.5.RELEASE)
|  |  |  +- (org.springframework:spring-context:jar:2.0.6:provided - omitted for conflict with 4.2.5.RELEASE)
|  |  |  +- org.springframework:spring-web:jar:2.0.6:provided
|  |  |  |  +- (commons-logging:commons-logging:jar:1.1:provided - omitted for conflict with 1.2)
|  |  |  |  +- (org.springframework:spring-beans:jar:2.0.6:provided - omitted for conflict with 4.2.5.RELEASE)
|  |  |  |  +- (org.springframework:spring-context:jar:2.0.6:provided - omitted for conflict with 4.2.5.RELEASE)
|  |  |  |  \- (org.springframework:spring-core:jar:2.0.6:provided - omitted for conflict with 4.2.5.RELEASE)
|  |  |  +- org.springframework:spring-hibernate2:jar:2.0.6:provided
|  |  |  |  +- (aopalliance:aopalliance:jar:1.0:provided - omitted for duplicate)
|  |  |  |  +- (commons-logging:commons-logging:jar:1.1:provided - omitted for conflict with 1.2)
|  |  |  |  +- (hibernate:hibernate:jar:2.1.8:provided - omitted for conflict with 2.1.8-atlassian)
|  |  |  |  +- (org.springframework:spring-beans:jar:2.0.6:provided - omitted for conflict with 4.2.5.RELEASE)
|  |  |  |  +- (org.springframework:spring-context:jar:2.0.6:provided - omitted for conflict with 4.2.5.RELEASE)
|  |  |  |  +- (org.springframework:spring-core:jar:2.0.6:provided - omitted for conflict with 4.2.5.RELEASE)
|  |  |  |  +- org.springframework:spring-dao:jar:2.0.6:provided
|  |  |  |  |  +- (aopalliance:aopalliance:jar:1.0:provided - omitted for duplicate)
|  |  |  |  |  +- (commons-logging:commons-logging:jar:1.1:provided - omitted for conflict with 1.2)
|  |  |  |  |  +- (org.springframework:spring-beans:jar:2.0.6:provided - omitted for conflict with 4.2.5.RELEASE)
|  |  |  |  |  +- (org.springframework:spring-context:jar:2.0.6:provided - omitted for conflict with 4.2.5.RELEASE)
|  |  |  |  |  \- (org.springframework:spring-core:jar:2.0.6:provided - omitted for conflict with 4.2.5.RELEASE)
|  |  |  |  \- org.springframework:spring-jdbc:jar:2.0.6:provided
|  |  |  |     +- (commons-logging:commons-logging:jar:1.1:provided - omitted for conflict with 1.2)
|  |  |  |     +- (org.springframework:spring-beans:jar:2.0.6:provided - omitted for conflict with 4.2.5.RELEASE)
|  |  |  |     +- (org.springframework:spring-context:jar:2.0.6:provided - omitted for conflict with 4.2.5.RELEASE)
|  |  |  |     +- (org.springframework:spring-core:jar:2.0.6:provided - omitted for conflict with 4.2.5.RELEASE)
|  |  |  |     \- (org.springframework:spring-dao:jar:2.0.6:provided - omitted for duplicate)
|  |  |  +- (commons-logging:commons-logging:jar:1.0.4:provided - omitted for conflict with 1.2)
|  |  |  \- hibernate:hibernate:jar:2.1.8-atlassian:provided
|  |  +- (com.atlassian.event:atlassian-event:jar:2.0.0.beta1:provided - omitted for conflict with 2.3.2)
|  |  +- (dom4j:dom4j:jar:1.4:provided - omitted for duplicate)
|  |  +- (log4j:log4j:jar:1.2.9:provided - omitted for conflict with 1.2.16)
|  |  +- (org.springframework:spring-beans:jar:2.0.6:provided - omitted for conflict with 4.2.5.RELEASE)
|  |  +- (commons-lang:commons-lang:jar:2.4:provided - omitted for conflict with 2.6)
|  |  \- (org.springframework:spring-context:jar:2.0.6:provided - omitted for conflict with 4.2.5.RELEASE)
|  +- com.atlassian:atlassian-localhost:jar:1.1.0:provided
|  +- com.sun:jai_core:jar:1.1.3:provided
|  +- com.sun:jai_codec:jar:1.1.3:provided
|  +- commons-collections:commons-collections:jar:3.2.2:provided
|  +- com.atlassian.activeobjects:activeobjects-spi:jar:1.4.0:provided
|  +- dom4j:dom4j:jar:1.4:provided
|  +- (oro:oro:jar:2.0.7:provided - omitted for duplicate)
|  +- com.atlassian.adapter:jackson:jar:1.0:provided
|  |  \- (org.codehaus.jackson:jackson-mapper-asl:jar:1.9.1:provided - omitted for conflict with 1.9.13-atlassian-1)
|  +- com.atlassian.util.concurrent:atlassian-util-concurrent:jar:2.6.2:provided
|  +- (com.atlassian.profiling:atlassian-profiling:jar:1.9:provided - omitted for duplicate)
|  +- com.atlassian.instrumentation:atlassian-instrumentation-core:jar:2.2.1:provided
|  +- org.slf4j:slf4j-log4j12:jar:1.7.9:provided
|  |  +- (org.slf4j:slf4j-api:jar:1.7.9:provided - omitted for duplicate)
|  |  \- (log4j:log4j:jar:1.2.17:provided - omitted for conflict with 1.2.16)
|  +- org.slf4j:jul-to-slf4j:jar:1.7.9:provided
|  |  \- (org.slf4j:slf4j-api:jar:1.7.9:provided - omitted for duplicate)
|  +- org.slf4j:jcl-over-slf4j:jar:1.7.9:provided
|  |  \- (org.slf4j:slf4j-api:jar:1.7.9:provided - omitted for duplicate)
|  +- com.atlassian:atlassian-logging:jar:2.15:provided
|  |  +- org.apache.logging.log4j:log4j2-stacktrace-origins:jar:2.2-atlassian-2:provided
|  |  +- (com.google.code.findbugs:jsr305:jar:3.0.0:provided - omitted for duplicate)
|  |  \- com.github.rholder:guava-retrying:jar:1.0.7:provided
|  |     \- (com.google.code.findbugs:jsr305:jar:2.0.2:provided - omitted for conflict with 3.0.0)
|  +- com.atlassian.jdk.utilities:atlassian-jdk-utilities:jar:0.4:provided
|  |  \- (log4j:log4j:jar:1.2.7:provided - omitted for conflict with 1.2.16)
|  +- com.atlassian.scheduler:atlassian-scheduler-core:jar:1.7.0:provided
|  |  \- (joda-time:joda-time:jar:2.3:provided - omitted for conflict with 2.8.2)
|  +- com.atlassian.scheduler.caesium:atlassian-scheduler-caesium:jar:1.3.3:provided
|  +- (com.atlassian.johnson:atlassian-johnson-core:jar:3.4.0:provided - omitted for duplicate)
|  +- com.atlassian.plugins:atlassian-plugins-core:jar:4.5.0:provided
|  |  +- (com.atlassian.plugins:atlassian-plugins-api:jar:4.5.0:provided - omitted for duplicate)
|  |  +- (org.slf4j:slf4j-api:jar:1.7.10:provided - omitted for conflict with 1.7.9)
|  |  +- (log4j:log4j:jar:1.2.16:provided - omitted for duplicate)
|  |  +- (commons-lang:commons-lang:jar:2.4:provided - omitted for conflict with 2.6)
|  |  +- (commons-collections:commons-collections:jar:3.2:provided - omitted for conflict with 3.2.2)
|  |  +- (commons-io:commons-io:jar:1.4:provided - omitted for conflict with 2.1)
|  |  +- (dom4j:dom4j:jar:1.4:provided - omitted for duplicate)
|  |  +- (com.atlassian.event:atlassian-event:jar:3.1.3:provided - omitted for conflict with 2.3.2)
|  |  +- (com.atlassian.fugue:fugue:jar:2.2.1:provided - omitted for conflict with 2.6.0)
|  |  \- (com.atlassian.annotations:atlassian-annotations:jar:1.1.0:provided - omitted for duplicate)
|  +- com.atlassian.plugins:atlassian-plugins-schema:jar:4.5.0:provided
|  |  +- (com.atlassian.plugins:atlassian-plugins-osgi:jar:4.5.0:provided - omitted for duplicate)
|  |  +- (com.google.guava:guava:jar:18.0:provided - omitted for duplicate)
|  |  +- (dom4j:dom4j:jar:1.4:provided - omitted for duplicate)
|  |  \- (com.atlassian.security:atlassian-secure-xml:jar:3.1.4:provided - omitted for conflict with 3.2.3)
|  +- com.atlassian.plugins:atlassian-plugins-servlet:jar:4.5.0:provided
|  |  \- (com.atlassian.plugins:atlassian-plugins-core:jar:4.5.0:provided - omitted for duplicate)
|  +- (com.atlassian.plugins:atlassian-plugins-webresource:jar:3.5.39:provided - omitted for duplicate)
|  +- com.atlassian.plugins:atlassian-plugins-osgi:jar:4.5.0:provided
|  |  +- (com.atlassian.plugins:atlassian-plugins-core:jar:4.5.0:provided - omitted for duplicate)
|  |  +- (com.atlassian.plugins:atlassian-plugins-osgi-events:jar:4.5.0:provided - omitted for duplicate)
|  |  +- biz.aQute.bnd:biz.aQute.bndlib:jar:2.4.1:provided
|  |  +- org.apache.felix:org.apache.felix.framework:jar:4.2.1:provided
|  |  +- org.twdata.pkgscanner:package-scanner:jar:0.9.5:provided
|  |  |  \- (org.slf4j:slf4j-api:jar:1.5.8:provided - omitted for conflict with 1.7.9)
|  |  \- (commons-io:commons-io:jar:1.4:provided - omitted for conflict with 2.1)
|  +- com.atlassian.plugins:atlassian-plugins-osgi-events:jar:4.5.0:provided
|  +- com.atlassian.plugins:atlassian-plugins-eventlistener:jar:4.5.0:provided
|  |  \- (com.atlassian.plugins:atlassian-plugins-core:jar:4.5.0:provided - omitted for duplicate)
|  +- com.atlassian.seraph:atlassian-seraph:jar:3.0.3:provided
|  |  +- (commons-codec:commons-codec:jar:1.9:provided - omitted for conflict with 1.3)
|  |  +- (commons-lang:commons-lang:jar:2.6:provided - omitted for duplicate)
|  |  +- (org.slf4j:slf4j-api:jar:1.7.7:provided - omitted for conflict with 1.7.9)
|  |  +- (opensymphony:oscore:jar:2.2.7:provided - omitted for duplicate)
|  |  +- (com.atlassian.security:atlassian-secure-random:jar:3.2.3:provided - omitted for conflict with 3.2.4)
|  |  \- com.atlassian.security:atlassian-cookie-tools:jar:3.2.3:provided
|  +- com.atlassian.security:atlassian-secure-random:jar:3.2.3:provided
|  |  +- (org.slf4j:slf4j-api:jar:1.5.8:provided - omitted for conflict with 1.7.9)
|  |  \- (commons-codec:commons-codec:jar:1.8:provided - omitted for conflict with 1.3)
|  +- com.atlassian.security.auth.trustedapps:atlassian-trusted-apps-core:jar:4.1.0:provided
|  +- com.atlassian.security.auth.trustedapps:atlassian-trusted-apps-seraph-integration:jar:4.1.0:provided
|  |  +- (com.atlassian.security.auth.trustedapps:atlassian-trusted-apps-core:jar:4.1.0:provided - omitted for duplicate)
|  |  \- (com.atlassian.seraph:atlassian-seraph:jar:2.0:provided - omitted for conflict with 3.0.3)
|  +- com.atlassian.upgrade:upgrade-task-framework-core:jar:2.0.2:provided
|  |  \- (com.atlassian.upgrade:upgrade-task-framework-api:jar:2.0.2:provided - omitted for duplicate)
|  +- (com.atlassian.analytics:analytics-api:jar:5.3.1:provided - omitted for duplicate)
|  +- org.bouncycastle:bcprov-jdk15on:jar:1.50:provided
|  +- com.atlassian.renderer:atlassian-renderer:jar:8.0.22:provided
|  |  +- (commons-lang:commons-lang:jar:2.1:provided - omitted for conflict with 2.6)
|  |  +- (commons-beanutils:commons-beanutils:jar:1.6.1:provided - omitted for duplicate)
|  |  +- (log4j:log4j:jar:1.2.7:provided - omitted for conflict with 1.2.16)
|  |  +- (xerces:xercesImpl:jar:2.6.2:provided - omitted for conflict with 2.4.0)
|  |  +- (javax.activation:activation:jar:1.0.2:provided - omitted for conflict with 1.1)
|  |  +- (com.atlassian.profiling:atlassian-profiling:jar:1.8:provided - omitted for conflict with 1.9)
|  |  +- (com.atlassian.util.concurrent:atlassian-util-concurrent:jar:0.0.12:provided - omitted for conflict with 2.6.2)
|  |  +- (com.atlassian.plugins:atlassian-plugins-core:jar:2.1.0:provided - omitted for conflict with 4.5.0)
|  |  +- (com.atlassian.plugins:atlassian-plugins-webfragment:jar:2.1.0:provided - omitted for conflict with 4.1.0)
|  |  +- (radeox:radeox:jar:1.0b2-forked-22Apr2004:provided - omitted for duplicate)
|  |  \- (commons-codec:commons-codec:jar:1.9:provided - omitted for conflict with 1.3)
|  +- com.atlassian.gzipfilter:atlassian-gzipfilter:jar:3.0.0:provided
|  |  \- com.atlassian.gzipfilter:atlassian-flushable-gzipoutputstream:jar:1.1:provided
|  +- com.atlassian.gzipfilter:atlassian-gzipfilter-legacy:jar:1.23.0:provided
|  +- com.atlassian.event:atlassian-event:jar:3.1.3:provided
|  +- opensymphony:oscore:jar:2.2.7-atlassian-1:provided
|  +- opensymphony:sitemesh:jar:2.5-atlassian-11:provided
|  +- commons-digester:commons-digester:jar:1.4.1:provided
|  |  +- (commons-beanutils:commons-beanutils:jar:1.6:provided - omitted for conflict with 1.6.1)
|  |  \- (commons-collections:commons-collections:jar:2.1:provided - omitted for conflict with 3.2.2)
|  +- commons-beanutils:commons-beanutils:jar:1.6.1:provided
|  |  \- (commons-collections:commons-collections:jar:2.0:provided - omitted for conflict with 3.2.2)
|  +- commons-configuration:commons-configuration:jar:1.0:provided
|  |  +- (commons-collections:commons-collections:jar:3.0:provided - omitted for conflict with 3.2.2)
|  |  +- (commons-lang:commons-lang:jar:2.0:provided - omitted for conflict with 2.6)
|  |  +- (dom4j:dom4j:jar:1.4:provided - omitted for duplicate)
|  |  +- (commons-digester:commons-digester:jar:1.5:provided - omitted for conflict with 1.4.1)
|  |  +- (xerces:xercesImpl:jar:2.2.1:provided - omitted for conflict with 2.4.0)
|  |  +- (xml-apis:xml-apis:jar:1.0.b2:provided - omitted for conflict with 1.3.04)
|  |  \- (hsqldb:hsqldb:jar:1.7.2.2:provided - omitted for conflict with 1.8.0.5)
|  +- org.apache.lucene:lucene-analyzers:jar:3.3.0:provided
|  |  \- (org.apache.lucene:lucene-core:jar:3.3.0:provided - omitted for conflict with 3.3.0-atlassian-2)
|  +- com.atlassian:lucene-extras:jar:3.3.0-atlassian-3:provided
|  +- org.apache.httpcomponents:httpclient:jar:4.5.3:provided
|  |  +- org.apache.httpcomponents:httpcore:jar:4.4.6:provided
|  |  +- (commons-logging:commons-logging:jar:1.2:provided - omitted for duplicate)
|  |  \- (commons-codec:commons-codec:jar:1.9:provided - omitted for conflict with 1.3)
|  +- org.apache.httpcomponents:httpclient-cache:jar:4.5.3:provided
|  |  +- (org.apache.httpcomponents:httpclient:jar:4.5.3:provided - omitted for duplicate)
|  |  \- (commons-logging:commons-logging:jar:1.2:provided - omitted for duplicate)
|  +- org.apache.httpcomponents:httpmime:jar:4.5.3:provided
|  |  \- (org.apache.httpcomponents:httpclient:jar:4.5.3:provided - omitted for duplicate)
|  +- org.apache.velocity:velocity:jar:1.6.4-atlassian-7:provided
|  |  +- (commons-collections:commons-collections:jar:3.2.1:provided - omitted for conflict with 3.2.2)
|  |  +- (commons-lang:commons-lang:jar:2.4:provided - omitted for conflict with 2.6)
|  |  \- (oro:oro:jar:2.0.8:provided - omitted for conflict with 2.0.7)
|  +- org.apache.velocity:velocity-tools:jar:1.3:provided
|  |  +- (commons-beanutils:commons-beanutils:jar:1.7.0:provided - omitted for conflict with 1.6.1)
|  |  +- (commons-digester:commons-digester:jar:1.8:provided - omitted for conflict with 1.4.1)
|  |  \- (oro:oro:jar:2.0.8:provided - omitted for conflict with 2.0.7)
|  +- (com.atlassian.velocity.htmlsafe:velocity-htmlsafe:jar:1.4:provided - omitted for duplicate)
|  +- javax.activation:activation:jar:1.1.1:provided
|  +- (javax.mail:javax.mail-api:jar:1.5.6:provided - omitted for duplicate)
|  +- (com.sun.mail:javax.mail:jar:1.5.6:provided - omitted for duplicate)
|  +- glue:glue:jar:5.0b2:provided
|  +- bsf:bsf:jar:2.2:provided
|  +- bsh:bsh:jar:1.2b7:provided
|  +- (com.atlassian.ofbiz:entityengine-share:jar:1.3.4:provided - omitted for duplicate)
|  +- (com.atlassian.ofbiz:entityengine:jar:1.3.4:provided - omitted for duplicate)
|  +- csv:csv:jar:20:provided
|  +- org.picocontainer:picocontainer:jar:2.14.3:provided
|  +- jzlib:jzlib:jar:1.0.5:provided
|  +- com.octo.captcha:jcaptcha:jar:2.0-alpha-1:provided
|  +- com.octo.captcha:jcaptcha-api:jar:2.0-alpha-1:provided
|  +- com.jhlabs:filters:jar:2.0.235:provided
|  +- org.apache.commons:commons-dbcp2:jar:2.1:provided
|  |  +- (org.apache.commons:commons-pool2:jar:2.3:provided - omitted for duplicate)
|  |  \- (commons-logging:commons-logging:jar:1.2:provided - omitted for duplicate)
|  +- org.apache.commons:commons-pool2:jar:2.3:provided
|  +- com.h2database:h2:jar:1.4.185:provided
|  +- hsqldb:hsqldb:jar:1.8.0.5:provided
|  +- ots-jts:ots-jts:jar:1.0:provided
|  +- jotm:jotm:jar:1.4.3:provided
|  +- jotm:jotm-jrmp_stubs:jar:1.4.3:provided
|  +- jotm:jotm-iiop_stubs:jar:1.4.3:provided
|  +- jotm:jonas_timer:jar:1.4.3:provided
|  +- jotm:objectweb-datasource:jar:1.4.3:provided
|  +- carol:carol:jar:1.5.2:provided
|  +- carol:carol-properties:jar:1.5.2:provided
|  +- xapool:xapool:jar:1.3.1:provided
|  +- xml-apis:xml-apis:jar:1.3.04:provided
|  +- commons-jexl:commons-jexl:jar:1.1:provided
|  +- (commons-httpclient:commons-httpclient:jar:3.1-atlassian-2:provided - omitted for duplicate)
|  +- commons-codec:commons-codec:jar:1.9:provided
|  +- org.apache.commons:commons-compress:jar:1.8.1:provided
|  +- commons-discovery:commons-discovery:jar:0.2:provided
|  +- xerces:xercesImpl:jar:2.9.1:provided
|  |  \- (xml-apis:xml-apis:jar:1.3.04:provided - omitted for duplicate)
|  +- xalan:xalan:jar:2.7.2:provided
|  |  \- xalan:serializer:jar:2.7.2:provided
|  |     \- (xml-apis:xml-apis:jar:1.3.04:provided - omitted for duplicate)
|  +- xml-security:xmlsec:jar:1.4.2:provided
|  +- com.atlassian.security:atlassian-secure-xml:jar:3.2.3:provided
|  +- datafile:datafile:jar:1.3.3:provided
|  +- xpp3:xpp3:jar:1.1.4c:provided
|  +- com.thoughtworks.xstream:xstream:jar:1.4.8:provided
|  |  \- xmlpull:xmlpull:jar:1.1.3.1:provided
|  +- (jfree:jfreechart:jar:1.0.13:provided - omitted for duplicate)
|  +- (jfree:jcommon:jar:1.0.8:provided - omitted for duplicate)
|  +- org.tuckey:urlrewritefilter:jar:4.0.3:provided
|  +- radeox:radeox:jar:1.0b2-forked-22Apr2004:provided
|  +- jtidy:jtidy:jar:r8-20050104:provided
|  +- jdom:jdom:jar:1.0:provided
|  +- org.jsoup:jsoup:jar:1.8.3:provided
|  +- org.codehaus.woodstox:wstx-asl:jar:3.2.4:provided
|  +- com.atlassian.modzdetector:modz-detector:jar:0.12:provided
|  |  +- (commons-codec:commons-codec:jar:1.3:provided - omitted for conflict with 1.9)
|  |  \- (org.slf4j:slf4j-api:jar:1.5.8:provided - omitted for conflict with 1.7.9)
|  +- org.antlr:antlr-runtime:jar:3.5.2:provided
|  +- commons-jrcs:commons-jrcs:jar:diff-0.1.7:provided
|  +- cglib:cglib-nodep:jar:2.1_3:provided
|  +- (com.atlassian.sal:sal-api:jar:3.1.0:provided - omitted for duplicate)
|  +- com.atlassian.sal:sal-trust-api:jar:3.1.0:provided
|  +- (com.atlassian.applinks:applinks-api:jar:5.4.1:provided - omitted for duplicate)
|  +- com.atlassian.applinks:applinks-spi:jar:5.4.1:provided
|  +- com.atlassian.applinks:applinks-host:jar:5.4.1:provided
|  +- org.mozilla:rhino:jar:1.7R4:provided
|  +- (com.atlassian.ozymandias:atlassian-plugin-point-safety:jar:0.10:provided - omitted for duplicate)
|  +- commons-validator:commons-validator:jar:1.4.0:provided
|  |  +- (commons-beanutils:commons-beanutils:jar:1.8.3:provided - omitted for conflict with 1.6.1)
|  |  +- (commons-digester:commons-digester:jar:1.8:provided - omitted for conflict with 1.4.1)
|  |  \- (commons-logging:commons-logging:jar:1.1.1:provided - omitted for conflict with 1.2)
|  +- com.atlassian.botocss:botocss-core:jar:6.4:provided
|  |  +- (org.slf4j:slf4j-api:jar:1.5.10:provided - omitted for conflict with 1.7.9)
|  |  +- (org.jsoup:jsoup:jar:1.8.3:provided - omitted for duplicate)
|  |  +- (com.google.guava:guava:jar:14.0.1:provided - omitted for conflict with 18.0)
|  |  +- net.sf.cssbox:jstyleparser:jar:1.16-atlassian-1:provided
|  |  |  +- (org.antlr:antlr-runtime:jar:3.5.2:provided - omitted for duplicate)
|  |  |  +- net.sourceforge.nekohtml:nekohtml:jar:1.9.19:provided
|  |  |  |  \- (xerces:xercesImpl:jar:2.10.0:provided - omitted for conflict with 2.9.1)
|  |  |  +- (xerces:xercesImpl:jar:2.11.0:provided - omitted for conflict with 2.9.1)
|  |  |  +- (xml-apis:xml-apis:jar:1.4.01:provided - omitted for conflict with 1.3.04)
|  |  |  \- (org.slf4j:slf4j-api:jar:1.7.5:provided - omitted for conflict with 1.7.9)
|  |  \- (log4j:log4j:jar:1.2.16:provided - omitted for duplicate)
|  +- com.atlassian.json:atlassian-json-api:jar:0.9:provided
|  +- com.atlassian.plugins:atlassian-plugins-webresource-common:jar:4.5.0:provided
|  |  \- (com.atlassian.plugins:atlassian-plugins-core:jar:4.5.0:provided - omitted for duplicate)
|  +- (com.atlassian.application:atlassian-application-api:jar:1.2:provided - omitted for duplicate)
|  +- com.atlassian.application:atlassian-application-host:jar:1.2:provided
|  |  +- (com.atlassian.application:atlassian-application-api:jar:1.2:provided - omitted for duplicate)
|  |  +- (com.atlassian.plugins:atlassian-plugins-core:jar:2.13.2:provided - omitted for conflict with 4.5.0)
|  |  +- (com.atlassian.plugins:atlassian-plugins-osgi:jar:2.13.2:provided - omitted for conflict with 4.5.0)
|  |  +- (org.apache.commons:commons-lang3:jar:3.1:provided - omitted for conflict with 3.3.2)
|  |  \- (com.atlassian.event:atlassian-event:jar:2.3.0:provided - omitted for conflict with 3.1.3)
|  +- org.apache.xmlgraphics:batik-transcoder:jar:1.9:provided
|  |  +- org.apache.xmlgraphics:batik-anim:jar:1.9:provided
|  |  |  +- (org.apache.xmlgraphics:batik-awt-util:jar:1.9:provided - omitted for duplicate)
|  |  |  +- org.apache.xmlgraphics:batik-css:jar:1.9:provided
|  |  |  |  +- (org.apache.xmlgraphics:batik-util:jar:1.9:provided - omitted for duplicate)
|  |  |  |  +- org.apache.xmlgraphics:xmlgraphics-commons:jar:2.2:provided
|  |  |  |  |  +- (commons-io:commons-io:jar:1.3.1:provided - omitted for conflict with 2.1)
|  |  |  |  |  \- (commons-logging:commons-logging:jar:1.0.4:provided - omitted for conflict with 1.2)
|  |  |  |  +- (xml-apis:xml-apis:jar:1.3.04:provided - omitted for duplicate)
|  |  |  |  \- (xml-apis:xml-apis-ext:jar:1.3.04:provided - omitted for duplicate)
|  |  |  +- (org.apache.xmlgraphics:batik-dom:jar:1.9:provided - omitted for duplicate)
|  |  |  +- org.apache.xmlgraphics:batik-ext:jar:1.9:provided
|  |  |  +- org.apache.xmlgraphics:batik-parser:jar:1.9:provided
|  |  |  |  +- (org.apache.xmlgraphics:batik-awt-util:jar:1.9:provided - omitted for duplicate)
|  |  |  |  +- (org.apache.xmlgraphics:batik-util:jar:1.9:provided - omitted for duplicate)
|  |  |  |  +- (org.apache.xmlgraphics:batik-xml:jar:1.9:provided - omitted for duplicate)
|  |  |  |  +- (xml-apis:xml-apis:jar:1.3.04:provided - omitted for duplicate)
|  |  |  |  \- (xml-apis:xml-apis-ext:jar:1.3.04:provided - omitted for duplicate)
|  |  |  +- org.apache.xmlgraphics:batik-svg-dom:jar:1.9:provided
|  |  |  |  +- (org.apache.xmlgraphics:batik-awt-util:jar:1.9:provided - omitted for duplicate)
|  |  |  |  +- (org.apache.xmlgraphics:batik-css:jar:1.9:provided - omitted for duplicate)
|  |  |  |  +- (org.apache.xmlgraphics:batik-dom:jar:1.9:provided - omitted for duplicate)
|  |  |  |  +- (org.apache.xmlgraphics:batik-ext:jar:1.9:provided - omitted for duplicate)
|  |  |  |  +- (org.apache.xmlgraphics:batik-parser:jar:1.9:provided - omitted for duplicate)
|  |  |  |  +- (org.apache.xmlgraphics:batik-util:jar:1.9:provided - omitted for duplicate)
|  |  |  |  +- (xml-apis:xml-apis:jar:1.3.04:provided - omitted for duplicate)
|  |  |  |  \- (xml-apis:xml-apis-ext:jar:1.3.04:provided - omitted for duplicate)
|  |  |  +- (org.apache.xmlgraphics:batik-util:jar:1.9:provided - omitted for duplicate)
|  |  |  +- (xml-apis:xml-apis:jar:1.3.04:provided - omitted for duplicate)
|  |  |  \- (xml-apis:xml-apis-ext:jar:1.3.04:provided - omitted for duplicate)
|  |  +- org.apache.xmlgraphics:batik-awt-util:jar:1.9:provided
|  |  |  \- (org.apache.xmlgraphics:batik-util:jar:1.9:provided - omitted for duplicate)
|  |  +- org.apache.xmlgraphics:batik-bridge:jar:1.9:provided
|  |  |  +- (org.apache.xmlgraphics:batik-anim:jar:1.9:provided - omitted for duplicate)
|  |  |  +- (org.apache.xmlgraphics:batik-awt-util:jar:1.9:provided - omitted for duplicate)
|  |  |  +- (org.apache.xmlgraphics:batik-css:jar:1.9:provided - omitted for duplicate)
|  |  |  +- (org.apache.xmlgraphics:batik-dom:jar:1.9:provided - omitted for duplicate)
|  |  |  +- (org.apache.xmlgraphics:batik-ext:jar:1.9:provided - omitted for duplicate)
|  |  |  +- (org.apache.xmlgraphics:batik-gvt:jar:1.9:provided - omitted for duplicate)
|  |  |  +- (org.apache.xmlgraphics:batik-parser:jar:1.9:provided - omitted for duplicate)
|  |  |  +- org.apache.xmlgraphics:batik-script:jar:1.9:provided
|  |  |  |  +- (org.apache.xmlgraphics:batik-anim:jar:1.9:provided - omitted for duplicate)
|  |  |  |  +- (org.apache.xmlgraphics:batik-util:jar:1.9:provided - omitted for duplicate)
|  |  |  |  \- (xml-apis:xml-apis:jar:1.3.04:provided - omitted for duplicate)
|  |  |  +- (org.apache.xmlgraphics:batik-svg-dom:jar:1.9:provided - omitted for duplicate)
|  |  |  +- (org.apache.xmlgraphics:batik-util:jar:1.9:provided - omitted for duplicate)
|  |  |  +- (org.apache.xmlgraphics:batik-xml:jar:1.9:provided - omitted for duplicate)
|  |  |  +- (xalan:xalan:jar:2.7.2:provided - omitted for duplicate)
|  |  |  +- (xml-apis:xml-apis:jar:1.3.04:provided - omitted for duplicate)
|  |  |  \- (xml-apis:xml-apis-ext:jar:1.3.04:provided - omitted for duplicate)
|  |  +- org.apache.xmlgraphics:batik-dom:jar:1.9:provided
|  |  |  +- (org.apache.xmlgraphics:batik-css:jar:1.9:provided - omitted for duplicate)
|  |  |  +- (org.apache.xmlgraphics:batik-ext:jar:1.9:provided - omitted for duplicate)
|  |  |  +- (org.apache.xmlgraphics:batik-util:jar:1.9:provided - omitted for duplicate)
|  |  |  +- (org.apache.xmlgraphics:batik-xml:jar:1.9:provided - omitted for duplicate)
|  |  |  +- (xalan:xalan:jar:2.7.2:provided - omitted for duplicate)
|  |  |  +- (xml-apis:xml-apis:jar:1.3.04:provided - omitted for duplicate)
|  |  |  \- (xml-apis:xml-apis-ext:jar:1.3.04:provided - omitted for duplicate)
|  |  +- org.apache.xmlgraphics:batik-gvt:jar:1.9:provided
|  |  |  +- (org.apache.xmlgraphics:batik-awt-util:jar:1.9:provided - omitted for duplicate)
|  |  |  \- (org.apache.xmlgraphics:batik-util:jar:1.9:provided - omitted for duplicate)
|  |  +- org.apache.xmlgraphics:batik-util:jar:1.9:provided
|  |  |  +- org.apache.xmlgraphics:batik-constants:jar:1.9:provided
|  |  |  \- org.apache.xmlgraphics:batik-i18n:jar:1.9:provided
|  |  +- org.apache.xmlgraphics:batik-xml:jar:1.9:provided
|  |  |  \- (org.apache.xmlgraphics:batik-util:jar:1.9:provided - omitted for duplicate)
|  |  +- (xml-apis:xml-apis:jar:1.3.04:provided - omitted for duplicate)
|  |  \- xml-apis:xml-apis-ext:jar:1.3.04:provided
|  +- org.apache.xmlgraphics:batik-codec:jar:1.9:provided
|  |  +- (org.apache.xmlgraphics:batik-awt-util:jar:1.9:provided - omitted for duplicate)
|  |  +- (org.apache.xmlgraphics:batik-bridge:jar:1.9:provided - omitted for duplicate)
|  |  +- (org.apache.xmlgraphics:batik-transcoder:jar:1.9:provided - omitted for duplicate)
|  |  +- (org.apache.xmlgraphics:batik-util:jar:1.9:provided - omitted for duplicate)
|  |  \- (xml-apis:xml-apis:jar:1.3.04:provided - omitted for duplicate)
|  +- com.atlassian.extension:atlassian-extension-accessor-lib:jar:1.0.0-m003:provided
|  |  +- com.atlassian.extension:atlassian-extension-accessor-api:jar:1.0.0-m003:provided
|  |  |  +- (com.atlassian.annotations:atlassian-annotations:jar:0.16:provided - omitted for conflict with 1.1.0)
|  |  |  \- (com.google.code.findbugs:jsr305:jar:3.0.0:provided - omitted for duplicate)
|  |  +- com.atlassian.extension:atlassian-extension-provider-api:jar:1.0.0-m003:provided
|  |  |  +- (com.atlassian.annotations:atlassian-annotations:jar:0.16:provided - omitted for conflict with 1.1.0)
|  |  |  \- (com.google.code.findbugs:jsr305:jar:3.0.0:provided - omitted for duplicate)
|  |  \- (com.google.guava:guava:jar:18.0:provided - omitted for duplicate)
|  +- com.atlassian.extension:atlassian-extension-plugins-lib:jar:1.0.0-m003:provided
|  |  +- (com.atlassian.extension:atlassian-extension-accessor-api:jar:1.0.0-m003:provided - omitted for duplicate)
|  |  +- com.atlassian.extension:atlassian-extension-provider-lib:jar:1.0.0-m003:provided
|  |  |  +- (com.atlassian.extension:atlassian-extension-provider-api:jar:1.0.0-m003:provided - omitted for duplicate)
|  |  |  \- (com.google.guava:guava:jar:18.0:provided - omitted for duplicate)
|  |  +- com.atlassian.extension:atlassian-extension-util-lib:jar:1.0.0-m003:provided
|  |  |  \- (com.google.code.findbugs:jsr305:jar:3.0.0:provided - omitted for duplicate)
|  |  +- (com.atlassian.plugins:atlassian-plugins-api:jar:4.0.4:provided - omitted for conflict with 4.5.0)
|  |  \- (com.google.guava:guava:jar:18.0:provided - omitted for duplicate)
|  +- com.atlassian.web:atlassian-servlet-api:jar:4.0.0:provided
|  +- io.atlassian.fugue:fugue:jar:4.5.0:provided
|  +- io.atlassian.fugue:fugue-guava:jar:4.5.0:provided
|  \- io.atlassian.fugue:fugue-retry:jar:4.5.0:provided
+- com.atlassian.plugin:atlassian-spring-scanner-annotation:jar:1.2.13:compile
+- com.atlassian.plugin:atlassian-spring-scanner-runtime:jar:1.2.13:runtime
|  \- (com.atlassian.plugin:atlassian-spring-scanner-annotation:jar:1.2.13:runtime - omitted for duplicate)
+- javax.inject:javax.inject:jar:1:provided
+- com.atlassian.plugins.rest:atlassian-rest-common:jar:1.0.2:provided
|  +- com.atlassian.plugins.rest:com.atlassian.jersey-library:pom:1.0.2:provided
|  |  +- javax.ws.rs:jsr311-api:jar:1.0:provided
|  |  +- com.sun.jersey:jersey-server:jar:1.0.3:provided
|  |  |  +- com.sun.jersey:jersey-core:jar:1.0.3:provided
|  |  |  |  \- (javax.ws.rs:jsr311-api:jar:1.0:provided - omitted for duplicate)
|  |  |  \- asm:asm:jar:3.1:provided
|  |  +- com.sun.jersey:jersey-json:jar:1.0.3:provided
|  |  |  +- (com.sun.jersey:jersey-core:jar:1.0.3:provided - omitted for duplicate)
|  |  |  +- org.codehaus.jettison:jettison:jar:1.0.1:provided
|  |  |  +- com.sun.xml.bind:jaxb-impl:jar:2.1.10:provided
|  |  |  |  \- (javax.xml.bind:jaxb-api:jar:2.1:provided - omitted for duplicate)
|  |  |  \- org.codehaus.jackson:jackson-asl:jar:0.9.4:provided
|  |  +- commons-fileupload:commons-fileupload:jar:1.2.1:provided
|  |  \- (net.sourceforge.findbugs:jsr305:jar:1.3.2:provided - omitted for duplicate)
|  +- javax.xml.bind:jaxb-api:jar:2.1:provided
|  |  +- javax.xml.stream:stax-api:jar:1.0-2:provided
|  |  \- (javax.activation:activation:jar:1.1:provided - omitted for conflict with 1.1.1)
|  \- net.sourceforge.findbugs:jsr305:jar:1.3.2:provided
+- org.projectlombok:lombok:jar:1.16.16:provided
+- org.codehaus.groovy:groovy-all:jar:2.4.15:compile
+- javax.servlet:servlet-api:jar:2.4:provided
+- org.slf4j:slf4j-api:jar:1.7.9:provided
+- com.atlassian.templaterenderer:atlassian-template-renderer-api:jar:1.3.1:provided
+- com.atlassian.activeobjects:activeobjects-plugin:jar:1.5.0:provided
|  +- net.java.dev.activeobjects:activeobjects:jar:1.5.0:provided
|  |  +- (com.google.guava:guava:jar:11.0.2:provided - omitted for conflict with 18.0)
|  |  +- (com.google.code.findbugs:jsr305:jar:1.3.9:provided - omitted for conflict with 3.0.0)
|  |  +- (org.slf4j:slf4j-api:jar:1.5.11:provided - omitted for conflict with 1.7.9)
|  |  \- (commons-lang:commons-lang:jar:2.6:provided - omitted for duplicate)
|  +- com.atlassian.activeobjects:activeobjects-core:jar:1.5.0:provided
|  |  +- (com.atlassian.activeobjects:activeobjects-spi:jar:1.5.0:provided - omitted for conflict with 1.4.0)
|  |  \- (net.java.dev.activeobjects:activeobjects:jar:1.5.0:provided - omitted for duplicate)
|  +- com.atlassian.activeobjects:activeobjects-dbex:jar:1.5.0:provided
|  |  \- (com.atlassian.activeobjects:activeobjects-spi:jar:1.5.0:provided - omitted for conflict with 1.4.0)
|  +- org.codehaus.woodstox:woodstox-core-asl:jar:4.1.0:provided
|  |  \- org.codehaus.woodstox:stax2-api:jar:3.1.0:provided
|  \- com.google.code.gson:gson:jar:1.7.2:provided
+- com.github.wumpz:diffutils:jar:2.2:compile
+- com.github.ben-manes.caffeine:caffeine:jar:2.6.1:compile
+- com.atlassian.pocketknife:atlassian-pocketknife-querydsl:jar:4.4.1:compile
|  +- com.querydsl:querydsl-sql:jar:4.1.4:compile
|  |  +- com.querydsl:querydsl-core:jar:4.1.4:compile
|  |  |  +- com.mysema.commons:mysema-commons-lang:jar:0.2.4:compile
|  |  |  \- (com.infradna.tool:bridge-method-annotation:jar:1.13:compile - omitted for duplicate)
|  |  +- javax.validation:validation-api:jar:1.1.0.Final:compile
|  |  +- org.apache.servicemix.bundles:org.apache.servicemix.bundles.javax-inject:jar:1_2:compile
|  |  \- com.infradna.tool:bridge-method-annotation:jar:1.13:compile
|  +- org.jooq:joor:jar:0.9.5:compile
|  +- com.google.code.findbugs:jsr305:jar:3.0.0:compile
|  \- com.atlassian.annotations:atlassian-annotations:jar:1.1.0:compile
|     \- (com.google.code.findbugs:jsr305:jar:3.0.0:compile - omitted for duplicate)
\- com.google.guava:guava:jar:18.0:provided

