WARNING: Your kernel does not support swap limit capabilities or the cgroup is not mounted. Memory limited without swap.
com.keybox:keybox:war:2.90.02
+- org.apache.struts:struts2-core:jar:2.5.13:compile
|  +- org.freemarker:freemarker:jar:2.3.23:compile
|  +- ognl:ognl:jar:3.1.15:compile
|  |  \- org.javassist:javassist:jar:3.20.0-GA:compile
|  +- (org.apache.logging.log4j:log4j-api:jar:2.8.2:compile - omitted for conflict with 2.9.1)
|  +- (commons-fileupload:commons-fileupload:jar:1.3.3:compile - omitted for duplicate)
|  +- commons-io:commons-io:jar:2.5:compile
|  \- org.apache.commons:commons-lang3:jar:3.6:compile
+- org.apache.struts:struts2-convention-plugin:jar:2.5.13:compile
|  +- (org.apache.commons:commons-lang3:jar:3.6:compile - omitted for duplicate)
|  +- org.ow2.asm:asm:jar:5.2:compile
|  +- org.ow2.asm:asm-commons:jar:5.2:compile
|  |  \- org.ow2.asm:asm-tree:jar:5.2:compile
|  |     \- (org.ow2.asm:asm:jar:5.2:compile - omitted for duplicate)
|  \- (org.apache.struts:struts2-core:jar:2.5.13:compile - omitted for duplicate)
+- com.h2database:h2:jar:1.4.196:compile
+- com.jcraft:jsch:jar:0.1.54:compile
+- com.google.code.gson:gson:jar:2.8.2:compile
+- commons-fileupload:commons-fileupload:jar:1.3.3:compile
|  \- (commons-io:commons-io:jar:2.2:compile - omitted for conflict with 2.5)
+- org.slf4j:slf4j-api:jar:1.7.25:compile
+- org.apache.logging.log4j:log4j-slf4j-impl:jar:2.9.1:compile
|  +- (org.slf4j:slf4j-api:jar:1.7.25:compile - omitted for duplicate)
|  +- (org.apache.logging.log4j:log4j-api:jar:2.9.1:compile - omitted for conflict with 2.8.2)
|  \- (org.apache.logging.log4j:log4j-core:jar:2.9.1:runtime - omitted for duplicate)
+- org.apache.logging.log4j:log4j-api:jar:2.9.1:compile
+- org.apache.logging.log4j:log4j-core:jar:2.9.1:compile
|  \- (org.apache.logging.log4j:log4j-api:jar:2.9.1:compile - omitted for duplicate)
+- commons-codec:commons-codec:jar:1.10:compile
+- org.apache.commons:commons-dbcp2:jar:2.1.1:compile
|  +- org.apache.commons:commons-pool2:jar:2.4.2:compile
|  \- commons-logging:commons-logging:jar:1.2:compile
+- commons-configuration:commons-configuration:jar:1.10:compile
|  +- commons-lang:commons-lang:jar:2.6:compile
|  \- (commons-logging:commons-logging:jar:1.1.1:compile - omitted for conflict with 1.2)
+- com.google.zxing:core:jar:3.3.0:compile
+- org.eclipse.jetty:jetty-jaas:jar:9.4.7.v20170914:provided
|  \- org.eclipse.jetty:jetty-security:jar:9.4.7.v20170914:provided
|     \- org.eclipse.jetty:jetty-server:jar:9.4.7.v20170914:provided
|        +- javax.servlet:javax.servlet-api:jar:3.1.0:provided
|        +- org.eclipse.jetty:jetty-http:jar:9.4.7.v20170914:provided
|        |  +- org.eclipse.jetty:jetty-util:jar:9.4.7.v20170914:provided
|        |  \- (org.eclipse.jetty:jetty-io:jar:9.4.7.v20170914:provided - omitted for duplicate)
|        \- org.eclipse.jetty:jetty-io:jar:9.4.7.v20170914:provided
|           \- (org.eclipse.jetty:jetty-util:jar:9.4.7.v20170914:provided - omitted for duplicate)
+- javax.websocket:javax.websocket-api:jar:1.1:provided
\- org.eclipse.jetty.orbit:javax.servlet:jar:3.0.0.v201112011016:provided

