WARNING: Your kernel does not support swap limit capabilities or the cgroup is not mounted. Memory limited without swap.
com.ec2box:ec2box:war:0.16.01
+- org.apache.struts:struts2-core:jar:2.3.16.3:compile
|  +- org.apache.struts.xwork:xwork-core:jar:2.3.16.3:compile
|  |  +- (org.apache.commons:commons-lang3:jar:3.1:compile - omitted for duplicate)
|  |  +- (ognl:ognl:jar:3.0.6:compile - omitted for duplicate)
|  |  +- asm:asm:jar:3.3:compile
|  |  \- asm:asm-commons:jar:3.3:compile
|  |     \- asm:asm-tree:jar:3.3:compile
|  |        \- (asm:asm:jar:3.3:compile - omitted for duplicate)
|  +- org.freemarker:freemarker:jar:2.3.19:compile
|  +- ognl:ognl:jar:3.0.6:compile
|  |  \- javassist:javassist:jar:3.11.0.GA:compile
|  +- (commons-fileupload:commons-fileupload:jar:1.3.1:compile - omitted for duplicate)
|  \- commons-io:commons-io:jar:2.2:compile
+- org.apache.struts:struts2-convention-plugin:jar:2.3.16.3:compile
|  +- org.apache.commons:commons-lang3:jar:3.1:compile
|  \- (org.apache.struts:struts2-core:jar:2.3.16.3:compile - omitted for duplicate)
+- com.h2database:h2:jar:1.4.182:compile
+- com.jcraft:jsch:jar:0.1.51:compile
+- com.google.code.gson:gson:jar:2.3:compile
+- com.amazonaws:aws-java-sdk:jar:1.9.4:compile
|  +- com.amazonaws:aws-java-sdk-elastictranscoder:jar:1.9.4:compile
|  |  \- com.amazonaws:aws-java-sdk-core:jar:1.9.4:compile
|  |     +- commons-logging:commons-logging:jar:1.1.3:compile
|  |     +- org.apache.httpcomponents:httpclient:jar:4.3:compile
|  |     |  +- org.apache.httpcomponents:httpcore:jar:4.3:compile
|  |     |  +- (commons-logging:commons-logging:jar:1.1.3:compile - omitted for duplicate)
|  |     |  \- commons-codec:commons-codec:jar:1.6:compile
|  |     +- com.fasterxml.jackson.core:jackson-databind:jar:2.3.2:compile
|  |     |  +- com.fasterxml.jackson.core:jackson-annotations:jar:2.3.0:compile
|  |     |  \- com.fasterxml.jackson.core:jackson-core:jar:2.3.2:compile
|  |     \- joda-time:joda-time:jar:2.10.8:compile
|  +- com.amazonaws:aws-java-sdk-cognitoidentity:jar:1.9.4:compile
|  |  \- (com.amazonaws:aws-java-sdk-core:jar:1.9.4:compile - omitted for duplicate)
|  +- com.amazonaws:aws-java-sdk-redshift:jar:1.9.4:compile
|  |  \- (com.amazonaws:aws-java-sdk-core:jar:1.9.4:compile - omitted for duplicate)
|  +- com.amazonaws:aws-java-sdk-ses:jar:1.9.4:compile
|  |  \- (com.amazonaws:aws-java-sdk-core:jar:1.9.4:compile - omitted for duplicate)
|  +- com.amazonaws:aws-java-sdk-route53:jar:1.9.4:compile
|  |  \- (com.amazonaws:aws-java-sdk-core:jar:1.9.4:compile - omitted for duplicate)
|  +- com.amazonaws:aws-java-sdk-rds:jar:1.9.4:compile
|  |  \- (com.amazonaws:aws-java-sdk-core:jar:1.9.4:compile - omitted for duplicate)
|  +- com.amazonaws:aws-java-sdk-cloudtrail:jar:1.9.4:compile
|  |  \- (com.amazonaws:aws-java-sdk-core:jar:1.9.4:compile - omitted for duplicate)
|  +- com.amazonaws:aws-java-sdk-cloudsearch:jar:1.9.4:compile
|  |  \- (com.amazonaws:aws-java-sdk-core:jar:1.9.4:compile - omitted for duplicate)
|  +- com.amazonaws:aws-java-sdk-swf-libraries:jar:1.9.4:compile
|  |  \- com.amazonaws:aws-java-sdk-simpleworkflow:jar:1.9.4:compile
|  |     \- (com.amazonaws:aws-java-sdk-core:jar:1.9.4:compile - omitted for duplicate)
|  +- com.amazonaws:aws-java-sdk-datapipeline:jar:1.9.4:compile
|  |  \- (com.amazonaws:aws-java-sdk-core:jar:1.9.4:compile - omitted for duplicate)
|  +- com.amazonaws:aws-java-sdk-storagegateway:jar:1.9.4:compile
|  |  \- (com.amazonaws:aws-java-sdk-core:jar:1.9.4:compile - omitted for duplicate)
|  +- com.amazonaws:aws-java-sdk-glacier:jar:1.9.4:compile
|  |  +- com.amazonaws:aws-java-sdk-sqs:jar:1.9.4:compile
|  |  |  \- (com.amazonaws:aws-java-sdk-core:jar:1.9.4:compile - omitted for duplicate)
|  |  +- com.amazonaws:aws-java-sdk-sns:jar:1.9.4:compile
|  |  |  \- (com.amazonaws:aws-java-sdk-sqs:jar:1.9.4:compile - omitted for duplicate)
|  |  \- com.amazonaws:aws-java-sdk-s3:jar:1.9.4:compile
|  |     \- (com.amazonaws:aws-java-sdk-core:jar:1.9.4:compile - omitted for duplicate)
|  +- com.amazonaws:aws-java-sdk-emr:jar:1.9.4:compile
|  |  \- (com.amazonaws:aws-java-sdk-core:jar:1.9.4:compile - omitted for duplicate)
|  +- com.amazonaws:aws-java-sdk-cloudwatchmetrics:jar:1.9.4:compile
|  |  +- com.amazonaws:aws-java-sdk-cloudwatch:jar:1.9.4:compile
|  |  |  \- (com.amazonaws:aws-java-sdk-core:jar:1.9.4:compile - omitted for duplicate)
|  |  \- com.amazonaws:aws-java-sdk-dynamodb:jar:1.9.4:compile
|  |     \- (com.amazonaws:aws-java-sdk-s3:jar:1.9.4:compile - omitted for duplicate)
|  +- com.amazonaws:aws-java-sdk-logs:jar:1.9.4:compile
|  |  \- (com.amazonaws:aws-java-sdk-core:jar:1.9.4:compile - omitted for duplicate)
|  +- com.amazonaws:aws-java-sdk-support:jar:1.9.4:compile
|  |  \- (com.amazonaws:aws-java-sdk-core:jar:1.9.4:compile - omitted for duplicate)
|  +- com.amazonaws:aws-java-sdk-ec2:jar:1.9.4:compile
|  |  \- (com.amazonaws:aws-java-sdk-core:jar:1.9.4:compile - omitted for duplicate)
|  +- com.amazonaws:aws-java-sdk-elasticbeanstalk:jar:1.9.4:compile
|  |  \- (com.amazonaws:aws-java-sdk-core:jar:1.9.4:compile - omitted for duplicate)
|  +- com.amazonaws:aws-java-sdk-simpledb:jar:1.9.4:compile
|  |  \- (com.amazonaws:aws-java-sdk-core:jar:1.9.4:compile - omitted for duplicate)
|  +- com.amazonaws:aws-java-sdk-cognitosync:jar:1.9.4:compile
|  |  \- (com.amazonaws:aws-java-sdk-core:jar:1.9.4:compile - omitted for duplicate)
|  +- com.amazonaws:aws-java-sdk-cloudfront:jar:1.9.4:compile
|  |  \- (com.amazonaws:aws-java-sdk-core:jar:1.9.4:compile - omitted for duplicate)
|  +- com.amazonaws:aws-java-sdk-elasticache:jar:1.9.4:compile
|  |  \- (com.amazonaws:aws-java-sdk-core:jar:1.9.4:compile - omitted for duplicate)
|  +- com.amazonaws:aws-java-sdk-importexport:jar:1.9.4:compile
|  |  \- (com.amazonaws:aws-java-sdk-core:jar:1.9.4:compile - omitted for duplicate)
|  +- com.amazonaws:aws-java-sdk-opsworks:jar:1.9.4:compile
|  |  \- (com.amazonaws:aws-java-sdk-core:jar:1.9.4:compile - omitted for duplicate)
|  +- com.amazonaws:aws-java-sdk-elasticloadbalancing:jar:1.9.4:compile
|  |  \- (com.amazonaws:aws-java-sdk-core:jar:1.9.4:compile - omitted for duplicate)
|  +- com.amazonaws:aws-java-sdk-autoscaling:jar:1.9.4:compile
|  |  \- (com.amazonaws:aws-java-sdk-core:jar:1.9.4:compile - omitted for duplicate)
|  +- com.amazonaws:aws-java-sdk-kinesis:jar:1.9.4:compile
|  |  \- (com.amazonaws:aws-java-sdk-core:jar:1.9.4:compile - omitted for duplicate)
|  +- com.amazonaws:aws-java-sdk-cloudformation:jar:1.9.4:compile
|  |  \- (com.amazonaws:aws-java-sdk-core:jar:1.9.4:compile - omitted for duplicate)
|  +- com.amazonaws:aws-java-sdk-sts:jar:1.9.4:compile
|  |  \- (com.amazonaws:aws-java-sdk-core:jar:1.9.4:compile - omitted for duplicate)
|  +- com.amazonaws:aws-java-sdk-directconnect:jar:1.9.4:compile
|  |  \- (com.amazonaws:aws-java-sdk-core:jar:1.9.4:compile - omitted for duplicate)
|  \- com.amazonaws:aws-java-sdk-iam:jar:1.9.4:compile
|     \- (com.amazonaws:aws-java-sdk-core:jar:1.9.4:compile - omitted for duplicate)
+- commons-fileupload:commons-fileupload:jar:1.3.1:compile
|  \- (commons-io:commons-io:jar:2.2:compile - omitted for duplicate)
+- commons-dbcp:commons-dbcp:jar:1.4:compile
|  \- commons-pool:commons-pool:jar:1.5.4:compile
+- javax.websocket:javax.websocket-api:jar:1.1:provided
\- org.eclipse.jetty.orbit:javax.servlet:jar:3.0.0.v201112011016:provided

