WARNING: Your kernel does not support swap limit capabilities or the cgroup is not mounted. Memory limited without swap.
com.keybox:keybox:war:1.08.20
+- org.apache.struts:struts2-core:jar:2.3.8:compile
|  +- org.apache.struts.xwork:xwork-core:jar:2.3.8:compile
|  |  +- (org.apache.commons:commons-lang3:jar:3.1:compile - omitted for duplicate)
|  |  +- (ognl:ognl:jar:3.0.6:compile - omitted for duplicate)
|  |  +- asm:asm:jar:3.3:compile
|  |  \- asm:asm-commons:jar:3.3:compile
|  |     \- asm:asm-tree:jar:3.3:compile
|  |        \- (asm:asm:jar:3.3:compile - omitted for duplicate)
|  +- org.freemarker:freemarker:jar:2.3.19:compile
|  +- ognl:ognl:jar:3.0.6:compile
|  |  \- javassist:javassist:jar:3.11.0.GA:compile
|  +- (commons-fileupload:commons-fileupload:jar:1.2.2:compile - omitted for duplicate)
|  \- (commons-io:commons-io:jar:2.0.1:compile - omitted for conflict with 2.4)
+- org.apache.struts:struts2-convention-plugin:jar:2.3.8:compile
|  +- org.apache.commons:commons-lang3:jar:3.1:compile
|  \- (org.apache.struts:struts2-core:jar:2.3.8:compile - omitted for duplicate)
+- org.xerial:sqlite-jdbc:jar:3.7.2:compile
+- org.apache.commons:commons-exec:jar:1.1:compile
+- com.jcraft:jsch:jar:0.1.49:compile
+- net.sf.json-lib:json-lib:jar:jdk15:2.4:compile
|  +- commons-beanutils:commons-beanutils:jar:1.8.0:compile
|  |  \- (commons-logging:commons-logging:jar:1.1.1:compile - omitted for duplicate)
|  +- commons-collections:commons-collections:jar:3.2.1:compile
|  +- commons-lang:commons-lang:jar:2.5:compile
|  +- commons-logging:commons-logging:jar:1.1.1:compile
|  \- net.sf.ezmorph:ezmorph:jar:1.0.6:compile
|     \- (commons-lang:commons-lang:jar:2.3:compile - omitted for conflict with 2.5)
+- commons-fileupload:commons-fileupload:jar:1.2.2:compile
+- commons-io:commons-io:jar:2.4:compile
\- org.eclipse.jetty.orbit:javax.servlet:jar:3.0.0.v201112011016:compile

