WARNING: Your kernel does not support swap limit capabilities or the cgroup is not mounted. Memory limited without swap.
com.ec2box:ec2box:war:0.15.11
+- org.apache.struts:struts2-core:jar:2.3.16.3:compile
|  +- org.apache.struts.xwork:xwork-core:jar:2.3.16.3:compile
|  |  +- (org.apache.commons:commons-lang3:jar:3.1:compile - omitted for duplicate)
|  |  +- (ognl:ognl:jar:3.0.6:compile - omitted for duplicate)
|  |  +- asm:asm:jar:3.3:compile
|  |  \- asm:asm-commons:jar:3.3:compile
|  |     \- asm:asm-tree:jar:3.3:compile
|  |        \- (asm:asm:jar:3.3:compile - omitted for duplicate)
|  +- org.freemarker:freemarker:jar:2.3.19:compile
|  +- ognl:ognl:jar:3.0.6:compile
|  |  \- javassist:javassist:jar:3.11.0.GA:compile
|  +- (commons-fileupload:commons-fileupload:jar:1.3.1:compile - omitted for duplicate)
|  \- commons-io:commons-io:jar:2.2:compile
+- org.apache.struts:struts2-convention-plugin:jar:2.3.16.3:compile
|  +- org.apache.commons:commons-lang3:jar:3.1:compile
|  \- (org.apache.struts:struts2-core:jar:2.3.16.3:compile - omitted for duplicate)
+- com.h2database:h2:jar:1.4.181:compile
+- com.jcraft:jsch:jar:0.1.51:compile
+- com.google.code.gson:gson:jar:2.2.4:compile
+- com.amazonaws:aws-java-sdk:jar:1.8.9.1:compile
|  +- commons-logging:commons-logging:jar:1.1.1:compile
|  +- org.apache.httpcomponents:httpclient:jar:4.2:compile
|  |  +- org.apache.httpcomponents:httpcore:jar:4.2:compile
|  |  +- (commons-logging:commons-logging:jar:1.1.1:compile - omitted for duplicate)
|  |  \- commons-codec:commons-codec:jar:1.6:compile
|  +- com.fasterxml.jackson.core:jackson-core:jar:2.1.1:compile
|  +- com.fasterxml.jackson.core:jackson-databind:jar:2.1.1:compile
|  |  +- (com.fasterxml.jackson.core:jackson-annotations:jar:2.1.1:compile - omitted for duplicate)
|  |  \- (com.fasterxml.jackson.core:jackson-core:jar:2.1.1:compile - omitted for duplicate)
|  +- com.fasterxml.jackson.core:jackson-annotations:jar:2.1.1:compile
|  \- joda-time:joda-time:jar:2.10.8:compile
+- commons-fileupload:commons-fileupload:jar:1.3.1:compile
|  \- (commons-io:commons-io:jar:2.2:compile - omitted for duplicate)
+- commons-dbcp:commons-dbcp:jar:1.4:compile
|  \- commons-pool:commons-pool:jar:1.5.4:compile
+- javax.websocket:javax.websocket-api:jar:1.0:compile
\- org.eclipse.jetty.orbit:javax.servlet:jar:3.0.0.v201112011016:provided

