WARNING: Your kernel does not support swap limit capabilities or the cgroup is not mounted. Memory limited without swap.
com.keybox:keybox:war:2.70.01
+- org.apache.struts:struts2-core:jar:2.3.20:compile
|  +- org.apache.struts.xwork:xwork-core:jar:2.3.20:compile
|  |  +- (org.apache.commons:commons-lang3:jar:3.2:compile - omitted for duplicate)
|  |  +- (ognl:ognl:jar:3.0.6:compile - omitted for duplicate)
|  |  +- org.ow2.asm:asm:jar:5.0.2:compile
|  |  \- org.ow2.asm:asm-commons:jar:5.0.2:compile
|  |     \- org.ow2.asm:asm-tree:jar:5.0.2:compile
|  |        \- (org.ow2.asm:asm:jar:5.0.2:compile - omitted for duplicate)
|  +- org.freemarker:freemarker:jar:2.3.19:compile
|  +- ognl:ognl:jar:3.0.6:compile
|  |  \- javassist:javassist:jar:3.11.0.GA:compile
|  +- (commons-fileupload:commons-fileupload:jar:1.3.1:compile - omitted for duplicate)
|  \- commons-io:commons-io:jar:2.2:compile
+- org.apache.struts:struts2-convention-plugin:jar:2.3.20:compile
|  +- org.apache.commons:commons-lang3:jar:3.2:compile
|  \- (org.apache.struts:struts2-core:jar:2.3.20:compile - omitted for duplicate)
+- com.h2database:h2:jar:1.4.184:compile
+- com.jcraft:jsch:jar:0.1.51:compile
+- com.google.code.gson:gson:jar:2.3.1:compile
+- commons-fileupload:commons-fileupload:jar:1.3.1:compile
|  \- (commons-io:commons-io:jar:2.2:compile - omitted for duplicate)
+- commons-codec:commons-codec:jar:1.10:compile
+- commons-dbcp:commons-dbcp:jar:1.4:compile
|  \- commons-pool:commons-pool:jar:1.5.4:compile
+- commons-configuration:commons-configuration:jar:1.10:compile
|  +- commons-lang:commons-lang:jar:2.6:compile
|  \- commons-logging:commons-logging:jar:1.1.1:compile
+- com.google.zxing:core:jar:3.1.0:compile
+- javax.websocket:javax.websocket-api:jar:1.1:provided
\- org.eclipse.jetty.orbit:javax.servlet:jar:3.0.0.v201112011016:provided

