WARNING: Your kernel does not support swap limit capabilities or the cgroup is not mounted. Memory limited without swap.
cn.beecloud:beecloud-java-sdk:jar:3.1.5
+- javax.ws.rs:javax.ws.rs-api:jar:2.0.1:compile
+- org.glassfish.jersey.core:jersey-client:jar:2.6:compile
|  +- org.glassfish.jersey.core:jersey-common:jar:2.6:compile
|  |  +- (javax.ws.rs:javax.ws.rs-api:jar:2.0:compile - omitted for conflict with 2.0.1)
|  |  +- javax.annotation:javax.annotation-api:jar:1.2:compile
|  |  +- org.glassfish.jersey.bundles.repackaged:jersey-guava:jar:2.6:compile
|  |  +- (org.glassfish.hk2:hk2-api:jar:2.2.0:compile - omitted for duplicate)
|  |  +- (org.glassfish.hk2.external:javax.inject:jar:2.2.0:compile - omitted for duplicate)
|  |  +- (org.glassfish.hk2:hk2-locator:jar:2.2.0:compile - omitted for duplicate)
|  |  \- org.glassfish.hk2:osgi-resource-locator:jar:1.0.1:compile
|  +- (javax.ws.rs:javax.ws.rs-api:jar:2.0:compile - omitted for conflict with 2.0.1)
|  +- org.glassfish.hk2:hk2-api:jar:2.2.0:compile
|  |  +- org.glassfish.hk2:hk2-utils:jar:2.2.0:compile
|  |  \- org.glassfish.hk2.external:aopalliance-repackaged:jar:2.2.0:compile
|  +- org.glassfish.hk2.external:javax.inject:jar:2.2.0:compile
|  \- org.glassfish.hk2:hk2-locator:jar:2.2.0:compile
|     +- (org.glassfish.hk2.external:javax.inject:jar:2.2.0:compile - omitted for duplicate)
|     +- (org.glassfish.hk2.external:aopalliance-repackaged:jar:2.2.0:compile - omitted for duplicate)
|     +- (org.glassfish.hk2:hk2-api:jar:2.2.0:compile - omitted for duplicate)
|     +- (org.glassfish.hk2:hk2-utils:jar:2.2.0:compile - omitted for duplicate)
|     \- org.javassist:javassist:jar:3.18.1-GA:compile
+- org.glassfish.jersey.media:jersey-media-json-jackson:jar:2.6:compile
|  +- (org.glassfish.jersey.core:jersey-common:jar:2.6:compile - omitted for duplicate)
|  +- org.codehaus.jackson:jackson-core-asl:jar:1.9.13:compile
|  +- org.codehaus.jackson:jackson-mapper-asl:jar:1.9.13:compile
|  |  \- (org.codehaus.jackson:jackson-core-asl:jar:1.9.13:compile - omitted for duplicate)
|  +- org.codehaus.jackson:jackson-jaxrs:jar:1.9.13:compile
|  |  +- (org.codehaus.jackson:jackson-core-asl:jar:1.9.13:compile - omitted for duplicate)
|  |  \- (org.codehaus.jackson:jackson-mapper-asl:jar:1.9.13:compile - omitted for duplicate)
|  \- org.codehaus.jackson:jackson-xc:jar:1.9.13:compile
|     +- (org.codehaus.jackson:jackson-core-asl:jar:1.9.13:compile - omitted for duplicate)
|     \- (org.codehaus.jackson:jackson-mapper-asl:jar:1.9.13:compile - omitted for duplicate)
+- commons-codec:commons-codec:jar:1.6:compile
+- net.sf.json-lib:json-lib:jar:jdk15:2.2.3:compile
|  +- commons-beanutils:commons-beanutils:jar:1.7.0:compile
|  |  \- (commons-logging:commons-logging:jar:1.0.3:compile - omitted for conflict with 1.1.1)
|  +- commons-collections:commons-collections:jar:3.2:compile
|  +- commons-lang:commons-lang:jar:2.4:compile
|  +- commons-logging:commons-logging:jar:1.1.1:compile
|  \- net.sf.ezmorph:ezmorph:jar:1.0.6:compile
|     \- (commons-lang:commons-lang:jar:2.3:compile - omitted for conflict with 2.4)
+- org.jmockit:jmockit:jar:1.20:test
\- junit:junit:jar:4.9:test
   \- org.hamcrest:hamcrest-core:jar:1.1:test

