WARNING: Your kernel does not support swap limit capabilities or the cgroup is not mounted. Memory limited without swap.
cn.beecloud:beecloud-java-sdk-beta:jar:1.0.0
+- org.glassfish.jersey.containers:jersey-container-grizzly2-http:jar:2.19:compile
|  +- org.glassfish.hk2.external:javax.inject:jar:2.4.0-b25:compile
|  +- org.glassfish.grizzly:grizzly-http-server:jar:2.3.19:compile
|  |  \- org.glassfish.grizzly:grizzly-http:jar:2.3.19:compile
|  |     \- org.glassfish.grizzly:grizzly-framework:jar:2.3.19:compile
|  +- org.glassfish.jersey.core:jersey-common:jar:2.19:compile
|  |  +- (javax.ws.rs:javax.ws.rs-api:jar:2.0.1:compile - omitted for duplicate)
|  |  +- javax.annotation:javax.annotation-api:jar:1.2:compile
|  |  +- org.glassfish.jersey.bundles.repackaged:jersey-guava:jar:2.19:compile
|  |  +- org.glassfish.hk2:hk2-api:jar:2.4.0-b25:compile
|  |  |  +- org.glassfish.hk2:hk2-utils:jar:2.4.0-b25:compile
|  |  |  \- org.glassfish.hk2.external:aopalliance-repackaged:jar:2.4.0-b25:compile
|  |  +- (org.glassfish.hk2.external:javax.inject:jar:2.4.0-b25:compile - omitted for duplicate)
|  |  +- org.glassfish.hk2:hk2-locator:jar:2.4.0-b25:compile
|  |  |  +- (org.glassfish.hk2.external:javax.inject:jar:2.4.0-b25:compile - omitted for duplicate)
|  |  |  +- (org.glassfish.hk2.external:aopalliance-repackaged:jar:2.4.0-b25:compile - omitted for duplicate)
|  |  |  +- (org.glassfish.hk2:hk2-api:jar:2.4.0-b25:compile - omitted for duplicate)
|  |  |  +- (org.glassfish.hk2:hk2-utils:jar:2.4.0-b25:compile - omitted for duplicate)
|  |  |  \- org.javassist:javassist:jar:3.18.1-GA:compile
|  |  \- org.glassfish.hk2:osgi-resource-locator:jar:1.0.1:compile
|  +- org.glassfish.jersey.core:jersey-server:jar:2.19:compile
|  |  +- (org.glassfish.jersey.core:jersey-common:jar:2.19:compile - omitted for duplicate)
|  |  +- org.glassfish.jersey.core:jersey-client:jar:2.19:compile
|  |  |  +- (javax.ws.rs:javax.ws.rs-api:jar:2.0.1:compile - omitted for duplicate)
|  |  |  +- (org.glassfish.jersey.core:jersey-common:jar:2.19:compile - omitted for duplicate)
|  |  |  +- (org.glassfish.hk2:hk2-api:jar:2.4.0-b25:compile - omitted for duplicate)
|  |  |  +- (org.glassfish.hk2.external:javax.inject:jar:2.4.0-b25:compile - omitted for duplicate)
|  |  |  \- (org.glassfish.hk2:hk2-locator:jar:2.4.0-b25:compile - omitted for duplicate)
|  |  +- (javax.ws.rs:javax.ws.rs-api:jar:2.0.1:compile - omitted for duplicate)
|  |  +- org.glassfish.jersey.media:jersey-media-jaxb:jar:2.19:compile
|  |  |  +- (org.glassfish.jersey.core:jersey-common:jar:2.19:compile - omitted for duplicate)
|  |  |  +- (org.glassfish.hk2:hk2-api:jar:2.4.0-b25:compile - omitted for duplicate)
|  |  |  +- (org.glassfish.hk2.external:javax.inject:jar:2.4.0-b25:compile - omitted for duplicate)
|  |  |  +- (org.glassfish.hk2:hk2-locator:jar:2.4.0-b25:compile - omitted for duplicate)
|  |  |  \- (org.glassfish.hk2:osgi-resource-locator:jar:1.0.1:compile - omitted for duplicate)
|  |  +- (javax.annotation:javax.annotation-api:jar:1.2:compile - omitted for duplicate)
|  |  +- (org.glassfish.hk2:hk2-api:jar:2.4.0-b25:compile - omitted for duplicate)
|  |  +- (org.glassfish.hk2.external:javax.inject:jar:2.4.0-b25:compile - omitted for duplicate)
|  |  +- (org.glassfish.hk2:hk2-locator:jar:2.4.0-b25:compile - omitted for duplicate)
|  |  \- javax.validation:validation-api:jar:1.1.0.Final:compile
|  \- javax.ws.rs:javax.ws.rs-api:jar:2.0.1:compile
+- org.glassfish.jersey.media:jersey-media-json-jackson:jar:2.19:compile
|  +- (org.glassfish.jersey.core:jersey-common:jar:2.19:compile - omitted for duplicate)
|  +- org.glassfish.jersey.ext:jersey-entity-filtering:jar:2.19:compile
|  |  \- (javax.ws.rs:javax.ws.rs-api:jar:2.0.1:compile - omitted for duplicate)
|  +- com.fasterxml.jackson.jaxrs:jackson-jaxrs-base:jar:2.5.1:compile
|  |  +- com.fasterxml.jackson.core:jackson-core:jar:2.5.1:compile
|  |  \- com.fasterxml.jackson.core:jackson-databind:jar:2.5.1:compile
|  |     +- (com.fasterxml.jackson.core:jackson-annotations:jar:2.5.0:compile - omitted for conflict with 2.5.1)
|  |     \- (com.fasterxml.jackson.core:jackson-core:jar:2.5.1:compile - omitted for duplicate)
|  +- com.fasterxml.jackson.jaxrs:jackson-jaxrs-json-provider:jar:2.5.1:compile
|  |  +- (com.fasterxml.jackson.jaxrs:jackson-jaxrs-base:jar:2.5.1:compile - omitted for duplicate)
|  |  +- (com.fasterxml.jackson.core:jackson-core:jar:2.5.1:compile - omitted for duplicate)
|  |  +- (com.fasterxml.jackson.core:jackson-databind:jar:2.5.1:compile - omitted for duplicate)
|  |  \- com.fasterxml.jackson.module:jackson-module-jaxb-annotations:jar:2.5.1:compile
|  |     +- (com.fasterxml.jackson.core:jackson-core:jar:2.5.1:compile - omitted for duplicate)
|  |     \- (com.fasterxml.jackson.core:jackson-databind:jar:2.5.1:compile - omitted for duplicate)
|  \- com.fasterxml.jackson.core:jackson-annotations:jar:2.5.1:compile
+- net.sf.json-lib:json-lib:jar:jdk15:2.4:compile
|  +- commons-beanutils:commons-beanutils:jar:1.8.0:compile
|  |  \- (commons-logging:commons-logging:jar:1.1.1:compile - omitted for duplicate)
|  +- commons-collections:commons-collections:jar:3.2.1:compile
|  +- commons-lang:commons-lang:jar:2.5:compile
|  +- commons-logging:commons-logging:jar:1.1.1:compile
|  \- net.sf.ezmorph:ezmorph:jar:1.0.6:compile
|     \- (commons-lang:commons-lang:jar:2.3:compile - omitted for conflict with 2.5)
\- junit:junit:jar:4.9:test
   \- org.hamcrest:hamcrest-core:jar:1.1:test

