WARNING: Your kernel does not support swap limit capabilities or the cgroup is not mounted. Memory limited without swap.
com.Ben12345rocks:AdvancedCore:jar:2.19
+- org.spigotmc:spigot-api:jar:1.14.2-R0.1-SNAPSHOT:provided
|  +- commons-lang:commons-lang:jar:2.6:provided
|  +- (com.google.guava:guava:jar:21.0:compile - scope updated from provided; omitted for duplicate)
|  +- (com.google.code.gson:gson:jar:2.8.0:compile - scope updated from provided; omitted for duplicate)
|  +- (net.md-5:bungeecord-chat:jar:1.13-SNAPSHOT:provided - omitted for duplicate)
|  \- org.yaml:snakeyaml:jar:1.23:provided
+- net.milkbowl.vault:VaultAPI:jar:1.6:system
+- me.clip:placeholderapi:jar:LATEST:provided
|  \- org.jetbrains:annotations:jar:19.0.0:provided
+- net.md-5:bungeecord-chat:jar:1.13-SNAPSHOT:compile
|  +- com.google.code.gson:gson:jar:2.8.0:compile
|  \- com.google.guava:guava:jar:21.0:compile
+- com.zaxxer:HikariCP:jar:3.2.0:compile
|  \- org.slf4j:slf4j-api:jar:1.7.25:compile
+- org.slf4j:slf4j-simple:jar:1.6.4:compile
|  \- (org.slf4j:slf4j-api:jar:1.6.4:compile - omitted for conflict with 1.7.25)
+- com.comphenix.protocol:ProtocolLib-API:jar:LATEST:provided
|  +- cglib:cglib-nodep:jar:3.2.5:provided
|  \- com.comphenix.executors:BukkitExecutors:jar:1.1-SNAPSHOT:provided
+- org.projectlombok:lombok:jar:1.18.2:provided
\- fr.xephi:authme:jar:LATEST:system

