WARNING: Your kernel does not support swap limit capabilities or the cgroup is not mounted. Memory limited without swap.
com.bitmovin.api:bitmovin-java:jar:1.47.0
+- junit:junit:jar:4.11:compile
|  \- org.hamcrest:hamcrest-core:jar:1.3:compile
+- com.mashape.unirest:unirest-java:jar:1.4.9:compile
|  +- org.apache.httpcomponents:httpclient:jar:4.5.2:compile
|  |  +- org.apache.httpcomponents:httpcore:jar:4.4.4:compile
|  |  +- commons-logging:commons-logging:jar:1.2:compile
|  |  \- commons-codec:commons-codec:jar:1.9:compile
|  +- org.apache.httpcomponents:httpasyncclient:jar:4.1.1:compile
|  |  +- (org.apache.httpcomponents:httpcore:jar:4.4.4:compile - omitted for duplicate)
|  |  +- org.apache.httpcomponents:httpcore-nio:jar:4.4.4:compile
|  |  |  \- (org.apache.httpcomponents:httpcore:jar:4.4.4:compile - omitted for duplicate)
|  |  +- (org.apache.httpcomponents:httpclient:jar:4.5.1:compile - omitted for conflict with 4.5.2)
|  |  \- (commons-logging:commons-logging:jar:1.2:compile - omitted for duplicate)
|  +- org.apache.httpcomponents:httpmime:jar:4.5.2:compile
|  |  \- (org.apache.httpcomponents:httpclient:jar:4.5.2:compile - omitted for duplicate)
|  \- org.json:json:jar:20160212:compile
+- commons-io:commons-io:jar:2.4:compile
+- com.fasterxml.jackson.core:jackson-databind:jar:2.8.11.1:compile
|  +- com.fasterxml.jackson.core:jackson-annotations:jar:2.8.0:compile
|  \- com.fasterxml.jackson.core:jackson-core:jar:2.8.10:compile
+- org.apache.commons:commons-lang3:jar:3.0:compile
+- org.mockito:mockito-core:jar:2.21.0:test
|  +- net.bytebuddy:byte-buddy:jar:1.8.15:test
|  +- net.bytebuddy:byte-buddy-agent:jar:1.8.15:test
|  \- org.objenesis:objenesis:jar:2.6:test
+- commons-collections:commons-collections:jar:3.2.2:compile
\- org.mock-server:mockserver-netty:jar:5.3.0:compile
   +- org.mock-server:mockserver-client-java:jar:5.3.0:compile
   |  +- (org.mock-server:mockserver-core:jar:5.3.0:compile - omitted for duplicate)
   |  +- (org.apache.commons:commons-lang3:jar:3.7:compile - omitted for conflict with 3.0)
   |  +- (com.google.guava:guava:jar:18.0:compile - omitted for duplicate)
   |  +- (org.slf4j:slf4j-api:jar:1.7.25:compile - omitted for duplicate)
   |  \- (ch.qos.logback:logback-classic:jar:1.1.3:runtime - omitted for duplicate)
   +- org.mock-server:mockserver-core:jar:5.3.0:compile
   |  +- javax.servlet:javax.servlet-api:jar:3.1.0:compile
   |  +- (io.netty:netty-buffer:jar:4.1.17.Final:compile - omitted for duplicate)
   |  +- (io.netty:netty-codec:jar:4.1.17.Final:compile - omitted for duplicate)
   |  +- (io.netty:netty-codec-http:jar:4.1.17.Final:compile - omitted for duplicate)
   |  +- io.netty:netty-codec-socks:jar:4.1.17.Final:compile
   |  |  \- (io.netty:netty-codec:jar:4.1.17.Final:compile - omitted for duplicate)
   |  +- (io.netty:netty-handler:jar:4.1.17.Final:compile - omitted for duplicate)
   |  +- (io.netty:netty-transport:jar:4.1.17.Final:compile - omitted for duplicate)
   |  +- com.jcraft:jzlib:jar:1.1.3:compile
   |  +- (org.bouncycastle:bcprov-jdk15on:jar:1.58:compile - omitted for duplicate)
   |  +- org.bouncycastle:bcmail-jdk15on:jar:1.58:compile
   |  |  +- (org.bouncycastle:bcprov-jdk15on:jar:1.58:compile - omitted for duplicate)
   |  |  \- (org.bouncycastle:bcpkix-jdk15on:jar:1.58:compile - omitted for duplicate)
   |  +- org.bouncycastle:bcpkix-jdk15on:jar:1.58:compile
   |  |  \- (org.bouncycastle:bcprov-jdk15on:jar:1.58:compile - omitted for duplicate)
   |  +- org.apache.velocity:velocity-engine-scripting:jar:2.0:compile
   |  |  \- (org.apache.velocity:velocity-engine-core:jar:2.0:compile - omitted for duplicate)
   |  +- org.apache.velocity:velocity-engine-core:jar:2.0:compile
   |  |  +- (org.apache.commons:commons-lang3:jar:3.5:compile - omitted for conflict with 3.0)
   |  |  \- (org.slf4j:slf4j-api:jar:1.7.25:compile - omitted for duplicate)
   |  +- (com.fasterxml.jackson.core:jackson-core:jar:2.9.2:compile - omitted for conflict with 2.8.10)
   |  +- (com.fasterxml.jackson.core:jackson-annotations:jar:2.9.2:compile - omitted for conflict with 2.8.0)
   |  +- (com.fasterxml.jackson.core:jackson-databind:jar:2.9.2:compile - omitted for conflict with 2.8.11.1)
   |  +- org.skyscreamer:jsonassert:jar:1.5.0:compile
   |  |  \- com.vaadin.external.google:android-json:jar:0.0.20131108.vaadin1:compile
   |  +- com.github.java-json-tools:json-schema-validator:jar:2.2.8:compile
   |  |  +- com.github.java-json-tools:json-schema-core:jar:1.2.8:compile
   |  |  |  +- (com.google.code.findbugs:jsr305:jar:2.0.1:compile - omitted for conflict with 3.0.1)
   |  |  |  +- org.mozilla:rhino:jar:1.7R4:compile
   |  |  |  +- com.github.fge:jackson-coreutils:jar:1.8:compile
   |  |  |  |  +- com.github.fge:msg-simple:jar:1.1:compile
   |  |  |  |  |  +- com.github.fge:btf:jar:1.2:compile
   |  |  |  |  |  |  \- (com.google.code.findbugs:jsr305:jar:2.0.1:compile - omitted for duplicate)
   |  |  |  |  |  \- (com.google.code.findbugs:jsr305:jar:2.0.1:compile - omitted for duplicate)
   |  |  |  |  +- (com.fasterxml.jackson.core:jackson-databind:jar:2.2.3:compile - omitted for conflict with 2.8.11.1)
   |  |  |  |  +- (com.google.guava:guava:jar:16.0.1:compile - omitted for conflict with 18.0)
   |  |  |  |  \- (com.google.code.findbugs:jsr305:jar:2.0.1:compile - omitted for duplicate)
   |  |  |  \- com.github.fge:uri-template:jar:0.9:compile
   |  |  |     +- (com.github.fge:msg-simple:jar:1.1:compile - omitted for duplicate)
   |  |  |     +- (com.google.guava:guava:jar:16.0.1:compile - omitted for conflict with 18.0)
   |  |  |     \- (com.google.code.findbugs:jsr305:jar:2.0.1:compile - omitted for duplicate)
   |  |  +- javax.mail:mailapi:jar:1.4.3:compile
   |  |  |  \- javax.activation:activation:jar:1.1:compile
   |  |  +- joda-time:joda-time:jar:2.9.7:compile
   |  |  +- com.googlecode.libphonenumber:libphonenumber:jar:8.0.0:compile
   |  |  +- com.google.code.findbugs:jsr305:jar:3.0.1:compile
   |  |  \- net.sf.jopt-simple:jopt-simple:jar:5.0.3:compile
   |  +- javax.xml.bind:jaxb-api:jar:2.3.0:compile
   |  +- (org.apache.commons:commons-lang3:jar:3.7:compile - omitted for conflict with 3.0)
   |  +- org.apache.commons:commons-text:jar:1.1:compile
   |  |  \- (org.apache.commons:commons-lang3:jar:3.5:compile - omitted for conflict with 3.0)
   |  +- (commons-collections:commons-collections:jar:3.2.2:compile - omitted for duplicate)
   |  +- (commons-io:commons-io:jar:2.6:compile - omitted for conflict with 2.4)
   |  +- (com.google.guava:guava:jar:18.0:compile - omitted for duplicate)
   |  +- (org.slf4j:slf4j-api:jar:1.7.25:compile - omitted for duplicate)
   |  +- (ch.qos.logback:logback-classic:jar:1.1.3:runtime - omitted for duplicate)
   |  \- (janino:janino:jar:2.5.10:runtime - omitted for duplicate)
   +- io.netty:netty-buffer:jar:4.1.17.Final:compile
   |  \- (io.netty:netty-common:jar:4.1.17.Final:compile - omitted for duplicate)
   +- io.netty:netty-codec:jar:4.1.17.Final:compile
   |  \- (io.netty:netty-transport:jar:4.1.17.Final:compile - omitted for duplicate)
   +- io.netty:netty-codec-http:jar:4.1.17.Final:compile
   |  \- (io.netty:netty-codec:jar:4.1.17.Final:compile - omitted for duplicate)
   +- io.netty:netty-common:jar:4.1.17.Final:compile
   +- io.netty:netty-handler:jar:4.1.17.Final:compile
   |  +- (io.netty:netty-buffer:jar:4.1.17.Final:compile - omitted for duplicate)
   |  +- (io.netty:netty-transport:jar:4.1.17.Final:compile - omitted for duplicate)
   |  \- (io.netty:netty-codec:jar:4.1.17.Final:compile - omitted for duplicate)
   +- io.netty:netty-transport:jar:4.1.17.Final:compile
   |  +- (io.netty:netty-buffer:jar:4.1.17.Final:compile - omitted for duplicate)
   |  \- io.netty:netty-resolver:jar:4.1.17.Final:compile
   |     \- (io.netty:netty-common:jar:4.1.17.Final:compile - omitted for duplicate)
   +- org.bouncycastle:bcprov-jdk15on:jar:1.58:compile
   +- com.google.guava:guava:jar:18.0:compile
   +- org.slf4j:slf4j-api:jar:1.7.25:compile
   +- ch.qos.logback:logback-classic:jar:1.1.3:runtime
   |  +- ch.qos.logback:logback-core:jar:1.1.3:runtime
   |  \- (org.slf4j:slf4j-api:jar:1.7.7:runtime - omitted for conflict with 1.7.25)
   +- janino:janino:jar:2.5.10:runtime
   +- org.mock-server:mockserver-logging:jar:5.3.0:runtime
   |  +- (org.slf4j:slf4j-api:jar:1.7.25:runtime - omitted for duplicate)
   |  \- (ch.qos.logback:logback-classic:jar:1.1.3:runtime - omitted for duplicate)
   \- (junit:junit:jar:4.12:compile - omitted for conflict with 4.11)

