WARNING: Your kernel does not support swap limit capabilities or the cgroup is not mounted. Memory limited without swap.
org.burningwave:core:jar:4.0.3
+- org.slf4j:slf4j-api:jar:1.7.30:compile
+- org.ow2.asm:asm:jar:7.2:compile
+- org.junit.jupiter:junit-jupiter-engine:jar:5.5.2:test
|  +- org.apiguardian:apiguardian-api:jar:1.1.0:test
|  +- (org.junit.platform:junit-platform-engine:jar:1.5.2:test - omitted for conflict with 1.6.0-RC1)
|  \- org.junit.jupiter:junit-jupiter-api:jar:5.5.2:test
|     +- (org.apiguardian:apiguardian-api:jar:1.1.0:test - omitted for duplicate)
|     +- (org.opentest4j:opentest4j:jar:1.2.0:test - omitted for duplicate)
|     \- (org.junit.platform:junit-platform-commons:jar:1.5.2:test - omitted for duplicate)
+- org.junit.platform:junit-platform-engine:jar:1.6.0-RC1:test
|  +- (org.apiguardian:apiguardian-api:jar:1.1.0:test - omitted for duplicate)
|  +- org.opentest4j:opentest4j:jar:1.2.0:test
|  \- (org.junit.platform:junit-platform-commons:jar:1.6.0-RC1:test - omitted for duplicate)
+- org.junit.platform:junit-platform-commons:jar:1.6.0-RC1:test
|  \- (org.apiguardian:apiguardian-api:jar:1.1.0:test - omitted for duplicate)
+- org.junit.platform:junit-platform-runner:jar:1.6.0-RC1:test
|  +- junit:junit:jar:4.13:test
|  |  \- org.hamcrest:hamcrest-core:jar:1.3:test
|  +- (org.apiguardian:apiguardian-api:jar:1.1.0:test - omitted for duplicate)
|  +- org.junit.platform:junit-platform-launcher:jar:1.6.0-RC1:test
|  |  +- (org.apiguardian:apiguardian-api:jar:1.1.0:test - omitted for duplicate)
|  |  \- (org.junit.platform:junit-platform-engine:jar:1.6.0-RC1:test - omitted for duplicate)
|  \- org.junit.platform:junit-platform-suite-api:jar:1.6.0-RC1:test
|     \- (org.apiguardian:apiguardian-api:jar:1.1.0:test - omitted for duplicate)
+- ch.qos.logback:logback-core:jar:1.2.3:compile
+- ch.qos.logback:logback-classic:jar:1.2.3:compile
|  +- (ch.qos.logback:logback-core:jar:1.2.3:compile - omitted for duplicate)
|  \- (org.slf4j:slf4j-api:jar:1.7.25:compile - omitted for conflict with 1.7.30)
+- org.springframework:spring-context:jar:5.2.2.RELEASE:test
|  +- org.springframework:spring-aop:jar:5.2.2.RELEASE:test
|  |  +- (org.springframework:spring-beans:jar:5.2.2.RELEASE:test - omitted for duplicate)
|  |  \- (org.springframework:spring-core:jar:5.2.2.RELEASE:test - omitted for duplicate)
|  +- org.springframework:spring-beans:jar:5.2.2.RELEASE:test
|  |  \- (org.springframework:spring-core:jar:5.2.2.RELEASE:test - omitted for duplicate)
|  +- org.springframework:spring-core:jar:5.2.2.RELEASE:test
|  |  \- org.springframework:spring-jcl:jar:5.2.2.RELEASE:test
|  \- org.springframework:spring-expression:jar:5.2.2.RELEASE:test
|     \- (org.springframework:spring-core:jar:5.2.2.RELEASE:test - omitted for duplicate)
\- org.springframework:spring-web:jar:5.2.2.RELEASE:test
   +- (org.springframework:spring-beans:jar:5.2.2.RELEASE:test - omitted for duplicate)
   \- (org.springframework:spring-core:jar:5.2.2.RELEASE:test - omitted for duplicate)

