WARNING: Your kernel does not support swap limit capabilities or the cgroup is not mounted. Memory limited without swap.
org.burningwave:core:jar:7.13.0
+- org.slf4j:slf4j-api:jar:1.7.30:provided
+- ch.qos.logback:logback-core:jar:1.2.3:test
+- ch.qos.logback:logback-classic:jar:1.2.3:test
|  +- (ch.qos.logback:logback-core:jar:1.2.3:test - omitted for duplicate)
|  \- (org.slf4j:slf4j-api:jar:1.7.25:test - omitted for conflict with 1.7.30)
+- org.junit.jupiter:junit-jupiter-engine:jar:5.6.2:test
|  +- org.apiguardian:apiguardian-api:jar:1.1.0:test
|  +- (org.junit.platform:junit-platform-engine:jar:1.6.2:test - omitted for duplicate)
|  \- org.junit.jupiter:junit-jupiter-api:jar:5.6.2:test
|     +- (org.apiguardian:apiguardian-api:jar:1.1.0:test - omitted for duplicate)
|     +- (org.opentest4j:opentest4j:jar:1.2.0:test - omitted for duplicate)
|     \- (org.junit.platform:junit-platform-commons:jar:1.6.2:test - omitted for duplicate)
+- org.junit.platform:junit-platform-engine:jar:1.6.2:test
|  +- (org.apiguardian:apiguardian-api:jar:1.1.0:test - omitted for duplicate)
|  +- org.opentest4j:opentest4j:jar:1.2.0:test
|  \- (org.junit.platform:junit-platform-commons:jar:1.6.2:test - omitted for duplicate)
+- org.junit.platform:junit-platform-commons:jar:1.6.2:test
|  \- (org.apiguardian:apiguardian-api:jar:1.1.0:test - omitted for duplicate)
+- org.junit.platform:junit-platform-runner:jar:1.6.2:test
|  +- junit:junit:jar:4.13:test
|  |  \- org.hamcrest:hamcrest-core:jar:1.3:test
|  +- (org.apiguardian:apiguardian-api:jar:1.1.0:test - omitted for duplicate)
|  +- org.junit.platform:junit-platform-launcher:jar:1.6.2:test
|  |  +- (org.apiguardian:apiguardian-api:jar:1.1.0:test - omitted for duplicate)
|  |  \- (org.junit.platform:junit-platform-engine:jar:1.6.2:test - omitted for duplicate)
|  \- org.junit.platform:junit-platform-suite-api:jar:1.6.2:test
|     \- (org.apiguardian:apiguardian-api:jar:1.1.0:test - omitted for duplicate)
\- jakarta.validation:jakarta.validation-api:jar:2.0.2:test

