WARNING: Your kernel does not support swap limit capabilities or the cgroup is not mounted. Memory limited without swap.
com.bwssystems.HABridge:ha-bridge:jar:0.4.8
+- com.sparkjava:spark-core:jar:2.2:compile
|  +- org.slf4j:slf4j-api:jar:1.7.7:compile
|  +- (org.slf4j:slf4j-simple:jar:1.7.7:compile - omitted for conflict with 1.7.5)
|  +- org.eclipse.jetty:jetty-server:jar:9.0.2.v20130417:compile
|  |  +- org.eclipse.jetty.orbit:javax.servlet:jar:3.0.0.v201112011016:compile
|  |  +- org.eclipse.jetty:jetty-http:jar:9.0.2.v20130417:compile
|  |  |  \- org.eclipse.jetty:jetty-util:jar:9.0.2.v20130417:compile
|  |  \- org.eclipse.jetty:jetty-io:jar:9.0.2.v20130417:compile
|  |     \- (org.eclipse.jetty:jetty-util:jar:9.0.2.v20130417:compile - omitted for duplicate)
|  \- org.eclipse.jetty:jetty-webapp:jar:9.0.2.v20130417:compile
|     +- org.eclipse.jetty:jetty-xml:jar:9.0.2.v20130417:compile
|     |  \- (org.eclipse.jetty:jetty-util:jar:9.0.2.v20130417:compile - omitted for duplicate)
|     \- org.eclipse.jetty:jetty-servlet:jar:9.0.2.v20130417:compile
|        \- org.eclipse.jetty:jetty-security:jar:9.0.2.v20130417:compile
|           \- (org.eclipse.jetty:jetty-server:jar:9.0.2.v20130417:compile - omitted for duplicate)
+- org.apache.httpcomponents:httpclient:jar:4.3.6:compile
|  +- org.apache.httpcomponents:httpcore:jar:4.3.3:compile
|  +- commons-logging:commons-logging:jar:1.1.3:compile
|  \- commons-codec:commons-codec:jar:1.6:compile
+- org.slf4j:slf4j-simple:jar:1.7.5:compile
|  \- (org.slf4j:slf4j-api:jar:1.7.5:compile - omitted for conflict with 1.7.7)
+- org.slf4j:log4j-over-slf4j:jar:1.7.5:compile
|  \- (org.slf4j:slf4j-api:jar:1.7.5:compile - omitted for conflict with 1.7.7)
+- com.google.code.gson:gson:jar:2.2.4:compile
+- com.fasterxml.jackson.core:jackson-databind:jar:2.6.0:compile
|  +- com.fasterxml.jackson.core:jackson-annotations:jar:2.6.0:compile
|  \- com.fasterxml.jackson.core:jackson-core:jar:2.6.0:compile
\- com.cedarsoftware:json-io:jar:4.1.6:compile

