WARNING: Your kernel does not support swap limit capabilities or the cgroup is not mounted. Memory limited without swap.
com.bwssystems.HABridge:ha-bridge:jar:1.3.1c
+- com.github.bwssytems:harmony-java-client:jar:1.0.8:compile
|  \- com.github.bwssytems.harmony-java-client:build:jar:1.0.8:compile
|     +- us.monoid.web:resty:jar:0.3.2:compile
|     |  \- net.java.dev.javacc:javacc:jar:4.1:compile
|     +- (com.google.guava:guava:jar:17.0:compile - omitted for conflict with 16.0.1)
|     +- (org.slf4j:slf4j-simple:jar:1.7.7:compile - omitted for conflict with 1.7.5)
|     +- (org.igniterealtime.smack:smack-core:jar:4.0.2:compile - omitted for conflict with 4.0.7)
|     +- com.martiansoftware:jsap:jar:2.1:compile
|     +- (com.fasterxml.jackson.core:jackson-core:jar:2.4.2:compile - omitted for conflict with 2.6.0)
|     +- (com.google.inject:guice:jar:4.0-beta4:compile - omitted for duplicate)
|     +- org.igniterealtime.smack:smack-tcp:jar:4.0.2:compile
|     |  \- (org.igniterealtime.smack:smack-core:jar:4.0.2:compile - omitted for duplicate)
|     +- (com.fasterxml.jackson.core:jackson-databind:jar:2.4.2:compile - omitted for conflict with 2.6.0)
|     \- args4j:args4j:jar:2.0.29:compile
+- com.github.bwssytems:nest-controller:jar:1.0.3:compile
|  +- (org.apache.httpcomponents:httpclient:jar:4.5.1:compile - omitted for duplicate)
|  +- (org.apache.httpcomponents:httpcore:jar:4.4.4:compile - omitted for duplicate)
|  +- (org.slf4j:slf4j-simple:jar:1.7.5:compile - omitted for duplicate)
|  +- (org.slf4j:log4j-over-slf4j:jar:1.7.5:compile - omitted for duplicate)
|  \- (com.google.code.gson:gson:jar:2.2.4:compile - omitted for duplicate)
+- com.sparkjava:spark-core:jar:2.3:compile
|  +- org.slf4j:slf4j-api:jar:1.7.12:compile
|  +- (org.slf4j:slf4j-simple:jar:1.7.12:compile - omitted for conflict with 1.7.5)
|  +- org.eclipse.jetty:jetty-server:jar:9.3.2.v20150730:compile
|  |  +- javax.servlet:javax.servlet-api:jar:3.1.0:compile
|  |  +- org.eclipse.jetty:jetty-http:jar:9.3.2.v20150730:compile
|  |  |  \- org.eclipse.jetty:jetty-util:jar:9.3.2.v20150730:compile
|  |  \- org.eclipse.jetty:jetty-io:jar:9.3.2.v20150730:compile
|  |     \- (org.eclipse.jetty:jetty-util:jar:9.3.2.v20150730:compile - omitted for duplicate)
|  +- org.eclipse.jetty:jetty-webapp:jar:9.3.2.v20150730:compile
|  |  +- org.eclipse.jetty:jetty-xml:jar:9.3.2.v20150730:compile
|  |  |  \- (org.eclipse.jetty:jetty-util:jar:9.3.2.v20150730:compile - omitted for duplicate)
|  |  \- org.eclipse.jetty:jetty-servlet:jar:9.3.2.v20150730:compile
|  |     \- org.eclipse.jetty:jetty-security:jar:9.3.2.v20150730:compile
|  |        \- (org.eclipse.jetty:jetty-server:jar:9.3.2.v20150730:compile - omitted for duplicate)
|  +- org.eclipse.jetty.websocket:websocket-server:jar:9.3.2.v20150730:compile
|  |  +- org.eclipse.jetty.websocket:websocket-common:jar:9.3.2.v20150730:compile
|  |  |  +- (org.eclipse.jetty.websocket:websocket-api:jar:9.3.2.v20150730:compile - omitted for duplicate)
|  |  |  +- (org.eclipse.jetty:jetty-util:jar:9.3.2.v20150730:compile - omitted for duplicate)
|  |  |  \- (org.eclipse.jetty:jetty-io:jar:9.3.2.v20150730:compile - omitted for duplicate)
|  |  +- org.eclipse.jetty.websocket:websocket-client:jar:9.3.2.v20150730:compile
|  |  |  +- (org.eclipse.jetty:jetty-util:jar:9.3.2.v20150730:compile - omitted for duplicate)
|  |  |  +- (org.eclipse.jetty:jetty-io:jar:9.3.2.v20150730:compile - omitted for duplicate)
|  |  |  \- (org.eclipse.jetty.websocket:websocket-common:jar:9.3.2.v20150730:compile - omitted for duplicate)
|  |  +- (org.eclipse.jetty.websocket:websocket-servlet:jar:9.3.2.v20150730:compile - omitted for duplicate)
|  |  +- (org.eclipse.jetty:jetty-servlet:jar:9.3.2.v20150730:compile - omitted for duplicate)
|  |  \- (org.eclipse.jetty:jetty-http:jar:9.3.2.v20150730:compile - omitted for duplicate)
|  \- org.eclipse.jetty.websocket:websocket-servlet:jar:9.3.2.v20150730:compile
|     +- org.eclipse.jetty.websocket:websocket-api:jar:9.3.2.v20150730:compile
|     \- (javax.servlet:javax.servlet-api:jar:3.1.0:compile - omitted for duplicate)
+- org.apache.httpcomponents:httpclient:jar:4.5.1:compile
|  +- (org.apache.httpcomponents:httpcore:jar:4.4.3:compile - omitted for conflict with 4.4.4)
|  +- commons-logging:commons-logging:jar:1.2:compile
|  \- commons-codec:commons-codec:jar:1.9:compile
+- org.apache.httpcomponents:httpcore:jar:4.4.4:compile
+- org.slf4j:slf4j-simple:jar:1.7.5:compile
|  \- (org.slf4j:slf4j-api:jar:1.7.5:compile - omitted for conflict with 1.7.12)
+- org.slf4j:log4j-over-slf4j:jar:1.7.5:compile
|  \- (org.slf4j:slf4j-api:jar:1.7.5:compile - omitted for conflict with 1.7.12)
+- com.google.code.gson:gson:jar:2.2.4:compile
+- com.fasterxml.jackson.core:jackson-databind:jar:2.6.0:compile
|  +- com.fasterxml.jackson.core:jackson-annotations:jar:2.6.0:compile
|  \- com.fasterxml.jackson.core:jackson-core:jar:2.6.0:compile
+- com.cedarsoftware:json-io:jar:4.1.6:compile
+- net.java.dev.eval:eval:jar:0.5:compile
+- com.google.inject:guice:jar:4.0-beta4:compile
|  +- javax.inject:javax.inject:jar:1:compile
|  +- aopalliance:aopalliance:jar:1.0:compile
|  \- com.google.guava:guava:jar:16.0.1:compile
\- org.igniterealtime.smack:smack-core:jar:4.0.7:compile
   \- xpp3:xpp3:jar:1.1.4c:compile

