WARNING: Your kernel does not support swap limit capabilities or the cgroup is not mounted. Memory limited without swap.
com.bwssystems.HABridge:ha-bridge:jar:5.3.0RC10
+- com.github.bwssytems:harmony-java-client:jar:master-SNAPSHOT:compile
|  +- com.google.guava:guava:jar:21.0:compile
|  +- com.fasterxml.jackson.core:jackson-core:jar:2.8.7:compile
|  +- com.fasterxml.jackson.core:jackson-databind:jar:2.8.7:compile
|  |  +- com.fasterxml.jackson.core:jackson-annotations:jar:2.8.0:compile
|  |  \- (com.fasterxml.jackson.core:jackson-core:jar:2.8.7:compile - omitted for duplicate)
|  +- (org.slf4j:slf4j-api:jar:1.7.24:compile - omitted for duplicate)
|  +- (com.google.inject:guice:jar:4.1.0:compile - omitted for duplicate)
|  +- (org.igniterealtime.smack:smack-core:jar:4.2.0:compile - omitted for duplicate)
|  +- org.igniterealtime.smack:smack-java7:jar:4.2.0:compile
|  |  +- (org.igniterealtime.smack:smack-core:jar:4.2.0:compile - omitted for duplicate)
|  |  +- org.igniterealtime.smack:smack-resolver-javax:jar:4.2.0:compile
|  |  |  \- (org.igniterealtime.smack:smack-core:jar:4.2.0:compile - omitted for duplicate)
|  |  \- org.igniterealtime.smack:smack-sasl-javax:jar:4.2.0:compile
|  |     \- (org.igniterealtime.smack:smack-core:jar:4.2.0:compile - omitted for duplicate)
|  +- org.igniterealtime.smack:smack-tcp:jar:4.2.0:compile
|  |  \- (org.igniterealtime.smack:smack-core:jar:4.2.0:compile - omitted for duplicate)
|  +- org.igniterealtime.smack:smack-debug:jar:4.2.0:compile
|  |  \- (org.igniterealtime.smack:smack-core:jar:4.2.0:compile - omitted for duplicate)
|  +- args4j:args4j:jar:2.33:compile
|  \- com.martiansoftware:jsap:jar:2.1:compile
+- com.github.bwssytems:nest-controller:jar:1.0.14:compile
|  +- (org.apache.httpcomponents:httpclient:jar:4.5.1:compile - omitted for duplicate)
|  +- (org.apache.httpcomponents:httpcore:jar:4.4.4:compile - omitted for duplicate)
|  \- (com.google.code.gson:gson:jar:2.2.4:compile - omitted for conflict with 2.6.2)
+- com.sparkjava:spark-core:jar:2.7.2:compile
|  +- (org.slf4j:slf4j-api:jar:1.7.13:compile - omitted for conflict with 1.7.24)
|  +- org.eclipse.jetty:jetty-server:jar:9.4.8.v20171121:compile
|  |  +- javax.servlet:javax.servlet-api:jar:3.1.0:compile
|  |  +- org.eclipse.jetty:jetty-http:jar:9.4.8.v20171121:compile
|  |  |  +- org.eclipse.jetty:jetty-util:jar:9.4.8.v20171121:compile
|  |  |  \- (org.eclipse.jetty:jetty-io:jar:9.4.8.v20171121:compile - omitted for duplicate)
|  |  \- org.eclipse.jetty:jetty-io:jar:9.4.8.v20171121:compile
|  |     \- (org.eclipse.jetty:jetty-util:jar:9.4.8.v20171121:compile - omitted for duplicate)
|  +- org.eclipse.jetty:jetty-webapp:jar:9.4.8.v20171121:compile
|  |  +- org.eclipse.jetty:jetty-xml:jar:9.4.8.v20171121:compile
|  |  |  \- (org.eclipse.jetty:jetty-util:jar:9.4.8.v20171121:compile - omitted for duplicate)
|  |  \- org.eclipse.jetty:jetty-servlet:jar:9.4.8.v20171121:compile
|  |     \- org.eclipse.jetty:jetty-security:jar:9.4.8.v20171121:compile
|  |        \- (org.eclipse.jetty:jetty-server:jar:9.4.8.v20171121:compile - omitted for duplicate)
|  +- org.eclipse.jetty.websocket:websocket-server:jar:9.4.8.v20171121:compile
|  |  +- org.eclipse.jetty.websocket:websocket-common:jar:9.4.8.v20171121:compile
|  |  |  +- (org.eclipse.jetty.websocket:websocket-api:jar:9.4.8.v20171121:compile - omitted for duplicate)
|  |  |  +- (org.eclipse.jetty:jetty-util:jar:9.4.8.v20171121:compile - omitted for duplicate)
|  |  |  \- (org.eclipse.jetty:jetty-io:jar:9.4.8.v20171121:compile - omitted for duplicate)
|  |  +- org.eclipse.jetty.websocket:websocket-client:jar:9.4.8.v20171121:compile
|  |  |  +- org.eclipse.jetty:jetty-client:jar:9.4.8.v20171121:compile
|  |  |  |  +- (org.eclipse.jetty:jetty-http:jar:9.4.8.v20171121:compile - omitted for duplicate)
|  |  |  |  \- (org.eclipse.jetty:jetty-io:jar:9.4.8.v20171121:compile - omitted for duplicate)
|  |  |  +- (org.eclipse.jetty:jetty-xml:jar:9.4.8.v20171121:compile - omitted for duplicate)
|  |  |  +- (org.eclipse.jetty:jetty-util:jar:9.4.8.v20171121:compile - omitted for duplicate)
|  |  |  +- (org.eclipse.jetty:jetty-io:jar:9.4.8.v20171121:compile - omitted for duplicate)
|  |  |  \- (org.eclipse.jetty.websocket:websocket-common:jar:9.4.8.v20171121:compile - omitted for duplicate)
|  |  +- (org.eclipse.jetty.websocket:websocket-servlet:jar:9.4.8.v20171121:compile - omitted for duplicate)
|  |  +- (org.eclipse.jetty:jetty-servlet:jar:9.4.8.v20171121:compile - omitted for duplicate)
|  |  \- (org.eclipse.jetty:jetty-http:jar:9.4.8.v20171121:compile - omitted for duplicate)
|  \- org.eclipse.jetty.websocket:websocket-servlet:jar:9.4.8.v20171121:compile
|     +- org.eclipse.jetty.websocket:websocket-api:jar:9.4.8.v20171121:compile
|     \- (javax.servlet:javax.servlet-api:jar:3.1.0:compile - omitted for duplicate)
+- org.apache.httpcomponents:httpclient:jar:4.5.1:compile
|  +- (org.apache.httpcomponents:httpcore:jar:4.4.3:compile - omitted for conflict with 4.4.4)
|  +- commons-logging:commons-logging:jar:1.2:compile
|  \- commons-codec:commons-codec:jar:1.9:compile
+- org.apache.httpcomponents:httpcore:jar:4.4.4:compile
+- org.slf4j:slf4j-api:jar:1.7.24:compile
+- ch.qos.logback:logback-classic:jar:1.2.1:compile
|  +- ch.qos.logback:logback-core:jar:1.2.1:compile
|  \- (org.slf4j:slf4j-api:jar:1.7.22:compile - omitted for conflict with 1.7.24)
+- com.google.code.gson:gson:jar:2.6.2:compile
+- net.java.dev.eval:eval:jar:0.5:compile
+- com.google.inject:guice:jar:4.1.0:compile
|  +- javax.inject:javax.inject:jar:1:compile
|  +- aopalliance:aopalliance:jar:1.0:compile
|  \- (com.google.guava:guava:jar:19.0:compile - omitted for conflict with 21.0)
+- org.igniterealtime.smack:smack-core:jar:4.2.0:compile
|  +- xpp3:xpp3:jar:1.1.4c:compile
|  +- org.jxmpp:jxmpp-core:jar:0.5.0:compile
|  |  \- org.jxmpp:jxmpp-util-cache:jar:0.5.0:compile
|  \- org.jxmpp:jxmpp-jid:jar:0.5.0:compile
|     +- (org.jxmpp:jxmpp-core:jar:0.5.0:compile - omitted for duplicate)
|     \- (org.jxmpp:jxmpp-util-cache:jar:0.5.0:compile - omitted for duplicate)
+- org.eclipse.paho:org.eclipse.paho.client.mqttv3:jar:1.2.0:compile
+- junit:junit:jar:4.12:test
|  \- org.hamcrest:hamcrest-core:jar:1.3:test
+- com.github.bwssytems:lifx-sdk-java:jar:2.1.6:compile
+- com.github.mob41:broadlink-java-api:jar:master-SNAPSHOT:compile
|  \- (org.slf4j:slf4j-api:jar:1.7.22:compile - omitted for conflict with 1.7.24)
+- org.apache.commons:commons-lang3:jar:3.5:compile
\- org.jmdns:jmdns:jar:3.5.5:compile
   \- (org.slf4j:slf4j-api:jar:1.7.25:compile - omitted for conflict with 1.7.24)

