WARNING: Your kernel does not support swap limit capabilities or the cgroup is not mounted. Memory limited without swap.
org.whispersystems.textsecure:TextSecureServer:jar:0.11
+- bouncycastle:bcprov-jdk16:jar:140:compile
+- com.yammer.dropwizard:dropwizard-core:jar:0.6.2:compile
|  +- com.sun.jersey:jersey-core:jar:1.17.1:compile
|  +- com.sun.jersey:jersey-server:jar:1.17.1:compile
|  |  +- asm:asm:jar:3.1:compile
|  |  \- (com.sun.jersey:jersey-core:jar:1.17.1:compile - omitted for duplicate)
|  +- com.sun.jersey:jersey-servlet:jar:1.17.1:compile
|  |  \- (com.sun.jersey:jersey-server:jar:1.17.1:compile - omitted for duplicate)
|  +- com.yammer.metrics:metrics-core:jar:2.2.0:compile
|  |  \- (org.slf4j:slf4j-api:jar:1.7.2:compile - omitted for conflict with 1.7.4)
|  +- com.yammer.metrics:metrics-servlet:jar:2.2.0:compile
|  |  +- (com.yammer.metrics:metrics-core:jar:2.2.0:compile - omitted for duplicate)
|  |  \- (com.fasterxml.jackson.core:jackson-databind:jar:2.1.1:compile - omitted for conflict with 2.1.4)
|  +- com.yammer.metrics:metrics-jetty:jar:2.2.0:compile
|  |  +- (com.yammer.metrics:metrics-core:jar:2.2.0:compile - omitted for duplicate)
|  |  \- (org.eclipse.jetty:jetty-server:jar:8.1.8.v20121106:compile - omitted for conflict with 8.1.10.v20130312)
|  +- com.yammer.metrics:metrics-logback:jar:2.2.0:compile
|  |  +- (com.yammer.metrics:metrics-core:jar:2.2.0:compile - omitted for duplicate)
|  |  +- (ch.qos.logback:logback-core:jar:1.0.7:compile - omitted for conflict with 1.0.10)
|  |  \- (ch.qos.logback:logback-classic:jar:1.0.7:compile - omitted for conflict with 1.0.10)
|  +- com.yammer.metrics:metrics-jersey:jar:2.2.0:compile
|  |  +- (com.yammer.metrics:metrics-core:jar:2.2.0:compile - omitted for duplicate)
|  |  +- com.yammer.metrics:metrics-annotation:jar:2.2.0:compile
|  |  \- (com.sun.jersey:jersey-server:jar:1.15:compile - omitted for conflict with 1.17.1)
|  +- com.fasterxml.jackson.core:jackson-databind:jar:2.1.4:compile
|  |  +- com.fasterxml.jackson.core:jackson-annotations:jar:2.1.4:compile
|  |  \- com.fasterxml.jackson.core:jackson-core:jar:2.1.4:compile
|  +- com.fasterxml.jackson.jaxrs:jackson-jaxrs-json-provider:jar:2.1.4:compile
|  |  +- (com.fasterxml.jackson.core:jackson-core:jar:2.1.4:compile - omitted for duplicate)
|  |  +- (com.fasterxml.jackson.core:jackson-databind:jar:2.1.4:compile - omitted for duplicate)
|  |  \- com.fasterxml.jackson.module:jackson-module-jaxb-annotations:jar:2.1.4:compile
|  |     +- (com.fasterxml.jackson.core:jackson-core:jar:2.1.4:compile - omitted for duplicate)
|  |     \- (com.fasterxml.jackson.core:jackson-databind:jar:2.1.4:compile - omitted for duplicate)
|  +- com.fasterxml.jackson.dataformat:jackson-dataformat-yaml:jar:2.1.4:compile
|  |  \- (com.fasterxml.jackson.core:jackson-core:jar:2.1.4:compile - omitted for duplicate)
|  +- com.fasterxml.jackson.datatype:jackson-datatype-guava:jar:2.1.2:compile
|  |  +- (com.fasterxml.jackson.core:jackson-databind:jar:2.1.2:compile - omitted for conflict with 2.1.4)
|  |  +- (com.fasterxml.jackson.core:jackson-core:jar:2.1.2:compile - omitted for conflict with 2.1.4)
|  |  \- (com.google.guava:guava:jar:11.0.2:compile - omitted for conflict with 14.0.1)
|  +- net.sourceforge.argparse4j:argparse4j:jar:0.4.0:compile
|  +- org.slf4j:slf4j-api:jar:1.7.4:compile
|  +- org.slf4j:jul-to-slf4j:jar:1.7.4:compile
|  |  \- (org.slf4j:slf4j-api:jar:1.7.4:compile - omitted for duplicate)
|  +- ch.qos.logback:logback-core:jar:1.0.10:compile
|  +- ch.qos.logback:logback-classic:jar:1.0.10:compile
|  |  +- (ch.qos.logback:logback-core:jar:1.0.10:compile - omitted for duplicate)
|  |  \- (org.slf4j:slf4j-api:jar:1.7.2:compile - omitted for conflict with 1.7.4)
|  +- org.slf4j:log4j-over-slf4j:jar:1.7.4:compile
|  |  \- (org.slf4j:slf4j-api:jar:1.7.4:compile - omitted for duplicate)
|  +- org.eclipse.jetty:jetty-server:jar:8.1.10.v20130312:compile
|  |  +- org.eclipse.jetty.orbit:javax.servlet:jar:3.0.0.v201112011016:compile
|  |  +- org.eclipse.jetty:jetty-continuation:jar:8.1.10.v20130312:compile
|  |  \- (org.eclipse.jetty:jetty-http:jar:8.1.10.v20130312:compile - omitted for duplicate)
|  +- org.eclipse.jetty:jetty-servlet:jar:8.1.10.v20130312:compile
|  |  \- org.eclipse.jetty:jetty-security:jar:8.1.10.v20130312:compile
|  |     \- (org.eclipse.jetty:jetty-server:jar:8.1.10.v20130312:compile - omitted for duplicate)
|  +- org.eclipse.jetty:jetty-http:jar:8.1.10.v20130312:compile
|  |  \- (org.eclipse.jetty:jetty-io:jar:8.1.10.v20130312:compile - omitted for conflict with 8.1.14.v20131031)
|  +- com.google.guava:guava:jar:14.0.1:compile
|  +- com.google.code.findbugs:jsr305:jar:2.0.1:compile
|  +- org.hibernate:hibernate-validator:jar:4.3.1.Final:compile
|  |  +- javax.validation:validation-api:jar:1.0.0.GA:compile
|  |  \- org.jboss.logging:jboss-logging:jar:3.1.0.CR2:compile
|  +- joda-time:joda-time:jar:2.2:compile
|  \- com.fasterxml.jackson.datatype:jackson-datatype-joda:jar:2.1.2:compile
|     +- (com.fasterxml.jackson.core:jackson-core:jar:2.1.2:compile - omitted for conflict with 2.1.4)
|     +- (com.fasterxml.jackson.core:jackson-databind:jar:2.1.2:compile - omitted for conflict with 2.1.4)
|     \- (joda-time:joda-time:jar:2.1:compile - omitted for conflict with 2.2)
+- com.yammer.metrics:metrics-graphite:jar:2.2.0:compile
|  +- (com.yammer.metrics:metrics-core:jar:2.2.0:compile - omitted for duplicate)
|  \- (org.slf4j:slf4j-api:jar:1.7.2:compile - omitted for conflict with 1.7.4)
+- com.google.android.gcm:gcm-server:jar:1.0.2:compile
|  \- com.googlecode.json-simple:json-simple:jar:1.1:compile
+- com.google.code.gson:gson:jar:2.2.2:compile
+- net.spy:spymemcached:jar:2.10.1:compile
+- com.notnoop.apns:apns:jar:0.2.3:compile
|  +- (org.slf4j:slf4j-api:jar:1.7.2:compile - omitted for conflict with 1.7.4)
|  \- (com.fasterxml.jackson.core:jackson-databind:jar:2.1.4:compile - omitted for duplicate)
+- com.amazonaws:aws-java-sdk:jar:1.4.1:compile
|  +- commons-logging:commons-logging:jar:1.1.1:compile
|  +- org.apache.httpcomponents:httpclient:jar:4.1:compile
|  |  +- org.apache.httpcomponents:httpcore:jar:4.1:compile
|  |  +- (commons-logging:commons-logging:jar:1.1.1:compile - omitted for duplicate)
|  |  \- (commons-codec:commons-codec:jar:1.4:compile - omitted for conflict with 1.3)
|  +- commons-codec:commons-codec:jar:1.3:compile
|  +- org.codehaus.jackson:jackson-core-asl:jar:1.8.9:compile
|  \- org.codehaus.jackson:jackson-mapper-asl:jar:1.8.9:compile
|     \- (org.codehaus.jackson:jackson-core-asl:jar:1.8.9:compile - omitted for duplicate)
+- com.google.protobuf:protobuf-java:jar:2.4.1:compile
+- redis.clients:jedis:jar:2.2.1:compile
|  \- commons-pool:commons-pool:jar:1.6:compile
+- com.yammer.dropwizard:dropwizard-jdbi:jar:0.6.2:compile
|  +- com.yammer.dropwizard:dropwizard-db:jar:0.6.2:compile
|  |  +- (com.yammer.dropwizard:dropwizard-core:jar:0.6.2:compile - omitted for duplicate)
|  |  \- org.apache.tomcat:tomcat-dbcp:jar:7.0.37:compile
|  +- org.jdbi:jdbi:jar:2.41:compile
|  \- com.yammer.metrics:metrics-jdbi:jar:2.2.0:compile
|     +- (com.yammer.metrics:metrics-core:jar:2.2.0:compile - omitted for duplicate)
|     \- (org.jdbi:jdbi:jar:2.31.2:compile - omitted for conflict with 2.41)
+- com.yammer.dropwizard:dropwizard-auth:jar:0.6.2:compile
|  \- (com.yammer.dropwizard:dropwizard-core:jar:0.6.2:compile - omitted for duplicate)
+- com.yammer.dropwizard:dropwizard-client:jar:0.6.2:compile
|  +- (com.yammer.dropwizard:dropwizard-core:jar:0.6.2:compile - omitted for duplicate)
|  +- com.sun.jersey:jersey-client:jar:1.17.1:compile
|  |  \- (com.sun.jersey:jersey-core:jar:1.17.1:compile - omitted for duplicate)
|  +- com.sun.jersey.contribs:jersey-apache-client4:jar:1.17.1:compile
|  |  +- (org.apache.httpcomponents:httpclient:jar:4.1.1:compile - omitted for conflict with 4.1)
|  |  \- (com.sun.jersey:jersey-client:jar:1.17.1:compile - omitted for duplicate)
|  +- (org.apache.httpcomponents:httpclient:jar:4.2.3:compile - omitted for conflict with 4.1)
|  \- com.yammer.metrics:metrics-httpclient:jar:2.2.0:compile
|     +- (com.yammer.metrics:metrics-core:jar:2.2.0:compile - omitted for duplicate)
|     \- (org.apache.httpcomponents:httpclient:jar:4.2.2:compile - omitted for conflict with 4.1)
+- com.yammer.dropwizard:dropwizard-migrations:jar:0.6.2:compile
|  +- (com.yammer.dropwizard:dropwizard-db:jar:0.6.2:compile - omitted for duplicate)
|  +- org.liquibase:liquibase-core:jar:2.0.5:compile
|  \- com.mattbertolini:liquibase-slf4j:jar:1.0.0:compile
|     \- (org.liquibase:liquibase-core:jar:2.0.3:compile - omitted for conflict with 2.0.5)
+- com.yammer.dropwizard:dropwizard-testing:jar:0.6.2:compile
|  +- (com.yammer.dropwizard:dropwizard-core:jar:0.6.2:compile - omitted for duplicate)
|  +- com.sun.jersey.jersey-test-framework:jersey-test-framework-core:jar:1.17.1:compile
|  |  +- javax.servlet:javax.servlet-api:jar:3.0.1:compile
|  |  +- (junit:junit:jar:4.8.2:compile - omitted for conflict with 4.11)
|  |  +- (com.sun.jersey:jersey-servlet:jar:1.17.1:compile - omitted for duplicate)
|  |  \- (com.sun.jersey:jersey-client:jar:1.17.1:compile - omitted for duplicate)
|  +- com.sun.jersey.jersey-test-framework:jersey-test-framework-inmemory:jar:1.17.1:compile
|  |  \- (com.sun.jersey.jersey-test-framework:jersey-test-framework-core:jar:1.17.1:compile - omitted for duplicate)
|  +- junit:junit:jar:4.11:compile
|  |  \- org.hamcrest:hamcrest-core:jar:1.3:compile
|  +- org.mockito:mockito-all:jar:1.9.5:compile
|  \- org.easytesting:fest-assert-core:jar:2.0M10:compile
|     \- org.easytesting:fest-util:jar:1.2.5:compile
+- com.twilio.sdk:twilio-java-sdk:jar:3.4.1:compile
|  +- (org.apache.httpcomponents:httpclient:jar:4.1.2:compile - omitted for conflict with 4.1)
|  +- commons-lang:commons-lang:jar:2.6:compile
|  +- (com.googlecode.json-simple:json-simple:jar:1.1:compile - omitted for duplicate)
|  \- (org.codehaus.jackson:jackson-mapper-asl:jar:1.9.3:compile - omitted for conflict with 1.8.9)
+- postgresql:postgresql:jar:9.1-901.jdbc4:compile
+- com.sun.jersey:jersey-json:jar:1.17.1:compile
|  +- org.codehaus.jettison:jettison:jar:1.1:compile
|  +- com.sun.xml.bind:jaxb-impl:jar:2.2.3-1:compile
|  |  \- javax.xml.bind:jaxb-api:jar:2.2.2:compile
|  |     +- javax.xml.stream:stax-api:jar:1.0-2:compile
|  |     \- javax.activation:activation:jar:1.1:compile
|  +- (org.codehaus.jackson:jackson-core-asl:jar:1.9.2:compile - omitted for conflict with 1.8.9)
|  +- (org.codehaus.jackson:jackson-mapper-asl:jar:1.9.2:compile - omitted for conflict with 1.8.9)
|  +- org.codehaus.jackson:jackson-jaxrs:jar:1.9.2:compile
|  |  +- (org.codehaus.jackson:jackson-core-asl:jar:1.9.2:compile - omitted for conflict with 1.8.9)
|  |  \- (org.codehaus.jackson:jackson-mapper-asl:jar:1.9.2:compile - omitted for conflict with 1.8.9)
|  +- org.codehaus.jackson:jackson-xc:jar:1.9.2:compile
|  |  +- (org.codehaus.jackson:jackson-core-asl:jar:1.9.2:compile - omitted for conflict with 1.8.9)
|  |  \- (org.codehaus.jackson:jackson-mapper-asl:jar:1.9.2:compile - omitted for conflict with 1.8.9)
|  \- (com.sun.jersey:jersey-core:jar:1.17.1:compile - omitted for duplicate)
+- org.eclipse.jetty:jetty-websocket:jar:8.1.14.v20131031:compile
|  +- org.eclipse.jetty:jetty-util:jar:8.1.14.v20131031:compile
|  +- org.eclipse.jetty:jetty-io:jar:8.1.14.v20131031:compile
|  |  \- (org.eclipse.jetty:jetty-util:jar:8.1.14.v20131031:compile - omitted for duplicate)
|  \- (org.eclipse.jetty:jetty-http:jar:8.1.14.v20131031:compile - omitted for conflict with 8.1.10.v20130312)
\- org.coursera:metrics-datadog:jar:0.1.5:compile
   +- (com.yammer.metrics:metrics-core:jar:2.2.0:compile - omitted for duplicate)
   +- com.ning:async-http-client:jar:1.7.20:compile
   |  +- io.netty:netty:jar:3.6.6.Final:compile
   |  \- (org.slf4j:slf4j-api:jar:1.7.5:compile - omitted for conflict with 1.7.4)
   \- (com.fasterxml.jackson.core:jackson-databind:jar:2.2.2:compile - omitted for conflict with 2.1.4)

