WARNING: Your kernel does not support swap limit capabilities or the cgroup is not mounted. Memory limited without swap.
no.cantara.jau:configservice:jar:0.12.7
+- no.cantara.jau:configservice-sdk:jar:0.17.7:compile
|  +- (org.slf4j:jcl-over-slf4j:jar:1.7.30:compile - omitted for duplicate)
|  +- com.fasterxml.jackson.core:jackson-core:jar:2.10.2:compile
|  +- com.fasterxml.jackson.core:jackson-databind:jar:2.10.2:compile
|  |  +- com.fasterxml.jackson.core:jackson-annotations:jar:2.10.2:compile
|  |  \- (com.fasterxml.jackson.core:jackson-core:jar:2.10.2:compile - omitted for duplicate)
|  +- com.fasterxml.jackson.dataformat:jackson-dataformat-cbor:jar:2.10.2:compile
|  |  \- (com.fasterxml.jackson.core:jackson-core:jar:2.10.2:compile - omitted for duplicate)
|  +- org.glassfish.jaxb:jaxb-runtime:jar:2.4.0-b180830.0438:compile
|  |  +- javax.xml.bind:jaxb-api:jar:2.4.0-b180830.0359:compile
|  |  |  \- (javax.activation:javax.activation-api:jar:1.2.0:compile - omitted for duplicate)
|  |  +- org.glassfish.jaxb:txw2:jar:2.4.0-b180830.0438:compile
|  |  +- com.sun.istack:istack-commons-runtime:jar:3.0.7:compile
|  |  +- org.jvnet.staxex:stax-ex:jar:1.8:compile
|  |  +- com.sun.xml.fastinfoset:FastInfoset:jar:1.2.15:compile
|  |  \- javax.activation:javax.activation-api:jar:1.2.0:compile
|  +- javax.ws.rs:javax.ws.rs-api:jar:2.1.1:compile
|  +- org.glassfish.jersey.core:jersey-client:jar:2.30:compile
|  |  +- (jakarta.ws.rs:jakarta.ws.rs-api:jar:2.1.6:compile - omitted for duplicate)
|  |  +- (org.glassfish.jersey.core:jersey-common:jar:2.30:compile - omitted for conflict with 2.31)
|  |  \- org.glassfish.hk2.external:jakarta.inject:jar:2.6.1:compile
|  \- com.amazonaws:aws-java-sdk-s3:jar:1.11.724:compile
|     +- com.amazonaws:aws-java-sdk-kms:jar:1.11.724:compile
|     |  +- (com.amazonaws:aws-java-sdk-core:jar:1.11.724:compile - omitted for duplicate)
|     |  \- (com.amazonaws:jmespath-java:jar:1.11.724:compile - omitted for duplicate)
|     +- (com.amazonaws:aws-java-sdk-core:jar:1.11.724:compile - omitted for conflict with 1.11.789)
|     \- (com.amazonaws:jmespath-java:jar:1.11.724:compile - omitted for conflict with 1.11.789)
+- javax.servlet:javax.servlet-api:jar:3.1.0:compile
+- org.eclipse.jetty:jetty-servlet:jar:9.4.29.v20200521:compile
|  \- org.eclipse.jetty:jetty-security:jar:9.4.29.v20200521:compile
|     \- org.eclipse.jetty:jetty-server:jar:9.4.29.v20200521:compile
|        +- (javax.servlet:javax.servlet-api:jar:3.1.0:compile - omitted for duplicate)
|        +- org.eclipse.jetty:jetty-http:jar:9.4.29.v20200521:compile
|        |  +- org.eclipse.jetty:jetty-util:jar:9.4.29.v20200521:compile
|        |  \- (org.eclipse.jetty:jetty-io:jar:9.4.29.v20200521:compile - omitted for duplicate)
|        \- org.eclipse.jetty:jetty-io:jar:9.4.29.v20200521:compile
|           \- (org.eclipse.jetty:jetty-util:jar:9.4.29.v20200521:compile - omitted for duplicate)
+- org.mapdb:mapdb:jar:1.0.9:compile
+- org.glassfish.jersey.containers:jersey-container-servlet:jar:2.31:compile
|  +- org.glassfish.jersey.containers:jersey-container-servlet-core:jar:2.31:compile
|  |  +- (org.glassfish.hk2.external:jakarta.inject:jar:2.6.1:compile - omitted for duplicate)
|  |  +- (org.glassfish.jersey.core:jersey-common:jar:2.31:compile - omitted for conflict with 2.30)
|  |  +- (org.glassfish.jersey.core:jersey-server:jar:2.31:compile - omitted for duplicate)
|  |  \- (jakarta.ws.rs:jakarta.ws.rs-api:jar:2.1.6:compile - omitted for duplicate)
|  +- org.glassfish.jersey.core:jersey-common:jar:2.31:compile
|  |  +- (jakarta.ws.rs:jakarta.ws.rs-api:jar:2.1.6:compile - omitted for duplicate)
|  |  +- jakarta.annotation:jakarta.annotation-api:jar:1.3.5:compile
|  |  +- (org.glassfish.hk2.external:jakarta.inject:jar:2.6.1:compile - omitted for duplicate)
|  |  +- org.glassfish.hk2:osgi-resource-locator:jar:1.0.3:compile
|  |  \- com.sun.activation:jakarta.activation:jar:1.2.2:compile
|  +- org.glassfish.jersey.core:jersey-server:jar:2.31:compile
|  |  +- (org.glassfish.jersey.core:jersey-common:jar:2.31:compile - omitted for duplicate)
|  |  +- (org.glassfish.jersey.core:jersey-client:jar:2.31:compile - omitted for conflict with 2.30)
|  |  +- (jakarta.ws.rs:jakarta.ws.rs-api:jar:2.1.6:compile - omitted for duplicate)
|  |  +- org.glassfish.jersey.media:jersey-media-jaxb:jar:2.31:compile
|  |  |  +- (org.glassfish.jersey.core:jersey-common:jar:2.31:compile - omitted for duplicate)
|  |  |  +- (org.glassfish.hk2.external:jakarta.inject:jar:2.6.1:compile - omitted for duplicate)
|  |  |  \- (org.glassfish.hk2:osgi-resource-locator:jar:1.0.3:compile - omitted for duplicate)
|  |  +- (jakarta.annotation:jakarta.annotation-api:jar:1.3.5:compile - omitted for duplicate)
|  |  +- (org.glassfish.hk2.external:jakarta.inject:jar:2.6.1:compile - omitted for duplicate)
|  |  +- jakarta.validation:jakarta.validation-api:jar:2.0.2:compile
|  |  \- jakarta.xml.bind:jakarta.xml.bind-api:jar:2.3.3:compile
|  |     \- jakarta.activation:jakarta.activation-api:jar:1.2.2:compile
|  \- jakarta.ws.rs:jakarta.ws.rs-api:jar:2.1.6:compile
+- org.glassfish.jersey.ext:jersey-spring4:jar:2.31:compile
|  +- (org.glassfish.jersey.core:jersey-server:jar:2.31:compile - omitted for duplicate)
|  +- org.glassfish.jersey.inject:jersey-hk2:jar:2.31:compile
|  |  +- (org.glassfish.jersey.core:jersey-common:jar:2.31:compile - omitted for duplicate)
|  |  +- org.glassfish.hk2:hk2-locator:jar:2.6.1:compile
|  |  |  +- (org.glassfish.hk2.external:jakarta.inject:jar:2.6.1:compile - omitted for duplicate)
|  |  |  +- org.glassfish.hk2.external:aopalliance-repackaged:jar:2.6.1:compile
|  |  |  +- (org.glassfish.hk2:hk2-api:jar:2.6.1:compile - omitted for duplicate)
|  |  |  \- (org.glassfish.hk2:hk2-utils:jar:2.6.1:compile - omitted for duplicate)
|  |  \- org.javassist:javassist:jar:3.25.0-GA:compile
|  +- (org.glassfish.jersey.containers:jersey-container-servlet-core:jar:2.31:compile - omitted for duplicate)
|  +- org.glassfish.hk2:hk2:jar:2.6.1:compile
|  |  +- org.glassfish.hk2:hk2-utils:jar:2.6.1:compile
|  |  |  +- (jakarta.annotation:jakarta.annotation-api:jar:1.3.4:compile - omitted for conflict with 1.3.5)
|  |  |  \- (org.glassfish.hk2.external:jakarta.inject:jar:2.6.1:compile - omitted for duplicate)
|  |  +- org.glassfish.hk2:hk2-api:jar:2.6.1:compile
|  |  |  +- (org.glassfish.hk2.external:jakarta.inject:jar:2.6.1:compile - omitted for duplicate)
|  |  |  +- (org.glassfish.hk2:hk2-utils:jar:2.6.1:compile - omitted for duplicate)
|  |  |  \- (org.glassfish.hk2.external:aopalliance-repackaged:jar:2.6.1:compile - omitted for duplicate)
|  |  +- org.glassfish.hk2:hk2-core:jar:2.6.1:compile
|  |  |  +- (org.glassfish.hk2:hk2-locator:jar:2.6.1:compile - omitted for duplicate)
|  |  |  \- (org.glassfish.hk2:hk2-utils:jar:2.6.1:compile - omitted for duplicate)
|  |  +- (org.glassfish.hk2:hk2-locator:jar:2.6.1:compile - omitted for duplicate)
|  |  +- org.glassfish.hk2:hk2-runlevel:jar:2.6.1:compile
|  |  |  +- (org.glassfish.hk2:hk2-api:jar:2.6.1:compile - omitted for duplicate)
|  |  |  +- (org.glassfish.hk2:hk2-locator:jar:2.6.1:compile - omitted for duplicate)
|  |  |  \- (jakarta.annotation:jakarta.annotation-api:jar:1.3.4:compile - omitted for conflict with 1.3.5)
|  |  \- org.glassfish.hk2:class-model:jar:2.6.1:compile
|  |     +- org.ow2.asm:asm:jar:7.1:compile
|  |     +- org.ow2.asm:asm-analysis:jar:7.1:compile
|  |     |  \- (org.ow2.asm:asm-tree:jar:7.1:compile - omitted for duplicate)
|  |     +- org.ow2.asm:asm-commons:jar:7.1:compile
|  |     |  +- (org.ow2.asm:asm:jar:7.1:compile - omitted for duplicate)
|  |     |  +- (org.ow2.asm:asm-tree:jar:7.1:compile - omitted for duplicate)
|  |     |  \- (org.ow2.asm:asm-analysis:jar:7.1:compile - omitted for duplicate)
|  |     +- org.ow2.asm:asm-tree:jar:7.1:compile
|  |     |  \- (org.ow2.asm:asm:jar:7.1:compile - omitted for duplicate)
|  |     \- org.ow2.asm:asm-util:jar:7.1:compile
|  |        +- (org.ow2.asm:asm:jar:7.1:compile - omitted for duplicate)
|  |        +- (org.ow2.asm:asm-tree:jar:7.1:compile - omitted for duplicate)
|  |        \- (org.ow2.asm:asm-analysis:jar:7.1:compile - omitted for duplicate)
|  +- org.glassfish.hk2:spring-bridge:jar:2.6.1:compile
|  |  +- (org.glassfish.hk2.external:jakarta.inject:jar:2.6.1:compile - omitted for duplicate)
|  |  \- (org.springframework:spring-context:jar:4.3.16.RELEASE:compile - omitted for conflict with 5.2.6.RELEASE)
|  +- (org.springframework:spring-beans:jar:4.3.20.RELEASE:compile - omitted for conflict with 5.2.6.RELEASE)
|  +- (org.springframework:spring-core:jar:4.3.20.RELEASE:compile - omitted for conflict with 5.2.6.RELEASE)
|  +- (org.springframework:spring-web:jar:4.3.20.RELEASE:compile - omitted for conflict with 5.2.6.RELEASE)
|  +- org.springframework:spring-aop:jar:4.3.20.RELEASE:compile
|  |  +- (org.springframework:spring-beans:jar:4.3.20.RELEASE:compile - omitted for duplicate)
|  |  \- (org.springframework:spring-core:jar:4.3.20.RELEASE:compile - omitted for duplicate)
|  \- (jakarta.ws.rs:jakarta.ws.rs-api:jar:2.1.6:compile - omitted for duplicate)
+- org.springframework:spring-web:jar:5.2.6.RELEASE:compile
|  +- (org.springframework:spring-beans:jar:5.2.6.RELEASE:compile - omitted for conflict with 4.3.20.RELEASE)
|  \- (org.springframework:spring-core:jar:5.2.6.RELEASE:compile - omitted for conflict with 4.3.20.RELEASE)
+- org.springframework:spring-core:jar:5.2.6.RELEASE:compile
+- org.springframework:spring-beans:jar:5.2.6.RELEASE:compile
|  \- (org.springframework:spring-core:jar:5.2.6.RELEASE:compile - omitted for duplicate)
+- org.springframework:spring-context:jar:5.2.6.RELEASE:compile
|  +- (org.springframework:spring-aop:jar:5.2.6.RELEASE:compile - omitted for conflict with 4.3.20.RELEASE)
|  +- (org.springframework:spring-beans:jar:5.2.6.RELEASE:compile - omitted for duplicate)
|  +- (org.springframework:spring-core:jar:5.2.6.RELEASE:compile - omitted for duplicate)
|  \- org.springframework:spring-expression:jar:5.2.6.RELEASE:compile
|     \- (org.springframework:spring-core:jar:5.2.6.RELEASE:compile - omitted for duplicate)
+- org.springframework:spring-tx:jar:5.2.6.RELEASE:compile
|  +- (org.springframework:spring-beans:jar:5.2.6.RELEASE:compile - omitted for duplicate)
|  \- (org.springframework:spring-core:jar:5.2.6.RELEASE:compile - omitted for duplicate)
+- org.springframework:spring-jdbc:jar:5.2.6.RELEASE:compile
|  +- (org.springframework:spring-beans:jar:5.2.6.RELEASE:compile - omitted for duplicate)
|  +- (org.springframework:spring-core:jar:5.2.6.RELEASE:compile - omitted for duplicate)
|  \- (org.springframework:spring-tx:jar:5.2.6.RELEASE:compile - omitted for duplicate)
+- org.constretto:constretto-core:jar:2.2.3:compile
|  +- org.constretto:constretto-api:jar:2.2.3:compile
|  |  \- commons-lang:commons-lang:jar:2.6:compile
|  +- com.thoughtworks.paranamer:paranamer:jar:2.5.2:compile
|  +- (org.slf4j:jcl-over-slf4j:jar:1.7.13:runtime - omitted for conflict with 1.7.30)
|  \- com.google.code.gson:gson:jar:2.2.4:compile
+- org.constretto:constretto-spring:jar:2.2.3:compile
|  +- (org.constretto:constretto-api:jar:2.2.3:compile - omitted for duplicate)
|  +- (org.constretto:constretto-core:jar:2.2.3:compile - omitted for duplicate)
|  +- org.slf4j:slf4j-api:jar:1.7.13:compile
|  +- (org.slf4j:jcl-over-slf4j:jar:1.7.13:runtime - omitted for conflict with 1.7.30)
|  \- (org.springframework:spring-context:jar:3.2.11.RELEASE:compile - omitted for conflict with 5.2.6.RELEASE)
+- com.jayway.jsonpath:json-path:jar:2.4.0:compile
|  +- net.minidev:json-smart:jar:2.3:compile
|  |  \- net.minidev:accessors-smart:jar:1.2:compile
|  |     \- (org.ow2.asm:asm:jar:5.0.4:compile - omitted for conflict with 7.1)
|  \- (org.slf4j:slf4j-api:jar:1.7.25:compile - omitted for conflict with 1.7.13)
+- org.slf4j:jcl-over-slf4j:jar:1.7.30:compile
|  \- (org.slf4j:slf4j-api:jar:1.7.30:compile - omitted for conflict with 1.7.13)
+- org.slf4j:jul-to-slf4j:jar:1.7.30:compile
|  \- (org.slf4j:slf4j-api:jar:1.7.30:compile - omitted for conflict with 1.7.13)
+- ch.qos.logback:logback-classic:jar:1.2.3:compile
|  +- ch.qos.logback:logback-core:jar:1.2.3:compile
|  \- (org.slf4j:slf4j-api:jar:1.7.25:compile - omitted for conflict with 1.7.13)
+- com.amazonaws:aws-java-sdk-logs:jar:1.11.789:compile
|  +- (com.amazonaws:aws-java-sdk-core:jar:1.11.789:compile - omitted for duplicate)
|  \- com.amazonaws:jmespath-java:jar:1.11.789:compile
+- com.amazonaws:aws-java-sdk-cloudwatch:jar:1.11.789:compile
|  +- (com.amazonaws:aws-java-sdk-core:jar:1.11.789:compile - omitted for duplicate)
|  \- (com.amazonaws:jmespath-java:jar:1.11.789:compile - omitted for duplicate)
+- com.amazonaws:aws-java-sdk-core:jar:1.11.789:compile
|  +- org.apache.httpcomponents:httpclient:jar:4.5.9:compile
|  |  +- org.apache.httpcomponents:httpcore:jar:4.4.11:compile
|  |  \- commons-codec:commons-codec:jar:1.11:compile
|  +- software.amazon.ion:ion-java:jar:1.0.2:compile
|  +- (com.fasterxml.jackson.dataformat:jackson-dataformat-cbor:jar:2.6.7:compile - omitted for conflict with 2.10.2)
|  \- joda-time:joda-time:jar:2.8.1:compile
+- org.postgresql:postgresql:jar:42.2.14.jre7:compile
+- com.zaxxer:HikariCP:jar:2.7.9:compile
|  \- (org.slf4j:slf4j-api:jar:1.7.25:compile - omitted for conflict with 1.7.13)
+- org.flywaydb:flyway-core:jar:5.2.4:compile
+- org.testng:testng:jar:6.14.3:test
|  +- com.beust:jcommander:jar:1.72:test
|  \- org.apache-extras.beanshell:bsh:jar:2.0b6:test
+- com.jayway.restassured:rest-assured:jar:2.4.1:test
|  +- org.codehaus.groovy:groovy:jar:2.4.3:test
|  +- org.codehaus.groovy:groovy-xml:jar:2.4.3:test
|  |  \- (org.codehaus.groovy:groovy:jar:2.4.3:test - omitted for duplicate)
|  +- (org.apache.httpcomponents:httpclient:jar:4.3.6:test - omitted for conflict with 4.5.9)
|  +- org.apache.httpcomponents:httpmime:jar:4.3.6:test
|  |  \- (org.apache.httpcomponents:httpclient:jar:4.3.6:test - omitted for conflict with 4.5.9)
|  +- org.hamcrest:hamcrest-core:jar:1.3:test
|  +- org.hamcrest:hamcrest-library:jar:1.3:test
|  |  \- (org.hamcrest:hamcrest-core:jar:1.3:test - omitted for duplicate)
|  +- org.ccil.cowan.tagsoup:tagsoup:jar:1.2.1:test
|  +- com.jayway.restassured:json-path:jar:2.4.1:test
|  |  +- org.codehaus.groovy:groovy-json:jar:2.4.3:test
|  |  |  \- (org.codehaus.groovy:groovy:jar:2.4.3:test - omitted for duplicate)
|  |  +- (org.codehaus.groovy:groovy:jar:2.4.3:test - omitted for duplicate)
|  |  \- com.jayway.restassured:rest-assured-common:jar:2.4.1:test
|  |     +- (org.codehaus.groovy:groovy:jar:2.4.3:test - omitted for duplicate)
|  |     \- (org.apache.commons:commons-lang3:jar:3.3.2:test - omitted for duplicate)
|  \- com.jayway.restassured:xml-path:jar:2.4.1:test
|     +- (org.codehaus.groovy:groovy-xml:jar:2.4.3:test - omitted for duplicate)
|     +- (org.codehaus.groovy:groovy:jar:2.4.3:test - omitted for duplicate)
|     +- (com.jayway.restassured:rest-assured-common:jar:2.4.1:test - omitted for duplicate)
|     +- org.apache.commons:commons-lang3:jar:3.3.2:test
|     \- (org.ccil.cowan.tagsoup:tagsoup:jar:1.2.1:test - omitted for duplicate)
\- org.mockito:mockito-all:jar:1.10.19:test

