WARNING: Your kernel does not support swap limit capabilities or the cgroup is not mounted. Memory limited without swap.
no.cantara.jau:configservice:jar:0.10.5
+- no.cantara.jau:configservice-sdk:jar:0.16.3:compile
|  +- (org.slf4j:jcl-over-slf4j:jar:1.7.12:compile - omitted for duplicate)
|  +- com.fasterxml.jackson.core:jackson-databind:jar:2.9.8:compile
|  |  +- com.fasterxml.jackson.core:jackson-annotations:jar:2.9.0:compile
|  |  \- com.fasterxml.jackson.core:jackson-core:jar:2.9.8:compile
|  +- com.fasterxml.jackson.dataformat:jackson-dataformat-cbor:jar:2.9.8:compile
|  |  \- (com.fasterxml.jackson.core:jackson-core:jar:2.9.8:compile - omitted for duplicate)
|  +- javax.ws.rs:javax.ws.rs-api:jar:2.0:compile
|  +- org.glassfish.jersey.core:jersey-client:jar:2.22.1:compile
|  |  +- (javax.ws.rs:javax.ws.rs-api:jar:2.0.1:compile - omitted for conflict with 2.0)
|  |  +- (org.glassfish.jersey.core:jersey-common:jar:2.22.1:compile - omitted for conflict with 2.22)
|  |  +- org.glassfish.hk2:hk2-api:jar:2.4.0-b31:compile
|  |  |  +- (org.glassfish.hk2:hk2-utils:jar:2.4.0-b31:compile - omitted for duplicate)
|  |  |  \- org.glassfish.hk2.external:aopalliance-repackaged:jar:2.4.0-b31:compile
|  |  +- org.glassfish.hk2.external:javax.inject:jar:2.4.0-b31:compile
|  |  \- org.glassfish.hk2:hk2-locator:jar:2.4.0-b31:compile
|  |     +- (org.glassfish.hk2.external:javax.inject:jar:2.4.0-b31:compile - omitted for duplicate)
|  |     +- (org.glassfish.hk2.external:aopalliance-repackaged:jar:2.4.0-b31:compile - omitted for duplicate)
|  |     +- (org.glassfish.hk2:hk2-api:jar:2.4.0-b31:compile - omitted for duplicate)
|  |     +- (org.glassfish.hk2:hk2-utils:jar:2.4.0-b31:compile - omitted for duplicate)
|  |     \- org.javassist:javassist:jar:3.18.1-GA:compile
|  \- com.amazonaws:aws-java-sdk-s3:jar:1.11.466:compile
|     +- com.amazonaws:aws-java-sdk-kms:jar:1.11.466:compile
|     |  +- (com.amazonaws:aws-java-sdk-core:jar:1.11.466:compile - omitted for duplicate)
|     |  \- (com.amazonaws:jmespath-java:jar:1.11.466:compile - omitted for duplicate)
|     +- (com.amazonaws:aws-java-sdk-core:jar:1.11.466:compile - omitted for conflict with 1.11.475)
|     \- (com.amazonaws:jmespath-java:jar:1.11.466:compile - omitted for conflict with 1.11.475)
+- javax.servlet:javax.servlet-api:jar:3.1.0:compile
+- org.eclipse.jetty:jetty-servlet:jar:9.4.12.v20180830:compile
|  \- org.eclipse.jetty:jetty-security:jar:9.4.12.v20180830:compile
|     \- org.eclipse.jetty:jetty-server:jar:9.4.12.v20180830:compile
|        +- (javax.servlet:javax.servlet-api:jar:3.1.0:compile - omitted for duplicate)
|        +- org.eclipse.jetty:jetty-http:jar:9.4.12.v20180830:compile
|        |  +- org.eclipse.jetty:jetty-util:jar:9.4.12.v20180830:compile
|        |  \- (org.eclipse.jetty:jetty-io:jar:9.4.12.v20180830:compile - omitted for duplicate)
|        \- org.eclipse.jetty:jetty-io:jar:9.4.12.v20180830:compile
|           \- (org.eclipse.jetty:jetty-util:jar:9.4.12.v20180830:compile - omitted for duplicate)
+- org.mapdb:mapdb:jar:1.0.8:compile
+- org.glassfish.jersey.containers:jersey-container-servlet:jar:2.22:compile
|  +- org.glassfish.jersey.containers:jersey-container-servlet-core:jar:2.22:compile
|  |  +- (org.glassfish.hk2.external:javax.inject:jar:2.4.0-b31:compile - omitted for duplicate)
|  |  +- (org.glassfish.jersey.core:jersey-common:jar:2.22:compile - omitted for conflict with 2.22.1)
|  |  +- (org.glassfish.jersey.core:jersey-server:jar:2.22:compile - omitted for duplicate)
|  |  \- (javax.ws.rs:javax.ws.rs-api:jar:2.0.1:compile - omitted for conflict with 2.0)
|  +- org.glassfish.jersey.core:jersey-common:jar:2.22:compile
|  |  +- (javax.ws.rs:javax.ws.rs-api:jar:2.0.1:compile - omitted for conflict with 2.0)
|  |  +- javax.annotation:javax.annotation-api:jar:1.2:compile
|  |  +- org.glassfish.jersey.bundles.repackaged:jersey-guava:jar:2.22:compile
|  |  +- (org.glassfish.hk2:hk2-api:jar:2.4.0-b31:compile - omitted for duplicate)
|  |  +- (org.glassfish.hk2.external:javax.inject:jar:2.4.0-b31:compile - omitted for duplicate)
|  |  +- (org.glassfish.hk2:hk2-locator:jar:2.4.0-b31:compile - omitted for duplicate)
|  |  \- org.glassfish.hk2:osgi-resource-locator:jar:1.0.1:compile
|  +- org.glassfish.jersey.core:jersey-server:jar:2.22:compile
|  |  +- (org.glassfish.jersey.core:jersey-common:jar:2.22:compile - omitted for duplicate)
|  |  +- (org.glassfish.jersey.core:jersey-client:jar:2.22:compile - omitted for conflict with 2.22.1)
|  |  +- (javax.ws.rs:javax.ws.rs-api:jar:2.0.1:compile - omitted for conflict with 2.0)
|  |  +- org.glassfish.jersey.media:jersey-media-jaxb:jar:2.22:compile
|  |  |  +- (org.glassfish.jersey.core:jersey-common:jar:2.22:compile - omitted for duplicate)
|  |  |  +- (org.glassfish.hk2:hk2-api:jar:2.4.0-b31:compile - omitted for duplicate)
|  |  |  +- (org.glassfish.hk2.external:javax.inject:jar:2.4.0-b31:compile - omitted for duplicate)
|  |  |  +- (org.glassfish.hk2:hk2-locator:jar:2.4.0-b31:compile - omitted for duplicate)
|  |  |  \- (org.glassfish.hk2:osgi-resource-locator:jar:1.0.1:compile - omitted for duplicate)
|  |  +- (javax.annotation:javax.annotation-api:jar:1.2:compile - omitted for duplicate)
|  |  +- (org.glassfish.hk2:hk2-api:jar:2.4.0-b31:compile - omitted for duplicate)
|  |  +- (org.glassfish.hk2.external:javax.inject:jar:2.4.0-b31:compile - omitted for duplicate)
|  |  \- (org.glassfish.hk2:hk2-locator:jar:2.4.0-b31:compile - omitted for duplicate)
|  \- (javax.ws.rs:javax.ws.rs-api:jar:2.0.1:compile - omitted for conflict with 2.0)
+- org.glassfish.jersey.ext:jersey-spring3:jar:2.22:compile
|  +- (org.glassfish.jersey.core:jersey-server:jar:2.22:compile - omitted for duplicate)
|  +- (org.glassfish.jersey.containers:jersey-container-servlet-core:jar:2.22:compile - omitted for duplicate)
|  +- org.glassfish.hk2:hk2:jar:2.4.0-b31:compile
|  |  +- org.glassfish.hk2:hk2-utils:jar:2.4.0-b31:compile
|  |  +- (org.glassfish.hk2:hk2-api:jar:2.4.0-b31:compile - omitted for duplicate)
|  |  +- org.glassfish.hk2:config-types:jar:2.4.0-b31:compile
|  |  |  \- (org.glassfish.hk2:hk2-config:jar:2.4.0-b31:compile - omitted for duplicate)
|  |  +- org.glassfish.hk2:hk2-core:jar:2.4.0-b31:compile
|  |  |  +- (org.glassfish.hk2:hk2-locator:jar:2.4.0-b31:compile - omitted for duplicate)
|  |  |  \- (org.glassfish.hk2:hk2-utils:jar:2.4.0-b31:compile - omitted for duplicate)
|  |  +- org.glassfish.hk2:hk2-config:jar:2.4.0-b31:compile
|  |  |  +- (org.glassfish.hk2:hk2-core:jar:2.4.0-b31:compile - omitted for duplicate)
|  |  |  \- org.glassfish.hk2.external:bean-validator:jar:2.4.0-b31:compile
|  |  +- (org.glassfish.hk2:hk2-locator:jar:2.4.0-b31:compile - omitted for duplicate)
|  |  +- org.glassfish.hk2:hk2-runlevel:jar:2.4.0-b31:compile
|  |  |  +- (org.glassfish.hk2:hk2-api:jar:2.4.0-b31:compile - omitted for duplicate)
|  |  |  \- (org.glassfish.hk2:hk2-locator:jar:2.4.0-b31:compile - omitted for duplicate)
|  |  \- org.glassfish.hk2:class-model:jar:2.4.0-b31:compile
|  |     \- org.glassfish.hk2.external:asm-all-repackaged:jar:2.4.0-b31:compile
|  +- org.glassfish.hk2:spring-bridge:jar:2.4.0-b31:compile
|  |  \- (org.springframework:spring-context:jar:3.2.3.RELEASE:compile - omitted for conflict with 5.0.10.RELEASE)
|  +- (org.springframework:spring-beans:jar:3.2.3.RELEASE:compile - omitted for conflict with 5.0.10.RELEASE)
|  +- (org.springframework:spring-core:jar:3.2.3.RELEASE:compile - omitted for conflict with 5.0.10.RELEASE)
|  +- (org.springframework:spring-web:jar:3.2.3.RELEASE:compile - omitted for conflict with 5.0.10.RELEASE)
|  \- (javax.ws.rs:javax.ws.rs-api:jar:2.0.1:compile - omitted for conflict with 2.0)
+- org.springframework:spring-web:jar:5.0.10.RELEASE:compile
|  +- (org.springframework:spring-beans:jar:5.0.10.RELEASE:compile - omitted for conflict with 3.2.3.RELEASE)
|  \- (org.springframework:spring-core:jar:5.0.10.RELEASE:compile - omitted for conflict with 3.2.3.RELEASE)
+- org.springframework:spring-core:jar:5.0.10.RELEASE:compile
|  \- org.springframework:spring-jcl:jar:5.0.10.RELEASE:compile
+- org.springframework:spring-beans:jar:5.0.10.RELEASE:compile
|  \- (org.springframework:spring-core:jar:5.0.10.RELEASE:compile - omitted for duplicate)
+- org.springframework:spring-context:jar:5.0.10.RELEASE:compile
|  +- org.springframework:spring-aop:jar:5.0.10.RELEASE:compile
|  |  +- (org.springframework:spring-beans:jar:5.0.10.RELEASE:compile - omitted for duplicate)
|  |  \- (org.springframework:spring-core:jar:5.0.10.RELEASE:compile - omitted for duplicate)
|  +- (org.springframework:spring-beans:jar:5.0.10.RELEASE:compile - omitted for duplicate)
|  +- (org.springframework:spring-core:jar:5.0.10.RELEASE:compile - omitted for duplicate)
|  \- org.springframework:spring-expression:jar:5.0.10.RELEASE:compile
|     \- (org.springframework:spring-core:jar:5.0.10.RELEASE:compile - omitted for duplicate)
+- org.springframework:spring-tx:jar:5.0.10.RELEASE:compile
|  +- (org.springframework:spring-beans:jar:5.0.10.RELEASE:compile - omitted for duplicate)
|  \- (org.springframework:spring-core:jar:5.0.10.RELEASE:compile - omitted for duplicate)
+- org.springframework:spring-jdbc:jar:5.0.10.RELEASE:compile
|  +- (org.springframework:spring-beans:jar:5.0.10.RELEASE:compile - omitted for duplicate)
|  +- (org.springframework:spring-core:jar:5.0.10.RELEASE:compile - omitted for duplicate)
|  \- (org.springframework:spring-tx:jar:5.0.10.RELEASE:compile - omitted for duplicate)
+- org.constretto:constretto-core:jar:2.2.3:compile
|  +- org.constretto:constretto-api:jar:2.2.3:compile
|  |  \- commons-lang:commons-lang:jar:2.6:compile
|  +- com.thoughtworks.paranamer:paranamer:jar:2.5.2:compile
|  +- (org.slf4j:jcl-over-slf4j:jar:1.7.13:runtime - omitted for conflict with 1.7.12)
|  \- com.google.code.gson:gson:jar:2.2.4:compile
+- org.constretto:constretto-spring:jar:2.2.3:compile
|  +- (org.constretto:constretto-api:jar:2.2.3:compile - omitted for duplicate)
|  +- (org.constretto:constretto-core:jar:2.2.3:compile - omitted for duplicate)
|  +- org.slf4j:slf4j-api:jar:1.7.13:compile
|  +- (org.slf4j:jcl-over-slf4j:jar:1.7.13:runtime - omitted for conflict with 1.7.12)
|  \- (org.springframework:spring-context:jar:3.2.11.RELEASE:compile - omitted for conflict with 5.0.10.RELEASE)
+- com.jayway.jsonpath:json-path:jar:2.0.0:compile
|  +- (org.slf4j:slf4j-api:jar:1.7.10:compile - omitted for conflict with 1.7.13)
|  \- net.minidev:json-smart:jar:2.1.1:compile
|     \- net.minidev:asm:jar:1.0.2:compile
+- org.slf4j:jcl-over-slf4j:jar:1.7.12:compile
|  \- (org.slf4j:slf4j-api:jar:1.7.12:compile - omitted for conflict with 1.7.13)
+- org.slf4j:jul-to-slf4j:jar:1.7.12:compile
|  \- (org.slf4j:slf4j-api:jar:1.7.12:compile - omitted for conflict with 1.7.13)
+- ch.qos.logback:logback-classic:jar:1.2.3:compile
|  +- ch.qos.logback:logback-core:jar:1.2.3:compile
|  \- (org.slf4j:slf4j-api:jar:1.7.25:compile - omitted for conflict with 1.7.13)
+- com.amazonaws:aws-java-sdk-logs:jar:1.11.475:compile
|  +- (com.amazonaws:aws-java-sdk-core:jar:1.11.475:compile - omitted for duplicate)
|  \- com.amazonaws:jmespath-java:jar:1.11.475:compile
+- com.amazonaws:aws-java-sdk-cloudwatch:jar:1.11.475:compile
|  +- (com.amazonaws:aws-java-sdk-core:jar:1.11.475:compile - omitted for duplicate)
|  \- (com.amazonaws:jmespath-java:jar:1.11.475:compile - omitted for duplicate)
+- com.amazonaws:aws-java-sdk-core:jar:1.11.475:compile
|  +- org.apache.httpcomponents:httpclient:jar:4.5.5:compile
|  |  +- org.apache.httpcomponents:httpcore:jar:4.4.9:compile
|  |  \- commons-codec:commons-codec:jar:1.10:compile
|  +- software.amazon.ion:ion-java:jar:1.0.2:compile
|  +- (com.fasterxml.jackson.dataformat:jackson-dataformat-cbor:jar:2.6.7:compile - omitted for conflict with 2.9.8)
|  \- joda-time:joda-time:jar:2.8.1:compile
+- org.postgresql:postgresql:jar:9.4.1212.jre7:compile
+- com.zaxxer:HikariCP:jar:2.7.9:compile
|  \- (org.slf4j:slf4j-api:jar:1.7.25:compile - omitted for conflict with 1.7.13)
+- org.flywaydb:flyway-core:jar:5.0.7:compile
+- org.testng:testng:jar:6.14.3:test
|  +- com.beust:jcommander:jar:1.72:test
|  \- org.apache-extras.beanshell:bsh:jar:2.0b6:test
+- com.jayway.restassured:rest-assured:jar:2.4.1:test
|  +- org.codehaus.groovy:groovy:jar:2.4.3:test
|  +- org.codehaus.groovy:groovy-xml:jar:2.4.3:test
|  |  \- (org.codehaus.groovy:groovy:jar:2.4.3:test - omitted for duplicate)
|  +- (org.apache.httpcomponents:httpclient:jar:4.3.6:test - omitted for conflict with 4.5.5)
|  +- org.apache.httpcomponents:httpmime:jar:4.3.6:test
|  |  \- (org.apache.httpcomponents:httpclient:jar:4.3.6:test - omitted for conflict with 4.5.5)
|  +- org.hamcrest:hamcrest-core:jar:1.3:test
|  +- org.hamcrest:hamcrest-library:jar:1.3:test
|  |  \- (org.hamcrest:hamcrest-core:jar:1.3:test - omitted for duplicate)
|  +- org.ccil.cowan.tagsoup:tagsoup:jar:1.2.1:test
|  +- com.jayway.restassured:json-path:jar:2.4.1:test
|  |  +- org.codehaus.groovy:groovy-json:jar:2.4.3:test
|  |  |  \- (org.codehaus.groovy:groovy:jar:2.4.3:test - omitted for duplicate)
|  |  +- (org.codehaus.groovy:groovy:jar:2.4.3:test - omitted for duplicate)
|  |  \- com.jayway.restassured:rest-assured-common:jar:2.4.1:test
|  |     +- (org.codehaus.groovy:groovy:jar:2.4.3:test - omitted for duplicate)
|  |     \- (org.apache.commons:commons-lang3:jar:3.3.2:test - omitted for duplicate)
|  \- com.jayway.restassured:xml-path:jar:2.4.1:test
|     +- (org.codehaus.groovy:groovy-xml:jar:2.4.3:test - omitted for duplicate)
|     +- (org.codehaus.groovy:groovy:jar:2.4.3:test - omitted for duplicate)
|     +- (com.jayway.restassured:rest-assured-common:jar:2.4.1:test - omitted for duplicate)
|     +- org.apache.commons:commons-lang3:jar:3.3.2:test
|     \- (org.ccil.cowan.tagsoup:tagsoup:jar:1.2.1:test - omitted for duplicate)
\- org.mockito:mockito-all:jar:1.10.19:test

