WARNING: Your kernel does not support swap limit capabilities or the cgroup is not mounted. Memory limited without swap.
ch.cern.eam:eam-wshub-core:jar:11.4-74
+- javax.persistence:javax.persistence-api:jar:2.2:compile
+- org.apache.cxf:cxf-rt-frontend-jaxws:jar:3.3.5:compile
|  +- xml-resolver:xml-resolver:jar:1.2:compile
|  +- org.ow2.asm:asm:jar:7.1:compile
|  +- org.apache.cxf:cxf-core:jar:3.3.5:compile
|  |  +- org.glassfish.jaxb:jaxb-runtime:jar:2.3.2:compile
|  |  |  +- (jakarta.xml.bind:jakarta.xml.bind-api:jar:2.3.2:compile - omitted for duplicate)
|  |  |  +- org.glassfish.jaxb:txw2:jar:2.3.2:compile
|  |  |  +- com.sun.istack:istack-commons-runtime:jar:3.0.8:compile
|  |  |  |  \- (jakarta.activation:jakarta.activation-api:jar:1.2.1:compile - omitted for duplicate)
|  |  |  +- (org.jvnet.staxex:stax-ex:jar:1.8.1:compile - omitted for conflict with 1.7.8)
|  |  |  +- com.sun.xml.fastinfoset:FastInfoset:jar:1.2.16:compile
|  |  |  \- jakarta.activation:jakarta.activation-api:jar:1.2.1:compile
|  |  +- com.fasterxml.woodstox:woodstox-core:jar:5.0.3:compile
|  |  |  \- org.codehaus.woodstox:stax2-api:jar:3.1.4:compile
|  |  +- org.apache.ws.xmlschema:xmlschema-core:jar:2.2.5:compile
|  |  +- jakarta.xml.bind:jakarta.xml.bind-api:jar:2.3.2:compile
|  |  |  \- (jakarta.activation:jakarta.activation-api:jar:1.2.1:compile - omitted for duplicate)
|  |  +- (javax.annotation:javax.annotation-api:jar:1.3.2:compile - omitted for duplicate)
|  |  +- (javax.xml.ws:jaxws-api:jar:2.3.1:compile - omitted for duplicate)
|  |  +- (com.sun.activation:javax.activation:jar:1.2.0:compile - omitted for duplicate)
|  |  +- (org.apache.geronimo.specs:geronimo-ws-metadata_2.0_spec:jar:1.1.3:compile - omitted for duplicate)
|  |  +- (com.sun.xml.messaging.saaj:saaj-impl:jar:1.4.0-b03:compile - omitted for duplicate)
|  |  +- (org.jacorb:jacorb-omgapi:jar:3.9:compile - omitted for duplicate)
|  |  +- (org.apache.geronimo.specs:geronimo-jta_1.1_spec:jar:1.1.1:compile - omitted for duplicate)
|  |  \- (org.jboss.spec.javax.rmi:jboss-rmi-api_1.0_spec:jar:1.0.6.Final:compile - omitted for duplicate)
|  +- org.apache.cxf:cxf-rt-bindings-soap:jar:3.3.5:compile
|  |  +- (org.apache.cxf:cxf-core:jar:3.3.5:compile - omitted for duplicate)
|  |  +- org.apache.cxf:cxf-rt-wsdl:jar:3.3.5:compile
|  |  |  +- (org.apache.cxf:cxf-core:jar:3.3.5:compile - omitted for duplicate)
|  |  |  +- wsdl4j:wsdl4j:jar:1.6.3:compile
|  |  |  +- (org.ow2.asm:asm:jar:7.1:compile - omitted for duplicate)
|  |  |  +- (javax.annotation:javax.annotation-api:jar:1.3.2:compile - omitted for duplicate)
|  |  |  +- (javax.xml.ws:jaxws-api:jar:2.3.1:compile - omitted for duplicate)
|  |  |  +- (com.sun.activation:javax.activation:jar:1.2.0:compile - omitted for duplicate)
|  |  |  +- (org.apache.geronimo.specs:geronimo-ws-metadata_2.0_spec:jar:1.1.3:compile - omitted for duplicate)
|  |  |  +- (com.sun.xml.messaging.saaj:saaj-impl:jar:1.4.0-b03:compile - omitted for duplicate)
|  |  |  +- (org.jacorb:jacorb-omgapi:jar:3.9:compile - omitted for duplicate)
|  |  |  +- (org.apache.geronimo.specs:geronimo-jta_1.1_spec:jar:1.1.1:compile - omitted for duplicate)
|  |  |  \- (org.jboss.spec.javax.rmi:jboss-rmi-api_1.0_spec:jar:1.0.6.Final:compile - omitted for duplicate)
|  |  +- org.apache.cxf:cxf-rt-databinding-jaxb:jar:3.3.5:compile
|  |  |  +- (org.apache.cxf:cxf-core:jar:3.3.5:compile - omitted for duplicate)
|  |  |  +- (org.apache.cxf:cxf-rt-wsdl:jar:3.3.5:compile - omitted for duplicate)
|  |  |  +- (javax.annotation:javax.annotation-api:jar:1.3.2:compile - omitted for duplicate)
|  |  |  +- (javax.xml.ws:jaxws-api:jar:2.3.1:compile - omitted for duplicate)
|  |  |  +- (com.sun.activation:javax.activation:jar:1.2.0:compile - omitted for duplicate)
|  |  |  +- (org.apache.geronimo.specs:geronimo-ws-metadata_2.0_spec:jar:1.1.3:compile - omitted for duplicate)
|  |  |  +- (com.sun.xml.messaging.saaj:saaj-impl:jar:1.4.0-b03:compile - omitted for duplicate)
|  |  |  +- (org.jacorb:jacorb-omgapi:jar:3.9:compile - omitted for duplicate)
|  |  |  +- (org.apache.geronimo.specs:geronimo-jta_1.1_spec:jar:1.1.1:compile - omitted for duplicate)
|  |  |  \- (org.jboss.spec.javax.rmi:jboss-rmi-api_1.0_spec:jar:1.0.6.Final:compile - omitted for duplicate)
|  |  +- (javax.annotation:javax.annotation-api:jar:1.3.2:compile - omitted for duplicate)
|  |  +- (javax.xml.ws:jaxws-api:jar:2.3.1:compile - omitted for duplicate)
|  |  +- (com.sun.activation:javax.activation:jar:1.2.0:compile - omitted for duplicate)
|  |  +- (org.apache.geronimo.specs:geronimo-ws-metadata_2.0_spec:jar:1.1.3:compile - omitted for duplicate)
|  |  +- (com.sun.xml.messaging.saaj:saaj-impl:jar:1.4.0-b03:compile - omitted for duplicate)
|  |  +- (org.jacorb:jacorb-omgapi:jar:3.9:compile - omitted for duplicate)
|  |  +- (org.apache.geronimo.specs:geronimo-jta_1.1_spec:jar:1.1.1:compile - omitted for duplicate)
|  |  \- (org.jboss.spec.javax.rmi:jboss-rmi-api_1.0_spec:jar:1.0.6.Final:compile - omitted for duplicate)
|  +- org.apache.cxf:cxf-rt-bindings-xml:jar:3.3.5:compile
|  |  +- (org.apache.cxf:cxf-core:jar:3.3.5:compile - omitted for duplicate)
|  |  +- (javax.annotation:javax.annotation-api:jar:1.3.2:compile - omitted for duplicate)
|  |  +- (javax.xml.ws:jaxws-api:jar:2.3.1:compile - omitted for duplicate)
|  |  +- (com.sun.activation:javax.activation:jar:1.2.0:compile - omitted for duplicate)
|  |  +- (org.apache.geronimo.specs:geronimo-ws-metadata_2.0_spec:jar:1.1.3:compile - omitted for duplicate)
|  |  +- (com.sun.xml.messaging.saaj:saaj-impl:jar:1.4.0-b03:compile - omitted for duplicate)
|  |  +- (org.jacorb:jacorb-omgapi:jar:3.9:compile - omitted for duplicate)
|  |  +- (org.apache.geronimo.specs:geronimo-jta_1.1_spec:jar:1.1.1:compile - omitted for duplicate)
|  |  \- (org.jboss.spec.javax.rmi:jboss-rmi-api_1.0_spec:jar:1.0.6.Final:compile - omitted for duplicate)
|  +- org.apache.cxf:cxf-rt-frontend-simple:jar:3.3.5:compile
|  |  +- (org.apache.cxf:cxf-core:jar:3.3.5:compile - omitted for duplicate)
|  |  +- (org.apache.cxf:cxf-rt-bindings-soap:jar:3.3.5:compile - omitted for duplicate)
|  |  +- (org.apache.cxf:cxf-rt-wsdl:jar:3.3.5:compile - omitted for duplicate)
|  |  +- (javax.annotation:javax.annotation-api:jar:1.3.2:compile - omitted for duplicate)
|  |  +- (javax.xml.ws:jaxws-api:jar:2.3.1:compile - omitted for duplicate)
|  |  +- (com.sun.activation:javax.activation:jar:1.2.0:compile - omitted for duplicate)
|  |  +- (org.apache.geronimo.specs:geronimo-ws-metadata_2.0_spec:jar:1.1.3:compile - omitted for duplicate)
|  |  +- (com.sun.xml.messaging.saaj:saaj-impl:jar:1.4.0-b03:compile - omitted for duplicate)
|  |  +- (org.jacorb:jacorb-omgapi:jar:3.9:compile - omitted for duplicate)
|  |  +- (org.apache.geronimo.specs:geronimo-jta_1.1_spec:jar:1.1.1:compile - omitted for duplicate)
|  |  \- (org.jboss.spec.javax.rmi:jboss-rmi-api_1.0_spec:jar:1.0.6.Final:compile - omitted for duplicate)
|  +- org.apache.cxf:cxf-rt-ws-addr:jar:3.3.5:compile
|  |  +- (org.apache.cxf:cxf-core:jar:3.3.5:compile - omitted for duplicate)
|  |  +- (org.apache.cxf:cxf-rt-bindings-soap:jar:3.3.5:compile - omitted for duplicate)
|  |  +- org.apache.cxf:cxf-rt-ws-policy:jar:3.3.5:compile
|  |  |  +- (wsdl4j:wsdl4j:jar:1.6.3:compile - omitted for duplicate)
|  |  |  +- (org.apache.cxf:cxf-core:jar:3.3.5:compile - omitted for duplicate)
|  |  |  +- org.apache.neethi:neethi:jar:3.1.1:compile
|  |  |  +- (javax.annotation:javax.annotation-api:jar:1.3.2:compile - omitted for duplicate)
|  |  |  +- (javax.xml.ws:jaxws-api:jar:2.3.1:compile - omitted for duplicate)
|  |  |  +- (com.sun.activation:javax.activation:jar:1.2.0:compile - omitted for duplicate)
|  |  |  +- (org.apache.geronimo.specs:geronimo-ws-metadata_2.0_spec:jar:1.1.3:compile - omitted for duplicate)
|  |  |  +- (com.sun.xml.messaging.saaj:saaj-impl:jar:1.4.0-b03:compile - omitted for duplicate)
|  |  |  +- (org.jacorb:jacorb-omgapi:jar:3.9:compile - omitted for duplicate)
|  |  |  +- (org.apache.geronimo.specs:geronimo-jta_1.1_spec:jar:1.1.1:compile - omitted for duplicate)
|  |  |  \- (org.jboss.spec.javax.rmi:jboss-rmi-api_1.0_spec:jar:1.0.6.Final:compile - omitted for duplicate)
|  |  +- (javax.annotation:javax.annotation-api:jar:1.3.2:compile - omitted for duplicate)
|  |  +- (javax.xml.ws:jaxws-api:jar:2.3.1:compile - omitted for duplicate)
|  |  +- (com.sun.activation:javax.activation:jar:1.2.0:compile - omitted for duplicate)
|  |  +- (org.apache.geronimo.specs:geronimo-ws-metadata_2.0_spec:jar:1.1.3:compile - omitted for duplicate)
|  |  +- (com.sun.xml.messaging.saaj:saaj-impl:jar:1.4.0-b03:compile - omitted for duplicate)
|  |  +- (org.jacorb:jacorb-omgapi:jar:3.9:compile - omitted for duplicate)
|  |  +- (org.apache.geronimo.specs:geronimo-jta_1.1_spec:jar:1.1.1:compile - omitted for duplicate)
|  |  \- (org.jboss.spec.javax.rmi:jboss-rmi-api_1.0_spec:jar:1.0.6.Final:compile - omitted for duplicate)
|  +- javax.annotation:javax.annotation-api:jar:1.3.2:compile
|  +- javax.xml.ws:jaxws-api:jar:2.3.1:compile
|  |  +- javax.xml.soap:javax.xml.soap-api:jar:1.4.0:compile
|  |  \- (javax.annotation:javax.annotation-api:jar:1.3.2:compile - omitted for duplicate)
|  +- com.sun.activation:javax.activation:jar:1.2.0:compile
|  +- org.apache.geronimo.specs:geronimo-ws-metadata_2.0_spec:jar:1.1.3:compile
|  +- com.sun.xml.messaging.saaj:saaj-impl:jar:1.4.0-b03:compile
|  |  +- (javax.xml.soap:javax.xml.soap-api:jar:1.4.0-b01:compile - omitted for conflict with 1.4.0)
|  |  +- org.jvnet.mimepull:mimepull:jar:1.9.7:compile
|  |  \- org.jvnet.staxex:stax-ex:jar:1.7.8:compile
|  |     \- javax.activation:activation:jar:1.1:compile
|  +- org.jacorb:jacorb-omgapi:jar:3.9:compile
|  +- org.apache.geronimo.specs:geronimo-jta_1.1_spec:jar:1.1.1:compile
|  \- org.jboss.spec.javax.rmi:jboss-rmi-api_1.0_spec:jar:1.0.6.Final:compile
+- org.apache.cxf:cxf-rt-transports-http:jar:3.3.5:compile
|  +- (org.apache.cxf:cxf-core:jar:3.3.5:compile - omitted for duplicate)
|  +- (javax.annotation:javax.annotation-api:jar:1.3.2:compile - omitted for duplicate)
|  +- (javax.xml.ws:jaxws-api:jar:2.3.1:compile - omitted for duplicate)
|  +- (com.sun.activation:javax.activation:jar:1.2.0:compile - omitted for duplicate)
|  +- (org.apache.geronimo.specs:geronimo-ws-metadata_2.0_spec:jar:1.1.3:compile - omitted for duplicate)
|  +- (com.sun.xml.messaging.saaj:saaj-impl:jar:1.4.0-b03:compile - omitted for duplicate)
|  +- (org.jacorb:jacorb-omgapi:jar:3.9:compile - omitted for duplicate)
|  +- (org.apache.geronimo.specs:geronimo-jta_1.1_spec:jar:1.1.1:compile - omitted for duplicate)
|  \- (org.jboss.spec.javax.rmi:jboss-rmi-api_1.0_spec:jar:1.0.6.Final:compile - omitted for duplicate)
+- junit:junit:jar:4.12:test
|  \- org.hamcrest:hamcrest-core:jar:1.3:test
+- ch.cern.eam:eam-wshub-proxyclient:jar:11.4-8:compile
\- commons-beanutils:commons-beanutils:jar:1.9.4:compile
   +- commons-logging:commons-logging:jar:1.2:compile
   \- commons-collections:commons-collections:jar:3.2.2:compile

