WARNING: Your kernel does not support swap limit capabilities or the cgroup is not mounted. Memory limited without swap.
ch.cern.eam:eam-wshub-core:jar:11.4-56
+- javax.persistence:javax.persistence-api:jar:2.2:compile
+- org.apache.cxf:cxf-rt-frontend-jaxws:jar:3.0.5:compile
|  +- xml-resolver:xml-resolver:jar:1.2:compile
|  +- asm:asm:jar:3.3.1:compile
|  +- org.apache.cxf:cxf-core:jar:3.0.5:compile
|  |  +- org.codehaus.woodstox:woodstox-core-asl:jar:4.4.1:compile
|  |  |  \- org.codehaus.woodstox:stax2-api:jar:3.1.4:compile
|  |  \- org.apache.ws.xmlschema:xmlschema-core:jar:2.2.1:compile
|  +- org.apache.cxf:cxf-rt-bindings-soap:jar:3.0.5:compile
|  |  +- (org.apache.cxf:cxf-core:jar:3.0.5:compile - omitted for duplicate)
|  |  +- org.apache.cxf:cxf-rt-wsdl:jar:3.0.5:compile
|  |  |  +- (org.apache.cxf:cxf-core:jar:3.0.5:compile - omitted for duplicate)
|  |  |  +- wsdl4j:wsdl4j:jar:1.6.3:compile
|  |  |  \- (asm:asm:jar:3.3.1:compile - omitted for duplicate)
|  |  \- org.apache.cxf:cxf-rt-databinding-jaxb:jar:3.0.5:compile
|  |     +- (org.apache.cxf:cxf-core:jar:3.0.5:compile - omitted for duplicate)
|  |     +- (org.apache.cxf:cxf-rt-wsdl:jar:3.0.5:compile - omitted for duplicate)
|  |     +- com.sun.xml.bind:jaxb-impl:jar:2.2.11:compile
|  |     \- com.sun.xml.bind:jaxb-core:jar:2.2.11:compile
|  +- org.apache.cxf:cxf-rt-bindings-xml:jar:3.0.5:compile
|  |  \- (org.apache.cxf:cxf-core:jar:3.0.5:compile - omitted for duplicate)
|  +- org.apache.cxf:cxf-rt-frontend-simple:jar:3.0.5:compile
|  |  +- (org.apache.cxf:cxf-core:jar:3.0.5:compile - omitted for duplicate)
|  |  +- (org.apache.cxf:cxf-rt-bindings-soap:jar:3.0.5:compile - omitted for duplicate)
|  |  \- (org.apache.cxf:cxf-rt-wsdl:jar:3.0.5:compile - omitted for duplicate)
|  +- org.apache.cxf:cxf-rt-transports-http:jar:3.0.5:compile
|  |  \- (org.apache.cxf:cxf-core:jar:3.0.5:compile - omitted for duplicate)
|  \- org.apache.cxf:cxf-rt-ws-addr:jar:3.0.5:compile
|     +- (org.apache.cxf:cxf-core:jar:3.0.5:compile - omitted for duplicate)
|     +- (org.apache.cxf:cxf-rt-bindings-soap:jar:3.0.5:compile - omitted for duplicate)
|     \- org.apache.cxf:cxf-rt-ws-policy:jar:3.0.5:compile
|        +- (wsdl4j:wsdl4j:jar:1.6.3:compile - omitted for duplicate)
|        +- (org.apache.cxf:cxf-core:jar:3.0.5:compile - omitted for duplicate)
|        \- org.apache.neethi:neethi:jar:3.0.3:compile
+- junit:junit:jar:4.12:test
|  \- org.hamcrest:hamcrest-core:jar:1.3:test
+- ch.cern.eam:eam-wshub-proxyclient:jar:11.4-8:compile
\- commons-beanutils:commons-beanutils:jar:1.9.4:compile
   +- commons-logging:commons-logging:jar:1.2:compile
   \- commons-collections:commons-collections:jar:3.2.2:compile

