WARNING: Your kernel does not support swap limit capabilities or the cgroup is not mounted. Memory limited without swap.
net.haesleinhuepf:clij_:jar:1.7.4.10
+- net.haesleinhuepf:clij-clearcl:jar:2.0.0.21:compile
|  +- org.apache.commons:commons-lang3:jar:3.9:compile
|  +- org.jocl:jocl:jar:2.0.2:compile
|  \- org.scijava:vecmath:jar:1.6.0-scijava-2:compile
+- net.haesleinhuepf:clij-coremem:jar:2.0.0.10:compile
|  +- com.nativelibs4java:bridj:jar:0.7.0:compile
|  |  \- com.google.android.tools:dx:jar:1.7:compile
|  +- net.java.dev.jna:jna:jar:4.5.2:compile
|  \- net.java.dev.jna:jna-platform:jar:4.5.1:compile
+- net.haesleinhuepf:clij-core:jar:1.7.4.0:compile
|  \- net.imagej:imagej-ops:jar:0.45.2:compile
|     +- net.imagej:imagej-mesh:jar:0.7.1:compile
|     +- net.imglib2:imglib2-algorithm:jar:0.11.1:compile
|     +- net.imglib2:imglib2-algorithm-fft:jar:0.2.0:compile
|     |  \- edu.mines:mines-jtk:jar:20151125:compile
|     +- org.scijava:scripting-javascript:jar:0.4.4:compile
|     +- org.joml:joml:jar:1.9.16:compile
|     \- org.ojalgo:ojalgo:jar:45.1.1:compile
+- net.imagej:ij:jar:1.52r:compile
+- net.imagej:imagej-common:jar:0.31.0:compile
|  +- org.scijava:scijava-table:jar:0.4.0:compile
|  \- edu.ucar:udunits:jar:4.3.18:compile
+- net.imagej:imagej-legacy:jar:0.35.0:compile
|  +- io.scif:scifio:jar:0.37.3:compile
|  |  \- io.scif:scifio-jai-imageio:jar:1.1.1:compile
|  +- net.imagej:ij1-patcher:jar:1.0.0:compile
|  +- net.imagej:imagej-deprecated:jar:0.1.2:compile
|  +- org.scijava:scijava-search:jar:0.6.0:compile
|  |  \- org.ocpsoft.prettytime:prettytime:jar:4.0.1.Final:compile
|  +- org.scijava:scijava-ui-awt:jar:0.1.6:compile
|  +- org.scijava:scijava-ui-swing:jar:0.13.0:compile
|  |  +- org.scijava:swing-checkbox-tree:jar:1.0.2:compile
|  |  +- com.github.sbridges.object-inspector:object-inspector:jar:0.1:compile
|  |  \- net.sourceforge.jdatepicker:jdatepicker:jar:1.3.2:compile
|  \- org.javassist:javassist:jar:3.25.0-GA:compile
+- net.imglib2:imglib2:jar:5.8.0:compile
+- net.imglib2:imglib2-ij:jar:2.0.0-beta-44:compile
|  \- net.imglib2:imglib2-cache:jar:1.0.0-beta-11:compile
|     \- com.github.ben-manes.caffeine:caffeine:jar:2.4.0:compile
+- net.imglib2:imglib2-realtransform:jar:2.2.1:compile
|  +- gov.nist.math:jama:jar:1.0.3:compile
|  \- jitk:jitk-tps:jar:3.0.1:compile
|     +- com.googlecode.efficient-java-matrix-library:ejml:jar:0.24:compile
|     \- log4j:log4j:jar:1.2.17:compile
+- net.imglib2:imglib2-roi:jar:0.8.1:compile
|  \- net.sf.trove4j:trove4j:jar:3.0.3:compile
+- org.scijava:scijava-common:jar:2.82.0:compile
|  +- org.scijava:parsington:jar:1.0.4:compile
|  \- org.bushe:eventbus:jar:1.4:compile
+- org.scijava:script-editor:jar:0.5.0:compile
|  +- org.scijava:scripting-java:jar:0.4.1:compile
|  |  \- org.scijava:minimaven:jar:2.2.2:compile
|  +- com.miglayout:miglayout:jar:swing:3.7.4:compile
|  \- org.scijava:batch-processor:jar:0.4.1:compile
|     \- commons-io:commons-io:jar:2.6:compile
+- sc.fiji:fiji-lib:jar:2.1.2:compile
+- com.fifesoft:languagesupport:jar:3.0.0:compile
|  \- org.mozilla:rhino:jar:1.7.6:compile
+- org.apache.commons:commons-math3:jar:3.6.1:compile
+- com.fifesoft:rsyntaxtextarea:jar:3.0.3:compile
+- com.fifesoft:autocomplete:jar:3.0.0:compile
\- junit:junit:jar:4.12:test
   \- org.hamcrest:hamcrest-core:jar:1.3:test

