WARNING: Your kernel does not support swap limit capabilities or the cgroup is not mounted. Memory limited without swap.
me.coley:recaf:jar:2.0.1
+- org.ow2.asm:asm:jar:8.0.1:compile
+- org.ow2.asm:asm-tree:jar:8.0.1:compile
|  \- (org.ow2.asm:asm:jar:8.0.1:compile - omitted for duplicate)
+- org.ow2.asm:asm-util:jar:8.0.1:compile
|  +- (org.ow2.asm:asm:jar:8.0.1:compile - omitted for duplicate)
|  +- (org.ow2.asm:asm-tree:jar:8.0.1:compile - omitted for duplicate)
|  \- (org.ow2.asm:asm-analysis:jar:8.0.1:compile - omitted for duplicate)
+- org.ow2.asm:asm-commons:jar:8.0.1:compile
|  +- (org.ow2.asm:asm:jar:8.0.1:compile - omitted for duplicate)
|  +- (org.ow2.asm:asm-tree:jar:8.0.1:compile - omitted for duplicate)
|  \- (org.ow2.asm:asm-analysis:jar:8.0.1:compile - omitted for duplicate)
+- org.ow2.asm:asm-analysis:jar:8.0.1:compile
|  \- (org.ow2.asm:asm-tree:jar:8.0.1:compile - omitted for duplicate)
+- com.github.Col-E:SimAnalyzer:jar:1.4.2:compile
+- com.github.javaparser:javaparser-core:jar:3.15.22:compile
+- com.github.javaparser:javaparser-symbol-solver-core:jar:3.15.22:compile
|  +- (com.github.javaparser:javaparser-core:jar:3.15.22:compile - omitted for duplicate)
|  +- org.javassist:javassist:jar:3.27.0-GA:compile
|  \- (com.google.guava:guava:jar:29.0-jre:compile - omitted for conflict with 28.2-jre)
+- org.benf:cfr:jar:0.149:compile
+- org.bitbucket.mstrobel:procyon-core:jar:0.5.36:compile
+- org.bitbucket.mstrobel:procyon-compilertools:jar:0.5.36:compile
|  \- (org.bitbucket.mstrobel:procyon-core:jar:0.5.36:compile - omitted for duplicate)
+- net.minecraftforge:fernflower:jar:390:compile
+- com.google.guava:guava:jar:28.2-jre:compile
|  +- com.google.guava:failureaccess:jar:1.0.1:compile
|  +- com.google.guava:listenablefuture:jar:9999.0-empty-to-avoid-conflict-with-guava:compile
|  +- com.google.code.findbugs:jsr305:jar:3.0.2:compile
|  +- org.checkerframework:checker-qual:jar:2.10.0:compile
|  +- com.google.errorprone:error_prone_annotations:jar:2.3.4:compile
|  \- com.google.j2objc:j2objc-annotations:jar:1.3:compile
+- com.eclipsesource.minimal-json:minimal-json:jar:0.9.5:compile
+- io.github.soc:directories:jar:11:compile
+- org.jsoup:jsoup:jar:1.13.1:compile
+- org.plugface:plugface-core:jar:0.7.1:compile
|  +- org.slf4j:slf4j-api:jar:1.7.24:compile
|  \- javax.inject:javax.inject:jar:1:compile
+- net.sourceforge.jregex:jregex:jar:1.2_01:compile
+- com.atlassian.commonmark:commonmark:jar:0.14.0:compile
+- net.sourceforge.cssparser:cssparser:jar:0.9.27:compile
|  \- org.w3c.css:sac:jar:1.3:compile
+- commons-io:commons-io:jar:2.6:compile
+- commons-codec:commons-codec:jar:1.14:compile
+- info.picocli:picocli:jar:4.2.0:compile
+- org.jline:jline-terminal-jna:jar:3.14.1:compile
|  +- net.java.dev.jna:jna:jar:5.3.1:compile
|  \- org.jline:jline-terminal:jar:3.14.1:compile
+- org.jline:jline-builtins:jar:3.14.1:compile
|  +- org.jline:jline-reader:jar:3.14.1:compile
|  |  \- (org.jline:jline-terminal:jar:3.14.1:compile - omitted for duplicate)
|  +- org.jline:jline-style:jar:3.14.1:compile
|  |  \- (org.jline:jline-terminal:jar:3.14.1:compile - omitted for duplicate)
|  \- org.jline:jline-groovy:jar:3.14.1:compile
|     +- (org.jline:jline-reader:jar:3.14.1:compile - omitted for duplicate)
|     +- org.codehaus.groovy:groovy:jar:3.0.2:compile
|     \- org.codehaus.groovy:groovy-json:jar:3.0.2:compile
|        \- (org.codehaus.groovy:groovy:jar:3.0.2:compile - omitted for duplicate)
+- info.picocli:picocli-shell-jline3:jar:4.2.0:compile
|  +- (info.picocli:picocli:jar:4.2.0:compile - omitted for duplicate)
|  \- org.jline:jline:jar:3.13.2:compile
+- ch.qos.logback:logback-classic:jar:1.2.3:compile
|  +- ch.qos.logback:logback-core:jar:1.2.3:compile
|  \- (org.slf4j:slf4j-api:jar:1.7.25:compile - omitted for conflict with 1.7.24)
+- com.github.olivergondza:maven-jdk-tools-wrapper:jar:0.1:compile
+- com.nqzero:permit-reflect:jar:0.4:compile
+- org.junit.jupiter:junit-jupiter-api:jar:5.6.2:test
|  +- org.apiguardian:apiguardian-api:jar:1.1.0:test
|  +- org.opentest4j:opentest4j:jar:1.2.0:test
|  \- org.junit.platform:junit-platform-commons:jar:1.6.2:test
|     \- (org.apiguardian:apiguardian-api:jar:1.1.0:test - omitted for duplicate)
+- org.junit.jupiter:junit-jupiter-engine:jar:5.6.2:test
|  +- (org.apiguardian:apiguardian-api:jar:1.1.0:test - omitted for duplicate)
|  +- org.junit.platform:junit-platform-engine:jar:1.6.2:test
|  |  +- (org.apiguardian:apiguardian-api:jar:1.1.0:test - omitted for duplicate)
|  |  +- (org.opentest4j:opentest4j:jar:1.2.0:test - omitted for duplicate)
|  |  \- (org.junit.platform:junit-platform-commons:jar:1.6.2:test - omitted for duplicate)
|  \- (org.junit.jupiter:junit-jupiter-api:jar:5.6.2:test - omitted for duplicate)
+- org.junit.jupiter:junit-jupiter-params:jar:5.6.2:test
|  +- (org.apiguardian:apiguardian-api:jar:1.1.0:test - omitted for duplicate)
|  \- (org.junit.jupiter:junit-jupiter-api:jar:5.6.2:test - omitted for duplicate)
+- org.junit.platform:junit-platform-surefire-provider:jar:1.3.2:test
|  +- (org.apiguardian:apiguardian-api:jar:1.0.0:test - omitted for conflict with 1.1.0)
|  +- org.junit.platform:junit-platform-launcher:jar:1.3.2:test
|  |  +- (org.apiguardian:apiguardian-api:jar:1.0.0:test - omitted for conflict with 1.1.0)
|  |  \- (org.junit.platform:junit-platform-engine:jar:1.3.2:test - omitted for conflict with 1.6.2)
|  +- org.apache.maven.surefire:surefire-api:jar:2.22.0:test
|  |  \- org.apache.maven.surefire:surefire-logger-api:jar:2.22.0:test
|  \- org.apache.maven.surefire:common-java5:jar:2.22.0:test
|     \- (org.apache.maven.surefire:surefire-api:jar:2.22.0:test - omitted for duplicate)
+- org.hamcrest:hamcrest:jar:2.2:test
+- org.fxmisc.richtext:richtextfx:jar:0.10.5:compile
|  +- org.reactfx:reactfx:jar:2.0-M5:compile
|  +- org.fxmisc.undo:undofx:jar:2.1.0:compile
|  |  \- (org.reactfx:reactfx:jar:2.0-M5:compile - omitted for duplicate)
|  +- org.fxmisc.flowless:flowless:jar:0.6.1:compile
|  |  \- (org.reactfx:reactfx:jar:2.0-M5:compile - omitted for duplicate)
|  \- (org.fxmisc.wellbehaved:wellbehavedfx:jar:0.3.3:compile - omitted for duplicate)
+- org.fxmisc.wellbehaved:wellbehavedfx:jar:0.3.3:compile
+- org.openjfx:javafx-base:jar:11.0.2:compile
|  \- org.openjfx:javafx-base:jar:linux:11.0.2:compile
|     +- (org.openjfx:javafx-base:jar:linux:11.0.2:compile - omitted for cycle)
|     \- (org.openjfx:javafx-base:jar:linux:11.0.2:compile - omitted for duplicate)
+- org.openjfx:javafx-graphics:jar:11.0.2:compile
|  +- org.openjfx:javafx-graphics:jar:linux:11.0.2:compile
|  |  +- (org.openjfx:javafx-graphics:jar:linux:11.0.2:compile - omitted for cycle)
|  |  +- (org.openjfx:javafx-graphics:jar:linux:11.0.2:compile - omitted for duplicate)
|  |  \- (org.openjfx:javafx-base:jar:11.0.2:compile - omitted for duplicate)
|  \- (org.openjfx:javafx-base:jar:11.0.2:compile - omitted for duplicate)
+- org.openjfx:javafx-controls:jar:11.0.2:compile
|  +- org.openjfx:javafx-controls:jar:linux:11.0.2:compile
|  |  +- (org.openjfx:javafx-controls:jar:linux:11.0.2:compile - omitted for cycle)
|  |  +- (org.openjfx:javafx-controls:jar:linux:11.0.2:compile - omitted for duplicate)
|  |  \- (org.openjfx:javafx-graphics:jar:11.0.2:compile - omitted for duplicate)
|  \- (org.openjfx:javafx-graphics:jar:11.0.2:compile - omitted for duplicate)
\- org.openjfx:javafx-media:jar:11.0.2:compile
   +- org.openjfx:javafx-media:jar:linux:11.0.2:compile
   |  +- (org.openjfx:javafx-media:jar:linux:11.0.2:compile - omitted for cycle)
   |  +- (org.openjfx:javafx-media:jar:linux:11.0.2:compile - omitted for duplicate)
   |  \- (org.openjfx:javafx-graphics:jar:11.0.2:compile - omitted for duplicate)
   \- (org.openjfx:javafx-graphics:jar:11.0.2:compile - omitted for duplicate)

