WARNING: Your kernel does not support swap limit capabilities or the cgroup is not mounted. Memory limited without swap.
eu.isas.peptideshaker:PeptideShaker:jar:1.16.37
+- com.compomics:utilities:jar:4.12.13:compile
|  +- log4j:log4j:jar:1.2.12:compile
|  +- (xpp3:xpp3:jar:1.1.3.4-RC3:compile - omitted for duplicate)
|  +- com.jgoodies:looks:jar:2.2.2:compile
|  +- com.carrotsearch:jsuffixarrays:jar:0.1.0:compile
|  |  +- com.google.guava:guava:jar:r08:compile
|  |  \- com.carrotsearch:hppc:jar:0.3.3:compile
|  +- batik:batik-all:jar:1.6:compile
|  +- batik:pdf-transcoder:jar:1.0:compile
|  +- xerces:xercesImpl:jar:2.9.1:compile
|  |  \- xml-apis:xml-apis:jar:1.3.04:compile
|  +- (uk.ac.ebi.jmzml:jmzml:jar:1.6.8:compile - omitted for duplicate)
|  +- (jfree:jfreechart:jar:1.0.13:compile - omitted for duplicate)
|  +- (no.uib:jsparklines:jar:1.0.9:compile - omitted for duplicate)
|  +- (no.uib:ols-dialog:jar:3.4.0:compile - omitted for conflict with 3.4.2)
|  +- org.apache.commons:commons-compress:jar:1.8.1:compile
|  +- org.apache.derby:derby:jar:10.10.1.1:compile
|  +- uk.ac.ebi.pride.tools:braf:jar:1.0.1:compile
|  +- (uk.ac.ebi.pride.archive:web-service-model:jar:0.2.12:compile - omitted for conflict with 1.0.2)
|  +- umontreal.iro.lecuyer.gof:ssj:jar:2.5.0:compile
|  +- msv:msv:jar:20050913:compile
|  +- msv:isorelax:jar:20050913:compile
|  +- msv:relaxngDatatype:jar:20050913:compile
|  +- msv:xsdlib:jar:20050913:compile
|  +- commons-cli:commons-cli:jar:1.2:compile
|  +- (net.jimmc:jshortcut:jar:0.4-oberzalek:compile - omitted for duplicate)
|  +- commons-net:commons-net:jar:2.2:compile
|  +- uk.ac.ebi.jmzidml:jmzidentml:jar:1.1.9:compile
|  |  +- (log4j:log4j:jar:1.2.13:compile - omitted for conflict with 1.2.12)
|  |  +- (com.sun.xml.bind:jaxb-xjc:jar:2.2.7:compile - omitted for conflict with 2.1.7)
|  |  +- (psidev.psi.tools:xxindex:jar:0.14:compile - omitted for conflict with 0.11)
|  |  \- it.unimi.dsi:fastutil:jar:6.5.1:compile
|  +- (org.apache.commons:commons-math:jar:2.2:compile - omitted for duplicate)
|  +- (org.apache.poi:poi:jar:3.9:compile - omitted for duplicate)
|  +- com.google.code.gson:gson:jar:2.4:compile
|  \- commons-httpclient:commons-httpclient:jar:3.1:compile
|     +- (commons-logging:commons-logging:jar:1.0.4:compile - omitted for conflict with 1.1)
|     \- (commons-codec:commons-codec:jar:1.2:compile - omitted for conflict with 1.3)
+- de.proteinms.omxparser:omssa-parser:jar:1.9.0:compile
|  +- (com.compomics:utilities:jar:4.10.0:compile - omitted for conflict with 4.12.13)
|  +- (xpp3:xpp3:jar:1.1.4c:compile - omitted for conflict with 1.1.3.4-RC3)
|  +- (log4j:log4j:jar:1.2.15:compile - omitted for conflict with 1.2.12)
|  +- (org.swinglabs:swing-layout:jar:1.0.3:compile - omitted for duplicate)
|  \- (no.uib:jsparklines:jar:0.5.36:compile - omitted for conflict with 1.0.9)
+- de.proteinms.xtandemparser:xtandem-parser:jar:1.13.0:compile
|  +- (com.jgoodies:looks:jar:2.2.2:compile - omitted for duplicate)
|  +- (com.compomics:utilities:jar:4.10.0:compile - omitted for conflict with 4.12.13)
|  +- (org.swinglabs:swing-layout:jar:1.0.3:compile - omitted for duplicate)
|  +- org.swinglabs:swingx:jar:0.9.1:compile
|  \- (xpp3:xpp3:jar:1.1.4c:compile - omitted for conflict with 1.1.3.4-RC3)
+- com.compomics:mascotdatfile:jar:3.6.0:compile
|  +- (com.compomics:utilities:jar:4.10.0:compile - omitted for conflict with 4.12.13)
|  +- commons-io:commons-io:jar:1.3.1:compile
|  +- commons-logging:commons-logging:jar:1.1:compile
|  |  +- (log4j:log4j:jar:1.2.12:compile - omitted for duplicate)
|  |  +- logkit:logkit:jar:1.0.1:compile
|  |  +- avalon-framework:avalon-framework:jar:4.1.3:compile
|  |  \- javax.servlet:servlet-api:jar:2.3:compile
|  \- psidev.psi.tools:xxindex:jar:0.11:compile
|     \- cpdetector:cpdetector:jar:1.0.7:compile
+- junit:junit:jar:3.8.1:test
+- xpp3:xpp3:jar:1.1.3.4-RC3:compile
+- org.swinglabs:swing-layout:jar:1.0.3:compile
+- jfree:jfreechart:jar:1.0.13:compile
|  \- jfree:jcommon:jar:1.0.16:compile
+- no.uib:jsparklines:jar:1.0.9:compile
|  +- (jfree:jfreechart:jar:1.0.13:compile - omitted for duplicate)
|  \- (org.swinglabs:swingx:jar:1.6.1:compile - omitted for conflict with 0.9.1)
+- uk.ac.ebi.jmzml:jmzml:jar:1.6.8:compile
|  +- org.slf4j:slf4j-api:jar:1.6.1:compile
|  +- org.slf4j:slf4j-log4j12:jar:1.6.1:compile
|  |  +- (org.slf4j:slf4j-api:jar:1.6.1:compile - omitted for duplicate)
|  |  \- (log4j:log4j:jar:1.2.16:compile - omitted for conflict with 1.2.12)
|  +- (log4j:log4j:jar:1.2.13:compile - omitted for conflict with 1.2.12)
|  +- com.sun.xml.bind:jaxb-xjc:jar:2.1.7:compile
|  |  \- com.sun.xml.bind:jaxb-impl:jar:2.1.7:compile
|  |     \- javax.xml.bind:jaxb-api:jar:2.1:compile
|  |        +- javax.xml.stream:stax-api:jar:1.0-2:compile
|  |        \- (javax.activation:activation:jar:1.1:compile - omitted for duplicate)
|  +- commons-collections:commons-collections:jar:3.2.1:compile
|  +- commons-codec:commons-codec:jar:1.3:compile
|  \- javax.activation:activation:jar:1.1:compile
+- niklaas:jmol:jar:12.0.43:compile
+- org.apache.commons:commons-math:jar:2.2:compile
+- no.uib:ols-dialog:jar:3.4.2:compile
|  +- (com.jgoodies:looks:jar:2.2.0:compile - omitted for conflict with 2.2.2)
|  +- (org.swinglabs:swing-layout:jar:1.0.3:compile - omitted for duplicate)
|  +- uk.ac.ebi.ols:ols-client:jar:1.18:compile
|  |  \- axis:axis:jar:1.4:compile
|  |     +- org.apache.axis:axis-jaxrpc:jar:1.4:compile
|  |     +- (org.apache.axis:axis-saaj:jar:1.4:compile - omitted for duplicate)
|  |     +- axis:axis-wsdl4j:jar:1.5.1:runtime
|  |     +- (commons-logging:commons-logging:jar:1.0.4:runtime - omitted for conflict with 1.1)
|  |     \- commons-discovery:commons-discovery:jar:0.2:runtime
|  |        \- (commons-logging:commons-logging:jar:1.0.3:runtime - omitted for conflict with 1.1)
|  +- (no.uib:jsparklines:jar:0.5.40:compile - omitted for conflict with 1.0.9)
|  \- org.apache.axis:axis-saaj:jar:1.4:compile
+- net.jimmc:jshortcut:jar:0.4-oberzalek:compile
+- uk.ac.ebi.pride.jaxb:pride-jaxb:jar:1.0.9:compile
|  +- (psidev.psi.tools:xxindex:jar:0.12:compile - omitted for conflict with 0.11)
|  +- (log4j:log4j:jar:1.2.13:compile - omitted for conflict with 1.2.12)
|  \- (com.sun.xml.bind:jaxb-xjc:jar:2.2.4-1:compile - omitted for conflict with 2.1.7)
+- org.apache.commons:commons-lang3:jar:3.1:compile
+- org.apache.poi:poi:jar:3.9:compile
|  \- (commons-codec:commons-codec:jar:1.5:compile - omitted for conflict with 1.3)
+- uk.ac.ebi.pride.archive:web-service-model:jar:1.0.2:compile
|  +- uk.ac.ebi.pride.archive:archive-data-provider-api:jar:2.0.11:compile
|  +- com.wordnik:swagger-annotations:jar:1.5.3-M1:compile
|  \- com.fasterxml.jackson.core:jackson-annotations:jar:2.8.6:compile
+- org.springframework:spring-webmvc:jar:4.0.4.RELEASE:compile
|  +- org.springframework:spring-beans:jar:4.0.4.RELEASE:compile
|  |  \- (org.springframework:spring-core:jar:4.0.4.RELEASE:compile - omitted for duplicate)
|  +- org.springframework:spring-context:jar:4.0.4.RELEASE:compile
|  |  +- org.springframework:spring-aop:jar:4.0.4.RELEASE:compile
|  |  |  +- aopalliance:aopalliance:jar:1.0:compile
|  |  |  +- (org.springframework:spring-beans:jar:4.0.4.RELEASE:compile - omitted for duplicate)
|  |  |  \- (org.springframework:spring-core:jar:4.0.4.RELEASE:compile - omitted for duplicate)
|  |  +- (org.springframework:spring-beans:jar:4.0.4.RELEASE:compile - omitted for duplicate)
|  |  +- (org.springframework:spring-core:jar:4.0.4.RELEASE:compile - omitted for duplicate)
|  |  \- (org.springframework:spring-expression:jar:4.0.4.RELEASE:compile - omitted for duplicate)
|  +- org.springframework:spring-core:jar:4.0.4.RELEASE:compile
|  |  \- (commons-logging:commons-logging:jar:1.1.3:compile - omitted for conflict with 1.1)
|  +- org.springframework:spring-expression:jar:4.0.4.RELEASE:compile
|  |  \- (org.springframework:spring-core:jar:4.0.4.RELEASE:compile - omitted for duplicate)
|  \- org.springframework:spring-web:jar:4.0.4.RELEASE:compile
|     +- (org.springframework:spring-aop:jar:4.0.4.RELEASE:compile - omitted for duplicate)
|     +- (org.springframework:spring-beans:jar:4.0.4.RELEASE:compile - omitted for duplicate)
|     +- (org.springframework:spring-context:jar:4.0.4.RELEASE:compile - omitted for duplicate)
|     \- (org.springframework:spring-core:jar:4.0.4.RELEASE:compile - omitted for duplicate)
+- org.apache.httpcomponents:httpclient:jar:4.3.6:compile
|  +- org.apache.httpcomponents:httpcore:jar:4.3.3:compile
|  +- (commons-logging:commons-logging:jar:1.1.3:compile - omitted for conflict with 1.1)
|  \- (commons-codec:commons-codec:jar:1.6:compile - omitted for conflict with 1.3)
+- org.codehaus.jackson:jackson-mapper-asl:jar:1.9.13:runtime
|  \- org.codehaus.jackson:jackson-core-asl:jar:1.9.13:runtime
+- uk.ac.ebi.pride.tools:xmlSchemaValidator:jar:2.1:compile
|  +- (msv:msv:jar:20050913:compile - omitted for duplicate)
|  +- (msv:isorelax:jar:20050913:compile - omitted for duplicate)
|  +- (msv:relaxngDatatype:jar:20050913:compile - omitted for duplicate)
|  \- (msv:xsdlib:jar:20050913:compile - omitted for duplicate)
+- net.sf.jung:jung-graph-impl:jar:2.0.1:compile
|  +- net.sf.jung:jung-api:jar:2.0.1:compile
|  |  \- (net.sourceforge.collections:collections-generic:jar:4.01:compile - omitted for duplicate)
|  \- net.sourceforge.collections:collections-generic:jar:4.01:compile
+- net.sf.jung:jung-algorithms:jar:2.0.1:compile
|  +- (net.sf.jung:jung-api:jar:2.0.1:compile - omitted for duplicate)
|  +- (net.sourceforge.collections:collections-generic:jar:4.01:compile - omitted for duplicate)
|  \- colt:colt:jar:1.2.0:compile
|     \- concurrent:concurrent:jar:1.3.4:compile
\- net.sf.jung:jung-visualization:jar:2.0.1:compile
   +- (net.sf.jung:jung-api:jar:2.0.1:compile - omitted for duplicate)
   \- (net.sf.jung:jung-algorithms:jar:2.0.1:compile - omitted for duplicate)

