WARNING: Your kernel does not support swap limit capabilities or the cgroup is not mounted. Memory limited without swap.
com.compomics:utilities:jar:3.47.4
+- junit:junit:jar:4.10:test
|  \- org.hamcrest:hamcrest-core:jar:1.1:test
+- javax.servlet:servlet-api:jar:2.2:compile
+- log4j:log4j:jar:1.2.12:compile
+- xpp3:xpp3:jar:1.1.3.4-RC3:compile
+- com.jgoodies:looks:jar:2.2.2:compile
+- org.swinglabs:swing-layout:jar:1.0.3:compile
+- org.swinglabs:swingx:jar:0.9.1:compile
+- batik:batik-all:jar:1.6:compile
+- batik:pdf-transcoder:jar:1.0:compile
+- xerces:xercesImpl:jar:2.9.1:compile
|  \- xml-apis:xml-apis:jar:1.3.04:compile
+- uk.ac.ebi.jmzml:jmzml:jar:1.6.8:compile
|  +- org.slf4j:slf4j-api:jar:1.6.1:compile
|  +- org.slf4j:slf4j-log4j12:jar:1.6.1:compile
|  |  +- (org.slf4j:slf4j-api:jar:1.6.1:compile - omitted for duplicate)
|  |  \- (log4j:log4j:jar:1.2.16:compile - omitted for conflict with 1.2.12)
|  +- (log4j:log4j:jar:1.2.13:compile - omitted for conflict with 1.2.12)
|  +- com.sun.xml.bind:jaxb-xjc:jar:2.1.7:compile
|  |  \- com.sun.xml.bind:jaxb-impl:jar:2.1.7:compile
|  |     \- javax.xml.bind:jaxb-api:jar:2.1:compile
|  |        +- javax.xml.stream:stax-api:jar:1.0-2:compile
|  |        \- (javax.activation:activation:jar:1.1:compile - omitted for duplicate)
|  +- psidev.psi.tools:xxindex:jar:0.11:compile
|  |  +- org.apache.commons:com.springsource.org.apache.commons.io:jar:1.4.0:compile
|  |  +- cpdetector:cpdetector:jar:1.0.7:compile
|  |  |  +- org.antlr:com.springsource.antlr:jar:2.7.7:compile
|  |  |  +- jargs:jargs:jar:1.0:compile
|  |  |  \- org.mozilla.intl:chardet:jar:1.0:compile
|  |  +- org.apache.commons:com.springsource.org.apache.commons.logging:jar:1.1.1:compile
|  |  \- org.apache.log4j:com.springsource.org.apache.log4j:jar:1.2.15:compile
|  +- commons-collections:commons-collections:jar:3.2.1:compile
|  +- commons-codec:commons-codec:jar:1.3:compile
|  \- javax.activation:activation:jar:1.1:compile
+- jfree:jfreechart:jar:1.0.13:compile
|  \- jfree:jcommon:jar:1.0.16:compile
+- no.uib:jsparklines:jar:0.8.0:compile
|  +- (jfree:jfreechart:jar:1.0.13:compile - omitted for duplicate)
|  \- (org.swinglabs:swingx:jar:1.6.1:compile - omitted for conflict with 0.9.1)
+- no.uib:ols-dialog:jar:3.4.0:compile
|  +- (com.jgoodies:looks:jar:2.2.0:compile - omitted for conflict with 2.2.2)
|  +- (org.swinglabs:swing-layout:jar:1.0.3:compile - omitted for duplicate)
|  +- uk.ac.ebi.ols:ols-client:jar:1.18:compile
|  |  \- axis:axis:jar:1.4:compile
|  |     +- org.apache.axis:axis-jaxrpc:jar:1.4:compile
|  |     +- (org.apache.axis:axis-saaj:jar:1.4:compile - omitted for duplicate)
|  |     +- axis:axis-wsdl4j:jar:1.5.1:runtime
|  |     +- commons-logging:commons-logging:jar:1.0.4:runtime
|  |     \- commons-discovery:commons-discovery:jar:0.2:runtime
|  |        \- (commons-logging:commons-logging:jar:1.0.3:runtime - omitted for conflict with 1.0.4)
|  +- (no.uib:jsparklines:jar:0.5.40:compile - omitted for conflict with 0.8.0)
|  \- org.apache.axis:axis-saaj:jar:1.4:compile
+- org.apache.commons:commons-compress:jar:1.7:compile
|  \- org.tukaani:xz:jar:1.4:compile
+- org.apache.derby:derby:jar:10.10.1.1:compile
+- uk.ac.ebi.pride.tools:braf:jar:1.0.1:compile
+- umontreal.iro.lecuyer.gof:ssj:jar:2.5.0:compile
+- msv:msv:jar:20050913:compile
+- msv:isorelax:jar:20050913:compile
+- msv:relaxngDatatype:jar:20050913:compile
+- msv:xsdlib:jar:20050913:compile
+- commons-cli:commons-cli:jar:1.2:compile
+- net.jimmc:jshortcut:jar:0.4-oberzalek:compile
+- commons-net:commons-net:jar:2.2:compile
+- uk.ac.ebi.jmzidml:jmzidentml:jar:1.1.9:compile
|  +- (log4j:log4j:jar:1.2.13:compile - omitted for conflict with 1.2.12)
|  +- (com.sun.xml.bind:jaxb-xjc:jar:2.2.7:compile - omitted for conflict with 2.1.7)
|  +- (psidev.psi.tools:xxindex:jar:0.14:compile - omitted for conflict with 0.11)
|  \- it.unimi.dsi:fastutil:jar:6.5.1:compile
+- org.apache.commons:commons-math:jar:2.2:compile
\- org.apache.poi:poi:jar:3.9:compile
   \- (commons-codec:commons-codec:jar:1.5:compile - omitted for conflict with 1.3)

