WARNING: Your kernel does not support swap limit capabilities or the cgroup is not mounted. Memory limited without swap.
com.contentful.java:java-sdk:jar:5.0.1
+- com.google.android:android:jar:4.1.1.4:compile
|  +- commons-logging:commons-logging:jar:1.1.1:compile
|  +- org.apache.httpcomponents:httpclient:jar:4.0.1:compile
|  |  +- org.apache.httpcomponents:httpcore:jar:4.0.1:compile
|  |  +- (commons-logging:commons-logging:jar:1.1.1:compile - omitted for duplicate)
|  |  \- commons-codec:commons-codec:jar:1.3:compile
|  +- org.khronos:opengl-api:jar:gl1.1-android-2.1_r1:compile
|  +- xerces:xmlParserAPIs:jar:2.6.2:compile
|  +- xpp3:xpp3:jar:1.1.4c:compile
|  \- org.json:json:jar:20080701:compile
+- com.squareup.retrofit:retrofit:jar:1.9.0:compile
|  \- com.google.code.gson:gson:jar:2.3.1:compile
+- io.reactivex:rxjava:jar:1.0.14:compile
+- com.squareup.okhttp:okhttp:jar:2.5.0:compile
|  \- com.squareup.okio:okio:jar:1.6.0:compile
+- commons-io:commons-io:jar:2.4:test
+- junit:junit:jar:4.11:test
|  \- org.hamcrest:hamcrest-core:jar:1.3:test
+- com.squareup.okhttp:mockwebserver:jar:2.5.0:test
|  +- (com.squareup.okhttp:okhttp:jar:2.5.0:test - omitted for duplicate)
|  +- com.squareup.okhttp:okhttp-ws:jar:2.5.0:test
|  |  \- (com.squareup.okhttp:okhttp:jar:2.5.0:test - omitted for duplicate)
|  +- org.bouncycastle:bcprov-jdk15on:jar:1.50:test
|  \- (junit:junit:jar:4.11:test - omitted for duplicate)
+- com.squareup.okhttp:okhttp-urlconnection:jar:2.5.0:test
|  \- (com.squareup.okhttp:okhttp:jar:2.5.0:test - omitted for duplicate)
+- org.mockito:mockito-all:jar:1.10.19:test
\- com.google.truth:truth:jar:0.27:test
   +- com.google.guava:guava:jar:18.0:test
   \- (junit:junit:jar:4.10:test - omitted for conflict with 4.11)

