WARNING: Your kernel does not support swap limit capabilities or the cgroup is not mounted. Memory limited without swap.
com.contentful.java:java-sdk:jar:2.0.4
+- com.google.android:android:jar:4.1.1.4:compile
|  +- commons-logging:commons-logging:jar:1.1.1:compile
|  +- org.apache.httpcomponents:httpclient:jar:4.0.1:compile
|  |  +- org.apache.httpcomponents:httpcore:jar:4.0.1:compile
|  |  +- (commons-logging:commons-logging:jar:1.1.1:compile - omitted for duplicate)
|  |  \- commons-codec:commons-codec:jar:1.3:compile
|  +- org.khronos:opengl-api:jar:gl1.1-android-2.1_r1:compile
|  +- xerces:xmlParserAPIs:jar:2.6.2:compile
|  +- xpp3:xpp3:jar:1.1.4c:compile
|  \- org.json:json:jar:20080701:compile
+- com.squareup.retrofit:retrofit:jar:1.9.0:compile
|  \- com.google.code.gson:gson:jar:2.3.1:compile
+- io.reactivex:rxjava:jar:1.0.9:compile
+- org.jetbrains.kotlin:kotlin-stdlib:jar:0.11.91.4:test
|  \- org.jetbrains.kotlin:kotlin-runtime:jar:0.11.91.4:test
+- commons-io:commons-io:jar:2.4:test
+- junit:junit:jar:4.11:test
|  \- org.hamcrest:hamcrest-core:jar:1.3:test
+- com.squareup.okhttp:mockwebserver:jar:2.3.0:test
|  +- (com.squareup.okhttp:okhttp:jar:2.3.0:test - omitted for duplicate)
|  +- com.squareup.okhttp:okhttp-ws:jar:2.3.0:test
|  |  \- (com.squareup.okhttp:okhttp:jar:2.3.0:test - omitted for duplicate)
|  \- org.bouncycastle:bcprov-jdk15on:jar:1.50:test
+- com.squareup.okhttp:okhttp:jar:2.3.0:test
|  \- com.squareup.okio:okio:jar:1.3.0:test
+- com.squareup.okhttp:okhttp-urlconnection:jar:2.3.0:test
|  \- (com.squareup.okhttp:okhttp:jar:2.3.0:test - omitted for duplicate)
+- org.mockito:mockito-all:jar:1.10.19:test
\- org.robolectric:robolectric:jar:2.4:test
   +- org.robolectric:robolectric-annotations:jar:2.4:test
   +- org.objenesis:objenesis:jar:1.3:test
   +- com.almworks.sqlite4java:sqlite4java:jar:0.282:test
   +- org.ow2.asm:asm:jar:5.0.1:test
   +- org.ow2.asm:asm-commons:jar:5.0.1:test
   |  \- org.ow2.asm:asm-tree:jar:5.0.1:test
   |     \- (org.ow2.asm:asm:jar:5.0.1:test - omitted for duplicate)
   +- org.ow2.asm:asm-util:jar:5.0.1:test
   |  \- (org.ow2.asm:asm-tree:jar:5.0.1:test - omitted for duplicate)
   +- org.ow2.asm:asm-analysis:jar:5.0.1:test
   |  \- (org.ow2.asm:asm-tree:jar:5.0.1:test - omitted for duplicate)
   +- (commons-logging:commons-logging:jar:1.1.1:test - omitted for duplicate)
   +- (commons-codec:commons-codec:jar:1.3:compile - scope updated from test; omitted for duplicate)
   +- (org.apache.httpcomponents:httpclient:jar:4.0.3:test - omitted for conflict with 4.0.1)
   +- com.ximpleware:vtd-xml:jar:2.11:test
   +- org.apache.maven:maven-ant-tasks:jar:2.1.3:test
   \- org.apache.ant:ant:jar:1.8.0:test
      \- org.apache.ant:ant-launcher:jar:1.8.0:test

