WARNING: Your kernel does not support swap limit capabilities or the cgroup is not mounted. Memory limited without swap.
com.contentful.java:java-sdk:jar:7.6.2
+- com.google.android:android:jar:4.1.1.4:compile
|  +- commons-logging:commons-logging:jar:1.1.1:compile
|  +- org.apache.httpcomponents:httpclient:jar:4.0.1:compile
|  |  +- org.apache.httpcomponents:httpcore:jar:4.0.1:compile
|  |  +- (commons-logging:commons-logging:jar:1.1.1:compile - omitted for duplicate)
|  |  \- commons-codec:commons-codec:jar:1.3:compile
|  +- org.khronos:opengl-api:jar:gl1.1-android-2.1_r1:compile
|  +- xerces:xmlParserAPIs:jar:2.6.2:compile
|  +- xpp3:xpp3:jar:1.1.4c:compile
|  \- org.json:json:jar:20080701:compile
+- com.squareup.retrofit2:retrofit:jar:2.2.0:compile
|  \- (com.squareup.okhttp3:okhttp:jar:3.6.0:compile - omitted for duplicate)
+- com.squareup.retrofit2:adapter-rxjava:jar:2.2.0:compile
|  +- (com.squareup.retrofit2:retrofit:jar:2.2.0:compile - omitted for duplicate)
|  \- (io.reactivex:rxjava:jar:1.2.0:compile - omitted for duplicate)
+- com.squareup.retrofit2:converter-gson:jar:2.2.0:compile
|  +- (com.squareup.retrofit2:retrofit:jar:2.2.0:compile - omitted for duplicate)
|  \- (com.google.code.gson:gson:jar:2.7:compile - omitted for duplicate)
+- io.reactivex:rxjava:jar:1.2.0:compile
+- com.squareup.okhttp3:okhttp:jar:3.6.0:compile
|  \- com.squareup.okio:okio:jar:1.11.0:compile
+- commons-io:commons-io:jar:2.4:test
+- junit:junit:jar:4.11:test
|  \- org.hamcrest:hamcrest-core:jar:1.3:test
+- com.squareup.okhttp3:mockwebserver:jar:3.6.0:test
|  +- (com.squareup.okhttp3:okhttp:jar:3.6.0:test - omitted for duplicate)
|  +- org.bouncycastle:bcprov-jdk15on:jar:1.50:test
|  \- (junit:junit:jar:4.12:test - omitted for conflict with 4.11)
+- org.mockito:mockito-all:jar:1.10.19:test
+- com.google.truth:truth:jar:0.27:test
|  +- com.google.guava:guava:jar:18.0:test
|  \- (junit:junit:jar:4.10:test - omitted for conflict with 4.11)
\- com.google.code.gson:gson:jar:2.7:compile

