WARNING: Your kernel does not support swap limit capabilities or the cgroup is not mounted. Memory limited without swap.
com.contentful.java:java-sdk:jar:8.0.0
+- com.google.android:android:jar:4.1.1.4:compile
|  +- commons-logging:commons-logging:jar:1.1.1:compile
|  +- org.apache.httpcomponents:httpclient:jar:4.0.1:compile
|  |  +- org.apache.httpcomponents:httpcore:jar:4.0.1:compile
|  |  +- (commons-logging:commons-logging:jar:1.1.1:compile - omitted for duplicate)
|  |  \- commons-codec:commons-codec:jar:1.3:compile
|  +- org.khronos:opengl-api:jar:gl1.1-android-2.1_r1:compile
|  +- xerces:xmlParserAPIs:jar:2.6.2:compile
|  +- xpp3:xpp3:jar:1.1.4c:compile
|  \- org.json:json:jar:20080701:compile
+- com.squareup.retrofit2:retrofit:jar:2.3.0:compile
|  \- (com.squareup.okhttp3:okhttp:jar:3.8.0:compile - omitted for conflict with 3.8.1)
+- com.squareup.retrofit2:adapter-rxjava2:jar:2.3.0:compile
|  +- (com.squareup.retrofit2:retrofit:jar:2.3.0:compile - omitted for duplicate)
|  \- (io.reactivex.rxjava2:rxjava:jar:2.0.0:compile - omitted for conflict with 2.1.1)
+- com.squareup.retrofit2:converter-gson:jar:2.3.0:compile
|  +- (com.squareup.retrofit2:retrofit:jar:2.3.0:compile - omitted for duplicate)
|  \- (com.google.code.gson:gson:jar:2.7:compile - omitted for duplicate)
+- io.reactivex.rxjava2:rxjava:jar:2.1.1:compile
|  \- org.reactivestreams:reactive-streams:jar:1.0.0:compile
+- com.squareup.okhttp3:okhttp:jar:3.8.1:compile
|  \- com.squareup.okio:okio:jar:1.13.0:compile
+- commons-io:commons-io:jar:2.5:test
+- junit:junit:jar:4.12:test
|  \- org.hamcrest:hamcrest-core:jar:1.3:test
+- com.squareup.okhttp3:mockwebserver:jar:3.8.1:test
|  +- (com.squareup.okhttp3:okhttp:jar:3.8.1:test - omitted for duplicate)
|  +- org.bouncycastle:bcprov-jdk15on:jar:1.50:test
|  \- (junit:junit:jar:4.12:test - omitted for duplicate)
+- org.mockito:mockito-core:jar:2.8.47:test
|  +- net.bytebuddy:byte-buddy:jar:1.6.14:test
|  +- net.bytebuddy:byte-buddy-agent:jar:1.6.14:test
|  \- org.objenesis:objenesis:jar:2.5:test
+- com.google.truth:truth:jar:0.34:test
|  +- com.google.guava:guava:jar:20.0:test
|  +- (junit:junit:jar:4.12:test - omitted for duplicate)
|  \- com.google.errorprone:error_prone_annotations:jar:2.0.18:test
\- com.google.code.gson:gson:jar:2.7:compile

