WARNING: Your kernel does not support swap limit capabilities or the cgroup is not mounted. Memory limited without swap.
net.masterthought:cucumber-sandwich:jar:3.13.0
+- net.masterthought:cucumber-reporting:jar:3.13.0:compile
|  +- org.apache.logging.log4j:log4j-api:jar:2.8.2:compile
|  +- org.apache.logging.log4j:log4j-core:jar:2.8.2:compile
|  |  \- (org.apache.logging.log4j:log4j-api:jar:2.8.2:compile - omitted for duplicate)
|  +- com.fasterxml.jackson.core:jackson-databind:jar:2.8.6:compile
|  |  +- com.fasterxml.jackson.core:jackson-annotations:jar:2.8.0:compile
|  |  \- com.fasterxml.jackson.core:jackson-core:jar:2.8.6:compile
|  +- org.apache.velocity:velocity:jar:1.7:compile
|  |  +- commons-collections:commons-collections:jar:3.2.1:compile
|  |  \- commons-lang:commons-lang:jar:2.4:compile
|  +- velocity-tools:velocity-tools:jar:1.4:compile
|  +- joda-time:joda-time:jar:2.9.9:compile
|  +- org.apache.commons:commons-lang3:jar:3.6:compile
|  +- commons-io:commons-io:jar:2.5:compile
|  +- net.lingala.zip4j:zip4j:jar:1.3.2:compile
|  +- org.codehaus.plexus:plexus-utils:jar:3.0.24:compile
|  +- org.jsoup:jsoup:jar:1.10.3:compile
|  +- com.googlecode.owasp-java-html-sanitizer:owasp-java-html-sanitizer:jar:20170515.1:compile
|  |  \- (com.google.guava:guava:jar:19.0:compile - omitted for conflict with 20.0)
|  +- com.google.guava:guava:jar:20.0:compile
|  \- commons-configuration:commons-configuration:jar:1.6:compile
|     +- (commons-collections:commons-collections:jar:3.2.1:compile - omitted for duplicate)
|     +- (commons-lang:commons-lang:jar:2.4:compile - omitted for duplicate)
|     +- commons-logging:commons-logging:jar:1.1.1:compile
|     +- commons-digester:commons-digester:jar:1.8:compile
|     |  +- commons-beanutils:commons-beanutils:jar:1.7.0:compile
|     |  |  \- (commons-logging:commons-logging:jar:1.0.3:compile - omitted for conflict with 1.1.1)
|     |  \- (commons-logging:commons-logging:jar:1.1:compile - omitted for conflict with 1.1.1)
|     \- commons-beanutils:commons-beanutils-core:jar:1.8.0:compile
|        \- (commons-logging:commons-logging:jar:1.1.1:compile - omitted for duplicate)
\- com.beust:jcommander:jar:1.58:compile

