WARNING: Your kernel does not support swap limit capabilities or the cgroup is not mounted. Memory limited without swap.
net.masterthought:cucumber-sandwich:jar:0.0.1
+- net.masterthought:cucumber-reporting:jar:0.0.22:compile
|  +- com.google.code.gson:gson:jar:2.2.4:compile
|  +- org.apache.velocity:velocity:jar:1.7:compile
|  |  +- commons-collections:commons-collections:jar:3.2.1:compile
|  |  \- commons-lang:commons-lang:jar:2.4:compile
|  +- velocity-tools:velocity-tools:jar:1.4:compile
|  +- joda-time:joda-time:jar:2.1:compile
|  +- com.google.guava:guava:jar:r09:compile
|  +- org.mockito:mockito-all:jar:1.9.0:compile
|  +- commons-io:commons-io:jar:2.3:compile
|  +- org.apache.maven.plugins:maven-gpg-plugin:jar:1.4:compile
|  |  +- org.apache.maven:maven-plugin-api:jar:2.0.6:compile
|  |  +- org.apache.maven:maven-project:jar:2.0.6:compile
|  |  |  +- org.apache.maven:maven-settings:jar:2.0.6:compile
|  |  |  |  +- (org.apache.maven:maven-model:jar:2.0.6:compile - omitted for duplicate)
|  |  |  |  \- (org.codehaus.plexus:plexus-utils:jar:1.4.1:compile - omitted for duplicate)
|  |  |  +- org.apache.maven:maven-profile:jar:2.0.6:compile
|  |  |  |  +- (org.apache.maven:maven-model:jar:2.0.6:compile - omitted for duplicate)
|  |  |  |  \- (org.codehaus.plexus:plexus-utils:jar:1.4.1:compile - omitted for duplicate)
|  |  |  +- (org.apache.maven:maven-model:jar:2.0.6:compile - omitted for duplicate)
|  |  |  +- org.apache.maven:maven-artifact-manager:jar:2.0.6:compile
|  |  |  |  +- org.apache.maven:maven-repository-metadata:jar:2.0.6:compile
|  |  |  |  |  \- (org.codehaus.plexus:plexus-utils:jar:1.4.1:compile - omitted for duplicate)
|  |  |  |  +- (org.codehaus.plexus:plexus-utils:jar:1.4.1:compile - omitted for duplicate)
|  |  |  |  +- (org.apache.maven:maven-artifact:jar:2.0.6:compile - omitted for duplicate)
|  |  |  |  \- org.apache.maven.wagon:wagon-provider-api:jar:1.0-beta-2:compile
|  |  |  |     \- (org.codehaus.plexus:plexus-utils:jar:1.0.4:compile - omitted for conflict with 1.4.1)
|  |  |  +- org.apache.maven:maven-plugin-registry:jar:2.0.6:compile
|  |  |  |  \- (org.codehaus.plexus:plexus-utils:jar:1.4.1:compile - omitted for duplicate)
|  |  |  +- (org.codehaus.plexus:plexus-utils:jar:1.4.1:compile - omitted for conflict with 2.0.5)
|  |  |  \- (org.apache.maven:maven-artifact:jar:2.0.6:compile - omitted for duplicate)
|  |  +- org.apache.maven:maven-artifact:jar:2.0.6:compile
|  |  |  \- (org.codehaus.plexus:plexus-utils:jar:1.4.1:compile - omitted for duplicate)
|  |  +- org.apache.maven:maven-model:jar:2.0.6:compile
|  |  |  \- (org.codehaus.plexus:plexus-utils:jar:1.4.1:compile - omitted for duplicate)
|  |  \- org.codehaus.plexus:plexus-utils:jar:2.0.5:compile
|  +- (com.googlecode.totallylazy:totallylazy:jar:1077:compile - omitted for duplicate)
|  \- org.jsoup:jsoup:jar:1.7.2:compile
+- com.googlecode.totallylazy:totallylazy:jar:1077:compile
\- com.beust:jcommander:jar:1.25:compile

