WARNING: Your kernel does not support swap limit capabilities or the cgroup is not mounted. Memory limited without swap.
net.masterthought:cucumber-sandwich:jar:4.4.1
+- com.beust:jcommander:jar:1.58:compile
\- net.masterthought:cucumber-reporting:jar:4.4.0:compile
   +- com.fasterxml.jackson.core:jackson-databind:jar:2.9.8:compile
   |  +- com.fasterxml.jackson.core:jackson-annotations:jar:2.9.0:compile
   |  \- com.fasterxml.jackson.core:jackson-core:jar:2.9.8:compile
   +- org.apache.velocity:velocity:jar:1.7:compile
   |  +- commons-collections:commons-collections:jar:3.2.1:compile
   |  \- commons-lang:commons-lang:jar:2.4:compile
   +- velocity-tools:velocity-tools:jar:1.4:compile
   +- joda-time:joda-time:jar:2.10.1:compile
   +- org.apache.commons:commons-lang3:jar:3.8.1:compile
   +- commons-io:commons-io:jar:2.6:compile
   +- org.codehaus.plexus:plexus-utils:jar:3.1.1:compile
   +- org.jsoup:jsoup:jar:1.11.3:compile
   +- com.googlecode.owasp-java-html-sanitizer:owasp-java-html-sanitizer:jar:20181114.1:compile
   |  \- com.google.guava:guava:jar:19.0:compile
   \- commons-configuration:commons-configuration:jar:1.10:compile
      +- (commons-lang:commons-lang:jar:2.6:compile - omitted for conflict with 2.4)
      \- commons-logging:commons-logging:jar:1.1.1:compile

