WARNING: Your kernel does not support swap limit capabilities or the cgroup is not mounted. Memory limited without swap.
com.datadoghq:jmxfetch:jar:0.24.0
+- com.beust:jcommander:jar:1.35:compile
+- com.sun:tools:jar:1.4.2:system
+- com.google.guava:guava:jar:17.0:compile
+- commons-io:commons-io:jar:2.4:compile
+- commons-lang:commons-lang:jar:2.6:compile
+- org.apache.commons:commons-lang3:jar:3.5:compile
+- com.datadoghq:java-dogstatsd-client:jar:2.1.0:compile
+- com.fasterxml.jackson.core:jackson-databind:jar:2.9.6:compile
|  +- (com.fasterxml.jackson.core:jackson-annotations:jar:2.9.0:compile - omitted for conflict with 2.9.6)
|  \- (com.fasterxml.jackson.core:jackson-core:jar:2.9.6:compile - omitted for duplicate)
+- com.fasterxml.jackson.core:jackson-annotations:jar:2.9.6:compile
+- com.fasterxml.jackson.core:jackson-core:jar:2.9.6:compile
+- log4j:log4j:jar:1.2.17:compile
+- org.yaml:snakeyaml:jar:1.13:compile
+- junit:junit:jar:4.11:test
|  \- org.hamcrest:hamcrest-core:jar:1.3:test
\- org.mockito:mockito-core:jar:2.2.27:test
   +- net.bytebuddy:byte-buddy:jar:1.5.5:test
   +- net.bytebuddy:byte-buddy-agent:jar:1.5.5:test
   \- org.objenesis:objenesis:jar:2.4:test

