WARNING: Your kernel does not support swap limit capabilities or the cgroup is not mounted. Memory limited without swap.
com.datadoghq:jmxfetch:jar:0.29.0
+- com.beust:jcommander:jar:1.35:compile
+- com.sun:tools:jar:1.4.2:system
+- com.google.guava:guava:jar:17.0:compile
+- commons-io:commons-io:jar:2.4:compile
+- commons-lang:commons-lang:jar:2.6:compile
+- com.datadoghq:java-dogstatsd-client:jar:2.7:compile
|  \- com.github.jnr:jnr-unixsocket:jar:0.18:compile
|     +- com.github.jnr:jnr-ffi:jar:2.1.4:compile
|     |  +- com.github.jnr:jffi:jar:1.2.15:compile
|     |  +- com.github.jnr:jffi:jar:native:1.2.15:runtime
|     |  +- org.ow2.asm:asm:jar:5.0.3:compile
|     |  +- org.ow2.asm:asm-commons:jar:5.0.3:compile
|     |  |  \- (org.ow2.asm:asm-tree:jar:5.0.3:compile - omitted for duplicate)
|     |  +- org.ow2.asm:asm-analysis:jar:5.0.3:compile
|     |  |  \- (org.ow2.asm:asm-tree:jar:5.0.3:compile - omitted for duplicate)
|     |  +- org.ow2.asm:asm-tree:jar:5.0.3:compile
|     |  |  \- (org.ow2.asm:asm:jar:5.0.3:compile - omitted for duplicate)
|     |  +- org.ow2.asm:asm-util:jar:5.0.3:compile
|     |  |  \- (org.ow2.asm:asm-tree:jar:5.0.3:compile - omitted for duplicate)
|     |  \- com.github.jnr:jnr-x86asm:jar:1.0.2:compile
|     +- com.github.jnr:jnr-constants:jar:0.9.8:compile
|     +- com.github.jnr:jnr-enxio:jar:0.16:compile
|     |  +- (com.github.jnr:jnr-constants:jar:0.9.8:compile - omitted for duplicate)
|     |  \- (com.github.jnr:jnr-ffi:jar:2.1.4:compile - omitted for duplicate)
|     \- com.github.jnr:jnr-posix:jar:3.0.35:compile
|        +- (com.github.jnr:jnr-ffi:jar:2.1.4:compile - omitted for duplicate)
|        \- (com.github.jnr:jnr-constants:jar:0.9.8:compile - omitted for duplicate)
+- com.fasterxml.jackson.core:jackson-databind:jar:2.9.8:compile
|  +- (com.fasterxml.jackson.core:jackson-annotations:jar:2.9.0:compile - omitted for conflict with 2.9.8)
|  \- (com.fasterxml.jackson.core:jackson-core:jar:2.9.8:compile - omitted for duplicate)
+- com.fasterxml.jackson.core:jackson-annotations:jar:2.9.8:compile
+- com.fasterxml.jackson.core:jackson-core:jar:2.9.8:compile
+- org.projectlombok:lombok:jar:1.18.8:provided
+- org.slf4j:slf4j-api:jar:1.7.26:compile
+- org.slf4j:slf4j-log4j12:jar:1.7.26:compile
|  +- (org.slf4j:slf4j-api:jar:1.7.26:compile - omitted for duplicate)
|  \- (log4j:log4j:jar:1.2.17:compile - omitted for duplicate)
+- log4j:log4j:jar:1.2.17:compile
+- org.yaml:snakeyaml:jar:1.13:compile
+- junit:junit:jar:4.11:test
|  \- org.hamcrest:hamcrest-core:jar:1.3:test
\- org.mockito:mockito-core:jar:2.2.27:test
   +- net.bytebuddy:byte-buddy:jar:1.5.5:test
   +- net.bytebuddy:byte-buddy-agent:jar:1.5.5:test
   \- org.objenesis:objenesis:jar:2.4:test

