WARNING: Your kernel does not support swap limit capabilities or the cgroup is not mounted. Memory limited without swap.
com.github.davidmoten:rtree2:jar:0.9-RC1
+- com.github.davidmoten:guava-mini:jar:0.1.2:compile
+- junit:junit:jar:4.12:test
|  \- org.hamcrest:hamcrest-core:jar:1.3:test
+- com.github.davidmoten:grumpy-core:jar:0.2.4:test
|  \- org.apache.commons:commons-math3:jar:3.2:test
+- org.openjdk.jmh:jmh-core:jar:1.21:test
|  +- net.sf.jopt-simple:jopt-simple:jar:4.6:test
|  \- (org.apache.commons:commons-math3:jar:3.2:test - omitted for duplicate)
+- org.openjdk.jmh:jmh-generator-annprocess:jar:1.21:test
|  \- (org.openjdk.jmh:jmh-core:jar:1.21:test - omitted for duplicate)
+- org.mockito:mockito-core:jar:3.0.0:test
|  +- net.bytebuddy:byte-buddy:jar:1.9.10:test
|  +- net.bytebuddy:byte-buddy-agent:jar:1.9.10:test
|  \- org.objenesis:objenesis:jar:2.6:test
+- com.github.davidmoten:junit-extras:jar:0.3:test
|  \- (junit:junit:jar:4.12:test - omitted for duplicate)
+- javax.annotation:javax.annotation-api:jar:1.3.2:compile
+- com.github.davidmoten:kool:jar:0.1.2:test
|  \- (com.github.davidmoten:guava-mini:jar:0.1.2:test - omitted for duplicate)
\- io.reactivex:rxjava:jar:1.3.8:test

