WARNING: Your kernel does not support swap limit capabilities or the cgroup is not mounted. Memory limited without swap.
no.digipost:digipost-api-client-java:jar:13.0
+- no.digipost:printability-validator:jar:3.1:compile
|  \- org.apache.pdfbox:pdfbox:jar:2.0.12:compile
|     \- org.apache.pdfbox:fontbox:jar:2.0.12:compile
+- no.digipost:digipost-cache:jar:2.0:compile
|  \- com.github.ben-manes.caffeine:caffeine:jar:2.6.2:compile
+- org.slf4j:slf4j-api:jar:1.7.26:compile
+- org.slf4j:jcl-over-slf4j:jar:1.7.26:runtime
+- org.slf4j:slf4j-simple:jar:1.7.26:test
+- org.apache.httpcomponents:httpclient:jar:4.5.6:compile
|  \- commons-codec:commons-codec:jar:1.10:compile
+- org.apache.httpcomponents:httpcore:jar:4.4.11:compile
+- org.apache.httpcomponents:httpmime:jar:4.5.6:compile
+- no.digipost:http-client-builder3:jar:3.0.1:compile
+- commons-io:commons-io:jar:2.6:compile
+- org.apache.commons:commons-lang3:jar:3.9:compile
+- org.bouncycastle:bcprov-jdk15on:jar:1.54:compile
+- org.bouncycastle:bcpkix-jdk15on:jar:1.54:compile
+- org.junit.jupiter:junit-jupiter-api:jar:5.5.0-M1:test
|  +- org.apiguardian:apiguardian-api:jar:1.0.0:test
|  +- org.opentest4j:opentest4j:jar:1.1.1:test
|  \- org.junit.platform:junit-platform-commons:jar:1.5.0-M1:test
+- org.junit.jupiter:junit-jupiter-engine:jar:5.5.0-M1:test
|  \- org.junit.platform:junit-platform-engine:jar:1.5.0-M1:test
+- org.junit.platform:junit-platform-launcher:jar:1.5.0-M1:test
+- org.hamcrest:hamcrest:jar:2.1:test
+- co.unruly:java-8-matchers:jar:1.6:test
+- org.mockito:mockito-core:jar:2.27.0:test
|  +- net.bytebuddy:byte-buddy:jar:1.9.10:test
|  +- net.bytebuddy:byte-buddy-agent:jar:1.9.10:test
|  \- org.objenesis:objenesis:jar:2.6:test
+- org.mockito:mockito-junit-jupiter:jar:2.27.0:test
+- nl.jqno.equalsverifier:equalsverifier:jar:3.1.8:test
+- org.quicktheories:quicktheories:jar:0.26:test
+- no.digipost:digg:jar:0.19:test
+- no.digipost:digipost-data-types:jar:0.18.1:compile
|  +- com.fasterxml.jackson.core:jackson-databind:jar:2.9.5:compile
|  +- com.fasterxml.jackson.datatype:jackson-datatype-jsr310:jar:2.9.5:compile
|  +- com.fasterxml.jackson.core:jackson-annotations:jar:2.9.0:compile
|  +- com.fasterxml.jackson.core:jackson-core:jar:2.9.5:compile
|  +- javax.validation:validation-api:jar:2.0.0.Final:compile
|  +- org.hibernate:hibernate-validator:jar:5.4.1.Final:runtime
|  |  +- org.jboss.logging:jboss-logging:jar:3.3.0.Final:runtime
|  |  \- com.fasterxml:classmate:jar:1.3.1:runtime
|  \- org.glassfish:javax.el:jar:3.0.0:runtime
+- jakarta.xml.bind:jakarta.xml.bind-api:jar:2.3.2:compile
|  \- jakarta.activation:jakarta.activation-api:jar:1.2.1:compile
\- org.glassfish.jaxb:jaxb-runtime:jar:2.3.2:runtime
   +- org.glassfish.jaxb:txw2:jar:2.3.2:runtime
   +- com.sun.istack:istack-commons-runtime:jar:3.0.8:runtime
   +- org.jvnet.staxex:stax-ex:jar:1.8.1:runtime
   \- com.sun.xml.fastinfoset:FastInfoset:jar:1.2.16:runtime

