WARNING: Your kernel does not support swap limit capabilities or the cgroup is not mounted. Memory limited without swap.
no.digipost:digipost-api-client-java:jar:5.0.1
+- org.slf4j:slf4j-api:jar:1.7.6:compile
+- ch.qos.logback:logback-classic:jar:1.1.1:runtime
|  +- ch.qos.logback:logback-core:jar:1.1.1:runtime
|  \- (org.slf4j:slf4j-api:jar:1.7.6:runtime - omitted for duplicate)
+- org.apache.httpcomponents:httpclient:jar:4.3.3:compile
|  +- org.apache.httpcomponents:httpcore:jar:4.3.2:compile
|  +- commons-logging:commons-logging:jar:1.1.3:compile
|  \- commons-codec:commons-codec:jar:1.6:compile
+- com.sun.jersey:jersey-core:jar:1.18.1:compile
+- com.sun.jersey:jersey-client:jar:1.18.1:compile
|  \- (com.sun.jersey:jersey-core:jar:1.18.1:compile - omitted for duplicate)
+- commons-io:commons-io:jar:2.4:compile
+- org.apache.commons:commons-lang3:jar:3.2.1:compile
+- javax.xml.bind:jaxb-api:jar:2.2.7:compile
+- com.sun.xml.bind:jaxb-impl:jar:2.2.7:runtime
|  +- com.sun.xml.bind:jaxb-core:jar:2.2.7:runtime
|  |  +- (javax.xml.bind:jaxb-api:jar:2.2.7:runtime - omitted for duplicate)
|  |  \- com.sun.istack:istack-commons-runtime:jar:2.16:runtime
|  \- com.sun.xml.fastinfoset:FastInfoset:jar:1.2.12:runtime
|     \- javax.xml.bind:jsr173_api:jar:1.0:runtime
+- org.bouncycastle:bcprov-jdk15on:jar:1.50:compile
+- org.bouncycastle:bcpkix-jdk15on:jar:1.50:compile
|  \- (org.bouncycastle:bcprov-jdk15on:jar:1.50:compile - omitted for duplicate)
+- joda-time:joda-time:jar:2.3:compile
+- junit:junit:jar:4.11:test
|  \- (org.hamcrest:hamcrest-core:jar:1.3:test - omitted for duplicate)
+- org.hamcrest:hamcrest-library:jar:1.3:test
|  \- (org.hamcrest:hamcrest-core:jar:1.3:test - omitted for duplicate)
+- org.hamcrest:hamcrest-core:jar:1.3:test
\- org.mockito:mockito-core:jar:1.9.5:test
   +- (org.hamcrest:hamcrest-core:jar:1.1:test - omitted for conflict with 1.3)
   \- org.objenesis:objenesis:jar:1.0:test

