WARNING: Your kernel does not support swap limit capabilities or the cgroup is not mounted. Memory limited without swap.
no.digipost:digipost-api-client-java:jar:8.2
+- no.digipost:printability-validator:jar:2.2:compile
|  +- org.slf4j:jcl-over-slf4j:jar:1.7.10:runtime
|  \- org.apache.pdfbox:pdfbox:jar:1.8.12:compile
|     +- org.apache.pdfbox:fontbox:jar:1.8.12:compile
|     \- org.apache.pdfbox:jempbox:jar:1.8.12:compile
+- no.digipost:cache:jar:1.3:compile
|  +- com.google.guava:guava:jar:18.0:compile
|  \- com.github.runeflobakk:motif:jar:0.7:compile
+- org.slf4j:slf4j-api:jar:1.7.22:compile
+- ch.qos.logback:logback-classic:jar:1.1.9:runtime (optional) 
|  \- ch.qos.logback:logback-core:jar:1.1.9:runtime (optional) 
+- org.apache.httpcomponents:httpclient:jar:4.5.3:compile
|  +- commons-logging:commons-logging:jar:1.2:compile
|  \- commons-codec:commons-codec:jar:1.9:compile
+- org.apache.httpcomponents:httpcore:jar:4.4.6:compile
+- org.apache.httpcomponents:httpmime:jar:4.5.3:compile
+- no.digipost:http-client-builder3:jar:3.0:compile
+- commons-io:commons-io:jar:2.5:compile
+- org.apache.commons:commons-lang3:jar:3.5:compile
+- org.bouncycastle:bcprov-jdk15on:jar:1.54:compile
+- org.bouncycastle:bcpkix-jdk15on:jar:1.54:compile
+- joda-time:joda-time:jar:2.9.7:compile
+- junit:junit:jar:4.12:test
+- org.hamcrest:hamcrest-library:jar:1.3:test
+- org.hamcrest:hamcrest-core:jar:1.3:test
+- org.mockito:mockito-core:jar:2.6.8:test
|  +- net.bytebuddy:byte-buddy:jar:1.6.5:test
|  +- net.bytebuddy:byte-buddy-agent:jar:1.6.5:test
|  \- org.objenesis:objenesis:jar:2.5:test
+- nl.jqno.equalsverifier:equalsverifier:jar:2.2:test
+- com.pholser:junit-quickcheck-core:jar:0.7:test
|  +- org.javaruntype:javaruntype:jar:1.2:test
|  |  \- org.antlr:antlr-runtime:jar:3.1.2:test
|  +- ognl:ognl:jar:3.1.2:test
|  |  \- javassist:javassist:jar:3.11.0.GA:test
|  \- ru.vyarus:generics-resolver:jar:2.0.1:test
+- com.pholser:junit-quickcheck-generators:jar:0.7:test
+- no.digipost:digg:jar:0.13:test
\- io.undertow:undertow-core:jar:2.0.0.Alpha1:compile
   +- org.jboss.logging:jboss-logging:jar:3.2.1.Final:compile
   +- org.jboss.xnio:xnio-api:jar:3.3.6.Final:compile
   \- org.jboss.xnio:xnio-nio:jar:3.3.6.Final:runtime

