WARNING: Your kernel does not support swap limit capabilities or the cgroup is not mounted. Memory limited without swap.
no.digipost:digipost-api-client-java:jar:5.1-rc1
+- org.slf4j:slf4j-api:jar:1.7.7:compile
+- ch.qos.logback:logback-classic:jar:1.1.2:runtime
|  +- ch.qos.logback:logback-core:jar:1.1.2:runtime
|  \- (org.slf4j:slf4j-api:jar:1.7.6:runtime - omitted for conflict with 1.7.7)
+- org.apache.httpcomponents:httpclient:jar:4.3.3:compile
|  +- org.apache.httpcomponents:httpcore:jar:4.3.2:compile
|  +- commons-logging:commons-logging:jar:1.1.3:compile
|  \- commons-codec:commons-codec:jar:1.6:compile
+- org.glassfish.jersey.core:jersey-common:jar:2.8:compile
|  +- (javax.ws.rs:javax.ws.rs-api:jar:2.0:compile - omitted for duplicate)
|  +- (javax.annotation:javax.annotation-api:jar:1.2:compile - omitted for duplicate)
|  +- org.glassfish.jersey.bundles.repackaged:jersey-guava:jar:2.8:compile
|  +- org.glassfish.hk2:hk2-api:jar:2.2.0:compile
|  |  +- org.glassfish.hk2:hk2-utils:jar:2.2.0:compile
|  |  \- org.glassfish.hk2.external:aopalliance-repackaged:jar:2.2.0:compile
|  +- org.glassfish.hk2.external:javax.inject:jar:2.2.0:compile
|  +- org.glassfish.hk2:hk2-locator:jar:2.2.0:compile
|  |  +- (org.glassfish.hk2.external:javax.inject:jar:2.2.0:compile - omitted for duplicate)
|  |  +- (org.glassfish.hk2.external:aopalliance-repackaged:jar:2.2.0:compile - omitted for duplicate)
|  |  +- (org.glassfish.hk2:hk2-api:jar:2.2.0:compile - omitted for duplicate)
|  |  +- (org.glassfish.hk2:hk2-utils:jar:2.2.0:compile - omitted for duplicate)
|  |  \- org.javassist:javassist:jar:3.18.1-GA:compile
|  \- org.glassfish.hk2:osgi-resource-locator:jar:1.0.1:compile
+- org.glassfish.jersey.core:jersey-client:jar:2.8:compile
|  +- (org.glassfish.jersey.core:jersey-common:jar:2.8:compile - omitted for duplicate)
|  +- (javax.ws.rs:javax.ws.rs-api:jar:2.0:compile - omitted for duplicate)
|  +- (org.glassfish.hk2:hk2-api:jar:2.2.0:compile - omitted for duplicate)
|  +- (org.glassfish.hk2.external:javax.inject:jar:2.2.0:compile - omitted for duplicate)
|  \- (org.glassfish.hk2:hk2-locator:jar:2.2.0:compile - omitted for duplicate)
+- org.glassfish.jersey.media:jersey-media-multipart:jar:2.8:compile
|  +- (org.glassfish.hk2.external:javax.inject:jar:2.2.0:compile - omitted for duplicate)
|  +- org.glassfish.jersey.core:jersey-server:jar:2.8:compile
|  |  +- (org.glassfish.jersey.core:jersey-common:jar:2.8:compile - omitted for duplicate)
|  |  +- (org.glassfish.jersey.core:jersey-client:jar:2.8:compile - omitted for duplicate)
|  |  +- (javax.ws.rs:javax.ws.rs-api:jar:2.0:compile - omitted for duplicate)
|  |  +- (javax.annotation:javax.annotation-api:jar:1.2:compile - omitted for duplicate)
|  |  +- (org.glassfish.hk2:hk2-api:jar:2.2.0:compile - omitted for duplicate)
|  |  +- (org.glassfish.hk2.external:javax.inject:jar:2.2.0:compile - omitted for duplicate)
|  |  +- (org.glassfish.hk2:hk2-locator:jar:2.2.0:compile - omitted for duplicate)
|  |  \- javax.validation:validation-api:jar:1.1.0.Final:compile
|  \- org.jvnet.mimepull:mimepull:jar:1.9.3:compile
+- commons-io:commons-io:jar:2.4:compile
+- org.apache.commons:commons-lang3:jar:3.3.1:compile
+- javax.ws.rs:javax.ws.rs-api:jar:2.0:compile
+- javax.annotation:javax.annotation-api:jar:1.2:compile
+- org.bouncycastle:bcprov-jdk15on:jar:1.50:compile
+- org.bouncycastle:bcpkix-jdk15on:jar:1.50:compile
|  \- (org.bouncycastle:bcprov-jdk15on:jar:1.50:compile - omitted for duplicate)
+- joda-time:joda-time:jar:2.3:compile
+- junit:junit:jar:4.11:test
|  \- (org.hamcrest:hamcrest-core:jar:1.3:test - omitted for duplicate)
+- org.hamcrest:hamcrest-library:jar:1.3:test
|  \- (org.hamcrest:hamcrest-core:jar:1.3:test - omitted for duplicate)
+- org.hamcrest:hamcrest-core:jar:1.3:test
\- org.mockito:mockito-core:jar:1.9.5:test
   +- (org.hamcrest:hamcrest-core:jar:1.1:test - omitted for conflict with 1.3)
   \- org.objenesis:objenesis:jar:1.0:test

