WARNING: Your kernel does not support swap limit capabilities or the cgroup is not mounted. Memory limited without swap.
no.digipost:digipost-api-client-java:jar:7.3
+- no.digipost:printability-validator:jar:1.1.1:compile
|  +- (org.slf4j:slf4j-api:jar:1.7.10:compile - omitted for conflict with 1.7.12)
|  +- org.slf4j:jcl-over-slf4j:jar:1.7.10:runtime
|  |  \- (org.slf4j:slf4j-api:jar:1.7.10:runtime - omitted for duplicate)
|  +- org.apache.pdfbox:pdfbox:jar:1.8.12:compile
|  |  +- org.apache.pdfbox:fontbox:jar:1.8.12:compile
|  |  \- org.apache.pdfbox:jempbox:jar:1.8.12:compile
|  \- (org.apache.commons:commons-lang3:jar:3.3.2:compile - omitted for conflict with 3.4)
+- no.digipost:cache:jar:1.0:compile
|  +- com.google.guava:guava:jar:18.0:compile
|  +- (joda-time:joda-time:jar:2.7:compile - omitted for conflict with 2.8.1)
|  +- (com.github.runeflobakk:motif:jar:0.7:compile - omitted for duplicate)
|  \- (org.slf4j:slf4j-api:jar:1.7.12:compile - omitted for conflict with 1.7.10)
+- com.github.runeflobakk:motif:jar:0.7:compile
+- org.slf4j:slf4j-api:jar:1.7.12:compile
+- ch.qos.logback:logback-classic:jar:1.1.3:runtime
|  +- ch.qos.logback:logback-core:jar:1.1.3:runtime
|  \- (org.slf4j:slf4j-api:jar:1.7.7:runtime - omitted for conflict with 1.7.12)
+- org.apache.httpcomponents:httpclient:jar:4.5.2:compile
|  +- (org.apache.httpcomponents:httpcore:jar:4.4.4:compile - omitted for conflict with 4.4.5)
|  +- commons-logging:commons-logging:jar:1.2:compile
|  \- commons-codec:commons-codec:jar:1.9:compile
+- org.apache.httpcomponents:httpcore:jar:4.4.5:compile
+- org.apache.httpcomponents:httpmime:jar:4.5.2:compile
|  \- (org.apache.httpcomponents:httpclient:jar:4.5.2:compile - omitted for duplicate)
+- no.digipost:http-client-builder3:jar:3.0:compile
|  +- (org.apache.httpcomponents:httpclient:jar:4.5.2:compile - omitted for duplicate)
|  +- (org.apache.httpcomponents:httpcore:jar:4.4.4:compile - omitted for conflict with 4.4.5)
|  +- (org.slf4j:slf4j-api:jar:1.7.21:compile - omitted for conflict with 1.7.12)
|  +- (org.slf4j:jcl-over-slf4j:jar:1.7.21:runtime - omitted for conflict with 1.7.10)
|  +- (junit:junit:jar:4.12:compile - omitted for duplicate)
|  +- (org.hamcrest:hamcrest-library:jar:1.3:compile - omitted for duplicate)
|  \- (org.hamcrest:hamcrest-core:jar:1.3:compile - omitted for duplicate)
+- commons-io:commons-io:jar:2.4:compile
+- org.apache.commons:commons-lang3:jar:3.4:compile
+- org.bouncycastle:bcprov-jdk15on:jar:1.52:compile
+- org.bouncycastle:bcpkix-jdk15on:jar:1.52:compile
|  \- (org.bouncycastle:bcprov-jdk15on:jar:1.52:compile - omitted for duplicate)
+- joda-time:joda-time:jar:2.8.1:compile
+- junit:junit:jar:4.12:test (scope not updated to compile)
|  \- (org.hamcrest:hamcrest-core:jar:1.3:test - omitted for duplicate)
+- org.junit.contrib:junit-theories:jar:4.12:test
|  +- (junit:junit:jar:4.12:test - omitted for duplicate)
|  \- org.javaruntype:javaruntype:jar:1.2:test
|     \- org.antlr:antlr-runtime:jar:3.1.2:test
+- org.hamcrest:hamcrest-library:jar:1.3:test (scope not updated to compile)
|  \- (org.hamcrest:hamcrest-core:jar:1.3:test - omitted for duplicate)
+- org.hamcrest:hamcrest-core:jar:1.3:test (scope not updated to compile)
+- org.mockito:mockito-core:jar:2.0.31-beta:test
|  +- net.bytebuddy:byte-buddy:jar:0.6.14:test
|  \- org.objenesis:objenesis:jar:2.1:test
+- nl.jqno.equalsverifier:equalsverifier:jar:1.7.3:test
+- com.pholser:junit-quickcheck-core:jar:0.4:test
|  +- (junit:junit:jar:4.12:test - omitted for duplicate)
|  +- (org.junit.contrib:junit-theories:jar:4.12:test - omitted for duplicate)
|  +- (org.javaruntype:javaruntype:jar:1.2:test - omitted for duplicate)
|  \- ognl:ognl:jar:3.0.5:test
|     \- javassist:javassist:jar:3.11.0.GA:test
+- com.pholser:junit-quickcheck-generators:jar:0.4:test
|  +- (junit:junit:jar:4.12:test - omitted for duplicate)
|  \- (com.pholser:junit-quickcheck-core:jar:0.4:test - omitted for duplicate)
\- io.undertow:undertow-core:jar:2.0.0.Alpha1:compile
   +- org.jboss.logging:jboss-logging:jar:3.2.1.Final:compile
   +- org.jboss.xnio:xnio-api:jar:3.3.6.Final:compile
   \- org.jboss.xnio:xnio-nio:jar:3.3.6.Final:runtime
      \- (org.jboss.xnio:xnio-api:jar:3.3.6.Final:runtime - omitted for duplicate)

