WARNING: Your kernel does not support swap limit capabilities or the cgroup is not mounted. Memory limited without swap.
no.digipost:digipost-api-client-java:jar:6.3.1
+- no.digipost:printability-validator:jar:1.0.1:compile
|  +- (org.slf4j:slf4j-api:jar:1.7.10:compile - omitted for duplicate)
|  +- org.slf4j:jcl-over-slf4j:jar:1.7.10:runtime
|  |  \- (org.slf4j:slf4j-api:jar:1.7.10:runtime - omitted for duplicate)
|  +- org.apache.pdfbox:pdfbox:jar:1.8.8:compile
|  |  +- org.apache.pdfbox:fontbox:jar:1.8.8:compile
|  |  \- org.apache.pdfbox:jempbox:jar:1.8.8:compile
|  \- (org.apache.commons:commons-lang3:jar:3.3.2:compile - omitted for duplicate)
+- com.github.runeflobakk:motif:jar:0.7:compile
+- org.slf4j:slf4j-api:jar:1.7.10:compile
+- ch.qos.logback:logback-classic:jar:1.1.2:runtime
|  +- ch.qos.logback:logback-core:jar:1.1.2:runtime
|  \- (org.slf4j:slf4j-api:jar:1.7.6:runtime - omitted for conflict with 1.7.10)
+- org.glassfish.jersey.core:jersey-common:jar:2.15:compile
|  +- (javax.ws.rs:javax.ws.rs-api:jar:2.0.1:compile - omitted for duplicate)
|  +- (javax.annotation:javax.annotation-api:jar:1.2:compile - omitted for duplicate)
|  +- org.glassfish.jersey.bundles.repackaged:jersey-guava:jar:2.15:compile
|  +- org.glassfish.hk2:hk2-api:jar:2.4.0-b06:compile
|  |  +- org.glassfish.hk2:hk2-utils:jar:2.4.0-b06:compile
|  |  \- org.glassfish.hk2.external:aopalliance-repackaged:jar:2.4.0-b06:compile
|  +- org.glassfish.hk2.external:javax.inject:jar:2.4.0-b06:compile
|  +- org.glassfish.hk2:hk2-locator:jar:2.4.0-b06:compile
|  |  +- (org.glassfish.hk2.external:javax.inject:jar:2.4.0-b06:compile - omitted for duplicate)
|  |  +- (org.glassfish.hk2.external:aopalliance-repackaged:jar:2.4.0-b06:compile - omitted for duplicate)
|  |  +- (org.glassfish.hk2:hk2-api:jar:2.4.0-b06:compile - omitted for duplicate)
|  |  +- (org.glassfish.hk2:hk2-utils:jar:2.4.0-b06:compile - omitted for duplicate)
|  |  \- org.javassist:javassist:jar:3.18.1-GA:compile
|  \- org.glassfish.hk2:osgi-resource-locator:jar:1.0.1:compile
+- org.glassfish.jersey.core:jersey-client:jar:2.15:compile
|  +- (org.glassfish.jersey.core:jersey-common:jar:2.15:compile - omitted for duplicate)
|  +- (javax.ws.rs:javax.ws.rs-api:jar:2.0.1:compile - omitted for duplicate)
|  +- (org.glassfish.hk2:hk2-api:jar:2.4.0-b06:compile - omitted for duplicate)
|  +- (org.glassfish.hk2.external:javax.inject:jar:2.4.0-b06:compile - omitted for duplicate)
|  \- (org.glassfish.hk2:hk2-locator:jar:2.4.0-b06:compile - omitted for duplicate)
+- org.glassfish.jersey.media:jersey-media-multipart:jar:2.15:compile
|  +- (org.glassfish.jersey.core:jersey-common:jar:2.15:compile - omitted for duplicate)
|  \- org.jvnet.mimepull:mimepull:jar:1.9.3:compile
+- javax.annotation:javax.annotation-api:jar:1.2:compile
+- commons-io:commons-io:jar:2.4:compile
+- org.apache.commons:commons-lang3:jar:3.3.2:compile
+- javax.ws.rs:javax.ws.rs-api:jar:2.0.1:compile
+- org.bouncycastle:bcprov-jdk15on:jar:1.51:compile
+- org.bouncycastle:bcpkix-jdk15on:jar:1.51:compile
|  \- (org.bouncycastle:bcprov-jdk15on:jar:1.51:compile - omitted for duplicate)
+- joda-time:joda-time:jar:2.6:compile
+- junit:junit:jar:4.12:test
|  \- (org.hamcrest:hamcrest-core:jar:1.3:test - omitted for duplicate)
+- org.hamcrest:hamcrest-library:jar:1.3:test
|  \- (org.hamcrest:hamcrest-core:jar:1.3:test - omitted for duplicate)
+- org.hamcrest:hamcrest-core:jar:1.3:test
+- org.mockito:mockito-core:jar:2.0.2-beta:test
|  +- (org.hamcrest:hamcrest-core:jar:1.1:test - omitted for conflict with 1.3)
|  \- org.objenesis:objenesis:jar:2.1:test
+- nl.jqno.equalsverifier:equalsverifier:jar:1.6:test
+- org.junit.contrib:junit-theories:jar:4.12:test
|  +- (junit:junit:jar:4.12:test - omitted for duplicate)
|  \- org.javaruntype:javaruntype:jar:1.2:test
|     \- org.antlr:antlr-runtime:jar:3.1.2:test
+- com.pholser:junit-quickcheck-core:jar:0.4:test
|  +- (junit:junit:jar:4.12:test - omitted for duplicate)
|  +- (org.junit.contrib:junit-theories:jar:4.12:test - omitted for duplicate)
|  +- (org.javaruntype:javaruntype:jar:1.2:test - omitted for duplicate)
|  \- ognl:ognl:jar:3.0.5:test
|     \- javassist:javassist:jar:3.11.0.GA:test
\- com.pholser:junit-quickcheck-generators:jar:0.4:test
   +- (junit:junit:jar:4.12:test - omitted for duplicate)
   \- (com.pholser:junit-quickcheck-core:jar:0.4:test - omitted for duplicate)

