WARNING: Your kernel does not support swap limit capabilities or the cgroup is not mounted. Memory limited without swap.
no.digipost:digipost-api-client-java:jar:9.0
+- no.digipost:printability-validator:jar:2.2:compile
|  \- org.apache.pdfbox:pdfbox:jar:1.8.12:compile
|     +- org.apache.pdfbox:fontbox:jar:1.8.12:compile
|     \- org.apache.pdfbox:jempbox:jar:1.8.12:compile
+- no.digipost:cache:jar:1.3:compile
|  +- com.google.guava:guava:jar:18.0:compile
|  \- com.github.runeflobakk:motif:jar:0.7:compile
+- org.slf4j:slf4j-api:jar:1.7.25:compile
+- org.slf4j:jcl-over-slf4j:jar:1.7.25:runtime
+- org.slf4j:slf4j-simple:jar:1.7.25:test
+- org.apache.httpcomponents:httpclient:jar:4.5.3:compile
|  \- commons-codec:commons-codec:jar:1.9:compile
+- org.apache.httpcomponents:httpcore:jar:4.4.6:compile
+- org.apache.httpcomponents:httpmime:jar:4.5.3:compile
+- no.digipost:http-client-builder3:jar:3.0.1:compile
+- commons-io:commons-io:jar:2.5:compile
+- org.apache.commons:commons-lang3:jar:3.6:compile
+- org.bouncycastle:bcprov-jdk15on:jar:1.54:compile
+- org.bouncycastle:bcpkix-jdk15on:jar:1.54:compile
+- joda-time:joda-time:jar:2.9.9:compile
+- junit:junit:jar:4.12:test
+- org.hamcrest:java-hamcrest:jar:2.0.0.0:test
+- org.mockito:mockito-core:jar:2.8.47:test
|  +- net.bytebuddy:byte-buddy:jar:1.6.14:test
|  +- net.bytebuddy:byte-buddy-agent:jar:1.6.14:test
|  \- org.objenesis:objenesis:jar:2.5:test
+- nl.jqno.equalsverifier:equalsverifier:jar:2.3.2:test
+- com.pholser:junit-quickcheck-core:jar:0.7:test
|  +- org.javaruntype:javaruntype:jar:1.2:test
|  |  \- org.antlr:antlr-runtime:jar:3.1.2:test
|  +- ognl:ognl:jar:3.1.2:test
|  |  \- javassist:javassist:jar:3.11.0.GA:test
|  \- ru.vyarus:generics-resolver:jar:2.0.1:test
+- com.pholser:junit-quickcheck-generators:jar:0.7:test
+- no.digipost:digg:jar:0.13:test
+- io.undertow:undertow-core:jar:2.0.0.Alpha1:compile
|  +- org.jboss.logging:jboss-logging:jar:3.2.1.Final:compile
|  +- org.jboss.xnio:xnio-api:jar:3.3.6.Final:compile
|  \- org.jboss.xnio:xnio-nio:jar:3.3.6.Final:runtime
\- no.digipost:digipost-data-types:jar:0.6:compile
   +- com.fasterxml.jackson.core:jackson-databind:jar:2.8.9:compile
   +- com.fasterxml.jackson.datatype:jackson-datatype-jsr310:jar:2.8.9:compile
   +- com.fasterxml.jackson.core:jackson-annotations:jar:2.8.9:compile
   +- org.hibernate:hibernate-validator:jar:5.4.1.Final:runtime
   |  \- com.fasterxml:classmate:jar:1.3.1:runtime
   +- org.glassfish:javax.el:jar:3.0.0:runtime
   +- javax.validation:validation-api:jar:2.0.0.Beta2:compile
   \- com.fasterxml.jackson.core:jackson-core:jar:2.8.9:compile

