WARNING: Your kernel does not support swap limit capabilities or the cgroup is not mounted. Memory limited without swap.
no.digipost:digipost-api-client-java:jar:10.11
+- no.digipost:printability-validator:jar:3.1:compile
|  \- org.apache.pdfbox:pdfbox:jar:2.0.12:compile
|     \- org.apache.pdfbox:fontbox:jar:2.0.12:compile
+- no.digipost:digipost-cache:jar:2.0:compile
|  \- com.github.ben-manes.caffeine:caffeine:jar:2.6.2:compile
+- org.slf4j:slf4j-api:jar:1.7.25:compile
+- org.slf4j:jcl-over-slf4j:jar:1.7.25:runtime
+- org.slf4j:slf4j-simple:jar:1.7.25:test
+- org.apache.httpcomponents:httpclient:jar:4.5.6:compile
|  \- commons-codec:commons-codec:jar:1.10:compile
+- org.apache.httpcomponents:httpcore:jar:4.4.10:compile
+- org.apache.httpcomponents:httpmime:jar:4.5.6:compile
+- no.digipost:http-client-builder3:jar:3.0.1:compile
+- commons-io:commons-io:jar:2.6:compile
+- org.apache.commons:commons-lang3:jar:3.8.1:compile
+- org.bouncycastle:bcprov-jdk15on:jar:1.54:compile
+- org.bouncycastle:bcpkix-jdk15on:jar:1.54:compile
+- junit:junit:jar:4.12:test
+- org.hamcrest:java-hamcrest:jar:2.0.0.0:test
+- org.mockito:mockito-core:jar:2.23.0:test
|  +- net.bytebuddy:byte-buddy:jar:1.9.0:test
|  +- net.bytebuddy:byte-buddy-agent:jar:1.9.0:test
|  \- org.objenesis:objenesis:jar:2.6:test
+- nl.jqno.equalsverifier:equalsverifier:jar:3.0:test
+- com.pholser:junit-quickcheck-core:jar:0.8.1:test
|  +- org.hamcrest:hamcrest-core:jar:1.3:test
|  +- org.javaruntype:javaruntype:jar:1.3:test
|  |  \- org.antlr:antlr-runtime:jar:3.5.2:test
|  +- ognl:ognl:jar:3.1.12:test
|  |  \- org.javassist:javassist:jar:3.20.0-GA:test
|  \- ru.vyarus:generics-resolver:jar:2.0.1:test
+- com.pholser:junit-quickcheck-generators:jar:0.8.1:test
+- no.digipost:digg:jar:0.17:test
+- io.undertow:undertow-core:jar:2.0.15.Final:compile (optional) 
|  +- org.jboss.logging:jboss-logging:jar:3.3.2.Final:compile
|  +- org.jboss.xnio:xnio-api:jar:3.3.8.Final:compile (optional) 
|  \- org.jboss.xnio:xnio-nio:jar:3.3.8.Final:runtime (optional) 
+- no.digipost:digipost-data-types:jar:0.13:compile
|  +- com.fasterxml.jackson.core:jackson-databind:jar:2.9.5:compile
|  +- com.fasterxml.jackson.datatype:jackson-datatype-jsr310:jar:2.9.5:compile
|  +- com.fasterxml.jackson.core:jackson-annotations:jar:2.9.0:compile
|  +- com.fasterxml.jackson.core:jackson-core:jar:2.9.5:compile
|  +- javax.validation:validation-api:jar:2.0.0.Final:compile
|  +- org.hibernate:hibernate-validator:jar:5.4.1.Final:runtime
|  |  \- com.fasterxml:classmate:jar:1.3.1:runtime
|  \- org.glassfish:javax.el:jar:3.0.0:runtime
+- javax.xml.bind:jaxb-api:jar:2.3.1:compile
|  \- javax.activation:javax.activation-api:jar:1.2.0:compile
\- org.glassfish.jaxb:jaxb-runtime:jar:2.3.1:runtime
   +- org.glassfish.jaxb:txw2:jar:2.3.1:runtime
   +- com.sun.istack:istack-commons-runtime:jar:3.0.7:runtime
   +- org.jvnet.staxex:stax-ex:jar:1.8:runtime
   \- com.sun.xml.fastinfoset:FastInfoset:jar:1.2.15:runtime

