WARNING: Your kernel does not support swap limit capabilities or the cgroup is not mounted. Memory limited without swap.
no.digipost:digipost-api-client-java:jar:4.4
+- org.slf4j:slf4j-api:jar:1.7.5:compile
+- ch.qos.logback:logback-classic:jar:1.0.13:compile
|  +- ch.qos.logback:logback-core:jar:1.0.13:compile
|  \- (org.slf4j:slf4j-api:jar:1.7.5:compile - omitted for duplicate)
+- com.sun.jersey.contribs:jersey-apache-client:jar:1.17.1:compile
|  \- com.sun.jersey:jersey-client:jar:1.17.1:compile
|     \- com.sun.jersey:jersey-core:jar:1.17.1:compile
+- org.apache.httpcomponents:httpclient:jar:4.3:compile
|  +- org.apache.httpcomponents:httpcore:jar:4.3:compile
|  +- commons-logging:commons-logging:jar:1.1.3:compile
|  \- commons-codec:commons-codec:jar:1.6:compile
+- commons-io:commons-io:jar:2.4:compile
+- commons-lang:commons-lang:jar:2.6:compile
+- javax.xml.bind:jaxb-api:jar:2.2.7:compile
+- com.sun.xml.bind:jaxb-impl:jar:2.2.7:compile
|  +- com.sun.xml.bind:jaxb-core:jar:2.2.7:compile
|  |  +- (javax.xml.bind:jaxb-api:jar:2.2.7:compile - omitted for duplicate)
|  |  \- com.sun.istack:istack-commons-runtime:jar:2.16:compile
|  \- com.sun.xml.fastinfoset:FastInfoset:jar:1.2.12:compile
|     \- javax.xml.bind:jsr173_api:jar:1.0:compile
+- org.bouncycastle:bcprov-jdk15on:jar:1.49:compile
+- org.bouncycastle:bcmail-jdk15on:jar:1.49:compile
|  +- (org.bouncycastle:bcprov-jdk15on:jar:1.49:compile - omitted for duplicate)
|  \- org.bouncycastle:bcpkix-jdk15on:jar:1.49:compile
|     \- (org.bouncycastle:bcprov-jdk15on:jar:1.49:compile - omitted for duplicate)
+- joda-time:joda-time:jar:2.3:compile
+- org.joda:joda-convert:jar:1.4:compile
+- junit:junit:jar:4.11:test
|  \- org.hamcrest:hamcrest-core:jar:1.3:test
\- org.mockito:mockito-all:jar:1.9.5:test

