WARNING: Your kernel does not support swap limit capabilities or the cgroup is not mounted. Memory limited without swap.
com.discordsrv:discordsrv:jar:1.18.2
+- net.dv8tion:JDA:jar:4.0.0_56:compile
|  +- com.google.code.findbugs:jsr305:jar:3.0.2:compile
|  +- org.jetbrains:annotations:jar:16.0.1:compile
|  +- org.slf4j:slf4j-api:jar:1.7.25:compile
|  +- (com.neovisionaries:nv-websocket-client:jar:2.5:compile - omitted for conflict with 2.9)
|  +- com.squareup.okhttp3:okhttp:jar:3.13.0:compile
|  |  \- com.squareup.okio:okio:jar:1.17.2:compile
|  +- org.apache.commons:commons-collections4:jar:4.1:compile
|  +- (net.sf.trove4j:trove4j:jar:3.0.3:runtime - omitted for duplicate)
|  \- com.fasterxml.jackson.core:jackson-databind:jar:2.9.8:runtime
|     +- com.fasterxml.jackson.core:jackson-annotations:jar:2.9.0:runtime
|     \- com.fasterxml.jackson.core:jackson-core:jar:2.9.8:runtime
+- com.neovisionaries:nv-websocket-client:jar:2.9:compile
+- org.bukkit:bukkit:jar:1.14-R0.1-SNAPSHOT:provided
|  +- commons-lang:commons-lang:jar:2.6:provided
|  +- (com.google.guava:guava:jar:21.0:provided - omitted for conflict with 27.1-jre)
|  +- (com.google.code.gson:gson:jar:2.8.0:provided - omitted for conflict with 2.8.5)
|  \- org.yaml:snakeyaml:jar:1.23:provided
+- com.google.code.gson:gson:jar:2.8.5:compile
+- org.apache.logging.log4j:log4j-core:jar:2.0-beta9:provided
|  \- org.apache.logging.log4j:log4j-api:jar:2.0-beta9:provided
+- org.slf4j:slf4j-jdk14:jar:1.7.25:compile
|  \- (org.slf4j:slf4j-api:jar:1.7.25:compile - omitted for duplicate)
+- com.mashape.unirest:unirest-java:jar:1.4.9:compile
|  +- org.apache.httpcomponents:httpclient:jar:4.5.2:compile
|  |  +- org.apache.httpcomponents:httpcore:jar:4.4.4:compile
|  |  +- commons-logging:commons-logging:jar:1.2:compile
|  |  \- commons-codec:commons-codec:jar:1.9:compile
|  +- org.apache.httpcomponents:httpasyncclient:jar:4.1.1:compile
|  |  +- (org.apache.httpcomponents:httpcore:jar:4.4.4:compile - omitted for duplicate)
|  |  +- org.apache.httpcomponents:httpcore-nio:jar:4.4.4:compile
|  |  |  \- (org.apache.httpcomponents:httpcore:jar:4.4.4:compile - omitted for duplicate)
|  |  +- (org.apache.httpcomponents:httpclient:jar:4.5.1:compile - omitted for conflict with 4.5.2)
|  |  \- (commons-logging:commons-logging:jar:1.2:compile - omitted for duplicate)
|  +- org.apache.httpcomponents:httpmime:jar:4.5.2:compile
|  |  \- (org.apache.httpcomponents:httpclient:jar:4.5.2:compile - omitted for duplicate)
|  \- org.json:json:jar:20160212:compile
+- com.github.kevinsawicki:http-request:jar:6.0:compile
+- commons-io:commons-io:jar:2.6:compile
+- commons-collections:commons-collections:jar:3.2.2:compile
+- org.apache.commons:commons-lang3:jar:3.5:compile
+- github.scarsz:configuralize:jar:1.3.1:compile
+- org.projectlombok:lombok:jar:1.18.8:provided
+- mysql:mysql-connector-java:jar:8.0.16:compile
|  \- com.google.protobuf:protobuf-java:jar:3.6.1:compile
+- net.sf.trove4j:trove4j:jar:3.0.3:compile
+- com.googlecode.json-simple:json-simple:jar:1.1.1:compile
|  \- junit:junit:jar:4.10:compile
|     \- org.hamcrest:hamcrest-core:jar:1.1:compile
+- com.vdurmont:emoji-java:jar:3.1.3:compile
|  \- (org.json:json:jar:20140107:compile - omitted for conflict with 20160212)
+- com.github.zafarkhaja:java-semver:jar:0.9.0:compile
+- org.minidns:minidns-hla:jar:0.3.4:compile
|  \- org.minidns:minidns-dnssec:jar:0.3.4:compile
|     +- org.minidns:minidns-client:jar:0.3.4:compile
|     |  \- org.minidns:minidns-core:jar:0.3.4:compile
|     \- org.minidns:minidns-iterative-resolver:jar:0.3.4:compile
|        \- (org.minidns:minidns-client:jar:0.3.4:compile - omitted for duplicate)
+- me.vankka:MCDiscordReserializer:jar:2.1.0:compile
+- me.vankka:SimpleAST:jar:2.0.3:compile
+- net.kyori:text-api:jar:3.0.0:compile
|  \- org.checkerframework:checker-qual:jar:2.5.8:compile
+- net.kyori:text-serializer-legacy:jar:3.0.0:compile
|  \- (net.kyori:text-api:jar:3.0.0:compile - omitted for duplicate)
+- net.kyori:text-adapter-bukkit:jar:3.0.2:compile
|  +- (net.kyori:text-api:jar:3.0.0:compile - omitted for duplicate)
|  +- net.kyori:text-serializer-gson:jar:3.0.0:compile
|  |  +- (net.kyori:text-api:jar:3.0.0:compile - omitted for duplicate)
|  |  \- (com.google.code.gson:gson:jar:2.8.0:compile - omitted for conflict with 2.8.5)
|  \- (net.kyori:text-serializer-legacy:jar:3.0.0:compile - omitted for duplicate)
+- com.google.guava:guava:jar:27.1-jre:compile
|  +- com.google.guava:failureaccess:jar:1.0.1:compile
|  +- com.google.guava:listenablefuture:jar:9999.0-empty-to-avoid-conflict-with-guava:compile
|  +- (com.google.code.findbugs:jsr305:jar:3.0.2:compile - omitted for duplicate)
|  +- (org.checkerframework:checker-qual:jar:2.5.2:compile - omitted for conflict with 2.5.8)
|  +- com.google.errorprone:error_prone_annotations:jar:2.2.0:compile
|  +- com.google.j2objc:j2objc-annotations:jar:1.1:compile
|  \- org.codehaus.mojo:animal-sniffer-annotations:jar:1.17:compile
+- com.dthielke.herochat:Herochat:jar:5.6.5:provided
+- br.com.devpaulo:legendchat:jar:1.1.5:provided
+- com.github.ucchyocean.lc:LunaChat:jar:2.8.8:provided
+- com.gmail.nossr50:mcmmo:jar:1.5.07:provided
+- com.onarandombox.MultiverseCore:Multiverse-Core:jar:2.4:provided
+- com.palmergames.bukkit:TownyChat:jar:0.45:provided
+- br.net.fabiozumbi12.UltimateChat:UltimateChat-Spigot:jar:1.8.9:provided
+- mineverse.aust1n46:venturechat:jar:2.14.0:provided
+- br.com.finalcraft:fancychat:jar:1.0.2:provided
+- net.milkbowl.vault:VaultAPI:jar:1.7:provided
\- me.clip:PlaceholderAPI:jar:2.7.1:provided

