WARNING: Your kernel does not support swap limit capabilities or the cgroup is not mounted. Memory limited without swap.
error: unable to write file ebean-core/src/test/java/org/tests/model/bridge/BSiteUserD.java
error: unable to write file ebean-core/src/test/java/org/tests/model/bridge/BSiteUserE.java
error: unable to write file ebean-core/src/test/java/org/tests/model/bridge/BUser.java
error: unable to write file ebean-core/src/test/java/org/tests/model/bridge/TestExplicitM2MBridgeTable.java
error: unable to write file ebean-core/src/test/java/org/tests/model/bridge/TestIdClassScalar.java
fatal: cannot create directory at 'ebean-core/src/test/java/org/tests/model/cache': No space left on device
warning: Clone succeeded, but checkout failed.
You can inspect what was checked out with 'git status'
and retry the checkout with 'git checkout -f HEAD'

/bin/sh: 1: cd: can't cd to None
fatal: not a git repository (or any of the parent directories): .git
fatal: not a git repository (or any of the parent directories): .git
/bin/sh: 1: cd: can't cd to None
Traceback (most recent call last):
  File "/home/jdbl/core/Project.py", line 30, in clone
    subprocess.check_call(cmd, shell=True)
  File "/usr/lib/python3.7/subprocess.py", line 347, in check_call
    raise CalledProcessError(retcode, cmd)
subprocess.CalledProcessError: Command 'cd /tmp/tmp6b2rix35;git clone -q --depth=1 https://github.com/ebean-orm/ebean.git;' returned non-zero exit status 128.
Unable to correctly install ebean-orm/ebean
