WARNING: Your kernel does not support swap limit capabilities or the cgroup is not mounted. Memory limited without swap.
org.avaje.ebeanorm:avaje-ebeanorm-querybean:jar:7.14.1
+- org.avaje.ebeanorm:avaje-ebeanorm:jar:7.13.1:provided
|  +- org.jetbrains:annotations:jar:13.0:provided
|  +- javax.persistence:persistence-api:jar:1.0:provided
|  +- org.avaje:avaje-datasource-api:jar:1.1:provided
|  |  \- (org.slf4j:slf4j-api:jar:1.7.12:provided - omitted for duplicate)
|  +- org.avaje:avaje-datasource:jar:1.1.3:provided
|  |  +- (org.avaje:avaje-datasource-api:jar:1.1:provided - omitted for duplicate)
|  |  \- (org.slf4j:slf4j-api:jar:1.7.12:provided - omitted for duplicate)
|  +- org.avaje:avaje-classpath-scanner-api:jar:2.1:provided
|  +- org.avaje:avaje-classpath-scanner:jar:2.1.1:provided
|  |  +- (org.avaje:avaje-classpath-scanner-api:jar:2.1:provided - omitted for duplicate)
|  |  \- (org.slf4j:slf4j-api:jar:1.7.12:provided - omitted for duplicate)
|  +- org.avaje:avaje-dbmigration:jar:1.1.1:provided
|  |  +- (org.slf4j:slf4j-api:jar:1.7.12:provided - omitted for duplicate)
|  |  +- (org.avaje:avaje-classpath-scanner-api:jar:2.1:provided - omitted for duplicate)
|  |  \- (org.avaje:avaje-classpath-scanner:jar:2.1.1:provided - omitted for duplicate)
|  +- org.slf4j:slf4j-api:jar:1.7.12:provided
|  \- com.fasterxml.jackson.core:jackson-core:jar:2.6.5:provided
+- joda-time:joda-time:jar:1.6:provided
+- javax.validation:validation-api:jar:1.0.0.GA:test
\- org.avaje.composite:avaje-composite-testing-ebean:pom:4.1:test
   +- org.avaje.composite:avaje-composite-testing:pom:1.1:test
   |  +- junit:junit:jar:4.12:test
   |  |  \- org.hamcrest:hamcrest-core:jar:1.3:test
   |  +- org.assertj:assertj-core:jar:3.1.0:test
   |  +- org.mockito:mockito-core:jar:1.10.19:test
   |  |  +- (org.hamcrest:hamcrest-core:jar:1.1:test - omitted for conflict with 1.3)
   |  |  \- org.objenesis:objenesis:jar:2.1:test
   |  \- ch.qos.logback:logback-classic:jar:1.3.0-alpha5:test
   |     +- ch.qos.logback:logback-core:jar:1.3.0-alpha5:test
   |     |  \- (edu.washington.cs.types.checker:checker-framework:jar:1.7.0:test - omitted for duplicate)
   |     +- (org.slf4j:slf4j-api:jar:1.7.12:test - omitted for duplicate)
   |     +- com.sun.mail:javax.mail:jar:1.6.2:test
   |     |  \- javax.activation:activation:jar:1.1:test
   |     \- edu.washington.cs.types.checker:checker-framework:jar:1.7.0:test
   +- org.avaje.ebeanorm:avaje-ebeanorm-agent:jar:4.11.1:test
   +- org.avaje.ebeanorm:avaje-ebeanorm-mocker:jar:1.3.1:test
   |  \- (org.mockito:mockito-core:jar:1.10.19:test - omitted for duplicate)
   +- org.avaje:avaje-agentloader:jar:2.1.2:test
   |  \- (org.slf4j:slf4j-api:jar:1.7.12:test - omitted for duplicate)
   \- com.h2database:h2:jar:1.4.187:test

