WARNING: Your kernel does not support swap limit capabilities or the cgroup is not mounted. Memory limited without swap.
org.avaje.ebeanorm:avaje-ebeanorm:jar:4.1.7
+- javax.persistence:persistence-api:jar:1.0:compile
+- org.slf4j:slf4j-api:jar:1.7.7:compile
+- javax.transaction:jta:jar:1.1:provided
+- javax.validation:validation-api:jar:1.0.0.GA:provided
+- javax.servlet:servlet-api:jar:2.4:provided
+- joda-time:joda-time:jar:1.6:provided
+- org.avaje:avaje-agentloader:jar:1.1.1:test
+- org.avaje.ebeanorm:avaje-ebeanorm-agent:jar:4.1.6:test
|  \- (javax.persistence:persistence-api:jar:1.0:test - omitted for duplicate)
+- com.h2database:h2:jar:1.3.153:test
+- org.xerial:sqlite-jdbc:jar:3.7.2:test
+- postgresql:postgresql:jar:8.4-701.jdbc4:test
+- org.hsqldb:hsqldb:jar:2.0.0:test
+- mysql:mysql-connector-java:jar:5.1.27:test
+- junit:junit:jar:4.11:test
|  \- org.hamcrest:hamcrest-core:jar:1.3:test
+- org.hamcrest:hamcrest-integration:jar:1.3:test
|  \- org.hamcrest:hamcrest-library:jar:1.3:test
|     \- (org.hamcrest:hamcrest-core:jar:1.3:test - omitted for duplicate)
+- org.mockito:mockito-core:jar:1.9.5:test
|  +- (org.hamcrest:hamcrest-core:jar:1.1:test - omitted for conflict with 1.3)
|  \- org.objenesis:objenesis:jar:1.0:test
+- ch.qos.logback:logback-classic:jar:1.0.9:test
|  +- ch.qos.logback:logback-core:jar:1.0.9:test
|  \- (org.slf4j:slf4j-api:jar:1.7.2:test - omitted for conflict with 1.7.7)
\- commons-io:commons-io:jar:2.4:test

