WARNING: Your kernel does not support swap limit capabilities or the cgroup is not mounted. Memory limited without swap.
org.avaje.ebeanorm:avaje-ebeanorm:jar:6.2.1
+- org.jetbrains:annotations:jar:13.0:compile
+- javax.persistence:persistence-api:jar:1.0:compile
+- org.slf4j:slf4j-api:jar:1.7.7:compile
+- com.fasterxml.jackson.core:jackson-databind:jar:2.5.3:provided
|  +- com.fasterxml.jackson.core:jackson-annotations:jar:2.5.0:provided
|  \- (com.fasterxml.jackson.core:jackson-core:jar:2.5.3:provided - omitted for duplicate)
+- com.fasterxml.jackson.core:jackson-core:jar:2.5.3:compile
+- javax.transaction:jta:jar:1.1:provided
+- javax.validation:validation-api:jar:1.0.0.GA:provided
+- javax.servlet:servlet-api:jar:2.4:provided
+- joda-time:joda-time:jar:1.6:provided
+- org.postgresql:postgresql:jar:9.4-1201-jdbc41:provided
+- com.squareup.okhttp:okhttp:jar:2.1.0:test
|  \- com.squareup.okio:okio:jar:1.0.1:test
+- org.avaje:avaje-agentloader:jar:1.1.1:test
+- org.avaje.ebeanorm:avaje-ebeanorm-agent:jar:4.5.1:test
|  \- (javax.persistence:persistence-api:jar:1.0:test - omitted for duplicate)
+- com.h2database:h2:jar:1.4.182:test
+- org.xerial:sqlite-jdbc:jar:3.7.2:test
+- org.hsqldb:hsqldb:jar:2.0.0:test
+- mysql:mysql-connector-java:jar:5.1.36:test
+- junit:junit:jar:4.11:test
|  \- org.hamcrest:hamcrest-core:jar:1.3:test
+- org.hamcrest:hamcrest-integration:jar:1.3:test
|  \- org.hamcrest:hamcrest-library:jar:1.3:test
|     \- (org.hamcrest:hamcrest-core:jar:1.3:test - omitted for duplicate)
+- org.mockito:mockito-core:jar:1.9.5:test
|  +- (org.hamcrest:hamcrest-core:jar:1.1:test - omitted for conflict with 1.3)
|  \- org.objenesis:objenesis:jar:1.0:test
+- ch.qos.logback:logback-classic:jar:1.0.9:test
|  +- ch.qos.logback:logback-core:jar:1.0.9:test
|  \- (org.slf4j:slf4j-api:jar:1.7.2:test - omitted for conflict with 1.7.7)
\- commons-io:commons-io:jar:2.4:test

