WARNING: Your kernel does not support swap limit capabilities or the cgroup is not mounted. Memory limited without swap.
org.avaje.ebeanorm:avaje-ebeanorm:jar:6.10.1
+- org.jetbrains:annotations:jar:13.0:compile
+- javax.persistence:persistence-api:jar:1.0:compile
+- org.slf4j:slf4j-api:jar:1.7.7:compile
+- org.springframework.boot:spring-boot-loader:jar:1.2.7.RELEASE:provided
+- com.fasterxml.jackson.core:jackson-databind:jar:2.5.3:provided
|  +- com.fasterxml.jackson.core:jackson-annotations:jar:2.5.0:provided
|  \- (com.fasterxml.jackson.core:jackson-core:jar:2.5.3:provided - omitted for duplicate)
+- com.fasterxml.jackson.core:jackson-core:jar:2.5.3:compile
+- javax.transaction:jta:jar:1.1:provided
+- javax.validation:validation-api:jar:1.0.0.GA:provided
+- javax.servlet:servlet-api:jar:2.4:provided
+- joda-time:joda-time:jar:1.6:provided
+- org.postgresql:postgresql:jar:9.4-1202-jdbc41:provided
+- com.squareup.okhttp:okhttp:jar:2.1.0:test
|  \- com.squareup.okio:okio:jar:1.0.1:test
+- org.avaje:avaje-agentloader:jar:1.1.1:test
+- org.avaje.ebeanorm:avaje-ebeanorm-agent:jar:4.7.1:test
|  \- (javax.persistence:persistence-api:jar:1.0:test - omitted for duplicate)
+- com.h2database:h2:jar:1.4.189:provided
+- org.xerial:sqlite-jdbc:jar:3.7.2:test
+- org.hsqldb:hsqldb:jar:2.0.0:test
+- mysql:mysql-connector-java:jar:5.1.36:test
+- org.avaje.composite:avaje-composite-testing:pom:1.1:test
|  +- junit:junit:jar:4.12:test
|  |  \- org.hamcrest:hamcrest-core:jar:1.3:test
|  +- org.assertj:assertj-core:jar:3.1.0:test
|  +- org.mockito:mockito-core:jar:1.10.19:test
|  |  +- (org.hamcrest:hamcrest-core:jar:1.1:test - omitted for conflict with 1.3)
|  |  \- org.objenesis:objenesis:jar:2.1:test
|  \- ch.qos.logback:logback-classic:jar:1.3.0-alpha5:test
|     +- ch.qos.logback:logback-core:jar:1.3.0-alpha5:test
|     |  \- (edu.washington.cs.types.checker:checker-framework:jar:1.7.0:test - omitted for duplicate)
|     +- (org.slf4j:slf4j-api:jar:2.0.0-alpha1:test - omitted for conflict with 1.7.7)
|     +- com.sun.mail:javax.mail:jar:1.6.2:test
|     |  \- javax.activation:activation:jar:1.1:test
|     \- edu.washington.cs.types.checker:checker-framework:jar:1.7.0:test
\- commons-io:commons-io:jar:2.4:test

