WARNING: Your kernel does not support swap limit capabilities or the cgroup is not mounted. Memory limited without swap.
io.ebean:ebean-querybean:jar:12.4.2
+- io.ebean:ebean:jar:12.4.2:provided
|  +- io.avaje:avaje-config:jar:1.0:provided
|  |  +- org.yaml:snakeyaml:jar:1.26:provided
|  |  \- org.slf4j:slf4j-api:jar:1.7.25:provided
|  +- io.ebean:persistence-api:jar:2.2.4:provided
|  +- io.ebean:ebean-annotation:jar:6.13:provided
|  +- io.ebean:ebean-types:jar:2.1:provided
|  +- io.ebean:ebean-datasource:jar:5.1:provided
|  +- io.ebean:ebean-migration:jar:12.1.4:provided
|  |  \- io.avaje:classpath-scanner:jar:4.2:provided
|  |     \- io.avaje:classpath-scanner-api:jar:4.1:provided
|  +- org.antlr:antlr4-runtime:jar:4.8-1:provided
|  \- com.fasterxml.jackson.core:jackson-core:jar:2.10.0:provided
+- io.ebean:querybean-generator:jar:12.4.2:provided
+- io.avaje:avaje-jsr305:jar:1.0:provided
+- joda-time:joda-time:jar:1.6:compile
+- javax.validation:validation-api:jar:1.0.0.GA:compile
+- org.avaje.composite:junit:jar:1.1:test
|  +- junit:junit:jar:4.12:test
|  |  \- org.hamcrest:hamcrest-core:jar:1.3:test
|  +- org.assertj:assertj-core:jar:3.10.0:test
|  +- com.h2database:h2:jar:1.4.197:test
|  \- org.mockito:mockito-core:jar:2.18.3:test
|     +- net.bytebuddy:byte-buddy:jar:1.8.5:test
|     +- net.bytebuddy:byte-buddy-agent:jar:1.8.5:test
|     \- org.objenesis:objenesis:jar:2.6:test
\- org.avaje.composite:logback:jar:1.1:test
   +- org.slf4j:jul-to-slf4j:jar:1.7.25:test
   |  \- (org.slf4j:slf4j-api:jar:1.7.25:test - omitted for duplicate)
   +- org.slf4j:jcl-over-slf4j:jar:1.7.25:test
   |  \- (org.slf4j:slf4j-api:jar:1.7.25:test - omitted for duplicate)
   +- org.slf4j:log4j-over-slf4j:jar:1.7.25:test
   |  \- (org.slf4j:slf4j-api:jar:1.7.25:test - omitted for duplicate)
   \- ch.qos.logback:logback-classic:jar:1.2.3:test
      +- ch.qos.logback:logback-core:jar:1.2.3:test
      \- (org.slf4j:slf4j-api:jar:1.7.25:test - omitted for duplicate)

