WARNING: Your kernel does not support swap limit capabilities or the cgroup is not mounted. Memory limited without swap.
io.ebean:ebean:jar:10.1.7
+- org.jetbrains:annotations:jar:13.0:compile
+- io.ebean:persistence-api:jar:2.2.1:compile
+- io.ebean:ebean-annotation:jar:2.2:compile
+- org.avaje:avaje-datasource-api:jar:1.1:compile
|  \- (org.slf4j:slf4j-api:jar:1.7.12:compile - omitted for duplicate)
+- org.avaje:avaje-datasource:jar:2.1.1:compile
|  \- (org.avaje:avaje-datasource-api:jar:1.1:compile - omitted for duplicate)
+- org.avaje:avaje-classpath-scanner-api:jar:2.2:compile
+- org.avaje:avaje-classpath-scanner:jar:2.2.2:compile
|  +- (org.avaje:avaje-classpath-scanner-api:jar:2.2:compile - omitted for duplicate)
|  \- (org.slf4j:slf4j-api:jar:1.7.12:compile - omitted for duplicate)
+- io.ebean:ebean-dbmigration:jar:10.1.4:compile
|  +- (org.avaje:avaje-classpath-scanner-api:jar:2.1:compile - omitted for conflict with 2.2)
|  +- (org.avaje:avaje-classpath-scanner:jar:2.2.2:compile - omitted for duplicate)
|  \- (com.h2database:h2:jar:1.4.193:compile - omitted for duplicate)
+- org.slf4j:slf4j-api:jar:1.7.12:compile
+- org.antlr:antlr4-runtime:jar:4.6:compile
+- com.fasterxml.jackson.core:jackson-core:jar:2.6.5:compile
+- com.fasterxml.jackson.core:jackson-databind:jar:2.6.5:provided
|  +- com.fasterxml.jackson.core:jackson-annotations:jar:2.6.0:provided
|  \- (com.fasterxml.jackson.core:jackson-core:jar:2.6.5:provided - omitted for duplicate)
+- javax.transaction:jta:jar:1.1:provided
+- javax.validation:validation-api:jar:1.1.0.Final:provided
+- javax.servlet:javax.servlet-api:jar:3.1.0:provided
+- joda-time:joda-time:jar:2.9.7:provided
+- org.postgresql:postgresql:jar:9.4.1212.jre7:provided
+- org.avaje:avaje-agentloader:jar:2.1.2:test
|  \- (org.slf4j:slf4j-api:jar:1.7.12:test - omitted for duplicate)
+- io.ebean:ebean-agent:jar:10.1.6:test
+- com.h2database:h2:jar:1.4.193:provided (scope not updated to compile)
+- org.xerial:sqlite-jdbc:jar:3.15.1:test
+- org.hsqldb:hsqldb:jar:2.3.4:test
+- mysql:mysql-connector-java:jar:6.0.5:test
+- org.avaje.composite:avaje-composite-testing:pom:1.1:test
|  +- junit:junit:jar:4.12:test
|  |  \- org.hamcrest:hamcrest-core:jar:1.3:test
|  +- org.assertj:assertj-core:jar:3.1.0:test
|  +- org.mockito:mockito-core:jar:1.10.19:test
|  |  +- (org.hamcrest:hamcrest-core:jar:1.1:test - omitted for conflict with 1.3)
|  |  \- org.objenesis:objenesis:jar:2.1:test
|  \- ch.qos.logback:logback-classic:jar:1.3.0-alpha5:test
|     +- ch.qos.logback:logback-core:jar:1.3.0-alpha5:test
|     |  \- (edu.washington.cs.types.checker:checker-framework:jar:1.7.0:test - omitted for duplicate)
|     +- (org.slf4j:slf4j-api:jar:1.7.12:test - omitted for duplicate)
|     +- com.sun.mail:javax.mail:jar:1.6.2:test
|     |  \- javax.activation:activation:jar:1.1:test
|     \- edu.washington.cs.types.checker:checker-framework:jar:1.7.0:test
+- commons-io:commons-io:jar:2.5:test
\- org.avaje.moduuid:avaje-moduuid:jar:2.1:test

