WARNING: Your kernel does not support swap limit capabilities or the cgroup is not mounted. Memory limited without swap.
io.ebean:ebean-querybean:jar:11.42.1
+- io.ebean:ebean:jar:11.41.1:provided
|  +- org.yaml:snakeyaml:jar:1.21:provided
|  +- io.ebean:persistence-api:jar:2.2.2:provided
|  +- io.ebean:ebean-annotation:jar:4.11:provided
|  +- io.ebean:ebean-types:jar:1.3:provided
|  +- io.ebean:ebean-datasource:jar:4.5.2:provided
|  |  \- io.ebean:ebean-datasource-api:jar:4.5:provided
|  +- org.avaje:avaje-classpath-scanner:jar:3.1.1:provided
|  |  \- org.avaje:avaje-classpath-scanner-api:jar:2.2:provided
|  +- io.ebean:ebean-migration:jar:11.16.2:provided
|  |  \- (org.avaje:avaje-classpath-scanner:jar:3.1.1:provided - omitted for duplicate)
|  +- org.antlr:antlr4-runtime:jar:4.7.2:provided
|  \- com.fasterxml.jackson.core:jackson-core:jar:2.9.8:provided
+- io.ebean:querybean-generator:jar:11.41.1:provided
+- io.ebean:ebean-jsr305:jar:1.1:provided
+- joda-time:joda-time:jar:1.6:provided
+- javax.validation:validation-api:jar:1.0.0.GA:test
+- org.avaje.composite:junit:jar:1.1:test
|  +- junit:junit:jar:4.12:test
|  |  \- org.hamcrest:hamcrest-core:jar:1.3:test
|  +- org.assertj:assertj-core:jar:3.10.0:test
|  +- com.h2database:h2:jar:1.4.197:test
|  \- org.mockito:mockito-core:jar:2.18.3:test
|     +- net.bytebuddy:byte-buddy:jar:1.8.5:test
|     +- net.bytebuddy:byte-buddy-agent:jar:1.8.5:test
|     \- org.objenesis:objenesis:jar:2.6:test
\- org.avaje.composite:logback:jar:1.1:test
   +- org.slf4j:jul-to-slf4j:jar:1.7.25:test
   |  \- org.slf4j:slf4j-api:jar:1.7.25:test
   +- org.slf4j:jcl-over-slf4j:jar:1.7.25:test
   |  \- (org.slf4j:slf4j-api:jar:1.7.25:test - omitted for duplicate)
   +- org.slf4j:log4j-over-slf4j:jar:1.7.25:test
   |  \- (org.slf4j:slf4j-api:jar:1.7.25:test - omitted for duplicate)
   \- ch.qos.logback:logback-classic:jar:1.2.3:test
      +- ch.qos.logback:logback-core:jar:1.2.3:test
      \- (org.slf4j:slf4j-api:jar:1.7.25:test - omitted for duplicate)

