WARNING: Your kernel does not support swap limit capabilities or the cgroup is not mounted. Memory limited without swap.
io.ebean:querybean-generator:jar:11.40.1
+- io.ebean:persistence-api:jar:2.2.2:compile
+- io.ebean:ebean-annotation:jar:4.10:compile
+- io.ebean:ebean-querybean:jar:11.40.1:compile
+- io.ebean:ebean:jar:11.40.1:provided
|  +- org.yaml:snakeyaml:jar:1.21:provided
|  +- (io.ebean:persistence-api:jar:2.2.2:provided - omitted for duplicate)
|  +- (io.ebean:ebean-annotation:jar:4.10:provided - omitted for duplicate)
|  +- io.ebean:ebean-types:jar:1.3:provided
|  +- io.ebean:ebean-datasource:jar:4.5.2:provided
|  |  \- io.ebean:ebean-datasource-api:jar:4.5:provided
|  +- org.avaje:avaje-classpath-scanner:jar:3.1.1:provided
|  |  \- org.avaje:avaje-classpath-scanner-api:jar:2.2:provided
|  +- io.ebean:ebean-migration:jar:11.16.2:provided
|  |  \- (org.avaje:avaje-classpath-scanner:jar:3.1.1:provided - omitted for duplicate)
|  +- org.antlr:antlr4-runtime:jar:4.7.2:provided
|  \- com.fasterxml.jackson.core:jackson-core:jar:2.9.8:provided
\- org.avaje.composite:composite-testing:jar:3.1:test
   +- org.testng:testng:jar:6.9.10:test
   |  +- com.beust:jcommander:jar:1.48:test
   |  \- org.beanshell:bsh:jar:2.0b4:test
   +- org.assertj:assertj-core:jar:3.3.0:test
   +- com.h2database:h2:jar:1.4.191:test
   +- org.mockito:mockito-core:jar:1.10.19:test
   |  +- org.hamcrest:hamcrest-core:jar:1.1:test
   |  \- org.objenesis:objenesis:jar:2.1:test
   \- ch.qos.logback:logback-classic:jar:1.3.0-alpha5:test
      +- ch.qos.logback:logback-core:jar:1.3.0-alpha5:test
      |  \- (edu.washington.cs.types.checker:checker-framework:jar:1.7.0:test - omitted for duplicate)
      +- org.slf4j:slf4j-api:jar:2.0.0-alpha1:test
      +- com.sun.mail:javax.mail:jar:1.6.2:test
      |  \- javax.activation:activation:jar:1.1:test
      \- edu.washington.cs.types.checker:checker-framework:jar:1.7.0:test

