WARNING: Your kernel does not support swap limit capabilities or the cgroup is not mounted. Memory limited without swap.
WARNING: An illegal reflective access operation has occurred
WARNING: Illegal reflective access by org.codehaus.groovy.reflection.CachedClass (file:/home/jdbl/.m2/repository/org/codehaus/groovy/groovy-all/2.4.14/groovy-all-2.4.14.jar) to method java.lang.Object.finalize()
WARNING: Please consider reporting this to the maintainers of org.codehaus.groovy.reflection.CachedClass
WARNING: Use --illegal-access=warn to enable warnings of further illegal reflective access operations
WARNING: All illegal access operations will be denied in a future release
WARNING: An illegal reflective access operation has occurred
WARNING: Illegal reflective access by org.codehaus.groovy.reflection.CachedClass (file:/home/jdbl/.m2/repository/org/codehaus/groovy/groovy-all/2.4.14/groovy-all-2.4.14.jar) to method java.lang.Object.finalize()
WARNING: Please consider reporting this to the maintainers of org.codehaus.groovy.reflection.CachedClass
WARNING: Use --illegal-access=warn to enable warnings of further illegal reflective access operations
WARNING: All illegal access operations will be denied in a future release
io.ebean:ebean-querybean:jar:12.1.3
+- io.ebean:ebean:jar:12.1.3:provided
|  +- org.yaml:snakeyaml:jar:1.21:provided
|  +- io.ebean:persistence-api:jar:2.2.2:provided
|  +- io.ebean:ebean-annotation:jar:6.1:provided
|  +- io.ebean:ebean-types:jar:1.3:provided
|  +- io.ebean:ebean-datasource:jar:4.6.1:provided
|  |  \- io.ebean:ebean-datasource-api:jar:4.6:provided
|  |     +- org.avaje.tile:java-compile:xml:1.1:provided
|  |     +- org.avaje.tile:dependency-tree:xml:1.1:provided
|  |     \- org.avaje.tile:pygments-doclet:xml:1.1:provided
|  +- io.ebean:ebean-migration:jar:12.1.1:provided
|  |  \- org.avaje:avaje-classpath-scanner:jar:3.3.1:provided
|  |     \- org.avaje:avaje-classpath-scanner-api:jar:3.3:provided
|  |        +- (org.avaje.tile:java-compile:xml:1.1:provided - omitted for duplicate)
|  |        +- (org.avaje.tile:dependency-tree:xml:1.1:provided - omitted for duplicate)
|  |        \- (org.avaje.tile:pygments-doclet:xml:1.1:provided - omitted for duplicate)
|  +- org.antlr:antlr4-runtime:jar:4.7.2:provided
|  \- com.fasterxml.jackson.core:jackson-core:jar:2.10.0:provided
+- io.ebean:querybean-generator:jar:12.1.3:provided
+- io.ebean:ebean-jsr305:jar:1.1:provided
+- joda-time:joda-time:jar:1.6:provided
+- javax.validation:validation-api:jar:1.0.0.GA:test
+- org.avaje.composite:junit:jar:1.1:test
|  +- junit:junit:jar:4.12:test
|  |  \- org.hamcrest:hamcrest-core:jar:1.3:test
|  +- org.assertj:assertj-core:jar:3.10.0:test
|  +- com.h2database:h2:jar:1.4.197:test
|  \- org.mockito:mockito-core:jar:2.18.3:test
|     +- net.bytebuddy:byte-buddy:jar:1.8.5:test
|     +- net.bytebuddy:byte-buddy-agent:jar:1.8.5:test
|     \- org.objenesis:objenesis:jar:2.6:test
\- org.avaje.composite:logback:jar:1.1:test
   +- org.slf4j:jul-to-slf4j:jar:1.7.25:test
   |  \- org.slf4j:slf4j-api:jar:1.7.25:test
   +- org.slf4j:jcl-over-slf4j:jar:1.7.25:test
   |  \- (org.slf4j:slf4j-api:jar:1.7.25:test - omitted for duplicate)
   +- org.slf4j:log4j-over-slf4j:jar:1.7.25:test
   |  \- (org.slf4j:slf4j-api:jar:1.7.25:test - omitted for duplicate)
   \- ch.qos.logback:logback-classic:jar:1.2.3:test
      +- ch.qos.logback:logback-core:jar:1.2.3:test
      \- (org.slf4j:slf4j-api:jar:1.7.25:test - omitted for duplicate)

