WARNING: Your kernel does not support swap limit capabilities or the cgroup is not mounted. Memory limited without swap.
org.avaje.ebean:querybean-generator:jar:8.1.2
+- org.avaje.ebean:ebean-querybean:jar:8.1.1:compile
+- org.avaje.ebean:ebean:jar:8.1.1:provided
|  +- org.jetbrains:annotations:jar:13.0:provided
|  +- (javax.persistence:persistence-api:jar:1.0:provided - omitted for duplicate)
|  +- org.avaje:avaje-datasource-api:jar:1.1:provided
|  |  \- (org.slf4j:slf4j-api:jar:1.7.12:provided - omitted for duplicate)
|  +- org.avaje:avaje-datasource:jar:1.1.3:provided
|  |  +- (org.avaje:avaje-datasource-api:jar:1.1:provided - omitted for duplicate)
|  |  \- (org.slf4j:slf4j-api:jar:1.7.12:provided - omitted for duplicate)
|  +- org.avaje:avaje-classpath-scanner-api:jar:2.2:provided
|  +- org.avaje:avaje-classpath-scanner:jar:2.2.1:provided
|  |  +- (org.avaje:avaje-classpath-scanner-api:jar:2.2:provided - omitted for duplicate)
|  |  \- (org.slf4j:slf4j-api:jar:1.7.12:provided - omitted for duplicate)
|  +- org.avaje:avaje-dbmigration:jar:1.2.1:provided
|  |  +- (org.slf4j:slf4j-api:jar:1.7.12:provided - omitted for duplicate)
|  |  +- (org.avaje:avaje-classpath-scanner-api:jar:2.1:provided - omitted for conflict with 2.2)
|  |  \- (org.avaje:avaje-classpath-scanner:jar:2.1.1:provided - omitted for conflict with 2.2.1)
|  +- org.slf4j:slf4j-api:jar:1.7.12:provided
|  +- org.antlr:antlr4-runtime:jar:4.5.3:provided
|  \- com.fasterxml.jackson.core:jackson-core:jar:2.6.5:provided
+- javax.persistence:persistence-api:jar:1.0:provided
\- org.avaje.composite:composite-testing:jar:3.1:test
   +- org.testng:testng:jar:6.9.10:test
   |  +- com.beust:jcommander:jar:1.48:test
   |  \- org.beanshell:bsh:jar:2.0b4:test
   +- org.assertj:assertj-core:jar:3.3.0:test
   +- com.h2database:h2:jar:1.4.191:test
   +- org.mockito:mockito-core:jar:1.10.19:test
   |  +- org.hamcrest:hamcrest-core:jar:1.1:test
   |  \- org.objenesis:objenesis:jar:2.1:test
   \- ch.qos.logback:logback-classic:jar:1.3.0-alpha5:test
      +- ch.qos.logback:logback-core:jar:1.3.0-alpha5:test
      |  \- (edu.washington.cs.types.checker:checker-framework:jar:1.7.0:test - omitted for duplicate)
      +- (org.slf4j:slf4j-api:jar:1.7.12:test - omitted for duplicate)
      +- com.sun.mail:javax.mail:jar:1.6.2:test
      |  \- javax.activation:activation:jar:1.1:test
      \- edu.washington.cs.types.checker:checker-framework:jar:1.7.0:test

