WARNING: Your kernel does not support swap limit capabilities or the cgroup is not mounted. Memory limited without swap.
me.eccentric_nz.TARDIS:TARDIS:jar:4.5.2
+- org.spigotmc:spigot-api:jar:1.16.3-R0.1-SNAPSHOT:compile
|  +- commons-lang:commons-lang:jar:2.6:compile
|  +- com.google.guava:guava:jar:21.0:compile
|  +- com.google.code.gson:gson:jar:2.8.0:compile
|  +- net.md-5:bungeecord-chat:jar:1.16-R0.3:compile
|  |  +- (com.google.code.gson:gson:jar:2.8.0:compile - omitted for duplicate)
|  |  \- (com.google.guava:guava:jar:21.0:compile - omitted for duplicate)
|  \- org.yaml:snakeyaml:jar:1.26:compile
+- io.papermc:paperlib:jar:1.0.5:compile
+- me.eccentric_nz.tardischunkgenerator:TARDISChunkGenerator:jar:4.5.2:compile
+- me.eccentric_nz.tardisweepingangels:TARDISWeepingAngels:jar:3.3.1:compile
+- com.sk89q:worldguard:jar:7.0.4:system
+- com.sk89q:worldedit:jar:7.2.0:system
+- com.palmergames.bukkit:Towny:jar:0.96.1.0:system
+- com.wimbli.WorldBorder:WorldBorder:jar:1.9.10:system
+- com.onarandombox.multiversecore:Multiverse-Core:jar:4.1.1-SNAPSHOT:system
+- com.onarandombox.multiverseinventories:Multiverse-Inventories:jar:4.0.0-SNAPSHOT:system
+- com.onarandombox.multiverseadventure:Multiverse-Adventure:jar:2.5:system
+- uk.co.tggl.pluckerpluck:MultiInv:jar:3.3.10:system
+- me.ebonjaeger:perworldinventory-kt:jar:2.3.2:system
+- multiworld:MultiWorld:jar:5.2.8:system
+- com.massivecraft:factions:jar:1.6.9.5:system
+- org.yi.acru.bukkit:lockette:jar:1.8.36:system
+- me.crafter.mc:lockettepro:jar:2.9.5:system
+- me.ryanhamshire:GriefPrevention:jar:16.14.0:system
+- nl.rutgerkok:blocklocker:jar:1.8.1:system
+- com.griefcraft.lwc:LWCX:jar:2.2.6:system
+- com.comphenix.protocol:ProtocolLib:jar:4.6.0:system
+- LibsDisguises:LibsDisguises:jar:10.0.16:system
+- net.ess3:EssentialsX:jar:2.18.1.11:system
+- me.clip:placeholderapi:jar:2.10.9:provided
|  \- org.jetbrains:annotations:jar:19.0.0:provided
+- br.net.fabiozumbi12.RedProtect:RedProtect:jar:7.7.2:system
+- org.rauschig:jarchivelib:jar:0.7.1:compile
|  \- (org.apache.commons:commons-compress:jar:1.9:compile - omitted for conflict with 1.20)
+- org.apache.commons:commons-compress:jar:1.20:compile
\- org.swinglabs:swing-layout:jar:1.0.3:compile

