WARNING: Your kernel does not support swap limit capabilities or the cgroup is not mounted. Memory limited without swap.
com.elasticsearch:support-diagnostics:jar:7.2.0
+- org.apache.httpcomponents:httpclient:jar:4.5.10:compile
|  +- org.apache.httpcomponents:httpcore:jar:4.4.12:compile
|  \- commons-codec:commons-codec:jar:1.11:compile
+- com.fasterxml.jackson.core:jackson-databind:jar:2.10.1:compile
|  +- com.fasterxml.jackson.core:jackson-annotations:jar:2.10.1:compile
|  \- com.fasterxml.jackson.core:jackson-core:jar:2.10.1:compile
+- org.apache.logging.log4j:log4j-api:jar:2.12.1:compile
+- org.apache.logging.log4j:log4j-core:jar:2.12.1:compile
+- org.apache.logging.log4j:log4j-slf4j-impl:jar:2.12.1:compile
|  \- org.slf4j:slf4j-api:jar:1.7.25:compile
+- org.apache.logging.log4j:log4j-jcl:jar:2.12.1:compile
|  \- commons-logging:commons-logging:jar:1.2:compile
+- com.beust:jcommander:jar:1.78:compile
+- org.yaml:snakeyaml:jar:1.24:compile
+- commons-io:commons-io:jar:2.6:compile
+- org.apache.commons:commons-compress:jar:1.19:compile
+- org.apache.commons:commons-lang3:jar:3.9:compile
+- commons-beanutils:commons-beanutils:jar:1.9.4:compile
|  \- commons-collections:commons-collections:jar:3.2.2:compile
+- com.github.oshi:oshi-json:jar:3.13.4:compile
|  +- com.github.oshi:oshi-core:jar:3.13.4:compile
|  |  +- net.java.dev.jna:jna:jar:5.3.1:compile
|  |  \- net.java.dev.jna:jna-platform:jar:5.3.1:compile
|  \- org.glassfish:javax.json:jar:1.0.4:compile
+- com.jcraft:jsch:jar:0.1.55:compile
+- com.vdurmont:semver4j:jar:3.1.0:compile
+- org.junit.platform:junit-platform-launcher:jar:1.5.2:test
|  +- org.apiguardian:apiguardian-api:jar:1.1.0:test
|  \- org.junit.platform:junit-platform-engine:jar:1.5.2:test
|     +- org.opentest4j:opentest4j:jar:1.2.0:test
|     \- org.junit.platform:junit-platform-commons:jar:1.5.2:test
+- org.junit.jupiter:junit-jupiter-engine:jar:5.5.2:test
|  \- org.junit.jupiter:junit-jupiter-api:jar:5.5.2:test
+- org.junit.vintage:junit-vintage-engine:jar:5.5.2:test
|  \- junit:junit:jar:4.12:test
|     \- org.hamcrest:hamcrest-core:jar:1.3:test
+- org.junit.platform:junit-platform-surefire-provider:jar:1.3.2:test
|  +- org.apache.maven.surefire:surefire-api:jar:2.22.0:test
|  |  \- org.apache.maven.surefire:surefire-logger-api:jar:2.22.0:test
|  \- org.apache.maven.surefire:common-java5:jar:2.22.0:test
+- org.mock-server:mockserver-netty:jar:5.5.1:test
|  +- org.mock-server:mockserver-client-java:jar:5.5.1:test
|  +- org.mock-server:mockserver-core:jar:5.5.1:test
|  |  +- javax.servlet:javax.servlet-api:jar:3.1.0:test
|  |  +- io.netty:netty-codec-socks:jar:4.1.32.Final:test
|  |  +- io.netty:netty-handler-proxy:jar:4.1.32.Final:test
|  |  +- com.jcraft:jzlib:jar:1.1.3:test
|  |  +- org.bouncycastle:bcprov-jdk15on:jar:1.60:test
|  |  +- org.bouncycastle:bcpkix-jdk15on:jar:1.60:test
|  |  +- org.apache.velocity:velocity-engine-scripting:jar:2.0:test
|  |  +- org.apache.velocity:velocity-engine-core:jar:2.0:test
|  |  +- org.skyscreamer:jsonassert:jar:1.5.0:test
|  |  |  \- com.vaadin.external.google:android-json:jar:0.0.20131108.vaadin1:test
|  |  +- com.github.java-json-tools:json-schema-validator:jar:2.2.10:test
|  |  |  +- com.github.java-json-tools:json-schema-core:jar:1.2.10:test
|  |  |  |  +- com.github.java-json-tools:jackson-coreutils:jar:1.9:test
|  |  |  |  |  \- com.github.fge:msg-simple:jar:1.1:test
|  |  |  |  |     \- com.github.fge:btf:jar:1.2:test
|  |  |  |  +- com.github.fge:uri-template:jar:0.9:test
|  |  |  |  \- org.mozilla:rhino:jar:1.7.7.1:test
|  |  |  +- javax.mail:mailapi:jar:1.4.3:test
|  |  |  |  \- javax.activation:activation:jar:1.1:test
|  |  |  +- joda-time:joda-time:jar:2.9.7:test
|  |  |  +- com.googlecode.libphonenumber:libphonenumber:jar:8.0.0:test
|  |  |  +- com.google.code.findbugs:jsr305:jar:3.0.1:test
|  |  |  \- net.sf.jopt-simple:jopt-simple:jar:5.0.3:test
|  |  +- com.jayway.jsonpath:json-path:jar:2.4.0:test
|  |  |  \- net.minidev:json-smart:jar:2.3:test
|  |  |     \- net.minidev:accessors-smart:jar:1.2:test
|  |  |        \- org.ow2.asm:asm:jar:5.0.4:test
|  |  +- org.xmlunit:xmlunit-core:jar:2.6.2:test
|  |  +- org.apache.commons:commons-text:jar:1.3:test
|  |  \- org.apache.commons:commons-collections4:jar:4.2:test
|  +- io.netty:netty-buffer:jar:4.1.32.Final:test
|  +- io.netty:netty-codec:jar:4.1.32.Final:test
|  +- io.netty:netty-codec-http:jar:4.1.32.Final:test
|  +- io.netty:netty-common:jar:4.1.32.Final:test
|  +- io.netty:netty-handler:jar:4.1.32.Final:test
|  +- io.netty:netty-transport:jar:4.1.32.Final:test
|  |  \- io.netty:netty-resolver:jar:4.1.32.Final:test
|  \- com.google.guava:guava:jar:20.0:test
+- javax.xml.bind:jaxb-api:jar:2.4.0-b180830.0359:compile
|  \- javax.activation:javax.activation-api:jar:1.2.0:compile
+- com.sun.xml.bind:jaxb-core:jar:2.3.0.1:compile
\- com.sun.xml.bind:jaxb-impl:jar:2.3.2:compile

