WARNING: Your kernel does not support swap limit capabilities or the cgroup is not mounted. Memory limited without swap.
com.elasticsearch:support-diagnostics:jar:6.4.4
+- org.springframework:spring-core:jar:4.1.6.RELEASE:compile
+- org.apache.httpcomponents:httpclient:jar:4.5.5:compile
|  +- org.apache.httpcomponents:httpcore:jar:4.4.9:compile
|  \- commons-codec:commons-codec:jar:1.10:compile
+- com.fasterxml.jackson.core:jackson-databind:jar:2.9.6:compile
|  +- com.fasterxml.jackson.core:jackson-annotations:jar:2.9.0:compile
|  \- com.fasterxml.jackson.core:jackson-core:jar:2.9.6:compile
+- junit:junit:jar:4.11:provided
|  \- org.hamcrest:hamcrest-core:jar:1.3:provided
+- org.apache.logging.log4j:log4j-api:jar:2.11.0:compile
+- org.apache.logging.log4j:log4j-core:jar:2.11.0:compile
+- org.apache.logging.log4j:log4j-slf4j-impl:jar:2.11.0:compile
|  \- org.slf4j:slf4j-api:jar:1.8.0-alpha2:compile
+- org.apache.logging.log4j:log4j-jcl:jar:2.11.0:compile
|  \- commons-logging:commons-logging:jar:1.2:compile
+- com.beust:jcommander:jar:1.48:compile
+- org.yaml:snakeyaml:jar:1.19:compile
+- commons-io:commons-io:jar:2.6:compile
+- org.apache.commons:commons-compress:jar:1.16:compile
|  \- org.objenesis:objenesis:jar:2.6:compile
+- org.apache.commons:commons-lang3:jar:3.7:compile
+- commons-beanutils:commons-beanutils:jar:1.9.3:compile
|  \- commons-collections:commons-collections:jar:3.2.2:compile
+- com.github.oshi:oshi-json:jar:3.5.0:compile
|  +- com.github.oshi:oshi-core:jar:3.5.0:compile
|  |  +- net.java.dev.jna:jna-platform:jar:4.5.1:compile
|  |  |  \- net.java.dev.jna:jna:jar:4.5.1:compile
|  |  \- org.threeten:threetenbp:jar:1.3.6:compile
|  \- org.glassfish:javax.json:jar:1.0.4:compile
+- javax.xml.bind:jaxb-api:jar:2.2.11:compile
+- com.sun.xml.bind:jaxb-core:jar:2.2.11:compile
\- com.sun.xml.bind:jaxb-impl:jar:2.2.11:compile

