WARNING: Your kernel does not support swap limit capabilities or the cgroup is not mounted. Memory limited without swap.
com.elasticsearch:support-diagnostics:jar:6.3
+- org.springframework:spring-core:jar:4.1.6.RELEASE:compile
+- org.apache.httpcomponents:httpclient:jar:4.5.2:compile
|  +- org.apache.httpcomponents:httpcore:jar:4.4.4:compile
|  \- commons-codec:commons-codec:jar:1.9:compile
+- com.fasterxml.jackson.core:jackson-databind:jar:2.5.3:compile
|  +- com.fasterxml.jackson.core:jackson-annotations:jar:2.5.0:compile
|  \- com.fasterxml.jackson.core:jackson-core:jar:2.5.3:compile
+- junit:junit:jar:4.11:test
|  \- org.hamcrest:hamcrest-core:jar:1.3:test
+- org.apache.logging.log4j:log4j-api:jar:2.10.0:compile
+- org.apache.logging.log4j:log4j-core:jar:2.10.0:compile
|  \- (org.apache.logging.log4j:log4j-api:jar:2.10.0:compile - omitted for duplicate)
+- org.apache.logging.log4j:log4j-slf4j-impl:jar:2.10.0:compile
|  +- org.slf4j:slf4j-api:jar:1.8.0-alpha2:compile
|  +- (org.apache.logging.log4j:log4j-api:jar:2.10.0:compile - omitted for duplicate)
|  \- (org.apache.logging.log4j:log4j-core:jar:2.10.0:runtime - omitted for duplicate)
+- org.apache.logging.log4j:log4j-jcl:jar:2.10.0:compile
|  +- commons-logging:commons-logging:jar:1.2:compile
|  \- (org.apache.logging.log4j:log4j-api:jar:2.10.0:compile - omitted for duplicate)
+- com.beust:jcommander:jar:1.48:compile
+- org.yaml:snakeyaml:jar:1.15:compile
+- commons-io:commons-io:jar:2.4:compile
\- org.apache.commons:commons-compress:jar:1.12:compile

