WARNING: Your kernel does not support swap limit capabilities or the cgroup is not mounted. Memory limited without swap.
com.elasticsearch:support-diagnostics:jar:6.5.0
+- org.springframework:spring-core:jar:5.1.3.RELEASE:compile
|  \- org.springframework:spring-jcl:jar:5.1.3.RELEASE:compile
+- org.apache.httpcomponents:httpclient:jar:4.5.6:compile
|  +- org.apache.httpcomponents:httpcore:jar:4.4.10:compile
|  \- commons-codec:commons-codec:jar:1.10:compile
+- com.fasterxml.jackson.core:jackson-databind:jar:2.9.7:compile
|  +- com.fasterxml.jackson.core:jackson-annotations:jar:2.9.0:compile
|  \- com.fasterxml.jackson.core:jackson-core:jar:2.9.7:compile
+- org.apache.logging.log4j:log4j-api:jar:2.11.1:compile
+- org.apache.logging.log4j:log4j-core:jar:2.11.1:compile
+- org.apache.logging.log4j:log4j-slf4j-impl:jar:2.11.1:compile
|  \- org.slf4j:slf4j-api:jar:1.7.25:compile
+- org.apache.logging.log4j:log4j-jcl:jar:2.11.1:compile
|  \- commons-logging:commons-logging:jar:1.2:compile
+- com.beust:jcommander:jar:1.72:compile
+- org.yaml:snakeyaml:jar:1.23:compile
+- commons-io:commons-io:jar:2.6:compile
+- org.apache.commons:commons-compress:jar:1.18:compile
+- org.apache.commons:commons-lang3:jar:3.8.1:compile
+- commons-beanutils:commons-beanutils:jar:1.9.3:compile
|  \- commons-collections:commons-collections:jar:3.2.2:compile
+- com.github.oshi:oshi-json:jar:3.11.0:compile
|  +- com.github.oshi:oshi-core:jar:3.11.0:compile
|  |  +- net.java.dev.jna:jna:jar:5.1.0:compile
|  |  \- net.java.dev.jna:jna-platform:jar:5.1.0:compile
|  \- org.glassfish:javax.json:jar:1.0.4:compile
+- org.junit.platform:junit-platform-launcher:jar:1.3.1:test
|  +- org.apiguardian:apiguardian-api:jar:1.0.0:test
|  \- org.junit.platform:junit-platform-engine:jar:1.3.1:test
|     +- org.junit.platform:junit-platform-commons:jar:1.3.1:test
|     \- org.opentest4j:opentest4j:jar:1.1.1:test
+- org.junit.jupiter:junit-jupiter-engine:jar:5.3.1:test
|  \- org.junit.jupiter:junit-jupiter-api:jar:5.3.1:test
+- org.junit.vintage:junit-vintage-engine:jar:5.3.1:test
|  \- junit:junit:jar:4.12:test
|     \- org.hamcrest:hamcrest-core:jar:1.3:test
+- javax.xml.bind:jaxb-api:jar:2.3.1:compile
|  \- javax.activation:javax.activation-api:jar:1.2.0:compile
+- com.sun.xml.bind:jaxb-core:jar:2.3.0.1:compile
\- com.sun.xml.bind:jaxb-impl:jar:2.3.1:compile

