WARNING: Your kernel does not support swap limit capabilities or the cgroup is not mounted. Memory limited without swap.
com.elasticsearch:support-diagnostics:jar:2.1.3
+- org.springframework:spring-core:jar:4.1.6.RELEASE:compile
+- org.apache.httpcomponents:httpclient:jar:4.5.2:compile
|  +- org.apache.httpcomponents:httpcore:jar:4.4.4:compile
|  \- commons-codec:commons-codec:jar:1.9:compile
+- com.fasterxml.jackson.core:jackson-databind:jar:2.5.3:compile
|  +- com.fasterxml.jackson.core:jackson-annotations:jar:2.5.0:compile
|  \- com.fasterxml.jackson.core:jackson-core:jar:2.5.3:compile
+- junit:junit:jar:4.11:test
|  \- org.hamcrest:hamcrest-core:jar:1.3:test
+- org.slf4j:jcl-over-slf4j:jar:1.7.7:compile
|  \- org.slf4j:slf4j-api:jar:1.7.7:compile
+- com.beust:jcommander:jar:1.35:compile
+- ch.qos.logback:logback-classic:jar:1.1.3:compile
|  +- ch.qos.logback:logback-core:jar:1.1.3:compile
|  \- (org.slf4j:slf4j-api:jar:1.7.7:compile - omitted for duplicate)
+- org.yaml:snakeyaml:jar:1.15:compile
+- commons-io:commons-io:jar:2.4:compile
\- org.apache.commons:commons-compress:jar:1.12:compile

