WARNING: Your kernel does not support swap limit capabilities or the cgroup is not mounted. Memory limited without swap.
com.erudika:scoold:jar:1.40.2
+- com.erudika:para-client:jar:1.37.1:compile
|  +- com.erudika:para-core:jar:1.37.1:compile
|  |  +- software.amazon.awssdk:auth:jar:2.13.8:compile
|  |  |  +- software.amazon.awssdk:annotations:jar:2.13.8:compile
|  |  |  +- software.amazon.awssdk:utils:jar:2.13.8:compile
|  |  |  |  \- org.reactivestreams:reactive-streams:jar:1.0.3:compile
|  |  |  +- software.amazon.awssdk:sdk-core:jar:2.13.8:compile
|  |  |  +- software.amazon.awssdk:regions:jar:2.13.8:compile
|  |  |  +- software.amazon.awssdk:profiles:jar:2.13.8:compile
|  |  |  +- software.amazon.awssdk:http-client-spi:jar:2.13.8:compile
|  |  |  \- software.amazon.eventstream:eventstream:jar:1.0.1:compile
|  |  +- org.springframework:spring-core:jar:5.2.7.RELEASE:compile
|  |  |  \- org.springframework:spring-jcl:jar:5.2.7.RELEASE:compile
|  |  +- org.springframework:spring-context:jar:5.2.7.RELEASE:compile
|  |  +- org.springframework:spring-beans:jar:5.2.7.RELEASE:compile
|  |  +- javax.inject:javax.inject:jar:1:compile
|  |  +- com.fasterxml.jackson.core:jackson-core:jar:2.11.0:compile
|  |  +- com.fasterxml.jackson.core:jackson-annotations:jar:2.11.0:compile
|  |  +- com.fasterxml.jackson.jaxrs:jackson-jaxrs-base:jar:2.11.0:compile
|  |  +- com.fasterxml.jackson.jaxrs:jackson-jaxrs-json-provider:jar:2.11.0:compile
|  |  |  \- com.fasterxml.jackson.module:jackson-module-jaxb-annotations:jar:2.11.0:compile
|  |  |     +- jakarta.xml.bind:jakarta.xml.bind-api:jar:2.3.3:compile
|  |  |     \- jakarta.activation:jakarta.activation-api:jar:1.2.2:compile
|  |  +- com.fasterxml.jackson.core:jackson-databind:jar:2.11.0:compile
|  |  +- com.fasterxml.jackson.dataformat:jackson-dataformat-cbor:jar:2.11.0:compile
|  |  +- com.fasterxml.jackson.dataformat:jackson-dataformat-smile:jar:2.11.0:compile
|  |  +- com.fasterxml.jackson.dataformat:jackson-dataformat-yaml:jar:2.11.0:compile
|  |  +- com.fasterxml.jackson.module:jackson-module-parameter-names:jar:2.11.0:compile
|  |  +- com.fasterxml.jackson.datatype:jackson-datatype-jdk8:jar:2.11.0:compile
|  |  +- com.fasterxml.jackson.datatype:jackson-datatype-jsr310:jar:2.11.0:compile
|  |  +- org.slf4j:jcl-over-slf4j:jar:1.7.30:compile
|  |  +- org.slf4j:log4j-over-slf4j:jar:1.7.30:compile
|  |  +- ch.qos.logback:logback-core:jar:1.2.3:compile
|  |  +- ch.qos.logback:logback-access:jar:1.2.3:compile
|  |  +- io.dropwizard.metrics:metrics-core:jar:4.1.9:compile
|  |  +- commons-beanutils:commons-beanutils:jar:1.9.4:compile
|  |  |  \- commons-collections:commons-collections:jar:3.2.2:compile
|  |  +- com.typesafe:config:jar:1.4.0:compile
|  |  +- org.hibernate.validator:hibernate-validator:jar:6.1.5.Final:compile
|  |  |  +- jakarta.validation:jakarta.validation-api:jar:2.0.2:compile
|  |  |  +- org.jboss.logging:jboss-logging:jar:3.4.1.Final:compile
|  |  |  \- com.fasterxml:classmate:jar:1.5.1:compile
|  |  +- org.apache.commons:commons-text:jar:1.8:compile
|  |  +- commons-io:commons-io:jar:2.6:compile
|  |  +- org.jsoup:jsoup:jar:1.12.1:compile
|  |  +- com.vladsch.flexmark:flexmark:jar:0.60.2:compile
|  |  |  +- com.vladsch.flexmark:flexmark-util-ast:jar:0.60.2:compile
|  |  |  |  \- org.jetbrains:annotations:jar:15.0:compile
|  |  |  +- com.vladsch.flexmark:flexmark-util-builder:jar:0.60.2:compile
|  |  |  +- com.vladsch.flexmark:flexmark-util-collection:jar:0.60.2:compile
|  |  |  +- com.vladsch.flexmark:flexmark-util-data:jar:0.60.2:compile
|  |  |  +- com.vladsch.flexmark:flexmark-util-dependency:jar:0.60.2:compile
|  |  |  +- com.vladsch.flexmark:flexmark-util-format:jar:0.60.2:compile
|  |  |  +- com.vladsch.flexmark:flexmark-util-html:jar:0.60.2:compile
|  |  |  +- com.vladsch.flexmark:flexmark-util-misc:jar:0.60.2:compile
|  |  |  +- com.vladsch.flexmark:flexmark-util-sequence:jar:0.60.2:compile
|  |  |  \- com.vladsch.flexmark:flexmark-util-visitor:jar:0.60.2:compile
|  |  +- com.vladsch.flexmark:flexmark-ext-emoji:jar:0.60.2:compile
|  |  |  \- com.vladsch.flexmark:flexmark-util:jar:0.60.2:compile
|  |  |     \- com.vladsch.flexmark:flexmark-util-options:jar:0.60.2:compile
|  |  +- com.vladsch.flexmark:flexmark-ext-gfm-strikethrough:jar:0.60.2:compile
|  |  +- com.vladsch.flexmark:flexmark-ext-gfm-tasklist:jar:0.60.2:compile
|  |  +- com.vladsch.flexmark:flexmark-ext-tables:jar:0.60.2:compile
|  |  +- de.svenkubiak:jBCrypt:jar:0.4.1:compile
|  |  +- com.samskivert:jmustache:jar:1.15:compile
|  |  +- javax.validation:validation-api:jar:2.0.1.Final:compile
|  |  +- javax.el:javax.el-api:jar:3.0.1-b06:compile
|  |  +- javax.xml.bind:jaxb-api:jar:2.3.1:compile
|  |  |  \- javax.activation:javax.activation-api:jar:1.2.0:compile
|  |  +- org.glassfish.web:javax.el:jar:2.2.6:compile
|  |  \- org.codehaus.woodstox:stax2-api:jar:4.2:compile
|  +- org.glassfish.jersey.core:jersey-client:jar:2.30.1:compile
|  |  +- jakarta.ws.rs:jakarta.ws.rs-api:jar:2.1.6:compile
|  |  \- org.glassfish.hk2.external:jakarta.inject:jar:2.6.1:compile
|  +- org.glassfish.jersey.core:jersey-common:jar:2.30.1:compile
|  |  +- jakarta.annotation:jakarta.annotation-api:jar:1.3.5:compile
|  |  +- org.glassfish.hk2:osgi-resource-locator:jar:1.0.3:compile
|  |  \- com.sun.activation:jakarta.activation:jar:1.2.2:compile
|  +- org.glassfish.jersey.inject:jersey-hk2:jar:2.30.1:compile
|  |  +- org.glassfish.hk2:hk2-locator:jar:2.6.1:compile
|  |  |  +- org.glassfish.hk2.external:aopalliance-repackaged:jar:2.6.1:compile
|  |  |  +- org.glassfish.hk2:hk2-api:jar:2.6.1:compile
|  |  |  \- org.glassfish.hk2:hk2-utils:jar:2.6.1:compile
|  |  \- org.javassist:javassist:jar:3.25.0-GA:compile
|  \- org.glassfish.jersey.connectors:jersey-grizzly-connector:jar:2.30.1:compile
|     +- org.glassfish.grizzly:grizzly-http-client:jar:1.16:compile
|     +- org.glassfish.grizzly:grizzly-websockets:jar:2.4.4:compile
|     |  +- org.glassfish.grizzly:grizzly-framework:jar:2.4.4:compile
|     |  \- org.glassfish.grizzly:grizzly-http:jar:2.4.4:compile
|     \- org.glassfish.grizzly:connection-pool:jar:2.4.4:compile
+- org.apache.velocity:velocity-engine-core:jar:2.2:compile
|  +- org.apache.commons:commons-lang3:jar:3.10:compile
|  \- org.slf4j:slf4j-api:jar:1.7.30:compile
+- org.springframework.boot:spring-boot-starter-web:jar:2.3.1.RELEASE:compile
|  +- org.springframework.boot:spring-boot-starter:jar:2.3.1.RELEASE:compile
|  |  +- org.springframework.boot:spring-boot:jar:2.3.1.RELEASE:compile
|  |  +- org.springframework.boot:spring-boot-autoconfigure:jar:2.3.1.RELEASE:compile
|  |  \- org.yaml:snakeyaml:jar:1.26:compile
|  +- org.springframework.boot:spring-boot-starter-json:jar:2.3.1.RELEASE:compile
|  +- org.springframework:spring-web:jar:5.2.7.RELEASE:compile
|  \- org.springframework:spring-webmvc:jar:5.2.7.RELEASE:compile
|     +- org.springframework:spring-aop:jar:5.2.7.RELEASE:compile
|     \- org.springframework:spring-expression:jar:5.2.7.RELEASE:compile
+- org.springframework.boot:spring-boot-starter-logging:jar:2.3.1.RELEASE:compile
|  +- ch.qos.logback:logback-classic:jar:1.2.3:compile
|  +- org.apache.logging.log4j:log4j-to-slf4j:jar:2.13.3:compile
|  |  \- org.apache.logging.log4j:log4j-api:jar:2.13.3:compile
|  \- org.slf4j:jul-to-slf4j:jar:1.7.30:compile
+- org.springframework.boot:spring-boot-starter-mail:jar:2.3.1.RELEASE:compile
|  +- org.springframework:spring-context-support:jar:5.2.7.RELEASE:compile
|  \- com.sun.mail:jakarta.mail:jar:1.6.5:compile
+- rome:rome:jar:1.0:compile
|  \- jdom:jdom:jar:1.0:compile
+- org.apache.httpcomponents:httpclient:jar:4.5.12:compile
|  +- org.apache.httpcomponents:httpcore:jar:4.4.13:compile
|  \- commons-codec:commons-codec:jar:1.14:compile
+- com.nimbusds:nimbus-jose-jwt:jar:8.10:compile
|  +- com.github.stephenc.jcip:jcip-annotations:jar:1.0-1:compile
|  \- net.minidev:json-smart:jar:2.3:compile (version selected from constraint [1.3.1,2.3])
|     \- net.minidev:accessors-smart:jar:1.2:compile
|        \- org.ow2.asm:asm:jar:5.0.4:compile
+- junit:junit:jar:4.13:test
|  \- org.hamcrest:hamcrest-core:jar:2.2:test
|     \- org.hamcrest:hamcrest:jar:2.2:test
\- org.springframework.boot:spring-boot-starter-jetty:jar:2.3.1.RELEASE:compile
   +- jakarta.servlet:jakarta.servlet-api:jar:4.0.3:compile
   +- jakarta.websocket:jakarta.websocket-api:jar:1.1.2:compile
   +- org.eclipse.jetty:jetty-servlets:jar:9.4.29.v20200521:compile
   |  +- org.eclipse.jetty:jetty-continuation:jar:9.4.29.v20200521:compile
   |  +- org.eclipse.jetty:jetty-http:jar:9.4.29.v20200521:compile
   |  +- org.eclipse.jetty:jetty-util:jar:9.4.29.v20200521:compile
   |  \- org.eclipse.jetty:jetty-io:jar:9.4.29.v20200521:compile
   +- org.eclipse.jetty:jetty-webapp:jar:9.4.29.v20200521:compile
   |  +- org.eclipse.jetty:jetty-xml:jar:9.4.29.v20200521:compile
   |  \- org.eclipse.jetty:jetty-servlet:jar:9.4.29.v20200521:compile
   |     \- org.eclipse.jetty:jetty-security:jar:9.4.29.v20200521:compile
   |        \- org.eclipse.jetty:jetty-server:jar:9.4.29.v20200521:compile
   \- org.glassfish:jakarta.el:jar:3.0.3:compile

