WARNING: Your kernel does not support swap limit capabilities or the cgroup is not mounted. Memory limited without swap.
com.erudika:scoold:war:1.22.0
+- com.erudika:para-client:jar:1.22.0:compile
|  \- com.erudika:para-core:jar:1.22.0:compile
|     +- com.amazonaws:aws-java-sdk-core:jar:1.11.75:compile
|     |  +- org.apache.httpcomponents:httpclient:jar:4.5.2:compile
|     |  |  +- org.apache.httpcomponents:httpcore:jar:4.4.4:compile
|     |  |  \- commons-codec:commons-codec:jar:1.9:compile
|     |  +- software.amazon.ion:ion-java:jar:1.0.1:compile
|     |  +- (com.fasterxml.jackson.core:jackson-databind:jar:2.6.6:compile - omitted for conflict with 2.8.1)
|     |  +- (com.fasterxml.jackson.dataformat:jackson-dataformat-cbor:jar:2.6.6:compile - omitted for conflict with 2.8.1)
|     |  \- joda-time:joda-time:jar:2.8.1:compile
|     +- org.springframework:spring-core:jar:4.3.5.RELEASE:compile
|     +- org.springframework:spring-context:jar:4.3.5.RELEASE:compile
|     |  +- org.springframework:spring-aop:jar:4.3.5.RELEASE:compile
|     |  |  +- (org.springframework:spring-beans:jar:4.3.5.RELEASE:compile - omitted for duplicate)
|     |  |  \- (org.springframework:spring-core:jar:4.3.5.RELEASE:compile - omitted for duplicate)
|     |  +- (org.springframework:spring-beans:jar:4.3.5.RELEASE:compile - omitted for duplicate)
|     |  +- (org.springframework:spring-core:jar:4.3.5.RELEASE:compile - omitted for duplicate)
|     |  \- org.springframework:spring-expression:jar:4.3.5.RELEASE:compile
|     |     \- (org.springframework:spring-core:jar:4.3.5.RELEASE:compile - omitted for duplicate)
|     +- org.springframework:spring-beans:jar:4.3.5.RELEASE:compile
|     |  \- (org.springframework:spring-core:jar:4.3.5.RELEASE:compile - omitted for duplicate)
|     +- org.glassfish.jersey.core:jersey-server:jar:2.25:compile
|     |  +- org.glassfish.jersey.core:jersey-common:jar:2.25:compile
|     |  |  +- (javax.ws.rs:javax.ws.rs-api:jar:2.0.1:compile - omitted for duplicate)
|     |  |  +- (javax.annotation:javax.annotation-api:jar:1.2:compile - omitted for duplicate)
|     |  |  +- org.glassfish.jersey.bundles.repackaged:jersey-guava:jar:2.25:compile
|     |  |  +- (org.glassfish.hk2:hk2-api:jar:2.5.0-b30:compile - omitted for duplicate)
|     |  |  +- (org.glassfish.hk2.external:javax.inject:jar:2.5.0-b30:compile - omitted for duplicate)
|     |  |  +- (org.glassfish.hk2:hk2-locator:jar:2.5.0-b30:compile - omitted for duplicate)
|     |  |  \- org.glassfish.hk2:osgi-resource-locator:jar:1.0.1:compile
|     |  +- org.glassfish.jersey.core:jersey-client:jar:2.25:compile
|     |  |  +- (javax.ws.rs:javax.ws.rs-api:jar:2.0.1:compile - omitted for duplicate)
|     |  |  +- (org.glassfish.jersey.core:jersey-common:jar:2.25:compile - omitted for duplicate)
|     |  |  +- (org.glassfish.hk2:hk2-api:jar:2.5.0-b30:compile - omitted for duplicate)
|     |  |  +- (org.glassfish.hk2.external:javax.inject:jar:2.5.0-b30:compile - omitted for duplicate)
|     |  |  \- (org.glassfish.hk2:hk2-locator:jar:2.5.0-b30:compile - omitted for duplicate)
|     |  +- javax.ws.rs:javax.ws.rs-api:jar:2.0.1:compile
|     |  +- org.glassfish.jersey.media:jersey-media-jaxb:jar:2.25:compile
|     |  |  +- (org.glassfish.jersey.core:jersey-common:jar:2.25:compile - omitted for duplicate)
|     |  |  +- (org.glassfish.hk2:hk2-api:jar:2.5.0-b30:compile - omitted for duplicate)
|     |  |  +- (org.glassfish.hk2.external:javax.inject:jar:2.5.0-b30:compile - omitted for duplicate)
|     |  |  +- (org.glassfish.hk2:hk2-locator:jar:2.5.0-b30:compile - omitted for duplicate)
|     |  |  \- (org.glassfish.hk2:osgi-resource-locator:jar:1.0.1:compile - omitted for duplicate)
|     |  +- javax.annotation:javax.annotation-api:jar:1.2:compile
|     |  +- org.glassfish.hk2:hk2-api:jar:2.5.0-b30:compile
|     |  |  +- org.glassfish.hk2:hk2-utils:jar:2.5.0-b30:compile
|     |  |  \- org.glassfish.hk2.external:aopalliance-repackaged:jar:2.5.0-b30:compile
|     |  +- org.glassfish.hk2.external:javax.inject:jar:2.5.0-b30:compile
|     |  +- org.glassfish.hk2:hk2-locator:jar:2.5.0-b30:compile
|     |  |  +- (org.glassfish.hk2.external:javax.inject:jar:2.5.0-b30:compile - omitted for duplicate)
|     |  |  +- (org.glassfish.hk2.external:aopalliance-repackaged:jar:2.5.0-b30:compile - omitted for duplicate)
|     |  |  +- (org.glassfish.hk2:hk2-api:jar:2.5.0-b30:compile - omitted for duplicate)
|     |  |  +- (org.glassfish.hk2:hk2-utils:jar:2.5.0-b30:compile - omitted for duplicate)
|     |  |  \- org.javassist:javassist:jar:3.20.0-GA:compile
|     |  \- javax.validation:validation-api:jar:1.1.0.Final:compile
|     +- org.glassfish.jersey.containers:jersey-container-jetty-servlet:jar:2.25:compile
|     |  +- org.glassfish.jersey.containers:jersey-container-servlet:jar:2.25:compile
|     |  |  +- org.glassfish.jersey.containers:jersey-container-servlet-core:jar:2.25:compile
|     |  |  |  +- (org.glassfish.hk2.external:javax.inject:jar:2.5.0-b30:compile - omitted for duplicate)
|     |  |  |  +- (org.glassfish.jersey.core:jersey-common:jar:2.25:compile - omitted for duplicate)
|     |  |  |  +- (org.glassfish.jersey.core:jersey-server:jar:2.25:compile - omitted for duplicate)
|     |  |  |  \- (javax.ws.rs:javax.ws.rs-api:jar:2.0.1:compile - omitted for duplicate)
|     |  |  +- (org.glassfish.jersey.core:jersey-common:jar:2.25:compile - omitted for duplicate)
|     |  |  +- (org.glassfish.jersey.core:jersey-server:jar:2.25:compile - omitted for duplicate)
|     |  |  \- (javax.ws.rs:javax.ws.rs-api:jar:2.0.1:compile - omitted for duplicate)
|     |  +- org.glassfish.jersey.containers:jersey-container-jetty-http:jar:2.25:compile
|     |  |  +- (org.glassfish.hk2.external:javax.inject:jar:2.5.0-b30:compile - omitted for duplicate)
|     |  |  +- org.eclipse.jetty:jetty-server:jar:9.2.14.v20151106:compile
|     |  |  |  +- javax.servlet:javax.servlet-api:jar:3.1.0:compile
|     |  |  |  +- org.eclipse.jetty:jetty-http:jar:9.2.14.v20151106:compile
|     |  |  |  |  \- (org.eclipse.jetty:jetty-util:jar:9.2.14.v20151106:compile - omitted for duplicate)
|     |  |  |  \- org.eclipse.jetty:jetty-io:jar:9.2.14.v20151106:compile
|     |  |  |     \- (org.eclipse.jetty:jetty-util:jar:9.2.14.v20151106:compile - omitted for duplicate)
|     |  |  +- org.eclipse.jetty:jetty-util:jar:9.2.14.v20151106:compile
|     |  |  +- org.eclipse.jetty:jetty-continuation:jar:9.2.14.v20151106:compile
|     |  |  +- (org.glassfish.jersey.core:jersey-common:jar:2.25:compile - omitted for duplicate)
|     |  |  +- (org.glassfish.jersey.core:jersey-server:jar:2.25:compile - omitted for duplicate)
|     |  |  \- (javax.ws.rs:javax.ws.rs-api:jar:2.0.1:compile - omitted for duplicate)
|     |  +- org.eclipse.jetty:jetty-webapp:jar:9.2.14.v20151106:compile
|     |  |  +- org.eclipse.jetty:jetty-xml:jar:9.2.14.v20151106:compile
|     |  |  |  \- (org.eclipse.jetty:jetty-util:jar:9.2.14.v20151106:compile - omitted for duplicate)
|     |  |  \- org.eclipse.jetty:jetty-servlet:jar:9.2.14.v20151106:compile
|     |  |     \- org.eclipse.jetty:jetty-security:jar:9.2.14.v20151106:compile
|     |  |        \- (org.eclipse.jetty:jetty-server:jar:9.2.14.v20151106:compile - omitted for duplicate)
|     |  +- (org.glassfish.jersey.core:jersey-common:jar:2.25:compile - omitted for duplicate)
|     |  +- (org.glassfish.jersey.core:jersey-server:jar:2.25:compile - omitted for duplicate)
|     |  \- (javax.ws.rs:javax.ws.rs-api:jar:2.0.1:compile - omitted for duplicate)
|     +- com.fasterxml.jackson.core:jackson-core:jar:2.8.1:compile
|     +- com.fasterxml.jackson.core:jackson-annotations:jar:2.8.1:compile
|     +- com.fasterxml.jackson.jaxrs:jackson-jaxrs-base:jar:2.8.1:compile
|     |  +- (com.fasterxml.jackson.core:jackson-core:jar:2.8.1:compile - omitted for duplicate)
|     |  \- (com.fasterxml.jackson.core:jackson-databind:jar:2.8.1:compile - omitted for conflict with 2.6.6)
|     +- com.fasterxml.jackson.jaxrs:jackson-jaxrs-json-provider:jar:2.8.1:compile
|     |  +- (com.fasterxml.jackson.jaxrs:jackson-jaxrs-base:jar:2.8.1:compile - omitted for duplicate)
|     |  +- (com.fasterxml.jackson.core:jackson-core:jar:2.8.1:compile - omitted for duplicate)
|     |  +- (com.fasterxml.jackson.core:jackson-databind:jar:2.8.1:compile - omitted for conflict with 2.6.6)
|     |  \- com.fasterxml.jackson.module:jackson-module-jaxb-annotations:jar:2.8.1:compile
|     |     +- (com.fasterxml.jackson.core:jackson-core:jar:2.8.1:compile - omitted for duplicate)
|     |     +- (com.fasterxml.jackson.core:jackson-annotations:jar:2.8.0:compile - omitted for conflict with 2.8.1)
|     |     \- (com.fasterxml.jackson.core:jackson-databind:jar:2.8.1:compile - omitted for conflict with 2.6.6)
|     +- com.fasterxml.jackson.core:jackson-databind:jar:2.8.1:compile
|     |  +- (com.fasterxml.jackson.core:jackson-annotations:jar:2.8.0:compile - omitted for conflict with 2.8.1)
|     |  \- (com.fasterxml.jackson.core:jackson-core:jar:2.8.1:compile - omitted for duplicate)
|     +- com.fasterxml.jackson.dataformat:jackson-dataformat-cbor:jar:2.8.1:compile
|     |  \- (com.fasterxml.jackson.core:jackson-core:jar:2.8.1:compile - omitted for duplicate)
|     +- com.fasterxml.jackson.dataformat:jackson-dataformat-smile:jar:2.8.1:compile
|     |  \- (com.fasterxml.jackson.core:jackson-core:jar:2.8.1:compile - omitted for duplicate)
|     +- com.fasterxml.jackson.dataformat:jackson-dataformat-yaml:jar:2.8.1:compile
|     |  +- (com.fasterxml.jackson.core:jackson-core:jar:2.8.1:compile - omitted for duplicate)
|     |  \- org.yaml:snakeyaml:jar:1.15:compile
|     +- org.slf4j:slf4j-api:jar:1.7.22:compile
|     +- org.slf4j:jcl-over-slf4j:jar:1.7.22:compile
|     |  \- (org.slf4j:slf4j-api:jar:1.7.22:compile - omitted for duplicate)
|     +- org.slf4j:jul-to-slf4j:jar:1.7.22:compile
|     |  \- (org.slf4j:slf4j-api:jar:1.7.22:compile - omitted for duplicate)
|     +- org.slf4j:log4j-over-slf4j:jar:1.7.22:compile
|     |  \- (org.slf4j:slf4j-api:jar:1.7.22:compile - omitted for duplicate)
|     +- ch.qos.logback:logback-core:jar:1.1.8:compile
|     +- ch.qos.logback:logback-classic:jar:1.1.8:compile
|     |  +- (ch.qos.logback:logback-core:jar:1.1.8:compile - omitted for duplicate)
|     |  \- (org.slf4j:slf4j-api:jar:1.7.21:compile - omitted for conflict with 1.7.22)
|     +- ch.qos.logback:logback-access:jar:1.1.8:compile
|     |  \- (ch.qos.logback:logback-core:jar:1.1.8:compile - omitted for duplicate)
|     +- commons-beanutils:commons-beanutils:jar:1.9.3:compile
|     |  \- commons-collections:commons-collections:jar:3.2.2:compile
|     +- com.typesafe:config:jar:1.2.1:compile
|     +- org.hibernate:hibernate-validator:jar:5.3.4.Final:compile
|     |  +- (javax.validation:validation-api:jar:1.1.0.Final:compile - omitted for duplicate)
|     |  +- org.jboss.logging:jboss-logging:jar:3.3.0.Final:compile
|     |  \- com.fasterxml:classmate:jar:1.3.1:compile
|     +- org.apache.commons:commons-lang3:jar:3.5:compile
|     +- commons-io:commons-io:jar:2.5:compile
|     +- com.eaio.uuid:uuid:jar:3.2:compile
|     +- org.jsoup:jsoup:jar:1.10.1:compile
|     +- com.github.rjeschke:txtmark:jar:0.13:compile
|     +- de.svenkubiak:jBCrypt:jar:0.4.1:compile
|     +- com.samskivert:jmustache:jar:1.13:compile
|     +- javax.el:javax.el-api:jar:2.2.5:compile
|     \- org.glassfish.web:javax.el:jar:2.2.5:compile
|        \- (javax.el:javax.el-api:jar:2.2.4:compile - omitted for conflict with 2.2.5)
+- org.tuckey:urlrewritefilter:jar:4.0.4:compile
+- org.apache.click:click:jar:2.3.0:compile
+- javax:javaee-api:jar:7.0:provided
|  \- com.sun.mail:javax.mail:jar:1.5.0:provided
|     \- javax.activation:activation:jar:1.1:provided
+- rome:rome:jar:1.0:compile
|  \- jdom:jdom:jar:1.0:compile
+- oro:oro:jar:2.0.8:compile
\- junit:junit:jar:4.12:test
   \- org.hamcrest:hamcrest-core:jar:1.3:test

