WARNING: Your kernel does not support swap limit capabilities or the cgroup is not mounted. Memory limited without swap.
com.erudika:scoold:jar:1.29.0
+- org.springframework.boot:spring-boot-starter-web:jar:1.4.5.RELEASE:compile
|  +- org.springframework.boot:spring-boot-starter:jar:1.4.5.RELEASE:compile
|  |  +- org.springframework.boot:spring-boot:jar:1.4.5.RELEASE:compile
|  |  |  +- (org.springframework:spring-core:jar:4.3.7.RELEASE:compile - omitted for duplicate)
|  |  |  \- (org.springframework:spring-context:jar:4.3.7.RELEASE:compile - omitted for duplicate)
|  |  +- org.springframework.boot:spring-boot-autoconfigure:jar:1.4.5.RELEASE:compile
|  |  |  \- (org.springframework.boot:spring-boot:jar:1.4.5.RELEASE:compile - omitted for duplicate)
|  |  +- (org.springframework.boot:spring-boot-starter-logging:jar:1.4.5.RELEASE:compile - omitted for duplicate)
|  |  +- org.springframework:spring-core:jar:4.3.7.RELEASE:compile
|  |  \- (org.yaml:snakeyaml:jar:1.17:compile - scope updated from runtime; omitted for duplicate)
|  +- com.fasterxml.jackson.core:jackson-databind:jar:2.8.7:compile
|  |  +- com.fasterxml.jackson.core:jackson-annotations:jar:2.8.7:compile (version managed from 2.8.0)
|  |  \- com.fasterxml.jackson.core:jackson-core:jar:2.8.7:compile
|  +- org.springframework:spring-web:jar:4.3.7.RELEASE:compile
|  |  +- org.springframework:spring-aop:jar:4.3.7.RELEASE:compile
|  |  |  +- (org.springframework:spring-beans:jar:4.3.7.RELEASE:compile - omitted for duplicate)
|  |  |  \- (org.springframework:spring-core:jar:4.3.7.RELEASE:compile - omitted for duplicate)
|  |  +- org.springframework:spring-beans:jar:4.3.7.RELEASE:compile
|  |  |  \- (org.springframework:spring-core:jar:4.3.7.RELEASE:compile - omitted for duplicate)
|  |  +- (org.springframework:spring-context:jar:4.3.7.RELEASE:compile - omitted for duplicate)
|  |  \- (org.springframework:spring-core:jar:4.3.7.RELEASE:compile - omitted for duplicate)
|  \- org.springframework:spring-webmvc:jar:4.3.7.RELEASE:compile
|     +- (org.springframework:spring-aop:jar:4.3.7.RELEASE:compile - omitted for duplicate)
|     +- (org.springframework:spring-beans:jar:4.3.7.RELEASE:compile - omitted for duplicate)
|     +- (org.springframework:spring-context:jar:4.3.7.RELEASE:compile - omitted for duplicate)
|     +- (org.springframework:spring-core:jar:4.3.7.RELEASE:compile - omitted for duplicate)
|     +- org.springframework:spring-expression:jar:4.3.7.RELEASE:compile
|     |  \- (org.springframework:spring-core:jar:4.3.7.RELEASE:compile - omitted for duplicate)
|     \- (org.springframework:spring-web:jar:4.3.7.RELEASE:compile - omitted for duplicate)
+- org.springframework.boot:spring-boot-starter-jetty:jar:1.4.5.RELEASE:compile
|  +- org.eclipse.jetty:jetty-servlets:jar:9.3.16.v20170120:compile
|  |  +- org.eclipse.jetty:jetty-continuation:jar:9.3.16.v20170120:compile
|  |  +- org.eclipse.jetty:jetty-http:jar:9.3.16.v20170120:compile
|  |  |  \- (org.eclipse.jetty:jetty-util:jar:9.3.16.v20170120:compile - omitted for duplicate)
|  |  +- org.eclipse.jetty:jetty-util:jar:9.3.16.v20170120:compile
|  |  \- org.eclipse.jetty:jetty-io:jar:9.3.16.v20170120:compile
|  |     \- (org.eclipse.jetty:jetty-util:jar:9.3.16.v20170120:compile - omitted for duplicate)
|  +- org.eclipse.jetty:jetty-webapp:jar:9.3.16.v20170120:compile
|  |  +- org.eclipse.jetty:jetty-xml:jar:9.3.16.v20170120:compile
|  |  |  \- (org.eclipse.jetty:jetty-util:jar:9.3.16.v20170120:compile - omitted for duplicate)
|  |  \- org.eclipse.jetty:jetty-servlet:jar:9.3.16.v20170120:compile
|  |     \- org.eclipse.jetty:jetty-security:jar:9.3.16.v20170120:compile
|  |        \- org.eclipse.jetty:jetty-server:jar:9.3.16.v20170120:compile
|  |           +- javax.servlet:javax.servlet-api:jar:3.1.0:compile
|  |           +- (org.eclipse.jetty:jetty-http:jar:9.3.16.v20170120:compile - omitted for duplicate)
|  |           \- (org.eclipse.jetty:jetty-io:jar:9.3.16.v20170120:compile - omitted for duplicate)
|  \- org.mortbay.jasper:apache-el:jar:8.0.33:compile
+- org.springframework.boot:spring-boot-starter-velocity:jar:1.4.5.RELEASE:compile
|  +- (org.springframework.boot:spring-boot-starter:jar:1.4.5.RELEASE:compile - omitted for duplicate)
|  +- (org.springframework.boot:spring-boot-starter-web:jar:1.4.5.RELEASE:compile - omitted for duplicate)
|  +- commons-beanutils:commons-beanutils:jar:1.9.3:compile
|  |  \- (commons-collections:commons-collections:jar:3.2.2:compile - omitted for duplicate)
|  +- commons-collections:commons-collections:jar:3.2.2:compile
|  +- commons-digester:commons-digester:jar:2.1:compile
|  |  \- (commons-beanutils:commons-beanutils:jar:1.9.3:compile - version managed from 1.8.3; omitted for duplicate)
|  +- org.apache.velocity:velocity:jar:1.7:compile
|  |  +- (commons-collections:commons-collections:jar:3.2.2:compile - version managed from 3.2.1; omitted for duplicate)
|  |  \- commons-lang:commons-lang:jar:2.4:compile
|  +- org.apache.velocity:velocity-tools:jar:2.0:compile
|  |  +- (commons-beanutils:commons-beanutils:jar:1.9.3:compile - version managed from 1.7.0; omitted for duplicate)
|  |  +- (commons-digester:commons-digester:jar:2.1:compile - version managed from 1.8; omitted for duplicate)
|  |  +- commons-chain:commons-chain:jar:1.1:compile
|  |  |  +- (commons-beanutils:commons-beanutils:jar:1.9.3:compile - version managed from 1.7.0; omitted for duplicate)
|  |  |  \- (commons-digester:commons-digester:jar:2.1:compile - version managed from 1.6; omitted for duplicate)
|  |  +- (commons-collections:commons-collections:jar:3.2.2:compile - version managed from 3.2; omitted for duplicate)
|  |  +- commons-validator:commons-validator:jar:1.3.1:compile
|  |  |  +- (commons-beanutils:commons-beanutils:jar:1.9.3:compile - version managed from 1.7.0; omitted for duplicate)
|  |  |  \- (commons-digester:commons-digester:jar:2.1:compile - version managed from 1.6; omitted for duplicate)
|  |  +- dom4j:dom4j:jar:1.6.1:compile (version managed from 1.1)
|  |  |  \- xml-apis:xml-apis:jar:1.4.01:compile (version managed from 1.0.b2)
|  |  +- oro:oro:jar:2.0.8:compile
|  |  +- sslext:sslext:jar:1.2-0:compile
|  |  +- org.apache.struts:struts-core:jar:1.3.8:compile
|  |  |  +- antlr:antlr:jar:2.7.7:compile (version managed from 2.7.2)
|  |  |  +- (commons-beanutils:commons-beanutils:jar:1.9.3:compile - version managed from 1.7.0; omitted for duplicate)
|  |  |  +- (commons-chain:commons-chain:jar:1.1:compile - omitted for duplicate)
|  |  |  +- (commons-digester:commons-digester:jar:2.1:compile - version managed from 1.8; omitted for duplicate)
|  |  |  +- (commons-validator:commons-validator:jar:1.3.1:compile - omitted for duplicate)
|  |  |  \- (oro:oro:jar:2.0.8:compile - omitted for duplicate)
|  |  +- org.apache.struts:struts-taglib:jar:1.3.8:compile
|  |  |  \- (org.apache.struts:struts-core:jar:1.3.8:compile - omitted for duplicate)
|  |  +- org.apache.struts:struts-tiles:jar:1.3.8:compile
|  |  |  \- (org.apache.struts:struts-core:jar:1.3.8:compile - omitted for duplicate)
|  |  \- (org.apache.velocity:velocity:jar:1.7:compile - version managed from 1.6.2; omitted for duplicate)
|  \- org.springframework:spring-context-support:jar:4.3.7.RELEASE:compile
|     +- (org.springframework:spring-beans:jar:4.3.7.RELEASE:compile - omitted for duplicate)
|     +- (org.springframework:spring-context:jar:4.3.7.RELEASE:compile - omitted for duplicate)
|     \- (org.springframework:spring-core:jar:4.3.7.RELEASE:compile - omitted for duplicate)
+- org.springframework.boot:spring-boot-starter-logging:jar:1.4.5.RELEASE:compile
|  +- ch.qos.logback:logback-classic:jar:1.1.11:compile
|  |  +- ch.qos.logback:logback-core:jar:1.1.11:compile
|  |  \- org.slf4j:slf4j-api:jar:1.7.24:compile (version managed from 1.7.22)
|  +- org.slf4j:jcl-over-slf4j:jar:1.7.24:compile
|  |  \- (org.slf4j:slf4j-api:jar:1.7.24:compile - version managed from 1.7.22; omitted for duplicate)
|  +- org.slf4j:jul-to-slf4j:jar:1.7.24:compile
|  |  \- (org.slf4j:slf4j-api:jar:1.7.24:compile - version managed from 1.7.22; omitted for duplicate)
|  \- org.slf4j:log4j-over-slf4j:jar:1.7.24:compile
|     \- (org.slf4j:slf4j-api:jar:1.7.24:compile - version managed from 1.7.22; omitted for duplicate)
+- org.springframework.boot:spring-boot-starter-mail:jar:1.4.5.RELEASE:compile
|  +- (org.springframework.boot:spring-boot-starter:jar:1.4.5.RELEASE:compile - omitted for duplicate)
|  +- org.springframework:spring-context:jar:4.3.7.RELEASE:compile
|  |  +- (org.springframework:spring-aop:jar:4.3.7.RELEASE:compile - omitted for duplicate)
|  |  +- (org.springframework:spring-beans:jar:4.3.7.RELEASE:compile - omitted for duplicate)
|  |  +- (org.springframework:spring-core:jar:4.3.7.RELEASE:compile - omitted for duplicate)
|  |  \- (org.springframework:spring-expression:jar:4.3.7.RELEASE:compile - omitted for duplicate)
|  +- (org.springframework:spring-context-support:jar:4.3.7.RELEASE:compile - omitted for duplicate)
|  \- com.sun.mail:javax.mail:jar:1.5.6:compile
|     \- javax.activation:activation:jar:1.1:compile
+- com.erudika:para-client:jar:1.29.0:compile
|  +- com.erudika:para-core:jar:1.29.0:compile
|  |  +- com.amazonaws:aws-java-sdk-core:jar:1.11.213:compile
|  |  |  +- org.apache.httpcomponents:httpclient:jar:4.5.3:compile (version managed from 4.5.2)
|  |  |  |  +- org.apache.httpcomponents:httpcore:jar:4.4.6:compile
|  |  |  |  \- commons-codec:commons-codec:jar:1.10:compile (version managed from 1.9)
|  |  |  +- software.amazon.ion:ion-java:jar:1.0.2:compile
|  |  |  +- (com.fasterxml.jackson.core:jackson-databind:jar:2.8.7:compile - version managed from 2.6.7.1; omitted for duplicate)
|  |  |  +- (com.fasterxml.jackson.dataformat:jackson-dataformat-cbor:jar:2.8.7:compile - version managed from 2.9.4; omitted for duplicate)
|  |  |  \- joda-time:joda-time:jar:2.9.7:compile (version managed from 2.8.1)
|  |  +- (org.springframework:spring-core:jar:4.3.7.RELEASE:compile - version managed from 5.0.4.RELEASE; omitted for duplicate)
|  |  +- (org.springframework:spring-context:jar:4.3.7.RELEASE:compile - version managed from 5.0.4.RELEASE; omitted for duplicate)
|  |  +- (org.springframework:spring-beans:jar:4.3.7.RELEASE:compile - version managed from 5.0.4.RELEASE; omitted for duplicate)
|  |  +- javax.inject:javax.inject:jar:1:compile
|  |  +- (com.fasterxml.jackson.core:jackson-core:jar:2.8.7:compile - version managed from 2.9.4; omitted for duplicate)
|  |  +- (com.fasterxml.jackson.core:jackson-annotations:jar:2.8.7:compile - version managed from 2.9.4; omitted for duplicate)
|  |  +- com.fasterxml.jackson.jaxrs:jackson-jaxrs-base:jar:2.8.7:compile (version managed from 2.9.4)
|  |  |  +- (com.fasterxml.jackson.core:jackson-core:jar:2.8.7:compile - version managed from 2.9.4; omitted for duplicate)
|  |  |  \- (com.fasterxml.jackson.core:jackson-databind:jar:2.8.7:compile - version managed from 2.6.7.1; omitted for duplicate)
|  |  +- com.fasterxml.jackson.jaxrs:jackson-jaxrs-json-provider:jar:2.8.7:compile (version managed from 2.9.4)
|  |  |  +- (com.fasterxml.jackson.jaxrs:jackson-jaxrs-base:jar:2.8.7:compile - version managed from 2.9.4; omitted for duplicate)
|  |  |  +- (com.fasterxml.jackson.core:jackson-core:jar:2.8.7:compile - version managed from 2.9.4; omitted for duplicate)
|  |  |  +- (com.fasterxml.jackson.core:jackson-databind:jar:2.8.7:compile - version managed from 2.6.7.1; omitted for duplicate)
|  |  |  \- com.fasterxml.jackson.module:jackson-module-jaxb-annotations:jar:2.8.7:compile
|  |  |     +- (com.fasterxml.jackson.core:jackson-core:jar:2.8.7:compile - version managed from 2.9.4; omitted for duplicate)
|  |  |     +- (com.fasterxml.jackson.core:jackson-annotations:jar:2.8.7:compile - version managed from 2.8.0; omitted for duplicate)
|  |  |     \- (com.fasterxml.jackson.core:jackson-databind:jar:2.8.7:compile - version managed from 2.6.7.1; omitted for duplicate)
|  |  +- (com.fasterxml.jackson.core:jackson-databind:jar:2.8.7:compile - version managed from 2.9.4; omitted for duplicate)
|  |  +- com.fasterxml.jackson.dataformat:jackson-dataformat-cbor:jar:2.8.7:compile
|  |  |  \- (com.fasterxml.jackson.core:jackson-core:jar:2.8.7:compile - version managed from 2.9.4; omitted for duplicate)
|  |  +- com.fasterxml.jackson.dataformat:jackson-dataformat-smile:jar:2.8.7:compile (version managed from 2.9.4)
|  |  |  \- (com.fasterxml.jackson.core:jackson-core:jar:2.8.7:compile - version managed from 2.9.4; omitted for duplicate)
|  |  +- com.fasterxml.jackson.dataformat:jackson-dataformat-yaml:jar:2.8.7:compile (version managed from 2.9.4)
|  |  |  +- (com.fasterxml.jackson.core:jackson-core:jar:2.8.7:compile - version managed from 2.9.4; omitted for duplicate)
|  |  |  \- org.yaml:snakeyaml:jar:1.17:compile
|  |  +- com.fasterxml.jackson.module:jackson-module-parameter-names:jar:2.8.7:compile (version managed from 2.9.4)
|  |  |  +- (com.fasterxml.jackson.core:jackson-core:jar:2.8.7:compile - version managed from 2.9.4; omitted for duplicate)
|  |  |  \- (com.fasterxml.jackson.core:jackson-databind:jar:2.8.7:compile - version managed from 2.9.4; omitted for duplicate)
|  |  +- com.fasterxml.jackson.datatype:jackson-datatype-jdk8:jar:2.8.7:compile (version managed from 2.9.4)
|  |  |  +- (com.fasterxml.jackson.core:jackson-core:jar:2.8.7:compile - version managed from 2.9.4; omitted for duplicate)
|  |  |  \- (com.fasterxml.jackson.core:jackson-databind:jar:2.8.7:compile - version managed from 2.9.4; omitted for duplicate)
|  |  +- com.fasterxml.jackson.datatype:jackson-datatype-jsr310:jar:2.8.7:compile (version managed from 2.9.4)
|  |  |  +- (com.fasterxml.jackson.core:jackson-annotations:jar:2.8.7:compile - version managed from 2.8.0; omitted for duplicate)
|  |  |  +- (com.fasterxml.jackson.core:jackson-core:jar:2.8.7:compile - version managed from 2.9.4; omitted for duplicate)
|  |  |  \- (com.fasterxml.jackson.core:jackson-databind:jar:2.8.7:compile - version managed from 2.9.4; omitted for duplicate)
|  |  +- (org.slf4j:slf4j-api:jar:1.7.24:compile - version managed from 1.7.25; omitted for duplicate)
|  |  +- (org.slf4j:jcl-over-slf4j:jar:1.7.24:compile - version managed from 1.7.25; omitted for duplicate)
|  |  +- (org.slf4j:jul-to-slf4j:jar:1.7.24:compile - version managed from 1.7.25; omitted for duplicate)
|  |  +- (org.slf4j:log4j-over-slf4j:jar:1.7.24:compile - version managed from 1.7.25; omitted for duplicate)
|  |  +- (ch.qos.logback:logback-core:jar:1.1.11:compile - version managed from 1.2.3; omitted for duplicate)
|  |  +- (ch.qos.logback:logback-classic:jar:1.1.11:compile - version managed from 1.2.3; omitted for duplicate)
|  |  +- ch.qos.logback:logback-access:jar:1.1.11:compile (version managed from 1.2.3)
|  |  |  \- (ch.qos.logback:logback-core:jar:1.1.11:compile - version managed from 1.2.3; omitted for duplicate)
|  |  +- (commons-beanutils:commons-beanutils:jar:1.9.3:compile - version managed from 1.7.0; omitted for duplicate)
|  |  +- com.typesafe:config:jar:1.3.3:compile
|  |  +- org.hibernate.validator:hibernate-validator:jar:6.0.8.Final:compile
|  |  |  +- (javax.validation:validation-api:jar:2.0.1.Final:compile - omitted for duplicate)
|  |  |  +- org.jboss.logging:jboss-logging:jar:3.3.0.Final:compile (version managed from 3.3.2.Final)
|  |  |  \- com.fasterxml:classmate:jar:1.3.3:compile (version managed from 1.3.4)
|  |  +- org.apache.commons:commons-lang3:jar:3.7:compile
|  |  +- org.apache.commons:commons-text:jar:1.2:compile
|  |  |  \- (org.apache.commons:commons-lang3:jar:3.7:compile - omitted for duplicate)
|  |  +- commons-io:commons-io:jar:2.6:compile
|  |  +- com.eaio.uuid:uuid:jar:3.2:compile
|  |  +- org.jsoup:jsoup:jar:1.11.2:compile
|  |  +- com.vladsch.flexmark:flexmark:jar:0.32.14:compile
|  |  |  \- com.vladsch.flexmark:flexmark-util:jar:0.32.14:compile
|  |  +- com.vladsch.flexmark:flexmark-ext-emoji:jar:0.32.14:compile
|  |  |  +- (com.vladsch.flexmark:flexmark-util:jar:0.32.14:compile - omitted for duplicate)
|  |  |  +- (com.vladsch.flexmark:flexmark:jar:0.32.14:compile - omitted for duplicate)
|  |  |  +- com.vladsch.flexmark:flexmark-jira-converter:jar:0.32.14:compile
|  |  |  |  +- (com.vladsch.flexmark:flexmark-util:jar:0.32.14:compile - omitted for duplicate)
|  |  |  |  +- (com.vladsch.flexmark:flexmark-ext-gfm-strikethrough:jar:0.32.14:compile - omitted for duplicate)
|  |  |  |  +- (com.vladsch.flexmark:flexmark-ext-tables:jar:0.32.14:compile - omitted for duplicate)
|  |  |  |  +- com.vladsch.flexmark:flexmark-ext-wikilink:jar:0.32.14:compile
|  |  |  |  |  +- (com.vladsch.flexmark:flexmark-util:jar:0.32.14:compile - omitted for duplicate)
|  |  |  |  |  +- (com.vladsch.flexmark:flexmark:jar:0.32.14:compile - omitted for duplicate)
|  |  |  |  |  \- (com.vladsch.flexmark:flexmark-formatter:jar:0.32.14:compile - omitted for duplicate)
|  |  |  |  +- com.vladsch.flexmark:flexmark-ext-ins:jar:0.32.14:compile
|  |  |  |  |  +- (com.vladsch.flexmark:flexmark-util:jar:0.32.14:compile - omitted for duplicate)
|  |  |  |  |  +- (com.vladsch.flexmark:flexmark:jar:0.32.14:compile - omitted for duplicate)
|  |  |  |  |  \- (com.vladsch.flexmark:flexmark-formatter:jar:0.32.14:compile - omitted for duplicate)
|  |  |  |  +- com.vladsch.flexmark:flexmark-ext-superscript:jar:0.32.14:compile
|  |  |  |  |  +- (com.vladsch.flexmark:flexmark-util:jar:0.32.14:compile - omitted for duplicate)
|  |  |  |  |  +- (com.vladsch.flexmark:flexmark:jar:0.32.14:compile - omitted for duplicate)
|  |  |  |  |  \- (com.vladsch.flexmark:flexmark-formatter:jar:0.32.14:compile - omitted for duplicate)
|  |  |  |  \- (com.vladsch.flexmark:flexmark:jar:0.32.14:compile - omitted for duplicate)
|  |  |  \- com.vladsch.flexmark:flexmark-formatter:jar:0.32.14:compile
|  |  |     +- (com.vladsch.flexmark:flexmark-util:jar:0.32.14:compile - omitted for duplicate)
|  |  |     \- (com.vladsch.flexmark:flexmark:jar:0.32.14:compile - omitted for duplicate)
|  |  +- com.vladsch.flexmark:flexmark-ext-gfm-strikethrough:jar:0.32.14:compile
|  |  |  +- (com.vladsch.flexmark:flexmark-util:jar:0.32.14:compile - omitted for duplicate)
|  |  |  +- (com.vladsch.flexmark:flexmark:jar:0.32.14:compile - omitted for duplicate)
|  |  |  \- (com.vladsch.flexmark:flexmark-formatter:jar:0.32.14:compile - omitted for duplicate)
|  |  +- com.vladsch.flexmark:flexmark-ext-gfm-tasklist:jar:0.32.14:compile
|  |  |  +- (com.vladsch.flexmark:flexmark-util:jar:0.32.14:compile - omitted for duplicate)
|  |  |  +- (com.vladsch.flexmark:flexmark:jar:0.32.14:compile - omitted for duplicate)
|  |  |  \- (com.vladsch.flexmark:flexmark-formatter:jar:0.32.14:compile - omitted for duplicate)
|  |  +- com.vladsch.flexmark:flexmark-ext-tables:jar:0.32.14:compile
|  |  |  +- (com.vladsch.flexmark:flexmark-util:jar:0.32.14:compile - omitted for duplicate)
|  |  |  +- (com.vladsch.flexmark:flexmark:jar:0.32.14:compile - omitted for duplicate)
|  |  |  \- (com.vladsch.flexmark:flexmark-formatter:jar:0.32.14:compile - omitted for duplicate)
|  |  +- de.svenkubiak:jBCrypt:jar:0.4.1:compile
|  |  +- com.samskivert:jmustache:jar:1.12:compile (version managed from 1.14)
|  |  +- javax.validation:validation-api:jar:2.0.1.Final:compile
|  |  +- javax.el:javax.el-api:jar:3.0.1-b04:compile
|  |  \- org.glassfish.web:javax.el:jar:2.2.6:compile
|  |     \- (javax.el:javax.el-api:jar:2.2.5:compile - omitted for conflict with 3.0.1-b04)
|  +- org.glassfish.jersey.core:jersey-client:jar:2.26:compile
|  |  +- javax.ws.rs:javax.ws.rs-api:jar:2.1:compile
|  |  +- org.glassfish.jersey.core:jersey-common:jar:2.26:compile
|  |  |  +- (javax.ws.rs:javax.ws.rs-api:jar:2.1:compile - omitted for duplicate)
|  |  |  +- javax.annotation:javax.annotation-api:jar:1.2:compile
|  |  |  +- (org.glassfish.hk2.external:javax.inject:jar:2.5.0-b42:compile - omitted for duplicate)
|  |  |  \- org.glassfish.hk2:osgi-resource-locator:jar:1.0.1:compile
|  |  \- org.glassfish.hk2.external:javax.inject:jar:2.5.0-b42:compile
|  \- org.glassfish.jersey.inject:jersey-hk2:jar:2.26:compile
|     +- (org.glassfish.jersey.core:jersey-common:jar:2.26:compile - omitted for duplicate)
|     \- org.glassfish.hk2:hk2-locator:jar:2.5.0-b42:compile
|        +- (org.glassfish.hk2.external:javax.inject:jar:2.5.0-b42:compile - omitted for duplicate)
|        +- org.glassfish.hk2.external:aopalliance-repackaged:jar:2.5.0-b42:compile
|        +- org.glassfish.hk2:hk2-api:jar:2.5.0-b42:compile
|        |  +- (javax.inject:javax.inject:jar:1:compile - omitted for duplicate)
|        |  +- (org.glassfish.hk2:hk2-utils:jar:2.5.0-b42:compile - omitted for duplicate)
|        |  \- (org.glassfish.hk2.external:aopalliance-repackaged:jar:2.5.0-b42:compile - omitted for duplicate)
|        +- org.glassfish.hk2:hk2-utils:jar:2.5.0-b42:compile
|        |  +- (javax.annotation:javax.annotation-api:jar:1.2:compile - omitted for duplicate)
|        |  \- (javax.inject:javax.inject:jar:1:compile - omitted for duplicate)
|        +- (javax.annotation:javax.annotation-api:jar:1.2:compile - omitted for duplicate)
|        \- org.javassist:javassist:jar:3.20.0-GA:compile (version managed from 3.22.0-CR2)
+- rome:rome:jar:1.0:compile
|  \- jdom:jdom:jar:1.0:compile
\- junit:junit:jar:4.12:test
   \- org.hamcrest:hamcrest-core:jar:1.3:test

