WARNING: Your kernel does not support swap limit capabilities or the cgroup is not mounted. Memory limited without swap.
com.erudika:scoold:jar:1.31.4
+- com.erudika:para-client:jar:1.31.3:compile
|  +- com.erudika:para-core:jar:1.31.3:compile
|  |  +- com.amazonaws:aws-java-sdk-core:jar:1.11.538:compile
|  |  |  +- org.apache.httpcomponents:httpclient:jar:4.5.8:compile
|  |  |  |  +- org.apache.httpcomponents:httpcore:jar:4.4.11:compile
|  |  |  |  \- commons-codec:commons-codec:jar:1.11:compile
|  |  |  +- software.amazon.ion:ion-java:jar:1.0.2:compile
|  |  |  \- joda-time:joda-time:jar:2.10.2:compile
|  |  +- org.springframework:spring-core:jar:5.1.7.RELEASE:compile
|  |  |  \- org.springframework:spring-jcl:jar:5.1.7.RELEASE:compile
|  |  +- org.springframework:spring-context:jar:5.1.7.RELEASE:compile
|  |  +- org.springframework:spring-beans:jar:5.1.7.RELEASE:compile
|  |  +- javax.inject:javax.inject:jar:1:compile
|  |  +- com.fasterxml.jackson.core:jackson-core:jar:2.9.8:compile
|  |  +- com.fasterxml.jackson.core:jackson-annotations:jar:2.9.0:compile
|  |  +- com.fasterxml.jackson.jaxrs:jackson-jaxrs-base:jar:2.9.8:compile
|  |  +- com.fasterxml.jackson.jaxrs:jackson-jaxrs-json-provider:jar:2.9.8:compile
|  |  |  \- com.fasterxml.jackson.module:jackson-module-jaxb-annotations:jar:2.9.8:compile
|  |  +- com.fasterxml.jackson.core:jackson-databind:jar:2.9.8:compile
|  |  +- com.fasterxml.jackson.dataformat:jackson-dataformat-cbor:jar:2.9.8:compile
|  |  +- com.fasterxml.jackson.dataformat:jackson-dataformat-smile:jar:2.9.8:compile
|  |  +- com.fasterxml.jackson.dataformat:jackson-dataformat-yaml:jar:2.9.8:compile
|  |  +- com.fasterxml.jackson.module:jackson-module-parameter-names:jar:2.9.8:compile
|  |  +- com.fasterxml.jackson.datatype:jackson-datatype-jdk8:jar:2.9.8:compile
|  |  +- com.fasterxml.jackson.datatype:jackson-datatype-jsr310:jar:2.9.8:compile
|  |  +- org.slf4j:jcl-over-slf4j:jar:1.7.26:compile
|  |  +- org.slf4j:log4j-over-slf4j:jar:1.7.26:compile
|  |  +- ch.qos.logback:logback-core:jar:1.2.3:compile
|  |  +- ch.qos.logback:logback-access:jar:1.2.3:compile
|  |  +- io.dropwizard.metrics:metrics-core:jar:4.0.5:compile
|  |  +- commons-beanutils:commons-beanutils:jar:1.9.3:compile
|  |  |  \- commons-collections:commons-collections:jar:3.2.2:compile
|  |  +- com.typesafe:config:jar:1.3.4:compile
|  |  +- org.apache.commons:commons-text:jar:1.6:compile
|  |  +- commons-io:commons-io:jar:2.6:compile
|  |  +- org.jsoup:jsoup:jar:1.12.1:compile
|  |  +- com.vladsch.flexmark:flexmark:jar:0.50.4:compile
|  |  |  \- com.vladsch.flexmark:flexmark-util:jar:0.50.4:compile
|  |  +- com.vladsch.flexmark:flexmark-ext-emoji:jar:0.50.4:compile
|  |  |  +- com.vladsch.flexmark:flexmark-jira-converter:jar:0.50.4:compile
|  |  |  |  +- com.vladsch.flexmark:flexmark-ext-wikilink:jar:0.50.4:compile
|  |  |  |  +- com.vladsch.flexmark:flexmark-ext-ins:jar:0.50.4:compile
|  |  |  |  \- com.vladsch.flexmark:flexmark-ext-superscript:jar:0.50.4:compile
|  |  |  \- com.vladsch.flexmark:flexmark-formatter:jar:0.50.4:compile
|  |  +- com.vladsch.flexmark:flexmark-ext-gfm-strikethrough:jar:0.50.4:compile
|  |  +- com.vladsch.flexmark:flexmark-ext-gfm-tasklist:jar:0.50.4:compile
|  |  +- com.vladsch.flexmark:flexmark-ext-tables:jar:0.50.4:compile
|  |  +- de.svenkubiak:jBCrypt:jar:0.4.1:compile
|  |  +- com.samskivert:jmustache:jar:1.14:compile
|  |  +- javax.validation:validation-api:jar:2.0.1.Final:compile
|  |  +- javax.el:javax.el-api:jar:3.0.1-b06:compile
|  |  +- javax.xml.bind:jaxb-api:jar:2.3.1:compile
|  |  |  \- javax.activation:javax.activation-api:jar:1.2.0:compile
|  |  \- org.glassfish.web:javax.el:jar:2.2.6:compile
|  +- org.glassfish.jersey.core:jersey-client:jar:2.27:compile
|  |  +- javax.ws.rs:javax.ws.rs-api:jar:2.1:compile
|  |  \- org.glassfish.hk2.external:javax.inject:jar:2.5.0-b42:compile
|  +- org.glassfish.jersey.core:jersey-common:jar:2.27:compile
|  |  +- javax.annotation:javax.annotation-api:jar:1.3.2:compile
|  |  \- org.glassfish.hk2:osgi-resource-locator:jar:1.0.1:compile
|  \- org.glassfish.jersey.inject:jersey-hk2:jar:2.27:compile
|     \- org.glassfish.hk2:hk2-locator:jar:2.5.0-b42:compile
|        +- org.glassfish.hk2.external:aopalliance-repackaged:jar:2.5.0-b42:compile
|        +- org.glassfish.hk2:hk2-api:jar:2.5.0-b42:compile
|        +- org.glassfish.hk2:hk2-utils:jar:2.5.0-b42:compile
|        \- org.javassist:javassist:jar:3.22.0-CR2:compile
+- org.apache.velocity:velocity-engine-core:jar:2.1:compile
|  +- org.apache.commons:commons-lang3:jar:3.8.1:compile
|  \- org.slf4j:slf4j-api:jar:1.7.26:compile
+- org.springframework.boot:spring-boot-starter-web:jar:2.1.5.RELEASE:compile
|  +- org.springframework.boot:spring-boot-starter:jar:2.1.5.RELEASE:compile
|  |  +- org.springframework.boot:spring-boot:jar:2.1.5.RELEASE:compile
|  |  +- org.springframework.boot:spring-boot-autoconfigure:jar:2.1.5.RELEASE:compile
|  |  \- org.yaml:snakeyaml:jar:1.23:compile
|  +- org.springframework.boot:spring-boot-starter-json:jar:2.1.5.RELEASE:compile
|  +- org.hibernate.validator:hibernate-validator:jar:6.0.16.Final:compile
|  |  +- org.jboss.logging:jboss-logging:jar:3.3.2.Final:compile
|  |  \- com.fasterxml:classmate:jar:1.4.0:compile
|  +- org.springframework:spring-web:jar:5.1.7.RELEASE:compile
|  \- org.springframework:spring-webmvc:jar:5.1.7.RELEASE:compile
|     +- org.springframework:spring-aop:jar:5.1.7.RELEASE:compile
|     \- org.springframework:spring-expression:jar:5.1.7.RELEASE:compile
+- org.springframework.boot:spring-boot-starter-logging:jar:2.1.5.RELEASE:compile
|  +- ch.qos.logback:logback-classic:jar:1.2.3:compile
|  +- org.apache.logging.log4j:log4j-to-slf4j:jar:2.11.2:compile
|  |  \- org.apache.logging.log4j:log4j-api:jar:2.11.2:compile
|  \- org.slf4j:jul-to-slf4j:jar:1.7.26:compile
+- org.springframework.boot:spring-boot-starter-mail:jar:2.1.5.RELEASE:compile
|  +- org.springframework:spring-context-support:jar:5.1.7.RELEASE:compile
|  \- com.sun.mail:javax.mail:jar:1.6.2:compile
|     \- javax.activation:activation:jar:1.1:compile
+- rome:rome:jar:1.0:compile
|  \- jdom:jdom:jar:1.0:compile
+- junit:junit:jar:4.12:test
|  \- org.hamcrest:hamcrest-core:jar:1.3:test
\- org.springframework.boot:spring-boot-starter-jetty:jar:2.1.5.RELEASE:compile
   +- org.eclipse.jetty:jetty-servlets:jar:9.4.18.v20190429:compile
   |  +- org.eclipse.jetty:jetty-continuation:jar:9.4.18.v20190429:compile
   |  +- org.eclipse.jetty:jetty-http:jar:9.4.18.v20190429:compile
   |  +- org.eclipse.jetty:jetty-util:jar:9.4.18.v20190429:compile
   |  \- org.eclipse.jetty:jetty-io:jar:9.4.18.v20190429:compile
   +- org.eclipse.jetty:jetty-webapp:jar:9.4.18.v20190429:compile
   |  +- org.eclipse.jetty:jetty-xml:jar:9.4.18.v20190429:compile
   |  \- org.eclipse.jetty:jetty-servlet:jar:9.4.18.v20190429:compile
   |     \- org.eclipse.jetty:jetty-security:jar:9.4.18.v20190429:compile
   |        \- org.eclipse.jetty:jetty-server:jar:9.4.18.v20190429:compile
   |           \- javax.servlet:javax.servlet-api:jar:4.0.1:compile
   \- org.mortbay.jasper:apache-el:jar:8.5.40:compile

