WARNING: Your kernel does not support swap limit capabilities or the cgroup is not mounted. Memory limited without swap.
me.vik1395:ProtectionStones:jar:1.3.1
+- org.spigotmc:spigot-api:jar:1.8.8-R0.1-SNAPSHOT:provided
|  +- (commons-lang:commons-lang:jar:2.6:runtime - scope updated from provided; omitted for duplicate)
|  +- (com.googlecode.json-simple:json-simple:jar:1.1.1:runtime - scope updated from provided; omitted for duplicate)
|  +- (com.google.guava:guava:jar:17.0:runtime - scope updated from provided; omitted for duplicate)
|  +- (com.google.code.gson:gson:jar:2.2.4:compile - scope updated from provided; omitted for duplicate)
|  +- (org.avaje:ebean:jar:2.8.1:runtime - scope updated from provided; omitted for duplicate)
|  +- (org.yaml:snakeyaml:jar:1.15:runtime - scope updated from provided; omitted for duplicate)
|  \- net.md-5:bungeecord-chat:jar:1.8-SNAPSHOT:provided
|     +- (com.google.code.gson:gson:jar:2.3.1:provided - omitted for conflict with 2.2.4)
|     \- (com.google.guava:guava:jar:18.0:provided - omitted for conflict with 17.0)
+- com.sk89q:worldguard:jar:6.1:compile
|  +- com.sk89q:worldedit:jar:5.5.8:compile
|  |  +- de.schlichtherle:truezip:jar:6.8.3:compile
|  |  +- rhino:js:jar:1.7R2:compile
|  |  \- com.sk89q:jchronic:jar:0.2.4a:compile
|  |     \- junit:junit:jar:4.10:compile
|  +- com.sk89q.spigot:bukkit-classloader-check:jar:1.8-R0.1-SNAPSHOT:runtime
|  |  +- (commons-lang:commons-lang:jar:2.6:compile - scope updated from runtime; omitted for duplicate)
|  |  +- (com.googlecode.json-simple:json-simple:jar:1.1.1:compile - scope updated from runtime; omitted for duplicate)
|  |  +- (com.google.guava:guava:jar:17.0:compile - scope updated from runtime; omitted for duplicate)
|  |  +- (org.avaje:ebean:jar:2.8.1:compile - scope updated from runtime; omitted for duplicate)
|  |  \- (org.yaml:snakeyaml:jar:1.15:compile - scope updated from runtime; omitted for duplicate)
|  +- org.bukkit:bukkit:jar:1.8.6-R0.1-SNAPSHOT:compile
|  |  +- commons-lang:commons-lang:jar:2.6:compile
|  |  +- com.googlecode.json-simple:json-simple:jar:1.1.1:compile
|  |  |  \- (junit:junit:jar:4.10:compile - omitted for duplicate)
|  |  +- com.google.guava:guava:jar:17.0:compile
|  |  +- com.google.code.gson:gson:jar:2.2.4:compile
|  |  +- org.avaje:ebean:jar:2.8.1:compile
|  |  |  \- javax.persistence:persistence-api:jar:1.0:compile
|  |  \- org.yaml:snakeyaml:jar:1.15:compile
|  +- com.sk89q:commandbook:jar:2.3:compile
|  |  +- (com.sk89q:worldedit:jar:5.5.6:compile - omitted for conflict with 5.5.8)
|  |  \- net.sf.opencsv:opencsv:jar:2.0:compile
|  \- com.google.code.findbugs:jsr305:jar:1.3.9:compile
\- com.sk89q.worldedit:worldedit-bukkit:jar:6.1.1-SNAPSHOT:compile
   +- com.sk89q:dummypermscompat:jar:1.8:compile
   +- (org.bukkit:bukkit:jar:1.7.9-R0.2:compile - omitted for conflict with 1.8.6-R0.1-SNAPSHOT)
   +- com.sk89q.worldedit:worldedit-core:jar:6.1.1-SNAPSHOT:compile
   |  +- (de.schlichtherle:truezip:jar:6.8.3:compile - omitted for duplicate)
   |  +- (com.google.guava:guava:jar:18.0:compile - omitted for conflict with 17.0)
   |  +- (rhino:js:jar:1.7R2:compile - omitted for duplicate)
   |  +- (org.yaml:snakeyaml:jar:1.9:compile - omitted for conflict with 1.15)
   |  +- (com.google.code.findbugs:jsr305:jar:1.3.9:compile - omitted for duplicate)
   |  +- com.thoughtworks.paranamer:paranamer:jar:2.6:compile
   |  +- (com.google.code.gson:gson:jar:2.2.4:compile - omitted for duplicate)
   |  +- com.sk89q.lib:jlibnoise:jar:1.0.0:compile
   |  \- (com.sk89q:jchronic:jar:0.2.4a:compile - omitted for duplicate)
   \- org.sk89q.bukkit:bukkit-classloader-check:jar:1.7.9-R0.2:compile
      +- (org.yaml:snakeyaml:jar:1.9:compile - omitted for conflict with 1.15)
      +- (com.googlecode.json-simple:json-simple:jar:1.1:compile - omitted for conflict with 1.1.1)
      +- (org.avaje:ebean:jar:2.7.3:compile - omitted for conflict with 2.8.1)
      +- (com.google.guava:guava:jar:10.0.1:compile - omitted for conflict with 17.0)
      \- (commons-lang:commons-lang:jar:2.3:compile - omitted for conflict with 2.6)

