WARNING: Your kernel does not support swap limit capabilities or the cgroup is not mounted. Memory limited without swap.
fatal: write error: No space left on device
fatal: index-pack failed
fatal: reference is not a tree: 0af5232c9ee59b34b1851cd4cc8ffb17ca82f2ae
dev.espi:protectionstones:jar:2.8.0
+- org.bstats:bstats-bukkit:jar:1.5:compile
+- org.spigotmc:spigot-api:jar:1.13.2-R0.1-SNAPSHOT:provided
|  +- commons-lang:commons-lang:jar:2.6:provided
|  +- com.googlecode.json-simple:json-simple:jar:1.1.1:provided
|  |  \- junit:junit:jar:4.10:provided
|  |     \- org.hamcrest:hamcrest-core:jar:1.1:provided
|  +- com.google.guava:guava:jar:21.0:provided
|  +- com.google.code.gson:gson:jar:2.8.0:provided
|  +- net.md-5:bungeecord-chat:jar:1.13-SNAPSHOT:provided
|  |  +- (com.google.code.gson:gson:jar:2.8.0:provided - omitted for duplicate)
|  |  \- (com.google.guava:guava:jar:20.0:provided - omitted for conflict with 21.0)
|  \- org.yaml:snakeyaml:jar:1.23:provided
+- com.sk89q.worldguard:worldguard-legacy:jar:7.0.0-SNAPSHOT:provided
|  +- (com.sk89q.worldedit:worldedit-bukkit:jar:7.0.0-SNAPSHOT:provided - omitted for duplicate)
|  +- com.sk89q.worldguard:worldguard-core:jar:7.0.0-SNAPSHOT:provided
|  |  +- (com.sk89q.worldedit:worldedit-core:jar:7.0.0-SNAPSHOT:provided - omitted for duplicate)
|  |  +- com.google.code.findbugs:jsr305:jar:1.3.9:provided
|  |  +- com.sk89q.intake:intake:jar:4.2-SNAPSHOT:provided
|  |  |  +- (com.google.guava:guava:jar:18.0:provided - omitted for conflict with 21.0)
|  |  |  \- (com.google.code.findbugs:jsr305:jar:3.0.0:provided - omitted for conflict with 1.3.9)
|  |  +- com.sk89q:squirrelid:jar:0.2.0:provided
|  |  |  \- (com.google.code.findbugs:jsr305:jar:1.3.9:provided - omitted for duplicate)
|  |  +- org.flywaydb:flyway-core:jar:3.0:provided
|  |  \- org.khelekore:prtree:jar:1.5.0:provided
|  +- com.sk89q:commandbook:jar:2.3:provided
|  \- (org.bstats:bstats-bukkit:jar:1.4:provided - omitted for conflict with 1.5)
+- net.milkbowl.vault:VaultAPI:jar:1.7:provided
|  \- org.bukkit:bukkit:jar:1.13.1-R0.1-SNAPSHOT:provided
|     +- (commons-lang:commons-lang:jar:2.6:provided - omitted for duplicate)
|     +- (com.googlecode.json-simple:json-simple:jar:1.1.1:provided - omitted for duplicate)
|     +- (com.google.guava:guava:jar:21.0:provided - omitted for duplicate)
|     +- (com.google.code.gson:gson:jar:2.8.0:provided - omitted for duplicate)
|     \- (org.yaml:snakeyaml:jar:1.21:provided - omitted for conflict with 1.23)
+- com.sk89q.worldedit:worldedit-bukkit:jar:7.0.0-SNAPSHOT:provided
|  +- com.sk89q.worldedit:worldedit-core:jar:7.0.0-SNAPSHOT:provided
|  |  +- (com.google.guava:guava:jar:21.0:provided - omitted for duplicate)
|  |  +- com.sk89q.worldedit.worldedit-libs:core:jar:7.0.0-SNAPSHOT:provided
|  |  +- de.schlichtherle:truezip:jar:6.8.3:provided
|  |  +- rhino:js:jar:1.7R2:provided
|  |  +- (org.yaml:snakeyaml:jar:1.9:provided - omitted for conflict with 1.23)
|  |  +- (com.google.code.findbugs:jsr305:jar:1.3.9:provided - omitted for duplicate)
|  |  +- (com.google.code.gson:gson:jar:2.8.0:provided - omitted for duplicate)
|  |  +- (com.googlecode.json-simple:json-simple:jar:1.1.1:provided - omitted for duplicate)
|  |  \- org.slf4j:slf4j-api:jar:1.7.26:provided
|  +- com.sk89q.worldedit.worldedit-libs:bukkit:jar:7.0.0-SNAPSHOT:provided
|  +- io.papermc:paperlib:jar:1.0.2:provided
|  +- org.apache.logging.log4j:log4j-slf4j-impl:jar:2.8.1:provided
|  |  +- (org.slf4j:slf4j-api:jar:1.7.24:provided - omitted for conflict with 1.7.26)
|  |  \- org.apache.logging.log4j:log4j-api:jar:2.8.1:provided
|  \- (org.bstats:bstats-bukkit:jar:1.4:provided - omitted for conflict with 1.5)
+- me.clip:placeholderapi:jar:2.10.3:provided
+- net.luckperms:api:jar:5.2:provided
+- com.electronwill.night-config:toml:jar:3.6.2:compile
|  \- com.electronwill.night-config:core:jar:3.6.2:compile
+- commons-io:commons-io:jar:2.6:compile
\- org.projectlombok:lombok:jar:1.18.10:provided

