WARNING: Your kernel does not support swap limit capabilities or the cgroup is not mounted. Memory limited without swap.
com.igumnov:common:jar:5.4
+- junit:junit:jar:4.12:test
|  \- org.hamcrest:hamcrest-core:jar:1.3:test
+- com.fasterxml.jackson.core:jackson-databind:jar:2.5.3:compile
|  +- com.fasterxml.jackson.core:jackson-annotations:jar:2.5.0:compile
|  \- com.fasterxml.jackson.core:jackson-core:jar:2.5.3:compile
+- org.eclipse.jetty:jetty-server:jar:9.3.0.M2:compile
|  +- javax.servlet:javax.servlet-api:jar:3.1.0:compile
|  +- org.eclipse.jetty:jetty-http:jar:9.3.0.M2:compile
|  |  \- org.eclipse.jetty:jetty-util:jar:9.3.0.M2:compile
|  \- org.eclipse.jetty:jetty-io:jar:9.3.0.M2:compile
|     \- (org.eclipse.jetty:jetty-util:jar:9.3.0.M2:compile - omitted for duplicate)
+- org.eclipse.jetty:jetty-security:jar:9.3.0.M2:compile
|  \- (org.eclipse.jetty:jetty-server:jar:9.3.0.M2:compile - omitted for duplicate)
+- org.eclipse.jetty:jetty-servlet:jar:9.3.0.M2:compile
|  \- (org.eclipse.jetty:jetty-security:jar:9.3.0.M2:compile - omitted for duplicate)
+- org.thymeleaf:thymeleaf:jar:2.1.4.RELEASE:compile
|  +- ognl:ognl:jar:3.0.8:compile
|  +- org.javassist:javassist:jar:3.16.1-GA:compile
|  +- org.unbescape:unbescape:jar:1.1.0.RELEASE:compile
|  \- org.slf4j:slf4j-api:jar:1.6.6:compile
+- nz.net.ultraq.thymeleaf:thymeleaf-layout-dialect:jar:1.2.8:compile
|  \- (org.thymeleaf:thymeleaf:jar:2.1.3.RELEASE:compile - omitted for conflict with 2.1.4.RELEASE)
+- org.slf4j:slf4j-simple:jar:1.6.4:compile
|  \- (org.slf4j:slf4j-api:jar:1.6.4:compile - omitted for conflict with 1.6.6)
+- net.sourceforge.nekohtml:nekohtml:jar:1.9.21:compile
|  \- xerces:xercesImpl:jar:2.10.0:compile
|     \- xml-apis:xml-apis:jar:1.4.01:compile
+- org.apache.commons:commons-dbcp2:jar:2.1:compile
|  +- org.apache.commons:commons-pool2:jar:2.3:compile
|  \- commons-logging:commons-logging:jar:1.2:compile
\- com.h2database:h2:jar:1.4.187:test

