WARNING: Your kernel does not support swap limit capabilities or the cgroup is not mounted. Memory limited without swap.
io.fabric8.elasticsearch:openshift-elasticsearch-plugin:jar:2.4.4.15
+- org.elasticsearch:elasticsearch:jar:2.4.4:provided
|  +- org.apache.lucene:lucene-core:jar:5.5.2:provided
|  +- org.apache.lucene:lucene-backward-codecs:jar:5.5.2:provided
|  |  \- (org.apache.lucene:lucene-core:jar:5.5.2:provided - omitted for duplicate)
|  +- org.apache.lucene:lucene-analyzers-common:jar:5.5.2:provided
|  |  \- (org.apache.lucene:lucene-core:jar:5.5.2:provided - omitted for duplicate)
|  +- org.apache.lucene:lucene-queries:jar:5.5.2:provided
|  |  \- (org.apache.lucene:lucene-core:jar:5.5.2:provided - omitted for duplicate)
|  +- org.apache.lucene:lucene-memory:jar:5.5.2:provided
|  |  \- (org.apache.lucene:lucene-core:jar:5.5.2:provided - omitted for duplicate)
|  +- org.apache.lucene:lucene-highlighter:jar:5.5.2:provided
|  |  +- (org.apache.lucene:lucene-analyzers-common:jar:5.5.2:provided - omitted for duplicate)
|  |  +- (org.apache.lucene:lucene-core:jar:5.5.2:provided - omitted for duplicate)
|  |  +- (org.apache.lucene:lucene-join:jar:5.5.2:provided - omitted for duplicate)
|  |  +- (org.apache.lucene:lucene-memory:jar:5.5.2:provided - omitted for duplicate)
|  |  \- (org.apache.lucene:lucene-queries:jar:5.5.2:provided - omitted for duplicate)
|  +- org.apache.lucene:lucene-queryparser:jar:5.5.2:provided
|  |  +- (org.apache.lucene:lucene-core:jar:5.5.2:provided - omitted for duplicate)
|  |  +- (org.apache.lucene:lucene-queries:jar:5.5.2:provided - omitted for duplicate)
|  |  \- org.apache.lucene:lucene-sandbox:jar:5.5.2:provided
|  +- org.apache.lucene:lucene-suggest:jar:5.5.2:provided
|  |  +- (org.apache.lucene:lucene-analyzers-common:jar:5.5.2:provided - omitted for duplicate)
|  |  +- (org.apache.lucene:lucene-core:jar:5.5.2:provided - omitted for duplicate)
|  |  +- org.apache.lucene:lucene-misc:jar:5.5.2:provided
|  |  \- (org.apache.lucene:lucene-queries:jar:5.5.2:provided - omitted for duplicate)
|  +- org.apache.lucene:lucene-join:jar:5.5.2:provided
|  |  +- (org.apache.lucene:lucene-core:jar:5.5.2:provided - omitted for duplicate)
|  |  \- org.apache.lucene:lucene-grouping:jar:5.5.2:provided
|  +- org.apache.lucene:lucene-spatial:jar:5.5.2:provided
|  |  +- (org.apache.lucene:lucene-core:jar:5.5.2:provided - omitted for duplicate)
|  |  +- (org.apache.lucene:lucene-misc:jar:5.5.2:provided - omitted for duplicate)
|  |  +- (org.apache.lucene:lucene-queries:jar:5.5.2:provided - omitted for duplicate)
|  |  +- org.apache.lucene:lucene-spatial3d:jar:5.5.2:provided
|  |  \- com.spatial4j:spatial4j:jar:0.5:provided
|  +- com.google.guava:guava:jar:18.0:provided
|  +- org.elasticsearch:securesm:jar:1.0:provided
|  +- com.carrotsearch:hppc:jar:0.7.1:provided
|  +- joda-time:joda-time:jar:2.9.5:provided
|  +- com.fasterxml.jackson.core:jackson-core:jar:2.8.1:provided
|  +- com.fasterxml.jackson.dataformat:jackson-dataformat-smile:jar:2.8.1:provided
|  |  \- (com.fasterxml.jackson.core:jackson-core:jar:2.8.1:provided - omitted for duplicate)
|  +- com.fasterxml.jackson.dataformat:jackson-dataformat-yaml:jar:2.8.1:provided
|  |  +- (com.fasterxml.jackson.core:jackson-core:jar:2.8.1:provided - omitted for duplicate)
|  |  \- (org.yaml:snakeyaml:jar:1.15:provided - omitted for duplicate)
|  +- com.fasterxml.jackson.dataformat:jackson-dataformat-cbor:jar:2.8.1:provided
|  |  \- (com.fasterxml.jackson.core:jackson-core:jar:2.8.1:provided - omitted for duplicate)
|  +- (org.yaml:snakeyaml:jar:1.15:provided - omitted for conflict with 1.16)
|  +- io.netty:netty:jar:3.10.6.Final:provided
|  +- com.ning:compress-lzf:jar:1.0.2:provided
|  +- com.tdunning:t-digest:jar:3.0:provided
|  +- org.hdrhistogram:HdrHistogram:jar:2.1.6:provided
|  +- commons-cli:commons-cli:jar:1.3.1:provided
|  \- com.twitter:jsr166e:jar:1.1.0:provided
+- io.fabric8:openshift-client:jar:1.3.99:compile
|  \- io.fabric8:kubernetes-client:jar:1.3.99:compile
|     +- io.fabric8:kubernetes-model:jar:1.0.52:compile
|     |  +- com.fasterxml.jackson.module:jackson-module-jaxb-annotations:jar:2.7.5:compile
|     |  |  +- (com.fasterxml.jackson.core:jackson-annotations:jar:2.7.0:compile - omitted for duplicate)
|     |  |  \- (com.fasterxml.jackson.core:jackson-databind:jar:2.7.5:compile - omitted for duplicate)
|     |  \- javax.validation:validation-api:jar:1.1.0.Final:compile
|     +- com.squareup.okhttp:okhttp:jar:2.7.5:compile
|     |  \- com.squareup.okio:okio:jar:1.6.0:compile
|     +- com.squareup.okhttp:logging-interceptor:jar:2.7.5:compile
|     |  \- (com.squareup.okhttp:okhttp:jar:2.7.5:compile - omitted for duplicate)
|     +- com.squareup.okhttp:okhttp-ws:jar:2.7.5:compile
|     |  \- (com.squareup.okhttp:okhttp:jar:2.7.5:compile - omitted for duplicate)
|     +- (org.slf4j:slf4j-api:jar:1.7.13:compile - omitted for conflict with 1.7.7)
|     +- org.slf4j:jul-to-slf4j:jar:1.7.13:compile
|     |  \- (org.slf4j:slf4j-api:jar:1.7.13:compile - omitted for duplicate)
|     +- com.fasterxml.jackson.core:jackson-databind:jar:2.7.5:compile
|     |  \- com.fasterxml.jackson.core:jackson-annotations:jar:2.7.0:compile
|     +- io.fabric8:zjsonpatch:jar:0.2.3:compile
|     |  \- (com.fasterxml.jackson.core:jackson-databind:jar:2.3.2:compile - omitted for conflict with 2.7.5)
|     \- com.github.mifmif:generex:jar:1.0.1:compile
|        \- dk.brics.automaton:automaton:jar:1.11-8:compile
+- com.floragunn:search-guard-2:jar:2.4.4.10:compile
+- com.floragunn:search-guard-ssl:jar:2.4.4.19:compile
|  \- io.netty:netty-handler:jar:4.0.37.Final:compile
|     +- io.netty:netty-buffer:jar:4.0.37.Final:compile
|     |  \- io.netty:netty-common:jar:4.0.37.Final:compile
|     +- io.netty:netty-transport:jar:4.0.37.Final:compile
|     |  \- (io.netty:netty-buffer:jar:4.0.37.Final:compile - omitted for duplicate)
|     \- io.netty:netty-codec:jar:4.0.37.Final:compile
|        \- (io.netty:netty-transport:jar:4.0.37.Final:compile - omitted for duplicate)
+- org.slf4j:slf4j-log4j12:jar:1.7.7:compile
|  +- org.slf4j:slf4j-api:jar:1.7.7:compile
|  \- log4j:log4j:jar:1.2.17:compile
+- junit:junit:jar:4.8.2:test
+- org.mockito:mockito-core:jar:1.9.0-rc1:test
|  +- org.hamcrest:hamcrest-core:jar:1.1:test
|  \- org.objenesis:objenesis:jar:1.0:test
+- commons-lang:commons-lang:jar:2.6:compile
+- commons-io:commons-io:jar:2.1:compile
+- org.apache.httpcomponents:fluent-hc:jar:4.5.1:test
|  +- org.apache.httpcomponents:httpclient:jar:4.5.1:test
|  |  +- org.apache.httpcomponents:httpcore:jar:4.4.3:test
|  |  +- (commons-logging:commons-logging:jar:1.2:test - omitted for duplicate)
|  |  \- (commons-codec:commons-codec:jar:1.9:test - omitted for duplicate)
|  \- commons-logging:commons-logging:jar:1.2:test
+- commons-codec:commons-codec:jar:1.9:compile
\- org.yaml:snakeyaml:jar:1.16:test

