WARNING: Your kernel does not support swap limit capabilities or the cgroup is not mounted. Memory limited without swap.
Traceback (most recent call last):
  File "/home/jdbl/core/Debloat.py", line 80, in depClean
    output = subprocess.check_output(cmd, shell=True)
  File "/usr/lib/python3.7/subprocess.py", line 395, in check_output
    **kwargs).stdout
  File "/usr/lib/python3.7/subprocess.py", line 487, in run
    output=stdout, stderr=stderr)
subprocess.CalledProcessError: Command 'cd /tmp/tmp6o7bad4i/kubernetes-assertions; mvn -gs /home/jdbl/core/../maven-proxy.xml se.kth.castor:depclean-maven-plugin:1.1.0:depclean -Dcreate.pom.debloated=true -Dcreate.result.json=true > /home/jdbl/results/fabric8io_kubernetes-assertions/1b8473b7836cf940a262c1046c3e6d69d27096db/depClean.log 2>&1' returned non-zero exit status 1.
[ERROR] Command 'cd /tmp/tmp6o7bad4i/kubernetes-assertions; mvn -gs /home/jdbl/core/../maven-proxy.xml se.kth.castor:depclean-maven-plugin:1.1.0:depclean -Dcreate.pom.debloated=true -Dcreate.result.json=true > /home/jdbl/results/fabric8io_kubernetes-assertions/1b8473b7836cf940a262c1046c3e6d69d27096db/depClean.log 2>&1' returned non-zero exit status 1.
[ERROR] Failed to execute goal on project components: Could not resolve dependencies for project io.fabric8:components:pom:2.2.44: Failure to find io.fabric8:fabric8-apt:jar:2.2.44 in http://130.237.222.185:5956/ was cached in the local repository, resolution will not be reattempted until the update interval of tiny-maven-mirror has elapsed or updates are forced -> [Help 1]
[ERROR] 
[ERROR] To see the full stack trace of the errors, re-run Maven with the -e switch.
[ERROR] Re-run Maven using the -X switch to enable full debug logging.
[ERROR] 
[ERROR] For more information about the errors and possible solutions, please read the following articles:
[ERROR] [Help 1] http://cwiki.apache.org/confluence/display/MAVEN/DependencyResolutionException
[ERROR] 
[ERROR] After correcting the problems, you can resume the build with the command
[ERROR]   mvn <args> -rf :components
io.fabric8:fabric8-project:pom:2.2.44

list index out of range
