WARNING: Your kernel does not support swap limit capabilities or the cgroup is not mounted. Memory limited without swap.
io.fabric8.elasticsearch:openshift-elasticsearch-plugin:jar:0.14
+- com.floragunn:search-guard:jar:0.5:provided
|  +- org.apache.directory.api:api-ldap-client-all:jar:1.0.0-M28:provided
|  +- com.github.dblock.waffle:waffle-jna:jar:1.7.3:provided
|  |  +- net.java.dev.jna:jna:jar:4.1.0:provided
|  |  +- net.java.dev.jna:jna-platform:jar:4.1.0:provided
|  |  |  \- (net.java.dev.jna:jna:jar:4.1.0:provided - omitted for duplicate)
|  |  +- (org.slf4j:slf4j-api:jar:1.7.9:compile - scope updated from provided; omitted for duplicate)
|  |  \- com.google.guava:guava:jar:18.0:provided
|  +- (commons-codec:commons-codec:jar:1.10:provided - omitted for conflict with 1.9)
|  +- (commons-io:commons-io:jar:2.4:provided - omitted for conflict with 2.1)
|  +- org.javassist:javassist:jar:3.19.0-GA:provided
|  \- org.codehaus.jackson:jackson-mapper-asl:jar:1.9.13:provided
|     \- org.codehaus.jackson:jackson-core-asl:jar:1.9.13:provided
+- org.elasticsearch:elasticsearch:jar:1.5.2:compile
|  +- org.apache.lucene:lucene-core:jar:4.10.4:compile
|  +- org.apache.lucene:lucene-analyzers-common:jar:4.10.4:compile
|  |  \- (org.apache.lucene:lucene-core:jar:4.10.4:compile - omitted for duplicate)
|  +- org.apache.lucene:lucene-queries:jar:4.10.4:compile
|  |  \- (org.apache.lucene:lucene-core:jar:4.10.4:compile - omitted for duplicate)
|  +- org.apache.lucene:lucene-memory:jar:4.10.4:compile
|  |  \- (org.apache.lucene:lucene-core:jar:4.10.4:compile - omitted for duplicate)
|  +- org.apache.lucene:lucene-highlighter:jar:4.10.4:compile
|  |  +- (org.apache.lucene:lucene-core:jar:4.10.4:compile - omitted for duplicate)
|  |  +- (org.apache.lucene:lucene-memory:jar:4.10.4:compile - omitted for duplicate)
|  |  \- (org.apache.lucene:lucene-queries:jar:4.10.4:compile - omitted for duplicate)
|  +- org.apache.lucene:lucene-queryparser:jar:4.10.4:compile
|  |  +- (org.apache.lucene:lucene-core:jar:4.10.4:compile - omitted for duplicate)
|  |  +- (org.apache.lucene:lucene-queries:jar:4.10.4:compile - omitted for duplicate)
|  |  \- (org.apache.lucene:lucene-sandbox:jar:4.10.4:compile - omitted for duplicate)
|  +- org.apache.lucene:lucene-sandbox:jar:4.10.4:compile
|  |  \- (org.apache.lucene:lucene-core:jar:4.10.4:compile - omitted for duplicate)
|  +- org.apache.lucene:lucene-suggest:jar:4.10.4:compile
|  |  +- (org.apache.lucene:lucene-analyzers-common:jar:4.10.4:compile - omitted for duplicate)
|  |  +- (org.apache.lucene:lucene-core:jar:4.10.4:compile - omitted for duplicate)
|  |  +- (org.apache.lucene:lucene-misc:jar:4.10.4:compile - omitted for duplicate)
|  |  \- (org.apache.lucene:lucene-queries:jar:4.10.4:compile - omitted for duplicate)
|  +- org.apache.lucene:lucene-misc:jar:4.10.4:compile
|  |  \- (org.apache.lucene:lucene-core:jar:4.10.4:compile - omitted for duplicate)
|  +- org.apache.lucene:lucene-join:jar:4.10.4:compile
|  |  +- (org.apache.lucene:lucene-core:jar:4.10.4:compile - omitted for duplicate)
|  |  \- (org.apache.lucene:lucene-grouping:jar:4.10.4:compile - omitted for duplicate)
|  +- org.apache.lucene:lucene-grouping:jar:4.10.4:compile
|  |  +- (org.apache.lucene:lucene-core:jar:4.10.4:compile - omitted for duplicate)
|  |  \- (org.apache.lucene:lucene-queries:jar:4.10.4:compile - omitted for duplicate)
|  +- org.apache.lucene:lucene-spatial:jar:4.10.4:compile
|  |  +- (org.apache.lucene:lucene-core:jar:4.10.4:compile - omitted for duplicate)
|  |  +- (org.apache.lucene:lucene-queries:jar:4.10.4:compile - omitted for duplicate)
|  |  \- com.spatial4j:spatial4j:jar:0.4.1:compile
|  +- org.antlr:antlr-runtime:jar:3.5:compile
|  +- org.ow2.asm:asm:jar:4.1:compile
|  \- org.ow2.asm:asm-commons:jar:4.1:compile
+- io.fabric8:openshift-client:jar:1.3.68:compile
|  \- io.fabric8:kubernetes-client:jar:1.3.68:compile
|     +- io.fabric8:kubernetes-model:jar:1.0.41:compile
|     |  +- com.fasterxml.jackson.module:jackson-module-jaxb-annotations:jar:2.6.3:compile
|     |  |  +- (com.fasterxml.jackson.core:jackson-core:jar:2.6.3:compile - omitted for conflict with 2.7.0)
|     |  |  \- (com.fasterxml.jackson.core:jackson-databind:jar:2.6.3:compile - omitted for conflict with 2.7.0)
|     |  \- javax.validation:validation-api:jar:1.1.0.Final:compile
|     +- com.squareup.okhttp:okhttp:jar:2.7.2:compile
|     |  \- com.squareup.okio:okio:jar:1.6.0:compile
|     +- com.squareup.okhttp:logging-interceptor:jar:2.7.2:compile
|     |  \- (com.squareup.okhttp:okhttp:jar:2.7.2:compile - omitted for duplicate)
|     +- com.squareup.okhttp:okhttp-ws:jar:2.7.2:compile
|     |  \- (com.squareup.okhttp:okhttp:jar:2.7.2:compile - omitted for duplicate)
|     +- (org.slf4j:slf4j-api:jar:1.7.9:compile - omitted for conflict with 1.7.7)
|     +- org.slf4j:jul-to-slf4j:jar:1.7.13:compile
|     |  \- (org.slf4j:slf4j-api:jar:1.7.13:compile - omitted for conflict with 1.7.9)
|     +- com.fasterxml.jackson.dataformat:jackson-dataformat-yaml:jar:2.7.0:compile
|     |  +- com.fasterxml.jackson.core:jackson-core:jar:2.7.0:compile
|     |  \- org.yaml:snakeyaml:jar:1.15:compile
|     \- com.fasterxml.jackson.core:jackson-databind:jar:2.7.0:compile
|        +- com.fasterxml.jackson.core:jackson-annotations:jar:2.7.0:compile
|        \- (com.fasterxml.jackson.core:jackson-core:jar:2.7.0:compile - omitted for duplicate)
+- org.slf4j:slf4j-log4j12:jar:1.7.7:compile
|  +- org.slf4j:slf4j-api:jar:1.7.7:compile
|  \- log4j:log4j:jar:1.2.17:compile
+- junit:junit:jar:4.8.2:test
+- org.mockito:mockito-core:jar:1.9.0-rc1:test
|  +- org.hamcrest:hamcrest-core:jar:1.1:test
|  \- org.objenesis:objenesis:jar:1.0:test
+- commons-lang:commons-lang:jar:2.6:compile
+- commons-io:commons-io:jar:2.1:test
+- org.apache.httpcomponents:fluent-hc:jar:4.5.1:test
|  +- org.apache.httpcomponents:httpclient:jar:4.5.1:test
|  |  +- org.apache.httpcomponents:httpcore:jar:4.4.3:test
|  |  +- (commons-logging:commons-logging:jar:1.2:test - omitted for duplicate)
|  |  \- (commons-codec:commons-codec:jar:1.9:test - omitted for conflict with 1.10)
|  \- commons-logging:commons-logging:jar:1.2:test
\- commons-codec:commons-codec:jar:1.9:compile

