WARNING: Your kernel does not support swap limit capabilities or the cgroup is not mounted. Memory limited without swap.
com.fasterxml.jackson.core:jackson-databind:bundle:2.7.0-rc2
+- com.fasterxml.jackson.core:jackson-annotations:jar:2.7.0-rc2:compile
+- com.fasterxml.jackson.core:jackson-core:jar:2.7.0-rc2:compile
+- org.powermock:powermock-module-junit4:jar:1.6.3:test
|  +- (junit:junit:jar:4.12:test - omitted for duplicate)
|  \- org.powermock:powermock-module-junit4-common:jar:1.6.3:test
|     +- (junit:junit:jar:4.4:test - omitted for conflict with 4.12)
|     +- org.powermock:powermock-core:jar:1.6.3:test
|     |  +- (org.powermock:powermock-reflect:jar:1.6.3:test - omitted for duplicate)
|     |  \- org.javassist:javassist:jar:3.20.0-GA:test
|     \- org.powermock:powermock-reflect:jar:1.6.3:test
|        \- org.objenesis:objenesis:jar:2.1:test
+- org.powermock:powermock-api-mockito:jar:1.6.3:test
|  +- org.mockito:mockito-all:jar:1.10.19:test
|  \- org.powermock:powermock-api-support:jar:1.6.3:test
|     +- (org.powermock:powermock-core:jar:1.6.3:test - omitted for duplicate)
|     \- (org.powermock:powermock-reflect:jar:1.6.3:test - omitted for duplicate)
+- javax.measure:jsr-275:jar:1.0.0:test
\- junit:junit:jar:4.12:test
   \- org.hamcrest:hamcrest-core:jar:1.3:test

