WARNING: Your kernel does not support swap limit capabilities or the cgroup is not mounted. Memory limited without swap.
com.fasterxml.jackson.core:jackson-databind:bundle:2.8.0.rc1
+- com.fasterxml.jackson.core:jackson-annotations:jar:2.8.0.rc1:compile
+- com.fasterxml.jackson.core:jackson-core:jar:2.8.0.rc1:compile
+- junit:junit:jar:4.12:test
|  \- org.hamcrest:hamcrest-core:jar:1.3:test
+- org.powermock:powermock-module-junit4:jar:1.6.5:test
|  +- (junit:junit:jar:4.12:test - omitted for duplicate)
|  \- org.powermock:powermock-module-junit4-common:jar:1.6.5:test
|     +- (junit:junit:jar:4.12:test - omitted for duplicate)
|     +- org.powermock:powermock-core:jar:1.6.5:test
|     |  +- (org.powermock:powermock-reflect:jar:1.6.5:test - omitted for duplicate)
|     |  \- org.javassist:javassist:jar:3.20.0-GA:test
|     \- org.powermock:powermock-reflect:jar:1.6.5:test
|        \- (org.objenesis:objenesis:jar:2.2:test - omitted for conflict with 2.1)
+- org.powermock:powermock-api-mockito:jar:1.6.5:test
|  +- org.mockito:mockito-core:jar:1.10.19:test
|  |  +- (org.hamcrest:hamcrest-core:jar:1.1:test - omitted for conflict with 1.3)
|  |  \- org.objenesis:objenesis:jar:2.1:test
|  +- (org.hamcrest:hamcrest-core:jar:1.3:test - omitted for duplicate)
|  \- org.powermock:powermock-api-mockito-common:jar:1.6.5:test
|     +- (org.hamcrest:hamcrest-core:jar:1.3:test - omitted for duplicate)
|     \- org.powermock:powermock-api-support:jar:1.6.5:test
|        +- (org.powermock:powermock-core:jar:1.6.5:test - omitted for duplicate)
|        \- (org.powermock:powermock-reflect:jar:1.6.5:test - omitted for duplicate)
+- javax.measure:jsr-275:jar:1.0.0:test
\- com.google.jimfs:jimfs:jar:1.1:test
   \- com.google.guava:guava:jar:18.0:test

