WARNING: Your kernel does not support swap limit capabilities or the cgroup is not mounted. Memory limited without swap.
com.fasterxml.jackson.core:jackson-databind:bundle:2.0.0-RC1
+- com.fasterxml.jackson.core:jackson-core:jar:2.0.0-RC1:compile
+- com.fasterxml.jackson.core:jackson-annotations:jar:2.0.0-RC1:compile
+- joda-time:joda-time:jar:1.5.2:provided
+- junit:junit:jar:4.8.2:test
+- cglib:cglib:jar:2.2.2:test
|  \- asm:asm:jar:3.3.1:test
+- com.google.collections:google-collections:jar:1.0:test
+- org.codehaus.groovy:groovy:jar:1.7.9:test
|  +- antlr:antlr:jar:2.7.7:test
|  +- (asm:asm:jar:3.2:test - omitted for conflict with 3.3.1)
|  +- asm:asm-commons:jar:3.2:test
|  |  \- (asm:asm-tree:jar:3.2:test - omitted for duplicate)
|  +- asm:asm-util:jar:3.2:test
|  |  \- (asm:asm-tree:jar:3.2:test - omitted for duplicate)
|  +- asm:asm-analysis:jar:3.2:test
|  |  \- (asm:asm-tree:jar:3.2:test - omitted for duplicate)
|  \- asm:asm-tree:jar:3.2:test
|     \- (asm:asm:jar:3.2:test - omitted for conflict with 3.3.1)
\- org.hibernate:hibernate-cglib-repack:jar:2.1_3:test

