WARNING: Your kernel does not support swap limit capabilities or the cgroup is not mounted. Memory limited without swap.
com.fasterxml.jackson.core:jackson-databind:bundle:2.9.8
+- com.fasterxml.jackson.core:jackson-annotations:jar:2.9.0:compile
+- com.fasterxml.jackson.core:jackson-core:jar:2.9.8:compile
+- org.powermock:powermock-module-junit4:jar:1.7.4:test
|  +- org.powermock:powermock-module-junit4-common:jar:1.7.4:test
|  |  +- org.powermock:powermock-reflect:jar:1.7.4:test
|  |  |  \- (org.objenesis:objenesis:jar:2.4:test - omitted for conflict with 2.1)
|  |  +- org.powermock:powermock-core:jar:1.7.4:test
|  |  |  +- (org.powermock:powermock-reflect:jar:1.7.4:test - omitted for duplicate)
|  |  |  +- org.javassist:javassist:jar:3.21.0-GA:test
|  |  |  \- (org.mockito:mockito-core:jar:2.8.9:test - omitted for duplicate)
|  |  +- (junit:junit:jar:4.12:test - omitted for duplicate)
|  |  \- (org.hamcrest:hamcrest-core:jar:1.3:test - omitted for duplicate)
|  +- (junit:junit:jar:4.12:test - omitted for duplicate)
|  \- org.hamcrest:hamcrest-core:jar:1.3:test
+- org.powermock:powermock-api-mockito:jar:1.7.4:test
|  +- org.powermock:powermock-api-mockito-common:jar:1.7.4:test
|  |  +- org.powermock:powermock-api-support:jar:1.7.4:test
|  |  |  +- (org.powermock:powermock-reflect:jar:1.7.4:test - omitted for duplicate)
|  |  |  \- (org.powermock:powermock-core:jar:1.7.4:test - omitted for duplicate)
|  |  \- (org.mockito:mockito-core:jar:2.8.9:test - omitted for conflict with 1.10.19)
|  \- org.mockito:mockito-core:jar:1.10.19:test
|     +- (org.hamcrest:hamcrest-core:jar:1.1:test - omitted for conflict with 1.3)
|     \- org.objenesis:objenesis:jar:2.1:test
+- javax.measure:jsr-275:jar:1.0.0:test
\- junit:junit:jar:4.12:test
   \- (org.hamcrest:hamcrest-core:jar:1.3:test - omitted for duplicate)

