WARNING: Your kernel does not support swap limit capabilities or the cgroup is not mounted. Memory limited without swap.
org.fenixedu:fenixedu-academic:jar:10.0.1
+- org.fenixedu:fenixedu-spaces:jar:2.0.0:compile
|  +- (org.fenixedu:bennu-core:jar:4.1.0:compile - omitted for conflict with 5.0.2)
|  +- (org.fenixedu:bennu-scheduler:jar:4.1.0:compile - omitted for conflict with 5.0.2)
|  +- (org.fenixedu:bennu-portal:jar:4.1.0:compile - omitted for conflict with 5.0.2)
|  +- (org.fenixedu:bennu-io:jar:4.1.0:compile - omitted for conflict with 5.0.2)
|  +- (org.fenixedu:bennu-spring:jar:4.1.0:compile - omitted for conflict with 5.0.2)
|  +- (org.fenixedu:fenixedu-commons:jar:1.1.2:compile - omitted for duplicate)
|  +- (com.google.guava:guava:jar:17.0:compile - omitted for conflict with 21.0)
|  +- (com.google.code.gson:gson:jar:2.2.4:compile - omitted for conflict with 2.8.0)
|  +- (joda-time:joda-time:jar:2.3:compile - omitted for conflict with 2.9.7)
|  +- (javax.ws.rs:javax.ws.rs-api:jar:2.0:compile - omitted for duplicate)
|  +- com.iver.cit:jdwglib:jar:1.0.1:compile
|  |  \- (org.slf4j:slf4j-api:jar:1.7.2:compile - omitted for conflict with 1.7.7)
|  +- com.iver.cit:fmap:jar:0.5:compile
|  +- (pt.ist:fenix-framework-core-api:jar:2.7.0:compile - omitted for duplicate)
|  +- (pt.ist:fenix-framework-core-consistency-predicates:jar:2.7.0:compile - omitted for duplicate)
|  +- (pt.ist:fenix-framework-backend-jvstm-common-runtime:jar:2.7.0:compile - omitted for duplicate)
|  +- (pt.ist:fenix-framework-backend-jvstm-inmem-runtime:jar:2.7.0:compile - omitted for duplicate)
|  \- (org.slf4j:slf4j-api:jar:1.7.22:compile - omitted for duplicate)
+- org.fenixedu:messaging-core:jar:3.6.0:compile
|  +- (org.fenixedu:bennu-spring:jar:5.0.0:compile - omitted for conflict with 4.1.0)
|  +- (org.fenixedu:bennu-core:jar:5.0.0:compile - omitted for conflict with 4.1.0)
|  +- (org.fenixedu:bennu-scheduler:jar:5.0.0:compile - omitted for conflict with 4.1.0)
|  +- com.mitchellbosecke:pebble:jar:2.4.0:compile
|  |  +- (com.google.guava:guava:jar:16.0.1:compile - omitted for conflict with 17.0)
|  |  +- com.coverity.security:coverity-escapers:jar:1.1:compile
|  |  \- (org.slf4j:slf4j-api:jar:1.7.21:compile - omitted for conflict with 1.7.22)
|  +- javax.mail:javax.mail-api:jar:1.6.0:compile
|  +- io.jsonwebtoken:jjwt:jar:0.7.0:compile
|  |  \- com.fasterxml.jackson.core:jackson-databind:jar:2.8.2:compile
|  |     +- com.fasterxml.jackson.core:jackson-annotations:jar:2.8.0:compile
|  |     \- com.fasterxml.jackson.core:jackson-core:jar:2.8.2:compile
|  +- (pt.ist:fenix-framework-core-api:jar:2.6.0:compile - omitted for conflict with 2.7.0)
|  +- (pt.ist:fenix-framework-core-consistency-predicates:jar:2.6.0:compile - omitted for conflict with 2.7.0)
|  \- (org.slf4j:slf4j-api:jar:1.7.7:compile - omitted for conflict with 1.7.22)
+- org.fenixedu:bennu-core:jar:5.0.2:compile
|  +- (org.fenixedu:fenixedu-commons:jar:1.1.1:compile - omitted for conflict with 1.1.2)
|  +- (com.google.guava:guava:jar:19.0:compile - omitted for conflict with 17.0)
|  +- (com.google.code.gson:gson:jar:2.6.1:compile - omitted for conflict with 2.2.4)
|  +- (joda-time:joda-time:jar:2.9.2:compile - omitted for conflict with 2.3)
|  +- (javax.ws.rs:javax.ws.rs-api:jar:2.0:compile - omitted for duplicate)
|  +- org.webjars:bootstrap:jar:3.3.7:compile
|  |  \- org.webjars:jquery:jar:1.11.1:compile
|  +- (pt.ist:fenix-framework-core-api:jar:2.6.2:compile - omitted for conflict with 2.7.0)
|  +- (pt.ist:fenix-framework-core-consistency-predicates:jar:2.6.2:compile - omitted for conflict with 2.7.0)
|  \- (org.slf4j:slf4j-api:jar:1.7.7:compile - omitted for conflict with 1.7.22)
+- org.fenixedu:bennu-scheduler:jar:5.0.2:compile
|  +- (org.fenixedu:bennu-core:jar:5.0.2:compile - omitted for duplicate)
|  +- (org.fenixedu:bennu-io:jar:5.0.2:compile - omitted for conflict with 4.1.0)
|  +- (org.fenixedu:fenixedu-commons:jar:1.1.1:compile - omitted for conflict with 1.1.2)
|  +- net.sf.cron4j:cron4j:jar:2.2.5:compile
|  +- (com.google.guava:guava:jar:19.0:compile - omitted for conflict with 17.0)
|  +- (joda-time:joda-time:jar:2.9.2:compile - omitted for conflict with 2.3)
|  +- (com.google.code.gson:gson:jar:2.6.1:compile - omitted for conflict with 2.2.4)
|  +- (javax.ws.rs:javax.ws.rs-api:jar:2.0:compile - omitted for duplicate)
|  +- (pt.ist:fenix-framework-core-api:jar:2.6.2:compile - omitted for conflict with 2.7.0)
|  +- (pt.ist:fenix-framework-core-consistency-predicates:jar:2.6.2:compile - omitted for conflict with 2.7.0)
|  \- (org.slf4j:slf4j-api:jar:1.7.7:compile - omitted for conflict with 1.7.22)
+- org.fenixedu:bennu-portal:jar:5.0.2:compile
|  +- (org.fenixedu:bennu-core:jar:5.0.2:compile - omitted for duplicate)
|  +- org.fenixedu:bennu-toolkit:jar:5.0.2:compile
|  |  +- (org.fenixedu:bennu-core:jar:5.0.2:compile - omitted for duplicate)
|  |  +- (org.jsoup:jsoup:jar:1.8.2:compile - omitted for conflict with 1.7.3)
|  |  +- (javax.ws.rs:javax.ws.rs-api:jar:2.0:compile - omitted for duplicate)
|  |  +- org.webjars:ace:jar:1.1.9:compile
|  |  +- com.googlecode.owasp-java-html-sanitizer:owasp-java-html-sanitizer:jar:r239:compile
|  |  |  \- (com.google.guava:guava:jar:17.0:compile - omitted for duplicate)
|  |  +- (pt.ist:fenix-framework-core-api:jar:2.6.2:compile - omitted for conflict with 2.7.0)
|  |  +- (pt.ist:fenix-framework-core-consistency-predicates:jar:2.6.2:compile - omitted for conflict with 2.7.0)
|  |  \- (org.slf4j:slf4j-api:jar:1.7.7:compile - omitted for conflict with 1.7.22)
|  +- (org.fenixedu:fenixedu-commons:jar:1.1.1:compile - omitted for conflict with 1.1.2)
|  +- (com.google.guava:guava:jar:19.0:compile - omitted for conflict with 17.0)
|  +- (joda-time:joda-time:jar:2.9.2:compile - omitted for conflict with 2.3)
|  +- (com.google.code.gson:gson:jar:2.6.1:compile - omitted for conflict with 2.2.4)
|  +- (javax.ws.rs:javax.ws.rs-api:jar:2.0:compile - omitted for duplicate)
|  +- (com.mitchellbosecke:pebble:jar:2.3.0:compile - omitted for conflict with 2.4.0)
|  +- (pt.ist:fenix-framework-core-api:jar:2.6.2:compile - omitted for conflict with 2.7.0)
|  +- (pt.ist:fenix-framework-core-consistency-predicates:jar:2.6.2:compile - omitted for conflict with 2.7.0)
|  \- (org.slf4j:slf4j-api:jar:1.7.7:compile - omitted for conflict with 1.7.22)
+- org.fenixedu:bennu-io:jar:5.0.2:compile
|  +- (org.fenixedu:bennu-core:jar:5.0.2:compile - omitted for duplicate)
|  +- (org.fenixedu:fenixedu-commons:jar:1.1.1:compile - omitted for conflict with 1.1.2)
|  +- (joda-time:joda-time:jar:2.9.2:compile - omitted for conflict with 2.3)
|  +- (com.google.guava:guava:jar:19.0:compile - omitted for conflict with 17.0)
|  +- (com.google.code.gson:gson:jar:2.6.1:compile - omitted for conflict with 2.2.4)
|  +- (javax.ws.rs:javax.ws.rs-api:jar:2.0:compile - omitted for duplicate)
|  +- org.apache.tika:tika-core:jar:1.11:compile
|  +- (pt.ist:fenix-framework-core-api:jar:2.6.2:compile - omitted for conflict with 2.7.0)
|  +- (pt.ist:fenix-framework-core-consistency-predicates:jar:2.6.2:compile - omitted for conflict with 2.7.0)
|  \- (org.slf4j:slf4j-api:jar:1.7.7:compile - omitted for conflict with 1.7.22)
+- org.fenixedu:bennu-spring:jar:5.0.2:compile
|  +- (org.fenixedu:bennu-core:jar:5.0.2:compile - omitted for duplicate)
|  +- (org.fenixedu:bennu-portal:jar:5.0.2:compile - omitted for duplicate)
|  +- org.springframework:spring-webmvc:jar:4.2.5.RELEASE:compile
|  |  +- org.springframework:spring-beans:jar:4.2.5.RELEASE:compile
|  |  |  \- (org.springframework:spring-core:jar:4.2.5.RELEASE:compile - omitted for duplicate)
|  |  +- org.springframework:spring-context:jar:4.2.5.RELEASE:compile
|  |  |  +- org.springframework:spring-aop:jar:4.2.5.RELEASE:compile
|  |  |  |  +- aopalliance:aopalliance:jar:1.0:compile
|  |  |  |  +- (org.springframework:spring-beans:jar:4.2.5.RELEASE:compile - omitted for duplicate)
|  |  |  |  \- (org.springframework:spring-core:jar:4.2.5.RELEASE:compile - omitted for duplicate)
|  |  |  +- (org.springframework:spring-beans:jar:4.2.5.RELEASE:compile - omitted for duplicate)
|  |  |  +- (org.springframework:spring-core:jar:4.2.5.RELEASE:compile - omitted for duplicate)
|  |  |  \- (org.springframework:spring-expression:jar:4.2.5.RELEASE:compile - omitted for duplicate)
|  |  +- org.springframework:spring-core:jar:4.2.5.RELEASE:compile
|  |  |  \- (commons-logging:commons-logging:jar:1.2:compile - omitted for conflict with 1.1.1)
|  |  +- org.springframework:spring-expression:jar:4.2.5.RELEASE:compile
|  |  |  \- (org.springframework:spring-core:jar:4.2.5.RELEASE:compile - omitted for duplicate)
|  |  \- org.springframework:spring-web:jar:4.2.5.RELEASE:compile
|  |     +- (org.springframework:spring-aop:jar:4.2.5.RELEASE:compile - omitted for duplicate)
|  |     +- (org.springframework:spring-beans:jar:4.2.5.RELEASE:compile - omitted for duplicate)
|  |     +- (org.springframework:spring-context:jar:4.2.5.RELEASE:compile - omitted for duplicate)
|  |     \- (org.springframework:spring-core:jar:4.2.5.RELEASE:compile - omitted for duplicate)
|  +- (pt.ist:fenix-framework-core-api:jar:2.6.2:compile - omitted for conflict with 2.7.0)
|  +- (pt.ist:fenix-framework-core-consistency-predicates:jar:2.6.2:compile - omitted for conflict with 2.7.0)
|  \- (org.slf4j:slf4j-api:jar:1.7.7:compile - omitted for conflict with 1.7.22)
+- org.fenixedu:bennu-renderers:jar:5.1.1:compile
|  +- (org.fenixedu:bennu-core:jar:4.0.1:compile - omitted for conflict with 5.0.2)
|  +- (org.fenixedu:fenixedu-commons:jar:1.0.1:compile - omitted for conflict with 1.1.2)
|  +- (com.google.guava:guava:jar:17.0:compile - omitted for duplicate)
|  +- (com.google.code.gson:gson:jar:2.2.4:compile - omitted for duplicate)
|  +- (joda-time:joda-time:jar:2.3:compile - omitted for duplicate)
|  +- (commons-beanutils:commons-beanutils:jar:1.9.2:compile - omitted for conflict with 1.9.3)
|  +- (commons-collections:commons-collections:jar:2.1:compile - scope updated from runtime; omitted for duplicate)
|  +- (org.jsoup:jsoup:jar:1.7.3:compile - omitted for duplicate)
|  +- javax.servlet:jstl:jar:1.2:compile
|  +- (pt.ist:fenix-framework-core-api:jar:2.6.0:compile - omitted for conflict with 2.7.0)
|  +- (pt.ist:fenix-framework-core-consistency-predicates:jar:2.6.0:compile - omitted for conflict with 2.7.0)
|  \- (org.slf4j:slf4j-api:jar:1.7.7:compile - omitted for conflict with 1.7.22)
+- org.fenixedu:bennu-struts:jar:5.1.1:compile
|  +- (org.fenixedu:bennu-core:jar:4.0.1:compile - omitted for conflict with 5.0.2)
|  +- (org.fenixedu:bennu-portal:jar:4.0.1:compile - omitted for conflict with 5.0.2)
|  +- (org.fenixedu:fenixedu-commons:jar:1.0.1:compile - omitted for conflict with 1.1.2)
|  +- (com.google.guava:guava:jar:17.0:compile - omitted for duplicate)
|  +- (org.fenixedu:bennu-renderers:jar:5.1.1:compile - omitted for duplicate)
|  +- struts:struts:jar:1.2.7:compile
|  |  +- (commons-beanutils:commons-beanutils:jar:1.7.0:compile - omitted for conflict with 1.9.2)
|  |  +- commons-chain:commons-chain:jar:1.0:compile
|  |  |  +- (commons-beanutils:commons-beanutils:jar:1.7.0:compile - omitted for conflict with 1.9.2)
|  |  |  +- (commons-digester:commons-digester:jar:1.6:compile - omitted for duplicate)
|  |  |  \- (commons-logging:commons-logging:jar:1.0.3:compile - omitted for conflict with 1.1.1)
|  |  +- (commons-digester:commons-digester:jar:1.6:compile - omitted for conflict with 1.8.1)
|  |  +- (commons-fileupload:commons-fileupload:jar:1.0:compile - omitted for conflict with 1.3.1)
|  |  +- (commons-logging:commons-logging:jar:1.0.4:compile - omitted for conflict with 1.1.1)
|  |  +- (commons-validator:commons-validator:jar:1.1.4:compile - omitted for conflict with 1.5.1)
|  |  \- oro:oro:jar:2.0.8:compile
|  +- commons-fileupload:commons-fileupload:jar:1.3.1:compile
|  |  \- (commons-io:commons-io:jar:2.2:compile - omitted for conflict with 2.5)
|  +- (pt.ist:fenix-framework-core-api:jar:2.6.0:compile - omitted for conflict with 2.7.0)
|  +- (pt.ist:fenix-framework-core-consistency-predicates:jar:2.6.0:compile - omitted for conflict with 2.7.0)
|  \- (org.slf4j:slf4j-api:jar:1.7.7:compile - omitted for conflict with 1.7.22)
+- org.fenixedu:fenixedu-commons:jar:1.1.2:compile
|  +- (com.google.guava:guava:jar:17.0:compile - omitted for duplicate)
|  +- (com.google.code.gson:gson:jar:2.2.4:compile - omitted for duplicate)
|  +- (joda-time:joda-time:jar:2.3:compile - omitted for duplicate)
|  \- (org.slf4j:slf4j-api:jar:1.7.7:compile - omitted for conflict with 1.7.22)
+- pt.ist:standards:jar:1.0.3:compile
|  +- (com.google.code.gson:gson:jar:2.2.3:compile - omitted for conflict with 2.2.4)
|  \- (org.slf4j:slf4j-api:jar:1.7.7:compile - omitted for conflict with 1.7.22)
+- com.google.guava:guava:jar:21.0:compile
+- joda-time:joda-time:jar:2.9.7:compile
+- com.google.code.gson:gson:jar:2.8.0:compile
+- javax.ws.rs:javax.ws.rs-api:jar:2.0:compile
+- org.apache.poi:poi:jar:3.11:compile
|  \- commons-codec:commons-codec:jar:1.9:compile
+- taglibs:string:jar:1.1.0:compile
+- com.sun.mail:javax.mail:jar:1.5.6:compile
|  \- javax.activation:activation:jar:1.1:compile
+- javax.faces:jsf-impl:jar:1.1:compile
+- javax.faces:jsf-api:jar:1.1_01:compile
+- net.sourceforge.htmlcleaner:htmlcleaner:jar:2.18:compile
|  \- org.jdom:jdom2:jar:2.0.5:compile
+- org.xhtmlrenderer:core-renderer:jar:R8:compile
|  \- (com.lowagie:itext:jar:2.0.8:compile - omitted for duplicate)
+- pt.ist:tidy:jar:1.0:compile
+- org.mnode.ical4j:ical4j:jar:1.0.5.2:compile
|  +- commons-logging:commons-logging:jar:1.1.3:compile
|  +- (commons-codec:commons-codec:jar:1.8:compile - omitted for conflict with 1.9)
|  +- (commons-lang:commons-lang:jar:2.6:compile - omitted for duplicate)
|  \- backport-util-concurrent:backport-util-concurrent:jar:3.1:compile
+- com.twilio.sdk:twilio-java-sdk:jar:3.3.9:compile
|  +- org.apache.httpcomponents:httpclient:jar:4.1.2:compile
|  |  +- org.apache.httpcomponents:httpcore:jar:4.1.2:compile
|  |  +- (commons-logging:commons-logging:jar:1.1.1:compile - omitted for conflict with 1.1.3)
|  |  \- (commons-codec:commons-codec:jar:1.4:compile - omitted for conflict with 1.9)
|  +- (commons-lang:commons-lang:jar:2.6:compile - omitted for duplicate)
|  +- com.googlecode.json-simple:json-simple:jar:1.1:compile
|  \- org.codehaus.jackson:jackson-mapper-asl:jar:1.9.3:compile
|     \- org.codehaus.jackson:jackson-core-asl:jar:1.9.3:compile
+- taglibs:datetime:jar:1.0.1:compile
+- commons-httpclient:commons-httpclient:jar:3.1:compile
|  +- (commons-logging:commons-logging:jar:1.0.4:compile - omitted for conflict with 1.1.3)
|  \- (commons-codec:commons-codec:jar:1.2:compile - omitted for conflict with 1.9)
+- org.imgscalr:imgscalr-lib:jar:4.2:compile
+- commons-collections:commons-collections:jar:3.2.2:compile
+- javax.servlet.jsp:jsp-api:jar:2.1:provided
+- com.github.axet:kaptcha:jar:0.0.9:compile
|  \- com.jhlabs:filters:jar:2.0.235:compile
+- com.googlecode.libphonenumber:libphonenumber:jar:8.2.0:compile
+- commons-validator:commons-validator:jar:1.5.1:compile
|  +- (commons-beanutils:commons-beanutils:jar:1.9.2:compile - omitted for duplicate)
|  +- commons-digester:commons-digester:jar:1.8.1:compile
|  +- (commons-logging:commons-logging:jar:1.2:compile - omitted for conflict with 1.1.3)
|  \- (commons-collections:commons-collections:jar:3.2.2:compile - omitted for duplicate)
+- org.jsoup:jsoup:jar:1.7.3:compile
+- commons-beanutils:commons-beanutils:jar:1.9.3:compile
|  +- (commons-logging:commons-logging:jar:1.2:compile - omitted for conflict with 1.1.3)
|  \- (commons-collections:commons-collections:jar:3.2.2:compile - omitted for duplicate)
+- commons-io:commons-io:jar:2.5:compile
+- commons-lang:commons-lang:jar:2.6:compile
+- com.lowagie:itext:jar:2.0.8:compile
|  +- bouncycastle:bcmail-jdk14:jar:138:compile
|  \- bouncycastle:bcprov-jdk14:jar:138:compile
+- pt.ist:fenix-framework-core-api:jar:2.7.0:compile
|  +- pt.ist:fenix-framework-core-dml:jar:2.7.0:compile
|  |  +- antlr:antlr:jar:2.7.7:compile
|  |  +- (org.slf4j:slf4j-api:jar:1.7.2:compile - omitted for conflict with 1.7.22)
|  |  +- (joda-time:joda-time:jar:1.6.2:compile - omitted for conflict with 2.9.7)
|  |  \- (com.google.code.gson:gson:jar:2.2.4:compile - omitted for conflict with 2.8.0)
|  +- javax.transaction:jta:jar:1.1:compile
|  +- pt.ist.esw:advice-runtime:jar:1.8:compile
|  \- (org.slf4j:slf4j-api:jar:1.7.2:compile - omitted for conflict with 1.7.22)
+- pt.ist:fenix-framework-core-consistency-predicates:jar:2.7.0:compile
|  +- (pt.ist:fenix-framework-core-api:jar:2.7.0:compile - omitted for duplicate)
|  +- jvstm:jvstm-fenix:jar:1.4:compile
|  |  \- (pt.ist.esw:advice-runtime:jar:1.8:compile - omitted for duplicate)
|  \- pt.ist:fenix-framework-core-adt-bplustree:jar:2.7.0:compile
|     +- (pt.ist:fenix-framework-core-api:jar:2.7.0:compile - omitted for duplicate)
|     \- (com.google.code.gson:gson:jar:2.2.4:compile - omitted for conflict with 2.8.0)
+- pt.ist:fenix-framework-backend-jvstm-common-runtime:jar:2.7.0:compile
|  +- (pt.ist:fenix-framework-core-api:jar:2.7.0:compile - omitted for duplicate)
|  +- pt.ist:fenix-framework-core-indexes-runtime:jar:2.7.0:compile
|  |  +- (pt.ist:fenix-framework-core-adt-bplustree:jar:2.7.0:compile - omitted for duplicate)
|  |  +- pt.ist:fenix-framework-core-adt-linkedlist:jar:2.7.0:compile
|  |  |  \- (pt.ist:fenix-framework-core-api:jar:2.7.0:compile - omitted for duplicate)
|  |  \- (pt.ist:fenix-framework-core-api:jar:2.7.0:compile - omitted for duplicate)
|  +- pt.ist:fenix-framework-core-hibernate-search:jar:2.7.0:compile
|  |  +- (pt.ist:fenix-framework-core-api:jar:2.7.0:compile - omitted for duplicate)
|  |  +- pt.ist:fenix-framework-core-data-access-patterns-runtime:jar:2.7.0:compile
|  |  |  +- (pt.ist:fenix-framework-core-api:jar:2.7.0:compile - omitted for duplicate)
|  |  |  \- pt.ist:dap-framework:jar:2.0:compile
|  |  \- org.hibernate:hibernate-search-engine:jar:4.2.0.Beta2:compile
|  |     +- org.hibernate:hibernate-search-analyzers:jar:4.2.0.Beta2:compile
|  |     |  +- (org.apache.lucene:lucene-core:jar:3.6.1:compile - omitted for duplicate)
|  |     |  +- org.apache.lucene:lucene-analyzers:jar:3.6.1:compile
|  |     |  |  \- (org.apache.lucene:lucene-core:jar:3.6.1:compile - omitted for duplicate)
|  |     |  \- org.apache.solr:solr-analysis-extras:jar:3.6.1:compile
|  |     |     +- org.apache.solr:solr-core:jar:3.6.1:compile
|  |     |     |  +- org.apache.solr:solr-solrj:jar:3.6.1:compile
|  |     |     |  |  +- (commons-io:commons-io:jar:2.1:compile - omitted for conflict with 2.5)
|  |     |     |  |  \- (org.slf4j:slf4j-api:jar:1.6.1:compile - omitted for conflict with 1.7.22)
|  |     |     |  +- (org.apache.lucene:lucene-core:jar:3.6.1:compile - omitted for duplicate)
|  |     |     |  +- (org.apache.lucene:lucene-analyzers:jar:3.6.1:compile - omitted for duplicate)
|  |     |     |  +- org.apache.lucene:lucene-highlighter:jar:3.6.1:compile
|  |     |     |  |  +- (org.apache.lucene:lucene-core:jar:3.6.1:compile - omitted for duplicate)
|  |     |     |  |  \- (org.apache.lucene:lucene-memory:jar:3.6.1:compile - omitted for duplicate)
|  |     |     |  +- org.apache.lucene:lucene-kuromoji:jar:3.6.1:compile
|  |     |     |  |  +- (org.apache.lucene:lucene-core:jar:3.6.1:compile - omitted for duplicate)
|  |     |     |  |  \- (org.apache.lucene:lucene-analyzers:jar:3.6.1:compile - omitted for duplicate)
|  |     |     |  +- org.apache.lucene:lucene-memory:jar:3.6.1:compile
|  |     |     |  |  \- (org.apache.lucene:lucene-core:jar:3.6.1:compile - omitted for duplicate)
|  |     |     |  +- org.apache.lucene:lucene-misc:jar:3.6.1:compile
|  |     |     |  |  +- (org.apache.lucene:lucene-core:jar:3.6.1:compile - omitted for duplicate)
|  |     |     |  |  \- (org.apache.lucene:lucene-analyzers:jar:3.6.1:compile - omitted for duplicate)
|  |     |     |  +- org.apache.lucene:lucene-phonetic:jar:3.6.1:compile
|  |     |     |  |  +- (org.apache.lucene:lucene-core:jar:3.6.1:compile - omitted for duplicate)
|  |     |     |  |  \- (commons-codec:commons-codec:jar:1.6:compile - omitted for conflict with 1.9)
|  |     |     |  +- org.apache.lucene:lucene-spatial:jar:3.6.1:compile
|  |     |     |  |  \- (org.apache.lucene:lucene-core:jar:3.6.1:compile - omitted for duplicate)
|  |     |     |  +- org.apache.lucene:lucene-spellchecker:jar:3.6.1:compile
|  |     |     |  |  +- (org.apache.lucene:lucene-core:jar:3.6.1:compile - omitted for duplicate)
|  |     |     |  |  \- (org.apache.lucene:lucene-analyzers:jar:3.6.1:compile - omitted for duplicate)
|  |     |     |  +- org.apache.lucene:lucene-grouping:jar:3.6.1:compile
|  |     |     |  |  \- (org.apache.lucene:lucene-core:jar:3.6.1:compile - omitted for duplicate)
|  |     |     |  +- (commons-codec:commons-codec:jar:1.6:compile - omitted for conflict with 1.9)
|  |     |     |  +- (commons-io:commons-io:jar:2.1:compile - omitted for conflict with 2.5)
|  |     |     |  +- (commons-lang:commons-lang:jar:2.6:compile - omitted for duplicate)
|  |     |     |  +- (com.google.guava:guava:jar:21.0:compile - omitted for duplicate)
|  |     |     |  \- (org.slf4j:slf4j-api:jar:1.6.1:compile - omitted for conflict with 1.7.22)
|  |     |     +- org.apache.lucene:lucene-smartcn:jar:3.6.1:compile
|  |     |     |  +- (org.apache.lucene:lucene-core:jar:3.6.1:compile - omitted for duplicate)
|  |     |     |  \- (org.apache.lucene:lucene-analyzers:jar:3.6.1:compile - omitted for duplicate)
|  |     |     +- org.apache.lucene:lucene-stempel:jar:3.6.1:compile
|  |     |     |  +- (org.apache.lucene:lucene-core:jar:3.6.1:compile - omitted for duplicate)
|  |     |     |  \- (org.apache.lucene:lucene-analyzers:jar:3.6.1:compile - omitted for duplicate)
|  |     |     \- (org.slf4j:slf4j-api:jar:1.6.1:compile - omitted for conflict with 1.7.22)
|  |     +- org.hibernate.common:hibernate-commons-annotations:jar:4.0.1.Final:compile
|  |     |  \- (org.jboss.logging:jboss-logging:jar:3.1.0.CR2:compile - omitted for conflict with 3.1.0.GA)
|  |     +- org.apache.lucene:lucene-core:jar:3.6.1:compile
|  |     +- org.jboss.logging:jboss-logging:jar:3.1.0.GA:compile
|  |     \- org.apache.avro:avro:jar:1.6.3:compile
|  |        +- (org.codehaus.jackson:jackson-core-asl:jar:1.8.8:compile - omitted for conflict with 1.9.3)
|  |        +- (org.codehaus.jackson:jackson-mapper-asl:jar:1.8.8:compile - omitted for conflict with 1.9.3)
|  |        +- com.thoughtworks.paranamer:paranamer:jar:2.3:compile
|  |        +- org.xerial.snappy:snappy-java:jar:1.0.4.1:compile
|  |        \- (org.slf4j:slf4j-api:jar:1.6.4:compile - omitted for conflict with 1.7.22)
|  +- (pt.ist:fenix-framework-core-adt-bplustree:jar:2.7.0:compile - omitted for duplicate)
|  \- (jvstm:jvstm-fenix:jar:1.4:compile - omitted for duplicate)
+- pt.ist:fenix-framework-backend-jvstm-inmem-runtime:jar:2.7.0:compile
|  \- (pt.ist:fenix-framework-backend-jvstm-common-runtime:jar:2.7.0:compile - omitted for duplicate)
+- javax.servlet:javax.servlet-api:jar:3.0.1:provided
+- org.slf4j:slf4j-api:jar:1.7.22:compile
+- junit:junit:jar:4.12:test
|  \- org.hamcrest:hamcrest-core:jar:1.3:test
\- org.slf4j:slf4j-simple:jar:1.7.22:test
   \- (org.slf4j:slf4j-api:jar:1.7.22:test - omitted for duplicate)

