WARNING: Your kernel does not support swap limit capabilities or the cgroup is not mounted. Memory limited without swap.
sc.fiji:SPIM_Registration:jar:5.0.9
+- sc.fiji:bigdataviewer-core:jar:3.0.0:compile
|  +- net.imglib2:imglib2:jar:3.2.0:compile
|  +- (net.imglib2:imglib2-realtransform:jar:2.0.0-beta-31:compile - version managed from 2.0.0-beta-29; omitted for duplicate)
|  +- net.imglib2:imglib2-ui:jar:2.0.0-beta-30:compile
|  |  +- (net.imglib2:imglib2:jar:3.2.0:compile - version managed from 2.2.1; omitted for duplicate)
|  |  \- (net.imglib2:imglib2-realtransform:jar:2.0.0-beta-31:compile - version managed from 2.0.0-beta-29; omitted for duplicate)
|  +- (net.imglib2:imglib2-algorithm:jar:0.5.0:compile - version managed from 0.6.0; omitted for duplicate)
|  +- (sc.fiji:spim_data:jar:2.2.0:compile - omitted for duplicate)
|  +- cisd:jhdf5:jar:14.12.5:compile
|  +- (org.jdom:jdom2:jar:2.0.6:compile - omitted for duplicate)
|  +- com.google.code.gson:gson:jar:2.2.4:compile (version managed from 2.7)
|  \- org.scijava:ui-behaviour:jar:1.1.0:compile
|     +- net.sf.trove4j:trove4j:jar:3.0.3:compile
|     +- (com.google.code.gson:gson:jar:2.2.4:compile - version managed from 2.7; omitted for duplicate)
|     \- org.yaml:snakeyaml:jar:1.13:compile
+- sc.fiji:spim_data:jar:2.2.0:compile
|  +- (net.imglib2:imglib2:jar:3.2.0:compile - version managed from 2.9.0; omitted for duplicate)
|  +- (net.imglib2:imglib2-realtransform:jar:2.0.0-beta-31:compile - version managed from 2.0.0-beta-29; omitted for duplicate)
|  +- org.scijava:scijava-common:jar:2.56.0:compile (version managed from 2.53.0)
|  |  +- org.scijava:scijava-expression-parser:jar:3.0.1:compile (version managed from 3.0.0)
|  |  +- com.googlecode.gentyref:gentyref:jar:1.1.0:compile
|  |  \- org.bushe:eventbus:jar:1.4:compile
|  \- (org.jdom:jdom2:jar:2.0.6:compile - omitted for duplicate)
+- sc.fiji:Fiji_Plugins:jar:3.0.0:compile
|  +- (sc.fiji:fiji-lib:jar:2.1.1:compile - version managed from 2.1.0; omitted for duplicate)
|  \- (net.imagej:ij:jar:1.50i:compile - version managed from 1.50e; omitted for duplicate)
+- sc.fiji:SPIM_Opener:jar:2.0.1:compile
|  +- (sc.fiji:fiji-lib:jar:2.1.1:compile - version managed from 2.1.0; omitted for duplicate)
|  \- (net.imagej:ij:jar:1.50i:compile - version managed from 1.49j; omitted for duplicate)
+- sc.fiji:VIB-lib:jar:2.1.1:compile
|  +- sc.fiji:pal-optimization:jar:2.0.0:compile
|  +- (net.imagej:ij:jar:1.50i:compile - version managed from 1.50e; omitted for duplicate)
|  \- (gov.nist.math:jama:jar:1.0.3:compile - omitted for duplicate)
+- sc.fiji:fiji-lib:jar:2.1.1:compile
|  +- (net.imagej:ij:jar:1.50i:compile - version managed from 1.50a; omitted for duplicate)
|  \- net.imagej:ij1-patcher:jar:0.12.3:compile (version managed from 0.12.2)
|     +- (net.imagej:ij:jar:1.50i:compile - version managed from 1.50e; omitted for duplicate)
|     \- org.javassist:javassist:jar:3.19.0-GA:compile (version managed from 3.16.1-GA)
+- sc.fiji:legacy-imglib1:jar:1.1.5:compile
|  +- (net.imagej:ij:jar:1.50i:compile - version managed from 1.50e; omitted for duplicate)
|  +- (net.imglib2:imglib2:jar:3.2.0:compile - version managed from 2.5.0; omitted for duplicate)
|  +- (net.imglib2:imglib2-ij:jar:2.0.0-beta-34:compile - version managed from 2.0.0-beta-31; omitted for duplicate)
|  +- (ome:formats-api:jar:5.1.8:compile - version managed from 5.1.5; omitted for duplicate)
|  +- (ome:formats-bsd:jar:5.1.8:compile - version managed from 5.1.5; omitted for duplicate)
|  +- (ome:formats-common:jar:5.1.8:compile - version managed from 5.1.5; omitted for duplicate)
|  +- (ome:ome-xml:jar:5.1.8:compile - version managed from 5.1.5; omitted for duplicate)
|  +- edu.mines:mines-jtk:jar:20151125:compile
|  +- (gov.nist.math:jama:jar:1.0.3:compile - omitted for duplicate)
|  +- (mpicbg:mpicbg:jar:1.1.1:compile - version managed from 0.6.1; omitted for duplicate)
|  +- (org.jfree:jfreechart:jar:1.0.19:compile - omitted for duplicate)
|  \- org.scijava:vecmath:jar:1.6.0-scijava-2:compile
+- net.imagej:ij:jar:1.50i:compile
+- net.imglib2:imglib2-algorithm:jar:0.5.0:compile
|  +- (net.imglib2:imglib2:jar:3.2.0:compile - version managed from 2.9.0; omitted for duplicate)
|  +- net.imglib2:imglib2-roi:jar:0.4.3:compile (version managed from 0.4.2)
|  |  +- (net.imglib2:imglib2:jar:3.2.0:compile - version managed from 2.4.0; omitted for duplicate)
|  |  \- (net.sf.trove4j:trove4j:jar:3.0.3:compile - omitted for duplicate)
|  +- (net.imglib2:imglib2-realtransform:jar:2.0.0-beta-31:compile - version managed from 2.0.0-beta-29; omitted for duplicate)
|  +- net.imagej:imagej-common:jar:0.21.0:compile (version managed from 0.20.1)
|  |  +- (net.imglib2:imglib2:jar:3.2.0:compile - version managed from 2.6.0; omitted for duplicate)
|  |  +- (net.imglib2:imglib2-roi:jar:0.4.3:compile - version managed from 0.4.2; omitted for duplicate)
|  |  +- (org.scijava:scijava-common:jar:2.56.0:compile - version managed from 2.53.0; omitted for duplicate)
|  |  \- edu.ucar:udunits:jar:4.3.18:compile
|  \- (gov.nist.math:jama:jar:1.0.3:compile - omitted for duplicate)
+- net.imglib2:imglib2-algorithm-gpl:jar:0.1.5:compile
|  +- (net.imglib2:imglib2:jar:3.2.0:compile - version managed from 2.2.1; omitted for duplicate)
|  +- (net.imglib2:imglib2-algorithm:jar:0.5.0:compile - version managed from 0.2.1; omitted for duplicate)
|  +- net.imglib2:imglib2-algorithm-fft:jar:0.1.2:compile
|  |  +- (net.imglib2:imglib2:jar:3.2.0:compile - version managed from 2.2.1; omitted for duplicate)
|  |  \- (edu.mines:mines-jtk:jar:20151125:compile - version managed from 20100113; omitted for duplicate)
|  +- (mpicbg:mpicbg:jar:1.1.1:compile - version managed from 0.6.1; omitted for duplicate)
|  \- (edu.mines:mines-jtk:jar:20151125:compile - version managed from 20100113; omitted for duplicate)
+- net.imglib2:imglib2-ij:jar:2.0.0-beta-34:compile
|  +- (net.imglib2:imglib2:jar:3.2.0:compile - version managed from 2.9.0; omitted for duplicate)
|  +- (net.imagej:ij:jar:1.50i:compile - version managed from 1.50e; omitted for duplicate)
|  \- (net.imagej:imagej-common:jar:0.21.0:compile - version managed from 0.20.1; omitted for duplicate)
+- net.imglib2:imglib2-realtransform:jar:2.0.0-beta-31:compile
|  +- (net.imglib2:imglib2:jar:3.2.0:compile - version managed from 2.2.1; omitted for duplicate)
|  \- (gov.nist.math:jama:jar:1.0.3:compile - omitted for duplicate)
+- ome:formats-api:jar:5.1.8:compile
|  +- (ome:formats-common:jar:5.1.8:compile - version managed from 5.1.5; omitted for duplicate)
|  +- (ome:ome-xml:jar:5.1.8:compile - version managed from 5.1.5; omitted for duplicate)
|  \- org.slf4j:slf4j-api:jar:1.7.6:compile
+- ome:formats-bsd:jar:5.1.8:compile
|  +- (ome:formats-api:jar:5.1.8:compile - version managed from 5.1.5; omitted for duplicate)
|  +- ome:jai_imageio:jar:5.1.8:compile
|  +- (ome:formats-common:jar:5.1.8:compile - version managed from 5.1.5; omitted for duplicate)
|  +- (ome:ome-xml:jar:5.1.8:compile - version managed from 5.1.5; omitted for duplicate)
|  +- ome:specification:jar:5.1.8:compile
|  |  \- (ome:ome-xml:jar:5.1.8:compile - version managed from 5.1.5; omitted for duplicate)
|  +- ome:turbojpeg:jar:5.1.8:compile
|  +- org.scijava:native-lib-loader:jar:2.1.4:compile (version managed from 2.0.2)
|  |  \- (org.slf4j:slf4j-api:jar:1.7.6:compile - omitted for duplicate)
|  +- com.jgoodies:jgoodies-forms:jar:1.7.2:compile
|  |  \- com.jgoodies:jgoodies-common:jar:1.7.0:compile
|  +- com.esotericsoftware.kryo:kryo:jar:2.24.0:compile
|  |  +- com.esotericsoftware.minlog:minlog:jar:1.2:compile
|  |  \- org.objenesis:objenesis:jar:2.1:compile
|  +- org.perf4j:perf4j:jar:0.9.13:compile
|  +- (org.slf4j:slf4j-api:jar:1.7.6:compile - omitted for duplicate)
|  +- com.google.guava:guava:jar:18.0:compile (version managed from 17.0)
|  \- com.drewnoakes:metadata-extractor:jar:2.6.2:compile
|     +- com.adobe.xmp:xmpcore:jar:5.1.2:compile
|     \- xerces:xercesImpl:jar:2.8.1:compile
+- ome:formats-gpl:jar:5.1.8:compile
|  +- (ome:formats-api:jar:5.1.8:compile - version managed from 5.1.5; omitted for duplicate)
|  +- (ome:formats-common:jar:5.1.8:compile - version managed from 5.1.5; omitted for duplicate)
|  +- ome:mdbtools-java:jar:5.1.8:compile
|  +- ome:metakit:jar:5.1.8:compile
|  |  \- (ome:formats-common:jar:5.1.8:compile - version managed from 5.1.5; omitted for duplicate)
|  +- (ome:ome-xml:jar:5.1.8:compile - version managed from 5.1.5; omitted for duplicate)
|  +- ome:ome-poi:jar:5.1.8:compile
|  |  +- (ome:formats-common:jar:5.1.8:compile - version managed from 5.1.5; omitted for duplicate)
|  |  \- commons-logging:commons-logging:jar:1.1.1:compile
|  +- (ome:formats-bsd:jar:5.1.8:compile - version managed from 5.1.5; omitted for duplicate)
|  +- edu.ucar:netcdf:jar:4.3.19:compile
|  |  +- (joda-time:joda-time:jar:2.3:compile - version managed from 2.2; omitted for duplicate)
|  |  \- (org.slf4j:slf4j-api:jar:1.7.6:compile - version managed from 1.7.5; omitted for duplicate)
|  +- (org.slf4j:slf4j-api:jar:1.7.6:compile - version managed from 1.7.5; omitted for duplicate)
|  +- woolz:JWlz:jar:1.4.0:compile
|  +- joda-time:joda-time:jar:2.3:compile
|  \- (com.esotericsoftware.kryo:kryo:jar:2.24.0:compile - omitted for duplicate)
+- ome:ome-xml:jar:5.1.8:compile
|  +- (ome:formats-common:jar:5.1.8:compile - version managed from 5.1.5; omitted for duplicate)
|  +- (org.slf4j:slf4j-api:jar:1.7.6:compile - version managed from 1.7.5; omitted for duplicate)
|  \- (joda-time:joda-time:jar:2.3:compile - version managed from 2.2; omitted for duplicate)
+- ome:formats-common:jar:5.1.8:compile
|  +- (com.esotericsoftware.kryo:kryo:jar:2.24.0:compile - omitted for duplicate)
|  +- (joda-time:joda-time:jar:2.3:compile - version managed from 2.2; omitted for duplicate)
|  +- (com.google.guava:guava:jar:18.0:compile - version managed from 17.0; omitted for duplicate)
|  +- (org.slf4j:slf4j-api:jar:1.7.6:compile - version managed from 1.7.5; omitted for duplicate)
|  +- ch.qos.logback:logback-core:jar:1.1.1:compile
|  \- ch.qos.logback:logback-classic:jar:1.1.1:compile
|     +- (ch.qos.logback:logback-core:jar:1.1.1:compile - omitted for duplicate)
|     \- (org.slf4j:slf4j-api:jar:1.7.6:compile - version managed from 1.7.5; omitted for duplicate)
+- gov.nist.math:jama:jar:1.0.3:compile
+- mpicbg:mpicbg:jar:1.1.1:compile
|  +- (net.imagej:ij:jar:1.50i:compile - version managed from 1.50e; omitted for duplicate)
|  \- (gov.nist.math:jama:jar:1.0.3:compile - omitted for duplicate)
+- net.java.dev.jna:jna:jar:3.2.7:compile
+- org.jdom:jdom2:jar:2.0.6:compile
+- org.jfree:jcommon:jar:1.0.23:compile
\- org.jfree:jfreechart:jar:1.0.19:compile
   \- (org.jfree:jcommon:jar:1.0.23:compile - omitted for duplicate)

