WARNING: Your kernel does not support swap limit capabilities or the cgroup is not mounted. Memory limited without swap.
sc.fiji:SPIM_Registration:jar:5.0.13
+- sc.fiji:bigdataviewer-core:jar:3.0.3:compile
|  +- net.imglib2:imglib2:jar:3.2.1:compile
|  +- net.imglib2:imglib2-ui:jar:2.0.0-beta-31:compile
|  +- cisd:jhdf5:jar:14.12.5:compile
|  +- com.google.code.gson:gson:jar:2.7:compile
|  \- org.scijava:ui-behaviour:jar:1.1.0:compile
|     \- org.yaml:snakeyaml:jar:1.13:compile
+- sc.fiji:spim_data:jar:2.2.0:compile
|  \- org.scijava:scijava-common:jar:2.62.1:compile
|     +- org.scijava:parsington:jar:1.0.0:compile
|     +- com.googlecode.gentyref:gentyref:jar:1.1.0:compile
|     \- org.bushe:eventbus:jar:1.4:compile
+- sc.fiji:Fiji_Plugins:jar:3.1.0:compile
+- sc.fiji:SPIM_Opener:jar:2.0.1:compile
+- sc.fiji:VIB-lib:jar:2.1.1:compile
|  \- sc.fiji:pal-optimization:jar:2.0.0:compile
+- sc.fiji:fiji-lib:jar:2.1.1:compile
|  \- net.imagej:ij1-patcher:jar:0.12.5:compile
|     \- org.javassist:javassist:jar:3.20.0-GA:compile
+- sc.fiji:legacy-imglib1:jar:1.1.6:compile
|  +- edu.mines:mines-jtk:jar:20151125:compile
|  \- org.scijava:vecmath:jar:1.6.0-scijava-2:compile
+- net.imagej:ij:jar:1.51h:compile
+- net.imglib2:imglib2-algorithm:jar:0.6.2:compile
|  +- net.imglib2:imglib2-roi:jar:0.4.4:compile
|  +- net.imagej:imagej-common:jar:0.24.3:compile
|  |  \- edu.ucar:udunits:jar:4.3.18:compile
|  \- net.sf.trove4j:trove4j:jar:3.0.3:compile
+- net.imglib2:imglib2-algorithm-gpl:jar:0.1.5:compile
|  \- net.imglib2:imglib2-algorithm-fft:jar:0.1.2:compile
+- net.imglib2:imglib2-ij:jar:2.0.0-beta-35:compile
+- net.imglib2:imglib2-realtransform:jar:2.0.0-beta-34:compile
|  \- jitk:jitk-tps:jar:2.1.0:compile
|     +- com.googlecode.efficient-java-matrix-library:ejml:jar:0.24:compile
|     +- log4j:log4j:jar:1.2.17:compile
|     \- au.com.bytecode:opencsv:jar:2.4:compile
+- ome:formats-api:jar:5.3.4:compile
|  \- org.slf4j:slf4j-api:jar:1.7.21:compile
+- ome:formats-bsd:jar:5.3.4:compile
|  +- ome:jai_imageio:jar:5.3.4:compile
|  +- org.openmicroscopy:specification:jar:5.4.0:compile
|  +- ome:turbojpeg:jar:5.3.4:compile
|  +- org.scijava:native-lib-loader:jar:2.1.4:compile
|  +- com.jgoodies:jgoodies-forms:jar:1.7.2:compile
|  |  \- com.jgoodies:jgoodies-common:jar:1.7.0:compile
|  +- com.esotericsoftware.kryo:kryo:jar:2.24.0:compile
|  |  +- com.esotericsoftware.minlog:minlog:jar:1.2:compile
|  |  \- org.objenesis:objenesis:jar:2.1:compile
|  +- org.perf4j:perf4j:jar:0.9.13:compile
|  +- com.google.guava:guava:jar:19.0:compile
|  \- com.drewnoakes:metadata-extractor:jar:2.6.2:compile
|     +- com.adobe.xmp:xmpcore:jar:5.1.2:compile
|     \- xerces:xercesImpl:jar:2.8.1:compile
+- ome:formats-gpl:jar:5.3.4:compile
|  +- org.openmicroscopy:ome-mdbtools:jar:5.3.0:compile
|  +- org.openmicroscopy:metakit:jar:5.3.0:compile
|  +- org.openmicroscopy:ome-poi:jar:5.3.1:compile
|  |  \- commons-logging:commons-logging:jar:1.1.1:compile
|  +- ome:jxrlib-all:jar:0.2.1:compile
|  +- edu.ucar:netcdf:jar:4.3.19:compile
|  +- woolz:JWlz:jar:1.4.0:compile
|  \- joda-time:joda-time:jar:2.9.4:compile
+- org.openmicroscopy:ome-xml:jar:5.4.0:compile
+- org.openmicroscopy:ome-common:jar:5.3.1:compile
|  +- ch.qos.logback:logback-core:jar:1.1.7:compile
|  \- ch.qos.logback:logback-classic:jar:1.1.7:compile
+- gov.nist.math:jama:jar:1.0.3:compile
+- mpicbg:mpicbg:jar:1.1.1:compile
+- net.java.dev.jna:jna:jar:4.2.2:compile
+- org.jdom:jdom2:jar:2.0.6:compile
+- org.jfree:jcommon:jar:1.0.23:compile
\- org.jfree:jfreechart:jar:1.0.19:compile

