WARNING: Your kernel does not support swap limit capabilities or the cgroup is not mounted. Memory limited without swap.
sc.fiji:SPIM_Registration:jar:2.1.5
+- sc.fiji:spim_data:jar:1.0.0-beta-5:compile
|  +- net.imglib2:imglib2:jar:2.2.1:compile (version managed from 2.2.0)
|  +- (net.imglib2:imglib2-realtransform:jar:2.0.0-beta-29:compile - version managed from 2.0.0-beta-28; omitted for duplicate)
|  +- org.scijava:scijava-common:jar:2.39.0:compile (version managed from 2.35.1)
|  |  +- com.googlecode.gentyref:gentyref:jar:1.1.0:compile
|  |  \- org.bushe:eventbus:jar:1.4:compile
|  \- (org.jdom:jdom2:jar:2.0.5:compile - omitted for duplicate)
+- sc.fiji:bigdataviewer-core:jar:1.0.8:compile
|  +- (net.imglib2:imglib2:jar:2.2.1:compile - version managed from 2.2.0; omitted for duplicate)
|  +- (net.imglib2:imglib2-realtransform:jar:2.0.0-beta-29:compile - version managed from 2.0.0-beta-28; omitted for duplicate)
|  +- net.imglib2:imglib2-ui:jar:2.0.0-beta-29:compile
|  |  +- (net.imglib2:imglib2:jar:2.2.1:compile - version managed from 2.2.0; omitted for duplicate)
|  |  \- (net.imglib2:imglib2-realtransform:jar:2.0.0-beta-29:compile - version managed from 2.0.0-beta-28; omitted for duplicate)
|  +- (net.imglib2:imglib2-algorithm:jar:0.2.1:compile - omitted for duplicate)
|  +- (sc.fiji:spim_data:jar:1.0.0-beta-5:compile - omitted for duplicate)
|  +- cisd:jhdf5:jar:14.12.0:compile
|  +- (org.jdom:jdom2:jar:2.0.5:compile - omitted for duplicate)
|  \- com.google.code.gson:gson:jar:2.2.4:compile
+- sc.fiji:3D_Viewer:jar:3.0.1:compile
|  +- (sc.fiji:VIB-lib:jar:2.0.1:compile - omitted for duplicate)
|  +- (net.imagej:ij:jar:1.49p:compile - version managed from 1.49j; omitted for duplicate)
|  \- (gov.nist.math:jama:jar:1.0.3:compile - omitted for duplicate)
+- sc.fiji:fiji-lib:jar:2.1.0:compile
|  +- (net.imagej:ij:jar:1.49p:compile - version managed from 1.49j; omitted for duplicate)
|  \- net.imagej:ij1-patcher:jar:0.12.0:compile (version managed from 0.11.0)
|     +- (net.imagej:ij:jar:1.49p:compile - version managed from 1.49j; omitted for duplicate)
|     \- org.javassist:javassist:jar:3.16.1-GA:compile
+- sc.fiji:Fiji_Plugins:jar:3.0.0:compile
|  +- (sc.fiji:fiji-lib:jar:2.1.0:compile - omitted for duplicate)
|  \- (net.imagej:ij:jar:1.49p:compile - version managed from 1.49m; omitted for duplicate)
+- sc.fiji:legacy-imglib1:jar:1.1.3-DEPRECATED:compile
|  +- (net.imagej:ij:jar:1.49p:compile - version managed from 1.49m; omitted for duplicate)
|  +- (net.imglib2:imglib2:jar:2.2.1:compile - version managed from 2.2.0; omitted for duplicate)
|  +- (net.imglib2:imglib2-ij:jar:2.0.0-beta-30:compile - omitted for duplicate)
|  +- (ome:formats-api:jar:5.0.6:compile - version managed from 5.0.7; omitted for duplicate)
|  +- (ome:formats-bsd:jar:5.0.6:compile - version managed from 5.0.7; omitted for duplicate)
|  +- (ome:formats-common:jar:5.0.6:compile - version managed from 5.0.7; omitted for duplicate)
|  +- (ome:ome-xml:jar:5.0.6:compile - version managed from 5.0.7; omitted for duplicate)
|  +- edu.mines:mines-jtk:jar:20100113:compile
|  +- (gov.nist.math:jama:jar:1.0.3:compile - omitted for duplicate)
|  +- (mpicbg:mpicbg:jar:0.6.1:compile - version managed from 1.0.1; omitted for conflict with 1.0.1)
|  \- (org.jfree:jfreechart:jar:1.0.19:compile - omitted for duplicate)
+- sc.fiji:SPIM_Opener:jar:2.0.1:compile
|  +- (sc.fiji:fiji-lib:jar:2.1.0:compile - omitted for duplicate)
|  \- (net.imagej:ij:jar:1.49p:compile - version managed from 1.49j; omitted for duplicate)
+- sc.fiji:VIB-lib:jar:2.0.1:compile
|  +- (gov.nist.math:jama:jar:1.0.3:compile - omitted for duplicate)
|  +- (net.imagej:ij:jar:1.49p:compile - version managed from 1.49j; omitted for duplicate)
|  \- sc.fiji:pal-optimization:jar:2.0.0:compile
+- net.imglib2:imglib2-algorithm-gpl:jar:0.1.3:compile
|  +- (net.imglib2:imglib2:jar:2.2.1:compile - version managed from 2.2.0; omitted for duplicate)
|  +- (net.imglib2:imglib2-algorithm:jar:0.2.1:compile - omitted for duplicate)
|  +- net.imglib2:imglib2-algorithm-fft:jar:0.1.2:compile
|  |  +- (net.imglib2:imglib2:jar:2.2.1:compile - version managed from 2.2.0; omitted for duplicate)
|  |  \- (edu.mines:mines-jtk:jar:20100113:compile - omitted for duplicate)
|  +- (mpicbg:mpicbg:jar:0.6.1:compile - version managed from 1.0.1; omitted for duplicate)
|  \- (edu.mines:mines-jtk:jar:20100113:compile - omitted for duplicate)
+- net.imglib2:imglib2-algorithm:jar:0.2.1:compile
|  +- (net.imglib2:imglib2:jar:2.2.1:compile - version managed from 2.2.0; omitted for duplicate)
|  +- net.imglib2:imglib2-roi:jar:0.3.0:compile (version managed from 0.2.0)
|  |  +- (net.imglib2:imglib2:jar:2.2.1:compile - version managed from 2.2.0; omitted for duplicate)
|  |  \- net.sf.trove4j:trove4j:jar:3.0.3:compile
|  +- net.imagej:imagej-common:jar:0.12.2:compile
|  |  +- (net.imglib2:imglib2:jar:2.2.1:compile - version managed from 2.2.0; omitted for duplicate)
|  |  +- (net.imglib2:imglib2-roi:jar:0.3.0:compile - version managed from 0.2.0; omitted for duplicate)
|  |  +- (org.scijava:scijava-common:jar:2.39.0:compile - version managed from 2.38.1; omitted for duplicate)
|  |  \- edu.ucar:udunits:jar:4.3.18:compile
|  \- (gov.nist.math:jama:jar:1.0.3:compile - omitted for duplicate)
+- net.imglib2:imglib2-ij:jar:2.0.0-beta-30:compile
|  +- (net.imglib2:imglib2:jar:2.2.1:compile - version managed from 2.2.0; omitted for duplicate)
|  +- (net.imagej:ij:jar:1.49p:compile - version managed from 1.49j; omitted for duplicate)
|  \- (net.imagej:imagej-common:jar:0.12.2:compile - omitted for duplicate)
+- net.imglib2:imglib2-realtransform:jar:2.0.0-beta-29:compile
|  +- (net.imglib2:imglib2:jar:2.2.1:compile - version managed from 2.2.0; omitted for duplicate)
|  \- (gov.nist.math:jama:jar:1.0.3:compile - omitted for duplicate)
+- net.imagej:ij:jar:1.49p:compile
|  \- com.sun:tools:jar:1.4.2:system
+- ome:formats-api:jar:5.0.6:compile
|  +- (ome:formats-common:jar:5.0.6:compile - version managed from 5.0.7; omitted for duplicate)
|  +- (ome:ome-xml:jar:5.0.6:compile - version managed from 5.0.7; omitted for duplicate)
|  \- org.slf4j:slf4j-api:jar:1.7.6:compile
+- ome:formats-bsd:jar:5.0.6:compile
|  +- (ome:formats-api:jar:5.0.6:compile - version managed from 5.0.7; omitted for duplicate)
|  +- ome:jai_imageio:jar:5.0.6:compile
|  +- (ome:formats-common:jar:5.0.6:compile - version managed from 5.0.7; omitted for duplicate)
|  +- (ome:ome-xml:jar:5.0.6:compile - version managed from 5.0.7; omitted for duplicate)
|  +- ome:specification:jar:5.0.6:compile
|  |  \- (ome:ome-xml:jar:5.0.6:compile - version managed from 5.0.7; omitted for duplicate)
|  +- ome:turbojpeg:jar:5.0.6:compile
|  +- org.scijava:native-lib-loader:jar:2.0.2:compile
|  +- com.jgoodies:jgoodies-forms:jar:1.7.2:compile
|  |  \- com.jgoodies:jgoodies-common:jar:1.7.0:compile
|  +- com.esotericsoftware.kryo:kryo:jar:shaded:2.21:compile
|  +- org.perf4j:perf4j:jar:0.9.13:compile
|  \- (org.slf4j:slf4j-api:jar:1.7.6:compile - omitted for duplicate)
+- ome:formats-gpl:jar:5.0.6:compile
|  +- (ome:formats-api:jar:5.0.6:compile - version managed from 5.0.7; omitted for duplicate)
|  +- (ome:formats-common:jar:5.0.6:compile - version managed from 5.0.7; omitted for duplicate)
|  +- ome:mdbtools-java:jar:5.0.6:compile
|  +- ome:metakit:jar:5.0.6:compile
|  |  \- (ome:formats-common:jar:5.0.6:compile - version managed from 5.0.7; omitted for duplicate)
|  +- (ome:ome-xml:jar:5.0.6:compile - version managed from 5.0.7; omitted for duplicate)
|  +- ome:ome-poi:jar:5.0.6:compile
|  |  +- (ome:formats-common:jar:5.0.6:compile - version managed from 5.0.7; omitted for duplicate)
|  |  \- commons-logging:commons-logging:jar:1.1.1:compile
|  +- (ome:formats-bsd:jar:5.0.6:compile - version managed from 5.0.7; omitted for duplicate)
|  +- edu.ucar:netcdf:jar:4.3.19:compile
|  |  +- (joda-time:joda-time:jar:2.3:compile - version managed from 2.2; omitted for duplicate)
|  |  \- (org.slf4j:slf4j-api:jar:1.7.5:compile - omitted for conflict with 1.7.6)
|  +- (org.slf4j:slf4j-api:jar:1.7.6:compile - omitted for duplicate)
|  +- woolz:JWlz:jar:1.4.0:compile
|  +- joda-time:joda-time:jar:2.3:compile
|  \- (com.esotericsoftware.kryo:kryo:jar:shaded:2.21:compile - omitted for duplicate)
+- ome:ome-xml:jar:5.0.6:compile
|  +- (ome:formats-common:jar:5.0.6:compile - version managed from 5.0.7; omitted for duplicate)
|  +- (org.slf4j:slf4j-api:jar:1.7.6:compile - omitted for duplicate)
|  \- (joda-time:joda-time:jar:2.3:compile - version managed from 2.2; omitted for duplicate)
+- ome:formats-common:jar:5.0.6:compile
|  +- (com.esotericsoftware.kryo:kryo:jar:shaded:2.21:compile - omitted for duplicate)
|  +- (joda-time:joda-time:jar:2.3:compile - version managed from 2.2; omitted for duplicate)
|  +- (org.slf4j:slf4j-api:jar:1.7.6:compile - omitted for duplicate)
|  +- ch.qos.logback:logback-core:jar:1.1.1:compile
|  \- ch.qos.logback:logback-classic:jar:1.1.1:compile
|     +- (ch.qos.logback:logback-core:jar:1.1.1:compile - omitted for duplicate)
|     \- (org.slf4j:slf4j-api:jar:1.7.6:compile - omitted for duplicate)
+- gov.nist.math:jama:jar:1.0.3:compile
+- mpicbg:mpicbg:jar:1.0.1:compile
|  +- (net.imagej:ij:jar:1.49p:compile - version managed from 1.49m; omitted for duplicate)
|  \- (gov.nist.math:jama:jar:1.0.3:compile - omitted for duplicate)
+- net.java.dev.jna:jna:jar:3.2.7:compile
+- org.jdom:jdom2:jar:2.0.5:compile
+- org.jfree:jcommon:jar:1.0.23:compile
+- org.jfree:jfreechart:jar:1.0.19:compile
|  \- (org.jfree:jcommon:jar:1.0.23:compile - omitted for duplicate)
+- java3d:j3d-core:jar:1.5.2:provided
+- java3d:j3d-core-utils:jar:1.5.2:provided
\- java3d:vecmath:jar:1.5.2:provided

