WARNING: Your kernel does not support swap limit capabilities or the cgroup is not mounted. Memory limited without swap.
net.finmath:finmath-lib:jar:5.0.3
+- org.jetbrains.kotlin:kotlin-stdlib:jar:1.2.0:compile
|  \- org.jetbrains:annotations:jar:13.0:compile
+- org.apache.commons:commons-math3:jar:3.6.1:compile
+- org.apache.commons:commons-lang3:jar:3.10:compile
+- org.jblas:jblas:jar:1.2.4:compile
+- org.junit.jupiter:junit-jupiter-api:jar:5.6.2:test
|  +- org.apiguardian:apiguardian-api:jar:1.1.0:test
|  +- org.opentest4j:opentest4j:jar:1.2.0:test
|  \- org.junit.platform:junit-platform-commons:jar:1.6.2:test
|     \- (org.apiguardian:apiguardian-api:jar:1.1.0:test - omitted for duplicate)
+- org.junit.jupiter:junit-jupiter-engine:jar:5.6.2:test
|  +- (org.apiguardian:apiguardian-api:jar:1.1.0:test - omitted for duplicate)
|  +- org.junit.platform:junit-platform-engine:jar:1.6.2:test
|  |  +- (org.apiguardian:apiguardian-api:jar:1.1.0:test - omitted for duplicate)
|  |  +- (org.opentest4j:opentest4j:jar:1.2.0:test - omitted for duplicate)
|  |  \- (org.junit.platform:junit-platform-commons:jar:1.6.2:test - omitted for duplicate)
|  \- (org.junit.jupiter:junit-jupiter-api:jar:5.6.2:test - omitted for duplicate)
\- org.junit.vintage:junit-vintage-engine:jar:5.6.2:test
   +- (org.apiguardian:apiguardian-api:jar:1.1.0:test - omitted for duplicate)
   +- (org.junit.platform:junit-platform-engine:jar:1.6.2:test - omitted for duplicate)
   \- junit:junit:jar:4.13:test
      \- org.hamcrest:hamcrest-core:jar:1.3:test

