WARNING: Your kernel does not support swap limit capabilities or the cgroup is not mounted. Memory limited without swap.
stream.flarebot:flarebot:jar:4.1.6
+- net.dv8tion:JDA:jar:3.3.1_316:compile
|  +- com.google.code.findbugs:jsr305:jar:3.0.2:compile
|  +- org.slf4j:slf4j-api:jar:1.7.25:compile
|  +- org.apache.commons:commons-collections4:jar:4.1:compile
|  +- org.json:json:jar:20160810:compile
|  +- net.sf.trove4j:trove4j:jar:3.0.3:compile
|  +- net.java.dev.jna:jna:jar:4.4.0:compile
|  +- com.neovisionaries:nv-websocket-client:jar:2.2:compile
|  \- (com.squareup.okhttp3:okhttp:jar:3.8.1:compile - omitted for duplicate)
+- com.sedmelluq:lavaplayer:jar:1.2.45:compile
|  +- com.sedmelluq:lavaplayer-common:jar:1.0.5:runtime
|  |  +- (org.slf4j:slf4j-api:jar:1.7.22:runtime - omitted for conflict with 1.7.25)
|  |  \- (commons-io:commons-io:jar:2.5:runtime - omitted for duplicate)
|  +- (org.slf4j:slf4j-api:jar:1.7.22:runtime - omitted for conflict with 1.7.25)
|  +- (org.apache.httpcomponents:httpclient:jar:4.5.2:compile - scope updated from runtime; omitted for duplicate)
|  +- (commons-io:commons-io:jar:2.5:runtime - omitted for duplicate)
|  +- (com.fasterxml.jackson.core:jackson-core:jar:2.8.5:compile - scope updated from runtime; omitted for duplicate)
|  +- com.fasterxml.jackson.core:jackson-databind:jar:2.8.5:runtime
|  |  +- com.fasterxml.jackson.core:jackson-annotations:jar:2.8.0:runtime
|  |  \- (com.fasterxml.jackson.core:jackson-core:jar:2.8.5:runtime - omitted for duplicate)
|  +- (org.jsoup:jsoup:jar:1.10.1:runtime - omitted for conflict with 1.8.3)
|  \- net.iharder:base64:jar:2.3.9:runtime
+- com.sedmelluq:jda-nas:jar:1.0.5:compile
|  +- com.sedmelluq:udp-queue:jar:1.0.6:runtime
|  |  +- (com.sedmelluq:lavaplayer-common:jar:1.0.5:runtime - omitted for duplicate)
|  |  \- (org.slf4j:slf4j-api:jar:1.7.22:runtime - omitted for conflict with 1.7.25)
|  \- (org.slf4j:slf4j-api:jar:1.7.22:runtime - omitted for conflict with 1.7.25)
+- com.github.FlareBot:lavaplayerbridge:jar:1afe8da:compile
|  \- (com.sedmelluq:lavaplayer:jar:1.2.45:compile - omitted for duplicate)
+- com.github.binaryoverload:JSON-Config:jar:2.7.5:compile
+- com.github.ArsenArsen:githubwebhooks4j:jar:1.1.7:compile
|  +- (com.google.code.gson:gson:jar:2.7:compile - omitted for conflict with 2.8.2)
|  \- (org.slf4j:slf4j-api:jar:1.7.21:compile - omitted for conflict with 1.7.25)
+- com.datastax.cassandra:cassandra-driver-core:jar:3.3.0:compile
|  +- io.netty:netty-handler:jar:4.0.47.Final:compile
|  |  +- io.netty:netty-buffer:jar:4.0.47.Final:compile
|  |  |  \- io.netty:netty-common:jar:4.0.47.Final:compile
|  |  +- io.netty:netty-transport:jar:4.0.47.Final:compile
|  |  |  \- (io.netty:netty-buffer:jar:4.0.47.Final:compile - omitted for duplicate)
|  |  \- io.netty:netty-codec:jar:4.0.47.Final:compile
|  |     \- (io.netty:netty-transport:jar:4.0.47.Final:compile - omitted for duplicate)
|  +- com.google.guava:guava:jar:19.0:compile
|  +- io.dropwizard.metrics:metrics-core:jar:3.2.2:compile
|  |  \- (org.slf4j:slf4j-api:jar:1.7.22:compile - omitted for conflict with 1.7.25)
|  +- (org.slf4j:slf4j-api:jar:1.7.25:compile - omitted for duplicate)
|  +- com.github.jnr:jnr-ffi:jar:2.0.7:compile
|  |  +- com.github.jnr:jffi:jar:1.2.10:compile
|  |  +- com.github.jnr:jffi:jar:native:1.2.10:runtime
|  |  +- org.ow2.asm:asm:jar:5.0.3:compile
|  |  +- org.ow2.asm:asm-commons:jar:5.0.3:compile
|  |  |  \- (org.ow2.asm:asm-tree:jar:5.0.3:compile - omitted for duplicate)
|  |  +- org.ow2.asm:asm-analysis:jar:5.0.3:compile
|  |  |  \- (org.ow2.asm:asm-tree:jar:5.0.3:compile - omitted for duplicate)
|  |  +- org.ow2.asm:asm-tree:jar:5.0.3:compile
|  |  |  \- (org.ow2.asm:asm:jar:5.0.3:compile - omitted for duplicate)
|  |  +- org.ow2.asm:asm-util:jar:5.0.3:compile
|  |  |  \- (org.ow2.asm:asm-tree:jar:5.0.3:compile - omitted for duplicate)
|  |  \- com.github.jnr:jnr-x86asm:jar:1.0.2:compile
|  \- com.github.jnr:jnr-posix:jar:3.0.27:compile
|     +- (com.github.jnr:jnr-ffi:jar:2.0.7:compile - omitted for duplicate)
|     \- com.github.jnr:jnr-constants:jar:0.9.0:compile
+- redis.clients:jedis:jar:2.9.0:compile
|  \- org.apache.commons:commons-pool2:jar:2.4.2:compile
+- org.jsoup:jsoup:jar:1.8.3:compile
+- com.sparkjava:spark-core:jar:2.5.4:compile
|  +- (org.slf4j:slf4j-api:jar:1.7.13:compile - omitted for conflict with 1.7.25)
|  +- org.eclipse.jetty:jetty-server:jar:9.3.6.v20151106:compile
|  |  +- javax.servlet:javax.servlet-api:jar:3.1.0:compile
|  |  +- org.eclipse.jetty:jetty-http:jar:9.3.6.v20151106:compile
|  |  |  \- org.eclipse.jetty:jetty-util:jar:9.3.6.v20151106:compile
|  |  \- org.eclipse.jetty:jetty-io:jar:9.3.6.v20151106:compile
|  |     \- (org.eclipse.jetty:jetty-util:jar:9.3.6.v20151106:compile - omitted for duplicate)
|  +- org.eclipse.jetty:jetty-webapp:jar:9.3.6.v20151106:compile
|  |  +- org.eclipse.jetty:jetty-xml:jar:9.3.6.v20151106:compile
|  |  |  \- (org.eclipse.jetty:jetty-util:jar:9.3.6.v20151106:compile - omitted for duplicate)
|  |  \- org.eclipse.jetty:jetty-servlet:jar:9.3.6.v20151106:compile
|  |     \- org.eclipse.jetty:jetty-security:jar:9.3.6.v20151106:compile
|  |        \- (org.eclipse.jetty:jetty-server:jar:9.3.6.v20151106:compile - omitted for duplicate)
|  +- org.eclipse.jetty.websocket:websocket-server:jar:9.3.6.v20151106:compile
|  |  +- org.eclipse.jetty.websocket:websocket-common:jar:9.3.6.v20151106:compile
|  |  |  +- (org.eclipse.jetty.websocket:websocket-api:jar:9.3.6.v20151106:compile - omitted for duplicate)
|  |  |  +- (org.eclipse.jetty:jetty-util:jar:9.3.6.v20151106:compile - omitted for duplicate)
|  |  |  \- (org.eclipse.jetty:jetty-io:jar:9.3.6.v20151106:compile - omitted for duplicate)
|  |  +- org.eclipse.jetty.websocket:websocket-client:jar:9.3.6.v20151106:compile
|  |  |  +- (org.eclipse.jetty:jetty-util:jar:9.3.6.v20151106:compile - omitted for duplicate)
|  |  |  +- (org.eclipse.jetty:jetty-io:jar:9.3.6.v20151106:compile - omitted for duplicate)
|  |  |  \- (org.eclipse.jetty.websocket:websocket-common:jar:9.3.6.v20151106:compile - omitted for duplicate)
|  |  +- (org.eclipse.jetty.websocket:websocket-servlet:jar:9.3.6.v20151106:compile - omitted for duplicate)
|  |  +- (org.eclipse.jetty:jetty-servlet:jar:9.3.6.v20151106:compile - omitted for duplicate)
|  |  \- (org.eclipse.jetty:jetty-http:jar:9.3.6.v20151106:compile - omitted for duplicate)
|  \- org.eclipse.jetty.websocket:websocket-servlet:jar:9.3.6.v20151106:compile
|     +- org.eclipse.jetty.websocket:websocket-api:jar:9.3.6.v20151106:compile
|     \- (javax.servlet:javax.servlet-api:jar:3.1.0:compile - omitted for duplicate)
+- com.squareup.okhttp3:okhttp:jar:3.8.1:compile
|  \- com.squareup.okio:okio:jar:1.13.0:compile
+- com.mashape.unirest:unirest-java:jar:1.4.9:compile
|  +- org.apache.httpcomponents:httpclient:jar:4.5.2:compile
|  |  +- org.apache.httpcomponents:httpcore:jar:4.4.4:compile
|  |  +- commons-logging:commons-logging:jar:1.2:compile
|  |  \- commons-codec:commons-codec:jar:1.9:compile
|  +- org.apache.httpcomponents:httpasyncclient:jar:4.1.1:compile
|  |  +- (org.apache.httpcomponents:httpcore:jar:4.4.4:compile - omitted for duplicate)
|  |  +- org.apache.httpcomponents:httpcore-nio:jar:4.4.4:compile
|  |  |  \- (org.apache.httpcomponents:httpcore:jar:4.4.4:compile - omitted for duplicate)
|  |  +- (org.apache.httpcomponents:httpclient:jar:4.5.1:compile - omitted for conflict with 4.5.2)
|  |  \- (commons-logging:commons-logging:jar:1.2:compile - omitted for duplicate)
|  +- org.apache.httpcomponents:httpmime:jar:4.5.2:compile
|  |  \- (org.apache.httpcomponents:httpclient:jar:4.5.2:compile - omitted for duplicate)
|  \- (org.json:json:jar:20160212:compile - omitted for conflict with 20160810)
+- org.apache.commons:commons-lang3:jar:3.5:compile
+- commons-io:commons-io:jar:2.5:compile
+- commons-cli:commons-cli:jar:1.3.1:compile
+- ch.qos.logback:logback-classic:jar:1.2.1:compile
|  +- ch.qos.logback:logback-core:jar:1.2.1:compile
|  \- (org.slf4j:slf4j-api:jar:1.7.22:compile - omitted for conflict with 1.7.25)
+- com.google.code.gson:gson:jar:2.8.2:compile
+- joda-time:joda-time:jar:2.8:compile
\- io.sentry:sentry-logback:jar:1.6.3:compile
   +- io.sentry:sentry:jar:1.6.3:compile
   |  +- (org.slf4j:slf4j-api:jar:1.7.24:compile - omitted for conflict with 1.7.25)
   |  \- com.fasterxml.jackson.core:jackson-core:jar:2.8.5:compile
   +- (org.slf4j:slf4j-api:jar:1.7.24:compile - omitted for conflict with 1.7.25)
   +- (ch.qos.logback:logback-core:jar:1.2.1:compile - omitted for duplicate)
   \- (ch.qos.logback:logback-classic:jar:1.2.1:compile - omitted for duplicate)

