WARNING: Your kernel does not support swap limit capabilities or the cgroup is not mounted. Memory limited without swap.
com.forgerock.openbanking:openbanking-sdk:jar:3.0.0.16
+- com.nimbusds:nimbus-jose-jwt:jar:4.16.2:compile
|  +- net.jcip:jcip-annotations:jar:1.0:compile
|  +- net.minidev:json-smart:jar:1.3.1:compile
|  \- commons-io:commons-io:jar:2.8.0:compile
+- com.fasterxml.jackson.core:jackson-databind:jar:2.8.9:compile
|  +- com.fasterxml.jackson.core:jackson-annotations:jar:2.8.0:compile
|  \- com.fasterxml.jackson.core:jackson-core:jar:2.8.9:compile
+- io.springfox:springfox-swagger2:jar:2.6.1:compile
|  +- io.swagger:swagger-annotations:jar:1.5.10:compile
|  +- io.swagger:swagger-models:jar:1.5.10:compile
|  |  +- (com.fasterxml.jackson.core:jackson-annotations:jar:2.4.5:compile - omitted for conflict with 2.8.0)
|  |  +- (org.slf4j:slf4j-api:jar:1.6.3:compile - omitted for conflict with 1.7.21)
|  |  \- (io.swagger:swagger-annotations:jar:1.5.10:compile - omitted for duplicate)
|  +- io.springfox:springfox-spi:jar:2.6.1:compile
|  |  \- io.springfox:springfox-core:jar:2.6.1:compile
|  |     +- (com.google.guava:guava:jar:18.0:compile - omitted for duplicate)
|  |     +- (com.fasterxml:classmate:jar:1.3.1:compile - omitted for duplicate)
|  |     +- (org.slf4j:slf4j-api:jar:1.7.21:compile - omitted for conflict with 1.6.3)
|  |     +- (org.springframework.plugin:spring-plugin-core:jar:1.2.0.RELEASE:compile - omitted for duplicate)
|  |     \- (org.springframework.plugin:spring-plugin-metadata:jar:1.2.0.RELEASE:compile - omitted for duplicate)
|  +- io.springfox:springfox-schema:jar:2.6.1:compile
|  |  +- (io.springfox:springfox-core:jar:2.6.1:compile - omitted for duplicate)
|  |  \- (io.springfox:springfox-spi:jar:2.6.1:compile - omitted for duplicate)
|  +- io.springfox:springfox-swagger-common:jar:2.6.1:compile
|  |  +- (io.swagger:swagger-annotations:jar:1.5.10:compile - omitted for duplicate)
|  |  +- (io.swagger:swagger-models:jar:1.5.10:compile - omitted for duplicate)
|  |  +- (io.springfox:springfox-spi:jar:2.6.1:compile - omitted for duplicate)
|  |  +- (io.springfox:springfox-schema:jar:2.6.1:compile - omitted for duplicate)
|  |  +- (io.springfox:springfox-spring-web:jar:2.6.1:compile - omitted for duplicate)
|  |  +- (com.google.guava:guava:jar:18.0:compile - omitted for duplicate)
|  |  +- (com.fasterxml:classmate:jar:1.3.1:compile - omitted for duplicate)
|  |  +- (org.slf4j:slf4j-api:jar:1.7.21:compile - omitted for conflict with 1.6.3)
|  |  +- (org.springframework.plugin:spring-plugin-core:jar:1.2.0.RELEASE:compile - omitted for duplicate)
|  |  \- (org.springframework.plugin:spring-plugin-metadata:jar:1.2.0.RELEASE:compile - omitted for duplicate)
|  +- io.springfox:springfox-spring-web:jar:2.6.1:compile
|  |  +- (com.google.guava:guava:jar:18.0:compile - omitted for duplicate)
|  |  +- (com.fasterxml:classmate:jar:1.3.1:compile - omitted for duplicate)
|  |  +- (org.slf4j:slf4j-api:jar:1.7.21:compile - omitted for conflict with 1.6.3)
|  |  +- (org.springframework.plugin:spring-plugin-core:jar:1.2.0.RELEASE:compile - omitted for duplicate)
|  |  +- (org.springframework.plugin:spring-plugin-metadata:jar:1.2.0.RELEASE:compile - omitted for duplicate)
|  |  \- (io.springfox:springfox-spi:jar:2.6.1:compile - omitted for duplicate)
|  +- com.google.guava:guava:jar:18.0:compile
|  +- com.fasterxml:classmate:jar:1.3.1:compile
|  +- org.slf4j:slf4j-api:jar:1.7.21:compile
|  +- org.springframework.plugin:spring-plugin-core:jar:1.2.0.RELEASE:compile
|  |  +- org.springframework:spring-beans:jar:4.0.9.RELEASE:compile
|  |  |  \- org.springframework:spring-core:jar:4.0.9.RELEASE:compile
|  |  +- org.springframework:spring-context:jar:4.0.9.RELEASE:compile
|  |  |  +- (org.springframework:spring-aop:jar:4.0.9.RELEASE:compile - omitted for duplicate)
|  |  |  +- (org.springframework:spring-beans:jar:4.0.9.RELEASE:compile - omitted for duplicate)
|  |  |  +- (org.springframework:spring-core:jar:4.0.9.RELEASE:compile - omitted for duplicate)
|  |  |  \- org.springframework:spring-expression:jar:4.0.9.RELEASE:compile
|  |  |     \- (org.springframework:spring-core:jar:4.0.9.RELEASE:compile - omitted for duplicate)
|  |  +- org.springframework:spring-aop:jar:4.0.9.RELEASE:compile
|  |  |  +- aopalliance:aopalliance:jar:1.0:compile
|  |  |  +- (org.springframework:spring-beans:jar:4.0.9.RELEASE:compile - omitted for duplicate)
|  |  |  \- (org.springframework:spring-core:jar:4.0.9.RELEASE:compile - omitted for duplicate)
|  |  \- (org.slf4j:slf4j-api:jar:1.7.10:compile - omitted for conflict with 1.7.21)
|  +- org.springframework.plugin:spring-plugin-metadata:jar:1.2.0.RELEASE:compile
|  |  +- (org.springframework.plugin:spring-plugin-core:jar:1.2.0.RELEASE:compile - omitted for duplicate)
|  |  \- (org.slf4j:slf4j-api:jar:1.7.10:compile - omitted for conflict with 1.7.21)
|  \- org.mapstruct:mapstruct:jar:1.0.0.Final:compile
+- io.springfox:springfox-swagger-ui:jar:2.6.1:compile
|  \- (io.springfox:springfox-spring-web:jar:2.6.1:compile - omitted for duplicate)
+- javax.validation:validation-api:jar:1.1.0.Final:provided
\- joda-time:joda-time:jar:2.9.9:compile

