WARNING: Your kernel does not support swap limit capabilities or the cgroup is not mounted. Memory limited without swap.
io.github.ForteScarlet:simple-robot-core:jar:1.16.3-BETA
+- com.alibaba:fastjson:jar:1.2.54:compile
+- org.quartz-scheduler:quartz:jar:2.3.2:compile
|  +- com.mchange:c3p0:jar:0.9.5.4:compile
|  |  \- (com.mchange:mchange-commons-java:jar:0.2.15:compile - omitted for duplicate)
|  +- com.mchange:mchange-commons-java:jar:0.2.15:compile
|  +- com.zaxxer:HikariCP-java7:jar:2.4.13:compile
|  |  \- (org.slf4j:slf4j-api:jar:1.7.21:compile - omitted for conflict with 1.7.7)
|  \- org.slf4j:slf4j-api:jar:1.7.7:compile
+- cn.hutool:hutool-core:jar:5.3.8:compile
+- io.github.ForteScarlet.plusutils:simple-plusutils:jar:1.3.1:compile
|  +- (io.gitee.ForteScarlet.plusutils:console-plus:jar:1.2:compile - omitted for conflict with 1.2.1)
|  \- commons-beanutils:commons-beanutils:jar:1.9.3:compile
|     +- (commons-logging:commons-logging:jar:1.2:compile - omitted for duplicate)
|     \- commons-collections:commons-collections:jar:3.2.2:compile
+- org.apache.httpcomponents:httpclient:jar:4.5:compile
|  +- org.apache.httpcomponents:httpcore:jar:4.4.1:compile
|  +- commons-logging:commons-logging:jar:1.2:compile
|  \- commons-codec:commons-codec:jar:1.9:compile
+- io.gitee.ForteScarlet.plusutils:console-plus:jar:1.2.1:compile
+- (io.github.ForteScarlet:simple-robot-core:jar:1.15.1:compile - omitted for cycle)
+- io.github.ForteScarlet.simple-robot-module:mod-cqcodeutils:jar:1.6.1:compile
+- org.junit.jupiter:junit-jupiter:jar:RELEASE:test
|  +- org.junit.jupiter:junit-jupiter-api:jar:5.7.0:test
|  |  +- org.apiguardian:apiguardian-api:jar:1.1.0:test
|  |  +- org.opentest4j:opentest4j:jar:1.2.0:test
|  |  \- org.junit.platform:junit-platform-commons:jar:1.7.0:test
|  |     \- (org.apiguardian:apiguardian-api:jar:1.1.0:test - omitted for duplicate)
|  +- org.junit.jupiter:junit-jupiter-params:jar:5.7.0:test
|  |  +- (org.apiguardian:apiguardian-api:jar:1.1.0:test - omitted for duplicate)
|  |  \- (org.junit.jupiter:junit-jupiter-api:jar:5.7.0:test - omitted for duplicate)
|  \- org.junit.jupiter:junit-jupiter-engine:jar:5.7.0:test
|     +- (org.apiguardian:apiguardian-api:jar:1.1.0:test - omitted for duplicate)
|     +- org.junit.platform:junit-platform-engine:jar:1.7.0:test
|     |  +- (org.apiguardian:apiguardian-api:jar:1.1.0:test - omitted for duplicate)
|     |  +- (org.opentest4j:opentest4j:jar:1.2.0:test - omitted for duplicate)
|     |  \- (org.junit.platform:junit-platform-commons:jar:1.7.0:test - omitted for duplicate)
|     \- (org.junit.jupiter:junit-jupiter-api:jar:5.7.0:test - omitted for duplicate)
+- (io.github.ForteScarlet:simple-robot-core:jar:1.15.1:test - omitted for cycle)
\- love.forte.simple-robot-module:simple-robot-module-debugger-common:jar:1.1-1.15:test
   +- io.gitee.ForteScarlet:mock.java:jar:1.7.1:test
   |  \- (commons-beanutils:commons-beanutils:jar:1.9.3:test - omitted for duplicate)
   +- com.dyuproject.protostuff:protostuff-core:jar:1.0.7:test
   |  \- com.dyuproject.protostuff:protostuff-api:jar:1.0.7:test
   \- com.dyuproject.protostuff:protostuff-runtime:jar:1.0.7:test
      +- (com.dyuproject.protostuff:protostuff-api:jar:1.0.7:test - omitted for duplicate)
      \- com.dyuproject.protostuff:protostuff-collectionschema:jar:1.0.7:test
         \- (com.dyuproject.protostuff:protostuff-api:jar:1.0.7:test - omitted for duplicate)

