WARNING: Your kernel does not support swap limit capabilities or the cgroup is not mounted. Memory limited without swap.
io.github.ForteScarlet:simple-robot-core:jar:0.8.02-BETA
+- com.alibaba:fastjson:jar:1.2.54:compile
+- org.quartz-scheduler:quartz:jar:2.3.0:compile
|  +- com.mchange:c3p0:jar:0.9.5.2:compile
|  |  \- (com.mchange:mchange-commons-java:jar:0.2.11:compile - omitted for duplicate)
|  +- com.mchange:mchange-commons-java:jar:0.2.11:compile
|  +- com.zaxxer:HikariCP-java6:jar:2.3.13:compile
|  |  \- (org.slf4j:slf4j-api:jar:1.7.10:compile - omitted for conflict with 1.7.7)
|  \- org.slf4j:slf4j-api:jar:1.7.7:compile
+- commons-beanutils:commons-beanutils:jar:1.9.3:compile
|  +- commons-logging:commons-logging:jar:1.2:compile
|  \- commons-collections:commons-collections:jar:3.2.2:compile
+- log4j:log4j:jar:1.2.17:compile
+- org.slf4j:slf4j-nop:jar:1.7.2:compile
|  \- (org.slf4j:slf4j-api:jar:1.7.2:compile - omitted for conflict with 1.7.7)
+- commons-io:commons-io:jar:2.6:compile
+- org.apache.httpcomponents:httpclient:jar:4.5:compile
|  +- (org.apache.httpcomponents:httpcore:jar:4.4.1:compile - omitted for conflict with 4.4.4)
|  +- (commons-logging:commons-logging:jar:1.2:compile - omitted for duplicate)
|  \- commons-codec:commons-codec:jar:1.9:compile
+- org.apache.httpcomponents:httpcore:jar:4.4.4:compile
+- org.apache.httpcomponents:httpmime:jar:4.5:compile
|  \- (org.apache.httpcomponents:httpclient:jar:4.5:compile - omitted for duplicate)
+- org.jsoup:jsoup:jar:1.11.3:compile
+- junit:junit:jar:4.12:compile
|  \- org.hamcrest:hamcrest-core:jar:1.3:compile
+- com.alibaba:druid:jar:1.1.15:compile
+- org.mybatis:mybatis:jar:3.4.6:compile
\- mysql:mysql-connector-java:jar:8.0.13:compile
   \- com.google.protobuf:protobuf-java:jar:3.6.1:compile

