WARNING: Your kernel does not support swap limit capabilities or the cgroup is not mounted. Memory limited without swap.
io.github.ForteScarlet:simple-robot-core:jar:1.1.3-BETA
+- com.alibaba:fastjson:jar:1.2.54:compile
+- org.quartz-scheduler:quartz:jar:2.3.0:compile
|  +- com.mchange:c3p0:jar:0.9.5.2:compile
|  |  \- (com.mchange:mchange-commons-java:jar:0.2.11:compile - omitted for duplicate)
|  +- com.mchange:mchange-commons-java:jar:0.2.11:compile
|  +- com.zaxxer:HikariCP-java6:jar:2.3.13:compile
|  |  \- (org.slf4j:slf4j-api:jar:1.7.10:compile - omitted for conflict with 1.7.7)
|  \- org.slf4j:slf4j-api:jar:1.7.7:compile
+- commons-beanutils:commons-beanutils:jar:1.9.3:compile
|  +- commons-logging:commons-logging:jar:1.2:compile
|  \- commons-collections:commons-collections:jar:3.2.2:compile
+- commons-io:commons-io:jar:2.6:compile
+- org.apache.httpcomponents:httpclient:jar:4.5:compile
|  +- (org.apache.httpcomponents:httpcore:jar:4.4.1:compile - omitted for conflict with 4.4.4)
|  +- (commons-logging:commons-logging:jar:1.2:compile - omitted for duplicate)
|  \- commons-codec:commons-codec:jar:1.9:compile
+- org.apache.httpcomponents:httpcore:jar:4.4.4:compile
+- org.apache.httpcomponents:httpmime:jar:4.5:compile
|  \- (org.apache.httpcomponents:httpclient:jar:4.5:compile - omitted for duplicate)
\- io.gitee.ForteScarlet.plusutils:console-plus:jar:1.2:compile

