WARNING: Your kernel does not support swap limit capabilities or the cgroup is not mounted. Memory limited without swap.
io.github.fslev:cucumber-utils:jar:5.37
+- org.apache.httpcomponents:httpclient:jar:4.5.12:compile
|  +- org.apache.httpcomponents:httpcore:jar:4.4.13:compile
|  +- commons-logging:commons-logging:jar:1.2:compile
|  \- commons-codec:commons-codec:jar:1.11:compile
+- org.apache.commons:commons-text:jar:1.8:compile
|  \- org.apache.commons:commons-lang3:jar:3.9:compile
+- mysql:mysql-connector-java:jar:8.0.19:compile
|  \- com.google.protobuf:protobuf-java:jar:3.6.1:compile
+- org.postgresql:postgresql:jar:42.2.11:compile
+- net.sourceforge.jtds:jtds:jar:1.3.1:compile
+- org.xmlunit:xmlunit-core:jar:2.6.4:compile
|  \- javax.xml.bind:jaxb-api:jar:2.3.0:compile
+- org.xmlunit:xmlunit-matchers:jar:2.6.4:compile
|  +- (org.xmlunit:xmlunit-core:jar:2.6.4:compile - omitted for duplicate)
|  \- org.hamcrest:hamcrest-core:jar:1.3:compile
+- com.jcraft:jsch:jar:0.1.55:compile
+- com.github.fslev:json-compare:jar:2.15:compile
|  +- (com.fasterxml.jackson.core:jackson-databind:jar:2.10.2:compile - omitted for conflict with 2.10.3)
|  +- (com.fasterxml.jackson.core:jackson-core:jar:2.10.2:compile - omitted for conflict with 2.10.3)
|  \- (junit:junit:jar:4.13:compile - omitted for duplicate)
+- io.cucumber:cucumber-java:jar:5.6.0:compile
|  +- io.cucumber:cucumber-core:jar:5.6.0:compile
|  |  +- io.cucumber:cucumber-gherkin:jar:5.6.0:compile
|  |  |  \- (io.cucumber:cucumber-plugin:jar:5.6.0:compile - omitted for duplicate)
|  |  +- io.cucumber:cucumber-gherkin-vintage:jar:5.6.0:compile
|  |  |  \- (io.cucumber:cucumber-gherkin:jar:5.6.0:compile - omitted for duplicate)
|  |  +- io.cucumber:tag-expressions:jar:2.0.4:compile
|  |  +- (io.cucumber:cucumber-expressions:jar:8.3.1:compile - omitted for conflict with 9.0.0)
|  |  +- io.cucumber:datatable:jar:3.3.1:compile
|  |  |  \- (org.apiguardian:apiguardian-api:jar:1.1.0:compile - omitted for duplicate)
|  |  +- (io.cucumber:cucumber-plugin:jar:5.6.0:compile - omitted for duplicate)
|  |  +- io.cucumber:docstring:jar:5.6.0:compile
|  |  |  \- (org.apiguardian:apiguardian-api:jar:1.1.0:compile - omitted for duplicate)
|  |  \- (org.apiguardian:apiguardian-api:jar:1.1.0:compile - omitted for duplicate)
|  \- org.apiguardian:apiguardian-api:jar:1.1.0:compile
+- io.cucumber:cucumber-java8:jar:5.6.0:compile
|  +- (io.cucumber:cucumber-core:jar:5.6.0:compile - omitted for duplicate)
|  +- (org.apiguardian:apiguardian-api:jar:1.1.0:compile - omitted for duplicate)
|  \- net.jodah:typetools:jar:0.6.2:compile
+- io.cucumber:cucumber-plugin:jar:5.6.0:compile
|  \- (org.apiguardian:apiguardian-api:jar:1.1.0:compile - omitted for duplicate)
+- io.cucumber:cucumber-junit:jar:5.6.0:compile
|  +- (org.apiguardian:apiguardian-api:jar:1.1.0:compile - omitted for duplicate)
|  +- (io.cucumber:cucumber-core:jar:5.6.0:compile - omitted for duplicate)
|  \- (junit:junit:jar:4.13:compile - omitted for duplicate)
+- io.cucumber:cucumber-testng:jar:5.6.0:compile
|  +- (org.apiguardian:apiguardian-api:jar:1.1.0:compile - omitted for duplicate)
|  +- (io.cucumber:cucumber-core:jar:5.6.0:compile - omitted for duplicate)
|  \- org.testng:testng:jar:7.1.0:compile
|     +- com.beust:jcommander:jar:1.72:compile
|     +- com.google.inject:guice:jar:no_aop:4.1.0:compile
|     |  +- (javax.inject:javax.inject:jar:1:compile - omitted for duplicate)
|     |  +- (aopalliance:aopalliance:jar:1.0:compile - omitted for duplicate)
|     |  \- (com.google.guava:guava:jar:19.0:compile - omitted for conflict with 25.1-android)
|     \- (org.yaml:snakeyaml:jar:1.21:compile - omitted for conflict with 1.25)
+- io.cucumber:cucumber-guice:jar:5.6.0:compile
|  +- (io.cucumber:cucumber-core:jar:5.6.0:compile - omitted for duplicate)
|  \- (org.apiguardian:apiguardian-api:jar:1.1.0:compile - omitted for duplicate)
+- com.google.inject:guice:jar:4.2.2:compile
|  +- javax.inject:javax.inject:jar:1:compile
|  +- aopalliance:aopalliance:jar:1.0:compile
|  \- com.google.guava:guava:jar:25.1-android:compile
|     +- com.google.code.findbugs:jsr305:jar:3.0.2:compile
|     +- org.checkerframework:checker-compat-qual:jar:2.0.0:compile
|     +- com.google.errorprone:error_prone_annotations:jar:2.1.3:compile
|     +- com.google.j2objc:j2objc-annotations:jar:1.1:compile
|     \- org.codehaus.mojo:animal-sniffer-annotations:jar:1.14:compile
+- io.cucumber:cucumber-expressions:jar:9.0.0:compile
|  \- (org.apiguardian:apiguardian-api:jar:1.1.0:compile - omitted for duplicate)
+- com.fasterxml.jackson.core:jackson-annotations:jar:2.10.3:compile
+- com.fasterxml.jackson.core:jackson-databind:jar:2.10.3:compile
|  +- (com.fasterxml.jackson.core:jackson-annotations:jar:2.10.3:compile - omitted for duplicate)
|  \- (com.fasterxml.jackson.core:jackson-core:jar:2.10.3:compile - omitted for conflict with 2.10.2)
+- com.fasterxml.jackson.core:jackson-core:jar:2.10.3:compile
+- org.yaml:snakeyaml:jar:1.25:compile
+- org.apache.logging.log4j:log4j-api:jar:2.13.1:compile
+- org.apache.logging.log4j:log4j-core:jar:2.13.1:compile
|  \- (org.apache.logging.log4j:log4j-api:jar:2.13.1:compile - omitted for duplicate)
\- junit:junit:jar:4.13:compile
   \- (org.hamcrest:hamcrest-core:jar:1.3:compile - omitted for duplicate)

