WARNING: Your kernel does not support swap limit capabilities or the cgroup is not mounted. Memory limited without swap.
io.github.fslev:cucumber-utils:jar:4.27
+- org.apache.httpcomponents:httpclient:jar:4.5.8:compile
|  +- org.apache.httpcomponents:httpcore:jar:4.4.11:compile
|  +- commons-logging:commons-logging:jar:1.2:compile
|  \- commons-codec:commons-codec:jar:1.11:compile
+- mysql:mysql-connector-java:jar:8.0.15:compile
|  \- com.google.protobuf:protobuf-java:jar:3.6.1:compile
+- org.postgresql:postgresql:jar:42.2.5:compile
+- net.sourceforge.jtds:jtds:jar:1.3.1:compile
+- org.xmlunit:xmlunit-core:jar:2.6.2:compile
|  \- javax.xml.bind:jaxb-api:jar:2.3.0:compile
+- org.xmlunit:xmlunit-matchers:jar:2.6.2:compile
|  +- (org.xmlunit:xmlunit-core:jar:2.6.2:compile - omitted for duplicate)
|  \- org.hamcrest:hamcrest-core:jar:1.3:compile
+- com.jcraft:jsch:jar:0.1.55:compile
+- com.github.fslev:json-compare:jar:2.13:compile
|  +- com.fasterxml.jackson.core:jackson-core:jar:2.9.9:compile
|  +- (com.fasterxml.jackson.core:jackson-databind:jar:2.9.9:compile - omitted for duplicate)
|  \- junit:junit:jar:4.12:compile
|     \- (org.hamcrest:hamcrest-core:jar:1.3:compile - omitted for duplicate)
+- io.cucumber:cucumber-java8:jar:4.6.0:compile
|  +- io.cucumber:cucumber-java:jar:4.6.0:compile
|  |  +- (io.cucumber:cucumber-core:jar:4.6.0:compile - omitted for duplicate)
|  |  \- (org.apiguardian:apiguardian-api:jar:1.1.0:compile - omitted for duplicate)
|  +- org.apiguardian:apiguardian-api:jar:1.1.0:compile
|  \- net.jodah:typetools:jar:0.5.0:compile
+- io.cucumber:cucumber-junit:jar:4.6.0:compile
|  +- (org.apiguardian:apiguardian-api:jar:1.1.0:compile - omitted for duplicate)
|  +- io.cucumber:cucumber-core:jar:4.6.0:compile
|  |  +- io.cucumber:gherkin:jar:5.1.0:compile
|  |  +- io.cucumber:tag-expressions:jar:1.1.1:compile
|  |  +- (io.cucumber:cucumber-expressions:jar:7.0.2:compile - omitted for duplicate)
|  |  +- io.cucumber:datatable:jar:1.1.14:compile
|  |  |  \- io.cucumber:datatable-dependencies:jar:1.1.14:compile
|  |  \- (org.apiguardian:apiguardian-api:jar:1.1.0:compile - omitted for duplicate)
|  \- (junit:junit:jar:4.12:compile - omitted for duplicate)
+- io.cucumber:cucumber-testng:jar:4.6.0:compile
|  +- (org.apiguardian:apiguardian-api:jar:1.1.0:compile - omitted for duplicate)
|  +- (io.cucumber:cucumber-core:jar:4.6.0:compile - omitted for duplicate)
|  \- org.testng:testng:jar:6.14.3:compile
|     +- com.beust:jcommander:jar:1.72:compile
|     \- org.apache-extras.beanshell:bsh:jar:2.0b6:compile
+- io.cucumber:cucumber-guice:jar:4.6.0:compile
|  \- (io.cucumber:cucumber-java:jar:4.6.0:compile - omitted for duplicate)
+- com.google.inject:guice:jar:4.2.2:compile
|  +- javax.inject:javax.inject:jar:1:compile
|  +- aopalliance:aopalliance:jar:1.0:compile
|  \- com.google.guava:guava:jar:25.1-android:compile
|     +- com.google.code.findbugs:jsr305:jar:3.0.2:compile
|     +- org.checkerframework:checker-compat-qual:jar:2.0.0:compile
|     +- com.google.errorprone:error_prone_annotations:jar:2.1.3:compile
|     +- com.google.j2objc:j2objc-annotations:jar:1.1:compile
|     \- org.codehaus.mojo:animal-sniffer-annotations:jar:1.14:compile
+- io.cucumber:cucumber-expressions:jar:7.0.2:compile
+- com.fasterxml.jackson.core:jackson-annotations:jar:2.9.9:compile
+- org.yaml:snakeyaml:jar:1.24:compile
+- org.apache.logging.log4j:log4j-api:jar:2.11.2:compile
+- org.apache.logging.log4j:log4j-core:jar:2.11.2:compile
|  \- (org.apache.logging.log4j:log4j-api:jar:2.11.2:compile - omitted for duplicate)
\- com.fasterxml.jackson.core:jackson-databind:jar:2.9.9:compile
   +- (com.fasterxml.jackson.core:jackson-annotations:jar:2.9.0:compile - omitted for conflict with 2.9.9)
   \- (com.fasterxml.jackson.core:jackson-core:jar:2.9.9:compile - omitted for duplicate)

