WARNING: Your kernel does not support swap limit capabilities or the cgroup is not mounted. Memory limited without swap.
ro.qa.cucumber:cucumber-core:jar:2.10
+- org.apache.httpcomponents:httpclient:jar:4.5.5:compile
|  +- org.apache.httpcomponents:httpcore:jar:4.4.9:compile
|  +- commons-logging:commons-logging:jar:1.2:compile
|  \- commons-codec:commons-codec:jar:1.10:compile
+- mysql:mysql-connector-java:jar:8.0.11:compile
|  \- com.google.protobuf:protobuf-java:jar:2.6.0:runtime
+- org.postgresql:postgresql:jar:42.2.5:compile
+- net.sourceforge.jtds:jtds:jar:1.3.1:compile
+- org.xmlunit:xmlunit-core:jar:2.6.0:compile
+- org.xmlunit:xmlunit-matchers:jar:2.6.0:compile
|  +- (org.xmlunit:xmlunit-core:jar:2.6.0:compile - omitted for duplicate)
|  \- org.hamcrest:hamcrest-core:jar:1.3:compile
+- com.github.fslev:json-compare:jar:2.0.8:compile
|  +- com.fasterxml.jackson.core:jackson-core:jar:2.9.5:compile
|  +- com.fasterxml.jackson.core:jackson-databind:jar:2.9.5:compile
|  |  +- com.fasterxml.jackson.core:jackson-annotations:jar:2.9.0:compile
|  |  \- (com.fasterxml.jackson.core:jackson-core:jar:2.9.5:compile - omitted for duplicate)
|  \- (junit:junit:jar:4.12:compile - omitted for duplicate)
+- io.cucumber:cucumber-java8:jar:3.0.2:compile
|  +- io.cucumber:cucumber-java:jar:3.0.2:compile
|  |  \- (io.cucumber:cucumber-core:jar:3.0.2:compile - omitted for duplicate)
|  \- net.jodah:typetools:jar:0.5.0:compile
+- io.cucumber:cucumber-junit:jar:3.0.2:compile
|  +- io.cucumber:cucumber-core:jar:3.0.2:compile
|  |  +- io.cucumber:cucumber-html:jar:0.2.7:compile
|  |  +- io.cucumber:gherkin:jar:5.0.0:compile
|  |  +- io.cucumber:tag-expressions:jar:1.1.1:compile
|  |  +- (io.cucumber:cucumber-expressions:jar:5.0.19:compile - omitted for conflict with 6.1.0)
|  |  \- io.cucumber:datatable:jar:1.0.3:compile
|  |     \- io.cucumber:datatable-dependencies:jar:1.0.3:compile
|  \- (junit:junit:jar:4.12:compile - omitted for duplicate)
+- io.cucumber:cucumber-guice:jar:3.0.2:compile
|  \- (io.cucumber:cucumber-java:jar:3.0.2:compile - omitted for duplicate)
+- com.google.inject:guice:jar:4.2.1:compile
|  +- javax.inject:javax.inject:jar:1:compile
|  +- aopalliance:aopalliance:jar:1.0:compile
|  \- com.google.guava:guava:jar:25.1-android:compile
|     +- com.google.code.findbugs:jsr305:jar:3.0.2:compile
|     +- org.checkerframework:checker-compat-qual:jar:2.0.0:compile
|     +- com.google.errorprone:error_prone_annotations:jar:2.1.3:compile
|     +- com.google.j2objc:j2objc-annotations:jar:1.1:compile
|     \- org.codehaus.mojo:animal-sniffer-annotations:jar:1.14:compile
+- io.cucumber:cucumber-expressions:jar:6.1.0:compile
+- junit:junit:jar:4.12:compile
|  \- (org.hamcrest:hamcrest-core:jar:1.3:compile - omitted for duplicate)
+- org.yaml:snakeyaml:jar:1.23:compile
+- org.apache.logging.log4j:log4j-api:jar:2.11.1:compile
\- org.apache.logging.log4j:log4j-core:jar:2.11.1:compile
   \- (org.apache.logging.log4j:log4j-api:jar:2.11.1:compile - omitted for duplicate)

