WARNING: Your kernel does not support swap limit capabilities or the cgroup is not mounted. Memory limited without swap.
io.fusionauth:fusionauth-java-client:jar:1.14.1
+- com.fasterxml.jackson.core:jackson-core:jar:2.10.1:compile
+- com.fasterxml.jackson.core:jackson-databind:jar:2.10.1:compile
|  +- (com.fasterxml.jackson.core:jackson-annotations:jar:2.10.1:compile - omitted for duplicate)
|  \- (com.fasterxml.jackson.core:jackson-core:jar:2.10.1:compile - omitted for duplicate)
+- com.fasterxml.jackson.core:jackson-annotations:jar:2.10.1:compile
+- com.inversoft:restify:jar:3.3.0:compile
|  +- (com.fasterxml.jackson.core:jackson-core:jar:2.10.0:compile - omitted for conflict with 2.10.1)
|  +- (com.fasterxml.jackson.core:jackson-databind:jar:2.10.0:compile - omitted for conflict with 2.10.1)
|  +- (com.fasterxml.jackson.core:jackson-annotations:jar:2.10.0:compile - omitted for conflict with 2.10.1)
|  +- org.slf4j:slf4j-api:jar:1.7.7:compile
|  \- (com.inversoft:jackson5:jar:2.4.2:compile - omitted for conflict with 2.4.5)
+- io.fusionauth:fusionauth-jwt:jar:3.1.5:compile
|  +- (com.fasterxml.jackson.core:jackson-core:jar:2.10.0:compile - omitted for conflict with 2.10.1)
|  +- (com.fasterxml.jackson.core:jackson-databind:jar:2.10.0:compile - omitted for conflict with 2.10.1)
|  \- (com.fasterxml.jackson.core:jackson-annotations:jar:2.10.0:compile - omitted for conflict with 2.10.1)
+- com.inversoft:jackson5:jar:2.4.5:compile
|  +- (com.fasterxml.jackson.core:jackson-core:jar:2.10.1:compile - omitted for duplicate)
|  +- (com.fasterxml.jackson.core:jackson-databind:jar:2.10.1:compile - omitted for duplicate)
|  +- (com.fasterxml.jackson.core:jackson-annotations:jar:2.10.1:compile - omitted for duplicate)
|  +- com.google.inject:guice:jar:4.2.2:compile
|  |  +- javax.inject:javax.inject:jar:1:compile
|  |  +- aopalliance:aopalliance:jar:1.0:compile
|  |  \- com.google.guava:guava:jar:25.1-android:compile
|  |     +- com.google.code.findbugs:jsr305:jar:3.0.2:compile
|  |     +- org.checkerframework:checker-compat-qual:jar:2.0.0:compile
|  |     +- com.google.errorprone:error_prone_annotations:jar:2.1.3:compile
|  |     +- com.google.j2objc:j2objc-annotations:jar:1.1:compile
|  |     \- org.codehaus.mojo:animal-sniffer-annotations:jar:1.14:compile
|  \- (org.slf4j:slf4j-api:jar:1.7.7:compile - omitted for duplicate)
+- com.inversoft:java-error:jar:2.2.0:compile
|  +- (com.fasterxml.jackson.core:jackson-annotations:jar:2.4.2:compile - omitted for conflict with 2.10.1)
|  \- (com.inversoft:jackson5:jar:2.3.1:compile - omitted for conflict with 2.4.5)
\- org.testng:testng:jar:6.8.7:test
   +- junit:junit:jar:4.10:test
   |  \- org.hamcrest:hamcrest-core:jar:1.1:test
   +- org.beanshell:bsh:jar:2.0b4:test
   +- com.beust:jcommander:jar:1.27:test
   \- org.yaml:snakeyaml:jar:1.12:test

