WARNING: Your kernel does not support swap limit capabilities or the cgroup is not mounted. Memory limited without swap.
com.github.games647:flexiblelogin:jar:0.18.1
+- org.spongepowered:spongeapi:jar:7.1.0:provided
|  +- org.slf4j:slf4j-api:jar:1.7.25:provided
|  +- com.google.guava:guava:jar:21.0:provided
|  +- com.google.errorprone:error_prone_annotations:jar:2.0.15:provided
|  +- com.google.code.gson:gson:jar:2.8.0:provided
|  +- org.apache.commons:commons-lang3:jar:3.5:provided
|  +- com.google.code.findbugs:jsr305:jar:3.0.1:provided
|  +- com.google.inject:guice:jar:4.1.0:provided
|  |  +- javax.inject:javax.inject:jar:1:provided
|  |  +- aopalliance:aopalliance:jar:1.0:provided
|  |  \- (com.google.guava:guava:jar:19.0:provided - omitted for conflict with 21.0)
|  +- com.github.ben-manes.caffeine:caffeine:jar:2.5.4:provided
|  +- com.github.ben-manes.caffeine:guava:jar:2.5.4:provided
|  |  \- (com.github.ben-manes.caffeine:caffeine:jar:2.5.4:provided - omitted for duplicate)
|  +- org.spongepowered:plugin-meta:jar:0.4.1:provided
|  |  +- (com.google.guava:guava:jar:17.0:provided - omitted for conflict with 21.0)
|  |  \- (com.google.code.gson:gson:jar:2.2.4:provided - omitted for conflict with 2.8.0)
|  +- org.spongepowered:configurate-hocon:jar:3.6:provided
|  |  +- org.spongepowered:configurate-core:jar:3.6:provided
|  |  |  +- (com.google.guava:guava:jar:21.0:provided - omitted for duplicate)
|  |  |  \- org.checkerframework:checker-qual:jar:2.4.0:provided
|  |  \- com.typesafe:config:jar:1.3.1:provided
|  +- org.spongepowered:configurate-gson:jar:3.6:provided
|  |  +- (org.spongepowered:configurate-core:jar:3.6:provided - omitted for duplicate)
|  |  \- (com.google.code.gson:gson:jar:2.8.0:provided - omitted for duplicate)
|  +- org.spongepowered:configurate-yaml:jar:3.6:provided
|  |  +- (org.spongepowered:configurate-core:jar:3.6:provided - omitted for duplicate)
|  |  \- org.yaml:snakeyaml:jar:1.18:provided
|  +- com.flowpowered:flow-math:jar:1.0.3:provided
|  +- com.flowpowered:flow-noise:jar:1.0.1-SNAPSHOT:provided
|  \- org.ow2.asm:asm:jar:5.2:provided
+- me.ryanhamshire:griefprevention:jar:api:1.10.2-4.0.1.535:provided
|  \- org.eclipse.mylyn.github:org.eclipse.egit.github.core:jar:2.1.5:provided
|     \- (com.google.code.gson:gson:jar:2.2.2:provided - omitted for conflict with 2.8.0)
+- at.favre.lib:bcrypt:jar:0.9.0:compile
|  \- at.favre.lib:bytes:jar:1.3.0:compile
+- com.github.games647:googleauth:jar:1.2.0-SMALL:compile
+- com.sun.mail:javax.mail:jar:1.6.2:compile
|  \- javax.activation:activation:jar:1.1:compile
+- org.junit.jupiter:junit-jupiter-api:jar:5.5.2:test
|  +- org.apiguardian:apiguardian-api:jar:1.1.0:test
|  +- org.opentest4j:opentest4j:jar:1.2.0:test
|  \- org.junit.platform:junit-platform-commons:jar:1.5.2:test
|     \- (org.apiguardian:apiguardian-api:jar:1.1.0:test - omitted for duplicate)
\- org.junit.jupiter:junit-jupiter-engine:jar:5.5.2:test
   +- (org.apiguardian:apiguardian-api:jar:1.1.0:test - omitted for duplicate)
   +- org.junit.platform:junit-platform-engine:jar:1.5.2:test
   |  +- (org.apiguardian:apiguardian-api:jar:1.1.0:test - omitted for duplicate)
   |  +- (org.opentest4j:opentest4j:jar:1.2.0:test - omitted for duplicate)
   |  \- (org.junit.platform:junit-platform-commons:jar:1.5.2:test - omitted for duplicate)
   \- (org.junit.jupiter:junit-jupiter-api:jar:5.5.2:test - omitted for duplicate)

