WARNING: Your kernel does not support swap limit capabilities or the cgroup is not mounted. Memory limited without swap.
com.github.games647:flexiblelogin:jar:0.16.9
+- org.spongepowered:spongeapi:jar:6.1.0-SNAPSHOT:provided
|  +- org.slf4j:slf4j-api:jar:1.7.22:provided
|  +- com.google.guava:guava:jar:17.0:provided
|  +- com.google.code.gson:gson:jar:2.2.4:provided
|  +- org.apache.commons:commons-lang3:jar:3.3.2:provided
|  +- com.google.code.findbugs:jsr305:jar:1.3.9:provided
|  +- com.google.inject:guice:jar:4.0:provided
|  |  +- javax.inject:javax.inject:jar:1:provided
|  |  +- aopalliance:aopalliance:jar:1.0:provided
|  |  \- (com.google.guava:guava:jar:16.0.1:provided - omitted for conflict with 17.0)
|  +- com.github.ben-manes.caffeine:caffeine:jar:2.3.5:provided
|  +- com.github.ben-manes.caffeine:guava:jar:2.3.5:provided
|  |  \- (com.github.ben-manes.caffeine:caffeine:jar:2.3.5:provided - omitted for duplicate)
|  +- org.spongepowered:plugin-meta:jar:0.4.1:provided
|  |  +- (com.google.guava:guava:jar:17.0:provided - omitted for duplicate)
|  |  \- (com.google.code.gson:gson:jar:2.2.4:provided - omitted for duplicate)
|  +- ninja.leaping.configurate:configurate-hocon:jar:3.2:provided
|  |  +- com.typesafe:config:jar:1.3.0:provided
|  |  \- ninja.leaping.configurate:configurate-core:jar:3.2:provided
|  |     \- (com.google.guava:guava:jar:17.0:provided - omitted for duplicate)
|  +- ninja.leaping.configurate:configurate-gson:jar:3.2:provided
|  |  +- (com.google.code.gson:gson:jar:2.2.4:provided - omitted for duplicate)
|  |  \- (ninja.leaping.configurate:configurate-core:jar:3.2:provided - omitted for duplicate)
|  +- ninja.leaping.configurate:configurate-yaml:jar:3.2:provided
|  |  +- org.yaml:snakeyaml:jar:1.16:provided
|  |  \- (ninja.leaping.configurate:configurate-core:jar:3.2:provided - omitted for duplicate)
|  +- com.flowpowered:flow-math:jar:1.0.3:provided
|  +- com.flowpowered:flow-noise:jar:1.0.1-SNAPSHOT:provided
|  \- org.ow2.asm:asm:jar:5.0.3:provided
+- me.ryanhamshire:griefprevention:jar:api:1.10.2-4.0.1.535:provided
|  \- org.eclipse.mylyn.github:org.eclipse.egit.github.core:jar:2.1.5:provided
|     \- (com.google.code.gson:gson:jar:2.2.2:provided - omitted for conflict with 2.2.4)
+- de.svenkubiak:jBCrypt:jar:0.4.1:compile
+- com.warrenstrange:googleauth:jar:1.1.5:compile
|  +- commons-codec:commons-codec:jar:1.11:compile
|  \- org.apache.httpcomponents:httpclient:jar:4.5.3:compile
|     +- org.apache.httpcomponents:httpcore:jar:4.4.6:compile
|     +- commons-logging:commons-logging:jar:1.2:compile
|     \- (commons-codec:commons-codec:jar:1.9:compile - omitted for conflict with 1.11)
+- com.sun.mail:javax.mail:jar:1.6.1:compile
|  \- javax.activation:activation:jar:1.1:compile
\- org.junit.jupiter:junit-jupiter-api:jar:5.0.3:test
   +- org.apiguardian:apiguardian-api:jar:1.0.0:test
   +- org.opentest4j:opentest4j:jar:1.0.0:test
   \- org.junit.platform:junit-platform-commons:jar:1.0.3:test
      \- (org.apiguardian:apiguardian-api:jar:1.0.0:test - omitted for duplicate)

