WARNING: Your kernel does not support swap limit capabilities or the cgroup is not mounted. Memory limited without swap.
com.github.games647:flexiblelogin:jar:0.15
+- org.spongepowered:spongeapi:jar:6.0.0:provided
|  +- org.slf4j:slf4j-api:jar:1.7.22:provided
|  +- com.google.guava:guava:jar:17.0:provided
|  +- com.google.code.gson:gson:jar:2.2.4:provided
|  +- org.apache.commons:commons-lang3:jar:3.3.2:provided
|  +- com.google.code.findbugs:jsr305:jar:1.3.9:provided
|  +- com.google.inject:guice:jar:4.0:provided
|  |  +- javax.inject:javax.inject:jar:1:provided
|  |  +- aopalliance:aopalliance:jar:1.0:provided
|  |  \- (com.google.guava:guava:jar:16.0.1:provided - omitted for conflict with 17.0)
|  +- com.github.ben-manes.caffeine:caffeine:jar:2.3.5:provided
|  +- com.github.ben-manes.caffeine:guava:jar:2.3.5:provided
|  |  \- (com.github.ben-manes.caffeine:caffeine:jar:2.3.5:provided - omitted for duplicate)
|  +- org.spongepowered:plugin-meta:jar:0.4.1:provided
|  |  +- (com.google.guava:guava:jar:17.0:provided - omitted for duplicate)
|  |  \- (com.google.code.gson:gson:jar:2.2.4:provided - omitted for duplicate)
|  +- ninja.leaping.configurate:configurate-hocon:jar:3.2:provided
|  |  +- com.typesafe:config:jar:1.3.0:provided
|  |  \- ninja.leaping.configurate:configurate-core:jar:3.2:provided
|  |     \- (com.google.guava:guava:jar:17.0:provided - omitted for duplicate)
|  +- ninja.leaping.configurate:configurate-gson:jar:3.2:provided
|  |  +- (com.google.code.gson:gson:jar:2.2.4:provided - omitted for duplicate)
|  |  \- (ninja.leaping.configurate:configurate-core:jar:3.2:provided - omitted for duplicate)
|  +- ninja.leaping.configurate:configurate-yaml:jar:3.2:provided
|  |  +- org.yaml:snakeyaml:jar:1.16:provided
|  |  \- (ninja.leaping.configurate:configurate-core:jar:3.2:provided - omitted for duplicate)
|  +- com.flowpowered:flow-math:jar:1.0.3:provided
|  +- com.flowpowered:flow-noise:jar:1.0.1-SNAPSHOT:provided
|  \- org.ow2.asm:asm:jar:5.0.3:provided
+- com.github.anebril:jBCrypt:jar:gcsvn-merged-0.4-overflow-fix-SNAPSHOT:compile
+- com.sun.mail:javax.mail:jar:1.6.0:compile
|  \- javax.activation:activation:jar:1.1:compile
\- org.junit.jupiter:junit-jupiter-api:jar:5.0.0:compile
   +- org.apiguardian:apiguardian-api:jar:1.0.0:compile
   +- org.opentest4j:opentest4j:jar:1.0.0:compile
   \- org.junit.platform:junit-platform-commons:jar:1.0.0:compile
      \- (org.apiguardian:apiguardian-api:jar:1.0.0:compile - omitted for duplicate)

