WARNING: Your kernel does not support swap limit capabilities or the cgroup is not mounted. Memory limited without swap.
org.gbif:gbif-api:jar:0.15
+- org.gbif:dwc-api:jar:1.8:compile
|  +- (org.slf4j:slf4j-api:jar:1.7.7:compile - omitted for duplicate)
|  +- (org.codehaus.jackson:jackson-core-asl:jar:1.9.12:compile - omitted for duplicate)
|  \- (org.codehaus.jackson:jackson-mapper-asl:jar:1.9.12:compile - omitted for duplicate)
+- ch.qos.logback:logback-classic:jar:1.0.13:test
|  +- ch.qos.logback:logback-core:jar:1.0.13:test
|  \- (org.slf4j:slf4j-api:jar:1.7.5:test - omitted for conflict with 1.7.7)
+- com.google.code.findbugs:jsr305:jar:2.0.3:compile
+- com.google.guava:guava:jar:14.0.1:compile
+- javax.validation:validation-api:jar:1.1.0.Final:compile
+- org.apache.commons:commons-lang3:jar:3.3.1:compile
+- com.vividsolutions:jts:jar:1.13:compile
+- junit:junit:jar:4.11:test
|  \- (org.hamcrest:hamcrest-core:jar:1.3:test - omitted for duplicate)
+- org.apache.bval:bval-jsr303:jar:0.5:test
|  +- org.apache.bval:bval-core:jar:0.5:test
|  |  +- (org.apache.commons:commons-lang3:jar:3.1:test - omitted for conflict with 3.3.1)
|  |  \- commons-beanutils:commons-beanutils-core:jar:1.8.3:test
|  \- (org.apache.commons:commons-lang3:jar:3.1:test - omitted for conflict with 3.3.1)
+- org.codehaus.jackson:jackson-core-asl:jar:1.9.12:compile
+- org.codehaus.jackson:jackson-mapper-asl:jar:1.9.12:compile
|  \- (org.codehaus.jackson:jackson-core-asl:jar:1.9.12:compile - omitted for duplicate)
+- org.hamcrest:hamcrest-core:jar:1.3:test
+- org.mockito:mockito-core:jar:1.9.5:test
|  +- (org.hamcrest:hamcrest-core:jar:1.1:test - omitted for conflict with 1.3)
|  \- org.objenesis:objenesis:jar:1.0:test
\- org.slf4j:slf4j-api:jar:1.7.7:compile

