WARNING: Your kernel does not support swap limit capabilities or the cgroup is not mounted. Memory limited without swap.
org.gbif:gbif-api:jar:0.55
+- org.gbif:dwc-api:jar:1.16:compile
|  +- (org.slf4j:slf4j-api:jar:1.7.12:compile - omitted for duplicate)
|  +- (org.codehaus.jackson:jackson-core-asl:jar:1.9.12:compile - omitted for duplicate)
|  \- (org.codehaus.jackson:jackson-mapper-asl:jar:1.9.12:compile - omitted for duplicate)
+- org.gbif:gbif-common:jar:0.32:compile
|  +- (com.google.guava:guava:jar:18.0:compile - omitted for duplicate)
|  +- commons-io:commons-io:jar:2.4:compile
|  +- (org.apache.commons:commons-lang3:jar:3.4:compile - omitted for duplicate)
|  +- org.apache.commons:commons-compress:jar:1.10:compile
|  +- net.sf.supercsv:super-csv:jar:2.4.0:compile
|  +- com.googlecode.owasp-java-html-sanitizer:owasp-java-html-sanitizer:jar:20160924.1:compile
|  +- commons-beanutils:commons-beanutils:jar:1.9.2:compile
|  |  +- commons-logging:commons-logging:jar:1.1.1:compile
|  |  \- commons-collections:commons-collections:jar:3.2.1:compile
|  \- (org.slf4j:slf4j-api:jar:1.7.16:compile - omitted for conflict with 1.7.12)
+- ch.qos.logback:logback-classic:jar:1.1.3:test
|  +- ch.qos.logback:logback-core:jar:1.1.3:test
|  \- (org.slf4j:slf4j-api:jar:1.7.7:test - omitted for conflict with 1.7.12)
+- com.google.code.findbugs:jsr305:jar:3.0.1:compile
+- com.google.guava:guava:jar:18.0:compile
+- javax.validation:validation-api:jar:1.1.0.Final:compile
+- org.apache.commons:commons-lang3:jar:3.4:compile
+- com.vividsolutions:jts:jar:1.13:compile
+- junit:junit:jar:4.12:test
|  \- (org.hamcrest:hamcrest-core:jar:1.3:test - omitted for duplicate)
+- org.apache.bval:bval-jsr303:jar:0.5:test
|  +- org.apache.bval:bval-core:jar:0.5:test
|  |  +- (org.apache.commons:commons-lang3:jar:3.1:test - omitted for conflict with 3.4)
|  |  \- commons-beanutils:commons-beanutils-core:jar:1.8.3:test
|  \- (org.apache.commons:commons-lang3:jar:3.1:test - omitted for conflict with 3.4)
+- org.codehaus.jackson:jackson-core-asl:jar:1.9.12:compile
+- org.codehaus.jackson:jackson-mapper-asl:jar:1.9.12:compile
|  \- (org.codehaus.jackson:jackson-core-asl:jar:1.9.12:compile - omitted for duplicate)
+- org.hamcrest:hamcrest-core:jar:1.3:test
+- org.mockito:mockito-core:jar:2.8.9:test
|  +- net.bytebuddy:byte-buddy:jar:1.6.14:test
|  +- net.bytebuddy:byte-buddy-agent:jar:1.6.14:test
|  \- org.objenesis:objenesis:jar:2.5:test
\- org.slf4j:slf4j-api:jar:1.7.12:compile

