WARNING: Your kernel does not support swap limit capabilities or the cgroup is not mounted. Memory limited without swap.
org.gbif:gbif-api:jar:0.98
+- org.gbif:dwc-api:jar:1.19:compile
|  +- (org.slf4j:slf4j-api:jar:1.7.12:compile - omitted for conflict with 1.7.25)
|  +- (org.codehaus.jackson:jackson-core-asl:jar:1.9.12:compile - omitted for duplicate)
|  \- (org.codehaus.jackson:jackson-mapper-asl:jar:1.9.12:compile - omitted for duplicate)
+- org.gbif:gbif-common:jar:0.40:compile
|  +- commons-io:commons-io:jar:2.5:compile
|  +- (org.apache.commons:commons-lang3:jar:3.6:compile - omitted for duplicate)
|  +- org.apache.commons:commons-compress:jar:1.14:compile
|  +- com.googlecode.owasp-java-html-sanitizer:owasp-java-html-sanitizer:jar:20160924.1:compile
|  +- commons-beanutils:commons-beanutils:jar:1.9.3:compile
|  |  +- commons-logging:commons-logging:jar:1.2:compile
|  |  \- commons-collections:commons-collections:jar:3.2.2:compile
|  \- (org.slf4j:slf4j-api:jar:1.7.25:compile - omitted for conflict with 1.7.12)
+- ch.qos.logback:logback-classic:jar:1.2.3:test
|  +- ch.qos.logback:logback-core:jar:1.2.3:test
|  \- (org.slf4j:slf4j-api:jar:1.7.25:test - omitted for conflict with 1.7.12)
+- com.google.code.findbugs:jsr305:jar:3.0.1:compile
+- com.google.guava:guava:jar:18.0:compile
+- javax.validation:validation-api:jar:2.0.1.Final:compile
+- org.apache.commons:commons-lang3:jar:3.6:compile
+- org.locationtech.spatial4j:spatial4j:jar:0.7:compile
+- org.locationtech.jts:jts-core:jar:1.16.1:compile
+- junit:junit:jar:4.12:test
|  \- (org.hamcrest:hamcrest-core:jar:1.3:test - omitted for duplicate)
+- org.hibernate.validator:hibernate-validator:jar:6.0.17.Final:test
|  +- (javax.validation:validation-api:jar:2.0.1.Final:test - omitted for duplicate)
|  +- org.jboss.logging:jboss-logging:jar:3.3.2.Final:test
|  \- com.fasterxml:classmate:jar:1.3.4:test
+- org.glassfish:javax.el:jar:3.0.0:test
+- org.codehaus.jackson:jackson-core-asl:jar:1.9.12:compile
+- org.codehaus.jackson:jackson-mapper-asl:jar:1.9.12:compile
|  \- (org.codehaus.jackson:jackson-core-asl:jar:1.9.12:compile - omitted for duplicate)
+- org.hamcrest:hamcrest-core:jar:1.3:test
+- org.mockito:mockito-core:jar:2.8.9:test
|  +- net.bytebuddy:byte-buddy:jar:1.6.14:test
|  +- net.bytebuddy:byte-buddy-agent:jar:1.6.14:test
|  \- org.objenesis:objenesis:jar:2.5:test
\- org.slf4j:slf4j-api:jar:1.7.25:compile

