WARNING: Your kernel does not support swap limit capabilities or the cgroup is not mounted. Memory limited without swap.
genepi:imputationserver:jar:1.3.2
+- cloudgene:cloudgene-java-sdk:jar:1.0.2:compile
+- junit:junit:jar:4.12:test
|  \- org.hamcrest:hamcrest-core:jar:1.3:test
+- net.lingala.zip4j:zip4j:jar:1.3.2:compile
+- com.esotericsoftware.yamlbeans:yamlbeans:jar:1.09:compile
+- genepi:genepi-io:jar:1.0.10:compile
|  +- net.sf.opencsv:opencsv:jar:2.3:compile
|  +- commons-cli:commons-cli:jar:1.3.1:compile
|  \- net.sourceforge.jexcelapi:jxl:jar:2.6.12:compile
|     \- log4j:log4j:jar:1.2.17:compile
+- genepi:genepi-hadoop:jar:mr1-1.4.1:compile
|  +- org.apache.hadoop:hadoop-client:jar:2.6.0-mr1-cdh5.16.1:compile
|  |  +- org.apache.hadoop:hadoop-common:jar:2.6.0-cdh5.16.1:compile
|  |  |  +- org.apache.hadoop:hadoop-annotations:jar:2.6.0-cdh5.16.1:compile
|  |  |  +- com.google.guava:guava:jar:11.0.2:compile
|  |  |  |  \- (com.google.code.findbugs:jsr305:jar:1.3.9:compile - omitted for conflict with 3.0.0)
|  |  |  +- (org.apache.commons:commons-math3:jar:3.1.1:compile - omitted for conflict with 3.6.1)
|  |  |  +- xmlenc:xmlenc:jar:0.52:compile
|  |  |  +- (commons-codec:commons-codec:jar:1.4:compile - omitted for conflict with 1.9)
|  |  |  +- commons-io:commons-io:jar:2.4:compile
|  |  |  +- commons-net:commons-net:jar:3.1:compile
|  |  |  +- commons-collections:commons-collections:jar:3.2.2:compile
|  |  |  +- (commons-el:commons-el:jar:1.0:compile - scope updated from runtime; omitted for duplicate)
|  |  |  +- (commons-logging:commons-logging:jar:1.1.3:compile - omitted for conflict with 1.2)
|  |  |  +- (log4j:log4j:jar:1.2.17:compile - omitted for conflict with 1.2.17)
|  |  |  +- commons-lang:commons-lang:jar:2.6:compile
|  |  |  +- commons-configuration:commons-configuration:jar:1.6:compile
|  |  |  |  +- (commons-collections:commons-collections:jar:3.2.1:compile - omitted for conflict with 3.2.2)
|  |  |  |  +- (commons-lang:commons-lang:jar:2.4:compile - omitted for conflict with 2.6)
|  |  |  |  +- (commons-logging:commons-logging:jar:1.1.1:compile - omitted for conflict with 1.1.3)
|  |  |  |  +- commons-digester:commons-digester:jar:1.8:compile
|  |  |  |  |  +- commons-beanutils:commons-beanutils:jar:1.7.0:compile
|  |  |  |  |  |  \- (commons-logging:commons-logging:jar:1.0.3:compile - omitted for conflict with 1.1.3)
|  |  |  |  |  \- (commons-logging:commons-logging:jar:1.1:compile - omitted for conflict with 1.1.3)
|  |  |  |  \- commons-beanutils:commons-beanutils-core:jar:1.8.0:compile
|  |  |  |     \- (commons-logging:commons-logging:jar:1.1.1:compile - omitted for conflict with 1.1.3)
|  |  |  +- org.slf4j:slf4j-api:jar:1.5.2:compile
|  |  |  +- (org.slf4j:slf4j-log4j12:jar:1.7.5:compile - scope updated from runtime; omitted for duplicate)
|  |  |  +- org.codehaus.jackson:jackson-core-asl:jar:1.8.10:compile
|  |  |  +- org.codehaus.jackson:jackson-mapper-asl:jar:1.8.10-cloudera.1:compile
|  |  |  |  \- (org.codehaus.jackson:jackson-core-asl:jar:1.8.10-cloudera.1:compile - omitted for conflict with 1.8.10)
|  |  |  +- org.apache.avro:avro:jar:1.7.6-cdh5.16.1:compile
|  |  |  |  +- (org.codehaus.jackson:jackson-core-asl:jar:1.8.10:compile - omitted for duplicate)
|  |  |  |  +- (org.codehaus.jackson:jackson-mapper-asl:jar:1.8.10-cloudera.1:compile - omitted for duplicate)
|  |  |  |  +- com.thoughtworks.paranamer:paranamer:jar:2.3:compile
|  |  |  |  +- (org.xerial.snappy:snappy-java:jar:1.0.4.1:compile - omitted for conflict with 1.0.3-rc3)
|  |  |  |  +- (org.apache.commons:commons-compress:jar:1.4.1:compile - omitted for duplicate)
|  |  |  |  \- (org.slf4j:slf4j-api:jar:1.6.4:compile - omitted for conflict with 1.5.2)
|  |  |  +- com.google.protobuf:protobuf-java:jar:2.5.0:compile
|  |  |  +- com.google.code.gson:gson:jar:2.2.4:compile
|  |  |  +- org.apache.hadoop:hadoop-auth:jar:2.6.0-cdh5.16.1:compile
|  |  |  |  +- (org.slf4j:slf4j-api:jar:1.7.5:compile - omitted for duplicate)
|  |  |  |  +- (commons-codec:commons-codec:jar:1.4:compile - omitted for duplicate)
|  |  |  |  +- (log4j:log4j:jar:1.2.17:runtime - omitted for conflict with 1.2.17)
|  |  |  |  +- (org.slf4j:slf4j-log4j12:jar:1.7.5:runtime - omitted for duplicate)
|  |  |  |  +- org.apache.directory.server:apacheds-kerberos-codec:jar:2.0.0-M15:compile
|  |  |  |  |  +- org.apache.directory.server:apacheds-i18n:jar:2.0.0-M15:compile
|  |  |  |  |  |  \- (org.slf4j:slf4j-api:jar:1.7.5:compile - omitted for duplicate)
|  |  |  |  |  +- org.apache.directory.api:api-asn1-api:jar:1.0.0-M20:compile
|  |  |  |  |  |  \- (org.slf4j:slf4j-api:jar:1.7.5:compile - omitted for duplicate)
|  |  |  |  |  +- org.apache.directory.api:api-util:jar:1.0.0-M20:compile
|  |  |  |  |  |  \- (org.slf4j:slf4j-api:jar:1.7.5:compile - omitted for duplicate)
|  |  |  |  |  \- (org.slf4j:slf4j-api:jar:1.7.5:compile - omitted for duplicate)
|  |  |  |  +- (org.apache.zookeeper:zookeeper:jar:3.4.5-cdh5.16.1:compile - omitted for duplicate)
|  |  |  |  \- org.apache.curator:curator-framework:jar:2.7.1:compile
|  |  |  |     +- (org.apache.curator:curator-client:jar:2.7.1:compile - omitted for duplicate)
|  |  |  |     +- (org.apache.zookeeper:zookeeper:jar:3.4.6:compile - omitted for conflict with 3.4.5-cdh5.16.1)
|  |  |  |     \- (com.google.guava:guava:jar:16.0.1:compile - omitted for conflict with 11.0.2)
|  |  |  +- (com.jcraft:jsch:jar:0.1.42:compile - omitted for conflict with 0.1.55)
|  |  |  +- org.apache.curator:curator-client:jar:2.7.1:compile
|  |  |  |  +- (org.slf4j:slf4j-api:jar:1.7.6:compile - omitted for conflict with 1.5.2)
|  |  |  |  +- (org.apache.zookeeper:zookeeper:jar:3.4.6:compile - omitted for conflict with 3.4.5-cdh5.16.1)
|  |  |  |  \- (com.google.guava:guava:jar:16.0.1:compile - omitted for conflict with 11.0.2)
|  |  |  +- org.apache.curator:curator-recipes:jar:2.7.1:compile
|  |  |  |  +- (org.apache.curator:curator-framework:jar:2.7.1:compile - omitted for duplicate)
|  |  |  |  +- (org.apache.zookeeper:zookeeper:jar:3.4.6:compile - omitted for conflict with 3.4.5-cdh5.16.1)
|  |  |  |  \- (com.google.guava:guava:jar:16.0.1:compile - omitted for conflict with 11.0.2)
|  |  |  +- com.google.code.findbugs:jsr305:jar:3.0.0:compile
|  |  |  +- org.apache.htrace:htrace-core4:jar:4.0.1-incubating:compile
|  |  |  +- org.apache.zookeeper:zookeeper:jar:3.4.5-cdh5.16.1:compile
|  |  |  |  +- (org.slf4j:slf4j-api:jar:1.7.5:compile - omitted for duplicate)
|  |  |  |  +- org.slf4j:slf4j-log4j12:jar:1.7.5:compile
|  |  |  |  |  +- (org.slf4j:slf4j-api:jar:1.7.5:compile - omitted for duplicate)
|  |  |  |  |  \- (log4j:log4j:jar:1.2.17:compile - omitted for conflict with 1.2.17)
|  |  |  |  \- (log4j:log4j:jar:1.2.17:compile - omitted for conflict with 1.2.17)
|  |  |  \- (org.apache.commons:commons-compress:jar:1.4.1:compile - omitted for duplicate)
|  |  +- org.apache.hadoop:hadoop-hdfs:jar:2.6.0-cdh5.16.1:compile
|  |  |  +- (com.google.guava:guava:jar:11.0.2:compile - omitted for duplicate)
|  |  |  +- com.sun.jersey:jersey-core:jar:1.9:compile
|  |  |  +- com.sun.jersey:jersey-server:jar:1.9:compile
|  |  |  |  +- asm:asm:jar:3.1:compile
|  |  |  |  \- (com.sun.jersey:jersey-core:jar:1.9:compile - omitted for duplicate)
|  |  |  +- (commons-cli:commons-cli:jar:1.2:compile - omitted for conflict with 1.3.1)
|  |  |  +- (commons-codec:commons-codec:jar:1.4:compile - omitted for duplicate)
|  |  |  +- (commons-io:commons-io:jar:2.4:compile - omitted for duplicate)
|  |  |  +- (commons-lang:commons-lang:jar:2.6:compile - omitted for duplicate)
|  |  |  +- (commons-logging:commons-logging:jar:1.1.3:compile - omitted for duplicate)
|  |  |  +- (log4j:log4j:jar:1.2.17:compile - omitted for conflict with 1.2.17)
|  |  |  +- (com.google.protobuf:protobuf-java:jar:2.5.0:compile - omitted for duplicate)
|  |  |  +- (org.codehaus.jackson:jackson-core-asl:jar:1.9.13:compile - omitted for conflict with 1.8.10)
|  |  |  +- (org.codehaus.jackson:jackson-mapper-asl:jar:1.9.13-cloudera.1:compile - omitted for conflict with 1.8.10-cloudera.1)
|  |  |  +- (xmlenc:xmlenc:jar:0.52:compile - omitted for duplicate)
|  |  |  +- io.netty:netty:jar:3.10.5.Final:compile
|  |  |  +- io.netty:netty-all:jar:4.0.23.Final:compile
|  |  |  +- xerces:xercesImpl:jar:2.9.1:compile
|  |  |  |  \- xml-apis:xml-apis:jar:1.3.04:compile
|  |  |  +- (org.apache.htrace:htrace-core4:jar:4.0.1-incubating:compile - omitted for duplicate)
|  |  |  \- org.fusesource.leveldbjni:leveldbjni-all:jar:1.8:compile
|  |  \- org.apache.hadoop:hadoop-core:jar:2.6.0-mr1-cdh5.16.1:compile
|  |     +- (xmlenc:xmlenc:jar:0.52:compile - omitted for duplicate)
|  |     +- (commons-codec:commons-codec:jar:1.4:compile - omitted for duplicate)
|  |     +- (commons-net:commons-net:jar:3.1:compile - omitted for duplicate)
|  |     +- commons-el:commons-el:jar:1.0:compile
|  |     |  \- (commons-logging:commons-logging:jar:1.0.3:compile - omitted for conflict with 1.1.3)
|  |     +- hsqldb:hsqldb:jar:1.8.0.10:compile
|  |     +- (org.codehaus.jackson:jackson-mapper-asl:jar:1.8.10-cloudera.1:compile - omitted for duplicate)
|  |     +- (org.codehaus.jackson:jackson-core-asl:jar:1.8.10:compile - omitted for duplicate)
|  |     \- (org.apache.zookeeper:zookeeper:jar:3.4.5-cdh5.16.1:compile - omitted for duplicate)
|  +- com.amazonaws:aws-java-sdk-s3:jar:1.11.543:compile
|  |  +- com.amazonaws:aws-java-sdk-kms:jar:1.11.543:compile
|  |  |  +- (com.amazonaws:aws-java-sdk-core:jar:1.11.543:compile - omitted for duplicate)
|  |  |  \- (com.amazonaws:jmespath-java:jar:1.11.543:compile - omitted for duplicate)
|  |  +- com.amazonaws:aws-java-sdk-core:jar:1.11.543:compile
|  |  |  +- (commons-logging:commons-logging:jar:1.1.3:compile - omitted for duplicate)
|  |  |  +- org.apache.httpcomponents:httpclient:jar:4.5.2:compile
|  |  |  |  +- org.apache.httpcomponents:httpcore:jar:4.4.9:compile
|  |  |  |  +- (commons-logging:commons-logging:jar:1.2:compile - omitted for conflict with 1.1.3)
|  |  |  |  \- (commons-codec:commons-codec:jar:1.10:compile - omitted for conflict with 1.4)
|  |  |  +- software.amazon.ion:ion-java:jar:1.0.2:compile
|  |  |  +- com.fasterxml.jackson.core:jackson-databind:jar:2.6.7.2:compile
|  |  |  |  +- com.fasterxml.jackson.core:jackson-annotations:jar:2.6.0:compile
|  |  |  |  \- com.fasterxml.jackson.core:jackson-core:jar:2.6.7:compile
|  |  |  +- com.fasterxml.jackson.dataformat:jackson-dataformat-cbor:jar:2.6.7:compile
|  |  |  |  \- (com.fasterxml.jackson.core:jackson-core:jar:2.6.7:compile - omitted for duplicate)
|  |  |  \- joda-time:joda-time:jar:2.8.1:compile
|  |  \- com.amazonaws:jmespath-java:jar:1.11.543:compile
|  |     \- (com.fasterxml.jackson.core:jackson-databind:jar:2.6.7.2:compile - omitted for duplicate)
|  +- (org.apache.httpcomponents:httpclient:jar:4.5.2:compile - scope updated from runtime; omitted for duplicate)
|  +- com.amazonaws:aws-java-sdk-sts:jar:1.11.543:compile
|  |  +- (com.amazonaws:aws-java-sdk-core:jar:1.11.543:compile - omitted for duplicate)
|  |  \- (com.amazonaws:jmespath-java:jar:1.11.543:compile - omitted for duplicate)
|  +- commons-codec:commons-codec:jar:1.9:compile
|  +- commons-logging:commons-logging:jar:1.2:compile
|  \- com.jcraft:jsch:jar:0.1.55:compile
+- com.github.samtools:htsjdk:jar:2.9.1:compile
|  +- org.apache.commons:commons-jexl:jar:2.1.1:compile
|  |  \- (commons-logging:commons-logging:jar:1.1.1:compile - omitted for conflict with 1.2)
|  +- (commons-logging:commons-logging:jar:1.1.1:compile - omitted for conflict with 1.2)
|  +- org.xerial.snappy:snappy-java:jar:1.0.3-rc3:compile
|  +- org.apache.commons:commons-compress:jar:1.4.1:compile
|  |  \- (org.tukaani:xz:jar:1.0:compile - omitted for conflict with 1.5)
|  +- org.tukaani:xz:jar:1.5:compile
|  \- gov.nih.nlm.ncbi:ngs-java:jar:1.2.4:compile
+- org.apache.commons:commons-math3:jar:3.6.1:compile
+- org.apache.hadoop:hadoop-hdfs:test-jar:tests:2.6.0-cdh5.16.1:test
|  +- (com.google.guava:guava:jar:11.0.2:compile - scope updated from test; omitted for duplicate)
|  +- org.mortbay.jetty:jetty:jar:6.1.26.cloudera.4:test
|  |  \- (org.mortbay.jetty:jetty-util:jar:6.1.26.cloudera.4:test - omitted for duplicate)
|  +- org.mortbay.jetty:jetty-util:jar:6.1.26.cloudera.4:test
|  +- (com.sun.jersey:jersey-core:jar:1.9:compile - scope updated from test; omitted for duplicate)
|  +- (com.sun.jersey:jersey-server:jar:1.9:compile - scope updated from test; omitted for duplicate)
|  +- (commons-cli:commons-cli:jar:1.2:test - omitted for conflict with 1.3.1)
|  +- (commons-codec:commons-codec:jar:1.4:test - omitted for conflict with 1.9)
|  +- (commons-io:commons-io:jar:2.4:compile - scope updated from test; omitted for duplicate)
|  +- (commons-lang:commons-lang:jar:2.6:compile - scope updated from test; omitted for duplicate)
|  +- (commons-logging:commons-logging:jar:1.1.3:test - omitted for conflict with 1.2)
|  +- commons-daemon:commons-daemon:jar:1.0.13:test
|  +- javax.servlet.jsp:jsp-api:jar:2.1:test
|  +- (log4j:log4j:jar:1.2.17:compile - scope updated from test; omitted for duplicate)
|  +- (com.google.protobuf:protobuf-java:jar:2.5.0:compile - scope updated from test; omitted for duplicate)
|  +- javax.servlet:servlet-api:jar:2.5:test
|  +- (org.codehaus.jackson:jackson-core-asl:jar:1.9.13:compile - scope updated from test; omitted for duplicate)
|  +- (org.codehaus.jackson:jackson-mapper-asl:jar:1.9.13-cloudera.1:compile - scope updated from test; omitted for duplicate)
|  +- tomcat:jasper-runtime:jar:5.5.23:test
|  |  +- (javax.servlet:servlet-api:jar:2.4:test - omitted for conflict with 2.5)
|  |  \- (commons-el:commons-el:jar:1.0:compile - scope updated from test; omitted for duplicate)
|  +- (xmlenc:xmlenc:jar:0.52:compile - scope updated from test; omitted for duplicate)
|  +- (io.netty:netty:jar:3.10.5.Final:compile - scope updated from test; omitted for duplicate)
|  +- (io.netty:netty-all:jar:4.0.23.Final:compile - scope updated from test; omitted for duplicate)
|  +- (xerces:xercesImpl:jar:2.9.1:compile - scope updated from test; omitted for duplicate)
|  +- (org.apache.htrace:htrace-core4:jar:4.0.1-incubating:compile - scope updated from test; omitted for duplicate)
|  \- (org.fusesource.leveldbjni:leveldbjni-all:jar:1.8:compile - scope updated from test; omitted for duplicate)
+- org.apache.hadoop:hadoop-common:test-jar:tests:2.6.0-cdh5.16.1:test
|  +- (org.apache.hadoop:hadoop-annotations:jar:2.6.0-cdh5.16.1:compile - scope updated from test; omitted for duplicate)
|  +- (com.google.guava:guava:jar:11.0.2:compile - scope updated from test; omitted for duplicate)
|  +- (commons-cli:commons-cli:jar:1.2:test - omitted for conflict with 1.3.1)
|  +- (org.apache.commons:commons-math3:jar:3.1.1:test - omitted for conflict with 3.6.1)
|  +- (xmlenc:xmlenc:jar:0.52:compile - scope updated from test; omitted for duplicate)
|  +- commons-httpclient:commons-httpclient:jar:3.1:test
|  |  +- (commons-logging:commons-logging:jar:1.0.4:test - omitted for conflict with 1.2)
|  |  \- (commons-codec:commons-codec:jar:1.2:test - omitted for conflict with 1.9)
|  +- (commons-codec:commons-codec:jar:1.4:test - omitted for conflict with 1.9)
|  +- (commons-io:commons-io:jar:2.4:compile - scope updated from test; omitted for duplicate)
|  +- (commons-net:commons-net:jar:3.1:compile - scope updated from test; omitted for duplicate)
|  +- (commons-collections:commons-collections:jar:3.2.2:compile - scope updated from test; omitted for duplicate)
|  +- (javax.servlet:servlet-api:jar:2.5:test - omitted for duplicate)
|  +- (org.mortbay.jetty:jetty:jar:6.1.26.cloudera.4:test - omitted for duplicate)
|  +- (org.mortbay.jetty:jetty-util:jar:6.1.26.cloudera.4:test - omitted for duplicate)
|  +- (com.sun.jersey:jersey-core:jar:1.9:compile - scope updated from test; omitted for duplicate)
|  +- com.sun.jersey:jersey-json:jar:1.9:test
|  |  +- org.codehaus.jettison:jettison:jar:1.1:test
|  |  +- com.sun.xml.bind:jaxb-impl:jar:2.2.3-1:test
|  |  |  \- javax.xml.bind:jaxb-api:jar:2.2.2:test
|  |  |     +- javax.xml.stream:stax-api:jar:1.0-2:test
|  |  |     \- javax.activation:activation:jar:1.1:test
|  |  +- (org.codehaus.jackson:jackson-core-asl:jar:1.8.3:compile - scope updated from test; omitted for duplicate)
|  |  +- (org.codehaus.jackson:jackson-mapper-asl:jar:1.8.3:compile - scope updated from test; omitted for duplicate)
|  |  +- org.codehaus.jackson:jackson-jaxrs:jar:1.8.3:test
|  |  |  +- (org.codehaus.jackson:jackson-core-asl:jar:1.8.3:test - omitted for duplicate)
|  |  |  \- (org.codehaus.jackson:jackson-mapper-asl:jar:1.8.3:test - omitted for duplicate)
|  |  +- org.codehaus.jackson:jackson-xc:jar:1.8.3:test
|  |  |  +- (org.codehaus.jackson:jackson-core-asl:jar:1.8.3:test - omitted for duplicate)
|  |  |  \- (org.codehaus.jackson:jackson-mapper-asl:jar:1.8.3:test - omitted for duplicate)
|  |  \- (com.sun.jersey:jersey-core:jar:1.9:compile - scope updated from test; omitted for duplicate)
|  +- (com.sun.jersey:jersey-server:jar:1.9:compile - scope updated from test; omitted for duplicate)
|  +- tomcat:jasper-compiler:jar:5.5.23:test
|  +- (tomcat:jasper-runtime:jar:5.5.23:test - omitted for duplicate)
|  +- (javax.servlet.jsp:jsp-api:jar:2.1:test - omitted for duplicate)
|  +- (commons-el:commons-el:jar:1.0:compile - scope updated from test; omitted for duplicate)
|  +- (commons-logging:commons-logging:jar:1.1.3:test - omitted for conflict with 1.2)
|  +- (log4j:log4j:jar:1.2.17:compile - scope updated from test; omitted for duplicate)
|  +- (commons-lang:commons-lang:jar:2.6:compile - scope updated from test; omitted for duplicate)
|  +- (commons-configuration:commons-configuration:jar:1.6:compile - scope updated from test; omitted for duplicate)
|  +- (org.slf4j:slf4j-api:jar:1.7.5:compile - scope updated from test; omitted for duplicate)
|  +- (org.slf4j:slf4j-log4j12:jar:1.7.5:compile - scope updated from test; omitted for duplicate)
|  +- (org.codehaus.jackson:jackson-core-asl:jar:1.8.10:compile - scope updated from test; omitted for duplicate)
|  +- (org.codehaus.jackson:jackson-mapper-asl:jar:1.8.10-cloudera.1:compile - scope updated from test; omitted for duplicate)
|  +- (org.apache.avro:avro:jar:1.7.6-cdh5.16.1:compile - scope updated from test; omitted for duplicate)
|  +- (com.google.protobuf:protobuf-java:jar:2.5.0:compile - scope updated from test; omitted for duplicate)
|  +- (com.google.code.gson:gson:jar:2.2.4:compile - scope updated from test; omitted for duplicate)
|  +- (org.apache.hadoop:hadoop-auth:jar:2.6.0-cdh5.16.1:compile - scope updated from test; omitted for duplicate)
|  +- (com.jcraft:jsch:jar:0.1.42:test - omitted for conflict with 0.1.55)
|  +- (org.apache.curator:curator-client:jar:2.7.1:compile - scope updated from test; omitted for duplicate)
|  +- (org.apache.curator:curator-recipes:jar:2.7.1:compile - scope updated from test; omitted for duplicate)
|  +- (com.google.code.findbugs:jsr305:jar:3.0.0:compile - scope updated from test; omitted for duplicate)
|  +- (org.apache.htrace:htrace-core4:jar:4.0.1-incubating:compile - scope updated from test; omitted for duplicate)
|  +- (org.apache.zookeeper:zookeeper:jar:3.4.5-cdh5.16.1:compile - scope updated from test; omitted for duplicate)
|  \- (org.apache.commons:commons-compress:jar:1.4.1:test - omitted for duplicate)
+- org.apache.hadoop:hadoop-test:jar:2.6.0-mr1-cdh5.16.1:test
|  +- (org.apache.hadoop:hadoop-core:jar:2.6.0-mr1-cdh5.16.1:compile - scope updated from test; omitted for duplicate)
|  +- org.apache.ftpserver:ftplet-api:jar:1.0.0:test
|  +- org.apache.mina:mina-core:jar:2.0.0-M5:test
|  |  \- (org.slf4j:slf4j-api:jar:1.5.2:compile - scope updated from test; omitted for duplicate)
|  +- org.apache.ftpserver:ftpserver-core:jar:1.0.0:test
|  |  +- (org.apache.ftpserver:ftplet-api:jar:1.0.0:test - omitted for duplicate)
|  |  +- (org.slf4j:slf4j-api:jar:1.5.2:compile - scope updated from test; omitted for duplicate)
|  |  \- (org.apache.mina:mina-core:jar:2.0.0-M4:test - omitted for conflict with 2.0.0-M5)
|  \- org.apache.ftpserver:ftpserver-deprecated:jar:1.0.0-M2:test
|     +- (org.apache.ftpserver:ftplet-api:jar:1.0.0-M2:test - omitted for conflict with 1.0.0)
|     +- (org.apache.ftpserver:ftpserver-core:jar:1.0.0-M2:test - omitted for conflict with 1.0.0)
|     +- (org.apache.mina:mina-core:jar:2.0.0-M2:test - omitted for conflict with 2.0.0-M5)
|     \- (org.slf4j:slf4j-api:jar:1.5.2:compile - scope updated from test; omitted for duplicate)
+- org.apache.sshd:sshd-sftp:jar:0.9.0:test
|  \- org.apache.sshd:sshd-core:jar:0.9.0:test
|     \- (org.apache.mina:mina-core:jar:2.0.7:test - omitted for conflict with 2.0.0-M5)
\- org.codehaus.groovy:groovy-all:jar:2.4.14:compile

