WARNING: Your kernel does not support swap limit capabilities or the cgroup is not mounted. Memory limited without swap.
genepi:minimac-cloud:jar:1.0.0
+- junit:junit:jar:4.12:test
|  \- org.hamcrest:hamcrest-core:jar:1.3:test
+- net.lingala.zip4j:zip4j:jar:1.3.2:compile
+- com.esotericsoftware.yamlbeans:yamlbeans:jar:1.06:compile
+- genepi:genepi-io:jar:1.0.1:compile
|  +- net.sf.opencsv:opencsv:jar:2.3:compile
|  +- commons-cli:commons-cli:jar:1.2:compile
|  \- net.sourceforge.jexcelapi:jxl:jar:2.6.12:compile
|     \- log4j:log4j:jar:1.2.14:compile
+- genepi:genepi-hadoop:jar:mr1-1.1.0:compile
|  +- org.apache.hadoop:hadoop-client:jar:2.5.0-mr1-cdh5.3.8:compile
|  |  +- org.apache.hadoop:hadoop-common:jar:2.5.0-cdh5.3.8:compile
|  |  |  +- org.apache.hadoop:hadoop-annotations:jar:2.5.0-cdh5.3.8:compile
|  |  |  |  \- jdk.tools:jdk.tools:jar:1.6:system
|  |  |  +- com.google.guava:guava:jar:11.0.2:compile
|  |  |  |  \- (com.google.code.findbugs:jsr305:jar:1.3.9:compile - omitted for duplicate)
|  |  |  +- (org.apache.commons:commons-math3:jar:3.1.1:compile - omitted for conflict with 3.3)
|  |  |  +- xmlenc:xmlenc:jar:0.52:compile
|  |  |  +- (commons-codec:commons-codec:jar:1.4:compile - omitted for conflict with 1.9)
|  |  |  +- commons-io:commons-io:jar:2.4:compile
|  |  |  +- commons-net:commons-net:jar:3.1:compile
|  |  |  +- commons-collections:commons-collections:jar:3.2.1:compile
|  |  |  +- (commons-el:commons-el:jar:1.0:compile - scope updated from runtime; omitted for duplicate)
|  |  |  +- (commons-logging:commons-logging:jar:1.1.3:compile - omitted for duplicate)
|  |  |  +- (log4j:log4j:jar:1.2.17:compile - omitted for conflict with 1.2.14)
|  |  |  +- commons-lang:commons-lang:jar:2.6:compile
|  |  |  +- commons-configuration:commons-configuration:jar:1.6:compile
|  |  |  |  +- (commons-collections:commons-collections:jar:3.2.1:compile - omitted for duplicate)
|  |  |  |  +- (commons-lang:commons-lang:jar:2.4:compile - omitted for conflict with 2.6)
|  |  |  |  +- (commons-logging:commons-logging:jar:1.1.1:compile - omitted for conflict with 1.1.3)
|  |  |  |  +- commons-digester:commons-digester:jar:1.8:compile
|  |  |  |  |  +- commons-beanutils:commons-beanutils:jar:1.7.0:compile
|  |  |  |  |  |  \- (commons-logging:commons-logging:jar:1.0.3:compile - omitted for conflict with 1.1.3)
|  |  |  |  |  \- (commons-logging:commons-logging:jar:1.1:compile - omitted for conflict with 1.1.3)
|  |  |  |  \- commons-beanutils:commons-beanutils-core:jar:1.8.0:compile
|  |  |  |     \- (commons-logging:commons-logging:jar:1.1.1:compile - omitted for conflict with 1.1.3)
|  |  |  +- org.slf4j:slf4j-api:jar:1.7.5:compile
|  |  |  +- (org.slf4j:slf4j-log4j12:jar:1.7.5:compile - scope updated from runtime; omitted for duplicate)
|  |  |  +- org.codehaus.jackson:jackson-core-asl:jar:1.8.8:compile
|  |  |  +- org.codehaus.jackson:jackson-mapper-asl:jar:1.8.8:compile
|  |  |  |  \- (org.codehaus.jackson:jackson-core-asl:jar:1.8.8:compile - omitted for duplicate)
|  |  |  +- org.apache.avro:avro:jar:1.7.6-cdh5.3.8:compile
|  |  |  |  +- (org.codehaus.jackson:jackson-core-asl:jar:1.9.13:compile - omitted for conflict with 1.8.8)
|  |  |  |  +- (org.codehaus.jackson:jackson-mapper-asl:jar:1.9.13:compile - omitted for conflict with 1.8.8)
|  |  |  |  +- com.thoughtworks.paranamer:paranamer:jar:2.3:compile
|  |  |  |  +- (org.xerial.snappy:snappy-java:jar:1.0.4.1:compile - omitted for conflict with 1.0.3-rc3)
|  |  |  |  +- (org.apache.commons:commons-compress:jar:1.4.1:compile - omitted for duplicate)
|  |  |  |  \- (org.slf4j:slf4j-api:jar:1.6.4:compile - omitted for conflict with 1.7.5)
|  |  |  +- com.google.protobuf:protobuf-java:jar:2.5.0:compile
|  |  |  +- com.google.code.gson:gson:jar:2.2.4:compile
|  |  |  +- org.apache.hadoop:hadoop-auth:jar:2.5.0-cdh5.3.8:compile
|  |  |  |  +- (org.slf4j:slf4j-api:jar:1.7.5:compile - omitted for duplicate)
|  |  |  |  +- (commons-codec:commons-codec:jar:1.4:compile - omitted for duplicate)
|  |  |  |  +- (log4j:log4j:jar:1.2.17:runtime - omitted for conflict with 1.2.14)
|  |  |  |  +- (org.slf4j:slf4j-log4j12:jar:1.7.5:runtime - omitted for duplicate)
|  |  |  |  +- org.apache.httpcomponents:httpclient:jar:4.2.5:compile
|  |  |  |  |  +- org.apache.httpcomponents:httpcore:jar:4.2.4:compile
|  |  |  |  |  +- (commons-logging:commons-logging:jar:1.1.1:compile - omitted for conflict with 1.1.3)
|  |  |  |  |  \- (commons-codec:commons-codec:jar:1.6:compile - omitted for conflict with 1.4)
|  |  |  |  +- org.apache.directory.server:apacheds-kerberos-codec:jar:2.0.0-M15:compile
|  |  |  |  |  +- org.apache.directory.server:apacheds-i18n:jar:2.0.0-M15:compile
|  |  |  |  |  |  \- (org.slf4j:slf4j-api:jar:1.7.5:compile - omitted for duplicate)
|  |  |  |  |  +- org.apache.directory.api:api-asn1-api:jar:1.0.0-M20:compile
|  |  |  |  |  |  \- (org.slf4j:slf4j-api:jar:1.7.5:compile - omitted for duplicate)
|  |  |  |  |  +- org.apache.directory.api:api-util:jar:1.0.0-M20:compile
|  |  |  |  |  |  \- (org.slf4j:slf4j-api:jar:1.7.5:compile - omitted for duplicate)
|  |  |  |  |  \- (org.slf4j:slf4j-api:jar:1.7.5:compile - omitted for duplicate)
|  |  |  |  +- (org.apache.zookeeper:zookeeper:jar:3.4.5-cdh5.3.8:compile - omitted for duplicate)
|  |  |  |  \- org.apache.curator:curator-framework:jar:2.6.0:compile
|  |  |  |     +- (org.apache.curator:curator-client:jar:2.6.0:compile - omitted for duplicate)
|  |  |  |     +- (org.apache.zookeeper:zookeeper:jar:3.4.6:compile - omitted for conflict with 3.4.5-cdh5.3.8)
|  |  |  |     \- (com.google.guava:guava:jar:16.0.1:compile - omitted for conflict with 11.0.2)
|  |  |  +- com.jcraft:jsch:jar:0.1.42:compile
|  |  |  +- org.apache.curator:curator-client:jar:2.6.0:compile
|  |  |  |  +- (org.slf4j:slf4j-api:jar:1.7.6:compile - omitted for conflict with 1.7.5)
|  |  |  |  +- (org.apache.zookeeper:zookeeper:jar:3.4.6:compile - omitted for conflict with 3.4.5-cdh5.3.8)
|  |  |  |  \- (com.google.guava:guava:jar:16.0.1:compile - omitted for conflict with 11.0.2)
|  |  |  +- org.apache.curator:curator-recipes:jar:2.6.0:compile
|  |  |  |  +- (org.apache.curator:curator-framework:jar:2.6.0:compile - omitted for duplicate)
|  |  |  |  +- (org.apache.zookeeper:zookeeper:jar:3.4.6:compile - omitted for conflict with 3.4.5-cdh5.3.8)
|  |  |  |  \- (com.google.guava:guava:jar:16.0.1:compile - omitted for conflict with 11.0.2)
|  |  |  +- com.google.code.findbugs:jsr305:jar:1.3.9:compile
|  |  |  +- org.apache.zookeeper:zookeeper:jar:3.4.5-cdh5.3.8:compile
|  |  |  |  +- (org.slf4j:slf4j-api:jar:1.7.5:compile - omitted for duplicate)
|  |  |  |  +- org.slf4j:slf4j-log4j12:jar:1.7.5:compile
|  |  |  |  |  +- (org.slf4j:slf4j-api:jar:1.7.5:compile - omitted for duplicate)
|  |  |  |  |  \- (log4j:log4j:jar:1.2.17:compile - omitted for conflict with 1.2.14)
|  |  |  |  \- (log4j:log4j:jar:1.2.17:compile - omitted for conflict with 1.2.14)
|  |  |  \- (org.apache.commons:commons-compress:jar:1.4.1:compile - omitted for duplicate)
|  |  +- org.apache.hadoop:hadoop-hdfs:jar:2.5.0-cdh5.3.8:compile
|  |  |  +- (com.google.guava:guava:jar:11.0.2:compile - omitted for duplicate)
|  |  |  +- com.sun.jersey:jersey-core:jar:1.9:compile
|  |  |  +- com.sun.jersey:jersey-server:jar:1.9:compile
|  |  |  |  +- asm:asm:jar:3.1:compile
|  |  |  |  \- (com.sun.jersey:jersey-core:jar:1.9:compile - omitted for duplicate)
|  |  |  +- (commons-cli:commons-cli:jar:1.2:compile - omitted for duplicate)
|  |  |  +- (commons-codec:commons-codec:jar:1.4:compile - omitted for duplicate)
|  |  |  +- (commons-io:commons-io:jar:2.4:compile - omitted for duplicate)
|  |  |  +- (commons-lang:commons-lang:jar:2.6:compile - omitted for duplicate)
|  |  |  +- (commons-logging:commons-logging:jar:1.1.3:compile - omitted for duplicate)
|  |  |  +- (log4j:log4j:jar:1.2.17:compile - omitted for conflict with 1.2.14)
|  |  |  +- (com.google.protobuf:protobuf-java:jar:2.5.0:compile - omitted for duplicate)
|  |  |  +- (org.codehaus.jackson:jackson-core-asl:jar:1.8.8:compile - omitted for duplicate)
|  |  |  +- (org.codehaus.jackson:jackson-mapper-asl:jar:1.8.8:compile - omitted for duplicate)
|  |  |  +- (xmlenc:xmlenc:jar:0.52:compile - omitted for duplicate)
|  |  |  \- io.netty:netty:jar:3.6.2.Final:compile
|  |  \- org.apache.hadoop:hadoop-core:jar:2.5.0-mr1-cdh5.3.8:compile
|  |     +- (xmlenc:xmlenc:jar:0.52:compile - omitted for duplicate)
|  |     +- (commons-codec:commons-codec:jar:1.4:compile - omitted for duplicate)
|  |     +- (commons-net:commons-net:jar:3.1:compile - omitted for duplicate)
|  |     +- (org.codehaus.jackson:jackson-core-asl:jar:1.8.8:compile - omitted for duplicate)
|  |     +- (org.codehaus.jackson:jackson-mapper-asl:jar:1.8.8:compile - omitted for duplicate)
|  |     +- commons-el:commons-el:jar:1.0:compile
|  |     |  \- (commons-logging:commons-logging:jar:1.0.3:compile - omitted for conflict with 1.1.3)
|  |     +- hsqldb:hsqldb:jar:1.8.0.10:compile
|  |     \- (org.apache.zookeeper:zookeeper:jar:3.4.5-cdh5.3.8:compile - omitted for duplicate)
|  +- commons-codec:commons-codec:jar:1.9:compile
|  \- commons-logging:commons-logging:jar:1.1.3:compile
+- com.github.samtools:htsjdk:jar:2.3.0:compile
|  +- gov.nih.nlm.ncbi:ngs-java:jar:1.2.2:compile
|  +- org.apache.commons:commons-jexl:jar:2.1.1:compile
|  |  \- (commons-logging:commons-logging:jar:1.1.1:compile - omitted for conflict with 1.1.3)
|  +- (commons-logging:commons-logging:jar:1.1.1:compile - omitted for conflict with 1.1.3)
|  +- org.xerial.snappy:snappy-java:jar:1.0.3-rc3:compile
|  +- org.apache.commons:commons-compress:jar:1.4.1:compile
|  |  \- (org.tukaani:xz:jar:1.0:compile - omitted for conflict with 1.5)
|  +- org.tukaani:xz:jar:1.5:compile
|  +- org.apache.ant:ant:jar:1.8.2:compile
|  |  \- org.apache.ant:ant-launcher:jar:1.8.2:compile
|  \- org.testng:testng:jar:6.8.8:compile
|     +- org.beanshell:bsh:jar:2.0b4:compile
|     \- com.beust:jcommander:jar:1.27:compile
\- org.apache.commons:commons-math3:jar:3.3:compile

