WARNING: Your kernel does not support swap limit capabilities or the cgroup is not mounted. Memory limited without swap.
fatal: write error: No space left on device
fatal: index-pack failed
fatal: reference is not a tree: 0749b28c844a2c4acc5fcb690e24f43c1c0a876b
OpenJDK 64-Bit Server VM warning: Insufficient space for shared memory file:
   29
Try using the -Djava.io.tmpdir= option to select an alternate temp location.

org.maxgamer:QuickShop:jar:4.0.7.4
+- org.apache.commons:commons-compress:jar:1.20:compile
+- com.griefcraft.lwc:LWCX:jar:2.2.6:provided
|  \- org.bstats:bstats-bukkit:jar:1.4:provided
+- com.github.TechFortress:GriefPrevention:jar:16.17.1:provided
+- com.comphenix.protocol:ProtocolLib:jar:4.6.0:provided
|  \- net.bytebuddy:byte-buddy:jar:1.10.16:provided
+- com.dumptruckman.minecraft:JsonConfiguration:jar:1.1:compile
|  \- net.minidev:json-smart:jar:1.1.1:compile
+- com.github.MilkBowl:VaultAPI:jar:1.7:provided
+- net.tnemc:Reserve:jar:0.1.3.0:provided
+- com.lishid:OpenInv:jar:3.3.0:system
+- org.projectlombok:lombok:jar:1.18.18:provided
+- org.jetbrains:annotations:jar:20.1.0:provided
+- fr.neatmonster:nocheatplus:jar:3.17-SNAPSHOT:provided
+- me.minebuilders:clearlag:jar:3.0.6:system
+- me.lucko.luckperms:luckperms-api:jar:4.4:provided
+- me.clip:placeholderapi:jar:2.10.9:provided
+- com.github.angeschossen:LandsAPI:jar:5.0.5:provided
+- org.junit.jupiter:junit-jupiter:jar:5.8.0-M1:test
|  +- org.junit.jupiter:junit-jupiter-api:jar:5.8.0-M1:test
|  |  +- org.apiguardian:apiguardian-api:jar:1.1.1:test
|  |  +- org.opentest4j:opentest4j:jar:1.2.0:test
|  |  \- org.junit.platform:junit-platform-commons:jar:1.8.0-M1:test
|  +- org.junit.jupiter:junit-jupiter-params:jar:5.8.0-M1:test
|  \- org.junit.jupiter:junit-jupiter-engine:jar:5.8.0-M1:test
|     +- org.junit.platform:junit-platform-engine:jar:1.8.0-M1:test
|     \- org.jetbrains.kotlin:kotlin-stdlib-jdk8:jar:1.4.20:test
|        +- org.jetbrains.kotlin:kotlin-stdlib:jar:1.4.20:test
|        |  \- org.jetbrains.kotlin:kotlin-stdlib-common:jar:1.4.20:test
|        \- org.jetbrains.kotlin:kotlin-stdlib-jdk7:jar:1.4.20:test
+- com.github.seeseemelk:MockBukkit-v1.16:jar:0.24.0:test
|  +- junit:junit:jar:4.12:test
|  |  \- org.hamcrest:hamcrest-core:jar:1.3:test
|  +- org.hamcrest:hamcrest-library:jar:1.3:test
|  \- commons-io:commons-io:jar:1.3.2:test
+- org.spigotmc:spigot-api:jar:1.16.4-R0.1-SNAPSHOT:provided
|  +- commons-lang:commons-lang:jar:2.6:provided
|  +- com.google.guava:guava:jar:21.0:compile
|  +- com.google.code.gson:gson:jar:2.8.0:provided
|  +- net.md-5:bungeecord-chat:jar:1.16-R0.3:provided
|  \- org.yaml:snakeyaml:jar:1.26:provided
+- me.vagdedes.spartan:SpartanAPI:jar:1.0:system
+- com.github.TownyAdvanced:Towny:jar:0.96.2.0:provided
+- com.sk89q.worldguard:worldguard-bukkit:jar:7.0.4:provided
|  +- com.sk89q.worldedit:worldedit-bukkit:jar:7.2.0-SNAPSHOT:provided
|  +- com.sk89q.worldguard:worldguard-core:jar:7.0.4:provided
|  |  +- com.sk89q.worldguard.worldguard-libs:core:jar:7.0.4:provided
|  |  +- com.sk89q.worldedit:worldedit-core:jar:7.2.0-SNAPSHOT:provided
|  |  |  +- com.sk89q.worldedit.worldedit-libs:core:jar:7.2.0-SNAPSHOT:provided
|  |  |  +- de.schlichtherle:truezip:jar:6.8.3:provided
|  |  |  +- net.java.truevfs:truevfs-profile-default_2.13:jar:0.12.1:provided
|  |  |  |  +- org.scala-lang:scala-library:jar:2.13.1:provided
|  |  |  |  +- net.java.truevfs:truevfs-driver-http:jar:0.12.1:provided
|  |  |  |  |  \- net.java.truevfs:truevfs-kernel-spec:jar:0.12.1:provided
|  |  |  |  |     +- net.java.truecommons:truecommons-annotations:jar:2.5.0:provided
|  |  |  |  |     +- net.java.truecommons:truecommons-cio:jar:2.5.0:provided
|  |  |  |  |     +- net.java.truecommons:truecommons-io:jar:2.5.0:provided
|  |  |  |  |     \- net.java.truecommons:truecommons-services:jar:2.5.0:provided
|  |  |  |  |        \- javax.inject:javax.inject:jar:1:provided
|  |  |  |  +- net.java.truevfs:truevfs-driver-odf:jar:0.12.1:provided
|  |  |  |  |  \- net.java.truevfs:truevfs-comp-zipdriver:jar:0.12.1:provided
|  |  |  |  +- net.java.truevfs:truevfs-driver-tar:jar:0.12.1:provided
|  |  |  |  +- net.java.truevfs:truevfs-driver-tar-bzip2:jar:0.12.1:provided
|  |  |  |  +- net.java.truevfs:truevfs-driver-tar-gzip:jar:0.12.1:provided
|  |  |  |  +- net.java.truevfs:truevfs-driver-tar-xz:jar:0.12.1:provided
|  |  |  |  |  \- org.tukaani:xz:jar:1.8:provided
|  |  |  |  +- net.java.truevfs:truevfs-driver-zip-raes:jar:0.12.1:provided
|  |  |  |  +- net.java.truevfs:truevfs-profile-base_2.13:jar:0.12.1:provided
|  |  |  |  |  +- net.java.truevfs:truevfs-access-swing:jar:0.12.1:provided
|  |  |  |  |  |  \- net.java.truevfs:truevfs-access:jar:0.12.1:provided
|  |  |  |  |  |     \- net.java.truevfs:truevfs-driver-file:jar:0.12.1:provided
|  |  |  |  |  +- net.java.truevfs:truevfs-driver-jar:jar:0.12.1:provided
|  |  |  |  |  +- net.java.truevfs:truevfs-driver-zip:jar:0.12.1:provided
|  |  |  |  |  |  \- net.java.truevfs:truevfs-comp-ibm437:jar:0.12.1:provided
|  |  |  |  |  +- net.java.truevfs:truevfs-kernel-impl_2.13:jar:0.12.1:provided
|  |  |  |  |  +- net.java.truecommons:truecommons-key-console:jar:2.5.0:provided
|  |  |  |  |  +- net.java.truecommons:truecommons-key-default:jar:2.5.0:provided
|  |  |  |  |  \- net.java.truecommons:truecommons-key-swing:jar:2.5.0:provided
|  |  |  |  \- net.java.truecommons:truecommons-key-macosx:jar:2.5.0:provided
|  |  |  |     +- net.java.truecommons:truecommons-key-spec:jar:2.5.0:provided
|  |  |  |     |  \- net.java.truecommons:truecommons-shed:jar:2.5.0:provided
|  |  |  |     \- net.java.dev.jna:jna:jar:4.1.0:provided
|  |  |  +- org.mozilla:rhino-runtime:jar:1.7.12:provided
|  |  |  +- it.unimi.dsi:fastutil:jar:8.2.1:provided
|  |  |  \- org.antlr:antlr4-runtime:jar:4.7.2:provided
|  |  \- org.flywaydb:flyway-core:jar:3.0:provided
|  \- com.sk89q:commandbook:jar:2.3:provided
+- com.plotsquared:PlotSquared-Core:jar:5.13.3:provided
+- com.github.intellectualsite:PlotSquared:jar:4:system
+- com.bekvon.bukkit.residence:Residence:jar:4.4.8.2:system
+- com.massivecraft:Factions:jar:1.6.9.5-U0.5.7:provided
|  +- com.massivecraft:Factions-Legacy:jar:1.6.9.5-U0.5.7:provided
|  +- mkremins:fanciful:jar:0.4.0-SNAPSHOT:provided
|  +- com.darkblade12:particleeffect:jar:1.8.0-fuuid:provided
|  +- me.lucko:commodore:jar:1.3:provided
|  |  \- com.mojang:brigadier:jar:1.0.14:provided
|  +- org.spongepowered:configurate-hocon:jar:3.6.1:provided
|  |  \- com.typesafe:config:jar:1.3.1:provided
|  \- org.kitteh:paste-gg-api:jar:0.9.0:provided
+- org.primesoft.blockshub:BlockHub:jar:3.1.1:system
+- net.kyori:adventure-platform-bukkit:jar:4.0.0-SNAPSHOT:compile
|  +- net.kyori:adventure-platform-api:jar:4.0.0-SNAPSHOT:compile
|  +- net.kyori:adventure-text-serializer-craftbukkit:jar:4.0.0-SNAPSHOT:compile
|  |  \- net.kyori:adventure-text-serializer-gson-legacy-impl:jar:4.4.0:runtime
|  +- net.kyori:adventure-text-serializer-bungeecord:jar:4.0.0-SNAPSHOT:compile
|  +- net.kyori:adventure-text-serializer-legacy:jar:4.4.0:compile
|  +- net.kyori:adventure-nbt:jar:4.4.0:compile
|  |  +- net.kyori:examination-api:jar:1.0.0:compile
|  |  \- net.kyori:examination-string:jar:1.0.0:compile
|  +- net.kyori:adventure-platform-facet:jar:4.0.0-SNAPSHOT:runtime
|  \- net.kyori:adventure-platform-viaversion:jar:4.0.0-SNAPSHOT:runtime
+- net.kyori:adventure-text-serializer-gson:jar:4.2.0:compile
|  \- net.kyori:adventure-api:jar:4.2.0:compile
+- com.rollbar:rollbar-java:jar:1.7.6-SNAPSHOT:compile
|  +- com.rollbar:rollbar-api:jar:1.7.6-SNAPSHOT:compile
|  \- org.slf4j:slf4j-api:jar:1.7.25:compile
+- de.themoep:minedown:jar:1.7.0-SNAPSHOT:compile
+- de.themoep:minedown-adventure:jar:1.7.0-SNAPSHOT:compile
+- me.lucko:helper:jar:5.6.5:compile
|  +- me.lucko:shadow-bukkit:jar:1.6:compile
|  |  \- me.lucko:shadow:jar:1.3:compile
|  +- com.flowpowered:flow-math:jar:1.0.3:compile
|  +- net.jodah:expiringmap:jar:0.5.8:compile
|  +- net.kyori:event-api:jar:3.0.0:compile
|  \- com.google.code.findbugs:jsr305:jar:3.0.2:compile
+- me.xanium:GemsEconomy:jar:4.9.2:system
+- tne.tne:TheNewEconomy:jar:4.9.2:system
+- com.songoda:skyblock:jar:2.2.13:provided
|  +- be.maximvdw:MVdWPlaceholderAPI:jar:2.1.1-SNAPSHOT:provided
|  +- com.sk89q:worldedit-bukkit:jar:7.1.0:provided
|  \- com.songoda:SongodaCore:jar:2.4.45:provided
+- com.esotericsoftware:reflectasm:jar:1.11.9:compile
+- commons-codec:commons-codec:jar:1.15:compile
+- org.slf4j:slf4j-nop:jar:1.7.6:compile
+- com.github.ben-manes.caffeine:caffeine:jar:2.8.8:compile
|  +- org.checkerframework:checker-qual:jar:3.8.0:compile
|  \- com.google.errorprone:error_prone_annotations:jar:2.4.0:compile
\- io.papermc:paperlib:jar:1.0.6:compile

