WARNING: Your kernel does not support swap limit capabilities or the cgroup is not mounted. Memory limited without swap.
org.gitlab4j:gitlab4j-api:jar:4.7.12
+- com.fasterxml.jackson.jaxrs:jackson-jaxrs-json-provider:jar:2.9.1:compile
|  +- com.fasterxml.jackson.jaxrs:jackson-jaxrs-base:jar:2.9.1:compile
|  |  +- com.fasterxml.jackson.core:jackson-core:jar:2.9.1:compile
|  |  \- com.fasterxml.jackson.core:jackson-databind:jar:2.9.1:compile
|  |     +- (com.fasterxml.jackson.core:jackson-annotations:jar:2.9.0:compile - omitted for duplicate)
|  |     \- (com.fasterxml.jackson.core:jackson-core:jar:2.9.1:compile - omitted for duplicate)
|  \- com.fasterxml.jackson.module:jackson-module-jaxb-annotations:jar:2.9.1:compile
|     +- com.fasterxml.jackson.core:jackson-annotations:jar:2.9.0:compile
|     +- (com.fasterxml.jackson.core:jackson-core:jar:2.9.1:compile - omitted for duplicate)
|     \- (com.fasterxml.jackson.core:jackson-databind:jar:2.9.1:compile - omitted for duplicate)
+- org.glassfish.jersey.inject:jersey-hk2:jar:2.26:compile
|  +- org.glassfish.jersey.core:jersey-common:jar:2.26:compile
|  |  +- (javax.ws.rs:javax.ws.rs-api:jar:2.1:compile - omitted for duplicate)
|  |  +- javax.annotation:javax.annotation-api:jar:1.2:compile
|  |  +- (org.glassfish.hk2.external:javax.inject:jar:2.5.0-b42:compile - omitted for duplicate)
|  |  \- org.glassfish.hk2:osgi-resource-locator:jar:1.0.1:compile
|  \- org.glassfish.hk2:hk2-locator:jar:2.5.0-b42:compile
|     +- (org.glassfish.hk2.external:javax.inject:jar:2.5.0-b42:compile - omitted for duplicate)
|     +- org.glassfish.hk2.external:aopalliance-repackaged:jar:2.5.0-b42:compile
|     +- org.glassfish.hk2:hk2-api:jar:2.5.0-b42:compile
|     |  +- javax.inject:javax.inject:jar:1:compile
|     |  +- (org.glassfish.hk2:hk2-utils:jar:2.5.0-b42:compile - omitted for duplicate)
|     |  \- (org.glassfish.hk2.external:aopalliance-repackaged:jar:2.5.0-b42:compile - omitted for duplicate)
|     +- org.glassfish.hk2:hk2-utils:jar:2.5.0-b42:compile
|     |  +- (javax.annotation:javax.annotation-api:jar:1.2:compile - omitted for duplicate)
|     |  \- (javax.inject:javax.inject:jar:1:compile - omitted for duplicate)
|     +- (javax.annotation:javax.annotation-api:jar:1.2:compile - omitted for duplicate)
|     \- org.javassist:javassist:jar:3.22.0-CR2:compile
+- org.glassfish.jersey.core:jersey-client:jar:2.26:compile
|  +- javax.ws.rs:javax.ws.rs-api:jar:2.1:compile
|  +- (org.glassfish.jersey.core:jersey-common:jar:2.26:compile - omitted for duplicate)
|  \- org.glassfish.hk2.external:javax.inject:jar:2.5.0-b42:compile
+- javax.servlet:javax.servlet-api:jar:3.1.0:compile
\- junit:junit:jar:4.12:test
   \- org.hamcrest:hamcrest-core:jar:1.3:test

