WARNING: Your kernel does not support swap limit capabilities or the cgroup is not mounted. Memory limited without swap.
org.gitlab4j:gitlab4j-api:jar:4.11.12
+- jakarta.activation:jakarta.activation-api:jar:1.2.1:compile
+- com.fasterxml.jackson.jaxrs:jackson-jaxrs-json-provider:jar:2.9.8:compile
|  +- com.fasterxml.jackson.jaxrs:jackson-jaxrs-base:jar:2.9.8:compile
|  |  +- com.fasterxml.jackson.core:jackson-core:jar:2.9.8:compile
|  |  \- com.fasterxml.jackson.core:jackson-databind:jar:2.9.8:compile
|  |     +- (com.fasterxml.jackson.core:jackson-annotations:jar:2.9.0:compile - omitted for duplicate)
|  |     \- (com.fasterxml.jackson.core:jackson-core:jar:2.9.8:compile - omitted for duplicate)
|  \- com.fasterxml.jackson.module:jackson-module-jaxb-annotations:jar:2.9.8:compile
|     +- com.fasterxml.jackson.core:jackson-annotations:jar:2.9.0:compile
|     +- (com.fasterxml.jackson.core:jackson-core:jar:2.9.8:compile - omitted for duplicate)
|     \- (com.fasterxml.jackson.core:jackson-databind:jar:2.9.8:compile - omitted for duplicate)
+- org.glassfish.jersey.inject:jersey-hk2:jar:2.28:compile
|  +- org.glassfish.jersey.core:jersey-common:jar:2.28:compile
|  |  +- (jakarta.ws.rs:jakarta.ws.rs-api:jar:2.1.5:compile - omitted for duplicate)
|  |  +- jakarta.annotation:jakarta.annotation-api:jar:1.3.4:compile
|  |  +- (org.glassfish.hk2.external:jakarta.inject:jar:2.5.0:compile - omitted for duplicate)
|  |  \- org.glassfish.hk2:osgi-resource-locator:jar:1.0.1:compile
|  \- org.glassfish.hk2:hk2-locator:jar:2.5.0:compile
|     +- (org.glassfish.hk2.external:jakarta.inject:jar:2.5.0:compile - omitted for duplicate)
|     +- org.glassfish.hk2.external:aopalliance-repackaged:jar:2.5.0:compile
|     +- org.glassfish.hk2:hk2-api:jar:2.5.0:compile
|     |  +- (org.glassfish.hk2.external:jakarta.inject:jar:2.5.0:compile - omitted for duplicate)
|     |  +- (org.glassfish.hk2:hk2-utils:jar:2.5.0:compile - omitted for duplicate)
|     |  \- (org.glassfish.hk2.external:aopalliance-repackaged:jar:2.5.0:compile - omitted for duplicate)
|     +- org.glassfish.hk2:hk2-utils:jar:2.5.0:compile
|     |  +- (jakarta.annotation:jakarta.annotation-api:jar:1.3.4:compile - omitted for duplicate)
|     |  \- (org.glassfish.hk2.external:jakarta.inject:jar:2.5.0:compile - omitted for duplicate)
|     +- (jakarta.annotation:jakarta.annotation-api:jar:1.3.4:compile - omitted for duplicate)
|     \- org.javassist:javassist:jar:3.22.0-CR2:compile
+- org.glassfish.jersey.core:jersey-client:jar:2.28:compile
|  +- jakarta.ws.rs:jakarta.ws.rs-api:jar:2.1.5:compile
|  +- (org.glassfish.jersey.core:jersey-common:jar:2.28:compile - omitted for duplicate)
|  \- org.glassfish.hk2.external:jakarta.inject:jar:2.5.0:compile
+- org.glassfish.jersey.connectors:jersey-apache-connector:jar:2.28:compile
|  +- org.apache.httpcomponents:httpclient:jar:4.5:compile
|  |  +- org.apache.httpcomponents:httpcore:jar:4.4.1:compile
|  |  +- commons-logging:commons-logging:jar:1.2:compile
|  |  \- commons-codec:commons-codec:jar:1.9:compile
|  +- (org.glassfish.jersey.core:jersey-common:jar:2.28:compile - omitted for duplicate)
|  +- (org.glassfish.jersey.core:jersey-client:jar:2.28:compile - omitted for duplicate)
|  \- (jakarta.ws.rs:jakarta.ws.rs-api:jar:2.1.5:compile - omitted for duplicate)
+- org.glassfish.jersey.media:jersey-media-multipart:jar:2.28:compile
|  +- (org.glassfish.jersey.core:jersey-common:jar:2.28:compile - omitted for duplicate)
|  \- org.jvnet.mimepull:mimepull:jar:1.9.11:compile
+- jakarta.servlet:jakarta.servlet-api:jar:4.0.2:compile
+- junit:junit:jar:4.12:test
|  \- org.hamcrest:hamcrest-core:jar:1.3:test
+- org.mockito:mockito-core:jar:2.28.2:test
|  +- net.bytebuddy:byte-buddy:jar:1.9.10:test
|  +- net.bytebuddy:byte-buddy-agent:jar:1.9.10:test
|  \- org.objenesis:objenesis:jar:2.6:test
+- org.hamcrest:hamcrest-all:jar:1.3:test
+- com.github.stefanbirkner:system-rules:jar:1.19.0:test
|  \- (junit:junit:jar:4.11:test - omitted for conflict with 4.12)
\- com.googlecode.junit-toolbox:junit-toolbox:jar:2.4:test
   +- commons-io:commons-io:jar:2.4:test
   +- (junit:junit:jar:4.12:test - omitted for duplicate)
   +- org.hamcrest:hamcrest-library:jar:1.3:test
   |  \- (org.hamcrest:hamcrest-core:jar:1.3:test - omitted for duplicate)
   \- (org.mockito:mockito-core:jar:1.9.5:test - omitted for conflict with 2.28.2)

