WARNING: Your kernel does not support swap limit capabilities or the cgroup is not mounted. Memory limited without swap.
org.gitlab4j:gitlab4j-api:jar:4.1.2
+- com.fasterxml.jackson.jaxrs:jackson-jaxrs-json-provider:jar:2.8.6:compile
|  +- com.fasterxml.jackson.jaxrs:jackson-jaxrs-base:jar:2.8.6:compile
|  |  +- (com.fasterxml.jackson.core:jackson-core:jar:2.8.6:compile - omitted for duplicate)
|  |  \- (com.fasterxml.jackson.core:jackson-databind:jar:2.8.6:compile - omitted for duplicate)
|  +- com.fasterxml.jackson.core:jackson-core:jar:2.8.6:compile
|  +- com.fasterxml.jackson.core:jackson-databind:jar:2.8.6:compile
|  |  +- com.fasterxml.jackson.core:jackson-annotations:jar:2.8.0:compile
|  |  \- (com.fasterxml.jackson.core:jackson-core:jar:2.8.6:compile - omitted for duplicate)
|  \- com.fasterxml.jackson.module:jackson-module-jaxb-annotations:jar:2.8.6:compile
|     +- (com.fasterxml.jackson.core:jackson-core:jar:2.8.6:compile - omitted for duplicate)
|     +- (com.fasterxml.jackson.core:jackson-annotations:jar:2.8.0:compile - omitted for duplicate)
|     \- (com.fasterxml.jackson.core:jackson-databind:jar:2.8.6:compile - omitted for duplicate)
+- org.glassfish.jersey.core:jersey-client:jar:2.25.1:compile
|  +- javax.ws.rs:javax.ws.rs-api:jar:2.0.1:compile
|  +- org.glassfish.jersey.core:jersey-common:jar:2.25.1:compile
|  |  +- (javax.ws.rs:javax.ws.rs-api:jar:2.0.1:compile - omitted for duplicate)
|  |  +- javax.annotation:javax.annotation-api:jar:1.2:compile
|  |  +- org.glassfish.jersey.bundles.repackaged:jersey-guava:jar:2.25.1:compile
|  |  +- (org.glassfish.hk2:hk2-api:jar:2.5.0-b32:compile - omitted for duplicate)
|  |  +- (org.glassfish.hk2.external:javax.inject:jar:2.5.0-b32:compile - omitted for duplicate)
|  |  +- (org.glassfish.hk2:hk2-locator:jar:2.5.0-b32:compile - omitted for duplicate)
|  |  \- org.glassfish.hk2:osgi-resource-locator:jar:1.0.1:compile
|  +- org.glassfish.hk2:hk2-api:jar:2.5.0-b32:compile
|  |  +- org.glassfish.hk2:hk2-utils:jar:2.5.0-b32:compile
|  |  \- org.glassfish.hk2.external:aopalliance-repackaged:jar:2.5.0-b32:compile
|  +- org.glassfish.hk2.external:javax.inject:jar:2.5.0-b32:compile
|  \- org.glassfish.hk2:hk2-locator:jar:2.5.0-b32:compile
|     +- (org.glassfish.hk2.external:javax.inject:jar:2.5.0-b32:compile - omitted for duplicate)
|     +- (org.glassfish.hk2.external:aopalliance-repackaged:jar:2.5.0-b32:compile - omitted for duplicate)
|     +- (org.glassfish.hk2:hk2-api:jar:2.5.0-b32:compile - omitted for duplicate)
|     +- (org.glassfish.hk2:hk2-utils:jar:2.5.0-b32:compile - omitted for duplicate)
|     \- org.javassist:javassist:jar:3.20.0-GA:compile
+- javax.servlet:javax.servlet-api:jar:3.1.0:compile
\- junit:junit:jar:4.12:test
   \- org.hamcrest:hamcrest-core:jar:1.3:test

