WARNING: Your kernel does not support swap limit capabilities or the cgroup is not mounted. Memory limited without swap.
com.messners:gitlab-api:jar:1.0
+- org.codehaus.jackson:jackson-jaxrs:jar:1.9.13:compile
|  +- org.codehaus.jackson:jackson-core-asl:jar:1.9.13:compile
|  \- org.codehaus.jackson:jackson-mapper-asl:jar:1.9.13:compile
|     \- (org.codehaus.jackson:jackson-core-asl:jar:1.9.13:compile - omitted for duplicate)
+- com.sun.jersey:jersey-client:jar:1.18:compile
|  \- com.sun.jersey:jersey-core:jar:1.18:compile
+- com.sun.jersey:jersey-json:jar:1.18:compile
|  +- org.codehaus.jettison:jettison:jar:1.1:compile
|  +- com.sun.xml.bind:jaxb-impl:jar:2.2.3-1:compile
|  |  \- javax.xml.bind:jaxb-api:jar:2.2.2:compile
|  |     +- javax.xml.stream:stax-api:jar:1.0-2:compile
|  |     \- javax.activation:activation:jar:1.1:compile
|  +- (org.codehaus.jackson:jackson-core-asl:jar:1.9.2:compile - omitted for conflict with 1.9.13)
|  +- (org.codehaus.jackson:jackson-mapper-asl:jar:1.9.2:compile - omitted for conflict with 1.9.13)
|  +- (org.codehaus.jackson:jackson-jaxrs:jar:1.9.2:compile - omitted for conflict with 1.9.13)
|  +- org.codehaus.jackson:jackson-xc:jar:1.9.2:compile
|  |  +- (org.codehaus.jackson:jackson-core-asl:jar:1.9.2:compile - omitted for conflict with 1.9.13)
|  |  \- (org.codehaus.jackson:jackson-mapper-asl:jar:1.9.2:compile - omitted for conflict with 1.9.13)
|  \- (com.sun.jersey:jersey-core:jar:1.18:compile - omitted for duplicate)
+- javax.servlet:javax.servlet-api:jar:3.0.1:compile
\- junit:junit:jar:4.9:test
   \- org.hamcrest:hamcrest-core:jar:1.1:test

