WARNING: Your kernel does not support swap limit capabilities or the cgroup is not mounted. Memory limited without swap.
com.messners:gitlab-api:jar:2.0.4
+- org.codehaus.jackson:jackson-jaxrs:jar:1.9.13:compile
|  +- org.codehaus.jackson:jackson-core-asl:jar:1.9.13:compile
|  \- org.codehaus.jackson:jackson-mapper-asl:jar:1.9.13:compile
|     \- (org.codehaus.jackson:jackson-core-asl:jar:1.9.13:compile - omitted for duplicate)
+- org.glassfish.jersey.core:jersey-client:jar:2.14:compile
|  +- org.glassfish.jersey.core:jersey-common:jar:2.14:compile
|  |  +- (javax.ws.rs:javax.ws.rs-api:jar:2.0.1:compile - omitted for duplicate)
|  |  +- javax.annotation:javax.annotation-api:jar:1.2:compile
|  |  +- org.glassfish.jersey.bundles.repackaged:jersey-guava:jar:2.14:compile
|  |  +- (org.glassfish.hk2:hk2-api:jar:2.4.0-b06:compile - omitted for duplicate)
|  |  +- (org.glassfish.hk2.external:javax.inject:jar:2.4.0-b06:compile - omitted for duplicate)
|  |  +- (org.glassfish.hk2:hk2-locator:jar:2.4.0-b06:compile - omitted for duplicate)
|  |  \- org.glassfish.hk2:osgi-resource-locator:jar:1.0.1:compile
|  +- javax.ws.rs:javax.ws.rs-api:jar:2.0.1:compile
|  +- org.glassfish.hk2:hk2-api:jar:2.4.0-b06:compile
|  |  +- org.glassfish.hk2:hk2-utils:jar:2.4.0-b06:compile
|  |  \- org.glassfish.hk2.external:aopalliance-repackaged:jar:2.4.0-b06:compile
|  +- org.glassfish.hk2.external:javax.inject:jar:2.4.0-b06:compile
|  \- org.glassfish.hk2:hk2-locator:jar:2.4.0-b06:compile
|     +- (org.glassfish.hk2.external:javax.inject:jar:2.4.0-b06:compile - omitted for duplicate)
|     +- (org.glassfish.hk2.external:aopalliance-repackaged:jar:2.4.0-b06:compile - omitted for duplicate)
|     +- (org.glassfish.hk2:hk2-api:jar:2.4.0-b06:compile - omitted for duplicate)
|     +- (org.glassfish.hk2:hk2-utils:jar:2.4.0-b06:compile - omitted for duplicate)
|     \- org.javassist:javassist:jar:3.18.1-GA:compile
\- junit:junit:jar:4.11:test
   \- org.hamcrest:hamcrest-core:jar:1.3:test

