WARNING: Your kernel does not support swap limit capabilities or the cgroup is not mounted. Memory limited without swap.
Traceback (most recent call last):
  File "/home/jdbl/core/Project.py", line 33, in clone
    self.pom = PomExtractor(self.path)
  File "/home/jdbl/core/PomExtractor.py", line 55, in __init__
    f = xml.parse(p)
  File "/usr/lib/python3.7/xml/etree/ElementTree.py", line 1197, in parse
    tree.parse(source, parser)
  File "/usr/lib/python3.7/xml/etree/ElementTree.py", line 598, in parse
    self._root = parser._parse_whole(source)
  File "<string>", line None
xml.etree.ElementTree.ParseError: unbound prefix: line 81, column 6
net.nikr:jeveassets:jar:4.0.0
+- com.beimin:eveapi:jar:7.0.1:compile
|  \- (org.slf4j:slf4j-api:jar:1.7.12:compile - omitted for conflict with 1.6.1)
+- uk.me.candle:pricing:jar:1.6.0:compile
|  +- jaxen:jaxen:jar:1.1.6:compile
|  +- dom4j:dom4j:jar:1.6.1:compile
|  |  \- xml-apis:xml-apis:jar:1.0.b2:compile
|  +- (org.slf4j:slf4j-api:jar:1.6.1:compile - omitted for conflict with 1.7.12)
|  +- (org.slf4j:slf4j-log4j12:jar:1.6.1:compile - omitted for duplicate)
|  +- (org.slf4j:jcl-over-slf4j:jar:1.6.1:compile - omitted for duplicate)
|  \- (log4j:log4j:jar:1.2.16:compile - omitted for duplicate)
+- uk.me.candle:routing:jar:1.5.0:compile
|  +- uk.me.candle:graph:jar:1.5.0:compile
|  \- (log4j:log4j:jar:1.2.13:compile - omitted for conflict with 1.2.16)
+- uk.me.candle:translations:jar:2.2.0:compile
|  +- org.ow2.asm:asm:jar:5.0.4:compile
|  +- com.google.guava:guava:jar:r09:compile
|  \- (org.slf4j:slf4j-api:jar:1.6.1:compile - omitted for conflict with 1.7.12)
+- apple.dts.samplecode:osxadapter:jar:1.1.0:compile
+- net.java.dev.glazedlists:glazedlists_java16:jar:1.10.0:compile
+- org.supercsv:supercsv:jar:1.52:compile
+- junit:junit:jar:4.8.2:test
+- commons-logging:commons-logging:jar:1.1.1:provided
+- org.slf4j:slf4j-api:jar:1.6.1:compile
+- org.slf4j:slf4j-log4j12:jar:1.6.1:compile
|  +- (org.slf4j:slf4j-api:jar:1.6.1:compile - omitted for duplicate)
|  \- (log4j:log4j:jar:1.2.16:compile - omitted for duplicate)
+- org.slf4j:jcl-over-slf4j:jar:1.6.1:compile
|  \- (org.slf4j:slf4j-api:jar:1.6.1:compile - omitted for duplicate)
+- org.slf4j:jul-to-slf4j:jar:1.6.1:compile
|  \- (org.slf4j:slf4j-api:jar:1.6.1:compile - omitted for duplicate)
+- log4j:log4j:jar:1.2.16:compile
+- jfree:jfreechart:jar:1.0.13:compile
|  \- jfree:jcommon:jar:1.0.16:compile
+- com.github.lgooddatepicker:LGoodDatePicker:jar:7.6.3:compile
+- com.fasterxml.jackson.core:jackson-databind:jar:2.8.3:compile
|  +- com.fasterxml.jackson.core:jackson-annotations:jar:2.8.0:compile
|  \- com.fasterxml.jackson.core:jackson-core:jar:2.8.3:compile
\- enterprises.orbital.evekit:evekit:jar:3.0.0:compile
   +- io.swagger:swagger-annotations:jar:1.5.9:compile
   +- org.glassfish.jersey.core:jersey-client:jar:2.22.2:compile
   |  +- javax.ws.rs:javax.ws.rs-api:jar:2.0.1:compile
   |  +- org.glassfish.jersey.core:jersey-common:jar:2.22.2:compile
   |  |  +- (javax.ws.rs:javax.ws.rs-api:jar:2.0.1:compile - omitted for duplicate)
   |  |  +- javax.annotation:javax.annotation-api:jar:1.2:compile
   |  |  +- org.glassfish.jersey.bundles.repackaged:jersey-guava:jar:2.22.2:compile
   |  |  +- (org.glassfish.hk2:hk2-api:jar:2.4.0-b34:compile - omitted for duplicate)
   |  |  +- (org.glassfish.hk2.external:javax.inject:jar:2.4.0-b34:compile - omitted for duplicate)
   |  |  +- (org.glassfish.hk2:hk2-locator:jar:2.4.0-b34:compile - omitted for duplicate)
   |  |  \- org.glassfish.hk2:osgi-resource-locator:jar:1.0.1:compile
   |  +- org.glassfish.hk2:hk2-api:jar:2.4.0-b34:compile
   |  |  +- org.glassfish.hk2:hk2-utils:jar:2.4.0-b34:compile
   |  |  \- org.glassfish.hk2.external:aopalliance-repackaged:jar:2.4.0-b34:compile
   |  +- org.glassfish.hk2.external:javax.inject:jar:2.4.0-b34:compile
   |  \- org.glassfish.hk2:hk2-locator:jar:2.4.0-b34:compile
   |     +- (org.glassfish.hk2.external:javax.inject:jar:2.4.0-b34:compile - omitted for duplicate)
   |     +- (org.glassfish.hk2.external:aopalliance-repackaged:jar:2.4.0-b34:compile - omitted for duplicate)
   |     +- (org.glassfish.hk2:hk2-api:jar:2.4.0-b34:compile - omitted for duplicate)
   |     +- (org.glassfish.hk2:hk2-utils:jar:2.4.0-b34:compile - omitted for duplicate)
   |     \- org.javassist:javassist:jar:3.18.1-GA:compile
   +- org.glassfish.jersey.media:jersey-media-multipart:jar:2.22.2:compile
   |  +- (org.glassfish.jersey.core:jersey-common:jar:2.22.2:compile - omitted for duplicate)
   |  \- org.jvnet.mimepull:mimepull:jar:1.9.6:compile
   +- org.glassfish.jersey.media:jersey-media-json-jackson:jar:2.22.2:compile
   |  +- (org.glassfish.jersey.core:jersey-common:jar:2.22.2:compile - omitted for duplicate)
   |  +- org.glassfish.jersey.ext:jersey-entity-filtering:jar:2.22.2:compile
   |  |  \- (javax.ws.rs:javax.ws.rs-api:jar:2.0.1:compile - omitted for duplicate)
   |  +- com.fasterxml.jackson.jaxrs:jackson-jaxrs-base:jar:2.5.4:compile
   |  |  +- (com.fasterxml.jackson.core:jackson-core:jar:2.5.4:compile - omitted for conflict with 2.8.3)
   |  |  \- (com.fasterxml.jackson.core:jackson-databind:jar:2.5.4:compile - omitted for conflict with 2.8.3)
   |  +- com.fasterxml.jackson.jaxrs:jackson-jaxrs-json-provider:jar:2.5.4:compile
   |  |  +- (com.fasterxml.jackson.jaxrs:jackson-jaxrs-base:jar:2.5.4:compile - omitted for duplicate)
   |  |  +- (com.fasterxml.jackson.core:jackson-core:jar:2.5.4:compile - omitted for conflict with 2.8.3)
   |  |  +- (com.fasterxml.jackson.core:jackson-databind:jar:2.5.4:compile - omitted for conflict with 2.8.3)
   |  |  \- com.fasterxml.jackson.module:jackson-module-jaxb-annotations:jar:2.5.4:compile
   |  |     +- (com.fasterxml.jackson.core:jackson-core:jar:2.5.4:compile - omitted for conflict with 2.8.3)
   |  |     \- (com.fasterxml.jackson.core:jackson-databind:jar:2.5.4:compile - omitted for conflict with 2.8.3)
   |  \- (com.fasterxml.jackson.core:jackson-annotations:jar:2.5.4:compile - omitted for conflict with 2.8.0)
   +- (com.fasterxml.jackson.core:jackson-core:jar:2.7.5:compile - omitted for conflict with 2.8.3)
   +- (com.fasterxml.jackson.core:jackson-annotations:jar:2.7.5:compile - omitted for conflict with 2.8.0)
   +- (com.fasterxml.jackson.core:jackson-databind:jar:2.7.5:compile - omitted for conflict with 2.8.3)
   +- com.fasterxml.jackson.datatype:jackson-datatype-joda:jar:2.7.5:compile
   |  +- (com.fasterxml.jackson.core:jackson-annotations:jar:2.7.0:compile - omitted for conflict with 2.8.0)
   |  +- (com.fasterxml.jackson.core:jackson-core:jar:2.7.5:compile - omitted for conflict with 2.8.3)
   |  +- (com.fasterxml.jackson.core:jackson-databind:jar:2.7.5:compile - omitted for conflict with 2.8.3)
   |  \- (joda-time:joda-time:jar:2.4:compile - omitted for conflict with 2.9.4)
   +- joda-time:joda-time:jar:2.9.4:compile
   \- com.brsanthu:migbase64:jar:2.2:compile

