WARNING: Your kernel does not support swap limit capabilities or the cgroup is not mounted. Memory limited without swap.
Traceback (most recent call last):
  File "/home/jdbl/core/Project.py", line 33, in clone
    self.pom = PomExtractor(self.path)
  File "/home/jdbl/core/PomExtractor.py", line 55, in __init__
    f = xml.parse(p)
  File "/usr/lib/python3.7/xml/etree/ElementTree.py", line 1197, in parse
    tree.parse(source, parser)
  File "/usr/lib/python3.7/xml/etree/ElementTree.py", line 598, in parse
    self._root = parser._parse_whole(source)
  File "<string>", line None
xml.etree.ElementTree.ParseError: unbound prefix: line 81, column 6
net.nikr:jeveassets:jar:5.1.0
+- net.troja.eve:eve-esi:jar:1.4.6:compile
|  +- io.swagger:swagger-annotations:jar:1.5.12:compile
|  +- org.glassfish.jersey.core:jersey-client:jar:2.25.1:compile
|  |  +- javax.ws.rs:javax.ws.rs-api:jar:2.0.1:compile
|  |  +- org.glassfish.jersey.core:jersey-common:jar:2.25.1:compile
|  |  |  +- (javax.ws.rs:javax.ws.rs-api:jar:2.0.1:compile - omitted for duplicate)
|  |  |  +- javax.annotation:javax.annotation-api:jar:1.2:compile
|  |  |  +- org.glassfish.jersey.bundles.repackaged:jersey-guava:jar:2.25.1:compile
|  |  |  +- (org.glassfish.hk2:hk2-api:jar:2.5.0-b32:compile - omitted for duplicate)
|  |  |  +- (org.glassfish.hk2.external:javax.inject:jar:2.5.0-b32:compile - omitted for duplicate)
|  |  |  +- (org.glassfish.hk2:hk2-locator:jar:2.5.0-b32:compile - omitted for duplicate)
|  |  |  \- org.glassfish.hk2:osgi-resource-locator:jar:1.0.1:compile
|  |  +- org.glassfish.hk2:hk2-api:jar:2.5.0-b32:compile
|  |  |  +- org.glassfish.hk2:hk2-utils:jar:2.5.0-b32:compile
|  |  |  \- org.glassfish.hk2.external:aopalliance-repackaged:jar:2.5.0-b32:compile
|  |  +- org.glassfish.hk2.external:javax.inject:jar:2.5.0-b32:compile
|  |  \- org.glassfish.hk2:hk2-locator:jar:2.5.0-b32:compile
|  |     +- (org.glassfish.hk2.external:javax.inject:jar:2.5.0-b32:compile - omitted for duplicate)
|  |     +- (org.glassfish.hk2.external:aopalliance-repackaged:jar:2.5.0-b32:compile - omitted for duplicate)
|  |     +- (org.glassfish.hk2:hk2-api:jar:2.5.0-b32:compile - omitted for duplicate)
|  |     +- (org.glassfish.hk2:hk2-utils:jar:2.5.0-b32:compile - omitted for duplicate)
|  |     \- org.javassist:javassist:jar:3.20.0-GA:compile
|  +- org.glassfish.jersey.media:jersey-media-multipart:jar:2.25.1:compile
|  |  +- (org.glassfish.jersey.core:jersey-common:jar:2.25.1:compile - omitted for duplicate)
|  |  \- org.jvnet.mimepull:mimepull:jar:1.9.6:compile
|  +- org.glassfish.jersey.media:jersey-media-json-jackson:jar:2.25.1:compile
|  |  +- (org.glassfish.jersey.core:jersey-common:jar:2.25.1:compile - omitted for duplicate)
|  |  +- org.glassfish.jersey.ext:jersey-entity-filtering:jar:2.25.1:compile
|  |  |  \- (javax.ws.rs:javax.ws.rs-api:jar:2.0.1:compile - omitted for duplicate)
|  |  +- com.fasterxml.jackson.jaxrs:jackson-jaxrs-base:jar:2.8.4:compile
|  |  |  +- (com.fasterxml.jackson.core:jackson-core:jar:2.8.4:compile - omitted for conflict with 2.8.6)
|  |  |  \- (com.fasterxml.jackson.core:jackson-databind:jar:2.8.4:compile - omitted for conflict with 2.8.6)
|  |  +- com.fasterxml.jackson.jaxrs:jackson-jaxrs-json-provider:jar:2.8.4:compile
|  |  |  +- (com.fasterxml.jackson.jaxrs:jackson-jaxrs-base:jar:2.8.4:compile - omitted for duplicate)
|  |  |  +- (com.fasterxml.jackson.core:jackson-core:jar:2.8.4:compile - omitted for duplicate)
|  |  |  +- (com.fasterxml.jackson.core:jackson-databind:jar:2.8.4:compile - omitted for duplicate)
|  |  |  \- com.fasterxml.jackson.module:jackson-module-jaxb-annotations:jar:2.8.4:compile
|  |  |     +- (com.fasterxml.jackson.core:jackson-core:jar:2.8.4:compile - omitted for duplicate)
|  |  |     +- (com.fasterxml.jackson.core:jackson-annotations:jar:2.8.0:compile - omitted for duplicate)
|  |  |     \- (com.fasterxml.jackson.core:jackson-databind:jar:2.8.4:compile - omitted for duplicate)
|  |  \- (com.fasterxml.jackson.core:jackson-annotations:jar:2.8.4:compile - omitted for conflict with 2.8.6)
|  +- org.glassfish.jersey.security:oauth2-client:jar:2.25.1:compile
|  |  +- (org.glassfish.jersey.media:jersey-media-json-jackson:jar:2.25.1:compile - omitted for duplicate)
|  |  \- (org.glassfish.jersey.core:jersey-client:jar:2.25.1:compile - omitted for duplicate)
|  +- com.fasterxml.jackson.core:jackson-core:jar:2.8.6:compile
|  +- com.fasterxml.jackson.core:jackson-annotations:jar:2.8.6:compile
|  +- (com.fasterxml.jackson.core:jackson-databind:jar:2.8.6:compile - omitted for conflict with 2.8.8.1)
|  +- com.fasterxml.jackson.datatype:jackson-datatype-jsr310:jar:2.8.6:compile
|  |  +- (com.fasterxml.jackson.core:jackson-annotations:jar:2.8.0:compile - omitted for conflict with 2.8.6)
|  |  +- (com.fasterxml.jackson.core:jackson-core:jar:2.8.6:compile - omitted for duplicate)
|  |  \- (com.fasterxml.jackson.core:jackson-databind:jar:2.8.6:compile - omitted for duplicate)
|  +- com.brsanthu:migbase64:jar:2.2:compile
|  \- org.apache.commons:commons-lang3:jar:3.5:compile
+- com.beimin:eveapi:jar:7.0.3:compile
|  \- (org.slf4j:slf4j-api:jar:1.7.12:compile - omitted for conflict with 1.7.25)
+- enterprises.orbital.evekit:evekit:jar:3.1.0.1:compile
|  +- (io.swagger:swagger-annotations:jar:1.5.12:compile - omitted for duplicate)
|  +- (org.glassfish.jersey.core:jersey-client:jar:2.22.2:compile - omitted for conflict with 2.25.1)
|  +- (org.glassfish.jersey.media:jersey-media-multipart:jar:2.22.2:compile - omitted for conflict with 2.25.1)
|  +- (org.glassfish.jersey.media:jersey-media-json-jackson:jar:2.22.2:compile - omitted for conflict with 2.25.1)
|  +- (com.fasterxml.jackson.core:jackson-core:jar:2.7.5:compile - omitted for conflict with 2.8.6)
|  +- (com.fasterxml.jackson.core:jackson-annotations:jar:2.7.5:compile - omitted for conflict with 2.8.6)
|  +- (com.fasterxml.jackson.core:jackson-databind:jar:2.7.5:compile - omitted for conflict with 2.8.6)
|  +- com.fasterxml.jackson.datatype:jackson-datatype-joda:jar:2.7.5:compile
|  |  +- (com.fasterxml.jackson.core:jackson-annotations:jar:2.7.0:compile - omitted for conflict with 2.8.6)
|  |  +- (com.fasterxml.jackson.core:jackson-core:jar:2.7.5:compile - omitted for conflict with 2.8.6)
|  |  +- (com.fasterxml.jackson.core:jackson-databind:jar:2.7.5:compile - omitted for conflict with 2.8.6)
|  |  \- (joda-time:joda-time:jar:2.4:compile - omitted for conflict with 2.9.4)
|  +- joda-time:joda-time:jar:2.9.4:compile
|  \- (com.brsanthu:migbase64:jar:2.2:compile - omitted for duplicate)
+- uk.me.candle:pricing:jar:1.8.0:compile
|  +- (javax.xml.bind:jaxb-api:jar:2.3.0:compile - omitted for duplicate)
|  +- (org.slf4j:slf4j-api:jar:1.7.25:compile - omitted for conflict with 1.7.12)
|  +- (org.slf4j:jcl-over-slf4j:jar:1.7.25:compile - omitted for duplicate)
|  +- (org.slf4j:jul-to-slf4j:jar:1.7.25:compile - omitted for duplicate)
|  +- (ch.qos.logback:logback-classic:jar:1.2.3:compile - omitted for duplicate)
|  \- (ch.qos.logback:logback-core:jar:1.2.3:compile - omitted for duplicate)
+- uk.me.candle:routing:jar:1.5.0:compile
|  \- uk.me.candle:graph:jar:1.5.0:compile
+- uk.me.candle:translations:jar:2.2.0:compile
|  +- org.ow2.asm:asm:jar:5.0.4:compile
|  +- com.google.guava:guava:jar:r09:compile
|  \- (org.slf4j:slf4j-api:jar:1.6.1:compile - omitted for conflict with 1.7.12)
+- apple.dts.samplecode:osxadapter:jar:1.1.0:compile
+- net.java.dev.glazedlists:glazedlists_java16:jar:1.10.0:compile
+- net.sf.supercsv:super-csv:jar:2.4.0:compile
+- junit:junit:jar:4.12:test
|  \- org.hamcrest:hamcrest-core:jar:1.3:test
+- org.slf4j:slf4j-api:jar:1.7.25:compile
+- org.slf4j:log4j-over-slf4j:jar:1.7.25:compile
|  \- (org.slf4j:slf4j-api:jar:1.7.25:compile - omitted for duplicate)
+- org.slf4j:jcl-over-slf4j:jar:1.7.25:compile
|  \- (org.slf4j:slf4j-api:jar:1.7.25:compile - omitted for duplicate)
+- org.slf4j:jul-to-slf4j:jar:1.7.25:compile
|  \- (org.slf4j:slf4j-api:jar:1.7.25:compile - omitted for duplicate)
+- ch.qos.logback:logback-classic:jar:1.2.3:compile
|  +- (ch.qos.logback:logback-core:jar:1.2.3:compile - omitted for duplicate)
|  \- (org.slf4j:slf4j-api:jar:1.7.25:compile - omitted for duplicate)
+- ch.qos.logback:logback-core:jar:1.2.3:compile
+- org.jfree:jfreechart:jar:1.0.19:compile
|  \- org.jfree:jcommon:jar:1.0.23:compile
+- com.github.lgooddatepicker:LGoodDatePicker:jar:10.2.3:compile
+- com.fasterxml.jackson.core:jackson-databind:jar:2.8.8.1:compile
|  +- (com.fasterxml.jackson.core:jackson-annotations:jar:2.8.0:compile - omitted for conflict with 2.8.6)
|  \- (com.fasterxml.jackson.core:jackson-core:jar:2.8.8:compile - omitted for conflict with 2.8.6)
+- javax.xml.bind:jaxb-api:jar:2.3.0:compile
+- com.sun.activation:javax.activation:jar:1.2.0:compile
\- org.dom4j:dom4j:jar:2.1.0:compile
   \- jaxen:jaxen:jar:1.1.6:compile

