WARNING: Your kernel does not support swap limit capabilities or the cgroup is not mounted. Memory limited without swap.
net.nikr:jeveassets:jar:2.9.0
+- com.beimin:eveapi:jar:5.1.4-SNAPSHOT:compile
|  \- (org.slf4j:slf4j-api:jar:1.7.2:compile - omitted for conflict with 1.6.1)
+- net.java.dev.glazedlists:glazedlists_java15:jar:1.9.0:compile
+- org.supercsv:supercsv:jar:1.52:compile
+- uk.me.candle:pricing:jar:1.1.0:compile
|  +- jaxen:jaxen:jar:1.1.1:compile
|  |  +- (jaxen:jaxen:jar:1.1-beta-6:compile - omitted for cycle)
|  |  +- dom4j:dom4j:jar:1.6.1:compile
|  |  +- (jaxen:jaxen:jar:1.0-FCS:compile - omitted for cycle)
|  |  +- jdom:jdom:jar:1.0:compile
|  |  +- xml-apis:xml-apis:jar:1.3.02:compile
|  |  \- xom:xom:jar:1.0:compile
|  |     +- xalan:xalan:jar:2.6.0:compile
|  |     |  \- (xml-apis:xml-apis:jar:1.0.b2:compile - omitted for conflict with 1.3.02)
|  |     \- com.ibm.icu:icu4j:jar:2.6.1:compile
|  \- (log4j:log4j:jar:1.2.13:compile - omitted for conflict with 1.2.16)
+- uk.me.candle:routing:jar:1.0.2:compile
|  +- uk.me.candle:graph:jar:1.0.0:compile
|  \- (log4j:log4j:jar:1.2.13:compile - omitted for duplicate)
+- uk.me.candle:translations:jar:2.0.1:compile
|  +- org.ow2.asm:asm:jar:4.0:compile
|  +- com.google.guava:guava:jar:r09:compile
|  \- (org.slf4j:slf4j-api:jar:1.6.1:compile - omitted for conflict with 1.7.2)
+- apple.dts.samplecode:osxadapter:jar:1.0.0:compile
+- junit:junit:jar:4.8.2:test
+- commons-logging:commons-logging:jar:1.1.1:provided
+- org.slf4j:slf4j-api:jar:1.6.1:compile
+- org.slf4j:slf4j-log4j12:jar:1.6.1:compile
|  +- (org.slf4j:slf4j-api:jar:1.6.1:compile - omitted for duplicate)
|  \- (log4j:log4j:jar:1.2.16:compile - omitted for conflict with 1.2.13)
+- org.slf4j:jcl-over-slf4j:jar:1.6.1:compile
|  \- (org.slf4j:slf4j-api:jar:1.6.1:compile - omitted for duplicate)
+- log4j:log4j:jar:1.2.16:compile
+- jfree:jfreechart:jar:1.0.13:compile
|  \- jfree:jcommon:jar:1.0.16:compile
\- com.toedter:jcalendar:jar:1.4.0:compile

Traceback (most recent call last):
  File "/home/jdbl/core/Project.py", line 33, in clone
    self.pom = PomExtractor(self.path)
  File "/home/jdbl/core/PomExtractor.py", line 55, in __init__
    f = xml.parse(p)
  File "/usr/lib/python3.7/xml/etree/ElementTree.py", line 1197, in parse
    tree.parse(source, parser)
  File "/usr/lib/python3.7/xml/etree/ElementTree.py", line 598, in parse
    self._root = parser._parse_whole(source)
  File "<string>", line None
xml.etree.ElementTree.ParseError: unbound prefix: line 81, column 6
