WARNING: Your kernel does not support swap limit capabilities or the cgroup is not mounted. Memory limited without swap.
com.graphaware.neo4j:uuid:jar:4.0.8.58.19
+- com.graphaware.neo4j:common:jar:4.0.8.58:provided
|  +- org.springframework:spring-expression:jar:5.2.8.RELEASE:provided
|  |  \- org.springframework:spring-core:jar:5.2.8.RELEASE:provided
|  |     \- org.springframework:spring-jcl:jar:5.2.8.RELEASE:provided
|  +- com.eaio.uuid:uuid:jar:3.5:provided
|  |  +- com.eaio:grabbag:jar:2.7:provided
|  |  \- org.slf4j:slf4j-api:jar:1.7.12:provided
|  +- com.fasterxml.jackson.core:jackson-annotations:jar:2.9.10:provided
|  \- com.fasterxml.jackson.core:jackson-databind:jar:2.9.10:provided (version managed from 2.9.10.4)
|     +- (com.fasterxml.jackson.core:jackson-annotations:jar:2.9.10:provided - omitted for duplicate)
|     \- com.fasterxml.jackson.core:jackson-core:jar:2.9.10:provided
+- com.graphaware.neo4j:runtime:jar:4.0.8.58:provided
|  +- com.graphaware.neo4j:writer:jar:4.0.8.58:provided
|  |  +- (com.graphaware.neo4j:tx-executor:jar:4.0.8.58:provided - omitted for duplicate)
|  |  \- (com.google.guava:guava:jar:21.0:provided - omitted for duplicate)
|  +- (com.graphaware.neo4j:common:jar:4.0.8.58:provided - omitted for duplicate)
|  +- (com.graphaware.neo4j:tx-api:jar:4.0.8.58:provided - omitted for duplicate)
|  \- org.apache.commons:commons-configuration2:jar:2.5:provided
|     +- org.apache.commons:commons-lang3:jar:3.9:provided
|     +- org.apache.commons:commons-text:jar:1.6:provided
|     |  \- (org.apache.commons:commons-lang3:jar:3.8.1:provided - omitted for conflict with 3.9)
|     \- (commons-logging:commons-logging:jar:1.2:provided - omitted for duplicate)
+- com.graphaware.neo4j:tx-api:jar:4.0.8.58:provided
|  +- (com.graphaware.neo4j:common:jar:4.0.8.58:provided - omitted for duplicate)
|  \- (com.graphaware.neo4j:tx-executor:jar:4.0.8.58:provided - omitted for duplicate)
+- com.graphaware.neo4j:tx-executor:jar:4.0.8.58:provided
|  +- (com.graphaware.neo4j:common:jar:4.0.8.58:provided - omitted for duplicate)
|  \- com.google.guava:guava:jar:21.0:provided
+- org.neo4j:neo4j:jar:4.0.8:provided
|  +- org.neo4j:annotations:jar:4.0.8:provided
|  |  +- org.eclipse.collections:eclipse-collections:jar:10.0.0:provided
|  |  |  \- org.eclipse.collections:eclipse-collections-api:jar:10.0.0:provided
|  |  \- (org.apache.commons:commons-lang3:jar:3.9:provided - omitted for duplicate)
|  +- org.neo4j:neo4j-kernel:jar:4.0.8:provided
|  |  +- (org.neo4j:annotations:jar:4.0.8:provided - omitted for duplicate)
|  |  +- org.neo4j:neo4j-native:jar:4.0.8:provided
|  |  |  +- net.java.dev.jna:jna:jar:5.4.0:provided
|  |  |  \- (org.apache.commons:commons-lang3:jar:3.9:provided - omitted for duplicate)
|  |  +- org.neo4j:neo4j-graphdb-api:jar:4.0.8:provided
|  |  |  +- (org.neo4j:annotations:jar:4.0.8:provided - omitted for duplicate)
|  |  |  +- (org.neo4j:neo4j-common:jar:4.0.8:provided - omitted for duplicate)
|  |  |  +- (org.neo4j:neo4j-resource:jar:4.0.8:provided - omitted for duplicate)
|  |  |  \- (org.neo4j:neo4j-collections:jar:4.0.8:provided - omitted for duplicate)
|  |  +- org.neo4j:neo4j-procedure-api:jar:4.0.8:provided
|  |  |  +- (org.neo4j:neo4j-graphdb-api:jar:4.0.8:provided - omitted for duplicate)
|  |  |  \- (org.neo4j:neo4j-logging:jar:4.0.8:provided - omitted for duplicate)
|  |  +- org.neo4j:neo4j-storage-engine-api:jar:4.0.8:provided
|  |  |  +- (org.neo4j:annotations:jar:4.0.8:provided - omitted for duplicate)
|  |  |  +- (org.neo4j:neo4j-collections:jar:4.0.8:provided - omitted for duplicate)
|  |  |  +- (org.neo4j:neo4j-configuration:jar:4.0.8:provided - omitted for duplicate)
|  |  |  +- (org.neo4j:neo4j-layout:jar:4.0.8:provided - omitted for duplicate)
|  |  |  +- org.neo4j:neo4j-lock:jar:4.0.8:provided
|  |  |  |  +- (org.neo4j:neo4j-common:jar:4.0.8:provided - omitted for duplicate)
|  |  |  |  \- (org.eclipse.collections:eclipse-collections:jar:10.0.0:provided - omitted for duplicate)
|  |  |  +- (org.neo4j:neo4j-values:jar:4.0.8:provided - omitted for duplicate)
|  |  |  +- org.neo4j:neo4j-diagnostics:jar:4.0.8:provided
|  |  |  |  \- (org.neo4j:neo4j-logging:jar:4.0.8:provided - omitted for duplicate)
|  |  |  +- org.neo4j:neo4j-token-api:jar:4.0.8:provided
|  |  |  |  +- (org.neo4j:neo4j-common:jar:4.0.8:provided - omitted for duplicate)
|  |  |  |  \- (org.eclipse.collections:eclipse-collections:jar:10.0.0:provided - omitted for duplicate)
|  |  |  +- org.neo4j:neo4j-schema:jar:4.0.8:provided
|  |  |  |  +- (org.neo4j:neo4j-common:jar:4.0.8:provided - omitted for duplicate)
|  |  |  |  +- (org.neo4j:neo4j-token-api:jar:4.0.8:provided - omitted for duplicate)
|  |  |  |  +- (org.neo4j:neo4j-lock:jar:4.0.8:provided - omitted for duplicate)
|  |  |  |  \- (org.neo4j:neo4j-values:jar:4.0.8:provided - omitted for duplicate)
|  |  |  +- (org.neo4j:neo4j-id-generator:jar:4.0.8:provided - omitted for duplicate)
|  |  |  +- org.neo4j:neo4j-monitoring:jar:4.0.8:provided
|  |  |  |  +- (org.eclipse.collections:eclipse-collections:jar:10.0.0:provided - omitted for duplicate)
|  |  |  |  +- (org.apache.commons:commons-lang3:jar:3.9:provided - omitted for duplicate)
|  |  |  |  +- (org.neo4j:neo4j-common:jar:4.0.8:provided - omitted for duplicate)
|  |  |  |  +- (org.neo4j:neo4j-graphdb-api:jar:4.0.8:provided - omitted for duplicate)
|  |  |  |  \- (org.neo4j:neo4j-logging:jar:4.0.8:provided - omitted for duplicate)
|  |  |  \- (org.neo4j:neo4j-index:jar:4.0.8:provided - omitted for duplicate)
|  |  +- org.neo4j:neo4j-kernel-api:jar:4.0.8:provided
|  |  |  +- (org.neo4j:neo4j-values:jar:4.0.8:provided - omitted for duplicate)
|  |  |  +- (org.neo4j:neo4j-graphdb-api:jar:4.0.8:provided - omitted for duplicate)
|  |  |  +- (org.neo4j:neo4j-procedure-api:jar:4.0.8:provided - omitted for duplicate)
|  |  |  +- (org.neo4j:neo4j-common:jar:4.0.8:provided - omitted for duplicate)
|  |  |  +- (org.neo4j:neo4j-storage-engine-api:jar:4.0.8:provided - omitted for duplicate)
|  |  |  +- (org.apache.commons:commons-lang3:jar:3.9:provided - omitted for duplicate)
|  |  |  \- (org.eclipse.collections:eclipse-collections:jar:10.0.0:provided - omitted for duplicate)
|  |  +- org.neo4j:neo4j-common:jar:4.0.8:provided
|  |  |  +- (org.neo4j:annotations:jar:4.0.8:provided - omitted for duplicate)
|  |  |  \- (org.apache.commons:commons-text:jar:1.7:provided - omitted for conflict with 1.6)
|  |  +- org.neo4j:neo4j-values:jar:4.0.8:provided
|  |  |  +- (org.neo4j:neo4j-graphdb-api:jar:4.0.8:provided - omitted for duplicate)
|  |  |  \- (org.neo4j:neo4j-exceptions:jar:4.0.8:provided - omitted for duplicate)
|  |  +- org.neo4j:neo4j-collections:jar:4.0.8:provided
|  |  |  +- (org.neo4j:neo4j-resource:jar:4.0.8:provided - omitted for duplicate)
|  |  |  +- (org.neo4j:neo4j-common:jar:4.0.8:provided - omitted for duplicate)
|  |  |  \- (org.eclipse.collections:eclipse-collections:jar:10.0.0:provided - omitted for duplicate)
|  |  +- org.neo4j:neo4j-io:jar:4.0.8:provided
|  |  |  +- (org.neo4j:annotations:jar:4.0.8:provided - omitted for duplicate)
|  |  |  +- org.neo4j:neo4j-unsafe:jar:4.0.8:provided
|  |  |  |  \- (org.neo4j:neo4j-common:jar:4.0.8:provided - omitted for duplicate)
|  |  |  +- (org.apache.commons:commons-lang3:jar:3.9:provided - omitted for duplicate)
|  |  |  +- org.neo4j:neo4j-concurrent:jar:4.0.8:provided
|  |  |  |  \- (org.neo4j:neo4j-unsafe:jar:4.0.8:provided - omitted for duplicate)
|  |  |  \- (org.eclipse.collections:eclipse-collections:jar:10.0.0:provided - omitted for duplicate)
|  |  +- org.neo4j:neo4j-csv:jar:4.0.8:provided
|  |  |  +- (org.neo4j:neo4j-collections:jar:4.0.8:provided - omitted for duplicate)
|  |  |  +- (org.neo4j:neo4j-values:jar:4.0.8:provided - omitted for duplicate)
|  |  |  \- (org.neo4j:neo4j-io:jar:4.0.8:provided - omitted for duplicate)
|  |  +- org.neo4j:neo4j-logging:jar:4.0.8:provided
|  |  |  +- (org.neo4j:neo4j-io:jar:4.0.8:provided - omitted for duplicate)
|  |  |  \- (org.neo4j:annotations:jar:4.0.8:provided - omitted for duplicate)
|  |  +- org.neo4j:neo4j-configuration:jar:4.0.8:provided
|  |  |  +- (org.neo4j:annotations:jar:4.0.8:provided - omitted for duplicate)
|  |  |  +- (org.neo4j:neo4j-graphdb-api:jar:4.0.8:provided - omitted for duplicate)
|  |  |  +- (org.neo4j:neo4j-values:jar:4.0.8:provided - omitted for duplicate)
|  |  |  \- (org.neo4j:neo4j-logging:jar:4.0.8:provided - omitted for duplicate)
|  |  +- org.neo4j:neo4j-layout:jar:4.0.8:provided
|  |  |  \- (org.neo4j:neo4j-configuration:jar:4.0.8:provided - omitted for duplicate)
|  |  +- org.neo4j:neo4j-index:jar:4.0.8:provided
|  |  |  +- (org.neo4j:neo4j-io:jar:4.0.8:provided - omitted for duplicate)
|  |  |  +- (org.neo4j:annotations:jar:4.0.8:provided - omitted for duplicate)
|  |  |  \- (org.eclipse.collections:eclipse-collections:jar:10.0.0:provided - omitted for duplicate)
|  |  +- org.neo4j:neo4j-spatial-index:jar:4.0.8:provided
|  |  +- (org.neo4j:neo4j-fulltext-index:jar:4.0.8:provided - omitted for duplicate)
|  |  +- org.neo4j:neo4j-ssl:jar:4.0.8:provided
|  |  |  +- (org.neo4j:annotations:jar:4.0.8:provided - omitted for duplicate)
|  |  |  +- (org.neo4j:neo4j-configuration:jar:4.0.8:provided - omitted for duplicate)
|  |  |  +- (org.neo4j:neo4j-logging:jar:4.0.8:provided - omitted for duplicate)
|  |  |  +- (io.netty:netty-all:jar:4.1.48.Final:provided - omitted for duplicate)
|  |  |  \- (org.bouncycastle:bcpkix-jdk15on:jar:1.64:provided - omitted for duplicate)
|  |  +- org.neo4j:neo4j-id-generator:jar:4.0.8:provided
|  |  |  +- (org.neo4j:neo4j-io:jar:4.0.8:provided - omitted for duplicate)
|  |  |  +- (org.neo4j:neo4j-index:jar:4.0.8:provided - omitted for duplicate)
|  |  |  \- (org.neo4j:neo4j-collections:jar:4.0.8:provided - omitted for duplicate)
|  |  +- org.neo4j:neo4j-label-index:jar:4.0.8:provided
|  |  |  +- (org.neo4j:neo4j-storage-engine-api:jar:4.0.8:provided - omitted for duplicate)
|  |  |  +- (org.neo4j:neo4j-kernel-api:jar:4.0.8:provided - omitted for duplicate)
|  |  |  +- (org.neo4j:neo4j-io:jar:4.0.8:provided - omitted for duplicate)
|  |  |  +- (org.neo4j:neo4j-index:jar:4.0.8:provided - omitted for duplicate)
|  |  |  +- (org.neo4j:neo4j-collections:jar:4.0.8:provided - omitted for duplicate)
|  |  |  +- (org.neo4j:neo4j-monitoring:jar:4.0.8:provided - omitted for duplicate)
|  |  |  \- (org.neo4j:annotations:jar:4.0.8:provided - omitted for duplicate)
|  |  +- org.neo4j:neo4j-wal:jar:4.0.8:provided
|  |  |  \- (org.neo4j:neo4j-storage-engine-api:jar:4.0.8:provided - omitted for duplicate)
|  |  +- (org.eclipse.collections:eclipse-collections:jar:10.0.0:provided - omitted for duplicate)
|  |  \- org.jctools:jctools-core:jar:2.1.2:provided
|  +- org.neo4j:neo4j-procedure:jar:4.0.8:provided
|  |  +- (org.neo4j:neo4j-procedure-api:jar:4.0.8:provided - omitted for duplicate)
|  |  +- org.neo4j:neo4j-codegen:jar:4.0.8:provided
|  |  |  +- (org.scala-lang:scala-library:jar:2.12.7:provided - omitted for duplicate)
|  |  |  +- (org.scala-lang:scala-reflect:jar:2.12.7:provided - omitted for duplicate)
|  |  |  +- (org.neo4j:neo4j-unsafe:jar:4.0.8:provided - omitted for duplicate)
|  |  |  +- (org.ow2.asm:asm:jar:7.2:provided - omitted for duplicate)
|  |  |  +- org.ow2.asm:asm-util:jar:7.2:provided
|  |  |  |  +- (org.ow2.asm:asm:jar:7.2:provided - omitted for duplicate)
|  |  |  |  +- (org.ow2.asm:asm-tree:jar:7.2:provided - omitted for duplicate)
|  |  |  |  \- (org.ow2.asm:asm-analysis:jar:7.2:provided - omitted for duplicate)
|  |  |  +- org.ow2.asm:asm-analysis:jar:7.2:provided
|  |  |  |  \- (org.ow2.asm:asm-tree:jar:7.2:provided - omitted for duplicate)
|  |  |  +- org.ow2.asm:asm-tree:jar:7.2:provided
|  |  |  |  \- (org.ow2.asm:asm:jar:7.2:provided - omitted for duplicate)
|  |  |  +- (org.apache.commons:commons-text:jar:1.7:provided - omitted for conflict with 1.6)
|  |  |  \- (org.neo4j:neo4j-values:jar:4.0.8:provided - omitted for duplicate)
|  |  +- org.neo4j:neo4j-cypher-expression-evaluator:jar:4.0.8:provided
|  |  |  +- (org.neo4j:neo4j-values:jar:4.0.8:provided - omitted for duplicate)
|  |  |  +- (org.neo4j:neo4j-parser-4.0:jar:4.0.8:provided - omitted for duplicate)
|  |  |  +- org.neo4j:neo4j-ast-4.0:jar:4.0.8:provided
|  |  |  |  +- (org.neo4j:neo4j-util-4.0:jar:4.0.8:provided - omitted for duplicate)
|  |  |  |  +- (org.neo4j:neo4j-expressions-4.0:jar:4.0.8:provided - omitted for duplicate)
|  |  |  |  \- (org.scala-lang:scala-library:jar:2.12.7:provided - omitted for duplicate)
|  |  |  +- org.neo4j:neo4j-expressions-4.0:jar:4.0.8:provided
|  |  |  |  +- (org.neo4j:neo4j-util-4.0:jar:4.0.8:provided - omitted for duplicate)
|  |  |  |  \- (org.scala-lang:scala-library:jar:2.12.7:provided - omitted for duplicate)
|  |  |  +- (org.neo4j:neo4j-cypher-runtime-util:jar:4.0.8:provided - omitted for duplicate)
|  |  |  +- (org.neo4j:neo4j-cypher-interpreted-runtime:jar:4.0.8:provided - omitted for duplicate)
|  |  |  +- (org.scala-lang:scala-library:jar:2.12.7:provided - omitted for duplicate)
|  |  |  \- (org.scala-lang:scala-reflect:jar:2.12.7:provided - omitted for duplicate)
|  |  +- (org.eclipse.collections:eclipse-collections:jar:10.0.0:provided - omitted for duplicate)
|  |  \- (org.neo4j:neo4j-kernel:jar:4.0.8:provided - omitted for duplicate)
|  +- org.neo4j:neo4j-lucene-index:jar:4.0.8:provided
|  |  +- (org.neo4j:annotations:jar:4.0.8:provided - omitted for duplicate)
|  |  +- org.neo4j:neo4j-resource:jar:4.0.8:provided
|  |  |  \- (org.neo4j:annotations:jar:4.0.8:provided - omitted for duplicate)
|  |  +- (org.neo4j:neo4j-collections:jar:4.0.8:provided - omitted for duplicate)
|  |  +- (org.neo4j:neo4j-kernel-api:jar:4.0.8:provided - omitted for duplicate)
|  |  +- org.apache.lucene:lucene-analyzers-common:jar:8.2.0:provided
|  |  |  \- (org.apache.lucene:lucene-core:jar:8.2.0:provided - omitted for duplicate)
|  |  +- org.apache.lucene:lucene-core:jar:8.2.0:provided
|  |  +- org.apache.lucene:lucene-queryparser:jar:8.2.0:provided
|  |  |  \- (org.apache.lucene:lucene-core:jar:8.2.0:provided - omitted for duplicate)
|  |  \- org.apache.lucene:lucene-codecs:jar:8.2.0:provided
|  |     \- (org.apache.lucene:lucene-core:jar:8.2.0:provided - omitted for duplicate)
|  +- org.neo4j:neo4j-fulltext-index:jar:4.0.8:provided
|  |  +- (org.neo4j:annotations:jar:4.0.8:provided - omitted for duplicate)
|  |  \- (org.neo4j:neo4j-lucene-index:jar:4.0.8:provided - omitted for duplicate)
|  +- org.neo4j:neo4j-graph-algo:jar:4.0.8:provided
|  |  +- (org.neo4j:annotations:jar:4.0.8:provided - omitted for duplicate)
|  |  \- (org.neo4j:neo4j-kernel:jar:4.0.8:provided - omitted for duplicate)
|  +- org.neo4j:neo4j-data-collector:jar:4.0.8:provided
|  |  +- (org.neo4j:annotations:jar:4.0.8:provided - omitted for duplicate)
|  |  +- (org.neo4j:neo4j-procedure-api:jar:4.0.8:provided - omitted for duplicate)
|  |  +- (org.neo4j:neo4j-kernel:jar:4.0.8:provided - omitted for duplicate)
|  |  +- org.neo4j:neo4j-parser-4.0:jar:4.0.8:provided
|  |  |  +- (org.neo4j:neo4j-util-4.0:jar:4.0.8:provided - omitted for duplicate)
|  |  |  +- (org.neo4j:neo4j-ast-4.0:jar:4.0.8:provided - omitted for duplicate)
|  |  |  +- (org.neo4j:neo4j-expressions-4.0:jar:4.0.8:provided - omitted for duplicate)
|  |  |  +- (org.parboiled:parboiled-scala_2.12:jar:1.2.0:provided - omitted for duplicate)
|  |  |  \- (org.scala-lang:scala-library:jar:2.12.7:provided - omitted for duplicate)
|  |  +- org.neo4j:neo4j-rewriting-4.0:jar:4.0.8:provided
|  |  |  +- (org.neo4j:neo4j-util-4.0:jar:4.0.8:provided - omitted for duplicate)
|  |  |  +- (org.neo4j:neo4j-ast-4.0:jar:4.0.8:provided - omitted for duplicate)
|  |  |  +- (org.neo4j:neo4j-expressions-4.0:jar:4.0.8:provided - omitted for duplicate)
|  |  |  \- (org.scala-lang:scala-library:jar:2.12.7:provided - omitted for duplicate)
|  |  \- (org.neo4j:neo4j-cypher:jar:4.0.8:provided - omitted for duplicate)
|  +- org.neo4j:neo4j-cypher:jar:4.0.8:provided
|  |  +- (org.neo4j:annotations:jar:4.0.8:provided - omitted for duplicate)
|  |  +- org.scala-lang:scala-library:jar:2.12.7:provided
|  |  +- org.scala-lang:scala-reflect:jar:2.12.7:provided
|  |  |  \- (org.scala-lang:scala-library:jar:2.12.7:provided - omitted for duplicate)
|  |  +- (org.neo4j:neo4j-kernel:jar:4.0.8:provided - omitted for duplicate)
|  |  +- (org.neo4j:neo4j-codegen:jar:4.0.8:provided - omitted for duplicate)
|  |  +- org.neo4j:neo4j-exceptions:jar:4.0.8:provided
|  |  |  \- (org.neo4j:neo4j-common:jar:4.0.8:provided - omitted for duplicate)
|  |  +- org.neo4j:neo4j-util-4.0:jar:4.0.8:provided
|  |  |  +- (org.apache.commons:commons-lang3:jar:3.9:provided - omitted for duplicate)
|  |  |  \- (org.scala-lang:scala-library:jar:2.12.7:provided - omitted for duplicate)
|  |  +- org.neo4j:neo4j-cypher-planner:jar:4.0.8:provided
|  |  |  +- (org.scala-lang:scala-library:jar:2.12.7:provided - omitted for duplicate)
|  |  |  +- (org.scala-lang:scala-reflect:jar:2.12.7:provided - omitted for duplicate)
|  |  |  +- (org.neo4j:neo4j-exceptions:jar:4.0.8:provided - omitted for duplicate)
|  |  |  +- org.neo4j:neo4j-cypher-ir:jar:4.0.8:provided
|  |  |  |  +- (org.neo4j:neo4j-expressions-4.0:jar:4.0.8:provided - omitted for duplicate)
|  |  |  |  +- (org.neo4j:neo4j-ast-4.0:jar:4.0.8:provided - omitted for duplicate)
|  |  |  |  +- org.neo4j:neo4j-front-end-4.0:jar:4.0.8:provided
|  |  |  |  |  +- (org.neo4j:neo4j-util-4.0:jar:4.0.8:provided - omitted for duplicate)
|  |  |  |  |  +- (org.neo4j:neo4j-expressions-4.0:jar:4.0.8:provided - omitted for duplicate)
|  |  |  |  |  +- (org.neo4j:neo4j-rewriting-4.0:jar:4.0.8:provided - omitted for duplicate)
|  |  |  |  |  +- (org.neo4j:neo4j-parser-4.0:jar:4.0.8:provided - omitted for duplicate)
|  |  |  |  |  +- (org.scala-lang:scala-reflect:jar:2.12.7:provided - omitted for duplicate)
|  |  |  |  |  +- (org.parboiled:parboiled-scala_2.12:jar:1.2.0:provided - omitted for duplicate)
|  |  |  |  |  +- (org.apache.commons:commons-lang3:jar:3.9:provided - omitted for duplicate)
|  |  |  |  |  \- (org.scala-lang:scala-library:jar:2.12.7:provided - omitted for duplicate)
|  |  |  |  +- (org.neo4j:neo4j-rewriting-4.0:jar:4.0.8:provided - omitted for duplicate)
|  |  |  |  +- (org.neo4j:neo4j-exceptions:jar:4.0.8:provided - omitted for duplicate)
|  |  |  |  +- (org.scala-lang:scala-library:jar:2.12.7:provided - omitted for duplicate)
|  |  |  |  +- (org.scala-lang:scala-reflect:jar:2.12.7:provided - omitted for duplicate)
|  |  |  |  +- (org.parboiled:parboiled-scala_2.12:jar:1.2.0:provided - omitted for duplicate)
|  |  |  |  \- (org.apache.commons:commons-lang3:jar:3.9:provided - omitted for duplicate)
|  |  |  +- org.neo4j:neo4j-cypher-logical-plans:jar:4.0.8:provided
|  |  |  |  +- (org.neo4j:neo4j-exceptions:jar:4.0.8:provided - omitted for duplicate)
|  |  |  |  +- (org.neo4j:neo4j-cypher-ir:jar:4.0.8:provided - omitted for duplicate)
|  |  |  |  +- (org.neo4j:neo4j-values:jar:4.0.8:provided - omitted for duplicate)
|  |  |  |  +- (org.neo4j:neo4j-configuration:jar:4.0.8:provided - omitted for duplicate)
|  |  |  |  +- (org.scala-lang:scala-library:jar:2.12.7:provided - omitted for duplicate)
|  |  |  |  +- (org.scala-lang:scala-reflect:jar:2.12.7:provided - omitted for duplicate)
|  |  |  |  +- (org.parboiled:parboiled-scala_2.12:jar:1.2.0:provided - omitted for duplicate)
|  |  |  |  \- (org.apache.commons:commons-lang3:jar:3.9:provided - omitted for duplicate)
|  |  |  +- (org.neo4j:neo4j-cypher-planner-spi:jar:4.0.8:provided - omitted for duplicate)
|  |  |  +- (org.neo4j:neo4j-cypher-expression-evaluator:jar:4.0.8:provided - omitted for duplicate)
|  |  |  +- (org.parboiled:parboiled-scala_2.12:jar:1.2.0:provided - omitted for duplicate)
|  |  |  \- com.github.ben-manes.caffeine:caffeine:jar:2.8.0:provided
|  |  +- org.neo4j:neo4j-cypher-planner-spi:jar:4.0.8:provided
|  |  |  +- (org.neo4j:neo4j-util-4.0:jar:4.0.8:provided - omitted for duplicate)
|  |  |  +- (org.neo4j:neo4j-cypher-logical-plans:jar:4.0.8:provided - omitted for duplicate)
|  |  |  +- (org.scala-lang:scala-library:jar:2.12.7:provided - omitted for duplicate)
|  |  |  +- (org.scala-lang:scala-reflect:jar:2.12.7:provided - omitted for duplicate)
|  |  |  +- (org.parboiled:parboiled-scala_2.12:jar:1.2.0:provided - omitted for duplicate)
|  |  |  \- (org.apache.commons:commons-lang3:jar:3.9:provided - omitted for duplicate)
|  |  +- org.neo4j:neo4j-cypher-runtime-util:jar:4.0.8:provided
|  |  |  +- (org.neo4j:neo4j-exceptions:jar:4.0.8:provided - omitted for duplicate)
|  |  |  +- (org.neo4j:neo4j-cypher-logical-plans:jar:4.0.8:provided - omitted for duplicate)
|  |  |  +- (org.neo4j:neo4j-cypher-planner-spi:jar:4.0.8:provided - omitted for duplicate)
|  |  |  +- (org.neo4j:neo4j-values:jar:4.0.8:provided - omitted for duplicate)
|  |  |  +- (org.neo4j:neo4j-graphdb-api:jar:4.0.8:provided - omitted for duplicate)
|  |  |  +- (org.neo4j:neo4j-kernel:jar:4.0.8:provided - omitted for duplicate)
|  |  |  +- (org.scala-lang:scala-library:jar:2.12.7:provided - omitted for duplicate)
|  |  |  +- (org.scala-lang:scala-reflect:jar:2.12.7:provided - omitted for duplicate)
|  |  |  +- (org.parboiled:parboiled-scala_2.12:jar:1.2.0:provided - omitted for duplicate)
|  |  |  \- (org.apache.commons:commons-lang3:jar:3.9:provided - omitted for duplicate)
|  |  +- org.neo4j:neo4j-cypher-interpreted-runtime:jar:4.0.8:provided
|  |  |  +- (org.neo4j:neo4j-exceptions:jar:4.0.8:provided - omitted for duplicate)
|  |  |  +- (org.neo4j:neo4j-cypher-logical-plans:jar:4.0.8:provided - omitted for duplicate)
|  |  |  +- (org.neo4j:neo4j-cypher-planner-spi:jar:4.0.8:provided - omitted for duplicate)
|  |  |  +- (org.neo4j:neo4j-cypher-runtime-util:jar:4.0.8:provided - omitted for duplicate)
|  |  |  +- (org.neo4j:neo4j-values:jar:4.0.8:provided - omitted for duplicate)
|  |  |  +- (org.neo4j:neo4j-graphdb-api:jar:4.0.8:provided - omitted for duplicate)
|  |  |  +- (org.neo4j:neo4j-graph-algo:jar:4.0.8:provided - omitted for duplicate)
|  |  |  +- (org.neo4j:neo4j-kernel:jar:4.0.8:provided - omitted for duplicate)
|  |  |  +- (org.scala-lang:scala-library:jar:2.12.7:provided - omitted for duplicate)
|  |  |  +- (org.scala-lang:scala-reflect:jar:2.12.7:provided - omitted for duplicate)
|  |  |  +- (org.parboiled:parboiled-scala_2.12:jar:1.2.0:provided - omitted for duplicate)
|  |  |  \- (org.apache.commons:commons-lang3:jar:3.9:provided - omitted for duplicate)
|  |  +- org.parboiled:parboiled-scala_2.12:jar:1.2.0:provided
|  |  |  \- org.parboiled:parboiled-core:jar:1.2.0:provided
|  |  +- (org.apache.commons:commons-lang3:jar:3.9:provided - omitted for duplicate)
|  |  \- org.apache.shiro:shiro-core:jar:1.5.3:provided
|  |     +- org.apache.shiro:shiro-lang:jar:1.5.3:provided
|  |     |  \- (org.slf4j:slf4j-api:jar:1.7.26:provided - omitted for conflict with 1.7.12)
|  |     +- org.apache.shiro:shiro-cache:jar:1.5.3:provided
|  |     |  \- (org.apache.shiro:shiro-lang:jar:1.5.3:provided - omitted for duplicate)
|  |     +- org.apache.shiro:shiro-crypto-hash:jar:1.5.3:provided
|  |     |  +- (org.apache.shiro:shiro-lang:jar:1.5.3:provided - omitted for duplicate)
|  |     |  \- org.apache.shiro:shiro-crypto-core:jar:1.5.3:provided
|  |     |     \- (org.apache.shiro:shiro-lang:jar:1.5.3:provided - omitted for duplicate)
|  |     +- org.apache.shiro:shiro-crypto-cipher:jar:1.5.3:provided
|  |     |  +- (org.apache.shiro:shiro-lang:jar:1.5.3:provided - omitted for duplicate)
|  |     |  \- (org.apache.shiro:shiro-crypto-core:jar:1.5.3:provided - omitted for duplicate)
|  |     +- org.apache.shiro:shiro-config-core:jar:1.5.3:provided
|  |     |  \- (org.apache.shiro:shiro-lang:jar:1.5.3:provided - omitted for duplicate)
|  |     +- org.apache.shiro:shiro-config-ogdl:jar:1.5.3:provided
|  |     |  +- (org.apache.shiro:shiro-lang:jar:1.5.3:provided - omitted for duplicate)
|  |     |  +- (org.apache.shiro:shiro-config-core:jar:1.5.3:provided - omitted for duplicate)
|  |     |  +- (org.apache.shiro:shiro-event:jar:1.5.3:provided - omitted for duplicate)
|  |     |  +- commons-beanutils:commons-beanutils:jar:1.9.4:provided
|  |     |  |  \- commons-collections:commons-collections:jar:3.2.2:provided
|  |     |  \- (org.slf4j:slf4j-api:jar:1.7.26:provided - omitted for conflict with 1.7.12)
|  |     \- org.apache.shiro:shiro-event:jar:1.5.3:provided
|  |        \- (org.apache.shiro:shiro-lang:jar:1.5.3:provided - omitted for duplicate)
|  +- org.neo4j:neo4j-security:jar:4.0.8:provided
|  |  +- (org.neo4j:annotations:jar:4.0.8:provided - omitted for duplicate)
|  |  +- (org.neo4j:neo4j-logging:jar:4.0.8:provided - omitted for duplicate)
|  |  +- (org.neo4j:neo4j-common:jar:4.0.8:provided - omitted for duplicate)
|  |  +- (org.neo4j:neo4j-kernel:jar:4.0.8:provided - omitted for duplicate)
|  |  +- (org.neo4j:neo4j-cypher:jar:4.0.8:provided - omitted for duplicate)
|  |  +- (org.neo4j:neo4j-graphdb-api:jar:4.0.8:provided - omitted for duplicate)
|  |  +- org.neo4j:neo4j-command-line:jar:4.0.8:provided
|  |  |  +- info.picocli:picocli:jar:4.0.4:provided
|  |  |  +- (org.neo4j:annotations:jar:4.0.8:provided - omitted for duplicate)
|  |  |  +- (org.neo4j:neo4j-kernel:jar:4.0.8:provided - omitted for duplicate)
|  |  |  +- (org.neo4j:neo4j-collections:jar:4.0.8:provided - omitted for duplicate)
|  |  |  \- (org.apache.commons:commons-text:jar:1.7:provided - omitted for conflict with 1.6)
|  |  +- (org.neo4j:neo4j-dbms:jar:4.0.8:provided - omitted for duplicate)
|  |  +- (org.apache.shiro:shiro-core:jar:1.5.3:provided - omitted for duplicate)
|  |  \- (org.slf4j:slf4j-nop:jar:1.7.25:provided - omitted for duplicate)
|  +- org.neo4j:neo4j-bolt:jar:4.0.8:provided
|  |  +- (org.neo4j:neo4j-cypher:jar:4.0.8:provided - omitted for duplicate)
|  |  +- (org.neo4j:neo4j-values:jar:4.0.8:provided - omitted for duplicate)
|  |  +- (org.neo4j:neo4j-kernel:jar:4.0.8:provided - omitted for duplicate)
|  |  +- (org.neo4j:neo4j-ssl:jar:4.0.8:provided - omitted for duplicate)
|  |  +- io.netty:netty-all:jar:4.1.48.Final:provided
|  |  +- (org.apache.commons:commons-lang3:jar:3.9:provided - omitted for duplicate)
|  |  \- org.bouncycastle:bcpkix-jdk15on:jar:1.64:provided
|  |     \- (org.bouncycastle:bcprov-jdk15on:jar:1.64:provided - omitted for duplicate)
|  +- org.neo4j:neo4j-consistency-check:jar:4.0.8:provided
|  |  +- (org.neo4j:annotations:jar:4.0.8:provided - omitted for duplicate)
|  |  +- (org.neo4j:neo4j-kernel:jar:4.0.8:provided - omitted for duplicate)
|  |  +- (org.neo4j:neo4j-dbms:jar:4.0.8:provided - omitted for duplicate)
|  |  +- (org.neo4j:neo4j-command-line:jar:4.0.8:provided - omitted for duplicate)
|  |  \- (org.neo4j:neo4j-io:jar:4.0.8:provided - omitted for duplicate)
|  +- org.neo4j:neo4j-record-storage-engine:jar:4.0.8:provided
|  |  +- (org.neo4j:annotations:jar:4.0.8:provided - omitted for duplicate)
|  |  +- (org.neo4j:neo4j-storage-engine-api:jar:4.0.8:provided - omitted for duplicate)
|  |  +- org.neo4j:neo4j-import-util:jar:4.0.8:provided
|  |  |  +- (org.neo4j:neo4j-common:jar:4.0.8:provided - omitted for duplicate)
|  |  |  +- (org.neo4j:neo4j-io:jar:4.0.8:provided - omitted for duplicate)
|  |  |  +- (org.neo4j:neo4j-configuration:jar:4.0.8:provided - omitted for duplicate)
|  |  |  +- (org.neo4j:neo4j-storage-engine-api:jar:4.0.8:provided - omitted for duplicate)
|  |  |  \- (org.neo4j:neo4j-csv:jar:4.0.8:provided - omitted for duplicate)
|  |  +- (org.neo4j:neo4j-configuration:jar:4.0.8:provided - omitted for duplicate)
|  |  +- (org.neo4j:neo4j-id-generator:jar:4.0.8:provided - omitted for duplicate)
|  |  +- (org.neo4j:neo4j-label-index:jar:4.0.8:provided - omitted for duplicate)
|  |  \- (org.neo4j:neo4j-wal:jar:4.0.8:provided - omitted for duplicate)
|  +- org.neo4j:neo4j-dbms:jar:4.0.8:provided
|  |  +- (org.neo4j:annotations:jar:4.0.8:provided - omitted for duplicate)
|  |  +- (org.neo4j:neo4j-kernel:jar:4.0.8:provided - omitted for duplicate)
|  |  +- (org.neo4j:neo4j-record-storage-engine:jar:4.0.8:provided - omitted for duplicate)
|  |  +- (org.neo4j:neo4j-graphdb-api:jar:4.0.8:provided - omitted for duplicate)
|  |  +- (org.neo4j:neo4j-command-line:jar:4.0.8:provided - omitted for duplicate)
|  |  +- (org.neo4j:neo4j-collections:jar:4.0.8:provided - omitted for duplicate)
|  |  +- (org.neo4j:neo4j-io:jar:4.0.8:provided - omitted for duplicate)
|  |  +- (org.neo4j:neo4j-lucene-index:jar:4.0.8:provided - omitted for duplicate)
|  |  +- (org.neo4j:neo4j-batch-insert:jar:4.0.8:provided - omitted for duplicate)
|  |  +- (org.neo4j:neo4j-procedure:jar:4.0.8:provided - omitted for duplicate)
|  |  +- org.jprocesses:jProcesses:jar:1.6.5:provided
|  |  |  \- com.profesorfalken:WMI4Java:jar:1.6.3:provided
|  |  |     \- com.profesorfalken:jPowerShell:jar:3.0:provided
|  |  +- org.apache.commons:commons-compress:jar:1.19:provided
|  |  +- org.neo4j.licensing-proxy:zstd-proxy:jar:4.0.8:provided
|  |  |  \- com.github.luben:zstd-jni:jar:1.4.3-1:provided
|  |  \- commons-io:commons-io:jar:2.6:provided
|  +- org.neo4j:neo4j-import-tool:jar:4.0.8:provided
|  |  +- (org.neo4j:annotations:jar:4.0.8:provided - omitted for duplicate)
|  |  +- (org.neo4j:neo4j-command-line:jar:4.0.8:provided - omitted for duplicate)
|  |  +- (org.neo4j:neo4j-kernel:jar:4.0.8:provided - omitted for duplicate)
|  |  \- (org.neo4j:neo4j-batch-insert:jar:4.0.8:provided - omitted for duplicate)
|  \- org.neo4j:neo4j-batch-insert:jar:4.0.8:provided
|     +- (org.neo4j:neo4j-kernel:jar:4.0.8:provided - omitted for duplicate)
|     \- (org.neo4j:neo4j-record-storage-engine:jar:4.0.8:provided - omitted for duplicate)
+- com.graphaware.neo4j:tests:jar:4.0.8.58:test
|  +- (org.neo4j.test:neo4j-harness:jar:4.0.8:test - omitted for duplicate)
|  +- com.graphaware.neo4j:common:test-jar:tests:4.0.8.58:test
|  |  +- (org.springframework:spring-expression:jar:5.2.8.RELEASE:provided - scope managed from test; omitted for duplicate)
|  |  +- (com.eaio.uuid:uuid:jar:3.5:provided - scope managed from test; omitted for duplicate)
|  |  +- (com.fasterxml.jackson.core:jackson-annotations:jar:2.9.10:provided - version managed from 2.10.0; scope managed from test; omitted for duplicate)
|  |  \- (com.fasterxml.jackson.core:jackson-databind:jar:2.9.10:provided - version managed from 2.9.10.4; scope managed from test; omitted for duplicate)
|  +- (org.junit.jupiter:junit-jupiter:jar:5.6.2:test - version managed from 5.5.2; omitted for duplicate)
|  \- (com.graphaware.neo4j:common:jar:4.0.8.58:provided - scope managed from test; omitted for duplicate)
+- org.neo4j.test:neo4j-harness:jar:4.0.8:test
|  +- (org.neo4j:annotations:jar:4.0.8:test - omitted for duplicate)
|  +- (org.neo4j:neo4j:jar:4.0.8:provided - scope managed from test; omitted for duplicate)
|  +- org.neo4j.app:neo4j-server:jar:4.0.8:test
|  |  +- (org.neo4j:annotations:jar:4.0.8:test - omitted for duplicate)
|  |  +- org.neo4j:neo4j:pom:4.0.8:test
|  |  |  +- (org.neo4j:annotations:jar:4.0.8:test - omitted for duplicate)
|  |  |  +- (org.neo4j:neo4j-kernel:jar:4.0.8:test - omitted for duplicate)
|  |  |  +- (org.neo4j:neo4j-procedure:jar:4.0.8:test - omitted for duplicate)
|  |  |  +- (org.neo4j:neo4j-lucene-index:jar:4.0.8:test - omitted for duplicate)
|  |  |  +- (org.neo4j:neo4j-fulltext-index:jar:4.0.8:test - omitted for duplicate)
|  |  |  +- (org.neo4j:neo4j-graph-algo:jar:4.0.8:test - omitted for duplicate)
|  |  |  +- (org.neo4j:neo4j-data-collector:jar:4.0.8:test - omitted for duplicate)
|  |  |  +- (org.neo4j:neo4j-cypher:jar:4.0.8:test - omitted for duplicate)
|  |  |  +- (org.neo4j:neo4j-security:jar:4.0.8:test - omitted for duplicate)
|  |  |  +- (org.neo4j:neo4j-bolt:jar:4.0.8:test - omitted for duplicate)
|  |  |  +- (org.neo4j:neo4j-consistency-check:jar:4.0.8:test - omitted for duplicate)
|  |  |  +- (org.neo4j:neo4j-record-storage-engine:jar:4.0.8:test - omitted for duplicate)
|  |  |  +- (org.neo4j:neo4j-dbms:jar:4.0.8:test - omitted for duplicate)
|  |  |  +- (org.neo4j:neo4j-import-tool:jar:4.0.8:test - omitted for duplicate)
|  |  |  \- (org.neo4j:neo4j-batch-insert:jar:4.0.8:test - omitted for duplicate)
|  |  +- (org.neo4j:neo4j:jar:4.0.8:provided - scope managed from test; omitted for duplicate)
|  |  +- (org.neo4j:neo4j-security:jar:4.0.8:test - omitted for duplicate)
|  |  +- (org.neo4j:neo4j-dbms:jar:4.0.8:test - omitted for duplicate)
|  |  +- (org.neo4j:neo4j-command-line:jar:4.0.8:test - omitted for duplicate)
|  |  +- org.neo4j:server-api:jar:4.0.8:test
|  |  |  +- (org.neo4j:neo4j-kernel:jar:4.0.8:test - omitted for duplicate)
|  |  |  +- javax.ws.rs:javax.ws.rs-api:jar:2.1.1:test
|  |  |  \- (commons-configuration:commons-configuration:jar:1.10:test - omitted for duplicate)
|  |  +- (org.neo4j:neo4j-cypher:jar:4.0.8:test - omitted for duplicate)
|  |  +- (org.neo4j:neo4j-exceptions:jar:4.0.8:test - omitted for duplicate)
|  |  +- (org.neo4j:neo4j-bolt:jar:4.0.8:test - omitted for duplicate)
|  |  +- org.eclipse.jetty:jetty-server:jar:9.4.17.v20190418:test
|  |  |  +- javax.servlet:javax.servlet-api:jar:3.1.0:test
|  |  |  +- org.eclipse.jetty:jetty-http:jar:9.4.17.v20190418:test
|  |  |  |  +- org.eclipse.jetty:jetty-util:jar:9.4.17.v20190418:test
|  |  |  |  \- (org.eclipse.jetty:jetty-io:jar:9.4.17.v20190418:test - omitted for duplicate)
|  |  |  \- org.eclipse.jetty:jetty-io:jar:9.4.17.v20190418:test
|  |  |     \- (org.eclipse.jetty:jetty-util:jar:9.4.17.v20190418:test - omitted for duplicate)
|  |  +- org.eclipse.jetty:jetty-webapp:jar:9.4.17.v20190418:test
|  |  |  +- org.eclipse.jetty:jetty-xml:jar:9.4.17.v20190418:test
|  |  |  |  \- (org.eclipse.jetty:jetty-util:jar:9.4.17.v20190418:test - omitted for duplicate)
|  |  |  \- org.eclipse.jetty:jetty-servlet:jar:9.4.17.v20190418:test
|  |  |     \- org.eclipse.jetty:jetty-security:jar:9.4.17.v20190418:test
|  |  |        \- (org.eclipse.jetty:jetty-server:jar:9.4.17.v20190418:test - omitted for duplicate)
|  |  +- org.glassfish.jersey.core:jersey-server:jar:2.29:test
|  |  |  +- org.glassfish.jersey.core:jersey-common:jar:2.29:test
|  |  |  |  +- (jakarta.ws.rs:jakarta.ws.rs-api:jar:2.1.5:test - omitted for duplicate)
|  |  |  |  +- (jakarta.annotation:jakarta.annotation-api:jar:1.3.4:test - omitted for duplicate)
|  |  |  |  +- (org.glassfish.hk2.external:jakarta.inject:jar:2.5.0:test - omitted for duplicate)
|  |  |  |  \- com.sun.activation:jakarta.activation:jar:1.2.1:test
|  |  |  +- org.glassfish.jersey.core:jersey-client:jar:2.29:test
|  |  |  |  +- (jakarta.ws.rs:jakarta.ws.rs-api:jar:2.1.5:test - omitted for duplicate)
|  |  |  |  +- (org.glassfish.jersey.core:jersey-common:jar:2.29:test - omitted for duplicate)
|  |  |  |  \- (org.glassfish.hk2.external:jakarta.inject:jar:2.5.0:test - omitted for duplicate)
|  |  |  +- jakarta.ws.rs:jakarta.ws.rs-api:jar:2.1.5:test
|  |  |  +- org.glassfish.jersey.media:jersey-media-jaxb:jar:2.29:test
|  |  |  |  +- (org.glassfish.jersey.core:jersey-common:jar:2.29:test - omitted for duplicate)
|  |  |  |  \- (org.glassfish.hk2.external:jakarta.inject:jar:2.5.0:test - omitted for duplicate)
|  |  |  +- jakarta.annotation:jakarta.annotation-api:jar:1.3.4:test
|  |  |  +- org.glassfish.hk2.external:jakarta.inject:jar:2.5.0:test
|  |  |  +- javax.validation:validation-api:jar:2.0.1.Final:test
|  |  |  \- jakarta.xml.bind:jakarta.xml.bind-api:jar:2.3.2:test
|  |  |     \- (jakarta.activation:jakarta.activation-api:jar:1.2.1:test - omitted for duplicate)
|  |  +- org.glassfish.jersey.inject:jersey-hk2:jar:2.29:test
|  |  |  +- (org.glassfish.jersey.core:jersey-common:jar:2.29:test - omitted for duplicate)
|  |  |  \- org.glassfish.hk2:hk2-locator:jar:2.5.0:test
|  |  |     +- (org.glassfish.hk2.external:jakarta.inject:jar:2.5.0:test - omitted for duplicate)
|  |  |     +- org.glassfish.hk2:hk2-api:jar:2.5.0:test
|  |  |     |  +- (org.glassfish.hk2.external:jakarta.inject:jar:2.5.0:test - omitted for duplicate)
|  |  |     |  \- (org.glassfish.hk2:hk2-utils:jar:2.5.0:test - omitted for duplicate)
|  |  |     +- org.glassfish.hk2:hk2-utils:jar:2.5.0:test
|  |  |     |  +- (jakarta.annotation:jakarta.annotation-api:jar:1.3.4:test - omitted for duplicate)
|  |  |     |  \- (org.glassfish.hk2.external:jakarta.inject:jar:2.5.0:test - omitted for duplicate)
|  |  |     +- (jakarta.annotation:jakarta.annotation-api:jar:1.3.4:test - omitted for duplicate)
|  |  |     \- org.javassist:javassist:jar:3.22.0-CR2:test
|  |  +- org.glassfish.jersey.containers:jersey-container-servlet:jar:2.29:test
|  |  |  +- org.glassfish.jersey.containers:jersey-container-servlet-core:jar:2.29:test
|  |  |  |  +- (org.glassfish.hk2.external:jakarta.inject:jar:2.5.0:test - omitted for duplicate)
|  |  |  |  +- (org.glassfish.jersey.core:jersey-common:jar:2.29:test - omitted for duplicate)
|  |  |  |  +- (org.glassfish.jersey.core:jersey-server:jar:2.29:test - omitted for duplicate)
|  |  |  |  \- (jakarta.ws.rs:jakarta.ws.rs-api:jar:2.1.5:test - omitted for duplicate)
|  |  |  +- (org.glassfish.jersey.core:jersey-common:jar:2.29:test - omitted for duplicate)
|  |  |  +- (org.glassfish.jersey.core:jersey-server:jar:2.29:test - omitted for duplicate)
|  |  |  \- (jakarta.ws.rs:jakarta.ws.rs-api:jar:2.1.5:test - omitted for duplicate)
|  |  +- (commons-logging:commons-logging:jar:1.2:test - omitted for duplicate)
|  |  +- commons-configuration:commons-configuration:jar:1.10:test
|  |  |  \- commons-lang:commons-lang:jar:2.6:test
|  |  +- (commons-io:commons-io:jar:2.6:test - omitted for duplicate)
|  |  +- (com.fasterxml.jackson.core:jackson-core:jar:2.9.10:provided - version managed from 2.10.0; scope managed from test; omitted for duplicate)
|  |  +- com.fasterxml.jackson.jaxrs:jackson-jaxrs-json-provider:jar:2.10.0:test
|  |  |  +- com.fasterxml.jackson.jaxrs:jackson-jaxrs-base:jar:2.10.0:test
|  |  |  |  +- (com.fasterxml.jackson.core:jackson-core:jar:2.9.10:provided - version managed from 2.10.0; scope managed from test; omitted for duplicate)
|  |  |  |  \- (com.fasterxml.jackson.core:jackson-databind:jar:2.9.10:provided - version managed from 2.10.0; scope managed from test; omitted for duplicate)
|  |  |  \- com.fasterxml.jackson.module:jackson-module-jaxb-annotations:jar:2.10.0:test
|  |  |     +- (com.fasterxml.jackson.core:jackson-annotations:jar:2.9.10:provided - version managed from 2.10.0; scope managed from test; omitted for duplicate)
|  |  |     +- (com.fasterxml.jackson.core:jackson-core:jar:2.9.10:provided - version managed from 2.10.0; scope managed from test; omitted for duplicate)
|  |  |     +- (com.fasterxml.jackson.core:jackson-databind:jar:2.9.10:provided - version managed from 2.10.0; scope managed from test; omitted for duplicate)
|  |  |     +- (jakarta.xml.bind:jakarta.xml.bind-api:jar:2.3.2:test - omitted for duplicate)
|  |  |     \- (jakarta.activation:jakarta.activation-api:jar:1.2.1:test - omitted for duplicate)
|  |  +- (com.fasterxml.jackson.core:jackson-databind:jar:2.9.10:provided - version managed from 2.10.0; scope managed from test; omitted for duplicate)
|  |  +- org.bouncycastle:bcprov-jdk15on:jar:1.64:test
|  |  +- (org.bouncycastle:bcpkix-jdk15on:jar:1.64:test - omitted for duplicate)
|  |  +- javax.activation:activation:jar:1.1.1:test
|  |  +- org.glassfish.jaxb:jaxb-runtime:jar:2.3.2:test
|  |  |  +- (jakarta.xml.bind:jakarta.xml.bind-api:jar:2.3.2:test - omitted for duplicate)
|  |  |  +- org.glassfish.jaxb:txw2:jar:2.3.2:test
|  |  |  +- com.sun.istack:istack-commons-runtime:jar:3.0.8:test
|  |  |  |  \- (jakarta.activation:jakarta.activation-api:jar:1.2.1:test - omitted for duplicate)
|  |  |  +- org.jvnet.staxex:stax-ex:jar:1.8.1:test
|  |  |  |  +- (jakarta.activation:jakarta.activation-api:jar:1.2.1:test - omitted for duplicate)
|  |  |  |  \- (jakarta.xml.bind:jakarta.xml.bind-api:jar:2.3.2:test - omitted for duplicate)
|  |  |  +- com.sun.xml.fastinfoset:FastInfoset:jar:1.2.16:test
|  |  |  \- jakarta.activation:jakarta.activation-api:jar:1.2.1:test
|  |  \- javax.xml.bind:jaxb-api:jar:2.3.0:test
|  +- org.slf4j:slf4j-nop:jar:1.7.25:test
|  |  \- (org.slf4j:slf4j-api:jar:1.7.25:test - omitted for conflict with 1.7.12)
|  +- org.neo4j:test-utils:jar:4.0.8:test
|  |  +- (org.neo4j:neo4j-common:jar:4.0.8:test - omitted for duplicate)
|  |  +- org.ow2.asm:asm:jar:7.2:test
|  |  +- org.junit.vintage:junit-vintage-engine:jar:5.5.2:test
|  |  |  +- (org.apiguardian:apiguardian-api:jar:1.1.0:test - omitted for duplicate)
|  |  |  +- (org.junit.platform:junit-platform-engine:jar:1.5.2:test - omitted for conflict with 1.6.2)
|  |  |  \- junit:junit:jar:4.12:test
|  |  |     \- org.hamcrest:hamcrest-core:jar:1.3:test
|  |  +- (org.junit.jupiter:junit-jupiter:jar:5.6.2:test - version managed from 5.5.2; omitted for duplicate)
|  |  +- org.hamcrest:hamcrest:jar:2.1:test
|  |  +- org.mockito:mockito-core:jar:3.0.0:test
|  |  |  +- net.bytebuddy:byte-buddy:jar:1.9.10:test
|  |  |  +- net.bytebuddy:byte-buddy-agent:jar:1.9.10:test
|  |  |  \- org.objenesis:objenesis:jar:2.6:test
|  |  \- (org.bouncycastle:bcpkix-jdk15on:jar:1.64:test - omitted for duplicate)
|  +- org.neo4j:io-test-utils:jar:4.0.8:test
|  |  +- (org.neo4j:neo4j-io:jar:4.0.8:test - omitted for duplicate)
|  |  +- (org.neo4j:test-utils:jar:4.0.8:test - omitted for duplicate)
|  |  +- (commons-codec:commons-codec:jar:1.13:test - omitted for duplicate)
|  |  +- (org.junit.vintage:junit-vintage-engine:jar:5.5.2:test - omitted for duplicate)
|  |  +- (org.junit.jupiter:junit-jupiter:jar:5.6.2:test - version managed from 5.5.2; omitted for duplicate)
|  |  +- org.junit.platform:junit-platform-launcher:jar:1.5.2:test
|  |  |  +- (org.apiguardian:apiguardian-api:jar:1.1.0:test - omitted for duplicate)
|  |  |  \- (org.junit.platform:junit-platform-engine:jar:1.5.2:test - omitted for conflict with 1.6.2)
|  |  +- (org.hamcrest:hamcrest:jar:2.1:test - omitted for duplicate)
|  |  \- (org.mockito:mockito-core:jar:3.0.0:test - omitted for duplicate)
|  +- commons-logging:commons-logging:jar:1.2:test
|  +- org.neo4j.app:neo4j-server:test-jar:tests:4.0.8:test
|  |  +- (org.neo4j:annotations:jar:4.0.8:test - omitted for duplicate)
|  |  +- (org.neo4j:neo4j:pom:4.0.8:test - omitted for duplicate)
|  |  +- (org.neo4j:neo4j:jar:4.0.8:provided - scope managed from test; omitted for duplicate)
|  |  +- (org.neo4j:neo4j-security:jar:4.0.8:test - omitted for duplicate)
|  |  +- (org.neo4j:neo4j-dbms:jar:4.0.8:test - omitted for duplicate)
|  |  +- (org.neo4j:neo4j-command-line:jar:4.0.8:test - omitted for duplicate)
|  |  +- (org.neo4j:server-api:jar:4.0.8:test - omitted for duplicate)
|  |  +- (org.neo4j:neo4j-cypher:jar:4.0.8:test - omitted for duplicate)
|  |  +- (org.neo4j:neo4j-exceptions:jar:4.0.8:test - omitted for duplicate)
|  |  +- (org.neo4j:neo4j-bolt:jar:4.0.8:test - omitted for duplicate)
|  |  +- (org.eclipse.jetty:jetty-server:jar:9.4.17.v20190418:test - omitted for duplicate)
|  |  +- (org.eclipse.jetty:jetty-webapp:jar:9.4.17.v20190418:test - omitted for duplicate)
|  |  +- (org.glassfish.jersey.core:jersey-server:jar:2.29:test - omitted for duplicate)
|  |  +- (org.glassfish.jersey.inject:jersey-hk2:jar:2.29:test - omitted for duplicate)
|  |  +- (org.glassfish.jersey.containers:jersey-container-servlet:jar:2.29:test - omitted for duplicate)
|  |  +- (commons-logging:commons-logging:jar:1.2:test - omitted for duplicate)
|  |  +- (commons-configuration:commons-configuration:jar:1.10:test - omitted for duplicate)
|  |  +- (commons-io:commons-io:jar:2.6:test - omitted for duplicate)
|  |  +- (com.fasterxml.jackson.core:jackson-core:jar:2.9.10:provided - version managed from 2.10.0; scope managed from test; omitted for duplicate)
|  |  +- (com.fasterxml.jackson.jaxrs:jackson-jaxrs-json-provider:jar:2.10.0:test - omitted for duplicate)
|  |  +- (com.fasterxml.jackson.core:jackson-databind:jar:2.9.10:provided - version managed from 2.10.0; scope managed from test; omitted for duplicate)
|  |  +- (org.bouncycastle:bcprov-jdk15on:jar:1.64:test - omitted for duplicate)
|  |  +- (org.bouncycastle:bcpkix-jdk15on:jar:1.64:test - omitted for duplicate)
|  |  +- (javax.activation:activation:jar:1.1.1:test - omitted for duplicate)
|  |  +- (org.glassfish.jaxb:jaxb-runtime:jar:2.3.2:test - omitted for duplicate)
|  |  \- (javax.xml.bind:jaxb-api:jar:2.3.0:test - omitted for duplicate)
|  +- commons-codec:commons-codec:jar:1.13:test
|  \- (org.neo4j:neo4j-kernel:jar:4.0.8:test - omitted for duplicate)
+- org.junit.jupiter:junit-jupiter:jar:5.6.2:test
|  +- org.junit.jupiter:junit-jupiter-api:jar:5.6.2:test
|  |  +- org.apiguardian:apiguardian-api:jar:1.1.0:test
|  |  +- org.opentest4j:opentest4j:jar:1.2.0:test
|  |  \- org.junit.platform:junit-platform-commons:jar:1.6.2:test
|  |     \- (org.apiguardian:apiguardian-api:jar:1.1.0:test - omitted for duplicate)
|  +- org.junit.jupiter:junit-jupiter-params:jar:5.6.2:test
|  |  +- (org.apiguardian:apiguardian-api:jar:1.1.0:test - omitted for duplicate)
|  |  \- (org.junit.jupiter:junit-jupiter-api:jar:5.6.2:test - omitted for duplicate)
|  \- org.junit.jupiter:junit-jupiter-engine:jar:5.6.2:test
|     +- (org.apiguardian:apiguardian-api:jar:1.1.0:test - omitted for duplicate)
|     +- org.junit.platform:junit-platform-engine:jar:1.6.2:test
|     |  +- (org.apiguardian:apiguardian-api:jar:1.1.0:test - omitted for duplicate)
|     |  +- (org.opentest4j:opentest4j:jar:1.2.0:test - omitted for duplicate)
|     |  \- (org.junit.platform:junit-platform-commons:jar:1.6.2:test - omitted for duplicate)
|     \- (org.junit.jupiter:junit-jupiter-api:jar:5.6.2:test - omitted for duplicate)
\- org.mockito:mockito-all:jar:1.10.19:test

