WARNING: Your kernel does not support swap limit capabilities or the cgroup is not mounted. Memory limited without swap.
com.graphaware.neo4j:recommendation-engine:jar:2.2.0.28.5
+- org.neo4j:neo4j:jar:2.2.0:provided
|  +- org.neo4j:neo4j-kernel:jar:2.2.0:provided
|  |  +- (org.neo4j:neo4j-primitive-collections:jar:2.2.0:provided - omitted for duplicate)
|  |  +- (org.neo4j:neo4j-io:jar:2.2.0:provided - omitted for duplicate)
|  |  \- (org.neo4j:neo4j-csv:jar:2.2.0:provided - omitted for duplicate)
|  +- org.neo4j:neo4j-lucene-index:jar:2.2.0:provided
|  |  +- (org.neo4j:neo4j-kernel:jar:2.2.0:provided - omitted for duplicate)
|  |  \- org.apache.lucene:lucene-core:jar:3.6.2:provided
|  +- org.neo4j:neo4j-graph-algo:jar:2.2.0:provided
|  |  \- (org.neo4j:neo4j-kernel:jar:2.2.0:provided - omitted for duplicate)
|  +- org.neo4j:neo4j-udc:jar:2.2.0:provided
|  |  \- (org.neo4j:neo4j-kernel:jar:2.2.0:provided - omitted for duplicate)
|  +- org.neo4j:neo4j-graph-matching:jar:2.2.0:provided
|  |  \- (org.neo4j:neo4j-kernel:jar:2.2.0:provided - omitted for duplicate)
|  +- org.neo4j:neo4j-cypher:jar:2.2.0:provided
|  |  +- (org.neo4j:neo4j-kernel:jar:2.2.0:provided - omitted for duplicate)
|  |  +- (org.neo4j:neo4j-lucene-index:jar:2.2.0:provided - omitted for duplicate)
|  |  +- (org.neo4j:neo4j-graph-matching:jar:2.2.0:provided - omitted for duplicate)
|  |  +- (org.neo4j:neo4j-graph-algo:jar:2.2.0:provided - omitted for duplicate)
|  |  +- org.neo4j:neo4j-cypher-compiler-1.9:jar:2.0.4:provided
|  |  +- org.neo4j:neo4j-cypher-compiler-2.0:jar:2.0.4:provided
|  |  +- org.neo4j:neo4j-cypher-compiler-2.1:jar:2.1.6:provided
|  |  +- org.neo4j:neo4j-cypher-compiler-2.2:jar:2.2.0:provided
|  |  +- org.scala-lang:scala-reflect:jar:2.10.4:provided
|  |  |  \- (org.scala-lang:scala-library:jar:2.10.4:provided - omitted for duplicate)
|  |  +- org.parboiled:parboiled-scala_2.10:jar:1.1.6:provided
|  |  |  \- org.parboiled:parboiled-core:jar:1.1.6:provided
|  |  +- net.sf.opencsv:opencsv:jar:2.3:provided
|  |  +- com.googlecode.concurrentlinkedhashmap:concurrentlinkedhashmap-lru:jar:1.4:provided
|  |  \- org.scala-lang:scala-library:jar:2.10.4:provided
|  +- org.neo4j:neo4j-jmx:jar:2.2.0:provided
|  \- org.neo4j:neo4j-consistency-check:jar:2.2.0:provided
|     +- (org.neo4j:neo4j-kernel:jar:2.2.0:provided - omitted for duplicate)
|     \- (org.neo4j:neo4j-lucene-index:jar:2.2.0:provided - omitted for duplicate)
+- org.neo4j:neo4j-kernel:test-jar:tests:2.2.0:test
|  +- org.neo4j:neo4j-primitive-collections:jar:2.2.0:test
|  +- org.neo4j:neo4j-io:jar:2.2.0:test
|  |  \- (org.neo4j:neo4j-primitive-collections:jar:2.2.0:test - omitted for duplicate)
|  \- org.neo4j:neo4j-csv:jar:2.2.0:test
|     \- (org.neo4j:neo4j-primitive-collections:jar:2.2.0:test - omitted for duplicate)
+- com.graphaware.neo4j:common:jar:2.2.0.28:provided
|  +- com.esotericsoftware.kryo:kryo:jar:2.16:provided
|  |  +- com.esotericsoftware.reflectasm:reflectasm:jar:shaded:1.06:provided
|  |  |  \- org.ow2.asm:asm:jar:4.0:provided
|  |  +- com.esotericsoftware.minlog:minlog:jar:1.2:provided
|  |  \- org.objenesis:objenesis:jar:1.2:provided
|  +- org.apache.httpcomponents:httpclient:jar:4.3.1:provided
|  |  +- org.apache.httpcomponents:httpcore:jar:4.3:provided
|  |  +- commons-logging:commons-logging:jar:1.1.3:provided
|  |  \- commons-codec:commons-codec:jar:1.6:provided
|  +- org.springframework:spring-expression:jar:4.1.4.RELEASE:provided
|  |  \- (org.springframework:spring-core:jar:4.1.4.RELEASE:provided - omitted for duplicate)
|  \- org.slf4j:slf4j-api:jar:1.7.7:provided
+- com.graphaware.neo4j:runtime-api:jar:2.2.0.28:provided
|  +- com.graphaware.neo4j:writer-api:jar:2.2.0.28:provided
|  |  \- (org.slf4j:slf4j-api:jar:1.7.7:provided - omitted for duplicate)
|  \- (org.slf4j:slf4j-api:jar:1.7.7:provided - omitted for duplicate)
+- com.graphaware.neo4j:runtime:jar:2.2.0.28:provided
|  +- (com.graphaware.neo4j:runtime-api:jar:2.2.0.28:provided - omitted for duplicate)
|  +- (com.graphaware.neo4j:writer-api:jar:2.2.0.28:provided - omitted for duplicate)
|  +- com.graphaware.neo4j:writer:jar:2.2.0.28:provided
|  |  +- (com.graphaware.neo4j:writer-api:jar:2.2.0.28:provided - omitted for duplicate)
|  |  +- com.graphaware.neo4j:tx-executor:jar:2.2.0.28:provided
|  |  |  +- (com.google.guava:guava:jar:17.0:provided - omitted for duplicate)
|  |  |  \- (org.slf4j:slf4j-api:jar:1.7.7:provided - omitted for duplicate)
|  |  +- com.google.guava:guava:jar:17.0:provided
|  |  \- (org.slf4j:slf4j-api:jar:1.7.7:provided - omitted for duplicate)
|  +- (com.graphaware.neo4j:common:jar:2.2.0.28:provided - omitted for duplicate)
|  +- com.graphaware.neo4j:tx-api:jar:2.2.0.28:provided
|  |  +- (com.graphaware.neo4j:common:jar:2.2.0.28:provided - omitted for duplicate)
|  |  +- (com.graphaware.neo4j:tx-executor:jar:2.2.0.28:provided - omitted for duplicate)
|  |  +- org.apache.commons:commons-collections4:jar:4.0:provided
|  |  \- (org.slf4j:slf4j-api:jar:1.7.7:provided - omitted for duplicate)
|  +- org.apache.commons:commons-math3:jar:3.3:provided
|  \- (org.slf4j:slf4j-api:jar:1.7.7:provided - omitted for duplicate)
+- com.graphaware.neo4j:algorithms:jar:2.2.0.28.5:test
+- com.graphaware.neo4j:server-community:jar:2.2.0.28:test
|  +- com.graphaware.neo4j:server-common:jar:2.2.0.28:test
|  |  +- com.graphaware.neo4j:api:jar:2.2.0.28:test
|  |  |  +- (com.graphaware.neo4j:common:jar:2.2.0.28:test - omitted for duplicate)
|  |  |  +- (org.springframework:spring-web:jar:4.1.4.RELEASE:test - omitted for duplicate)
|  |  |  +- (com.fasterxml.jackson.core:jackson-core:jar:2.2.3:test - omitted for duplicate)
|  |  |  +- (com.fasterxml.jackson.core:jackson-annotations:jar:2.2.3:test - omitted for duplicate)
|  |  |  +- (com.fasterxml.jackson.core:jackson-databind:jar:2.2.3:test - omitted for duplicate)
|  |  |  \- (org.slf4j:slf4j-api:jar:1.7.7:test - omitted for duplicate)
|  |  +- org.springframework:spring-context:jar:4.1.4.RELEASE:test
|  |  |  +- org.springframework:spring-aop:jar:4.1.4.RELEASE:test
|  |  |  |  +- aopalliance:aopalliance:jar:1.0:test
|  |  |  |  +- (org.springframework:spring-beans:jar:4.1.4.RELEASE:test - omitted for duplicate)
|  |  |  |  \- (org.springframework:spring-core:jar:4.1.4.RELEASE:test - omitted for duplicate)
|  |  |  +- org.springframework:spring-beans:jar:4.1.4.RELEASE:test
|  |  |  |  \- (org.springframework:spring-core:jar:4.1.4.RELEASE:test - omitted for duplicate)
|  |  |  +- (org.springframework:spring-core:jar:4.1.4.RELEASE:test - omitted for duplicate)
|  |  |  \- (org.springframework:spring-expression:jar:4.1.4.RELEASE:test - omitted for duplicate)
|  |  +- org.springframework:spring-web:jar:4.1.4.RELEASE:test
|  |  |  +- (org.springframework:spring-aop:jar:4.1.4.RELEASE:test - omitted for duplicate)
|  |  |  +- (org.springframework:spring-beans:jar:4.1.4.RELEASE:test - omitted for duplicate)
|  |  |  +- (org.springframework:spring-context:jar:4.1.4.RELEASE:test - omitted for duplicate)
|  |  |  \- (org.springframework:spring-core:jar:4.1.4.RELEASE:test - omitted for duplicate)
|  |  +- org.springframework:spring-webmvc:jar:4.1.4.RELEASE:test
|  |  |  +- (org.springframework:spring-beans:jar:4.1.4.RELEASE:test - omitted for duplicate)
|  |  |  +- (org.springframework:spring-context:jar:4.1.4.RELEASE:test - omitted for duplicate)
|  |  |  +- (org.springframework:spring-core:jar:4.1.4.RELEASE:test - omitted for duplicate)
|  |  |  +- (org.springframework:spring-expression:jar:4.1.4.RELEASE:test - omitted for duplicate)
|  |  |  \- (org.springframework:spring-web:jar:4.1.4.RELEASE:test - omitted for duplicate)
|  |  +- (com.graphaware.neo4j:runtime-api:jar:2.2.0.28:test - omitted for duplicate)
|  |  +- (com.graphaware.neo4j:common:jar:2.2.0.28:test - omitted for duplicate)
|  |  \- (org.slf4j:slf4j-api:jar:1.7.7:test - omitted for duplicate)
|  +- (com.graphaware.neo4j:runtime-api:jar:2.2.0.28:test - omitted for duplicate)
|  +- (com.graphaware.neo4j:common:jar:2.2.0.28:test - omitted for duplicate)
|  \- (org.slf4j:slf4j-api:jar:1.7.7:test - omitted for duplicate)
+- com.graphaware.neo4j:tests:jar:2.2.0.28:test
|  +- (org.neo4j:neo4j-kernel:test-jar:tests:2.2.0:test - omitted for duplicate)
|  +- org.neo4j:neo4j-io:test-jar:tests:2.2.0:test
|  |  \- (org.neo4j:neo4j-primitive-collections:jar:2.2.0:test - omitted for duplicate)
|  +- org.neo4j.app:neo4j-server:test-jar:tests:2.2.0:test
|  |  +- org.neo4j:neo4j:pom:2.2.0:test
|  |  |  +- (org.neo4j:neo4j-kernel:jar:2.2.0:test - omitted for duplicate)
|  |  |  +- (org.neo4j:neo4j-lucene-index:jar:2.2.0:test - omitted for duplicate)
|  |  |  +- (org.neo4j:neo4j-graph-algo:jar:2.2.0:test - omitted for duplicate)
|  |  |  +- (org.neo4j:neo4j-udc:jar:2.2.0:test - omitted for duplicate)
|  |  |  +- (org.neo4j:neo4j-graph-matching:jar:2.2.0:test - omitted for duplicate)
|  |  |  +- (org.neo4j:neo4j-cypher:jar:2.2.0:test - omitted for duplicate)
|  |  |  +- (org.neo4j:neo4j-jmx:jar:2.2.0:test - omitted for duplicate)
|  |  |  \- (org.neo4j:neo4j-consistency-check:jar:2.2.0:test - omitted for duplicate)
|  |  +- (org.neo4j:neo4j-kernel:jar:2.2.0:test - omitted for duplicate)
|  |  +- org.neo4j:server-api:jar:2.2.0:test
|  |  |  +- (org.neo4j:neo4j-kernel:jar:2.2.0:test - omitted for duplicate)
|  |  |  +- org.neo4j.3rdparty.javax.ws.rs:jsr311-api:jar:1.1.2.r612:test
|  |  |  +- (commons-configuration:commons-configuration:jar:1.10:test - omitted for duplicate)
|  |  |  \- (commons-digester:commons-digester:jar:2.1:test - omitted for duplicate)
|  |  +- (org.neo4j:neo4j-cypher:jar:2.2.0:test - omitted for duplicate)
|  |  +- org.neo4j.app:neo4j-browser:jar:2.2.0:test
|  |  |  \- (org.neo4j:neo4j-kernel:jar:2.2.0:test - omitted for duplicate)
|  |  +- ch.qos.logback:logback-classic:jar:1.1.2:test
|  |  |  +- ch.qos.logback:logback-core:jar:1.1.2:test
|  |  |  \- (org.slf4j:slf4j-api:jar:1.7.6:test - omitted for conflict with 1.7.7)
|  |  +- ch.qos.logback:logback-access:jar:1.1.2:test
|  |  |  \- (ch.qos.logback:logback-core:jar:1.1.2:test - omitted for duplicate)
|  |  +- org.codehaus.janino:janino:jar:2.6.1:test
|  |  |  \- org.codehaus.janino:commons-compiler:jar:2.6.1:test
|  |  +- org.eclipse.jetty:jetty-server:jar:9.2.4.v20141103:test
|  |  |  +- javax.servlet:javax.servlet-api:jar:3.1.0:test
|  |  |  +- org.eclipse.jetty:jetty-http:jar:9.2.4.v20141103:test
|  |  |  |  \- org.eclipse.jetty:jetty-util:jar:9.2.4.v20141103:test
|  |  |  \- org.eclipse.jetty:jetty-io:jar:9.2.4.v20141103:test
|  |  |     \- (org.eclipse.jetty:jetty-util:jar:9.2.4.v20141103:test - omitted for duplicate)
|  |  +- org.eclipse.jetty:jetty-webapp:jar:9.2.4.v20141103:test
|  |  |  +- org.eclipse.jetty:jetty-xml:jar:9.2.4.v20141103:test
|  |  |  |  \- (org.eclipse.jetty:jetty-util:jar:9.2.4.v20141103:test - omitted for duplicate)
|  |  |  \- org.eclipse.jetty:jetty-servlet:jar:9.2.4.v20141103:test
|  |  |     \- org.eclipse.jetty:jetty-security:jar:9.2.4.v20141103:test
|  |  |        \- (org.eclipse.jetty:jetty-server:jar:9.2.4.v20141103:test - omitted for duplicate)
|  |  +- com.sun.jersey:jersey-server:jar:1.18.1:test
|  |  |  \- com.sun.jersey:jersey-core:jar:1.18.1:test
|  |  +- com.sun.jersey:jersey-servlet:jar:1.18.1:test
|  |  |  \- (com.sun.jersey:jersey-server:jar:1.18.1:test - omitted for duplicate)
|  |  +- commons-configuration:commons-configuration:jar:1.10:test
|  |  |  +- commons-lang:commons-lang:jar:2.6:test
|  |  |  \- (commons-logging:commons-logging:jar:1.1.1:test - omitted for conflict with 1.1.3)
|  |  +- commons-digester:commons-digester:jar:2.1:test
|  |  |  +- commons-beanutils:commons-beanutils:jar:1.8.3:test
|  |  |  |  \- (commons-logging:commons-logging:jar:1.1.1:test - omitted for conflict with 1.1.3)
|  |  |  \- (commons-logging:commons-logging:jar:1.1.1:test - omitted for conflict with 1.1.3)
|  |  +- (commons-io:commons-io:jar:2.4:test - omitted for duplicate)
|  |  +- org.codehaus.jackson:jackson-jaxrs:jar:1.9.13:test
|  |  |  +- org.codehaus.jackson:jackson-core-asl:jar:1.9.13:test
|  |  |  \- org.codehaus.jackson:jackson-mapper-asl:jar:1.9.13:test
|  |  |     \- (org.codehaus.jackson:jackson-core-asl:jar:1.9.13:test - omitted for duplicate)
|  |  +- org.rrd4j:rrd4j:jar:2.2:test
|  |  +- org.mozilla:rhino:jar:1.7R4:test
|  |  +- bouncycastle:bcprov-jdk16:jar:140:test
|  |  +- com.sun.jersey.contribs:jersey-multipart:jar:1.18.1:test
|  |  |  +- org.jvnet.mimepull:mimepull:jar:1.9.3:test
|  |  |  \- (com.sun.jersey:jersey-core:jar:1.18.1:test - omitted for duplicate)
|  |  \- org.neo4j:neo4j-shell:jar:2.2.0:test
|  |     \- org.apache.servicemix.bundles:org.apache.servicemix.bundles.jline:jar:0.9.94_1:test
|  +- (junit:junit:jar:4.11:test - omitted for duplicate)
|  +- (com.graphaware.neo4j:common:jar:2.2.0.28:test - omitted for duplicate)
|  +- (com.graphaware.neo4j:server-common:jar:2.2.0.28:test - omitted for duplicate)
|  +- (org.apache.httpcomponents:httpclient:jar:4.3.1:test - omitted for duplicate)
|  +- com.fasterxml.jackson.core:jackson-core:jar:2.2.3:test
|  +- com.fasterxml.jackson.core:jackson-annotations:jar:2.2.3:test
|  +- com.fasterxml.jackson.core:jackson-databind:jar:2.2.3:test
|  |  +- (com.fasterxml.jackson.core:jackson-annotations:jar:2.2.3:test - omitted for duplicate)
|  |  \- (com.fasterxml.jackson.core:jackson-core:jar:2.2.3:test - omitted for duplicate)
|  +- commons-io:commons-io:jar:2.4:test
|  +- org.neo4j.app:neo4j-server:jar:2.2.0:test
|  |  +- (org.neo4j:neo4j:pom:2.2.0:test - omitted for duplicate)
|  |  +- (org.neo4j:neo4j-kernel:jar:2.2.0:test - omitted for duplicate)
|  |  +- (org.neo4j:server-api:jar:2.2.0:test - omitted for duplicate)
|  |  +- (org.neo4j:neo4j-cypher:jar:2.2.0:test - omitted for duplicate)
|  |  +- (org.neo4j.app:neo4j-browser:jar:2.2.0:test - omitted for duplicate)
|  |  +- (ch.qos.logback:logback-classic:jar:1.1.2:test - omitted for duplicate)
|  |  +- (ch.qos.logback:logback-access:jar:1.1.2:test - omitted for duplicate)
|  |  +- (org.codehaus.janino:janino:jar:2.6.1:test - omitted for duplicate)
|  |  +- (org.eclipse.jetty:jetty-server:jar:9.2.4.v20141103:test - omitted for duplicate)
|  |  +- (org.eclipse.jetty:jetty-webapp:jar:9.2.4.v20141103:test - omitted for duplicate)
|  |  +- (com.sun.jersey:jersey-server:jar:1.18.1:test - omitted for duplicate)
|  |  +- (com.sun.jersey:jersey-servlet:jar:1.18.1:test - omitted for duplicate)
|  |  +- (commons-configuration:commons-configuration:jar:1.10:test - omitted for duplicate)
|  |  +- (commons-digester:commons-digester:jar:2.1:test - omitted for duplicate)
|  |  +- (commons-io:commons-io:jar:2.4:test - omitted for duplicate)
|  |  +- (org.codehaus.jackson:jackson-jaxrs:jar:1.9.13:test - omitted for duplicate)
|  |  +- (org.rrd4j:rrd4j:jar:2.2:test - omitted for duplicate)
|  |  +- (org.mozilla:rhino:jar:1.7R4:test - omitted for duplicate)
|  |  +- (bouncycastle:bcprov-jdk16:jar:140:test - omitted for duplicate)
|  |  +- (com.sun.jersey.contribs:jersey-multipart:jar:1.18.1:test - omitted for duplicate)
|  |  \- (org.neo4j:neo4j-shell:jar:2.2.0:test - omitted for duplicate)
|  +- org.neo4j.app:neo4j-server-enterprise:jar:2.2.0:test
|  |  +- org.neo4j.app:neo4j-server-advanced:jar:2.2.0:test
|  |  |  +- (org.neo4j.app:neo4j-server:jar:2.2.0:test - omitted for duplicate)
|  |  |  +- org.neo4j:neo4j-advanced:jar:2.2.0:test
|  |  |  |  +- (org.neo4j:neo4j:jar:2.2.0:test - omitted for duplicate)
|  |  |  |  \- org.neo4j:neo4j-management:jar:2.2.0:test
|  |  |  \- (org.neo4j:neo4j-shell:jar:2.2.0:test - omitted for duplicate)
|  |  +- (org.neo4j.app:neo4j-server:jar:2.2.0:test - omitted for duplicate)
|  |  +- org.neo4j:neo4j-enterprise:jar:2.2.0:test
|  |  |  +- (org.neo4j:neo4j-advanced:jar:2.2.0:test - omitted for duplicate)
|  |  |  +- org.neo4j:neo4j-query-logging:jar:2.2.0:test
|  |  |  |  \- (org.neo4j:neo4j-kernel:jar:2.2.0:test - omitted for duplicate)
|  |  |  +- org.neo4j:neo4j-com:jar:2.2.0:test
|  |  |  |  +- (org.neo4j:neo4j-kernel:jar:2.2.0:test - omitted for duplicate)
|  |  |  |  +- io.netty:netty:jar:3.6.3.Final:test
|  |  |  |  \- (org.slf4j:slf4j-api:jar:1.7.7:test - omitted for duplicate)
|  |  |  +- org.neo4j:neo4j-backup:jar:2.2.0:test
|  |  |  |  +- (org.neo4j:neo4j-com:jar:2.2.0:test - omitted for duplicate)
|  |  |  |  +- org.neo4j:neo4j-cluster:jar:2.2.0:test
|  |  |  |  |  +- (org.neo4j:neo4j-kernel:jar:2.2.0:test - omitted for duplicate)
|  |  |  |  |  +- (io.netty:netty:jar:3.6.3.Final:test - omitted for duplicate)
|  |  |  |  |  \- (org.slf4j:slf4j-api:jar:1.7.7:test - omitted for duplicate)
|  |  |  |  \- (org.neo4j:neo4j-consistency-check:jar:2.2.0:test - omitted for duplicate)
|  |  |  \- org.neo4j:neo4j-ha:jar:2.2.0:test
|  |  |     +- (org.neo4j:neo4j-kernel:jar:2.2.0:test - omitted for duplicate)
|  |  |     +- (org.neo4j:neo4j-backup:jar:2.2.0:test - omitted for duplicate)
|  |  |     +- (org.neo4j:neo4j-lucene-index:jar:2.2.0:test - omitted for duplicate)
|  |  |     +- (org.neo4j:neo4j-com:jar:2.2.0:test - omitted for duplicate)
|  |  |     +- (org.neo4j:neo4j-cluster:jar:2.2.0:test - omitted for duplicate)
|  |  |     \- (org.slf4j:slf4j-api:jar:1.7.7:test - omitted for duplicate)
|  |  +- org.slf4j:jcl-over-slf4j:jar:1.7.7:test
|  |  |  \- (org.slf4j:slf4j-api:jar:1.7.7:test - omitted for duplicate)
|  |  \- (org.neo4j:neo4j-shell:jar:2.2.0:test - omitted for duplicate)
|  +- org.springframework:spring-core:jar:4.1.4.RELEASE:test
|  |  \- (commons-logging:commons-logging:jar:1.2:test - omitted for conflict with 1.1.3)
|  \- (org.slf4j:slf4j-api:jar:1.7.7:test - omitted for duplicate)
\- junit:junit:jar:4.11:test
   \- org.hamcrest:hamcrest-core:jar:1.3:test

