WARNING: Your kernel does not support swap limit capabilities or the cgroup is not mounted. Memory limited without swap.
com.graphaware.neo4j:uuid:jar:3.5.14.58.19
+- com.graphaware.neo4j:runtime:jar:3.5.14.58:provided
|  +- com.graphaware.neo4j:runtime-api:jar:3.5.14.58:provided
|  |  +- (com.graphaware.neo4j:common:jar:3.5.14.58:provided - omitted for duplicate)
|  |  \- (com.graphaware.neo4j:writer-api:jar:3.5.14.58:provided - omitted for duplicate)
|  +- com.graphaware.neo4j:writer-api:jar:3.5.14.58:provided
|  +- com.graphaware.neo4j:writer:jar:3.5.14.58:provided
|  |  +- (com.graphaware.neo4j:writer-api:jar:3.5.14.58:provided - omitted for duplicate)
|  |  +- (com.graphaware.neo4j:tx-executor:jar:3.5.14.58:provided - omitted for duplicate)
|  |  \- (com.google.guava:guava:jar:21.0:provided - omitted for duplicate)
|  +- (com.graphaware.neo4j:common:jar:3.5.14.58:provided - omitted for duplicate)
|  +- (com.graphaware.neo4j:tx-api:jar:3.5.14.58:provided - omitted for duplicate)
|  \- org.apache.commons:commons-math3:jar:3.5:provided
+- com.graphaware.neo4j:tx-api:jar:3.5.14.58:provided
|  +- (com.graphaware.neo4j:common:jar:3.5.14.58:provided - omitted for duplicate)
|  \- (com.graphaware.neo4j:tx-executor:jar:3.5.14.58:provided - omitted for duplicate)
+- com.graphaware.neo4j:tx-executor:jar:3.5.14.58:provided
|  +- (com.graphaware.neo4j:common:jar:3.5.14.58:provided - omitted for duplicate)
|  \- com.google.guava:guava:jar:21.0:provided
+- org.springframework:spring-webmvc:jar:4.3.13.RELEASE:provided
|  +- org.springframework:spring-aop:jar:4.3.13.RELEASE:provided
|  |  +- (org.springframework:spring-beans:jar:4.3.13.RELEASE:provided - omitted for duplicate)
|  |  \- (org.springframework:spring-core:jar:4.3.13.RELEASE:provided - omitted for duplicate)
|  +- org.springframework:spring-beans:jar:4.3.13.RELEASE:provided
|  |  \- (org.springframework:spring-core:jar:4.3.13.RELEASE:provided - omitted for duplicate)
|  +- org.springframework:spring-context:jar:4.3.13.RELEASE:provided
|  |  +- (org.springframework:spring-aop:jar:4.3.13.RELEASE:provided - omitted for duplicate)
|  |  +- (org.springframework:spring-beans:jar:4.3.13.RELEASE:provided - omitted for duplicate)
|  |  +- (org.springframework:spring-core:jar:4.3.13.RELEASE:provided - omitted for duplicate)
|  |  \- (org.springframework:spring-expression:jar:4.3.13.RELEASE:provided - omitted for duplicate)
|  +- org.springframework:spring-core:jar:4.3.13.RELEASE:provided
|  |  \- commons-logging:commons-logging:jar:1.2:provided
|  +- org.springframework:spring-expression:jar:4.3.13.RELEASE:provided
|  |  \- (org.springframework:spring-core:jar:4.3.13.RELEASE:provided - omitted for duplicate)
|  \- org.springframework:spring-web:jar:4.3.13.RELEASE:provided
|     +- (org.springframework:spring-aop:jar:4.3.13.RELEASE:provided - omitted for duplicate)
|     +- (org.springframework:spring-beans:jar:4.3.13.RELEASE:provided - omitted for duplicate)
|     +- (org.springframework:spring-context:jar:4.3.13.RELEASE:provided - omitted for duplicate)
|     \- (org.springframework:spring-core:jar:4.3.13.RELEASE:provided - omitted for duplicate)
+- com.graphaware.neo4j:server:jar:3.5.14.58:provided
|  +- com.graphaware.neo4j:api:jar:3.5.14.58:provided
|  |  +- (com.graphaware.neo4j:common:jar:3.5.14.58:provided - omitted for duplicate)
|  |  +- (org.springframework:spring-web:jar:4.3.13.RELEASE:provided - omitted for duplicate)
|  |  +- (com.fasterxml.jackson.core:jackson-core:jar:2.6.5:provided - version managed from 2.9.0; scope managed from test; omitted for duplicate)
|  |  +- (com.fasterxml.jackson.core:jackson-annotations:jar:2.6.5:provided - version managed from 2.9.0; omitted for duplicate)
|  |  \- (com.fasterxml.jackson.core:jackson-databind:jar:2.6.5:provided - version managed from 2.9.0; scope managed from test; omitted for duplicate)
|  +- (com.graphaware.neo4j:runtime-api:jar:3.5.14.58:provided - omitted for duplicate)
|  +- (com.graphaware.neo4j:common:jar:3.5.14.58:provided - omitted for duplicate)
|  +- (org.springframework:spring-context:jar:4.3.13.RELEASE:provided - omitted for duplicate)
|  +- (org.springframework:spring-web:jar:4.3.13.RELEASE:provided - omitted for duplicate)
|  \- (org.springframework:spring-webmvc:jar:4.3.13.RELEASE:provided - omitted for duplicate)
+- com.graphaware.neo4j:common:jar:3.5.14.58:provided
|  +- com.esotericsoftware:kryo:jar:3.0.3:provided
|  |  +- com.esotericsoftware:reflectasm:jar:1.10.1:provided
|  |  +- com.esotericsoftware:minlog:jar:1.3.0:provided
|  |  \- org.objenesis:objenesis:jar:2.1:provided
|  +- org.apache.httpcomponents:httpclient:jar:4.5.1:provided
|  |  +- org.apache.httpcomponents:httpcore:jar:4.4.3:provided
|  |  +- (commons-logging:commons-logging:jar:1.2:provided - omitted for duplicate)
|  |  \- (commons-codec:commons-codec:jar:1.9:provided - omitted for duplicate)
|  +- (org.springframework:spring-expression:jar:4.3.13.RELEASE:provided - omitted for duplicate)
|  +- com.eaio.uuid:uuid:jar:3.2:provided
|  +- commons-codec:commons-codec:jar:1.9:provided
|  \- com.fasterxml.jackson.core:jackson-annotations:jar:2.6.5:provided (version managed from 2.9.0)
+- org.neo4j:neo4j:jar:3.5.14:provided
|  +- org.neo4j:neo4j-kernel:jar:3.5.14:provided
|  |  +- org.neo4j:neo4j-annotation-processors:jar:3.5.14:provided
|  |  |  \- (org.apache.commons:commons-lang3:jar:3.8:provided - omitted for duplicate)
|  |  +- org.neo4j:neo4j-graphdb-api:jar:3.5.14:provided
|  |  |  +- (org.neo4j:neo4j-common:jar:3.5.14:provided - omitted for duplicate)
|  |  |  +- org.neo4j:neo4j-resource:jar:3.5.14:provided
|  |  |  \- (org.neo4j:neo4j-collections:jar:3.5.14:provided - omitted for duplicate)
|  |  +- org.neo4j:neo4j-procedure-api:jar:3.5.14:provided
|  |  |  +- (org.neo4j:neo4j-graphdb-api:jar:3.5.14:provided - omitted for duplicate)
|  |  |  \- (org.neo4j:neo4j-logging:jar:3.5.14:provided - omitted for duplicate)
|  |  +- org.neo4j:neo4j-kernel-api:jar:3.5.14:provided
|  |  |  +- (org.neo4j:neo4j-values:jar:3.5.14:provided - omitted for duplicate)
|  |  |  +- (org.neo4j:neo4j-graphdb-api:jar:3.5.14:provided - omitted for duplicate)
|  |  |  +- (org.neo4j:neo4j-procedure-api:jar:3.5.14:provided - omitted for duplicate)
|  |  |  +- (org.neo4j:neo4j-common:jar:3.5.14:provided - omitted for duplicate)
|  |  |  +- org.neo4j:neo4j-diagnostics:jar:3.5.14:provided
|  |  |  |  \- (org.neo4j:neo4j-logging:jar:3.5.14:provided - omitted for duplicate)
|  |  |  +- (org.apache.commons:commons-lang3:jar:3.8:provided - omitted for duplicate)
|  |  |  \- (org.eclipse.collections:eclipse-collections:jar:9.2.0:provided - omitted for duplicate)
|  |  +- org.neo4j:neo4j-common:jar:3.5.14:provided
|  |  +- org.neo4j:neo4j-values:jar:3.5.14:provided
|  |  |  \- (org.neo4j:neo4j-graphdb-api:jar:3.5.14:provided - omitted for duplicate)
|  |  +- org.neo4j:neo4j-collections:jar:3.5.14:provided
|  |  |  +- (org.apache.commons:commons-lang3:jar:3.8:provided - omitted for duplicate)
|  |  |  +- (org.neo4j:neo4j-resource:jar:3.5.14:provided - omitted for duplicate)
|  |  |  +- (org.neo4j:neo4j-common:jar:3.5.14:provided - omitted for duplicate)
|  |  |  \- (org.eclipse.collections:eclipse-collections:jar:9.2.0:provided - omitted for duplicate)
|  |  +- org.neo4j:neo4j-io:jar:3.5.14:provided
|  |  |  +- (org.neo4j:neo4j-unsafe:jar:3.5.14:provided - omitted for duplicate)
|  |  |  +- (org.apache.commons:commons-lang3:jar:3.8:provided - omitted for duplicate)
|  |  |  +- (org.neo4j:neo4j-graphdb-api:jar:3.5.14:provided - omitted for duplicate)
|  |  |  +- (org.neo4j:neo4j-concurrent:jar:3.5.14:provided - omitted for duplicate)
|  |  |  \- (org.eclipse.collections:eclipse-collections:jar:9.2.0:provided - omitted for duplicate)
|  |  +- org.neo4j:neo4j-csv:jar:3.5.14:provided
|  |  |  +- (org.neo4j:neo4j-collections:jar:3.5.14:provided - omitted for duplicate)
|  |  |  \- (org.neo4j:neo4j-values:jar:3.5.14:provided - omitted for duplicate)
|  |  +- org.neo4j:neo4j-logging:jar:3.5.14:provided
|  |  |  \- (org.neo4j:neo4j-io:jar:3.5.14:provided - omitted for duplicate)
|  |  +- org.neo4j:neo4j-lucene-upgrade:jar:3.5.14:provided
|  |  +- org.apache.lucene:lucene-core:jar:5.5.5:provided
|  |  +- org.neo4j:neo4j-configuration:jar:3.5.14:provided
|  |  |  +- (org.neo4j:neo4j-graphdb-api:jar:3.5.14:provided - omitted for duplicate)
|  |  |  \- (org.neo4j:neo4j-logging:jar:3.5.14:provided - omitted for duplicate)
|  |  +- org.neo4j:neo4j-index:jar:3.5.14:provided
|  |  |  +- (org.neo4j:neo4j-io:jar:3.5.14:provided - omitted for duplicate)
|  |  |  +- (org.neo4j:neo4j-annotation-processors:jar:3.5.14:provided - omitted for duplicate)
|  |  |  \- (org.eclipse.collections:eclipse-collections:jar:9.2.0:provided - omitted for duplicate)
|  |  +- org.neo4j:neo4j-spatial-index:jar:3.5.14:provided
|  |  +- org.neo4j:neo4j-ssl:jar:3.5.14:provided
|  |  |  +- (org.neo4j:neo4j-logging:jar:3.5.14:provided - omitted for duplicate)
|  |  |  +- (org.neo4j:neo4j-common:jar:3.5.14:provided - omitted for duplicate)
|  |  |  +- (io.netty:netty-all:jar:4.1.43.Final:provided - omitted for duplicate)
|  |  |  \- (org.bouncycastle:bcpkix-jdk15on:jar:1.60:provided - omitted for duplicate)
|  |  \- org.eclipse.collections:eclipse-collections:jar:9.2.0:provided
|  |     \- org.eclipse.collections:eclipse-collections-api:jar:9.2.0:provided
|  +- org.neo4j:neo4j-lucene-index:jar:3.5.14:provided
|  |  +- (org.neo4j:neo4j-kernel:jar:3.5.14:provided - omitted for duplicate)
|  |  +- org.apache.lucene:lucene-analyzers-common:jar:5.5.5:provided
|  |  |  \- (org.apache.lucene:lucene-core:jar:5.5.5:provided - omitted for duplicate)
|  |  +- (org.apache.lucene:lucene-core:jar:5.5.5:provided - omitted for duplicate)
|  |  +- org.apache.lucene:lucene-queryparser:jar:5.5.5:provided
|  |  |  \- (org.apache.lucene:lucene-core:jar:5.5.5:provided - omitted for duplicate)
|  |  \- org.apache.lucene:lucene-codecs:jar:5.5.5:provided
|  |     \- (org.apache.lucene:lucene-core:jar:5.5.5:provided - omitted for duplicate)
|  +- org.neo4j:neo4j-fulltext-index:jar:3.5.14:provided
|  |  +- (org.neo4j:neo4j-kernel:jar:3.5.14:provided - omitted for duplicate)
|  |  \- (org.neo4j:neo4j-lucene-index:jar:3.5.14:provided - omitted for duplicate)
|  +- org.neo4j:neo4j-graph-algo:jar:3.5.14:provided
|  |  \- (org.neo4j:neo4j-kernel:jar:3.5.14:provided - omitted for duplicate)
|  +- org.neo4j:neo4j-udc:jar:3.5.14:provided
|  |  \- (org.neo4j:neo4j-kernel:jar:3.5.14:provided - omitted for duplicate)
|  +- org.neo4j:neo4j-data-collector:jar:3.5.14:provided
|  |  +- org.scala-lang:scala-library:jar:2.11.12:provided
|  |  +- org.scala-lang:scala-reflect:jar:2.11.12:provided
|  |  |  \- (org.scala-lang:scala-library:jar:2.11.12:provided - omitted for duplicate)
|  |  +- (org.neo4j:neo4j-procedure-api:jar:3.5.14:provided - omitted for duplicate)
|  |  +- (org.neo4j:neo4j-kernel:jar:3.5.14:provided - omitted for duplicate)
|  |  +- org.neo4j:neo4j-parser-3.5:jar:3.5.14:provided
|  |  |  +- (org.neo4j:neo4j-util-3.5:jar:3.5.14:provided - omitted for duplicate)
|  |  |  +- org.neo4j:neo4j-ast-3.5:jar:3.5.14:provided
|  |  |  |  +- (org.neo4j:neo4j-util-3.5:jar:3.5.14:provided - omitted for duplicate)
|  |  |  |  +- (org.neo4j:neo4j-expressions-3.5:jar:3.5.14:provided - omitted for duplicate)
|  |  |  |  \- (org.scala-lang:scala-library:jar:2.11.12:provided - omitted for duplicate)
|  |  |  +- org.neo4j:neo4j-expressions-3.5:jar:3.5.14:provided
|  |  |  |  +- (org.neo4j:neo4j-util-3.5:jar:3.5.14:provided - omitted for duplicate)
|  |  |  |  \- (org.scala-lang:scala-library:jar:2.11.12:provided - omitted for duplicate)
|  |  |  +- (org.parboiled:parboiled-scala_2.11:jar:1.1.7:provided - omitted for duplicate)
|  |  |  \- (org.scala-lang:scala-library:jar:2.11.12:provided - omitted for duplicate)
|  |  +- org.neo4j:neo4j-rewriting-3.5:jar:3.5.14:provided
|  |  |  +- (org.neo4j:neo4j-util-3.5:jar:3.5.14:provided - omitted for duplicate)
|  |  |  +- (org.neo4j:neo4j-ast-3.5:jar:3.5.14:provided - omitted for duplicate)
|  |  |  +- (org.neo4j:neo4j-expressions-3.5:jar:3.5.14:provided - omitted for duplicate)
|  |  |  \- (org.scala-lang:scala-library:jar:2.11.12:provided - omitted for duplicate)
|  |  \- (org.neo4j:neo4j-cypher:jar:3.5.14:provided - omitted for duplicate)
|  +- org.neo4j:neo4j-cypher:jar:3.5.14:provided
|  |  +- (org.scala-lang:scala-library:jar:2.11.12:provided - omitted for duplicate)
|  |  +- (org.scala-lang:scala-reflect:jar:2.11.12:provided - omitted for duplicate)
|  |  +- (org.neo4j:neo4j-kernel:jar:3.5.14:provided - version managed from 3.1.9; omitted for duplicate)
|  |  +- (org.neo4j:neo4j-lucene-index:jar:3.5.14:provided - omitted for duplicate)
|  |  +- org.neo4j:neo4j-graph-matching:jar:3.1.9:provided
|  |  |  \- (org.neo4j:neo4j-kernel:jar:3.5.14:provided - version managed from 3.1.9; omitted for duplicate)
|  |  +- (org.neo4j:neo4j-graph-algo:jar:3.5.14:provided - omitted for duplicate)
|  |  +- org.neo4j:neo4j-codegen:jar:3.5.14:provided
|  |  |  +- org.ow2.asm:asm:jar:6.2:provided
|  |  |  +- org.ow2.asm:asm-util:jar:6.2:provided
|  |  |  |  +- (org.ow2.asm:asm:jar:6.2:provided - omitted for duplicate)
|  |  |  |  +- (org.ow2.asm:asm-tree:jar:6.2:provided - omitted for duplicate)
|  |  |  |  \- (org.ow2.asm:asm-analysis:jar:6.2:provided - omitted for duplicate)
|  |  |  +- org.ow2.asm:asm-analysis:jar:6.2:provided
|  |  |  |  \- (org.ow2.asm:asm-tree:jar:6.2:provided - omitted for duplicate)
|  |  |  +- org.ow2.asm:asm-tree:jar:6.2:provided
|  |  |  |  \- (org.ow2.asm:asm:jar:6.2:provided - omitted for duplicate)
|  |  |  +- org.apache.commons:commons-text:jar:1.4:provided
|  |  |  |  \- (org.apache.commons:commons-lang3:jar:3.7:provided - omitted for conflict with 3.8)
|  |  |  \- (org.neo4j:neo4j-values:jar:3.5.14:provided - omitted for duplicate)
|  |  +- org.neo4j:neo4j-cypher-compiler-2.3:jar:2.3.12:provided
|  |  |  +- (org.scala-lang:scala-reflect:jar:2.11.7:provided - omitted for conflict with 2.11.12)
|  |  |  +- org.neo4j:neo4j-cypher-frontend-2.3:jar:2.3.12:provided
|  |  |  |  +- (org.scala-lang:scala-reflect:jar:2.11.7:provided - omitted for conflict with 2.11.12)
|  |  |  |  +- (org.parboiled:parboiled-scala_2.11:jar:1.1.7:provided - omitted for duplicate)
|  |  |  |  \- (org.apache.commons:commons-lang3:jar:3.3.2:provided - omitted for conflict with 3.8)
|  |  |  +- (org.parboiled:parboiled-scala_2.11:jar:1.1.7:provided - omitted for duplicate)
|  |  |  \- com.googlecode.concurrentlinkedhashmap:concurrentlinkedhashmap-lru:jar:1.4.2:provided
|  |  +- org.neo4j:neo4j-cypher-compiler-3.1:jar:3.1.9:provided
|  |  |  +- org.neo4j:neo4j-cypher-frontend-3.1:jar:3.1.9:provided
|  |  |  |  +- (org.parboiled:parboiled-scala_2.11:jar:1.1.7:provided - omitted for duplicate)
|  |  |  |  \- (org.apache.commons:commons-lang3:jar:3.3.2:provided - omitted for conflict with 3.8)
|  |  |  +- (org.parboiled:parboiled-scala_2.11:jar:1.1.7:provided - omitted for duplicate)
|  |  |  \- com.github.ben-manes.caffeine:caffeine:jar:2.3.3:provided
|  |  +- org.neo4j:neo4j-cypher-planner-3.4:jar:3.4.17:provided
|  |  |  +- org.neo4j:openCypher-frontend-1:jar:3.4.17:provided
|  |  |  |  +- org.neo4j:neo4j-cypher-util-3.4:jar:3.4.17:provided
|  |  |  |  |  +- (org.parboiled:parboiled-scala_2.11:jar:1.1.7:provided - omitted for duplicate)
|  |  |  |  |  \- (org.apache.commons:commons-lang3:jar:3.7:provided - omitted for conflict with 3.8)
|  |  |  |  +- org.neo4j:neo4j-cypher-expression-3.4:jar:3.4.17:provided
|  |  |  |  |  +- (org.neo4j:neo4j-cypher-util-3.4:jar:3.4.17:provided - omitted for duplicate)
|  |  |  |  |  +- (org.parboiled:parboiled-scala_2.11:jar:1.1.7:provided - omitted for duplicate)
|  |  |  |  |  \- (org.apache.commons:commons-lang3:jar:3.7:provided - omitted for conflict with 3.8)
|  |  |  |  +- (org.parboiled:parboiled-scala_2.11:jar:1.1.7:provided - omitted for duplicate)
|  |  |  |  \- (org.apache.commons:commons-lang3:jar:3.7:provided - omitted for conflict with 3.8)
|  |  |  +- org.neo4j:neo4j-cypher-ir-3.4:jar:3.4.17:provided
|  |  |  |  +- (org.neo4j:openCypher-frontend-1:jar:3.4.17:provided - omitted for duplicate)
|  |  |  |  +- (org.parboiled:parboiled-scala_2.11:jar:1.1.7:provided - omitted for duplicate)
|  |  |  |  \- (org.apache.commons:commons-lang3:jar:3.7:provided - omitted for conflict with 3.8)
|  |  |  +- org.neo4j:neo4j-cypher-logical-plans-3.4:jar:3.4.17:provided
|  |  |  |  +- (org.neo4j:neo4j-graphdb-api:jar:3.4.17:provided - omitted for conflict with 3.5.14)
|  |  |  |  +- (org.neo4j:openCypher-frontend-1:jar:3.4.17:provided - omitted for duplicate)
|  |  |  |  +- (org.neo4j:neo4j-cypher-ir-3.4:jar:3.4.17:provided - omitted for duplicate)
|  |  |  |  +- (org.parboiled:parboiled-scala_2.11:jar:1.1.7:provided - omitted for duplicate)
|  |  |  |  \- (org.apache.commons:commons-lang3:jar:3.7:provided - omitted for conflict with 3.8)
|  |  |  +- org.neo4j:neo4j-cypher-planner-spi-3.4:jar:3.4.17:provided
|  |  |  |  +- (org.neo4j:neo4j-cypher-util-3.4:jar:3.4.17:provided - omitted for duplicate)
|  |  |  |  +- (org.neo4j:neo4j-cypher-logical-plans-3.4:jar:3.4.17:provided - omitted for duplicate)
|  |  |  |  +- (org.parboiled:parboiled-scala_2.11:jar:1.1.7:provided - omitted for duplicate)
|  |  |  |  \- (org.apache.commons:commons-lang3:jar:3.7:provided - omitted for conflict with 3.8)
|  |  |  +- (org.parboiled:parboiled-scala_2.11:jar:1.1.7:provided - omitted for duplicate)
|  |  |  \- (com.github.ben-manes.caffeine:caffeine:jar:2.6.2:provided - omitted for conflict with 2.3.3)
|  |  +- org.neo4j:neo4j-legacy:jar:3.5.14:provided
|  |  |  +- (org.neo4j:neo4j-unsafe:jar:3.5.14:provided - omitted for duplicate)
|  |  |  +- (org.neo4j:neo4j-common:jar:3.5.14:provided - omitted for duplicate)
|  |  |  \- (org.neo4j:neo4j-resource:jar:3.5.14:provided - omitted for duplicate)
|  |  +- org.neo4j:neo4j-util-3.5:jar:3.5.14:provided
|  |  |  +- (org.apache.commons:commons-lang3:jar:3.7:provided - omitted for conflict with 3.8)
|  |  |  \- (org.scala-lang:scala-library:jar:2.11.12:provided - omitted for duplicate)
|  |  +- org.neo4j:neo4j-cypher-planner-3.5:jar:3.5.14:provided
|  |  |  +- (org.scala-lang:scala-library:jar:2.11.12:provided - omitted for duplicate)
|  |  |  +- (org.scala-lang:scala-reflect:jar:2.11.12:provided - omitted for duplicate)
|  |  |  +- org.neo4j:neo4j-cypher-ir-3.5:jar:3.5.14:provided
|  |  |  |  +- (org.neo4j:neo4j-expressions-3.5:jar:3.5.14:provided - omitted for duplicate)
|  |  |  |  +- (org.neo4j:neo4j-ast-3.5:jar:3.5.14:provided - omitted for duplicate)
|  |  |  |  +- org.neo4j:neo4j-front-end-3.5:jar:3.5.14:provided
|  |  |  |  |  +- (org.neo4j:neo4j-util-3.5:jar:3.5.14:provided - omitted for duplicate)
|  |  |  |  |  +- (org.neo4j:neo4j-expressions-3.5:jar:3.5.14:provided - omitted for duplicate)
|  |  |  |  |  +- (org.neo4j:neo4j-rewriting-3.5:jar:3.5.14:provided - omitted for duplicate)
|  |  |  |  |  +- (org.neo4j:neo4j-parser-3.5:jar:3.5.14:provided - omitted for duplicate)
|  |  |  |  |  +- (org.scala-lang:scala-library:jar:2.11.12:provided - omitted for duplicate)
|  |  |  |  |  +- (org.scala-lang:scala-reflect:jar:2.11.12:provided - omitted for duplicate)
|  |  |  |  |  +- (org.parboiled:parboiled-scala_2.11:jar:1.1.7:provided - omitted for duplicate)
|  |  |  |  |  \- (org.apache.commons:commons-lang3:jar:3.7:provided - omitted for conflict with 3.8)
|  |  |  |  +- (org.neo4j:neo4j-rewriting-3.5:jar:3.5.14:provided - omitted for duplicate)
|  |  |  |  +- (org.scala-lang:scala-library:jar:2.11.12:provided - omitted for duplicate)
|  |  |  |  +- (org.scala-lang:scala-reflect:jar:2.11.12:provided - omitted for duplicate)
|  |  |  |  +- (org.parboiled:parboiled-scala_2.11:jar:1.1.7:provided - omitted for duplicate)
|  |  |  |  \- (org.apache.commons:commons-lang3:jar:3.8:provided - omitted for duplicate)
|  |  |  +- org.neo4j:neo4j-cypher-logical-plans-3.5:jar:3.5.14:provided
|  |  |  |  +- (org.neo4j:neo4j-graphdb-api:jar:3.5.14:provided - omitted for duplicate)
|  |  |  |  +- (org.neo4j:neo4j-cypher-ir-3.5:jar:3.5.14:provided - omitted for duplicate)
|  |  |  |  +- (org.scala-lang:scala-library:jar:2.11.12:provided - omitted for duplicate)
|  |  |  |  +- (org.scala-lang:scala-reflect:jar:2.11.12:provided - omitted for duplicate)
|  |  |  |  +- (org.parboiled:parboiled-scala_2.11:jar:1.1.7:provided - omitted for duplicate)
|  |  |  |  \- (org.apache.commons:commons-lang3:jar:3.8:provided - omitted for duplicate)
|  |  |  +- (org.neo4j:neo4j-cypher-planner-spi-3.5:jar:3.5.14:provided - omitted for duplicate)
|  |  |  +- (org.parboiled:parboiled-scala_2.11:jar:1.1.7:provided - omitted for duplicate)
|  |  |  \- (com.github.ben-manes.caffeine:caffeine:jar:2.6.2:provided - omitted for conflict with 2.3.3)
|  |  +- org.neo4j:neo4j-cypher-planner-spi-3.5:jar:3.5.14:provided
|  |  |  +- (org.neo4j:neo4j-util-3.5:jar:3.5.14:provided - omitted for duplicate)
|  |  |  +- (org.neo4j:neo4j-cypher-logical-plans-3.5:jar:3.5.14:provided - omitted for duplicate)
|  |  |  +- (org.scala-lang:scala-library:jar:2.11.12:provided - omitted for duplicate)
|  |  |  +- (org.scala-lang:scala-reflect:jar:2.11.12:provided - omitted for duplicate)
|  |  |  +- (org.parboiled:parboiled-scala_2.11:jar:1.1.7:provided - omitted for duplicate)
|  |  |  \- (org.apache.commons:commons-lang3:jar:3.8:provided - omitted for duplicate)
|  |  +- org.neo4j:neo4j-cypher-runtime-util:jar:3.5.14:provided
|  |  |  +- (org.neo4j:neo4j-cypher-logical-plans-3.5:jar:3.5.14:provided - omitted for duplicate)
|  |  |  +- (org.neo4j:neo4j-cypher-planner-spi-3.5:jar:3.5.14:provided - omitted for duplicate)
|  |  |  +- (org.neo4j:neo4j-values:jar:3.5.14:provided - omitted for duplicate)
|  |  |  +- (org.neo4j:neo4j-graphdb-api:jar:3.5.14:provided - omitted for duplicate)
|  |  |  +- (org.neo4j:neo4j-kernel:jar:3.5.14:provided - version managed from 3.1.9; omitted for duplicate)
|  |  |  +- (org.scala-lang:scala-library:jar:2.11.12:provided - omitted for duplicate)
|  |  |  +- (org.scala-lang:scala-reflect:jar:2.11.12:provided - omitted for duplicate)
|  |  |  +- (org.parboiled:parboiled-scala_2.11:jar:1.1.7:provided - omitted for duplicate)
|  |  |  \- (org.apache.commons:commons-lang3:jar:3.8:provided - omitted for duplicate)
|  |  +- org.neo4j:neo4j-cypher-interpreted-runtime:jar:3.5.14:provided
|  |  |  +- (org.neo4j:neo4j-cypher-logical-plans-3.5:jar:3.5.14:provided - omitted for duplicate)
|  |  |  +- (org.neo4j:neo4j-cypher-planner-spi-3.5:jar:3.5.14:provided - omitted for duplicate)
|  |  |  +- (org.neo4j:neo4j-cypher-runtime-util:jar:3.5.14:provided - omitted for duplicate)
|  |  |  +- (org.neo4j:neo4j-values:jar:3.5.14:provided - omitted for duplicate)
|  |  |  +- (org.neo4j:neo4j-graphdb-api:jar:3.5.14:provided - omitted for duplicate)
|  |  |  +- (org.neo4j:neo4j-graph-algo:jar:3.5.14:provided - omitted for duplicate)
|  |  |  +- (org.neo4j:neo4j-kernel:jar:3.5.14:provided - version managed from 3.1.9; omitted for duplicate)
|  |  |  +- (org.scala-lang:scala-library:jar:2.11.12:provided - omitted for duplicate)
|  |  |  +- (org.scala-lang:scala-reflect:jar:2.11.12:provided - omitted for duplicate)
|  |  |  +- (org.parboiled:parboiled-scala_2.11:jar:1.1.7:provided - omitted for duplicate)
|  |  |  \- (org.apache.commons:commons-lang3:jar:3.8:provided - omitted for duplicate)
|  |  +- org.parboiled:parboiled-scala_2.11:jar:1.1.7:provided
|  |  |  \- org.parboiled:parboiled-core:jar:1.1.7:provided
|  |  +- net.sf.opencsv:opencsv:jar:2.3:provided
|  |  \- org.apache.commons:commons-lang3:jar:3.8:provided
|  +- org.neo4j:neo4j-jmx:jar:3.5.14:provided
|  +- org.neo4j:neo4j-bolt:jar:3.5.14:provided
|  |  +- (org.neo4j:neo4j-cypher:jar:3.5.14:provided - omitted for duplicate)
|  |  +- (org.neo4j:neo4j-values:jar:3.5.14:provided - omitted for duplicate)
|  |  +- (org.neo4j:neo4j-kernel:jar:3.5.14:provided - version managed from 3.1.9; omitted for duplicate)
|  |  +- (org.neo4j:neo4j-udc:jar:3.5.14:provided - omitted for duplicate)
|  |  +- (org.neo4j:neo4j-ssl:jar:3.5.14:provided - omitted for duplicate)
|  |  +- io.netty:netty-all:jar:4.1.43.Final:provided
|  |  +- (org.apache.commons:commons-lang3:jar:3.8:provided - omitted for duplicate)
|  |  \- org.bouncycastle:bcpkix-jdk15on:jar:1.60:provided
|  |     \- (org.bouncycastle:bcprov-jdk15on:jar:1.60:provided - omitted for duplicate)
|  \- org.neo4j:neo4j-consistency-check:jar:3.5.14:provided
|     +- (org.neo4j:neo4j-kernel:jar:3.5.14:provided - version managed from 3.1.9; omitted for duplicate)
|     +- (org.neo4j:neo4j-lucene-index:jar:3.5.14:provided - omitted for duplicate)
|     +- org.neo4j:neo4j-command-line:jar:3.5.14:provided
|     |  +- (org.neo4j:neo4j-kernel:jar:3.5.14:provided - version managed from 3.1.9; omitted for duplicate)
|     |  +- (org.neo4j:neo4j-collections:jar:3.5.14:provided - omitted for duplicate)
|     |  \- (org.apache.commons:commons-text:jar:1.4:provided - omitted for duplicate)
|     +- org.neo4j:neo4j-dbms:jar:3.5.14:provided
|     |  +- (org.neo4j:neo4j-kernel:jar:3.5.14:provided - version managed from 3.1.9; omitted for duplicate)
|     |  +- (org.neo4j:neo4j-graphdb-api:jar:3.5.14:provided - omitted for duplicate)
|     |  +- (org.neo4j:neo4j-command-line:jar:3.5.14:provided - omitted for duplicate)
|     |  +- (org.neo4j:neo4j-collections:jar:3.5.14:provided - omitted for duplicate)
|     |  +- (org.neo4j:neo4j-io:jar:3.5.14:provided - omitted for duplicate)
|     |  +- org.neo4j:neo4j-import-tool:jar:3.5.14:provided
|     |  |  +- (org.neo4j:neo4j-kernel:jar:3.5.14:provided - version managed from 3.1.9; omitted for duplicate)
|     |  |  \- (org.neo4j:neo4j-lucene-index:jar:3.5.14:provided - omitted for duplicate)
|     |  +- (org.neo4j:neo4j-jmx:jar:3.5.14:provided - omitted for duplicate)
|     |  +- org.jprocesses:jProcesses:jar:1.6.4:provided
|     |  |  \- com.profesorfalken:WMI4Java:jar:1.6.1:provided
|     |  |     \- com.profesorfalken:jPowerShell:jar:1.9:provided
|     |  +- org.apache.commons:commons-compress:jar:1.19:provided
|     |  \- org.neo4j.licensing-proxy:zstd-proxy:jar:3.5.14:provided
|     |     \- com.github.luben:zstd-jni:jar:1.3.8-6:provided
|     \- (org.neo4j:neo4j-io:jar:3.5.14:provided - omitted for duplicate)
+- com.graphaware.neo4j:tests:jar:3.5.14.58:test
|  +- org.neo4j:neo4j-kernel:test-jar:tests:3.5.14:test
|  |  +- (org.neo4j:neo4j-annotation-processors:jar:3.5.14:test - omitted for duplicate)
|  |  +- (org.neo4j:neo4j-graphdb-api:jar:3.5.14:test - omitted for duplicate)
|  |  +- (org.neo4j:neo4j-procedure-api:jar:3.5.14:test - omitted for duplicate)
|  |  +- (org.neo4j:neo4j-kernel-api:jar:3.5.14:test - omitted for duplicate)
|  |  +- (org.neo4j:neo4j-common:jar:3.5.14:test - omitted for duplicate)
|  |  +- (org.neo4j:neo4j-values:jar:3.5.14:test - omitted for duplicate)
|  |  +- (org.neo4j:neo4j-collections:jar:3.5.14:test - omitted for duplicate)
|  |  +- (org.neo4j:neo4j-io:jar:3.5.14:test - omitted for duplicate)
|  |  +- (org.neo4j:neo4j-csv:jar:3.5.14:test - omitted for duplicate)
|  |  +- (org.neo4j:neo4j-logging:jar:3.5.14:test - omitted for duplicate)
|  |  +- (org.neo4j:neo4j-lucene-upgrade:jar:3.5.14:test - omitted for duplicate)
|  |  +- (org.apache.lucene:lucene-core:jar:5.5.5:test - omitted for duplicate)
|  |  +- (org.neo4j:neo4j-configuration:jar:3.5.14:test - omitted for duplicate)
|  |  +- (org.neo4j:neo4j-index:jar:3.5.14:test - omitted for duplicate)
|  |  +- (org.neo4j:neo4j-spatial-index:jar:3.5.14:test - omitted for duplicate)
|  |  +- (org.neo4j:neo4j-ssl:jar:3.5.14:test - omitted for duplicate)
|  |  \- (org.eclipse.collections:eclipse-collections:jar:9.2.0:test - omitted for duplicate)
|  +- org.neo4j:neo4j-io:test-jar:tests:3.5.14:test
|  |  +- org.neo4j:neo4j-unsafe:jar:3.5.14:test
|  |  |  \- (org.neo4j:neo4j-common:jar:3.5.14:test - omitted for duplicate)
|  |  +- (org.apache.commons:commons-lang3:jar:3.8:test - omitted for duplicate)
|  |  +- (org.neo4j:neo4j-graphdb-api:jar:3.5.14:test - omitted for duplicate)
|  |  +- org.neo4j:neo4j-concurrent:jar:3.5.14:test
|  |  |  \- (org.neo4j:neo4j-unsafe:jar:3.5.14:test - omitted for duplicate)
|  |  \- (org.eclipse.collections:eclipse-collections:jar:9.2.0:test - omitted for duplicate)
|  +- org.neo4j.app:neo4j-server:test-jar:tests:3.5.14:test
|  |  +- org.neo4j:neo4j:pom:3.5.14:test
|  |  |  +- (org.neo4j:neo4j-kernel:jar:3.5.14:provided - version managed from 3.1.9; scope managed from test; omitted for duplicate)
|  |  |  +- (org.neo4j:neo4j-lucene-index:jar:3.5.14:test - omitted for duplicate)
|  |  |  +- (org.neo4j:neo4j-fulltext-index:jar:3.5.14:test - omitted for duplicate)
|  |  |  +- (org.neo4j:neo4j-graph-algo:jar:3.5.14:test - omitted for duplicate)
|  |  |  +- (org.neo4j:neo4j-udc:jar:3.5.14:test - omitted for duplicate)
|  |  |  +- (org.neo4j:neo4j-data-collector:jar:3.5.14:test - omitted for duplicate)
|  |  |  +- (org.neo4j:neo4j-cypher:jar:3.5.14:test - omitted for duplicate)
|  |  |  +- (org.neo4j:neo4j-jmx:jar:3.5.14:test - omitted for duplicate)
|  |  |  +- (org.neo4j:neo4j-bolt:jar:3.5.14:test - omitted for duplicate)
|  |  |  \- (org.neo4j:neo4j-consistency-check:jar:3.5.14:test - omitted for duplicate)
|  |  +- (org.neo4j:neo4j:jar:3.5.14:provided - scope managed from test; omitted for duplicate)
|  |  +- org.neo4j:neo4j-security:jar:3.5.14:test
|  |  |  +- (org.neo4j:neo4j-logging:jar:3.5.14:test - omitted for duplicate)
|  |  |  +- (org.neo4j:neo4j-common:jar:3.5.14:test - omitted for duplicate)
|  |  |  +- (org.neo4j:neo4j-kernel:jar:3.5.14:provided - version managed from 3.1.9; scope managed from test; omitted for duplicate)
|  |  |  +- (org.neo4j:neo4j-graphdb-api:jar:3.5.14:test - omitted for duplicate)
|  |  |  +- (org.neo4j:neo4j-command-line:jar:3.5.14:test - omitted for duplicate)
|  |  |  \- (org.neo4j:neo4j-dbms:jar:3.5.14:test - omitted for duplicate)
|  |  +- (org.neo4j:neo4j-dbms:jar:3.5.14:test - omitted for duplicate)
|  |  +- (org.neo4j:neo4j-command-line:jar:3.5.14:test - omitted for duplicate)
|  |  +- org.neo4j:server-api:jar:3.5.14:provided (scope managed from test)
|  |  |  +- (org.neo4j:neo4j-kernel:jar:3.5.14:provided - version managed from 3.1.9; scope managed from test; omitted for duplicate)
|  |  |  +- org.neo4j.3rdparty.javax.ws.rs:jsr311-api:jar:1.1.2.r612:provided
|  |  |  \- (commons-configuration:commons-configuration:jar:1.10:provided - omitted for duplicate)
|  |  +- (org.neo4j:neo4j-cypher:jar:3.5.14:test - omitted for duplicate)
|  |  +- (org.neo4j:neo4j-bolt:jar:3.5.14:test - omitted for duplicate)
|  |  +- org.neo4j.client:neo4j-browser:jar:3.2.26:test
|  |  +- org.eclipse.jetty:jetty-server:jar:9.4.8.v20171121:provided (version managed from 9.4.17.v20190418; scope managed from test)
|  |  |  +- javax.servlet:javax.servlet-api:jar:3.1.0:provided
|  |  |  +- org.eclipse.jetty:jetty-http:jar:9.4.8.v20171121:provided
|  |  |  |  +- org.eclipse.jetty:jetty-util:jar:9.4.8.v20171121:provided
|  |  |  |  \- (org.eclipse.jetty:jetty-io:jar:9.4.8.v20171121:provided - omitted for duplicate)
|  |  |  \- org.eclipse.jetty:jetty-io:jar:9.4.8.v20171121:provided
|  |  |     \- (org.eclipse.jetty:jetty-util:jar:9.4.8.v20171121:provided - omitted for duplicate)
|  |  +- org.eclipse.jetty:jetty-webapp:jar:9.4.17.v20190418:test
|  |  |  +- org.eclipse.jetty:jetty-xml:jar:9.4.17.v20190418:test
|  |  |  |  \- (org.eclipse.jetty:jetty-util:jar:9.4.17.v20190418:test - omitted for conflict with 9.4.8.v20171121)
|  |  |  \- org.eclipse.jetty:jetty-servlet:jar:9.4.8.v20171121:provided (version managed from 9.4.17.v20190418; scope managed from test)
|  |  |     \- org.eclipse.jetty:jetty-security:jar:9.4.8.v20171121:provided
|  |  |        \- (org.eclipse.jetty:jetty-server:jar:9.4.8.v20171121:provided - version managed from 9.4.17.v20190418; scope managed from test; omitted for duplicate)
|  |  +- com.sun.jersey:jersey-server:jar:1.19.3:test
|  |  |  \- com.sun.jersey:jersey-core:jar:1.19.3:test
|  |  +- com.sun.jersey:jersey-servlet:jar:1.19.3:test
|  |  |  \- (com.sun.jersey:jersey-server:jar:1.19.3:test - omitted for duplicate)
|  |  +- commons-configuration:commons-configuration:jar:1.10:test
|  |  |  +- commons-lang:commons-lang:jar:2.6:test
|  |  |  \- (commons-logging:commons-logging:jar:1.1.1:test - omitted for conflict with 1.2)
|  |  +- (commons-io:commons-io:jar:2.4:provided - version managed from 2.6; scope managed from test; omitted for duplicate)
|  |  +- org.codehaus.jackson:jackson-jaxrs:jar:1.9.13:test
|  |  |  +- org.codehaus.jackson:jackson-core-asl:jar:1.9.13:test
|  |  |  \- (org.codehaus.jackson:jackson-mapper-asl:jar:1.9.13:test - omitted for duplicate)
|  |  +- org.codehaus.jackson:jackson-mapper-asl:jar:1.9.13:test
|  |  |  \- (org.codehaus.jackson:jackson-core-asl:jar:1.9.13:test - omitted for duplicate)
|  |  +- org.bouncycastle:bcprov-jdk15on:jar:1.60:test
|  |  +- (org.bouncycastle:bcpkix-jdk15on:jar:1.60:test - omitted for duplicate)
|  |  +- javax.activation:activation:jar:1.1.1:test
|  |  +- org.glassfish.jaxb:jaxb-runtime:jar:2.3.2:test
|  |  |  +- jakarta.xml.bind:jakarta.xml.bind-api:jar:2.3.2:test
|  |  |  |  \- (jakarta.activation:jakarta.activation-api:jar:1.2.1:test - omitted for duplicate)
|  |  |  +- org.glassfish.jaxb:txw2:jar:2.3.2:test
|  |  |  +- com.sun.istack:istack-commons-runtime:jar:3.0.8:test
|  |  |  |  \- (jakarta.activation:jakarta.activation-api:jar:1.2.1:test - omitted for duplicate)
|  |  |  +- org.jvnet.staxex:stax-ex:jar:1.8.1:test
|  |  |  |  +- (jakarta.activation:jakarta.activation-api:jar:1.2.1:test - omitted for duplicate)
|  |  |  |  \- (jakarta.xml.bind:jakarta.xml.bind-api:jar:2.3.2:test - omitted for duplicate)
|  |  |  +- com.sun.xml.fastinfoset:FastInfoset:jar:1.2.16:test
|  |  |  \- jakarta.activation:jakarta.activation-api:jar:1.2.1:test
|  |  \- javax.xml.bind:jaxb-api:jar:2.3.0:test
|  +- (junit:junit:jar:4.12:test - omitted for duplicate)
|  +- (com.graphaware.neo4j:common:jar:3.5.14.58:provided - scope managed from test; omitted for duplicate)
|  +- (org.apache.httpcomponents:httpclient:jar:4.5.1:test - omitted for duplicate)
|  +- com.fasterxml.jackson.core:jackson-core:jar:2.6.5:provided
|  +- (com.fasterxml.jackson.core:jackson-annotations:jar:2.6.5:provided - version managed from 2.9.0; scope managed from test; omitted for duplicate)
|  +- com.fasterxml.jackson.core:jackson-databind:jar:2.6.5:provided
|  |  +- (com.fasterxml.jackson.core:jackson-annotations:jar:2.6.5:provided - version managed from 2.6.0; scope managed from test; omitted for duplicate)
|  |  \- (com.fasterxml.jackson.core:jackson-core:jar:2.6.5:provided - version managed from 2.9.0; scope managed from test; omitted for duplicate)
|  +- commons-io:commons-io:jar:2.4:provided
|  +- org.neo4j.app:neo4j-server:jar:3.5.14:provided (scope managed from test)
|  |  +- (org.neo4j:neo4j:pom:3.5.14:provided - omitted for duplicate)
|  |  +- (org.neo4j:neo4j:jar:3.5.14:provided - scope managed from test; omitted for duplicate)
|  |  +- (org.neo4j:neo4j-security:jar:3.5.14:provided - omitted for duplicate)
|  |  +- (org.neo4j:neo4j-dbms:jar:3.5.14:provided - omitted for duplicate)
|  |  +- (org.neo4j:neo4j-command-line:jar:3.5.14:provided - omitted for duplicate)
|  |  +- (org.neo4j:server-api:jar:3.5.14:provided - scope managed from test; omitted for duplicate)
|  |  +- (org.neo4j:neo4j-cypher:jar:3.5.14:provided - omitted for duplicate)
|  |  +- (org.neo4j:neo4j-bolt:jar:3.5.14:provided - omitted for duplicate)
|  |  +- (org.neo4j.client:neo4j-browser:jar:3.2.26:provided - omitted for duplicate)
|  |  +- (org.eclipse.jetty:jetty-server:jar:9.4.8.v20171121:provided - version managed from 9.4.17.v20190418; scope managed from test; omitted for duplicate)
|  |  +- (org.eclipse.jetty:jetty-webapp:jar:9.4.17.v20190418:provided - omitted for duplicate)
|  |  +- (com.sun.jersey:jersey-server:jar:1.19.3:provided - omitted for duplicate)
|  |  +- (com.sun.jersey:jersey-servlet:jar:1.19.3:provided - omitted for duplicate)
|  |  +- (commons-configuration:commons-configuration:jar:1.10:provided - omitted for duplicate)
|  |  +- (commons-io:commons-io:jar:2.4:provided - version managed from 2.6; scope managed from test; omitted for duplicate)
|  |  +- (org.codehaus.jackson:jackson-jaxrs:jar:1.9.13:provided - omitted for duplicate)
|  |  +- (org.codehaus.jackson:jackson-mapper-asl:jar:1.9.13:provided - omitted for duplicate)
|  |  +- (org.bouncycastle:bcprov-jdk15on:jar:1.60:provided - omitted for duplicate)
|  |  +- (org.bouncycastle:bcpkix-jdk15on:jar:1.60:provided - omitted for duplicate)
|  |  +- (javax.activation:activation:jar:1.1.1:provided - omitted for duplicate)
|  |  +- (org.glassfish.jaxb:jaxb-runtime:jar:2.3.2:provided - omitted for duplicate)
|  |  \- (javax.xml.bind:jaxb-api:jar:2.3.0:provided - omitted for duplicate)
|  +- (org.springframework:spring-core:jar:4.3.13.RELEASE:provided - scope managed from test; omitted for duplicate)
|  +- (org.springframework:spring-context:jar:4.3.13.RELEASE:provided - scope managed from test; omitted for duplicate)
|  +- (org.springframework:spring-web:jar:4.3.13.RELEASE:provided - scope managed from test; omitted for duplicate)
|  +- (org.springframework:spring-webmvc:jar:4.3.13.RELEASE:provided - scope managed from test; omitted for duplicate)
|  +- (org.neo4j:neo4j-kernel:jar:3.5.14:provided - version managed from 3.1.9; scope managed from test; omitted for duplicate)
|  \- org.neo4j.community:it-test-support:jar:3.5.14:test
|     +- (org.neo4j:neo4j-io:test-jar:tests:3.5.14:test - omitted for duplicate)
|     +- org.neo4j:neo4j-common:test-jar:tests:3.5.14:test
|     \- (org.neo4j:neo4j:jar:3.5.14:provided - scope managed from test; omitted for duplicate)
+- junit:junit:jar:4.12:test
|  \- org.hamcrest:hamcrest-core:jar:1.3:test
\- org.mockito:mockito-all:jar:1.10.19:test

