WARNING: Your kernel does not support swap limit capabilities or the cgroup is not mounted. Memory limited without swap.
me.glaremasters:guilds:jar:3.5.3.9.2-RELEASE
+- org.bukkit:bukkit:jar:1.15.1-R0.1-SNAPSHOT:provided
|  +- commons-lang:commons-lang:jar:2.6:provided
|  +- (com.google.guava:guava:jar:21.0:provided - omitted for duplicate)
|  +- com.google.code.gson:gson:jar:2.8.0:provided
|  \- org.yaml:snakeyaml:jar:1.25:provided
+- com.mojang:authlib:jar:1.5.25:provided
|  +- com.google.code.findbugs:jsr305:jar:2.0.1:provided
|  +- commons-codec:commons-codec:jar:1.10:provided
|  +- (commons-io:commons-io:jar:2.4:provided - omitted for conflict with 2.6)
|  +- (com.google.code.gson:gson:jar:2.8.0:provided - omitted for duplicate)
|  +- org.apache.commons:commons-lang3:jar:3.5:provided
|  +- org.apache.logging.log4j:log4j-api:jar:2.8.1:provided
|  +- org.apache.logging.log4j:log4j-core:jar:2.8.1:provided
|  |  \- (org.apache.logging.log4j:log4j-api:jar:2.8.1:provided - omitted for duplicate)
|  \- (com.google.guava:guava:jar:21.0:provided - omitted for duplicate)
+- co.aikar:taskchain-core:jar:3.7.2:provided
+- co.aikar:taskchain-bukkit:jar:3.7.2:provided
|  \- (co.aikar:taskchain-core:jar:3.7.2:provided - omitted for duplicate)
+- co.aikar:acf-paper:jar:0.5.0-SNAPSHOT:compile
+- org.bstats:bstats-bukkit:jar:1.5:compile
+- org.codemc.worldguardwrapper:worldguardwrapper:jar:1.1.6-SNAPSHOT:provided
+- net.milkbowl:vault:jar:1.7:provided
+- me.clip:placeholderapi:jar:2.10.3:provided
|  +- (com.google.code.gson:gson:jar:2.8.5:provided - omitted for conflict with 2.8.0)
|  \- me.rayzr522:jsonmessage:jar:1.0.0:provided
+- ch.jalu:configme:jar:1.2.0:provided
|  \- (org.yaml:snakeyaml:jar:1.25:provided - omitted for duplicate)
+- com.dumptruckman.minecraft:JsonConfiguration:jar:1.1:provided
|  \- (net.minidev:json-smart:jar:1.1.1:provided - omitted for duplicate)
+- net.minidev:json-smart:jar:1.1.1:provided
+- com.github.stefvanschie.inventoryframework:IF:jar:0.5.15:provided
+- net.lingala.zip4j:zip4j:jar:2.1.2:provided
+- commons-io:commons-io:jar:2.6:provided
+- org.reflections:reflections:jar:0.9.11:provided
|  \- org.javassist:javassist:jar:3.21.0-GA:provided
+- com.google.guava:guava:jar:21.0:provided
+- net.byteflux:libby-bukkit:jar:0.0.2-SNAPSHOT:compile
|  \- net.byteflux:libby-core:jar:0.0.2-SNAPSHOT:compile
+- org.apache.commons:commons-collections4:jar:4.4:provided
+- com.zaxxer:HikariCP:jar:3.3.1:provided
|  \- (org.slf4j:slf4j-api:jar:1.7.25:provided - omitted for duplicate)
+- org.jdbi:jdbi3-core:jar:3.8.2:provided
|  +- org.antlr:antlr4-runtime:jar:4.7.2:provided
|  +- (org.slf4j:slf4j-api:jar:1.7.25:provided - omitted for duplicate)
|  \- io.leangen.geantyref:geantyref:jar:1.3.7:provided
+- org.jdbi:jdbi3-sqlobject:jar:3.8.2:provided
|  \- (org.jdbi:jdbi3-core:jar:3.8.2:provided - omitted for duplicate)
+- net.jodah:expiringmap:jar:0.5.9:compile
+- org.slf4j:slf4j-api:jar:1.7.25:provided
\- org.mariadb.jdbc:mariadb-java-client:jar:2.4.0:provided

