WARNING: Your kernel does not support swap limit capabilities or the cgroup is not mounted. Memory limited without swap.
me.glaremasters:Guilds:jar:3.0-RELEASE
+- org.spigotmc:spigot-api:jar:1.12.2-R0.1-SNAPSHOT:provided
|  +- commons-lang:commons-lang:jar:2.6:provided
|  +- com.googlecode.json-simple:json-simple:jar:1.1.1:provided
|  |  \- junit:junit:jar:4.10:provided
|  |     \- org.hamcrest:hamcrest-core:jar:1.1:provided
|  +- com.google.guava:guava:jar:21.0:provided
|  +- (com.google.code.gson:gson:jar:2.8.0:provided - omitted for conflict with 2.8.5)
|  +- org.yaml:snakeyaml:jar:1.19:provided
|  \- net.md-5:bungeecord-chat:jar:1.12-SNAPSHOT:provided
|     +- (com.google.code.gson:gson:jar:2.8.0:provided - omitted for duplicate)
|     \- (com.google.guava:guava:jar:20.0:provided - omitted for conflict with 21.0)
+- net.milkbowl.vault:VaultAPI:jar:1.6:provided
|  \- org.bukkit:bukkit:jar:1.9-R0.1-SNAPSHOT:provided
|     +- (commons-lang:commons-lang:jar:2.6:provided - omitted for duplicate)
|     +- (com.googlecode.json-simple:json-simple:jar:1.1.1:provided - omitted for duplicate)
|     +- (com.google.guava:guava:jar:17.0:provided - omitted for conflict with 21.0)
|     +- (com.google.code.gson:gson:jar:2.2.4:provided - omitted for conflict with 2.8.0)
|     +- org.avaje:ebean:jar:2.8.1:provided
|     |  \- javax.persistence:persistence-api:jar:1.0:provided
|     \- (org.yaml:snakeyaml:jar:1.15:provided - omitted for conflict with 1.19)
+- co.aikar:taskchain-core:jar:3.6.0:compile
+- co.aikar:taskchain-bukkit:jar:3.6.0:compile
|  \- (co.aikar:taskchain-core:jar:3.6.0:compile - omitted for duplicate)
+- com.google.code.gson:gson:jar:2.8.5:compile
+- co.aikar:acf-bukkit:jar:0.5.0-SNAPSHOT:compile
+- com.dumptruckman.minecraft:JsonConfiguration:jar:1.1:compile
|  \- net.minidev:json-smart:jar:1.1.1:compile
+- commons-io:commons-io:jar:1.3.2:compile
+- be.maximvdw:MVdWPlaceholderAPI:jar:1.0.2-SNAPSHOT:provided
|  \- (org.bukkit:bukkit:jar:1.8-R0.1-SNAPSHOT:provided - omitted for conflict with 1.9-R0.1-SNAPSHOT)
+- me.rayzr522:jsonmessage:jar:1.0.0:compile
+- io.papermc:paperlib:jar:1.0.1:compile
+- org.codemc.worldguardwrapper:worldguardwrapper:jar:1.1.1-SNAPSHOT:compile
\- com.mojang:authlib:jar:1.5.25:provided
   +- com.google.code.findbugs:jsr305:jar:2.0.1:provided
   +- commons-codec:commons-codec:jar:1.10:provided
   +- (commons-io:commons-io:jar:2.4:provided - omitted for conflict with 1.3.2)
   +- (com.google.code.gson:gson:jar:2.8.0:provided - omitted for conflict with 2.8.5)
   +- org.apache.commons:commons-lang3:jar:3.5:provided
   +- org.apache.logging.log4j:log4j-api:jar:2.8.1:provided
   +- org.apache.logging.log4j:log4j-core:jar:2.8.1:provided
   |  \- (org.apache.logging.log4j:log4j-api:jar:2.8.1:provided - omitted for duplicate)
   \- (com.google.guava:guava:jar:21.0:provided - omitted for duplicate)

