WARNING: Your kernel does not support swap limit capabilities or the cgroup is not mounted. Memory limited without swap.
net.sourceforge.htmlunit:htmlunit:jar:2.6
+- xalan:xalan:jar:2.7.1:compile
|  \- xalan:serializer:jar:2.7.1:compile
|     \- (xml-apis:xml-apis:jar:1.3.04:compile - omitted for duplicate)
+- commons-collections:commons-collections:jar:3.2.1:compile
+- commons-lang:commons-lang:jar:2.4:compile
+- commons-httpclient:commons-httpclient:jar:3.1:compile
|  +- (commons-logging:commons-logging:jar:1.0.4:compile - omitted for conflict with 1.1.1)
|  \- (commons-codec:commons-codec:jar:1.2:compile - omitted for conflict with 1.4)
+- commons-codec:commons-codec:jar:1.4:compile
+- net.sourceforge.htmlunit:htmlunit-core-js:jar:2.6:compile
+- xerces:xercesImpl:jar:2.9.1:compile
|  \- xml-apis:xml-apis:jar:1.3.04:compile
+- net.sourceforge.nekohtml:nekohtml:jar:1.9.13:compile
+- net.sourceforge.cssparser:cssparser:jar:0.9.5:compile
|  \- org.w3c.css:sac:jar:1.3:compile
+- commons-io:commons-io:jar:1.4:compile
+- commons-logging:commons-logging:jar:1.1.1:compile
+- junit:junit:jar:4.7:test
+- gsbase:gsbase:jar:2.0.1:test
|  +- (junit:junit:jar:3.8.1:test - omitted for conflict with 4.7)
|  \- junitperf:junitperf:jar:1.8:test
+- org.easymock:easymock:jar:2.5.1:test
+- log4j:log4j:jar:1.2.14:test
+- commons-fileupload:commons-fileupload:jar:1.2.1:test
+- org.mortbay.jetty:jetty:jar:6.1.20:test
|  +- org.mortbay.jetty:jetty-util:jar:6.1.20:test
|  \- org.mortbay.jetty:servlet-api:jar:2.5-20081211:test
+- org.slf4j:slf4j-api:jar:1.5.8:test
+- org.slf4j:slf4j-log4j12:jar:1.5.8:test
|  +- (org.slf4j:slf4j-api:jar:1.5.8:test - omitted for duplicate)
|  \- (log4j:log4j:jar:1.2.14:test - omitted for duplicate)
+- jfree:jfreechart:jar:1.0.12:test
|  \- jfree:jcommon:jar:1.0.15:test
+- net.sourceforge.htmlunit:webdriver:jar:2.6:test
|  \- org.seleniumhq.webdriver:webdriver-common:jar:0.9.7089:test
+- org.seleniumhq.webdriver:webdriver-firefox:jar:0.9.7089:test
|  +- (org.seleniumhq.webdriver:webdriver-common:jar:0.9.7089:test - omitted for duplicate)
|  \- org.json:json:jar:20080701:test
\- org.seleniumhq.webdriver:webdriver-ie:jar:0.9.7089:test
   \- (org.seleniumhq.webdriver:webdriver-common:jar:0.9.7089:test - omitted for duplicate)

