WARNING: Your kernel does not support swap limit capabilities or the cgroup is not mounted. Memory limited without swap.
net.sourceforge.htmlunit:htmlunit:jar:2.29
+- xalan:xalan:jar:2.7.2:compile
|  \- xalan:serializer:jar:2.7.2:compile
+- org.apache.commons:commons-lang3:jar:3.7:compile
+- org.apache.commons:commons-text:jar:1.2:compile
|  \- (org.apache.commons:commons-lang3:jar:3.7:compile - omitted for duplicate)
+- org.apache.httpcomponents:httpmime:jar:4.5.4:compile
|  \- org.apache.httpcomponents:httpclient:jar:4.5.4:compile
|     +- org.apache.httpcomponents:httpcore:jar:4.4.7:compile
|     +- (commons-logging:commons-logging:jar:1.2:compile - omitted for duplicate)
|     \- commons-codec:commons-codec:jar:1.10:compile
+- org.apache.httpcomponents:httpclient:test-jar:tests:4.5.4:test
|  \- (commons-logging:commons-logging:jar:1.2:compile - scope updated from test; omitted for duplicate)
+- net.sourceforge.htmlunit:htmlunit-core-js:jar:2.28:compile
+- net.sourceforge.htmlunit:neko-htmlunit:jar:2.28:compile
|  \- xerces:xercesImpl:jar:2.11.0:compile
|     \- xml-apis:xml-apis:jar:1.4.01:compile
+- net.sourceforge.cssparser:cssparser:jar:0.9.24:compile
|  \- org.w3c.css:sac:jar:1.3:compile
+- commons-io:commons-io:jar:2.6:compile
+- commons-logging:commons-logging:jar:1.2:compile
+- commons-net:commons-net:jar:3.6:compile
+- org.eclipse.jetty.websocket:websocket-client:jar:9.4.8.v20171121:compile
|  +- org.eclipse.jetty:jetty-client:jar:9.4.8.v20171121:compile
|  |  +- org.eclipse.jetty:jetty-http:jar:9.4.8.v20171121:compile
|  |  |  +- (org.eclipse.jetty:jetty-util:jar:9.4.8.v20171121:compile - omitted for duplicate)
|  |  |  \- (org.eclipse.jetty:jetty-io:jar:9.4.8.v20171121:compile - omitted for duplicate)
|  |  \- (org.eclipse.jetty:jetty-io:jar:9.4.8.v20171121:compile - omitted for duplicate)
|  +- org.eclipse.jetty:jetty-xml:jar:9.4.8.v20171121:compile
|  |  \- (org.eclipse.jetty:jetty-util:jar:9.4.8.v20171121:compile - omitted for duplicate)
|  +- org.eclipse.jetty:jetty-util:jar:9.4.8.v20171121:compile
|  +- org.eclipse.jetty:jetty-io:jar:9.4.8.v20171121:compile
|  |  \- (org.eclipse.jetty:jetty-util:jar:9.4.8.v20171121:compile - omitted for duplicate)
|  \- org.eclipse.jetty.websocket:websocket-common:jar:9.4.8.v20171121:compile
|     +- org.eclipse.jetty.websocket:websocket-api:jar:9.4.8.v20171121:compile
|     +- (org.eclipse.jetty:jetty-util:jar:9.4.8.v20171121:compile - omitted for duplicate)
|     \- (org.eclipse.jetty:jetty-io:jar:9.4.8.v20171121:compile - omitted for duplicate)
+- junit:junit:jar:4.12:test
|  \- org.hamcrest:hamcrest-core:jar:1.3:test
+- org.easymock:easymock:jar:3.5.1:test
+- org.mockito:mockito-core:jar:2.13.0:test
|  +- net.bytebuddy:byte-buddy-agent:jar:1.7.9:test
|  \- org.objenesis:objenesis:jar:2.6:test
+- org.apache.logging.log4j:log4j-api:jar:2.10.0:test
+- commons-fileupload:commons-fileupload:jar:1.3.3:test
+- org.slf4j:slf4j-api:jar:1.7.25:test
+- org.slf4j:slf4j-log4j12:jar:1.7.25:test
|  +- (org.slf4j:slf4j-api:jar:1.7.25:test - omitted for duplicate)
|  \- log4j:log4j:jar:1.2.17:test
+- org.jfree:jfreechart:jar:1.5.0:test
+- org.eclipse.jetty:jetty-webapp:jar:9.4.8.v20171121:test
|  +- (org.eclipse.jetty:jetty-xml:jar:9.4.8.v20171121:test - omitted for duplicate)
|  \- org.eclipse.jetty:jetty-servlet:jar:9.4.8.v20171121:test
|     \- org.eclipse.jetty:jetty-security:jar:9.4.8.v20171121:test
|        \- org.eclipse.jetty:jetty-server:jar:9.4.8.v20171121:test
|           +- (javax.servlet:javax.servlet-api:jar:3.1.0:test - omitted for duplicate)
|           +- (org.eclipse.jetty:jetty-http:jar:9.4.8.v20171121:test - omitted for duplicate)
|           \- (org.eclipse.jetty:jetty-io:jar:9.4.8.v20171121:test - omitted for duplicate)
+- org.eclipse.jetty.websocket:websocket-server:jar:9.4.8.v20171121:test
|  +- (org.eclipse.jetty.websocket:websocket-common:jar:9.4.8.v20171121:test - omitted for duplicate)
|  +- (org.eclipse.jetty.websocket:websocket-client:jar:9.4.8.v20171121:test - omitted for duplicate)
|  +- org.eclipse.jetty.websocket:websocket-servlet:jar:9.4.8.v20171121:test
|  |  +- (org.eclipse.jetty.websocket:websocket-api:jar:9.4.8.v20171121:test - omitted for duplicate)
|  |  \- javax.servlet:javax.servlet-api:jar:3.1.0:test
|  +- (org.eclipse.jetty:jetty-servlet:jar:9.4.8.v20171121:test - omitted for duplicate)
|  \- (org.eclipse.jetty:jetty-http:jar:9.4.8.v20171121:compile - scope updated from test; omitted for duplicate)
+- org.seleniumhq.selenium:htmlunit-driver:jar:2.28.5:test
|  +- org.seleniumhq.selenium:selenium-api:jar:3.8.1:test
|  \- org.seleniumhq.selenium:selenium-support:jar:3.8.1:test
|     +- (org.seleniumhq.selenium:selenium-api:jar:3.8.1:test - omitted for duplicate)
|     +- (org.seleniumhq.selenium:selenium-remote-driver:jar:3.8.1:test - omitted for duplicate)
|     +- (net.bytebuddy:byte-buddy:jar:1.7.5:test - omitted for duplicate)
|     +- (org.apache.commons:commons-exec:jar:1.3:test - omitted for duplicate)
|     +- (commons-logging:commons-logging:jar:1.2:test - omitted for duplicate)
|     +- (com.google.code.gson:gson:jar:2.8.2:test - omitted for duplicate)
|     \- (com.google.guava:guava:jar:23.0:test - omitted for duplicate)
+- org.seleniumhq.selenium:selenium-ie-driver:jar:3.8.1:test
|  +- (org.seleniumhq.selenium:selenium-api:jar:3.8.1:test - omitted for duplicate)
|  +- org.seleniumhq.selenium:selenium-remote-driver:jar:3.8.1:test
|  |  +- (org.seleniumhq.selenium:selenium-api:jar:3.8.1:test - omitted for duplicate)
|  |  +- (net.bytebuddy:byte-buddy:jar:1.7.5:test - omitted for duplicate)
|  |  +- (org.apache.commons:commons-exec:jar:1.3:test - omitted for duplicate)
|  |  +- (commons-logging:commons-logging:jar:1.2:test - omitted for duplicate)
|  |  +- (com.google.code.gson:gson:jar:2.8.2:test - omitted for duplicate)
|  |  \- (com.google.guava:guava:jar:23.0:test - omitted for duplicate)
|  +- net.bytebuddy:byte-buddy:jar:1.7.5:test
|  +- org.apache.commons:commons-exec:jar:1.3:test
|  +- (commons-logging:commons-logging:jar:1.2:test - omitted for duplicate)
|  +- com.google.code.gson:gson:jar:2.8.2:test
|  \- com.google.guava:guava:jar:23.0:test
|     +- com.google.code.findbugs:jsr305:jar:1.3.9:test
|     +- com.google.errorprone:error_prone_annotations:jar:2.0.18:test
|     +- com.google.j2objc:j2objc-annotations:jar:1.1:test
|     \- org.codehaus.mojo:animal-sniffer-annotations:jar:1.14:test
+- org.seleniumhq.selenium:selenium-firefox-driver:jar:3.8.1:test
|  +- (org.seleniumhq.selenium:selenium-api:jar:3.8.1:test - omitted for duplicate)
|  +- (org.seleniumhq.selenium:selenium-remote-driver:jar:3.8.1:test - omitted for duplicate)
|  +- (net.bytebuddy:byte-buddy:jar:1.7.5:test - omitted for duplicate)
|  +- (org.apache.commons:commons-exec:jar:1.3:test - omitted for duplicate)
|  +- (commons-logging:commons-logging:jar:1.2:test - omitted for duplicate)
|  +- (com.google.code.gson:gson:jar:2.8.2:test - omitted for duplicate)
|  \- (com.google.guava:guava:jar:23.0:test - omitted for duplicate)
+- org.seleniumhq.selenium:selenium-chrome-driver:jar:3.8.1:test
|  +- (org.seleniumhq.selenium:selenium-api:jar:3.8.1:test - omitted for duplicate)
|  +- (org.seleniumhq.selenium:selenium-remote-driver:jar:3.8.1:test - omitted for duplicate)
|  +- (net.bytebuddy:byte-buddy:jar:1.7.5:test - omitted for duplicate)
|  +- (org.apache.commons:commons-exec:jar:1.3:test - omitted for duplicate)
|  +- (commons-logging:commons-logging:jar:1.2:test - omitted for duplicate)
|  +- (com.google.code.gson:gson:jar:2.8.2:test - omitted for duplicate)
|  \- (com.google.guava:guava:jar:23.0:test - omitted for duplicate)
+- org.seleniumhq.selenium:selenium-edge-driver:jar:3.8.1:test
|  +- (org.seleniumhq.selenium:selenium-api:jar:3.8.1:test - omitted for duplicate)
|  +- (org.seleniumhq.selenium:selenium-remote-driver:jar:3.8.1:test - omitted for duplicate)
|  +- (net.bytebuddy:byte-buddy:jar:1.7.5:test - omitted for duplicate)
|  +- (org.apache.commons:commons-exec:jar:1.3:test - omitted for duplicate)
|  +- (commons-logging:commons-logging:jar:1.2:test - omitted for duplicate)
|  +- (com.google.code.gson:gson:jar:2.8.2:test - omitted for duplicate)
|  \- (com.google.guava:guava:jar:23.0:test - omitted for duplicate)
\- org.tmatesoft.svnkit:svnkit:jar:1.9.0:test
   +- de.regnis.q.sequence:sequence-library:jar:1.0.3:test
   +- org.tmatesoft.sqljet:sqljet:jar:1.1.10:test
   |  \- org.antlr:antlr-runtime:jar:3.4:test
   +- net.java.dev.jna:jna:jar:4.1.0:test
   +- net.java.dev.jna:jna-platform:jar:4.1.0:test
   |  \- (net.java.dev.jna:jna:jar:4.1.0:test - omitted for duplicate)
   \- com.trilead:trilead-ssh2:jar:1.0.0-build221:test

