WARNING: Your kernel does not support swap limit capabilities or the cgroup is not mounted. Memory limited without swap.
net.sourceforge.htmlunit:htmlunit:jar:2.3
+- xalan:xalan:jar:2.7.0:compile
|  \- xml-apis:xml-apis:jar:1.0.b2:compile
+- commons-collections:commons-collections:jar:3.2.1:compile
+- commons-lang:commons-lang:jar:2.4:compile
+- commons-httpclient:commons-httpclient:jar:3.1:compile
|  +- (commons-logging:commons-logging:jar:1.0.4:compile - omitted for conflict with 1.1.1)
|  \- (commons-codec:commons-codec:jar:1.2:compile - omitted for conflict with 1.3)
+- commons-codec:commons-codec:jar:1.3:compile
+- net.sourceforge.htmlunit:htmlunit-core-js:jar:2.2:compile
+- net.sourceforge.nekohtml:nekohtml:jar:1.9.9:compile
|  \- xerces:xercesImpl:jar:2.8.1:compile
|     \- (xml-apis:xml-apis:jar:1.3.03:compile - omitted for conflict with 1.0.b2)
+- net.sourceforge.cssparser:cssparser:jar:0.9.5:compile
|  \- org.w3c.css:sac:jar:1.3:compile
+- commons-io:commons-io:jar:1.4:compile
+- commons-logging:commons-logging:jar:1.1.1:compile
+- log4j:log4j:jar:1.2.14:test
+- junit:junit:jar:4.4:test
+- gsbase:gsbase:jar:2.0.1:test
|  +- (junit:junit:jar:3.8.1:test - omitted for conflict with 4.4)
|  \- junitperf:junitperf:jar:1.8:test
+- commons-fileupload:commons-fileupload:jar:1.2.1:test
+- org.mortbay.jetty:jetty:jar:6.1.11:test
|  +- org.mortbay.jetty:jetty-util:jar:6.1.11:test
|  \- org.mortbay.jetty:servlet-api-2.5:jar:6.1.11:test
+- org.slf4j:slf4j-api:jar:1.4.3:test
\- org.slf4j:slf4j-log4j12:jar:1.4.3:test
   +- (org.slf4j:slf4j-api:jar:1.4.3:test - omitted for duplicate)
   \- (log4j:log4j:jar:1.2.13:test - omitted for conflict with 1.2.14)

