WARNING: Your kernel does not support swap limit capabilities or the cgroup is not mounted. Memory limited without swap.
net.sourceforge.htmlunit:htmlunit:jar:2.9
+- xalan:xalan:jar:2.7.1:compile
|  \- xalan:serializer:jar:2.7.1:compile
|     \- (xml-apis:xml-apis:jar:1.3.04:compile - omitted for duplicate)
+- commons-collections:commons-collections:jar:3.2.1:compile
+- commons-lang:commons-lang:jar:2.6:compile
+- org.apache.httpcomponents:httpclient:jar:4.1.2:compile
|  +- org.apache.httpcomponents:httpcore:jar:4.1.2:compile
|  +- (commons-logging:commons-logging:jar:1.1.1:compile - omitted for duplicate)
|  \- (commons-codec:commons-codec:jar:1.4:compile - omitted for duplicate)
+- org.apache.httpcomponents:httpclient:test-jar:tests:4.1.2:test
|  +- (org.apache.httpcomponents:httpcore:jar:4.1.2:test - omitted for duplicate)
|  +- (commons-logging:commons-logging:jar:1.1.1:test - omitted for duplicate)
|  \- (commons-codec:commons-codec:jar:1.4:test - omitted for duplicate)
+- org.apache.httpcomponents:httpmime:jar:4.1.2:compile
|  +- (org.apache.httpcomponents:httpcore:jar:4.1.2:compile - omitted for duplicate)
|  \- (commons-logging:commons-logging:jar:1.1.1:compile - omitted for duplicate)
+- commons-codec:commons-codec:jar:1.4:compile
+- net.sourceforge.htmlunit:htmlunit-core-js:jar:2.9:compile
+- xerces:xercesImpl:jar:2.9.1:compile
|  \- xml-apis:xml-apis:jar:1.3.04:compile
+- net.sourceforge.nekohtml:nekohtml:jar:1.9.15:compile
+- net.sourceforge.cssparser:cssparser:jar:0.9.5:compile
|  \- org.w3c.css:sac:jar:1.3:compile
+- commons-io:commons-io:jar:2.0.1:compile
+- commons-logging:commons-logging:jar:1.1.1:compile
+- junit:junit:jar:4.8.2:test
+- gsbase:gsbase:jar:2.0.1:test
|  +- (junit:junit:jar:3.8.1:test - omitted for conflict with 4.8.2)
|  \- junitperf:junitperf:jar:1.8:test
+- org.easymock:easymock:jar:3.0:test
|  +- cglib:cglib-nodep:jar:2.2:test
|  \- org.objenesis:objenesis:jar:1.2:test
+- log4j:log4j:jar:1.2.16:test
+- commons-fileupload:commons-fileupload:jar:1.2.2:test
+- org.mortbay.jetty:jetty:jar:6.1.26:test
|  +- org.mortbay.jetty:jetty-util:jar:6.1.26:test
|  \- org.mortbay.jetty:servlet-api:jar:2.5-20081211:test
+- org.slf4j:slf4j-api:jar:1.6.1:test
+- org.slf4j:slf4j-log4j12:jar:1.6.1:test
|  +- (org.slf4j:slf4j-api:jar:1.6.1:test - omitted for duplicate)
|  \- (log4j:log4j:jar:1.2.16:test - omitted for duplicate)
+- jfree:jfreechart:jar:1.0.12:test
|  \- jfree:jcommon:jar:1.0.15:test
+- org.seleniumhq.selenium:selenium-htmlunit-driver:jar:2.1.0:test
|  +- org.seleniumhq.selenium:selenium-api:jar:2.1.0:test
|  |  \- com.google.guava:guava:jar:r09:test
|  \- (org.apache.httpcomponents:httpclient:jar:4.0.2:test - omitted for conflict with 4.1.2)
+- org.seleniumhq.selenium:selenium-ie-driver:jar:2.1.0:test
|  +- net.java.dev.jna:jna:jar:3.2.3:test
|  \- org.seleniumhq.selenium:selenium-remote-driver:jar:2.1.0:test
|     +- (cglib:cglib-nodep:jar:2.1_3:test - omitted for conflict with 2.2)
|     +- org.json:json:jar:20080701:test
|     +- (org.seleniumhq.selenium:selenium-api:jar:2.1.0:test - omitted for duplicate)
|     \- (org.apache.httpcomponents:httpclient:jar:4.0.2:test - omitted for conflict with 4.1.2)
\- org.seleniumhq.selenium:selenium-firefox-driver:jar:2.1.0:test
   +- (org.seleniumhq.selenium:selenium-remote-driver:jar:2.1.0:test - omitted for duplicate)
   \- (commons-io:commons-io:jar:2.0.1:test - omitted for duplicate)

