WARNING: Your kernel does not support swap limit capabilities or the cgroup is not mounted. Memory limited without swap.
com.capitalone.dashboard:core:jar:3.10.2
+- org.springframework.boot:spring-boot-starter-security:jar:1.5.22.RELEASE:compile
|  +- org.springframework.boot:spring-boot-starter:jar:1.5.22.RELEASE:compile
|  |  +- org.springframework.boot:spring-boot:jar:1.5.22.RELEASE:compile
|  |  |  +- (org.springframework:spring-core:jar:4.3.25.RELEASE:compile - omitted for duplicate)
|  |  |  \- (org.springframework:spring-context:jar:4.3.25.RELEASE:compile - version managed from 4.3.26.RELEASE; omitted for duplicate)
|  |  +- org.springframework.boot:spring-boot-autoconfigure:jar:1.5.22.RELEASE:compile
|  |  |  \- (org.springframework.boot:spring-boot:jar:1.5.22.RELEASE:compile - omitted for duplicate)
|  |  +- org.springframework.boot:spring-boot-starter-logging:jar:1.5.22.RELEASE:compile
|  |  |  +- ch.qos.logback:logback-classic:jar:1.2.3:compile (version managed from 1.1.11)
|  |  |  |  +- ch.qos.logback:logback-core:jar:1.2.3:compile
|  |  |  |  \- (org.slf4j:slf4j-api:jar:1.7.26:compile - version managed from 1.7.25; omitted for duplicate)
|  |  |  +- org.slf4j:jcl-over-slf4j:jar:1.7.26:compile
|  |  |  |  \- (org.slf4j:slf4j-api:jar:1.7.26:compile - version managed from 1.7.25; omitted for duplicate)
|  |  |  +- org.slf4j:jul-to-slf4j:jar:1.7.26:compile
|  |  |  |  \- (org.slf4j:slf4j-api:jar:1.7.26:compile - version managed from 1.7.25; omitted for duplicate)
|  |  |  \- org.slf4j:log4j-over-slf4j:jar:1.7.26:compile
|  |  |     \- (org.slf4j:slf4j-api:jar:1.7.26:compile - version managed from 1.7.25; omitted for duplicate)
|  |  \- (org.springframework:spring-core:jar:4.3.25.RELEASE:compile - version managed from 5.2.5.RELEASE; omitted for duplicate)
|  +- org.springframework:spring-aop:jar:4.3.25.RELEASE:compile
|  |  +- (org.springframework:spring-beans:jar:4.3.25.RELEASE:compile - version managed from 5.2.5.RELEASE; omitted for duplicate)
|  |  \- (org.springframework:spring-core:jar:4.3.25.RELEASE:compile - omitted for duplicate)
|  +- org.springframework.security:spring-security-config:jar:4.2.18.RELEASE:compile (version managed from 4.2.13.RELEASE)
|  |  +- org.springframework.security:spring-security-core:jar:4.2.18.RELEASE:compile
|  |  |  +- (org.springframework:spring-aop:jar:4.3.25.RELEASE:compile - version managed from 4.3.26.RELEASE; omitted for duplicate)
|  |  |  +- (org.springframework:spring-beans:jar:4.3.25.RELEASE:compile - version managed from 4.3.26.RELEASE; omitted for duplicate)
|  |  |  +- (org.springframework:spring-context:jar:4.3.25.RELEASE:compile - version managed from 4.3.26.RELEASE; omitted for duplicate)
|  |  |  +- (org.springframework:spring-core:jar:4.3.25.RELEASE:compile - version managed from 4.3.26.RELEASE; omitted for duplicate)
|  |  |  \- (org.springframework:spring-expression:jar:4.3.25.RELEASE:compile - version managed from 4.3.26.RELEASE; omitted for duplicate)
|  |  +- (org.springframework:spring-aop:jar:4.3.25.RELEASE:compile - version managed from 4.3.26.RELEASE; omitted for duplicate)
|  |  +- (org.springframework:spring-beans:jar:4.3.25.RELEASE:compile - version managed from 4.3.26.RELEASE; omitted for duplicate)
|  |  +- org.springframework:spring-context:jar:4.3.25.RELEASE:compile
|  |  |  +- (org.springframework:spring-aop:jar:4.3.25.RELEASE:compile - version managed from 4.3.26.RELEASE; omitted for duplicate)
|  |  |  +- (org.springframework:spring-beans:jar:4.3.25.RELEASE:compile - version managed from 4.3.26.RELEASE; omitted for duplicate)
|  |  |  +- (org.springframework:spring-core:jar:4.3.25.RELEASE:compile - version managed from 4.3.26.RELEASE; omitted for duplicate)
|  |  |  \- (org.springframework:spring-expression:jar:4.3.25.RELEASE:compile - version managed from 4.3.26.RELEASE; omitted for duplicate)
|  |  \- (org.springframework:spring-core:jar:4.3.25.RELEASE:compile - version managed from 4.3.26.RELEASE; omitted for duplicate)
|  \- org.springframework.security:spring-security-web:jar:4.2.18.RELEASE:compile (version managed from 4.2.13.RELEASE)
|     +- (org.springframework.security:spring-security-core:jar:4.2.18.RELEASE:compile - omitted for duplicate)
|     +- (org.springframework:spring-beans:jar:4.3.25.RELEASE:compile - version managed from 4.3.26.RELEASE; omitted for duplicate)
|     +- (org.springframework:spring-context:jar:4.3.25.RELEASE:compile - version managed from 4.3.26.RELEASE; omitted for duplicate)
|     +- (org.springframework:spring-core:jar:4.3.25.RELEASE:compile - version managed from 4.3.26.RELEASE; omitted for duplicate)
|     +- org.springframework:spring-expression:jar:4.3.25.RELEASE:compile
|     |  \- (org.springframework:spring-core:jar:4.3.25.RELEASE:compile - version managed from 4.3.26.RELEASE; omitted for duplicate)
|     \- (org.springframework:spring-web:jar:4.3.25.RELEASE:compile - version managed from 4.3.26.RELEASE; omitted for duplicate)
+- org.springframework.boot:spring-boot-starter-web:jar:1.5.22.RELEASE:compile
|  +- (org.springframework.boot:spring-boot-starter:jar:1.5.22.RELEASE:compile - omitted for duplicate)
|  +- org.springframework.boot:spring-boot-starter-tomcat:jar:1.5.22.RELEASE:compile
|  |  +- org.apache.tomcat.embed:tomcat-embed-core:jar:8.5.57:compile (version managed from 8.5.43)
|  |  |  \- org.apache.tomcat:tomcat-annotations-api:jar:8.5.57:compile
|  |  \- org.apache.tomcat.embed:tomcat-embed-el:jar:8.5.57:compile (version managed from 8.5.43)
|  +- org.hibernate:hibernate-validator:jar:5.4.2.Final:compile (version managed from 5.3.6.Final)
|  |  +- javax.validation:validation-api:jar:1.1.0.Final:compile
|  |  +- org.jboss.logging:jboss-logging:jar:3.3.2.Final:compile (version managed from 3.3.0.Final)
|  |  \- com.fasterxml:classmate:jar:1.3.4:compile (version managed from 1.3.1)
|  +- com.fasterxml.jackson.core:jackson-databind:jar:2.10.3:compile (version managed from 2.8.11.3)
|  |  +- com.fasterxml.jackson.core:jackson-annotations:jar:2.10.3:compile
|  |  \- com.fasterxml.jackson.core:jackson-core:jar:2.10.3:compile
|  +- (org.springframework:spring-web:jar:4.3.25.RELEASE:compile - version managed from 4.3.26.RELEASE; omitted for conflict with 5.2.5.RELEASE)
|  \- org.springframework:spring-webmvc:jar:4.3.25.RELEASE:compile
|     +- (org.springframework:spring-aop:jar:4.3.25.RELEASE:compile - version managed from 4.3.26.RELEASE; omitted for duplicate)
|     +- (org.springframework:spring-beans:jar:4.3.25.RELEASE:compile - version managed from 4.3.26.RELEASE; omitted for duplicate)
|     +- (org.springframework:spring-context:jar:4.3.25.RELEASE:compile - version managed from 4.3.26.RELEASE; omitted for duplicate)
|     +- (org.springframework:spring-core:jar:4.3.25.RELEASE:compile - version managed from 4.3.26.RELEASE; omitted for duplicate)
|     +- (org.springframework:spring-expression:jar:4.3.25.RELEASE:compile - version managed from 4.3.26.RELEASE; omitted for duplicate)
|     \- (org.springframework:spring-web:jar:4.3.25.RELEASE:compile - version managed from 4.3.26.RELEASE; omitted for duplicate)
+- org.springframework:spring-web:jar:5.2.5.RELEASE:compile
|  +- org.springframework:spring-beans:jar:4.3.25.RELEASE:compile
|  |  \- (org.springframework:spring-core:jar:4.3.25.RELEASE:compile - version managed from 4.3.26.RELEASE; omitted for duplicate)
|  \- org.springframework:spring-core:jar:4.3.25.RELEASE:compile
+- com.google.guava:guava:jar:29.0-jre:compile
|  +- com.google.guava:failureaccess:jar:1.0.1:compile
|  +- com.google.guava:listenablefuture:jar:9999.0-empty-to-avoid-conflict-with-guava:compile
|  +- com.google.code.findbugs:jsr305:jar:3.0.2:compile
|  +- org.checkerframework:checker-qual:jar:2.11.1:compile
|  +- com.google.errorprone:error_prone_annotations:jar:2.3.4:compile
|  \- com.google.j2objc:j2objc-annotations:jar:1.3:compile
+- commons-codec:commons-codec:jar:1.14:compile
+- org.apache.commons:commons-lang3:jar:3.11:compile
+- org.apache.commons:commons-collections4:jar:4.1:compile
+- org.springframework.boot:spring-boot-starter-test:jar:1.5.22.RELEASE:test
|  +- org.springframework.boot:spring-boot-test:jar:1.5.22.RELEASE:test
|  |  \- (org.springframework.boot:spring-boot:jar:1.5.22.RELEASE:test - omitted for duplicate)
|  +- org.springframework.boot:spring-boot-test-autoconfigure:jar:1.5.22.RELEASE:test
|  |  +- (org.springframework.boot:spring-boot-test:jar:1.5.22.RELEASE:test - omitted for duplicate)
|  |  \- (org.springframework.boot:spring-boot-autoconfigure:jar:1.5.22.RELEASE:test - omitted for duplicate)
|  +- com.jayway.jsonpath:json-path:jar:2.2.0:test
|  |  +- net.minidev:json-smart:jar:2.2.1:test
|  |  |  \- net.minidev:accessors-smart:jar:1.1:test
|  |  |     \- org.ow2.asm:asm:jar:5.0.3:test
|  |  \- (org.slf4j:slf4j-api:jar:1.7.26:compile - version managed from 1.7.16; scope updated from test; omitted for duplicate)
|  +- junit:junit:jar:4.12:test
|  |  \- (org.hamcrest:hamcrest-core:jar:1.3:test - version managed from 1.1; omitted for duplicate)
|  +- org.assertj:assertj-core:jar:3.9.0:test (version managed from 2.6.0)
|  +- (org.mockito:mockito-core:jar:1.10.19:test - omitted for duplicate)
|  +- (org.hamcrest:hamcrest-core:jar:1.3:runtime - version managed from 1.1; scope updated from test; omitted for duplicate)
|  +- org.hamcrest:hamcrest-library:jar:1.3:test
|  |  \- (org.hamcrest:hamcrest-core:jar:1.3:test - version managed from 1.1; omitted for duplicate)
|  +- org.skyscreamer:jsonassert:jar:1.4.0:test
|  |  \- com.vaadin.external.google:android-json:jar:0.0.20131108.vaadin1:test
|  +- (org.springframework:spring-core:jar:4.3.25.RELEASE:test - version managed from 5.2.5.RELEASE; omitted for duplicate)
|  \- org.springframework:spring-test:jar:4.3.25.RELEASE:test
|     \- (org.springframework:spring-core:jar:4.3.25.RELEASE:test - version managed from 5.2.5.RELEASE; omitted for duplicate)
+- org.springframework.boot:spring-boot-starter-data-mongodb:jar:1.5.22.RELEASE:compile
|  +- (org.springframework.boot:spring-boot-starter:jar:1.5.22.RELEASE:compile - omitted for duplicate)
|  +- org.mongodb:mongodb-driver:jar:3.6.4:compile (version managed from 3.4.3)
|  |  +- org.mongodb:bson:jar:3.6.4:compile
|  |  \- org.mongodb:mongodb-driver-core:jar:3.6.4:compile
|  |     \- (org.mongodb:bson:jar:3.6.4:compile - omitted for duplicate)
|  \- org.springframework.data:spring-data-mongodb:jar:1.10.23.RELEASE:compile
|     +- org.springframework:spring-tx:jar:4.3.25.RELEASE:compile
|     |  +- (org.springframework:spring-beans:jar:4.3.25.RELEASE:compile - version managed from 5.2.5.RELEASE; omitted for duplicate)
|     |  \- (org.springframework:spring-core:jar:4.3.25.RELEASE:compile - version managed from 5.2.5.RELEASE; omitted for duplicate)
|     +- (org.springframework:spring-context:jar:4.3.25.RELEASE:compile - version managed from 4.3.26.RELEASE; omitted for duplicate)
|     +- (org.springframework:spring-beans:jar:4.3.25.RELEASE:compile - version managed from 5.2.5.RELEASE; omitted for duplicate)
|     +- (org.springframework:spring-core:jar:4.3.25.RELEASE:compile - version managed from 5.2.5.RELEASE; omitted for duplicate)
|     +- (org.springframework:spring-expression:jar:4.3.25.RELEASE:compile - version managed from 4.3.26.RELEASE; omitted for duplicate)
|     +- org.springframework.data:spring-data-commons:jar:1.13.23.RELEASE:compile
|     |  +- (org.springframework:spring-core:jar:4.3.25.RELEASE:compile - version managed from 5.2.5.RELEASE; omitted for duplicate)
|     |  +- (org.springframework:spring-beans:jar:4.3.25.RELEASE:compile - version managed from 5.2.5.RELEASE; omitted for duplicate)
|     |  +- (org.slf4j:slf4j-api:jar:1.7.26:compile - version managed from 1.7.25; omitted for duplicate)
|     |  \- (org.slf4j:jcl-over-slf4j:jar:1.7.26:runtime - version managed from 1.7.25; omitted for duplicate)
|     +- (org.slf4j:slf4j-api:jar:1.7.26:compile - version managed from 1.6.1; omitted for duplicate)
|     \- (org.slf4j:jcl-over-slf4j:jar:1.7.26:compile - version managed from 1.7.25; scope updated from runtime; omitted for duplicate)
+- com.querydsl:querydsl-apt:jar:4.1.4:provided
|  +- com.querydsl:querydsl-codegen:jar:4.1.4:provided
|  |  +- (com.querydsl:querydsl-core:jar:4.1.4:provided - omitted for duplicate)
|  |  +- com.mysema.codegen:codegen:jar:0.6.8:provided
|  |  |  +- (com.google.guava:guava:jar:18.0:provided - omitted for conflict with 29.0-jre)
|  |  |  \- org.eclipse.jdt.core.compiler:ecj:jar:4.3.1:provided
|  |  +- javax.inject:javax.inject:jar:1:provided
|  |  \- org.reflections:reflections:jar:0.9.9:provided
|  |     +- (com.google.guava:guava:jar:15.0:provided - omitted for conflict with 29.0-jre)
|  |     +- org.javassist:javassist:jar:3.21.0-GA:provided (version managed from 3.18.2-GA)
|  |     \- com.google.code.findbugs:annotations:jar:2.0.1:provided
|  \- javax.jdo:jdo-api:jar:3.0.1:provided
|     \- javax.transaction:jta:jar:1.1:provided
+- com.querydsl:querydsl-mongodb:jar:4.1.4:compile
|  +- com.querydsl:querydsl-core:jar:4.1.4:compile
|  |  +- (com.google.guava:guava:jar:18.0:compile - omitted for conflict with 29.0-jre)
|  |  +- (com.google.code.findbugs:jsr305:jar:1.3.9:compile - omitted for conflict with 3.0.2)
|  |  +- com.mysema.commons:mysema-commons-lang:jar:0.2.4:compile
|  |  \- com.infradna.tool:bridge-method-annotation:jar:1.13:compile
|  \- org.slf4j:slf4j-api:jar:1.7.26:compile
+- com.googlecode.json-simple:json-simple:jar:1.1.1:compile
+- com.github.ulisesbocchio:jasypt-spring-boot-starter:jar:1.18:compile
|  \- com.github.ulisesbocchio:jasypt-spring-boot:jar:1.18:compile
|     \- org.jasypt:jasypt:jar:1.9.2:compile
+- commons-beanutils:commons-beanutils:jar:1.9.4:compile
+- commons-collections:commons-collections:jar:3.2.2:compile
+- com.google.code.gson:gson:jar:2.8.5:compile
+- com.github.fakemongo:fongo:jar:2.2.0-RC2:compile
|  +- org.mozilla:rhino:jar:1.7.7.1:compile
|  +- com.vividsolutions:jts:jar:1.13:compile
|  \- de.grundid.opendatalab:geojson-jackson:jar:1.2:compile
|     +- (com.fasterxml.jackson.core:jackson-core:jar:2.10.3:compile - version managed from 2.2.2; omitted for duplicate)
|     \- (com.fasterxml.jackson.core:jackson-databind:jar:2.10.3:compile - version managed from 2.2.2; omitted for duplicate)
+- org.mockito:mockito-core:jar:1.10.19:compile
|  +- org.hamcrest:hamcrest-core:jar:1.3:runtime
|  \- org.objenesis:objenesis:jar:2.1:runtime
+- joda-time:joda-time:jar:2.9.9:compile
+- commons-io:commons-io:jar:2.4:compile
+- org.apache.httpcomponents:httpclient:jar:4.5.9:compile
|  +- (org.apache.httpcomponents:httpcore:jar:4.4.11:compile - omitted for duplicate)
|  \- (commons-codec:commons-codec:jar:1.14:compile - version managed from 1.11; omitted for duplicate)
\- org.apache.httpcomponents:httpcore:jar:4.4.11:compile

