WARNING: Your kernel does not support swap limit capabilities or the cgroup is not mounted. Memory limited without swap.
ar.com.fdvs:DynamicJasper:jar:5.3.1
+- junit:junit:jar:4.12:test
|  \- org.hamcrest:hamcrest-core:jar:1.3:test
+- net.sf.jasperreports:jasperreports:jar:6.13.0:compile
|  +- (commons-beanutils:commons-beanutils:jar:1.9.4:compile - omitted for conflict with 1.7.0)
|  +- commons-digester:commons-digester:jar:2.1:compile
|  |  \- (commons-beanutils:commons-beanutils:jar:1.8.3:compile - omitted for conflict with 1.9.4)
|  +- (org.apache.commons:commons-collections4:jar:4.2:compile - omitted for conflict with 4.1)
|  +- com.lowagie:itext:jar:2.1.7.js7:compile
|  |  \- org.bouncycastle:bcprov-jdk15on:jar:1.62:compile
|  +- org.jfree:jcommon:jar:1.0.23:compile
|  +- org.jfree:jfreechart:jar:1.0.19:compile
|  |  \- (org.jfree:jcommon:jar:1.0.23:compile - omitted for duplicate)
|  +- org.eclipse.jdt:ecj:jar:3.21.0:compile
|  +- org.codehaus.castor:castor-xml:jar:1.4.1:compile
|  |  +- org.codehaus.castor:castor-core:jar:1.4.1:compile
|  |  |  \- (org.apache.commons:commons-lang3:jar:3.4:compile - omitted for duplicate)
|  |  +- org.apache.commons:commons-lang3:jar:3.4:compile
|  |  +- (org.apache.commons:commons-collections4:jar:4.1:compile - omitted for conflict with 4.2)
|  |  \- javax.inject:javax.inject:jar:1:compile
|  +- com.fasterxml.jackson.core:jackson-core:jar:2.10.0:compile
|  +- com.fasterxml.jackson.core:jackson-databind:jar:2.10.0:compile
|  |  +- (com.fasterxml.jackson.core:jackson-annotations:jar:2.10.0:compile - omitted for duplicate)
|  |  \- (com.fasterxml.jackson.core:jackson-core:jar:2.10.0:compile - omitted for duplicate)
|  \- com.fasterxml.jackson.core:jackson-annotations:jar:2.10.0:compile
+- commons-collections:commons-collections:jar:3.2.2:compile
+- org.apache.commons:commons-collections4:jar:4.1:compile
+- commons-beanutils:commons-beanutils:jar:1.7.0:compile
|  \- commons-logging:commons-logging:jar:1.0.3:compile
+- opensymphony:xwork:jar:1.2.1:provided
|  +- (commons-logging:commons-logging:jar:1.0.4:provided - omitted for conflict with 1.0.3)
|  +- org.rifers:rife-continuations:jar:0.0.2:provided
|  +- opensymphony:oscore:jar:2.2.4:provided
|  +- ognl:ognl:jar:2.6.7:provided
|  \- (junit:junit:jar:3.8.1:provided - omitted for conflict with 4.12)
+- opensymphony:webwork:jar:2.2.4:provided
|  +- (opensymphony:xwork:jar:1.2.1:provided - omitted for duplicate)
|  +- freemarker:freemarker:jar:2.3.4:provided
|  \- (commons-logging:commons-logging:jar:1.0.4:provided - omitted for conflict with 1.0.3)
+- javax.servlet:servlet-api:jar:2.3:provided
+- net.sourceforge.barbecue:barbecue:jar:1.5-beta1:compile
+- org.apache.xmlgraphics:batik-bridge:jar:1.8:compile
|  +- org.apache.xmlgraphics:batik-anim:jar:1.8:compile
|  |  +- (org.apache.xmlgraphics:batik-awt-util:jar:1.8:compile - omitted for duplicate)
|  |  +- (org.apache.xmlgraphics:batik-css:jar:1.8:compile - omitted for duplicate)
|  |  +- (org.apache.xmlgraphics:batik-dom:jar:1.8:compile - omitted for duplicate)
|  |  +- (org.apache.xmlgraphics:batik-ext:jar:1.8:compile - omitted for duplicate)
|  |  +- (org.apache.xmlgraphics:batik-parser:jar:1.8:compile - omitted for duplicate)
|  |  +- (org.apache.xmlgraphics:batik-svg-dom:jar:1.8:compile - omitted for duplicate)
|  |  +- (org.apache.xmlgraphics:batik-util:jar:1.8:compile - omitted for duplicate)
|  |  +- (xml-apis:xml-apis:jar:1.3.04:compile - omitted for duplicate)
|  |  \- (xml-apis:xml-apis-ext:jar:1.3.04:compile - omitted for duplicate)
|  +- org.apache.xmlgraphics:batik-awt-util:jar:1.8:compile
|  |  \- (org.apache.xmlgraphics:batik-util:jar:1.8:compile - omitted for duplicate)
|  +- org.apache.xmlgraphics:batik-css:jar:1.8:compile
|  |  +- (org.apache.xmlgraphics:batik-ext:jar:1.8:compile - omitted for duplicate)
|  |  +- (org.apache.xmlgraphics:batik-util:jar:1.8:compile - omitted for duplicate)
|  |  +- (xml-apis:xml-apis:jar:1.3.04:compile - omitted for duplicate)
|  |  \- (xml-apis:xml-apis-ext:jar:1.3.04:compile - omitted for duplicate)
|  +- org.apache.xmlgraphics:batik-dom:jar:1.8:compile
|  |  +- (org.apache.xmlgraphics:batik-css:jar:1.8:compile - omitted for duplicate)
|  |  +- (org.apache.xmlgraphics:batik-ext:jar:1.8:compile - omitted for duplicate)
|  |  +- (org.apache.xmlgraphics:batik-util:jar:1.8:compile - omitted for duplicate)
|  |  +- (org.apache.xmlgraphics:batik-xml:jar:1.8:compile - omitted for duplicate)
|  |  +- (xalan:xalan:jar:2.7.0:compile - omitted for duplicate)
|  |  +- (xml-apis:xml-apis:jar:1.3.04:compile - omitted for duplicate)
|  |  \- (xml-apis:xml-apis-ext:jar:1.3.04:compile - omitted for duplicate)
|  +- org.apache.xmlgraphics:batik-ext:jar:1.8:compile
|  |  \- (xml-apis:xml-apis:jar:1.3.04:compile - omitted for duplicate)
|  +- org.apache.xmlgraphics:batik-gvt:jar:1.8:compile
|  |  +- (org.apache.xmlgraphics:batik-awt-util:jar:1.8:compile - omitted for duplicate)
|  |  \- (org.apache.xmlgraphics:batik-util:jar:1.8:compile - omitted for duplicate)
|  +- org.apache.xmlgraphics:batik-parser:jar:1.8:compile
|  |  +- (org.apache.xmlgraphics:batik-awt-util:jar:1.8:compile - omitted for duplicate)
|  |  +- (org.apache.xmlgraphics:batik-util:jar:1.8:compile - omitted for duplicate)
|  |  +- (org.apache.xmlgraphics:batik-xml:jar:1.8:compile - omitted for duplicate)
|  |  \- (xml-apis:xml-apis:jar:1.3.04:compile - omitted for duplicate)
|  +- org.apache.xmlgraphics:batik-script:jar:1.8:compile
|  |  +- (org.apache.xmlgraphics:batik-anim:jar:1.8:compile - omitted for duplicate)
|  |  +- (org.apache.xmlgraphics:batik-util:jar:1.8:compile - omitted for duplicate)
|  |  \- (xml-apis:xml-apis:jar:1.3.04:compile - omitted for duplicate)
|  +- org.apache.xmlgraphics:batik-svg-dom:jar:1.8:compile
|  |  +- (org.apache.xmlgraphics:batik-awt-util:jar:1.8:compile - omitted for duplicate)
|  |  +- (org.apache.xmlgraphics:batik-css:jar:1.8:compile - omitted for duplicate)
|  |  +- (org.apache.xmlgraphics:batik-dom:jar:1.8:compile - omitted for duplicate)
|  |  +- (org.apache.xmlgraphics:batik-ext:jar:1.8:compile - omitted for duplicate)
|  |  +- (org.apache.xmlgraphics:batik-parser:jar:1.8:compile - omitted for duplicate)
|  |  +- (org.apache.xmlgraphics:batik-util:jar:1.8:compile - omitted for duplicate)
|  |  +- (xml-apis:xml-apis:jar:1.3.04:compile - omitted for duplicate)
|  |  \- (xml-apis:xml-apis-ext:jar:1.3.04:compile - omitted for duplicate)
|  +- org.apache.xmlgraphics:batik-util:jar:1.8:compile
|  +- org.apache.xmlgraphics:batik-xml:jar:1.8:compile
|  |  \- (org.apache.xmlgraphics:batik-util:jar:1.8:compile - omitted for duplicate)
|  +- (xalan:xalan:jar:2.7.0:compile - omitted for duplicate)
|  +- xml-apis:xml-apis:jar:1.3.04:compile
|  \- xml-apis:xml-apis-ext:jar:1.3.04:compile
+- org.apache.poi:poi-ooxml:jar:3.17:test
|  +- org.apache.poi:poi:jar:3.17:test
|  |  +- commons-codec:commons-codec:jar:1.10:test
|  |  \- (org.apache.commons:commons-collections4:jar:4.1:test - omitted for duplicate)
|  +- org.apache.poi:poi-ooxml-schemas:jar:3.17:test
|  |  \- org.apache.xmlbeans:xmlbeans:jar:2.6.0:test
|  |     \- stax:stax-api:jar:1.0.1:test
|  \- com.github.virtuald:curvesapi:jar:1.04:test
+- org.apache.xmlgraphics:xmlgraphics-commons:jar:1.5:compile
|  +- commons-io:commons-io:jar:1.3.1:compile
|  \- (commons-logging:commons-logging:jar:1.0.4:compile - omitted for conflict with 1.0.3)
+- net.sourceforge.jexcelapi:jxl:jar:2.6:test
+- xalan:xalan:jar:2.7.0:test (scope not updated to compile)
|  \- (xml-apis:xml-apis:jar:1.0.b2:test - omitted for conflict with 1.3.04)
+- mysql:mysql-connector-java:jar:3.1.12:test
+- log4j:log4j:jar:1.2.14:test
+- hsqldb:hsqldb:jar:1.8.0.7:test
+- org.hibernate:hibernate-core:jar:5.3.15.Final:test
|  +- org.jboss.logging:jboss-logging:jar:3.3.2.Final:test
|  +- javax.persistence:javax.persistence-api:jar:2.2:test
|  +- org.javassist:javassist:jar:3.23.2-GA:test
|  +- net.bytebuddy:byte-buddy:jar:1.9.11:test
|  +- antlr:antlr:jar:2.7.7:test
|  +- org.jboss.spec.javax.transaction:jboss-transaction-api_1.2_spec:jar:1.1.1.Final:test
|  +- org.jboss:jandex:jar:2.0.5.Final:test
|  +- com.fasterxml:classmate:jar:1.3.4:test
|  +- javax.activation:javax.activation-api:jar:1.2.0:test
|  +- org.dom4j:dom4j:jar:2.1.1:test
|  +- org.hibernate.common:hibernate-commons-annotations:jar:5.0.4.Final:test
|  |  \- (org.jboss.logging:jboss-logging:jar:3.3.1.Final:test - omitted for conflict with 3.3.2.Final)
|  +- javax.xml.bind:jaxb-api:jar:2.3.1:test
|  |  \- (javax.activation:javax.activation-api:jar:1.2.0:test - omitted for duplicate)
|  \- org.glassfish.jaxb:jaxb-runtime:jar:2.3.1:test
|     +- (javax.xml.bind:jaxb-api:jar:2.3.1:test - omitted for duplicate)
|     +- org.glassfish.jaxb:txw2:jar:2.3.1:test
|     +- com.sun.istack:istack-commons-runtime:jar:3.0.7:test
|     +- org.jvnet.staxex:stax-ex:jar:1.8:test
|     +- com.sun.xml.fastinfoset:FastInfoset:jar:1.2.15:test
|     \- (javax.activation:javax.activation-api:jar:1.2.0:test - omitted for duplicate)
+- javax.transaction:jta:jar:1.1:test
+- httpunit:httpunit:jar:1.6.2:test
|  +- (javax.servlet:servlet-api:jar:2.3:test - omitted for duplicate)
|  \- jtidy:jtidy:jar:4aug2000r7-dev:test
+- org.springframework:spring-beans:jar:3.2.2.RELEASE:test
|  \- (org.springframework:spring-core:jar:3.2.2.RELEASE:test - omitted for duplicate)
+- ar.com.fdvs:DynamicJasper-core-fonts:jar:2.0:provided
+- ar.com.fdvs:DynamicJasper-test-fonts:jar:2.0.0:test
+- org.springframework:spring-core:jar:3.2.2.RELEASE:test
|  \- (commons-logging:commons-logging:jar:1.1.1:test - omitted for conflict with 1.0.3)
\- org.springframework:spring-test:jar:3.2.2.RELEASE:test
   \- (org.springframework:spring-core:jar:3.2.2.RELEASE:test - omitted for duplicate)

