WARNING: Your kernel does not support swap limit capabilities or the cgroup is not mounted. Memory limited without swap.
com.iota:iri:jar:1.4.1
+- org.bouncycastle:bcprov-jdk15on:jar:1.57:compile
+- org.apache.commons:commons-lang3:jar:3.5:compile
+- org.slf4j:slf4j-api:jar:1.7.25:compile
+- ch.qos.logback:logback-classic:jar:1.2.3:compile
|  +- ch.qos.logback:logback-core:jar:1.2.3:compile
|  \- (org.slf4j:slf4j-api:jar:1.7.25:compile - omitted for duplicate)
+- commons-io:commons-io:jar:2.5:compile
+- org.rocksdb:rocksdbjni:jar:5.1.4:compile
+- com.google.code.gson:gson:jar:2.8.1:compile
+- io.undertow:undertow-core:jar:1.4.6.Final:compile
|  +- org.jboss.logging:jboss-logging:jar:3.2.1.Final:compile
|  +- org.jboss.xnio:xnio-api:jar:3.3.6.Final:compile
|  \- org.jboss.xnio:xnio-nio:jar:3.3.6.Final:runtime
|     \- (org.jboss.xnio:xnio-api:jar:3.3.6.Final:runtime - omitted for duplicate)
+- io.undertow:undertow-servlet:jar:1.4.6.Final:compile
|  +- (io.undertow:undertow-core:jar:1.4.6.Final:compile - omitted for duplicate)
|  +- org.jboss.spec.javax.servlet:jboss-servlet-api_3.1_spec:jar:1.0.0.Final:compile
|  \- org.jboss.spec.javax.annotation:jboss-annotations-api_1.2_spec:jar:1.0.0.Final:compile
+- io.undertow:undertow-websockets-jsr:jar:1.4.6.Final:compile
|  +- (io.undertow:undertow-core:jar:1.4.6.Final:compile - omitted for duplicate)
|  +- (io.undertow:undertow-servlet:jar:1.4.6.Final:compile - omitted for duplicate)
|  \- org.jboss.spec.javax.websocket:jboss-websocket-api_1.1_spec:jar:1.1.0.Final:compile
+- com.sanityinc:jargs:jar:2.0-SNAPSHOT:compile
+- com.jayway.restassured:rest-assured:jar:2.9.0:test
|  +- org.codehaus.groovy:groovy:jar:2.4.4:test
|  +- org.codehaus.groovy:groovy-xml:jar:2.4.4:test
|  |  \- (org.codehaus.groovy:groovy:jar:2.4.4:test - omitted for duplicate)
|  +- org.apache.httpcomponents:httpclient:jar:4.5.1:test
|  |  +- org.apache.httpcomponents:httpcore:jar:4.4.3:test
|  |  +- commons-logging:commons-logging:jar:1.2:test
|  |  \- commons-codec:commons-codec:jar:1.9:test
|  +- org.apache.httpcomponents:httpmime:jar:4.5.1:test
|  |  \- (org.apache.httpcomponents:httpclient:jar:4.5.1:test - omitted for duplicate)
|  +- org.hamcrest:hamcrest-core:jar:1.3:test
|  +- org.hamcrest:hamcrest-library:jar:1.3:test
|  |  \- (org.hamcrest:hamcrest-core:jar:1.3:test - omitted for duplicate)
|  +- org.ccil.cowan.tagsoup:tagsoup:jar:1.2.1:test
|  +- com.jayway.restassured:json-path:jar:2.9.0:test
|  |  +- org.codehaus.groovy:groovy-json:jar:2.4.4:test
|  |  |  \- (org.codehaus.groovy:groovy:jar:2.4.4:test - omitted for duplicate)
|  |  +- (org.codehaus.groovy:groovy:jar:2.4.4:test - omitted for duplicate)
|  |  \- com.jayway.restassured:rest-assured-common:jar:2.9.0:test
|  |     +- (org.codehaus.groovy:groovy:jar:2.4.4:test - omitted for duplicate)
|  |     \- (org.apache.commons:commons-lang3:jar:3.3.2:test - omitted for conflict with 3.5)
|  \- com.jayway.restassured:xml-path:jar:2.9.0:test
|     +- (org.codehaus.groovy:groovy-xml:jar:2.4.4:test - omitted for duplicate)
|     +- (org.codehaus.groovy:groovy:jar:2.4.4:test - omitted for duplicate)
|     +- (com.jayway.restassured:rest-assured-common:jar:2.9.0:test - omitted for duplicate)
|     +- (org.apache.commons:commons-lang3:jar:3.3.2:test - omitted for conflict with 3.5)
|     \- (org.ccil.cowan.tagsoup:tagsoup:jar:1.2.1:test - omitted for duplicate)
+- com.jayway.jsonpath:json-path:jar:2.2.0:test
|  +- net.minidev:json-smart:jar:2.2.1:test
|  |  \- net.minidev:accessors-smart:jar:1.1:test
|  |     \- org.ow2.asm:asm:jar:5.0.3:test
|  \- (org.slf4j:slf4j-api:jar:1.7.16:test - omitted for conflict with 1.7.25)
+- junit:junit:jar:4.12:test (scope not updated to compile)
|  \- (org.hamcrest:hamcrest-core:jar:1.3:test - omitted for duplicate)
+- uk.co.froot.maven.enforcer:digest-enforcer-rules:jar:0.0.1:compile
|  +- org.apache.maven.enforcer:enforcer-api:jar:1.2:compile
|  |  +- (org.apache.maven:maven-plugin-api:jar:2.0.9:compile - omitted for conflict with 3.0.3)
|  |  \- org.codehaus.plexus:plexus-container-default:jar:1.0-alpha-9:compile
|  |     +- (junit:junit:jar:3.8.1:compile - omitted for conflict with 4.12)
|  |     +- (org.codehaus.plexus:plexus-utils:jar:1.0.4:compile - omitted for conflict with 2.0.6)
|  |     \- classworlds:classworlds:jar:1.1-alpha-2:compile
|  +- org.apache.maven:maven-compat:jar:3.0.3:compile
|  |  +- (org.apache.maven:maven-model:jar:3.0.3:compile - omitted for duplicate)
|  |  +- org.apache.maven:maven-model-builder:jar:3.0.3:compile
|  |  |  +- (org.codehaus.plexus:plexus-utils:jar:2.0.6:compile - omitted for conflict with 1.0.4)
|  |  |  +- (org.codehaus.plexus:plexus-interpolation:jar:1.14:compile - omitted for duplicate)
|  |  |  +- (org.codehaus.plexus:plexus-component-annotations:jar:1.5.5:compile - omitted for duplicate)
|  |  |  \- (org.apache.maven:maven-model:jar:3.0.3:compile - omitted for duplicate)
|  |  +- org.apache.maven:maven-settings:jar:3.0.3:compile
|  |  |  \- (org.codehaus.plexus:plexus-utils:jar:2.0.6:compile - omitted for conflict with 1.0.4)
|  |  +- (org.apache.maven:maven-artifact:jar:3.0.3:compile - omitted for duplicate)
|  |  +- (org.apache.maven:maven-core:jar:3.0.3:compile - omitted for duplicate)
|  |  +- org.codehaus.plexus:plexus-utils:jar:2.0.6:compile
|  |  +- org.codehaus.plexus:plexus-interpolation:jar:1.14:compile
|  |  +- org.sonatype.sisu:sisu-inject-plexus:jar:2.1.1:compile
|  |  |  +- (org.codehaus.plexus:plexus-component-annotations:jar:1.5.5:compile - omitted for duplicate)
|  |  |  +- (org.codehaus.plexus:plexus-classworlds:jar:2.4:compile - omitted for duplicate)
|  |  |  +- (org.codehaus.plexus:plexus-utils:jar:2.0.5:compile - omitted for conflict with 2.0.6)
|  |  |  \- org.sonatype.sisu:sisu-inject-bean:jar:2.1.1:compile
|  |  |     \- org.sonatype.sisu:sisu-guice:jar:no_aop:2.9.4:compile
|  |  +- org.codehaus.plexus:plexus-component-annotations:jar:1.5.5:compile
|  |  \- org.apache.maven.wagon:wagon-provider-api:jar:1.0-beta-7:compile
|  |     \- (org.codehaus.plexus:plexus-utils:jar:1.4.2:compile - omitted for conflict with 2.0.6)
|  +- org.apache.maven:maven-plugin-api:jar:3.0.3:compile
|  |  +- (org.apache.maven:maven-model:jar:3.0.3:compile - omitted for duplicate)
|  |  +- (org.apache.maven:maven-artifact:jar:3.0.3:compile - omitted for duplicate)
|  |  \- (org.sonatype.sisu:sisu-inject-plexus:jar:2.1.1:compile - omitted for duplicate)
|  +- org.apache.maven:maven-artifact:jar:3.0.3:compile
|  |  \- (org.codehaus.plexus:plexus-utils:jar:2.0.6:compile - omitted for duplicate)
|  +- org.apache.maven:maven-core:jar:3.0.3:compile
|  |  +- (org.apache.maven:maven-model:jar:3.0.3:compile - omitted for duplicate)
|  |  +- (org.apache.maven:maven-settings:jar:3.0.3:compile - omitted for duplicate)
|  |  +- org.apache.maven:maven-settings-builder:jar:3.0.3:compile
|  |  |  +- (org.codehaus.plexus:plexus-utils:jar:2.0.6:compile - omitted for duplicate)
|  |  |  +- (org.codehaus.plexus:plexus-interpolation:jar:1.14:compile - omitted for duplicate)
|  |  |  +- (org.codehaus.plexus:plexus-component-annotations:jar:1.5.5:compile - omitted for duplicate)
|  |  |  +- (org.apache.maven:maven-settings:jar:3.0.3:compile - omitted for duplicate)
|  |  |  \- (org.sonatype.plexus:plexus-sec-dispatcher:jar:1.3:compile - omitted for duplicate)
|  |  +- org.apache.maven:maven-repository-metadata:jar:3.0.3:compile
|  |  |  \- (org.codehaus.plexus:plexus-utils:jar:2.0.6:compile - omitted for duplicate)
|  |  +- (org.apache.maven:maven-artifact:jar:3.0.3:compile - omitted for duplicate)
|  |  +- (org.apache.maven:maven-plugin-api:jar:3.0.3:compile - omitted for duplicate)
|  |  +- (org.apache.maven:maven-model-builder:jar:3.0.3:compile - omitted for duplicate)
|  |  +- org.apache.maven:maven-aether-provider:jar:3.0.3:compile
|  |  |  +- (org.apache.maven:maven-model:jar:3.0.3:compile - omitted for duplicate)
|  |  |  +- (org.apache.maven:maven-model-builder:jar:3.0.3:compile - omitted for duplicate)
|  |  |  +- (org.apache.maven:maven-repository-metadata:jar:3.0.3:compile - omitted for duplicate)
|  |  |  +- (org.sonatype.aether:aether-api:jar:1.11:compile - omitted for duplicate)
|  |  |  +- org.sonatype.aether:aether-spi:jar:1.11:compile
|  |  |  |  \- (org.sonatype.aether:aether-api:jar:1.11:compile - omitted for duplicate)
|  |  |  +- (org.sonatype.aether:aether-util:jar:1.11:compile - omitted for duplicate)
|  |  |  +- (org.sonatype.aether:aether-impl:jar:1.11:compile - omitted for duplicate)
|  |  |  +- (org.codehaus.plexus:plexus-component-annotations:jar:1.5.5:compile - omitted for duplicate)
|  |  |  \- (org.codehaus.plexus:plexus-utils:jar:2.0.6:compile - omitted for duplicate)
|  |  +- org.sonatype.aether:aether-impl:jar:1.11:compile
|  |  |  +- (org.sonatype.aether:aether-api:jar:1.11:compile - omitted for duplicate)
|  |  |  +- (org.sonatype.aether:aether-spi:jar:1.11:compile - omitted for duplicate)
|  |  |  \- (org.sonatype.aether:aether-util:jar:1.11:compile - omitted for duplicate)
|  |  +- org.sonatype.aether:aether-api:jar:1.11:compile
|  |  +- org.sonatype.aether:aether-util:jar:1.11:compile
|  |  |  \- (org.sonatype.aether:aether-api:jar:1.11:compile - omitted for duplicate)
|  |  +- (org.sonatype.sisu:sisu-inject-plexus:jar:2.1.1:compile - omitted for duplicate)
|  |  +- (org.codehaus.plexus:plexus-interpolation:jar:1.14:compile - omitted for duplicate)
|  |  +- (org.codehaus.plexus:plexus-utils:jar:2.0.6:compile - omitted for duplicate)
|  |  +- org.codehaus.plexus:plexus-classworlds:jar:2.4:compile
|  |  +- (org.codehaus.plexus:plexus-component-annotations:jar:1.5.5:compile - omitted for duplicate)
|  |  \- org.sonatype.plexus:plexus-sec-dispatcher:jar:1.3:compile
|  |     +- (org.codehaus.plexus:plexus-utils:jar:1.5.5:compile - omitted for conflict with 2.0.6)
|  |     \- org.sonatype.plexus:plexus-cipher:jar:1.4:compile
|  \- org.apache.maven:maven-model:jar:3.0.3:compile
|     \- (org.codehaus.plexus:plexus-utils:jar:2.0.6:compile - omitted for duplicate)
+- org.ini4j:ini4j:jar:0.5.4:compile
\- org.zeromq:jeromq:jar:0.4.0:compile

