WARNING: Your kernel does not support swap limit capabilities or the cgroup is not mounted. Memory limited without swap.
groupId:iri:jar:1.1.2.2
+- org.apache.commons:commons-lang3:jar:3.3.2:compile
+- org.slf4j:slf4j-api:jar:1.7.21:compile
+- ch.qos.logback:logback-classic:jar:1.1.7:compile
|  +- ch.qos.logback:logback-core:jar:1.1.7:compile
|  \- (org.slf4j:slf4j-api:jar:1.7.20:compile - omitted for conflict with 1.7.21)
+- commons-io:commons-io:jar:2.5:compile
+- com.google.code.gson:gson:jar:2.8.0:compile
+- io.undertow:undertow-core:jar:1.4.6.Final:compile
|  +- org.jboss.logging:jboss-logging:jar:3.2.1.Final:compile
|  +- org.jboss.xnio:xnio-api:jar:3.3.6.Final:compile
|  \- org.jboss.xnio:xnio-nio:jar:3.3.6.Final:runtime
|     \- (org.jboss.xnio:xnio-api:jar:3.3.6.Final:runtime - omitted for duplicate)
+- io.undertow:undertow-servlet:jar:1.4.6.Final:compile
|  +- (io.undertow:undertow-core:jar:1.4.6.Final:compile - omitted for duplicate)
|  +- org.jboss.spec.javax.servlet:jboss-servlet-api_3.1_spec:jar:1.0.0.Final:compile
|  \- org.jboss.spec.javax.annotation:jboss-annotations-api_1.2_spec:jar:1.0.0.Final:compile
+- io.undertow:undertow-websockets-jsr:jar:1.4.6.Final:compile
|  +- (io.undertow:undertow-core:jar:1.4.6.Final:compile - omitted for duplicate)
|  +- (io.undertow:undertow-servlet:jar:1.4.6.Final:compile - omitted for duplicate)
|  \- org.jboss.spec.javax.websocket:jboss-websocket-api_1.1_spec:jar:1.1.0.Final:compile
+- com.sanityinc:jargs:jar:2.0-SNAPSHOT:compile
+- com.jayway.restassured:rest-assured:jar:2.9.0:test
|  +- org.codehaus.groovy:groovy:jar:2.4.4:test
|  +- org.codehaus.groovy:groovy-xml:jar:2.4.4:test
|  |  \- (org.codehaus.groovy:groovy:jar:2.4.4:test - omitted for duplicate)
|  +- org.apache.httpcomponents:httpclient:jar:4.5.1:test
|  |  +- org.apache.httpcomponents:httpcore:jar:4.4.3:test
|  |  +- commons-logging:commons-logging:jar:1.2:test
|  |  \- commons-codec:commons-codec:jar:1.9:test
|  +- org.apache.httpcomponents:httpmime:jar:4.5.1:test
|  |  \- (org.apache.httpcomponents:httpclient:jar:4.5.1:test - omitted for duplicate)
|  +- org.hamcrest:hamcrest-core:jar:1.3:test
|  +- org.hamcrest:hamcrest-library:jar:1.3:test
|  |  \- (org.hamcrest:hamcrest-core:jar:1.3:test - omitted for duplicate)
|  +- org.ccil.cowan.tagsoup:tagsoup:jar:1.2.1:test
|  +- com.jayway.restassured:json-path:jar:2.9.0:test
|  |  +- org.codehaus.groovy:groovy-json:jar:2.4.4:test
|  |  |  \- (org.codehaus.groovy:groovy:jar:2.4.4:test - omitted for duplicate)
|  |  +- (org.codehaus.groovy:groovy:jar:2.4.4:test - omitted for duplicate)
|  |  \- com.jayway.restassured:rest-assured-common:jar:2.9.0:test
|  |     +- (org.codehaus.groovy:groovy:jar:2.4.4:test - omitted for duplicate)
|  |     \- (org.apache.commons:commons-lang3:jar:3.3.2:test - omitted for duplicate)
|  \- com.jayway.restassured:xml-path:jar:2.9.0:test
|     +- (org.codehaus.groovy:groovy-xml:jar:2.4.4:test - omitted for duplicate)
|     +- (org.codehaus.groovy:groovy:jar:2.4.4:test - omitted for duplicate)
|     +- (com.jayway.restassured:rest-assured-common:jar:2.9.0:test - omitted for duplicate)
|     +- (org.apache.commons:commons-lang3:jar:3.3.2:test - omitted for duplicate)
|     \- (org.ccil.cowan.tagsoup:tagsoup:jar:1.2.1:test - omitted for duplicate)
+- com.jayway.jsonpath:json-path:jar:2.2.0:test
|  +- net.minidev:json-smart:jar:2.2.1:test
|  |  \- net.minidev:accessors-smart:jar:1.1:test
|  |     \- org.ow2.asm:asm:jar:5.0.3:test
|  \- (org.slf4j:slf4j-api:jar:1.7.16:test - omitted for conflict with 1.7.21)
\- junit:junit:jar:4.12:test
   \- (org.hamcrest:hamcrest-core:jar:1.3:test - omitted for duplicate)

