WARNING: Your kernel does not support swap limit capabilities or the cgroup is not mounted. Memory limited without swap.
com.iridium:IridiumSkyblock:jar:2.4.1
+- org.spigotmc:spigot-api:jar:LATEST:provided
|  +- commons-lang:commons-lang:jar:2.6:provided
|  +- net.md-5:bungeecord-chat:jar:1.16-R0.4:provided
|  \- org.yaml:snakeyaml:jar:1.27:provided
+- org.spigotmc.:spigot:jar:1.8.3:system
+- org.spigotmc..:spigot:jar:1.8.8:system
+- org.spigotmc...:spigot:jar:1.9:system
+- org.spigotmc....:spigot:jar:1.9.4:system
+- org.spigotmc.....:spigot:jar:1.10:system
+- org.spigotmc......:spigot:jar:1.11:system
+- org.spigotmc.......:spigot:jar:1.12:system
+- org.spigotmc........:spigot:jar:1.13:system
+- org.spigotmc.........:spigot:jar:1.13.1:system
+- org.spigotmc..........:spigot:jar:1.14:system
+- org.spigotmc...........:spigot:jar:1.15:system
+- com.google.code.gson:gson:jar:LATEST:compile
+- com.sk89q.worldedit:worldedit-bukkit:jar:7.0.0-SNAPSHOT:system
+- com.sk89q.worldedit.:worldedit-bukkit:jar:6.1.3-SNAPSHOT:system
+- me.clip:placeholderapi:jar:2.9.2:provided
+- be.maximvdw:MVdWPlaceholderAPI:jar:2.1.1-SNAPSHOT:system
+- net.ess3:EssentialsXSpawn:jar:2.16.1:provided
|  +- net.ess3:EssentialsX:jar:2.16.1:provided
|  |  +- (io.papermc:paperlib:jar:1.0.2:provided - omitted for duplicate)
|  |  +- net.ess3:NMSProvider:jar:2.16.1:provided
|  |  +- net.ess3:UpdatedMetaProvider:jar:2.16.1:provided
|  |  |  \- (net.ess3:NMSProvider:jar:2.16.1:provided - omitted for duplicate)
|  |  +- net.ess3:1_8_R1Provider:jar:2.16.1:provided
|  |  |  \- (net.ess3:NMSProvider:jar:2.16.1:provided - omitted for duplicate)
|  |  +- net.ess3:1_8_R2Provider:jar:2.16.1:provided
|  |  |  \- (net.ess3:NMSProvider:jar:2.16.1:provided - omitted for duplicate)
|  |  +- net.ess3:LegacyProvider:jar:2.16.1:provided
|  |  |  \- (net.ess3:NMSProvider:jar:2.16.1:provided - omitted for duplicate)
|  |  +- net.ess3:ReflectionProvider:jar:2.16.1:provided
|  |  |  +- (net.ess3:NMSProvider:jar:2.16.1:provided - omitted for duplicate)
|  |  |  \- org.bukkit:bukkit:jar:1.12.2-R0.1-SNAPSHOT:provided
|  |  |     +- (commons-lang:commons-lang:jar:2.6:provided - omitted for duplicate)
|  |  |     +- com.googlecode.json-simple:json-simple:jar:1.1.1:provided
|  |  |     |  \- junit:junit:jar:4.10:provided
|  |  |     |     \- org.hamcrest:hamcrest-core:jar:1.1:provided
|  |  |     +- com.google.guava:guava:jar:21.0:provided
|  |  |     +- (com.google.code.gson:gson:jar:2.8.0:provided - omitted for conflict with LATEST)
|  |  |     \- (org.yaml:snakeyaml:jar:1.19:provided - omitted for conflict with 1.27)
|  |  \- net.ess3:FlattenedProvider:jar:2.16.1:provided
|  |     \- (net.ess3:NMSProvider:jar:2.16.1:provided - omitted for duplicate)
|  \- io.papermc:paperlib:jar:1.0.2:provided
+- com.github.OmerBenGera:WildStackerAPI:jar:master:provided
+- com.vk2gpz.mergedspawner:MergedSpawners:jar:12.4.1:system
+- com.songoda:EpicSpawners:jar:12.4.1:system
+- com.gc:AdvancedSpawners:jar:12.4.1:system
+- com.songoda:UltimateStacker:jar:1.11.3:system
+- org.bstats:bstats-bukkit:jar:1.5:compile
+- net.milkbowl.vault:Vault:jar:1.7.2:provided
+- org.jetbrains:annotations:jar:16.0.1:compile
\- org.projectlombok:lombok:jar:1.18.12:provided

