WARNING: Your kernel does not support swap limit capabilities or the cgroup is not mounted. Memory limited without swap.
com.peaches:IridiumSkyblock:jar:2.1.9
+- org.spigotmc:spigot-api:jar:1.12.2-R0.1-SNAPSHOT:provided
|  +- commons-lang:commons-lang:jar:2.6:provided
|  +- com.googlecode.json-simple:json-simple:jar:1.1.1:provided
|  |  \- junit:junit:jar:4.10:provided
|  |     \- org.hamcrest:hamcrest-core:jar:1.1:provided
|  +- com.google.guava:guava:jar:21.0:provided
|  +- com.google.code.gson:gson:jar:2.8.0:provided
|  +- org.yaml:snakeyaml:jar:1.19:provided
|  \- net.md-5:bungeecord-chat:jar:1.12-SNAPSHOT:provided
|     +- (com.google.code.gson:gson:jar:2.8.0:provided - omitted for duplicate)
|     \- (com.google.guava:guava:jar:20.0:provided - omitted for conflict with 21.0)
+- me.clip:placeholderapi:jar:2.8.4:provided
+- be.maximvdw:MVdWPlaceholderAPI:jar:2.1.1-SNAPSHOT:system
+- net.ess3:EssentialsXSpawn:jar:2.16.1:provided
|  +- net.ess3:EssentialsX:jar:2.16.1:provided
|  |  +- (io.papermc:paperlib:jar:1.0.2:provided - omitted for duplicate)
|  |  +- net.ess3:NMSProvider:jar:2.16.1:provided
|  |  +- net.ess3:UpdatedMetaProvider:jar:2.16.1:provided
|  |  |  \- (net.ess3:NMSProvider:jar:2.16.1:provided - omitted for duplicate)
|  |  +- net.ess3:1_8_R1Provider:jar:2.16.1:provided
|  |  |  \- (net.ess3:NMSProvider:jar:2.16.1:provided - omitted for duplicate)
|  |  +- net.ess3:1_8_R2Provider:jar:2.16.1:provided
|  |  |  \- (net.ess3:NMSProvider:jar:2.16.1:provided - omitted for duplicate)
|  |  +- net.ess3:LegacyProvider:jar:2.16.1:provided
|  |  |  \- (net.ess3:NMSProvider:jar:2.16.1:provided - omitted for duplicate)
|  |  +- net.ess3:ReflectionProvider:jar:2.16.1:provided
|  |  |  +- (net.ess3:NMSProvider:jar:2.16.1:provided - omitted for duplicate)
|  |  |  \- org.bukkit:bukkit:jar:1.12.2-R0.1-SNAPSHOT:provided
|  |  |     +- (commons-lang:commons-lang:jar:2.6:provided - omitted for duplicate)
|  |  |     +- (com.googlecode.json-simple:json-simple:jar:1.1.1:provided - omitted for duplicate)
|  |  |     +- (com.google.guava:guava:jar:21.0:provided - omitted for duplicate)
|  |  |     +- (com.google.code.gson:gson:jar:2.8.0:provided - omitted for duplicate)
|  |  |     \- (org.yaml:snakeyaml:jar:1.19:provided - omitted for duplicate)
|  |  \- net.ess3:FlattenedProvider:jar:2.16.1:provided
|  |     \- (net.ess3:NMSProvider:jar:2.16.1:provided - omitted for duplicate)
|  \- io.papermc:paperlib:jar:1.0.2:provided
+- com.github.OmerBenGera:WildStackerAPI:jar:master:provided
\- net.milkbowl.vault:Vault:jar:1.7.2:provided

