WARNING: Your kernel does not support swap limit capabilities or the cgroup is not mounted. Memory limited without swap.
org.glassfish.grizzly:grizzly-http-client:jar:1.15
+- org.glassfish.grizzly:connection-pool:jar:2.4.3:compile
|  \- org.glassfish.grizzly:grizzly-framework:jar:2.4.3:compile
+- org.glassfish.grizzly:grizzly-websockets:jar:2.4.3:compile
|  +- (org.glassfish.grizzly:grizzly-framework:jar:2.4.3:compile - omitted for duplicate)
|  \- org.glassfish.grizzly:grizzly-http:jar:2.4.3:compile
|     \- (org.glassfish.grizzly:grizzly-framework:jar:2.4.3:compile - omitted for duplicate)
+- org.glassfish.grizzly:grizzly-http-server:jar:2.4.3:test
|  \- (org.glassfish.grizzly:grizzly-http:jar:2.4.3:test - omitted for duplicate)
+- org.slf4j:slf4j-api:jar:1.7.12:compile
+- com.google.guava:guava:jar:11.0.2:compile
|  \- com.google.code.findbugs:jsr305:jar:1.3.9:compile
+- ch.qos.logback:logback-classic:jar:1.2.3:test
|  +- ch.qos.logback:logback-core:jar:1.2.3:test
|  \- (org.slf4j:slf4j-api:jar:1.7.25:test - omitted for conflict with 1.7.12)
+- log4j:log4j:jar:1.2.17:test
+- org.testng:testng:jar:6.8.8:test
|  \- com.beust:jcommander:jar:1.27:test
+- org.mockito:mockito-all:jar:1.10.19:test
+- org.eclipse.jetty:jetty-server:jar:9.4.9.v20180320:test
|  +- javax.servlet:javax.servlet-api:jar:3.1.0:test
|  +- org.eclipse.jetty:jetty-http:jar:9.4.9.v20180320:test
|  |  +- (org.eclipse.jetty:jetty-util:jar:9.4.9.v20180320:test - omitted for duplicate)
|  |  \- (org.eclipse.jetty:jetty-io:jar:9.4.9.v20180320:test - omitted for duplicate)
|  \- org.eclipse.jetty:jetty-io:jar:9.4.9.v20180320:test
|     \- (org.eclipse.jetty:jetty-util:jar:9.4.9.v20180320:test - omitted for duplicate)
+- org.eclipse.jetty:jetty-proxy:jar:9.4.9.v20180320:test
|  +- org.eclipse.jetty:jetty-util:jar:9.4.9.v20180320:test
|  \- org.eclipse.jetty:jetty-client:jar:9.4.9.v20180320:test
|     +- (org.eclipse.jetty:jetty-http:jar:9.4.9.v20180320:test - omitted for duplicate)
|     \- (org.eclipse.jetty:jetty-io:jar:9.4.9.v20180320:test - omitted for duplicate)
+- org.eclipse.jetty.websocket:websocket-server:jar:9.4.9.v20180320:test
|  +- org.eclipse.jetty.websocket:websocket-common:jar:9.4.9.v20180320:test
|  |  +- org.eclipse.jetty.websocket:websocket-api:jar:9.4.9.v20180320:test
|  |  +- (org.eclipse.jetty:jetty-util:jar:9.4.9.v20180320:test - omitted for duplicate)
|  |  \- (org.eclipse.jetty:jetty-io:jar:9.4.9.v20180320:test - omitted for duplicate)
|  +- org.eclipse.jetty.websocket:websocket-client:jar:9.4.9.v20180320:test
|  |  +- (org.eclipse.jetty:jetty-client:jar:9.4.9.v20180320:test - omitted for duplicate)
|  |  +- org.eclipse.jetty:jetty-xml:jar:9.4.9.v20180320:test
|  |  |  \- (org.eclipse.jetty:jetty-util:jar:9.4.9.v20180320:test - omitted for duplicate)
|  |  +- (org.eclipse.jetty:jetty-util:jar:9.4.9.v20180320:test - omitted for duplicate)
|  |  +- (org.eclipse.jetty:jetty-io:jar:9.4.9.v20180320:test - omitted for duplicate)
|  |  \- (org.eclipse.jetty.websocket:websocket-common:jar:9.4.9.v20180320:test - omitted for duplicate)
|  +- org.eclipse.jetty.websocket:websocket-servlet:jar:9.4.9.v20180320:test
|  |  +- (org.eclipse.jetty.websocket:websocket-api:jar:9.4.9.v20180320:test - omitted for duplicate)
|  |  \- (javax.servlet:javax.servlet-api:jar:3.1.0:test - omitted for duplicate)
|  +- org.eclipse.jetty:jetty-servlet:jar:9.4.9.v20180320:test
|  |  \- org.eclipse.jetty:jetty-security:jar:9.4.9.v20180320:test
|  |     \- (org.eclipse.jetty:jetty-server:jar:9.4.9.v20180320:test - omitted for duplicate)
|  \- (org.eclipse.jetty:jetty-http:jar:9.4.9.v20180320:test - omitted for duplicate)
+- commons-io:commons-io:jar:2.0.1:test
\- commons-fileupload:commons-fileupload:jar:1.2.2:test

