WARNING: Your kernel does not support swap limit capabilities or the cgroup is not mounted. Memory limited without swap.
com.github.javaito:hcjf:jar:1.6.9
+- com.github.javaito:hcjf-bson:jar:1.0.6:compile
|  \- (junit:junit:jar:4.12:compile - omitted for duplicate)
+- com.google.code.gson:gson:jar:2.8.2:compile
+- junit:junit:jar:4.12:compile
|  \- org.hamcrest:hamcrest-core:jar:1.3:compile
\- io.kubernetes:client-java:jar:3.0.0:compile
   +- io.kubernetes:client-java-api:jar:3.0.0:compile
   |  +- io.sundr:builder-annotations:jar:0.9.2:compile
   |  |  +- io.sundr:sundr-core:jar:0.9.2:compile
   |  |  +- io.sundr:sundr-codegen:jar:0.9.2:compile
   |  |  \- io.sundr:resourcecify-annotations:jar:0.9.2:compile
   |  +- io.swagger:swagger-annotations:jar:1.5.12:compile
   |  +- com.squareup.okhttp:okhttp:jar:2.7.5:compile
   |  |  \- com.squareup.okio:okio:jar:1.6.0:compile
   |  +- com.squareup.okhttp:logging-interceptor:jar:2.7.5:compile
   |  |  \- (com.squareup.okhttp:okhttp:jar:2.7.5:compile - omitted for duplicate)
   |  +- (com.google.code.gson:gson:jar:2.6.2:compile - omitted for conflict with 2.8.2)
   |  +- joda-time:joda-time:jar:2.9.3:compile
   |  +- org.joda:joda-convert:jar:1.2:compile
   |  \- (org.apache.commons:commons-lang3:jar:3.7:compile - omitted for duplicate)
   +- io.kubernetes:client-java-proto:jar:3.0.0:compile
   |  \- (com.google.protobuf:protobuf-java:jar:3.4.0:compile - omitted for duplicate)
   +- org.yaml:snakeyaml:jar:1.19:compile
   +- commons-codec:commons-codec:jar:1.11:compile
   +- org.apache.commons:commons-compress:jar:1.18:compile
   +- org.apache.commons:commons-lang3:jar:3.7:compile
   +- com.squareup.okhttp:okhttp-ws:jar:2.7.5:compile
   |  \- (com.squareup.okhttp:okhttp:jar:2.7.5:compile - omitted for duplicate)
   +- com.google.guava:guava:jar:25.1-jre:compile
   |  +- com.google.code.findbugs:jsr305:jar:3.0.2:compile
   |  +- org.checkerframework:checker-qual:jar:2.0.0:compile
   |  +- com.google.errorprone:error_prone_annotations:jar:2.1.3:compile
   |  +- com.google.j2objc:j2objc-annotations:jar:1.1:compile
   |  \- org.codehaus.mojo:animal-sniffer-annotations:jar:1.14:compile
   +- org.slf4j:slf4j-api:jar:1.7.25:compile
   +- org.bouncycastle:bcprov-ext-jdk15on:jar:1.59:compile
   +- org.bouncycastle:bcpkix-jdk15on:jar:1.59:compile
   |  \- org.bouncycastle:bcprov-jdk15on:jar:1.59:compile
   +- com.google.protobuf:protobuf-java:jar:3.4.0:compile
   \- com.microsoft.azure:adal4j:jar:1.6.0:compile
      +- com.nimbusds:oauth2-oidc-sdk:jar:5.24.1:compile
      |  +- javax.mail:mail:jar:1.4.7:compile
      |  |  \- javax.activation:activation:jar:1.1:compile
      |  +- com.github.stephenc.jcip:jcip-annotations:jar:1.0-1:compile
      |  +- (org.apache.commons:commons-lang3:jar:3.5:compile - omitted for conflict with 3.7)
      |  +- org.apache.commons:commons-collections4:jar:4.1:compile
      |  +- net.minidev:json-smart:jar:1.3.1:compile
      |  +- com.nimbusds:lang-tag:jar:1.5:compile
      |  \- com.nimbusds:nimbus-jose-jwt:jar:9.1.2:compile
      |     \- (com.github.stephenc.jcip:jcip-annotations:jar:1.0-1:compile - omitted for duplicate)
      +- (com.google.code.gson:gson:jar:2.8.0:compile - omitted for conflict with 2.8.2)
      +- (org.slf4j:slf4j-api:jar:1.7.21:compile - omitted for conflict with 1.7.25)
      \- (commons-codec:commons-codec:jar:1.10:compile - omitted for conflict with 1.11)

