WARNING: Your kernel does not support swap limit capabilities or the cgroup is not mounted. Memory limited without swap.
com.ning:async-http-client:jar:1.9.0-BETA22
+- io.netty:netty:jar:3.9.5.Final:compile
+- org.glassfish.grizzly:grizzly-websockets:jar:2.3.17:compile
|  +- org.glassfish.grizzly:grizzly-framework:jar:2.3.17:compile
|  \- org.glassfish.grizzly:grizzly-http:jar:2.3.17:compile
|     \- (org.glassfish.grizzly:grizzly-framework:jar:2.3.17:compile - omitted for duplicate)
+- org.glassfish.grizzly:grizzly-http-server:jar:2.3.17:test
|  \- (org.glassfish.grizzly:grizzly-http:jar:2.3.17:test - omitted for duplicate)
+- org.slf4j:slf4j-api:jar:1.7.7:compile
+- com.google.guava:guava:jar:11.0.2:compile
|  \- com.google.code.findbugs:jsr305:jar:1.3.9:compile
+- ch.qos.logback:logback-classic:jar:1.1.2:test
|  +- ch.qos.logback:logback-core:jar:1.1.2:test
|  \- (org.slf4j:slf4j-api:jar:1.7.6:test - omitted for conflict with 1.7.7)
+- log4j:log4j:jar:1.2.13:test
+- org.testng:testng:jar:6.8.8:test
|  \- com.beust:jcommander:jar:1.27:test
+- org.eclipse.jetty:jetty-server:jar:8.1.1.v20120215:test
|  +- org.eclipse.jetty.orbit:javax.servlet:jar:3.0.0.v201112011016:test
|  +- org.eclipse.jetty:jetty-continuation:jar:8.1.1.v20120215:test
|  \- org.eclipse.jetty:jetty-http:jar:8.1.1.v20120215:test
|     \- (org.eclipse.jetty:jetty-io:jar:8.1.1.v20120215:test - omitted for duplicate)
+- org.eclipse.jetty:jetty-servlet:jar:8.1.1.v20120215:test
|  \- (org.eclipse.jetty:jetty-security:jar:8.1.1.v20120215:test - omitted for duplicate)
+- org.eclipse.jetty:jetty-websocket:jar:8.1.1.v20120215:test
|  +- org.eclipse.jetty:jetty-util:jar:8.1.1.v20120215:test
|  +- org.eclipse.jetty:jetty-io:jar:8.1.1.v20120215:test
|  |  \- (org.eclipse.jetty:jetty-util:jar:8.1.1.v20120215:test - omitted for duplicate)
|  \- (org.eclipse.jetty:jetty-http:jar:8.1.1.v20120215:test - omitted for duplicate)
+- org.eclipse.jetty:jetty-servlets:jar:8.1.1.v20120215:test
|  +- (org.eclipse.jetty:jetty-continuation:jar:8.1.1.v20120215:test - omitted for duplicate)
|  +- org.eclipse.jetty:jetty-client:jar:8.1.1.v20120215:test
|  |  \- (org.eclipse.jetty:jetty-http:jar:8.1.1.v20120215:test - omitted for duplicate)
|  \- (org.eclipse.jetty:jetty-util:jar:8.1.1.v20120215:test - omitted for duplicate)
+- org.eclipse.jetty:jetty-security:jar:8.1.1.v20120215:test
|  \- (org.eclipse.jetty:jetty-server:jar:8.1.1.v20120215:test - omitted for duplicate)
+- org.apache.tomcat:coyote:jar:6.0.29:test
|  +- (org.apache.tomcat:catalina:jar:6.0.29:test - omitted for duplicate)
|  +- org.apache.tomcat:servlet-api:jar:6.0.29:test
|  \- org.apache.tomcat:juli:jar:6.0.29:test
+- org.apache.tomcat:catalina:jar:6.0.29:test
|  +- (org.apache.tomcat:juli:jar:6.0.29:test - omitted for duplicate)
|  \- org.apache.tomcat:annotations-api:jar:6.0.29:test
+- commons-io:commons-io:jar:2.0.1:test
\- commons-fileupload:commons-fileupload:jar:1.2.2:test

