WARNING: Your kernel does not support swap limit capabilities or the cgroup is not mounted. Memory limited without swap.
org.jbei:ice:war:4.6.4
+- org.glassfish.jersey.containers:jersey-container-servlet-core:jar:2.17:compile
|  +- org.glassfish.hk2.external:javax.inject:jar:2.4.0-b10:compile
|  +- org.glassfish.jersey.core:jersey-common:jar:2.17:compile
|  |  +- (javax.ws.rs:javax.ws.rs-api:jar:2.0.1:compile - omitted for duplicate)
|  |  +- javax.annotation:javax.annotation-api:jar:1.2:compile
|  |  +- org.glassfish.jersey.bundles.repackaged:jersey-guava:jar:2.17:compile
|  |  +- org.glassfish.hk2:hk2-api:jar:2.4.0-b10:compile
|  |  |  +- org.glassfish.hk2:hk2-utils:jar:2.4.0-b10:compile
|  |  |  \- org.glassfish.hk2.external:aopalliance-repackaged:jar:2.4.0-b10:compile
|  |  +- (org.glassfish.hk2.external:javax.inject:jar:2.4.0-b10:compile - omitted for duplicate)
|  |  +- org.glassfish.hk2:hk2-locator:jar:2.4.0-b10:compile
|  |  |  +- (org.glassfish.hk2.external:javax.inject:jar:2.4.0-b10:compile - omitted for duplicate)
|  |  |  +- (org.glassfish.hk2.external:aopalliance-repackaged:jar:2.4.0-b10:compile - omitted for duplicate)
|  |  |  +- (org.glassfish.hk2:hk2-api:jar:2.4.0-b10:compile - omitted for duplicate)
|  |  |  +- (org.glassfish.hk2:hk2-utils:jar:2.4.0-b10:compile - omitted for duplicate)
|  |  |  \- (org.javassist:javassist:jar:3.18.1-GA:compile - omitted for duplicate)
|  |  \- org.glassfish.hk2:osgi-resource-locator:jar:1.0.1:compile
|  +- org.glassfish.jersey.core:jersey-server:jar:2.17:compile
|  |  +- (org.glassfish.jersey.core:jersey-common:jar:2.17:compile - omitted for duplicate)
|  |  +- org.glassfish.jersey.core:jersey-client:jar:2.17:compile
|  |  |  +- (javax.ws.rs:javax.ws.rs-api:jar:2.0.1:compile - omitted for duplicate)
|  |  |  +- (org.glassfish.jersey.core:jersey-common:jar:2.17:compile - omitted for duplicate)
|  |  |  +- (org.glassfish.hk2:hk2-api:jar:2.4.0-b10:compile - omitted for duplicate)
|  |  |  +- (org.glassfish.hk2.external:javax.inject:jar:2.4.0-b10:compile - omitted for duplicate)
|  |  |  \- (org.glassfish.hk2:hk2-locator:jar:2.4.0-b10:compile - omitted for duplicate)
|  |  +- (javax.ws.rs:javax.ws.rs-api:jar:2.0.1:compile - omitted for duplicate)
|  |  +- org.glassfish.jersey.media:jersey-media-jaxb:jar:2.17:compile
|  |  |  +- (org.glassfish.jersey.core:jersey-common:jar:2.17:compile - omitted for duplicate)
|  |  |  +- (org.glassfish.hk2:hk2-api:jar:2.4.0-b10:compile - omitted for duplicate)
|  |  |  +- (org.glassfish.hk2.external:javax.inject:jar:2.4.0-b10:compile - omitted for duplicate)
|  |  |  +- (org.glassfish.hk2:hk2-locator:jar:2.4.0-b10:compile - omitted for duplicate)
|  |  |  \- (org.glassfish.hk2:osgi-resource-locator:jar:1.0.1:compile - omitted for duplicate)
|  |  +- (javax.annotation:javax.annotation-api:jar:1.2:compile - omitted for duplicate)
|  |  +- (org.glassfish.hk2:hk2-api:jar:2.4.0-b10:compile - omitted for duplicate)
|  |  +- (org.glassfish.hk2.external:javax.inject:jar:2.4.0-b10:compile - omitted for duplicate)
|  |  +- (org.glassfish.hk2:hk2-locator:jar:2.4.0-b10:compile - omitted for duplicate)
|  |  \- (javax.validation:validation-api:jar:1.1.0.Final:compile - omitted for duplicate)
|  \- javax.ws.rs:javax.ws.rs-api:jar:2.0.1:compile
+- org.glassfish.jersey.media:jersey-media-multipart:jar:2.17:compile
|  +- (org.glassfish.jersey.core:jersey-common:jar:2.17:compile - omitted for duplicate)
|  \- org.jvnet.mimepull:mimepull:jar:1.9.3:compile
+- javax.servlet:javax.servlet-api:jar:3.1.0:provided
+- org.postgresql:postgresql:jar:9.4-1201-jdbc41:compile
+- com.h2database:h2:jar:1.4.190:compile
+- junit:junit:jar:4.12:test
|  \- org.hamcrest:hamcrest-core:jar:1.3:test
+- com.google.code.gson:gson:jar:2.3.1:compile
+- org.hibernate:hibernate-core:jar:5.0.5.Final:compile
|  +- org.jboss.logging:jboss-logging:jar:3.3.0.Final:compile
|  +- org.hibernate.javax.persistence:hibernate-jpa-2.1-api:jar:1.0.0.Final:compile
|  +- org.javassist:javassist:jar:3.18.1-GA:compile
|  +- antlr:antlr:jar:2.7.7:compile
|  +- org.jboss:jandex:jar:2.0.0.Final:compile
|  +- dom4j:dom4j:jar:1.6.1:compile
|  |  \- xml-apis:xml-apis:jar:1.0.b2:compile
|  \- org.hibernate.common:hibernate-commons-annotations:jar:5.0.1.Final:compile
|     \- (org.jboss.logging:jboss-logging:jar:3.3.0.Final:compile - omitted for duplicate)
+- org.hibernate:hibernate-search-orm:jar:5.5.1.Final:compile
|  +- org.hibernate:hibernate-search-engine:jar:5.5.1.Final:compile
|  |  +- (org.hibernate.common:hibernate-commons-annotations:jar:5.0.1.Final:compile - omitted for duplicate)
|  |  +- org.apache.lucene:lucene-core:jar:5.3.1:compile
|  |  +- org.apache.lucene:lucene-backward-codecs:jar:5.3.1:compile
|  |  |  \- (org.apache.lucene:lucene-core:jar:5.3.1:compile - omitted for duplicate)
|  |  +- org.apache.lucene:lucene-misc:jar:5.3.1:compile
|  |  |  \- (org.apache.lucene:lucene-core:jar:5.3.1:compile - omitted for duplicate)
|  |  +- org.apache.lucene:lucene-analyzers-common:jar:5.3.1:compile
|  |  |  \- (org.apache.lucene:lucene-core:jar:5.3.1:compile - omitted for duplicate)
|  |  +- org.apache.lucene:lucene-facet:jar:5.3.1:compile
|  |  |  +- (org.apache.lucene:lucene-core:jar:5.3.1:compile - omitted for duplicate)
|  |  |  \- org.apache.lucene:lucene-queries:jar:5.3.1:compile
|  |  \- (org.jboss.logging:jboss-logging:jar:3.3.0.Final:compile - omitted for duplicate)
|  \- (org.hibernate:hibernate-core:jar:5.0.4.Final:compile - omitted for conflict with 5.0.5.Final)
+- org.hibernate:hibernate-validator:jar:5.2.2.Final:compile
|  +- javax.validation:validation-api:jar:1.1.0.Final:compile
|  +- (org.jboss.logging:jboss-logging:jar:3.2.1.Final:compile - omitted for conflict with 3.3.0.Final)
|  \- com.fasterxml:classmate:jar:1.1.0:compile
+- org.glassfish.web:javax.el:jar:2.2.4:compile
|  \- javax.el:javax.el-api:jar:2.2.4:compile
+- org.hibernate:hibernate-c3p0:jar:5.0.4.Final:compile
|  +- (org.jboss.logging:jboss-logging:jar:3.3.0.Final:compile - omitted for duplicate)
|  +- (org.hibernate:hibernate-core:jar:5.0.4.Final:compile - omitted for conflict with 5.0.5.Final)
|  \- com.mchange:c3p0:jar:0.9.2.1:compile
|     \- com.mchange:mchange-commons-java:jar:0.2.3.4:compile
+- commons-codec:commons-codec:jar:1.10:compile
+- commons-io:commons-io:jar:2.4:compile
+- org.apache.commons:commons-email:jar:1.3.3:compile
|  +- javax.mail:mail:jar:1.4.5:compile
|  |  \- (javax.activation:activation:jar:1.1:compile - omitted for conflict with 1.1.1)
|  \- javax.activation:activation:jar:1.1.1:compile
+- com.opencsv:opencsv:jar:3.4:compile
|  \- org.apache.commons:commons-lang3:jar:3.3.2:compile
+- ch.qos.logback:logback-classic:jar:1.1.3:compile
|  +- ch.qos.logback:logback-core:jar:1.1.3:compile
|  \- org.slf4j:slf4j-api:jar:1.7.7:compile
+- org.biojava:core:jar:1.9.2:compile
|  +- commons-dbcp:commons-dbcp:jar:1.2.2:compile
|  |  \- commons-pool:commons-pool:jar:1.3:compile
|  \- org.biojava:bytecode:jar:1.9.2:compile
+- org.apache.httpcomponents:httpcore:jar:4.2.2:compile
+- org.apache.httpcomponents:httpclient:jar:4.2.1:compile
|  +- (org.apache.httpcomponents:httpcore:jar:4.2.1:compile - omitted for conflict with 4.2.2)
|  +- commons-logging:commons-logging:jar:1.1.1:compile
|  \- (commons-codec:commons-codec:jar:1.6:compile - omitted for conflict with 1.10)
+- org.mockito:mockito-all:jar:1.10.19:test
+- com.google.guava:guava:jar:18.0:compile
+- commons-validator:commons-validator:jar:1.4.1:compile
|  +- commons-beanutils:commons-beanutils:jar:1.8.3:compile
|  |  \- (commons-logging:commons-logging:jar:1.1.1:compile - omitted for duplicate)
|  +- commons-digester:commons-digester:jar:1.8.1:compile
|  +- (commons-logging:commons-logging:jar:1.2:compile - omitted for conflict with 1.1.1)
|  \- commons-collections:commons-collections:jar:3.2.1:compile
+- org.sbolstandard:libSBOLj:jar:2.0.0:compile
|  +- uk.ac.ncl.intbio:sbol-data-core:jar:0.1.2:compile
|  +- uk.ac.ncl.intbio:sbol-data-examples:jar:0.1.2:compile
|  |  +- (uk.ac.ncl.intbio:sbol-data-core:jar:0.1.2:compile - omitted for duplicate)
|  |  +- (uk.ac.ncl.intbio:sbol-data-io-RDF:jar:0.1.2:compile - omitted for duplicate)
|  |  +- uk.ac.ncl.intbio:sbol-data-io-graphviz:jar:0.1.2:compile
|  |  |  \- (uk.ac.ncl.intbio:sbol-data-core:jar:0.1.2:compile - omitted for duplicate)
|  |  +- uk.ac.ncl.intbio:sbol-data-io-json:jar:0.1.2:compile
|  |  |  +- (uk.ac.ncl.intbio:sbol-data-core:jar:0.1.2:compile - omitted for duplicate)
|  |  |  +- (uk.ac.ncl.intbio:sbol-data-io-RDF:jar:0.1.2:compile - omitted for duplicate)
|  |  |  \- org.glassfish:javax.json:jar:1.0.2:compile
|  |  +- uk.ac.ncl.intbio:sbol-data-io-turtle:jar:0.1.2:compile
|  |  |  \- (uk.ac.ncl.intbio:sbol-data-core:jar:0.1.2:compile - omitted for duplicate)
|  |  \- net.java.dev.stax-utils:stax-utils:jar:20070216:compile
|  +- uk.ac.ncl.intbio:sbol-data-io-RDF:jar:0.1.2:compile
|  |  \- (uk.ac.ncl.intbio:sbol-data-core:jar:0.1.2:compile - omitted for duplicate)
|  +- uk.ac.ncl.intbio:sbol-data-nativeSbol:jar:0.1.2:compile
|  \- org.sbolstandard:libSBOLj-deprecated:jar:1.0.0:compile
\- javax.transaction:jta:jar:1.1:compile

