WARNING: Your kernel does not support swap limit capabilities or the cgroup is not mounted. Memory limited without swap.
org.kuali.maven:kuali-wagon-s3:jar:1.0.9
+- commons-codec:commons-codec:jar:1.3:compile
+- commons-httpclient:commons-httpclient:jar:3.0.1:compile
|  +- junit:junit:jar:3.8.1:compile
|  +- (commons-logging:commons-logging:jar:1.0.3:compile - omitted for conflict with 1.1)
|  \- (commons-codec:commons-codec:jar:1.2:compile - omitted for conflict with 1.3)
+- commons-logging:commons-logging:jar:1.1:compile
|  +- log4j:log4j:jar:1.2.12:compile
|  +- logkit:logkit:jar:1.0.1:compile
|  +- avalon-framework:avalon-framework:jar:4.1.3:compile
|  \- javax.servlet:servlet-api:jar:2.3:compile
+- net.java.dev.jets3t:jets3t:jar:0.7.3:compile
|  +- (commons-codec:commons-codec:jar:1.3:compile - omitted for duplicate)
|  +- (commons-logging:commons-logging:jar:1.1.1:compile - omitted for conflict with 1.1)
|  \- (commons-httpclient:commons-httpclient:jar:3.1:compile - omitted for conflict with 3.0.1)
+- org.apache.maven.wagon:wagon-provider-api:jar:1.0-beta-6:compile
|  \- org.codehaus.plexus:plexus-utils:jar:1.4.2:compile
+- commons-io:commons-io:jar:1.3.2:compile
\- commons-lang:commons-lang:jar:2.5:compile

