WARNING: Your kernel does not support swap limit capabilities or the cgroup is not mounted. Memory limited without swap.
org.kuali.maven.wagons:maven-s3-wagon:jar:1.0.28
+- commons-codec:commons-codec:jar:1.3:compile
+- commons-httpclient:commons-httpclient:jar:3.0.1:compile
|  +- junit:junit:jar:3.8.1:compile
|  \- (commons-codec:commons-codec:jar:1.2:compile - omitted for conflict with 1.3)
+- com.amazonaws:aws-java-sdk:jar:1.1.9:compile
|  +- (commons-httpclient:commons-httpclient:jar:3.0.1:compile - omitted for duplicate)
|  +- (commons-codec:commons-codec:jar:1.3:compile - omitted for duplicate)
|  +- javax.mail:mail:jar:1.5.0-b01:compile
|  |  \- javax.activation:activation:jar:1.1:compile
|  \- stax:stax-api:jar:1.0.1:compile
+- org.codehaus.jackson:jackson-core-asl:jar:1.7.5:compile
+- org.apache.maven.wagon:wagon-provider-api:jar:1.0-beta-6:compile
|  \- org.codehaus.plexus:plexus-utils:jar:1.4.2:compile
+- commons-io:commons-io:jar:1.3.2:compile
+- commons-lang:commons-lang:jar:2.5:compile
+- org.slf4j:slf4j-api:jar:1.6.1:compile
+- org.slf4j:slf4j-log4j12:jar:1.6.1:compile
|  +- (org.slf4j:slf4j-api:jar:1.6.1:compile - omitted for duplicate)
|  \- log4j:log4j:jar:1.2.16:compile
\- org.slf4j:jcl-over-slf4j:jar:1.6.1:compile
   \- (org.slf4j:slf4j-api:jar:1.6.1:compile - omitted for duplicate)

