WARNING: Your kernel does not support swap limit capabilities or the cgroup is not mounted. Memory limited without swap.
Traceback (most recent call last):
  File "/home/jdbl/core/Debloat.py", line 80, in depClean
    output = subprocess.check_output(cmd, shell=True)
  File "/usr/lib/python3.7/subprocess.py", line 395, in check_output
    **kwargs).stdout
  File "/usr/lib/python3.7/subprocess.py", line 487, in run
    output=stdout, stderr=stderr)
subprocess.CalledProcessError: Command 'cd /tmp/tmps9qn8ol7/java-util; mvn -gs /home/jdbl/core/../maven-proxy.xml se.kth.castor:depclean-maven-plugin:1.1.0:depclean -Dcreate.pom.debloated=true -Dcreate.result.json=true > /home/jdbl/results/jdereg_java-util/2f138f61deb37c27fdfc2b4c1665593923a02166/depClean.log 2>&1' returned non-zero exit status 1.
[ERROR] Command 'cd /tmp/tmps9qn8ol7/java-util; mvn -gs /home/jdbl/core/../maven-proxy.xml se.kth.castor:depclean-maven-plugin:1.1.0:depclean -Dcreate.pom.debloated=true -Dcreate.result.json=true > /home/jdbl/results/jdereg_java-util/2f138f61deb37c27fdfc2b4c1665593923a02166/depClean.log 2>&1' returned non-zero exit status 1.
com.cedarsoftware:java-util:jar:1.20.0
+- org.apache.logging.log4j:log4j-api:jar:2.1:compile
+- org.apache.logging.log4j:log4j-core:jar:2.1:compile
|  \- (org.apache.logging.log4j:log4j-api:jar:2.1:compile - omitted for duplicate)
+- junit:junit:jar:4.12:test
|  \- org.hamcrest:hamcrest-core:jar:1.3:test
+- com.google.guava:guava:jar:16.0.1:test
+- org.mockito:mockito-all:jar:1.10.19:test
+- org.powermock:powermock-module-junit4:jar:1.6.2:test
|  +- (junit:junit:jar:4.12:test - omitted for duplicate)
|  \- org.powermock:powermock-module-junit4-common:jar:1.6.2:test
|     +- (junit:junit:jar:4.4:test - omitted for conflict with 4.12)
|     +- org.powermock:powermock-core:jar:1.6.2:test
|     |  +- (org.powermock:powermock-reflect:jar:1.6.2:test - omitted for duplicate)
|     |  \- org.javassist:javassist:jar:3.19.0-GA:test
|     \- org.powermock:powermock-reflect:jar:1.6.2:test
|        \- org.objenesis:objenesis:jar:2.1:test
\- org.powermock:powermock-api-mockito:jar:1.6.2:test
   +- (org.mockito:mockito-all:jar:1.10.19:test - omitted for duplicate)
   \- org.powermock:powermock-api-support:jar:1.6.2:test
      +- (org.powermock:powermock-core:jar:1.6.2:test - omitted for duplicate)
      \- (org.powermock:powermock-reflect:jar:1.6.2:test - omitted for duplicate)

