WARNING: Your kernel does not support swap limit capabilities or the cgroup is not mounted. Memory limited without swap.
org.jenkins-ci.lib:config-provider-model:jar:1.3.4
+- org.jenkins-ci.main:jenkins-core:jar:1.454:provided
|  +- org.jenkins-ci.main:remoting:jar:2.12:provided
|  |  \- (commons-codec:commons-codec:jar:1.4:provided - omitted for duplicate)
|  +- org.jenkins-ci.main:cli:jar:1.454:provided
|  |  +- (commons-codec:commons-codec:jar:1.4:provided - omitted for duplicate)
|  |  +- (org.jenkins-ci.main:remoting:jar:2.12:provided - omitted for duplicate)
|  |  +- (org.jvnet.localizer:localizer:jar:1.10:provided - omitted for duplicate)
|  |  \- (org.jvnet.hudson:trilead-ssh2:jar:build212-hudson-5:provided - omitted for duplicate)
|  +- org.jenkins-ci:version-number:jar:1.0:provided
|  +- org.jenkins-ci:crypto-util:jar:1.1:provided
|  |  \- (commons-io:commons-io:jar:1.4:provided - omitted for duplicate)
|  +- org.jvnet.hudson:jtidy:jar:4aug2000r7-dev-hudson-1:provided
|  +- org.sonatype.sisu:sisu-guice:jar:3.1.0:provided
|  |  +- javax.inject:javax.inject:jar:1:provided
|  |  +- aopalliance:aopalliance:jar:1.0:provided
|  |  \- org.sonatype.sisu:sisu-guava:jar:0.9.9:provided
|  +- org.jruby.ext.posix:jna-posix:jar:1.0.3:provided
|  +- org.kohsuke:trilead-putty-extension:jar:1.0:provided
|  |  \- (org.jvnet.hudson:trilead-ssh2:jar:build212-hudson-1:provided - omitted for conflict with build212-hudson-5)
|  +- org.jvnet.hudson:trilead-ssh2:jar:build212-hudson-5:provided
|  +- org.kohsuke.stapler:stapler-groovy:jar:1.178:provided
|  |  +- org.kohsuke.stapler:stapler-jelly:jar:1.178:provided
|  |  |  +- (org.kohsuke.stapler:stapler:jar:1.178:provided - omitted for duplicate)
|  |  |  +- org.jenkins-ci:commons-jelly:jar:1.1-jenkins-20110627:provided
|  |  |  |  +- (commons-beanutils:commons-beanutils:jar:1.7.0:provided - omitted for duplicate)
|  |  |  |  \- (commons-collections:commons-collections:jar:3.2:provided - omitted for duplicate)
|  |  |  \- org.jvnet.hudson.dom4j:dom4j:jar:1.6.1-hudson-3:provided
|  |  \- (org.codehaus.groovy:groovy-all:jar:1.8.3:provided - omitted for conflict with 1.8.5)
|  +- org.kohsuke.stapler:stapler-jrebel:jar:1.178:provided
|  |  \- org.kohsuke.stapler:stapler:jar:1.178:provided
|  |     +- commons-discovery:commons-discovery:jar:0.4:provided
|  |     |  \- (commons-logging:commons-logging:jar:1.0.4:provided - omitted for conflict with 1.0.3)
|  |     +- (commons-beanutils:commons-beanutils:jar:1.7.0:provided - omitted for duplicate)
|  |     +- (commons-io:commons-io:jar:1.3.1:provided - omitted for conflict with 1.4)
|  |     +- (org.jvnet.localizer:localizer:jar:1.7:provided - omitted for conflict with 1.10)
|  |     +- (org.kohsuke.stapler:json-lib:jar:2.1-rev6:provided - omitted for conflict with 2.1-rev7)
|  |     +- org.jvnet:tiger-types:jar:1.3:provided
|  |     +- com.google.guava:guava:jar:r06:provided
|  |     +- commons-fileupload:commons-fileupload:jar:1.2.1:provided
|  |     \- (junit:junit:jar:4.5:provided - omitted for conflict with 3.8.1)
|  +- org.kohsuke.stapler:stapler-adjunct-timeline:jar:1.3:provided
|  |  \- (org.kohsuke.stapler:stapler:jar:1.178:provided - omitted for duplicate)
|  +- org.kohsuke.stapler:stapler-adjunct-codemirror:jar:1.1:provided
|  |  \- (org.kohsuke.stapler:stapler:jar:1.178:provided - omitted for duplicate)
|  +- com.infradna.tool:bridge-method-annotation:jar:1.4:provided
|  |  \- (org.jvnet.hudson:annotation-indexer:jar:1.2:provided - omitted for duplicate)
|  +- org.kohsuke.stapler:json-lib:jar:2.1-rev7:provided
|  |  +- (commons-beanutils:commons-beanutils:jar:1.7.0:provided - omitted for conflict with 1.8.0)
|  |  +- (commons-collections:commons-collections:jar:3.2:provided - omitted for duplicate)
|  |  +- (commons-lang:commons-lang:jar:2.3:provided - omitted for conflict with 2.4)
|  |  +- (commons-logging:commons-logging:jar:1.1:provided - omitted for conflict with 1.1.1)
|  |  \- net.sf.ezmorph:ezmorph:jar:1.0.3:provided
|  |     \- (commons-lang:commons-lang:jar:2.3:provided - omitted for duplicate)
|  +- commons-httpclient:commons-httpclient:jar:3.1:provided
|  |  +- (commons-logging:commons-logging:jar:1.0.4:provided - omitted for conflict with 1.1)
|  |  \- (commons-codec:commons-codec:jar:1.2:provided - omitted for conflict with 1.4)
|  +- args4j:args4j:jar:2.0.16:provided
|  +- org.jvnet.hudson:annotation-indexer:jar:1.2:provided
|  +- org.jvnet.hudson:task-reactor:jar:1.2:provided
|  +- org.jvnet.localizer:localizer:jar:1.10:provided
|  +- antlr:antlr:jar:2.7.6:provided
|  +- org.jvnet.hudson:xstream:jar:1.3.1-jenkins-9:provided
|  |  \- xpp3:xpp3_min:jar:1.1.4c:provided
|  +- jfree:jfreechart:jar:1.0.9:provided
|  |  \- jfree:jcommon:jar:1.0.12:provided
|  +- org.apache.ant:ant:jar:1.8.0:provided
|  |  \- org.apache.ant:ant-launcher:jar:1.8.0:provided
|  +- commons-io:commons-io:jar:1.4:provided
|  +- commons-lang:commons-lang:jar:2.4:provided
|  +- commons-digester:commons-digester:jar:1.7:provided
|  |  +- (commons-beanutils:commons-beanutils:jar:1.6:provided - omitted for conflict with 1.7.0)
|  |  +- (commons-logging:commons-logging:jar:1.0:provided - omitted for conflict with 1.1)
|  |  \- (commons-collections:commons-collections:jar:2.1:provided - omitted for conflict with 3.2)
|  +- commons-beanutils:commons-beanutils:jar:1.8.0:provided
|  |  \- (commons-logging:commons-logging:jar:1.1.1:provided - omitted for conflict with 1.1)
|  +- javax.mail:mail:jar:1.4:provided
|  +- org.jvnet.hudson:activation:jar:1.1.1-hudson-1:provided
|  +- jaxen:jaxen:jar:1.1-beta-11:provided
|  +- commons-jelly:commons-jelly-tags-fmt:jar:1.0:provided
|  +- commons-jelly:commons-jelly-tags-xml:jar:1.1:provided
|  |  +- (commons-beanutils:commons-beanutils:jar:1.6:provided - omitted for conflict with 1.8.0)
|  |  +- (commons-collections:commons-collections:jar:2.1:provided - omitted for conflict with 3.2)
|  |  +- (commons-logging:commons-logging:jar:1.0.3:provided - omitted for conflict with 1.1)
|  |  \- (jaxen:jaxen:jar:1.1-beta-2:provided - omitted for conflict with 1.1-beta-11)
|  +- org.jvnet.hudson:commons-jelly-tags-define:jar:1.0.1-hudson-20071021:provided
|  +- org.jenkins-ci:commons-jexl:jar:1.1-jenkins-20111212:provided
|  |  \- (commons-logging:commons-logging:jar:1.0.3:provided - omitted for conflict with 1.1)
|  +- org.acegisecurity:acegi-security:jar:1.0.5:provided
|  |  +- (org.springframework:spring-core:jar:1.2.9:provided - omitted for conflict with 2.5)
|  |  +- org.springframework:spring-jdbc:jar:1.2.9:provided
|  |  |  +- (commons-logging:commons-logging:jar:1.0.4:provided - omitted for conflict with 1.1)
|  |  |  +- (org.springframework:spring-beans:jar:1.2.9:provided - omitted for conflict with 2.5)
|  |  |  +- (org.springframework:spring-core:jar:1.2.9:provided - omitted for duplicate)
|  |  |  \- org.springframework:spring-dao:jar:1.2.9:provided
|  |  |     +- (commons-logging:commons-logging:jar:1.0.4:provided - omitted for conflict with 1.1)
|  |  |     +- (org.springframework:spring-beans:jar:1.2.9:provided - omitted for duplicate)
|  |  |     +- (org.springframework:spring-context:jar:1.2.9:provided - omitted for conflict with 2.5)
|  |  |     \- (org.springframework:spring-core:jar:1.2.9:provided - omitted for duplicate)
|  |  +- (commons-lang:commons-lang:jar:2.1:provided - omitted for conflict with 2.4)
|  |  +- (commons-logging:commons-logging:jar:1.0.4:provided - omitted for conflict with 1.1)
|  |  +- (commons-codec:commons-codec:jar:1.3:provided - omitted for conflict with 1.4)
|  |  +- oro:oro:jar:2.0.8:provided
|  |  +- (commons-collections:commons-collections:jar:3.1:provided - omitted for conflict with 3.2)
|  |  \- log4j:log4j:jar:1.2.9:provided
|  +- org.codehaus.groovy:groovy-all:jar:1.8.5:provided
|  +- jline:jline:jar:0.9.94:provided
|  |  \- junit:junit:jar:3.8.1:provided
|  +- org.fusesource.jansi:jansi:jar:1.6:provided
|  +- org.springframework:spring-web:jar:2.5:provided
|  |  +- (commons-logging:commons-logging:jar:1.1:provided - omitted for duplicate)
|  |  +- org.springframework:spring-beans:jar:2.5:provided
|  |  |  +- (commons-logging:commons-logging:jar:1.1:provided - omitted for duplicate)
|  |  |  \- (org.springframework:spring-core:jar:2.5:provided - omitted for conflict with 1.2.9)
|  |  +- org.springframework:spring-context:jar:2.5:provided
|  |  |  +- (aopalliance:aopalliance:jar:1.0:provided - omitted for duplicate)
|  |  |  +- (commons-logging:commons-logging:jar:1.1:provided - omitted for duplicate)
|  |  |  +- (org.springframework:spring-beans:jar:2.5:provided - omitted for duplicate)
|  |  |  \- (org.springframework:spring-core:jar:2.5:provided - omitted for conflict with 1.2.9)
|  |  \- (org.springframework:spring-core:jar:2.5:provided - omitted for conflict with 1.2.9)
|  +- org.springframework:spring-core:jar:2.5:provided
|  |  \- (commons-logging:commons-logging:jar:1.1:provided - omitted for duplicate)
|  +- org.springframework:spring-aop:jar:2.5:provided
|  |  +- (aopalliance:aopalliance:jar:1.0:provided - omitted for duplicate)
|  |  +- (commons-logging:commons-logging:jar:1.1:provided - omitted for duplicate)
|  |  +- (org.springframework:spring-beans:jar:2.5:provided - omitted for duplicate)
|  |  \- (org.springframework:spring-core:jar:2.5:provided - omitted for duplicate)
|  +- xpp3:xpp3:jar:1.1.4c:provided
|  +- javax.servlet:jstl:jar:1.1.0:provided
|  +- commons-logging:commons-logging:jar:1.1.1:provided
|  +- com.sun.xml.txw2:txw2:jar:20070624:provided
|  +- commons-collections:commons-collections:jar:3.2:provided
|  +- org.jvnet.winp:winp:jar:1.14:provided
|  |  \- (junit:junit:jar:3.8.1:provided - omitted for duplicate)
|  +- org.jenkins-ci:memory-monitor:jar:1.7:provided
|  |  \- (net.java.dev.jna:jna:jar:3.0.3-patch-1:provided - omitted for conflict with 3.3.0-jenkins-3)
|  +- org.codehaus.woodstox:wstx-asl:jar:3.2.7:provided
|  |  \- stax:stax-api:jar:1.0.1:provided
|  +- org.jenkins-ci:jmdns:jar:3.4.0-jenkins-3:provided
|  +- net.java.dev.jna:jna:jar:3.3.0-jenkins-3:provided
|  +- org.kohsuke:akuma:jar:1.7:provided
|  |  \- (net.java.dev.jna:jna:jar:3.0.9:provided - omitted for conflict with 3.3.0-jenkins-3)
|  +- org.jvnet.libpam4j:libpam4j:jar:1.4:provided
|  |  \- (net.java.dev.jna:jna:jar:3.2.2:provided - omitted for conflict with 3.3.0-jenkins-3)
|  +- org.jvnet.libzfs:libzfs:jar:0.5:provided
|  |  \- (net.java.dev.jna:jna:jar:3.0.3-patch-1:provided - omitted for conflict with 3.3.0-jenkins-3)
|  +- com.sun.solaris:embedded_su4j:jar:1.1:provided
|  +- net.java.sezpoz:sezpoz:jar:1.9:provided
|  +- org.jenkins-ci:jinterop-wmi:jar:1.1:provided
|  |  +- org.kohsuke.jinterop:jinterop-proxy:jar:1.1:provided
|  |  |  +- (org.kohsuke.jinterop:j-interop:jar:2.0.5:provided - omitted for conflict with 2.0.6-kohsuke-1)
|  |  |  +- (org.jvnet:tiger-types:jar:1.1:provided - omitted for conflict with 1.3)
|  |  |  \- (org.samba.jcifs:jcifs:jar:1.3.3:provided - omitted for conflict with 1.3.14-kohsuke-1)
|  |  \- org.kohsuke.jinterop:j-interop:jar:2.0.6-kohsuke-1:provided
|  |     \- org.kohsuke.jinterop:j-interopdeps:jar:2.0.6-kohsuke-1:provided
|  |        \- (org.samba.jcifs:jcifs:jar:1.2.19:provided - omitted for conflict with 1.3.3)
|  +- org.jenkins-ci:windows-remote-command:jar:1.3:provided
|  |  +- (org.jenkins-ci:jinterop-wmi:jar:1.1:provided - omitted for duplicate)
|  |  \- org.samba.jcifs:jcifs:jar:1.3.14-kohsuke-1:provided
|  +- org.jvnet.robust-http-client:robust-http-client:jar:1.2:provided
|  +- commons-codec:commons-codec:jar:1.4:provided
|  +- asm:asm-commons:jar:2.2.3:provided
|  |  \- asm:asm-tree:jar:2.2.3:provided
|  |     \- asm:asm:jar:2.2.3:provided
|  +- org.kohsuke:access-modifier-annotation:jar:1.0:provided
|  |  \- (org.jvnet.hudson:annotation-indexer:jar:1.2:provided - omitted for duplicate)
|  \- org.kohsuke:owasp-html-sanitizer:jar:r88:provided
\- javax.servlet:servlet-api:jar:2.4:provided

