WARNING: Your kernel does not support swap limit capabilities or the cgroup is not mounted. Memory limited without swap.
org.jenkins-ci.plugins:active-directory:hpi:1.34
+- org.jvnet.com4j.typelibs:ado20:jar:1.0:compile
|  \- (org.jvnet.com4j:com4j:jar:20080105:compile - omitted for conflict with 20120426-2)
+- org.jvnet.com4j.typelibs:active-directory:jar:1.0:compile
|  \- (org.jvnet.com4j:com4j:jar:20080105:compile - omitted for duplicate)
+- org.jvnet.com4j:com4j:jar:20120426-2:compile
+- org.jenkins-ci.main:jenkins-war:war:1.424:test
+- org.jenkins-ci.main:jenkins-core:jar:1.424:provided
|  +- org.jenkins-ci.main:remoting:jar:2.4:provided
|  |  \- (commons-codec:commons-codec:jar:1.4:provided - omitted for duplicate)
|  +- org.jenkins-ci.main:cli:jar:1.424:provided
|  |  +- (commons-codec:commons-codec:jar:1.4:provided - omitted for duplicate)
|  |  +- (org.jenkins-ci.main:remoting:jar:2.4:provided - omitted for duplicate)
|  |  +- (org.jvnet.localizer:localizer:jar:1.10:provided - omitted for duplicate)
|  |  \- (org.jvnet.hudson:trilead-ssh2:jar:build212-hudson-5:provided - omitted for duplicate)
|  +- org.jenkins-ci:crypto-util:jar:1.1:provided
|  |  \- (commons-io:commons-io:jar:1.4:provided - omitted for duplicate)
|  +- org.jvnet.hudson:jtidy:jar:4aug2000r7-dev-hudson-1:provided
|  +- org.jruby.ext.posix:jna-posix:jar:1.0.3:provided
|  +- org.kohsuke:trilead-putty-extension:jar:1.0:provided
|  |  \- (org.jvnet.hudson:trilead-ssh2:jar:build212-hudson-1:provided - omitted for conflict with build212-hudson-5)
|  +- org.jvnet.hudson:trilead-ssh2:jar:build212-hudson-5:provided
|  +- org.kohsuke.stapler:stapler-groovy:jar:1.172:provided
|  |  \- org.kohsuke.stapler:stapler-jelly:jar:1.172:provided
|  |     +- (org.kohsuke.stapler:stapler:jar:1.172:provided - omitted for duplicate)
|  |     +- org.jenkins-ci:commons-jelly:jar:1.1-jenkins-20110627:provided
|  |     |  +- (org.jvnet.hudson:commons-jexl:jar:1.1-hudson-20090508:provided - omitted for duplicate)
|  |     |  +- (commons-beanutils:commons-beanutils:jar:1.7.0:provided - omitted for duplicate)
|  |     |  \- (commons-collections:commons-collections:jar:3.2:provided - omitted for duplicate)
|  |     \- org.jvnet.hudson.dom4j:dom4j:jar:1.6.1-hudson-3:provided
|  +- org.kohsuke.stapler:stapler-jrebel:jar:1.172:provided
|  |  \- org.kohsuke.stapler:stapler:jar:1.172:provided
|  |     +- commons-discovery:commons-discovery:jar:0.4:provided
|  |     |  \- (commons-logging:commons-logging:jar:1.0.4:provided - omitted for conflict with 1.0.3)
|  |     +- (commons-beanutils:commons-beanutils:jar:1.7.0:provided - omitted for duplicate)
|  |     +- (commons-io:commons-io:jar:1.3.1:provided - omitted for conflict with 1.4)
|  |     +- (org.jvnet.localizer:localizer:jar:1.7:provided - omitted for conflict with 1.10)
|  |     +- (org.kohsuke.stapler:json-lib:jar:2.1-rev6:provided - omitted for conflict with 2.1-rev7)
|  |     +- org.jvnet:tiger-types:jar:1.3:provided
|  |     +- com.google.guava:guava:jar:r06:provided
|  |     +- commons-fileupload:commons-fileupload:jar:1.2.1:provided
|  |     \- (junit:junit:jar:4.5:provided - omitted for conflict with 3.8.2)
|  +- org.kohsuke.stapler:stapler-adjunct-timeline:jar:1.3:provided
|  |  \- (org.kohsuke.stapler:stapler:jar:1.172:provided - omitted for duplicate)
|  +- org.kohsuke.stapler:stapler-adjunct-codemirror:jar:1.1:provided
|  |  \- (org.kohsuke.stapler:stapler:jar:1.172:provided - omitted for duplicate)
|  +- com.infradna.tool:bridge-method-annotation:jar:1.4:provided
|  |  \- (org.jvnet.hudson:annotation-indexer:jar:1.2:provided - omitted for duplicate)
|  +- org.kohsuke.stapler:json-lib:jar:2.1-rev7:provided
|  |  +- (commons-beanutils:commons-beanutils:jar:1.7.0:provided - omitted for conflict with 1.8.0)
|  |  +- (commons-collections:commons-collections:jar:3.2:provided - omitted for duplicate)
|  |  +- (commons-lang:commons-lang:jar:2.3:provided - omitted for conflict with 2.4)
|  |  +- (commons-logging:commons-logging:jar:1.1:provided - omitted for duplicate)
|  |  \- net.sf.ezmorph:ezmorph:jar:1.0.3:provided
|  |     \- (commons-lang:commons-lang:jar:2.3:provided - omitted for duplicate)
|  +- org.jenkins-ci:htmlunit:jar:2.6-jenkins-4:provided
|  |  +- xalan:xalan:jar:2.7.1:provided
|  |  |  \- xalan:serializer:jar:2.7.1:provided
|  |  +- (commons-collections:commons-collections:jar:3.2.1:provided - omitted for conflict with 3.2)
|  |  +- (commons-lang:commons-lang:jar:2.4:provided - omitted for conflict with 2.3)
|  |  +- commons-httpclient:commons-httpclient:jar:3.1:provided
|  |  |  +- (commons-logging:commons-logging:jar:1.0.4:provided - omitted for conflict with 1.1)
|  |  |  \- (commons-codec:commons-codec:jar:1.2:provided - omitted for conflict with 1.4)
|  |  +- (commons-codec:commons-codec:jar:1.4:provided - omitted for duplicate)
|  |  +- org.jvnet.hudson:htmlunit-core-js:jar:2.6-hudson-1:provided
|  |  +- xerces:xercesImpl:jar:2.9.1:provided
|  |  +- net.sourceforge.nekohtml:nekohtml:jar:1.9.13:provided
|  |  +- net.sourceforge.cssparser:cssparser:jar:0.9.5:provided
|  |  |  \- org.w3c.css:sac:jar:1.3:provided
|  |  +- (commons-io:commons-io:jar:1.4:provided - omitted for duplicate)
|  |  \- (commons-logging:commons-logging:jar:1.1.1:provided - omitted for conflict with 1.1)
|  +- args4j:args4j:jar:2.0.16:provided
|  +- org.jvnet.hudson:annotation-indexer:jar:1.2:provided
|  +- org.jvnet.hudson:task-reactor:jar:1.2:provided
|  +- org.jvnet.localizer:localizer:jar:1.10:provided
|  +- antlr:antlr:jar:2.7.6:provided
|  +- org.jvnet.hudson:xstream:jar:1.3.1-hudson-8:provided
|  |  \- xpp3:xpp3_min:jar:1.1.4c:provided
|  +- jfree:jfreechart:jar:1.0.9:provided
|  |  \- jfree:jcommon:jar:1.0.12:provided
|  +- org.apache.ant:ant:jar:1.8.0:provided
|  |  \- org.apache.ant:ant-launcher:jar:1.8.0:provided
|  +- commons-io:commons-io:jar:1.4:provided
|  +- commons-lang:commons-lang:jar:2.4:provided
|  +- commons-digester:commons-digester:jar:1.7:provided
|  |  +- (commons-beanutils:commons-beanutils:jar:1.6:provided - omitted for conflict with 1.7.0)
|  |  +- (commons-logging:commons-logging:jar:1.0:provided - omitted for conflict with 1.1)
|  |  \- (commons-collections:commons-collections:jar:2.1:provided - omitted for conflict with 3.2)
|  +- commons-beanutils:commons-beanutils:jar:1.8.0:provided
|  |  \- (commons-logging:commons-logging:jar:1.1.1:provided - omitted for conflict with 1.1)
|  +- javax.mail:mail:jar:1.4:provided
|  +- org.jvnet.hudson:activation:jar:1.1.1-hudson-1:provided
|  +- jaxen:jaxen:jar:1.1-beta-11:provided
|  +- commons-jelly:commons-jelly-tags-fmt:jar:1.0:provided
|  +- commons-jelly:commons-jelly-tags-xml:jar:1.1:provided
|  |  +- (commons-beanutils:commons-beanutils:jar:1.6:provided - omitted for conflict with 1.8.0)
|  |  +- (commons-collections:commons-collections:jar:2.1:provided - omitted for conflict with 3.2)
|  |  +- (commons-logging:commons-logging:jar:1.0.3:provided - omitted for conflict with 1.1)
|  |  \- (jaxen:jaxen:jar:1.1-beta-2:provided - omitted for conflict with 1.1-beta-11)
|  +- org.jvnet.hudson:commons-jelly-tags-define:jar:1.0.1-hudson-20071021:provided
|  +- org.jvnet.hudson:commons-jexl:jar:1.1-hudson-20090508:provided
|  |  \- (commons-logging:commons-logging:jar:1.0.3:provided - omitted for conflict with 1.1)
|  +- org.acegisecurity:acegi-security:jar:1.0.5:provided
|  |  +- (org.springframework:spring-core:jar:1.2.9:provided - omitted for conflict with 2.5)
|  |  +- org.springframework:spring-jdbc:jar:1.2.9:provided
|  |  |  +- (commons-logging:commons-logging:jar:1.0.4:provided - omitted for conflict with 1.1)
|  |  |  +- (org.springframework:spring-beans:jar:1.2.9:provided - omitted for conflict with 2.5)
|  |  |  +- (org.springframework:spring-core:jar:1.2.9:provided - omitted for duplicate)
|  |  |  \- org.springframework:spring-dao:jar:1.2.9:provided
|  |  |     +- (commons-logging:commons-logging:jar:1.0.4:provided - omitted for conflict with 1.1)
|  |  |     +- (org.springframework:spring-beans:jar:1.2.9:provided - omitted for duplicate)
|  |  |     +- (org.springframework:spring-context:jar:1.2.9:provided - omitted for conflict with 2.5)
|  |  |     \- (org.springframework:spring-core:jar:1.2.9:provided - omitted for duplicate)
|  |  +- (commons-lang:commons-lang:jar:2.1:provided - omitted for conflict with 2.4)
|  |  +- (commons-logging:commons-logging:jar:1.0.4:provided - omitted for conflict with 1.1)
|  |  +- (commons-codec:commons-codec:jar:1.3:provided - omitted for conflict with 1.4)
|  |  +- oro:oro:jar:2.0.8:provided
|  |  +- (commons-collections:commons-collections:jar:3.1:provided - omitted for conflict with 3.2)
|  |  \- log4j:log4j:jar:1.2.9:provided
|  +- org.codehaus.groovy:groovy-all:jar:1.6.0:provided
|  |  +- (junit:junit:jar:3.8.2:provided - omitted for conflict with 4.8.2)
|  |  +- (org.apache.ant:ant:jar:1.7.1:provided - omitted for conflict with 1.8.0)
|  |  +- (org.apache.ant:ant-launcher:jar:1.7.1:provided - omitted for conflict with 1.8.0)
|  |  \- jline:jline:jar:0.9.94:provided
|  |     \- (junit:junit:jar:3.8.1:provided - omitted for conflict with 3.8.2)
|  +- org.springframework:spring-web:jar:2.5:provided
|  |  +- (commons-logging:commons-logging:jar:1.1:provided - omitted for duplicate)
|  |  +- org.springframework:spring-beans:jar:2.5:provided
|  |  |  +- (commons-logging:commons-logging:jar:1.1:provided - omitted for duplicate)
|  |  |  \- (org.springframework:spring-core:jar:2.5:provided - omitted for conflict with 1.2.9)
|  |  +- org.springframework:spring-context:jar:2.5:provided
|  |  |  +- (aopalliance:aopalliance:jar:1.0:provided - omitted for duplicate)
|  |  |  +- (commons-logging:commons-logging:jar:1.1:provided - omitted for duplicate)
|  |  |  +- (org.springframework:spring-beans:jar:2.5:provided - omitted for duplicate)
|  |  |  \- (org.springframework:spring-core:jar:2.5:provided - omitted for conflict with 1.2.9)
|  |  \- (org.springframework:spring-core:jar:2.5:provided - omitted for conflict with 1.2.9)
|  +- org.springframework:spring-core:jar:2.5:provided
|  |  \- (commons-logging:commons-logging:jar:1.1:provided - omitted for duplicate)
|  +- org.springframework:spring-aop:jar:2.5:provided
|  |  +- aopalliance:aopalliance:jar:1.0:provided
|  |  +- (commons-logging:commons-logging:jar:1.1:provided - omitted for duplicate)
|  |  +- (org.springframework:spring-beans:jar:2.5:provided - omitted for duplicate)
|  |  \- (org.springframework:spring-core:jar:2.5:provided - omitted for duplicate)
|  +- xpp3:xpp3:jar:1.1.4c:provided
|  +- javax.servlet:jstl:jar:1.1.0:provided
|  +- commons-logging:commons-logging:jar:1.1:provided
|  |  +- (log4j:log4j:jar:1.2.12:provided - omitted for conflict with 1.2.9)
|  |  +- logkit:logkit:jar:1.0.1:provided
|  |  +- avalon-framework:avalon-framework:jar:4.1.3:provided
|  |  \- (javax.servlet:servlet-api:jar:2.3:provided - omitted for conflict with 2.4)
|  +- com.sun.xml.txw2:txw2:jar:20070624:provided
|  +- commons-collections:commons-collections:jar:3.2:provided
|  +- org.jvnet.winp:winp:jar:1.14:provided
|  |  \- (junit:junit:jar:3.8.1:provided - omitted for conflict with 3.8.2)
|  +- org.jenkins-ci:memory-monitor:jar:1.5:provided
|  |  \- (net.java.dev.jna:jna:jar:3.0.3-patch-1:provided - omitted for conflict with 3.3.0-jenkins-2)
|  +- org.codehaus.woodstox:wstx-asl:jar:3.2.7:provided
|  |  \- stax:stax-api:jar:1.0.1:provided
|  +- org.jenkins-ci:jmdns:jar:3.4.0-jenkins-2:provided
|  +- net.java.dev.jna:jna:jar:3.3.0-jenkins-2:provided
|  +- com.sun.akuma:akuma:jar:1.4:provided
|  |  \- (net.java.dev.jna:jna:jar:3.0.9:provided - omitted for conflict with 3.3.0-jenkins-2)
|  +- org.jvnet.libpam4j:libpam4j:jar:1.4:provided
|  |  \- (net.java.dev.jna:jna:jar:3.2.2:provided - omitted for conflict with 3.3.0-jenkins-2)
|  +- org.jvnet.libzfs:libzfs:jar:0.5:provided
|  |  \- (net.java.dev.jna:jna:jar:3.0.3-patch-1:provided - omitted for conflict with 3.3.0-jenkins-2)
|  +- com.sun.solaris:embedded_su4j:jar:1.1:provided
|  +- net.java.sezpoz:sezpoz:jar:1.9:provided
|  +- org.jenkins-ci:jinterop-wmi:jar:1.1:provided
|  |  +- org.kohsuke.jinterop:jinterop-proxy:jar:1.1:provided
|  |  |  +- (org.kohsuke.jinterop:j-interop:jar:2.0.5:provided - omitted for conflict with 2.0.6-kohsuke-1)
|  |  |  +- (org.jvnet:tiger-types:jar:1.1:provided - omitted for conflict with 1.3)
|  |  |  \- (org.samba.jcifs:jcifs:jar:1.3.3:provided - omitted for conflict with 1.3.14-kohsuke-1)
|  |  \- org.kohsuke.jinterop:j-interop:jar:2.0.6-kohsuke-1:provided
|  |     \- org.kohsuke.jinterop:j-interopdeps:jar:2.0.6-kohsuke-1:provided
|  |        \- (org.samba.jcifs:jcifs:jar:1.2.19:provided - omitted for conflict with 1.3.3)
|  +- org.jenkins-ci:windows-remote-command:jar:1.3:provided
|  |  +- (org.jenkins-ci:jinterop-wmi:jar:1.1:provided - omitted for duplicate)
|  |  \- org.samba.jcifs:jcifs:jar:1.3.14-kohsuke-1:provided
|  +- org.jvnet.robust-http-client:robust-http-client:jar:1.2:provided
|  +- commons-codec:commons-codec:jar:1.4:provided
|  +- asm:asm-commons:jar:2.2.3:provided
|  |  \- asm:asm-tree:jar:2.2.3:provided
|  |     \- asm:asm:jar:2.2.3:provided
|  \- org.kohsuke:access-modifier-annotation:jar:1.0:provided
|     \- (org.jvnet.hudson:annotation-indexer:jar:1.2:provided - omitted for duplicate)
+- org.jenkins-ci.main:jenkins-test-harness:jar:1.424:test
|  +- org.jenkins-ci.main:jenkins-war:jar:war-for-test:1.424:test
|  |  +- (org.jenkins-ci.main:jenkins-core:jar:1.424:test - omitted for duplicate)
|  |  +- (org.jenkins-ci.main:remoting:jar:2.4:test - omitted for duplicate)
|  |  +- org.jenkins-ci.modules:instance-identity:jar:1.1:test
|  |  |  \- bouncycastle:bcprov-jdk15:jar:140:test
|  |  \- org.jenkins-ci.modules:ssh-cli-auth:jar:1.1:test
|  |     \- (org.jenkins-ci.modules:instance-identity:jar:1.2:test - omitted for conflict with 1.1)
|  +- org.jenkins-ci.main:maven-plugin:jar:1.424:test
|  |  +- org.jenkins-ci.main.maven:maven-agent:jar:1.2:test
|  |  |  +- (org.jenkins-ci.main.maven:maven-interceptor:jar:1.2:test - omitted for duplicate)
|  |  |  +- (org.apache.ant:ant:jar:1.8.0:test - omitted for duplicate)
|  |  |  \- (commons-httpclient:commons-httpclient:jar:3.1-rc1:test - omitted for conflict with 3.1)
|  |  +- org.jenkins-ci.main.maven:maven-interceptor:jar:1.2:test
|  |  |  \- (commons-httpclient:commons-httpclient:jar:3.1-rc1:test - omitted for conflict with 3.1)
|  |  +- org.jvnet.hudson:maven2.1-interceptor:jar:1.2:test
|  |  +- org.jenkins-ci.main.maven:maven3-agent:jar:1.2:test
|  |  |  +- (org.apache.maven:maven-embedder:jar:3.0.3:test - omitted for duplicate)
|  |  |  +- (org.codehaus.plexus:plexus-classworlds:jar:2.3:test - omitted for duplicate)
|  |  |  \- (org.sonatype.sisu:sisu-inject-plexus:jar:2.2.0:test - omitted for duplicate)
|  |  +- org.jenkins-ci.main.maven:maven3-interceptor:jar:1.2:test
|  |  |  +- (org.apache.maven:maven-core:jar:3.0.3:test - omitted for duplicate)
|  |  |  +- (org.apache.maven:maven-embedder:jar:3.0.3:test - omitted for duplicate)
|  |  |  +- (org.apache.maven:maven-aether-provider:jar:3.0.3:test - omitted for duplicate)
|  |  |  \- (org.sonatype.sisu:sisu-inject-plexus:jar:2.2.0:test - omitted for duplicate)
|  |  +- (org.apache.ant:ant:jar:1.8.0:test - omitted for duplicate)
|  |  +- org.apache.maven:maven-core:jar:3.0.3:test
|  |  |  +- org.apache.maven:maven-model:jar:3.0.3:test
|  |  |  |  \- (org.codehaus.plexus:plexus-utils:jar:2.0.6:test - omitted for duplicate)
|  |  |  +- org.apache.maven:maven-settings:jar:3.0.3:test
|  |  |  |  \- (org.codehaus.plexus:plexus-utils:jar:2.0.6:test - omitted for duplicate)
|  |  |  +- org.apache.maven:maven-settings-builder:jar:3.0.3:test
|  |  |  |  +- (org.codehaus.plexus:plexus-utils:jar:2.0.6:test - omitted for duplicate)
|  |  |  |  +- (org.codehaus.plexus:plexus-interpolation:jar:1.14:test - omitted for duplicate)
|  |  |  |  +- (org.codehaus.plexus:plexus-component-annotations:jar:1.5.5:test - omitted for duplicate)
|  |  |  |  +- (org.apache.maven:maven-settings:jar:3.0.3:test - omitted for duplicate)
|  |  |  |  \- (org.sonatype.plexus:plexus-sec-dispatcher:jar:1.3:test - omitted for duplicate)
|  |  |  +- org.apache.maven:maven-repository-metadata:jar:3.0.3:test
|  |  |  |  \- (org.codehaus.plexus:plexus-utils:jar:2.0.6:test - omitted for duplicate)
|  |  |  +- org.apache.maven:maven-artifact:jar:3.0.3:test
|  |  |  |  \- (org.codehaus.plexus:plexus-utils:jar:2.0.6:test - omitted for duplicate)
|  |  |  +- org.apache.maven:maven-plugin-api:jar:3.0.3:test
|  |  |  |  +- (org.apache.maven:maven-model:jar:3.0.3:test - omitted for duplicate)
|  |  |  |  +- (org.apache.maven:maven-artifact:jar:3.0.3:test - omitted for duplicate)
|  |  |  |  \- (org.sonatype.sisu:sisu-inject-plexus:jar:2.1.1:test - omitted for conflict with 2.2.0)
|  |  |  +- org.apache.maven:maven-model-builder:jar:3.0.3:test
|  |  |  |  +- (org.codehaus.plexus:plexus-utils:jar:2.0.6:test - omitted for duplicate)
|  |  |  |  +- (org.codehaus.plexus:plexus-interpolation:jar:1.14:test - omitted for duplicate)
|  |  |  |  +- (org.codehaus.plexus:plexus-component-annotations:jar:1.5.5:test - omitted for duplicate)
|  |  |  |  \- (org.apache.maven:maven-model:jar:3.0.3:test - omitted for duplicate)
|  |  |  +- (org.apache.maven:maven-aether-provider:jar:3.0.3:test - omitted for duplicate)
|  |  |  +- (org.sonatype.aether:aether-impl:jar:1.11:test - omitted for duplicate)
|  |  |  +- (org.sonatype.aether:aether-api:jar:1.11:test - omitted for duplicate)
|  |  |  +- (org.sonatype.aether:aether-util:jar:1.11:test - omitted for duplicate)
|  |  |  +- (org.sonatype.sisu:sisu-inject-plexus:jar:2.1.1:test - omitted for conflict with 2.2.0)
|  |  |  +- org.codehaus.plexus:plexus-interpolation:jar:1.14:test
|  |  |  +- org.codehaus.plexus:plexus-utils:jar:2.0.6:test
|  |  |  +- (org.codehaus.plexus:plexus-classworlds:jar:2.4:test - omitted for conflict with 2.3)
|  |  |  +- org.codehaus.plexus:plexus-component-annotations:jar:1.5.5:test
|  |  |  \- org.sonatype.plexus:plexus-sec-dispatcher:jar:1.3:test
|  |  |     +- (org.codehaus.plexus:plexus-utils:jar:1.5.5:test - omitted for conflict with 2.0.6)
|  |  |     \- (org.sonatype.plexus:plexus-cipher:jar:1.4:test - omitted for duplicate)
|  |  +- org.apache.maven:maven-compat:jar:3.0.3:test
|  |  |  +- (org.apache.maven:maven-model:jar:3.0.3:test - omitted for duplicate)
|  |  |  +- (org.apache.maven:maven-model-builder:jar:3.0.3:test - omitted for duplicate)
|  |  |  +- (org.apache.maven:maven-settings:jar:3.0.3:test - omitted for duplicate)
|  |  |  +- (org.apache.maven:maven-artifact:jar:3.0.3:test - omitted for duplicate)
|  |  |  +- (org.apache.maven:maven-core:jar:3.0.3:test - omitted for duplicate)
|  |  |  +- (org.codehaus.plexus:plexus-utils:jar:2.0.6:test - omitted for duplicate)
|  |  |  +- (org.codehaus.plexus:plexus-interpolation:jar:1.14:test - omitted for duplicate)
|  |  |  +- (org.sonatype.sisu:sisu-inject-plexus:jar:2.1.1:test - omitted for conflict with 2.2.0)
|  |  |  +- (org.codehaus.plexus:plexus-component-annotations:jar:1.5.5:test - omitted for duplicate)
|  |  |  \- (org.apache.maven.wagon:wagon-provider-api:jar:1.0-beta-7:test - omitted for duplicate)
|  |  +- org.apache.maven:maven-aether-provider:jar:3.0.3:test
|  |  |  +- (org.apache.maven:maven-model:jar:3.0.3:test - omitted for duplicate)
|  |  |  +- (org.apache.maven:maven-model-builder:jar:3.0.3:test - omitted for duplicate)
|  |  |  +- (org.apache.maven:maven-repository-metadata:jar:3.0.3:test - omitted for duplicate)
|  |  |  +- (org.sonatype.aether:aether-api:jar:1.11:test - omitted for duplicate)
|  |  |  +- (org.sonatype.aether:aether-spi:jar:1.11:test - omitted for duplicate)
|  |  |  +- (org.sonatype.aether:aether-util:jar:1.11:test - omitted for duplicate)
|  |  |  +- (org.sonatype.aether:aether-impl:jar:1.11:test - omitted for duplicate)
|  |  |  +- (org.codehaus.plexus:plexus-component-annotations:jar:1.5.5:test - omitted for duplicate)
|  |  |  \- (org.codehaus.plexus:plexus-utils:jar:2.0.6:test - omitted for duplicate)
|  |  +- org.apache.maven:maven-embedder:jar:3.0.3:test
|  |  |  +- (org.apache.maven:maven-settings:jar:3.0.3:test - omitted for duplicate)
|  |  |  +- (org.apache.maven:maven-core:jar:3.0.3:test - omitted for duplicate)
|  |  |  +- (org.apache.maven:maven-plugin-api:jar:3.0.3:test - omitted for duplicate)
|  |  |  +- (org.apache.maven:maven-model-builder:jar:3.0.3:test - omitted for duplicate)
|  |  |  +- (org.apache.maven:maven-compat:jar:3.0.3:test - omitted for duplicate)
|  |  |  +- (org.codehaus.plexus:plexus-utils:jar:2.0.6:test - omitted for duplicate)
|  |  |  +- (org.codehaus.plexus:plexus-classworlds:jar:2.4:test - omitted for conflict with 2.3)
|  |  |  +- (org.sonatype.sisu:sisu-inject-plexus:jar:2.1.1:test - omitted for conflict with 2.2.0)
|  |  |  +- (org.codehaus.plexus:plexus-component-annotations:jar:1.5.5:test - omitted for duplicate)
|  |  |  +- (org.sonatype.plexus:plexus-sec-dispatcher:jar:1.3:test - omitted for duplicate)
|  |  |  +- org.sonatype.plexus:plexus-cipher:jar:1.4:test
|  |  |  \- commons-cli:commons-cli:jar:1.2:test
|  |  +- org.sonatype.aether:aether-api:jar:1.11:test
|  |  +- org.sonatype.aether:aether-impl:jar:1.11:test
|  |  |  +- (org.sonatype.aether:aether-api:jar:1.11:test - omitted for duplicate)
|  |  |  +- (org.sonatype.aether:aether-spi:jar:1.11:test - omitted for duplicate)
|  |  |  \- (org.sonatype.aether:aether-util:jar:1.11:test - omitted for duplicate)
|  |  +- org.sonatype.aether:aether-spi:jar:1.11:test
|  |  |  \- (org.sonatype.aether:aether-api:jar:1.11:test - omitted for duplicate)
|  |  +- org.sonatype.aether:aether-util:jar:1.11:test
|  |  |  \- (org.sonatype.aether:aether-api:jar:1.11:test - omitted for duplicate)
|  |  +- org.sonatype.aether:aether-connector-wagon:jar:1.11:test
|  |  |  +- (org.sonatype.aether:aether-api:jar:1.11:test - omitted for duplicate)
|  |  |  +- (org.sonatype.aether:aether-spi:jar:1.11:test - omitted for duplicate)
|  |  |  +- (org.sonatype.aether:aether-util:jar:1.11:test - omitted for duplicate)
|  |  |  +- (org.apache.maven.wagon:wagon-provider-api:jar:1.0-beta-6:test - omitted for conflict with 1.0-beta-7)
|  |  |  +- (org.codehaus.plexus:plexus-classworlds:jar:2.4:test - omitted for conflict with 2.3)
|  |  |  \- (org.codehaus.plexus:plexus-utils:jar:2.0.5:test - omitted for conflict with 2.0.6)
|  |  +- org.sonatype.sisu:sisu-inject-plexus:jar:2.2.0:test
|  |  |  +- (org.codehaus.plexus:plexus-component-annotations:jar:1.5.5:test - omitted for duplicate)
|  |  |  +- (org.codehaus.plexus:plexus-classworlds:jar:2.4:test - omitted for conflict with 2.3)
|  |  |  +- (org.codehaus.plexus:plexus-utils:jar:2.0.7:test - omitted for conflict with 2.0.6)
|  |  |  \- (org.sonatype.sisu:sisu-inject-bean:jar:2.2.0:test - omitted for duplicate)
|  |  +- org.sonatype.sisu:sisu-guice:jar:3.0.1:test
|  |  |  +- javax.inject:javax.inject:jar:1:test
|  |  |  \- (aopalliance:aopalliance:jar:1.0:test - omitted for duplicate)
|  |  +- org.sonatype.sisu:sisu-inject-bean:jar:2.2.0:test
|  |  +- org.apache.maven.wagon:wagon-http-lightweight:jar:1.0-beta-7:test
|  |  |  +- org.apache.maven.wagon:wagon-http-shared:jar:1.0-beta-7:test
|  |  |  |  +- (commons-logging:commons-logging:jar:1.1.1:test - omitted for conflict with 1.1)
|  |  |  |  \- (org.apache.maven.wagon:wagon-provider-api:jar:1.0-beta-7:test - omitted for duplicate)
|  |  |  \- (org.apache.maven.wagon:wagon-provider-api:jar:1.0-beta-7:test - omitted for duplicate)
|  |  +- org.apache.maven.wagon:wagon-file:jar:1.0-beta-7:test
|  |  |  \- (org.apache.maven.wagon:wagon-provider-api:jar:1.0-beta-7:test - omitted for duplicate)
|  |  +- org.apache.maven.wagon:wagon-ftp:jar:1.0-beta-7:test
|  |  |  +- commons-net:commons-net:jar:2.0:test
|  |  |  \- (org.apache.maven.wagon:wagon-provider-api:jar:1.0-beta-7:test - omitted for duplicate)
|  |  +- org.apache.maven.wagon:wagon-ssh:jar:1.0-beta-7:test
|  |  |  +- com.jcraft:jsch:jar:0.1.38:test
|  |  |  +- (org.codehaus.plexus:plexus-utils:jar:1.4.2:test - omitted for conflict with 2.0.6)
|  |  |  +- org.apache.maven.wagon:wagon-ssh-common:jar:1.0-beta-7:test
|  |  |  |  +- (org.codehaus.plexus:plexus-utils:jar:1.4.2:test - omitted for conflict with 2.0.6)
|  |  |  |  +- org.codehaus.plexus:plexus-interactivity-api:jar:1.0-alpha-6:test
|  |  |  |  |  \- (org.codehaus.plexus:plexus-utils:jar:1.4:test - omitted for conflict with 2.0.6)
|  |  |  |  \- (org.apache.maven.wagon:wagon-provider-api:jar:1.0-beta-7:test - omitted for duplicate)
|  |  |  \- (org.apache.maven.wagon:wagon-provider-api:jar:1.0-beta-7:test - omitted for duplicate)
|  |  +- org.apache.maven.wagon:wagon-ssh-external:jar:1.0-beta-7:test
|  |  |  +- (org.codehaus.plexus:plexus-utils:jar:1.4.2:test - omitted for conflict with 2.0.6)
|  |  |  +- (org.apache.maven.wagon:wagon-ssh-common:jar:1.0-beta-7:test - omitted for duplicate)
|  |  |  \- (org.apache.maven.wagon:wagon-provider-api:jar:1.0-beta-7:test - omitted for duplicate)
|  |  +- org.apache.maven.wagon:wagon-provider-api:jar:1.0-beta-7:test
|  |  |  \- (org.codehaus.plexus:plexus-utils:jar:1.4.2:test - omitted for conflict with 2.0.6)
|  |  +- org.apache.maven.reporting:maven-reporting-api:jar:3.0:test
|  |  |  \- org.apache.maven.doxia:doxia-sink-api:jar:1.0:test
|  |  +- org.codehaus.plexus:plexus-classworlds:jar:2.3:test
|  |  +- org.jenkins-ci.lib:lib-jenkins-maven-artifact-manager:jar:1.2:test
|  |  |  +- (org.codehaus.plexus:plexus-utils:jar:2.0.5:test - omitted for conflict with 2.0.6)
|  |  |  \- (org.apache.maven.wagon:wagon-provider-api:jar:1.0-beta-7:test - omitted for duplicate)
|  |  +- (commons-io:commons-io:jar:1.4:test - omitted for duplicate)
|  |  +- org.jenkins-ci.lib:lib-jenkins-maven-embedder:jar:3.4:test
|  |  |  +- (org.apache.maven:maven-core:jar:3.0.3:test - omitted for duplicate)
|  |  |  +- (org.apache.maven:maven-artifact:jar:3.0.3:test - omitted for duplicate)
|  |  |  +- (org.apache.maven:maven-compat:jar:3.0.3:test - omitted for duplicate)
|  |  |  +- (org.apache.maven:maven-embedder:jar:3.0.3:test - omitted for duplicate)
|  |  |  +- (org.apache.maven:maven-aether-provider:jar:3.0.3:test - omitted for duplicate)
|  |  |  +- (org.sonatype.sisu:sisu-inject-plexus:jar:2.2.0:test - omitted for duplicate)
|  |  |  +- (org.sonatype.sisu:sisu-guice:jar:3.0.1:test - omitted for duplicate)
|  |  |  +- (org.sonatype.aether:aether-connector-wagon:jar:1.11:test - omitted for duplicate)
|  |  |  +- (org.apache.ant:ant:jar:1.8.0:test - omitted for duplicate)
|  |  |  +- (org.apache.maven.wagon:wagon-provider-api:jar:1.0-beta-7:test - omitted for duplicate)
|  |  |  +- (org.apache.maven.wagon:wagon-file:jar:1.0-beta-7:test - omitted for duplicate)
|  |  |  \- (org.apache.maven.wagon:wagon-http-lightweight:jar:1.0-beta-7:test - omitted for duplicate)
|  |  +- (commons-httpclient:commons-httpclient:jar:3.1:test - omitted for duplicate)
|  |  +- org.apache.maven.wagon:wagon-webdav-jackrabbit:jar:1.0-beta-7:test
|  |  |  +- (org.apache.maven.wagon:wagon-http-shared:jar:1.0-beta-7:test - omitted for duplicate)
|  |  |  +- org.apache.jackrabbit:jackrabbit-webdav:jar:1.5.0:test
|  |  |  |  +- org.apache.jackrabbit:jackrabbit-jcr-commons:jar:1.5.0:test
|  |  |  |  +- org.slf4j:slf4j-api:jar:1.5.3:test
|  |  |  |  \- (commons-httpclient:commons-httpclient:jar:3.0:test - omitted for conflict with 3.1)
|  |  |  +- org.slf4j:slf4j-nop:jar:1.5.3:test
|  |  |  |  \- (org.slf4j:slf4j-api:jar:1.5.3:test - omitted for duplicate)
|  |  |  \- (org.apache.maven.wagon:wagon-provider-api:jar:1.0-beta-7:test - omitted for duplicate)
|  |  \- (net.sourceforge.nekohtml:nekohtml:jar:1.9.13:test - omitted for duplicate)
|  +- org.jenkins-ci.plugins:subversion:jar:1.25:test
|  |  \- org.jenkins-ci.svnkit:svnkit:jar:1.3.4-jenkins-4:test
|  +- org.mortbay.jetty:jetty:jar:6.1.26:test
|  |  +- org.mortbay.jetty:jetty-util:jar:6.1.26:test
|  |  \- org.mortbay.jetty:servlet-api:jar:2.5-20081211:test
|  +- org.jvnet.hudson:test-annotations:jar:1.0:test
|  +- org.jvnet.mock-javamail:mock-javamail:jar:1.7:test
|  |  +- (javax.mail:mail:jar:1.4:test - omitted for duplicate)
|  |  \- (junit:junit:jar:3.8:test - omitted for conflict with 3.8.2)
|  +- (junit:junit:jar:4.8.2:test - omitted for duplicate)
|  +- (org.jenkins-ci:htmlunit:jar:2.6-jenkins-4:test - omitted for duplicate)
|  +- org.jvnet.hudson:embedded-rhino-debugger:jar:1.2:test
|  |  \- (org.jvnet.hudson:htmlunit-core-js:jar:2.6-hudson-1:test - omitted for duplicate)
|  +- org.jvnet.hudson:netx:jar:0.5-hudson-2:test
|  \- org.easymock:easymock:jar:2.4:test
+- org.jenkins-ci.main:ui-samples-plugin:jar:1.424:test
+- junit:junit:jar:4.8.2:test
\- javax.servlet:servlet-api:jar:2.4:provided

