WARNING: Your kernel does not support swap limit capabilities or the cgroup is not mounted. Memory limited without swap.
org.jenkins-ci.plugins:artifactory:hpi:3.0.0
+- org.jenkins-ci.main:maven-plugin:jar:3.1:compile
|  +- org.jenkins-ci.plugins:javadoc:jar:1.0:compile
|  +- org.jenkins-ci.plugins:mailer:jar:1.7:compile
|  +- org.jenkins-ci.plugins:junit:jar:1.6:compile
|  +- org.jenkins-ci.main.maven:maven-agent:jar:1.12-alpha-1:compile
|  +- org.jenkins-ci.main.maven:maven-interceptor:jar:1.12-alpha-1:compile
|  +- org.jvnet.hudson:maven2.1-interceptor:jar:1.2:compile
|  +- org.jenkins-ci.main.maven:maven3-agent:jar:1.12-alpha-1:compile
|  +- org.jenkins-ci.main.maven:maven31-agent:jar:1.12-alpha-1:compile
|  +- org.jenkins-ci.main.maven:maven32-agent:jar:1.12-alpha-1:compile
|  +- org.jenkins-ci.main.maven:maven33-agent:jar:1.12-alpha-1:compile
|  +- org.jenkins-ci.main.maven:maven35-agent:jar:1.12-alpha-1:compile
|  +- org.jenkins-ci.main.maven:maven3-interceptor:jar:1.12-alpha-1:compile
|  +- org.jenkins-ci.main.maven:maven31-interceptor:jar:1.12-alpha-1:compile
|  +- org.jenkins-ci.main.maven:maven32-interceptor:jar:1.12-alpha-1:compile
|  +- org.jenkins-ci.main.maven:maven33-interceptor:jar:1.12-alpha-1:compile
|  +- org.jenkins-ci.main.maven:maven35-interceptor:jar:1.12-alpha-1:compile
|  +- org.jenkins-ci.main.maven:maven3-interceptor-commons:jar:1.12-alpha-1:compile
|  +- org.apache.maven:maven-core:jar:3.1.0:compile
|  |  +- org.apache.maven:maven-settings:jar:3.1.0:compile
|  |  +- org.apache.maven:maven-settings-builder:jar:3.1.0:compile
|  |  +- org.apache.maven:maven-plugin-api:jar:3.1.0:compile
|  |  +- org.apache.maven:maven-model-builder:jar:3.1.0:compile
|  |  +- org.codehaus.plexus:plexus-interpolation:jar:1.16:compile
|  |  \- org.sonatype.plexus:plexus-sec-dispatcher:jar:1.3:compile
|  +- org.apache.maven:maven-compat:jar:3.1.0:compile
|  +- org.apache.maven:maven-aether-provider:jar:3.1.0:compile
|  +- org.apache.maven:maven-embedder:jar:3.1.0:compile
|  |  +- org.sonatype.plexus:plexus-cipher:jar:1.7:compile
|  |  \- commons-cli:commons-cli:jar:1.2:compile
|  +- org.eclipse.aether:aether-api:jar:1.1.0:compile
|  +- org.eclipse.aether:aether-spi:jar:1.1.0:compile
|  +- org.eclipse.aether:aether-util:jar:1.1.0:compile
|  +- org.eclipse.aether:aether-transport-wagon:jar:1.1.0:compile
|  +- org.eclipse.aether:aether-connector-basic:jar:1.1.0:compile
|  +- org.eclipse.sisu:org.eclipse.sisu.plexus:jar:0.3.3:compile
|  |  +- javax.enterprise:cdi-api:jar:1.0:compile
|  |  |  \- javax.annotation:jsr250-api:jar:1.0:compile
|  |  \- org.eclipse.sisu:org.eclipse.sisu.inject:jar:0.3.3:compile
|  +- org.apache.maven.wagon:wagon-http:jar:3.0.0:compile
|  |  \- org.apache.maven.wagon:wagon-http-shared:jar:3.0.0:compile
|  |     \- org.jsoup:jsoup:jar:1.7.2:compile
|  +- org.jenkins-ci.plugins:apache-httpcomponents-client-4-api:jar:4.5.3-2.1:compile
|  |  \- org.apache.httpcomponents:httpclient-cache:jar:4.5.3:compile
|  +- org.jenkins-ci.plugins:jsch:jar:0.1.54.1:compile
|  +- org.apache.maven.wagon:wagon-file:jar:3.0.0:compile
|  +- org.apache.maven.wagon:wagon-ftp:jar:3.0.0:compile
|  |  \- commons-net:commons-net:jar:3.5:compile
|  +- org.apache.maven.wagon:wagon-ssh:jar:3.0.0:compile
|  |  +- com.jcraft:jsch.agentproxy.connector-factory:jar:0.0.9:compile
|  |  |  +- com.jcraft:jsch.agentproxy.core:jar:0.0.9:compile
|  |  |  +- com.jcraft:jsch.agentproxy.usocket-jna:jar:0.0.9:compile
|  |  |  +- com.jcraft:jsch.agentproxy.usocket-nc:jar:0.0.9:compile
|  |  |  +- com.jcraft:jsch.agentproxy.sshagent:jar:0.0.9:compile
|  |  |  \- com.jcraft:jsch.agentproxy.pageant:jar:0.0.9:compile
|  |  +- com.jcraft:jsch.agentproxy.jsch:jar:0.0.9:compile
|  |  +- org.codehaus.plexus:plexus-interactivity-api:jar:1.0-alpha-6:compile
|  |  \- org.apache.maven.wagon:wagon-ssh-common:jar:3.0.0:compile
|  +- org.apache.maven.wagon:wagon-ssh-external:jar:3.0.0:compile
|  +- org.apache.maven.wagon:wagon-provider-api:jar:3.0.0:compile
|  +- org.apache.maven.reporting:maven-reporting-api:jar:3.0:compile
|  |  \- org.apache.maven.doxia:doxia-sink-api:jar:1.0:compile
|  +- org.codehaus.plexus:plexus-utils:jar:3.0.24:compile
|  +- org.codehaus.plexus:plexus-component-annotations:jar:1.7.1:compile
|  +- org.jenkins-ci.lib:lib-jenkins-maven-artifact-manager:jar:1.2:compile
|  +- org.jenkins-ci.lib:lib-jenkins-maven-embedder:jar:3.13:compile
|  \- org.apache.maven.wagon:wagon-webdav-jackrabbit:jar:3.0.0:compile
|     \- org.apache.jackrabbit:jackrabbit-webdav:jar:2.14.1:compile
+- org.jenkins-ci.plugins:subversion:jar:2.10.1:compile (optional) 
|  +- org.tmatesoft.svnkit:svnkit:jar:1.8.14:compile (optional) 
|  |  +- de.regnis.q.sequence:sequence-library:jar:1.0.3:compile (optional) 
|  |  +- org.tmatesoft.sqljet:sqljet:jar:1.1.10:compile (optional) 
|  |  |  \- org.antlr:antlr-runtime:jar:3.4:compile (optional) 
|  |  +- net.java.dev.jna:jna-platform:jar:4.1.0:compile
|  |  +- com.trilead:trilead-ssh2:jar:1.0.0-build221:compile (optional) 
|  |  \- com.jcraft:jsch.agentproxy.svnkit-trilead-ssh2:jar:0.0.7:compile (optional) 
|  +- org.jenkins-ci.plugins:mapdb-api:jar:1.0.1.0:compile (optional) 
|  |  \- org.mapdb:mapdb:jar:1.0.1:compile (optional) 
|  +- org.jenkins-ci.plugins:ssh-credentials:jar:1.11:compile
|  +- org.jenkins-ci.plugins:scm-api:jar:2.0.8:compile
|  \- org.jenkins-ci.plugins.workflow:workflow-scm-step:jar:1.14.2:compile
+- org.jenkins-ci.plugins:git:jar:2.5.0:compile (optional) 
|  +- joda-time:joda-time:jar:2.9.2:compile (optional) 
|  +- com.infradna.tool:bridge-method-annotation:jar:1.14:compile
|  \- org.jenkins-ci.plugins:git-client:jar:1.19.6:compile
|     +- org.eclipse.jgit:org.eclipse.jgit:jar:3.7.1.201504261725-r:compile
|     |  \- com.googlecode.javaewah:JavaEWAH:jar:0.7.9:compile
|     +- org.eclipse.jgit:org.eclipse.jgit.http.server:jar:3.7.1.201504261725-r:compile
|     \- org.eclipse.jgit:org.eclipse.jgit.java7:jar:3.7.1.201504261725-r:compile
+- org.jenkins-ci.plugins.workflow:workflow-job:jar:2.0:compile
|  \- org.jenkins-ci.plugins.workflow:workflow-support:jar:1.15:compile
|     +- org.jenkins-ci.plugins:durable-task:jar:1.5:compile
|     \- org.jboss.marshalling:jboss-marshalling-river:jar:1.4.9.Final:compile
|        \- org.jboss.marshalling:jboss-marshalling:jar:1.4.9.Final:compile
+- org.jvnet.hudson.plugins:perforce:jar:1.3.7:compile (optional) 
|  \- org.slf4j:slf4j-simple:jar:1.4.3:compile (optional) 
+- org.jenkins-ci.plugins:p4:jar:1.3.3:compile (optional) 
|  +- com.perforce:p4java:jar:2015.1.1210280:compile
|  +- org.apache.commons:commons-exec:jar:1.3:compile (optional) 
|  \- org.apache.commons:commons-compress:jar:1.9:compile
+- org.jenkins-ci.plugins:ivy:jar:1.17:compile
|  +- uk.com.robust-it:cloning:jar:1.7.4:compile
|  |  \- org.objenesis:objenesis:jar:1.2:compile
|  +- com.jcraft:jsch:jar:0.1.31:compile
|  \- commons-vfs:commons-vfs:jar:1.0:compile
+- org.jenkins-ci.plugins:matrix-project:jar:1.10:compile
|  \- org.jenkins-ci.plugins:script-security:jar:1.13:compile
|     \- org.kohsuke:groovy-sandbox:jar:1.8:compile
+- org.jenkins-ci.plugins:ant:jar:1.2:compile
+- org.jenkins-ci.plugins:gradle:jar:1.15:compile
|  \- org.jenkins-ci.lib:dry-run-lib:jar:0.1:compile
+- org.jenkins-ci.plugins:flexible-publish:jar:0.12:compile (optional) 
|  \- org.jenkins-ci.plugins:run-condition:jar:0.7:compile (optional) 
|     \- org.jenkins-ci.plugins:token-macro:jar:1.5.1:compile (optional) 
+- org.jenkins-ci.plugins:credentials:jar:1.22:compile
|  +- com.github.stephenc.findbugs:findbugs-annotations:jar:1.3.9-1:compile
|  \- com.google.code.findbugs:jsr305:jar:1.3.9:compile
+- org.jvnet.hudson:xstream:jar:1.3.1-hudson-8:provided
|  \- xpp3:xpp3_min:jar:1.1.4c:provided
+- org.jfrog.buildinfo:build-info-api:jar:2.13.0:compile
|  +- commons-logging:commons-logging:jar:1.2:provided
|  +- com.fasterxml.jackson.core:jackson-databind:jar:2.9.5:compile
|  |  \- com.fasterxml.jackson.core:jackson-annotations:jar:2.9.0:compile
|  \- com.fasterxml.jackson.core:jackson-core:jar:2.9.5:compile
+- org.jfrog.buildinfo:build-info-client:jar:2.13.0:compile
|  +- org.apache.httpcomponents:httpclient:jar:4.5.2:compile
|  \- org.apache.httpcomponents:httpcore:jar:4.4.5:compile
+- org.jfrog.buildinfo:build-info-extractor:jar:2.13.0:compile
+- org.jfrog.buildinfo:build-info-vcs:jar:2.13.0:compile
+- com.jcraft:jzlib:jar:1.1.3:compile
+- org.jfrog.buildinfo:build-info-extractor-ivy:jar:2.13.0:compile
+- org.eclipse.aether:aether-impl:jar:1.1.0:compile
+- org.jfrog.buildinfo:build-info-extractor-maven3:jar:2.13.0:compile
|  +- plexus:plexus-container-default:jar:1.0-alpha-6:compile
|  |  \- plexus:plexus-utils:jar:1.0.2:compile
|  +- org.sonatype.aether:aether-api:jar:1.13.1:compile
|  +- org.sonatype.aether:aether-util:jar:1.13.1:compile
|  +- org.sonatype.aether:aether-impl:jar:1.13.1:compile
|  |  \- org.sonatype.aether:aether-spi:jar:1.13.1:compile
|  +- org.apache.maven:maven-repository-metadata:jar:3.5.2:compile
|  +- org.apache.maven:maven-model:jar:3.1.0:compile
|  \- org.apache.maven.plugins:maven-deploy-plugin:jar:2.8.2:compile
|     \- org.apache.maven:maven-project:jar:2.2.1:compile
|        +- org.apache.maven:maven-profile:jar:2.2.1:compile
|        +- org.apache.maven:maven-artifact-manager:jar:2.2.1:compile
|        |  \- backport-util-concurrent:backport-util-concurrent:jar:3.1:compile
|        \- org.apache.maven:maven-plugin-registry:jar:2.2.1:compile
+- org.jfrog.buildinfo:build-info-extractor-gradle:jar:4.9.0:compile
+- org.jfrog.buildinfo:build-info-extractor-npm:jar:2.13.0:compile
|  \- org.apache.commons:commons-lang3:jar:3.8.1:compile
+- commons-lang:commons-lang:jar:2.4:compile
+- commons-codec:commons-codec:jar:1.4:compile
+- commons-io:commons-io:jar:2.0.1:compile
+- org.slf4j:jcl-over-slf4j:jar:1.7.25:compile
+- org.slf4j:slf4j-api:jar:1.7.25:compile
+- com.google.guava:guava:jar:18.0:compile
+- org.jdom:jdom:jar:1.1:compile
+- org.apache.ivy:ivy:jar:2.4.0:compile
+- org.jenkins-ci.plugins:jira:jar:2.3:compile (optional) 
|  +- org.hamcrest:hamcrest-all:jar:1.3:compile (optional) 
|  +- com.googlecode.lambdaj:lambdaj:jar:2.3.3:compile (optional) 
|  |  \- cglib:cglib-nodep:jar:2.2:compile (optional) 
|  +- javax.activation:activation:jar:1.1.1:compile (optional) 
|  +- commons-discovery:commons-discovery:jar:0.4:compile
|  +- com.atlassian.jira:jira-rest-java-client-api:jar:3.0.0:compile (optional) 
|  |  +- com.atlassian.util.concurrent:atlassian-util-concurrent:jar:2.4.0-M9:compile (optional) 
|  |  \- com.atlassian.httpclient:atlassian-httpclient-api:jar:0.13.2:compile (optional) 
|  |     \- com.atlassian.httpclient:atlassian-httpclient-spi:jar:0.13.2:compile (optional) 
|  +- com.atlassian.jira:jira-rest-java-client-plugin:jar:3.0.0:compile (optional) 
|  +- com.atlassian.jira:jira-rest-java-client-core:jar:3.0.0:compile (optional) 
|  |  +- com.sun.jersey:jersey-client:jar:1.5:compile (optional) 
|  |  |  \- com.sun.jersey:jersey-core:jar:1.5:compile (optional) 
|  |  +- com.sun.jersey:jersey-json:jar:1.5:compile (optional) 
|  |  |  +- org.codehaus.jettison:jettison:jar:1.1:compile (optional) 
|  |  |  +- com.sun.xml.bind:jaxb-impl:jar:2.2.3:compile (optional) 
|  |  |  |  \- javax.xml.bind:jaxb-api:jar:2.2.2:compile (optional) 
|  |  |  +- org.codehaus.jackson:jackson-core-asl:jar:1.5.5:compile (optional) 
|  |  |  +- org.codehaus.jackson:jackson-mapper-asl:jar:1.5.5:compile (optional) 
|  |  |  +- org.codehaus.jackson:jackson-jaxrs:jar:1.5.5:compile (optional) 
|  |  |  \- org.codehaus.jackson:jackson-xc:jar:1.5.5:compile (optional) 
|  |  \- com.atlassian.httpclient:atlassian-httpclient-apache-httpcomponents:jar:0.13.2:compile (optional) 
|  |     +- com.atlassian.sal:sal-api:jar:2.7.0:compile (optional) 
|  |     +- com.atlassian.event:atlassian-event:jar:2.2.0:compile (optional) 
|  |     +- org.apache.httpcomponents:httpasyncclient-cache:jar:4.0-beta3-atlassian-1:compile (optional) 
|  |     +- org.apache.httpcomponents:httpasyncclient:jar:4.0-beta3-atlassian-1:compile (optional) 
|  |     \- org.apache.httpcomponents:httpcore-nio:jar:4.2.2:compile (optional) 
|  +- org.apache.httpcomponents:httpmime:jar:4.5.2:compile
|  +- org.apache.httpcomponents:fluent-hc:jar:4.5.2:compile
|  +- org.apache.maven:maven-artifact:jar:3.0.3:compile
|  \- org.jenkins-ci.plugins:branch-api:jar:1.0:compile (optional) 
|     \- org.jenkins-ci.plugins:cloudbees-folder:jar:5.1:compile (optional) 
+- org.jenkins-ci.plugins:jenkins-multijob-plugin:jar:1.13:compile (optional) 
|  +- org.jenkins-ci.plugins:parameterized-trigger:jar:2.21:compile (optional) 
|  +- org.jenkins-ci.plugins:envinject:jar:1.83:compile (optional) 
|  |  \- org.jenkins-ci.lib:envinject-lib:jar:1.15:compile (optional) 
|  \- org.jenkins-ci.plugins:conditional-buildstep:jar:1.3.1:compile (optional) 
+- org.jenkins-ci.plugins.workflow:workflow-step-api:jar:2.3:compile
|  \- org.jenkins-ci.plugins:structs:jar:1.3:compile
|     \- org.jenkins-ci:symbol-annotation:jar:1.3:compile
+- org.jenkins-ci.plugins.workflow:workflow-cps:jar:2.13:compile
|  +- org.jenkins-ci.plugins.workflow:workflow-api:jar:2.1:compile
|  +- com.cloudbees:groovy-cps:jar:1.9:compile
|  +- org.jenkins-ci.ui:jquery-detached:jar:1.2.1:compile
|  +- org.jenkins-ci.ui:ace-editor:jar:1.0.1:compile
|  \- com.cloudbees:diff4j:jar:1.2:compile
+- junit:junit:jar:4.12:test
|  \- org.hamcrest:hamcrest-core:jar:1.3:test
+- org.codehaus.plexus:plexus-classworlds:jar:2.5.2:compile
+- net.lightbody.bmp:mitm:jar:2.1.1:compile
|  +- org.bouncycastle:bcprov-jdk15on:jar:1.54:compile
|  \- org.bouncycastle:bcpkix-jdk15on:jar:1.54:compile
+- com.github.docker-java:docker-java:jar:3.0.6:compile
|  +- com.fasterxml.jackson.jaxrs:jackson-jaxrs-json-provider:jar:2.6.4:compile
|  |  +- com.fasterxml.jackson.jaxrs:jackson-jaxrs-base:jar:2.6.4:compile
|  |  \- com.fasterxml.jackson.module:jackson-module-jaxb-annotations:jar:2.6.4:compile
|  +- org.glassfish.jersey.connectors:jersey-apache-connector:jar:2.23.1:compile
|  |  +- org.glassfish.jersey.core:jersey-common:jar:2.23.1:compile
|  |  |  +- javax.annotation:javax.annotation-api:jar:1.2:compile
|  |  |  +- org.glassfish.jersey.bundles.repackaged:jersey-guava:jar:2.23.1:compile
|  |  |  \- org.glassfish.hk2:osgi-resource-locator:jar:1.0.1:compile
|  |  \- javax.ws.rs:javax.ws.rs-api:jar:2.0.1:compile
|  +- org.glassfish.jersey.core:jersey-client:jar:2.23.1:compile
|  |  +- org.glassfish.hk2:hk2-api:jar:2.4.0-b34:compile
|  |  |  +- org.glassfish.hk2:hk2-utils:jar:2.4.0-b34:compile
|  |  |  \- org.glassfish.hk2.external:aopalliance-repackaged:jar:2.4.0-b34:compile
|  |  +- org.glassfish.hk2.external:javax.inject:jar:2.4.0-b34:compile
|  |  \- org.glassfish.hk2:hk2-locator:jar:2.4.0-b34:compile
|  |     \- org.javassist:javassist:jar:3.18.1-GA:compile
|  +- com.kohlschutter.junixsocket:junixsocket-common:jar:2.0.4:compile
|  |  \- log4j:log4j:jar:1.2.17:provided
|  +- com.kohlschutter.junixsocket:junixsocket-native-common:jar:2.0.4:compile
|  |  \- org.scijava:native-lib-loader:jar:2.0.2:compile
|  +- io.netty:netty-codec-http:jar:4.1.3.Final:compile
|  |  \- io.netty:netty-codec:jar:4.1.3.Final:compile
|  +- io.netty:netty-handler:jar:4.1.3.Final:compile
|  |  +- io.netty:netty-buffer:jar:4.1.3.Final:compile
|  |  \- io.netty:netty-transport:jar:4.1.3.Final:compile
|  |     \- io.netty:netty-resolver:jar:4.1.3.Final:compile
|  +- io.netty:netty-handler-proxy:jar:4.1.3.Final:compile
|  |  \- io.netty:netty-codec-socks:jar:4.1.3.Final:compile
|  \- io.netty:netty-transport-native-epoll:jar:linux-x86_64:4.1.3.Final:compile
|     \- io.netty:netty-common:jar:4.1.3.Final:compile
+- org.codehaus.groovy:groovy-all:jar:2.4.12:provided
+- com.google.code.findbugs:annotations:jar:3.0.0:provided (optional) 
+- net.jcip:jcip-annotations:jar:1.0:provided (optional) 
+- org.codehaus.mojo:animal-sniffer-annotations:jar:1.14:provided (optional) 
+- javax.servlet:javax.servlet-api:jar:3.1.0:provided
+- org.jenkins-ci.main:jenkins-core:jar:1.642.3:provided
|  +- org.jenkins-ci.plugins.icon-shim:icon-set:jar:1.0.5:provided
|  +- org.jenkins-ci.main:remoting:jar:2.53.3:provided
|  |  \- org.jenkins-ci:constant-pool-scanner:jar:1.2:provided
|  +- org.jenkins-ci.main:cli:jar:1.642.3:provided
|  +- org.jenkins-ci:version-number:jar:1.1:provided
|  +- org.jenkins-ci:crypto-util:jar:1.1:provided
|  +- org.jvnet.hudson:jtidy:jar:4aug2000r7-dev-hudson-1:provided
|  +- com.google.inject:guice:jar:4.0-beta:provided
|  |  +- javax.inject:javax.inject:jar:1:compile
|  |  \- aopalliance:aopalliance:jar:1.0:compile
|  +- org.jruby.ext.posix:jna-posix:jar:1.0.3-jenkins-1:provided
|  +- com.github.jnr:jnr-posix:jar:3.0.1:provided
|  |  +- com.github.jnr:jnr-ffi:jar:1.0.7:provided
|  |  |  +- com.github.jnr:jffi:jar:1.2.7:provided
|  |  |  +- com.github.jnr:jffi:jar:native:1.2.7:provided
|  |  |  +- org.ow2.asm:asm:jar:4.0:provided
|  |  |  +- org.ow2.asm:asm-commons:jar:4.0:provided
|  |  |  +- org.ow2.asm:asm-analysis:jar:4.0:provided
|  |  |  +- org.ow2.asm:asm-tree:jar:4.0:provided
|  |  |  +- org.ow2.asm:asm-util:jar:4.0:provided
|  |  |  \- com.github.jnr:jnr-x86asm:jar:1.0.2:provided
|  |  \- com.github.jnr:jnr-constants:jar:0.8.5:provided
|  +- org.kohsuke:trilead-putty-extension:jar:1.2:provided
|  +- org.jenkins-ci:trilead-ssh2:jar:build217-jenkins-8:provided
|  +- org.kohsuke.stapler:stapler-groovy:jar:1.237:provided
|  |  \- org.kohsuke.stapler:stapler-jelly:jar:1.237:provided
|  |     +- org.jenkins-ci:commons-jelly:jar:1.1-jenkins-20120928:provided
|  |     \- org.jenkins-ci.dom4j:dom4j:jar:1.6.1-jenkins-4:provided
|  +- org.kohsuke.stapler:stapler-jrebel:jar:1.237:provided
|  |  \- org.kohsuke.stapler:stapler:jar:1.237:provided
|  |     \- org.jvnet:tiger-types:jar:1.3:provided
|  +- org.kohsuke:windows-package-checker:jar:1.0:provided
|  +- org.kohsuke.stapler:stapler-adjunct-zeroclipboard:jar:1.3.5-1:provided
|  +- org.kohsuke.stapler:stapler-adjunct-timeline:jar:1.4:provided
|  +- org.kohsuke.stapler:stapler-adjunct-codemirror:jar:1.3:provided
|  +- org.kohsuke.stapler:json-lib:jar:2.4-jenkins-2:provided
|  |  \- net.sf.ezmorph:ezmorph:jar:1.0.6:provided
|  +- commons-httpclient:commons-httpclient:jar:3.1:provided
|  +- args4j:args4j:jar:2.0.31:provided
|  +- org.jenkins-ci:annotation-indexer:jar:1.7:compile
|  +- org.jenkins-ci:bytecode-compatibility-transformer:jar:1.8:provided
|  |  \- org.kohsuke:asm5:jar:5.0.1:provided
|  +- org.jenkins-ci:task-reactor:jar:1.4:provided
|  +- org.jvnet.localizer:localizer:jar:1.23:compile
|  +- antlr:antlr:jar:2.7.6:provided
|  +- jfree:jfreechart:jar:1.0.9:provided
|  |  \- jfree:jcommon:jar:1.0.12:provided
|  +- org.apache.ant:ant:jar:1.8.4:provided
|  |  \- org.apache.ant:ant-launcher:jar:1.8.4:provided
|  +- commons-digester:commons-digester:jar:2.1:provided
|  +- commons-beanutils:commons-beanutils:jar:1.8.3:provided
|  +- javax.mail:mail:jar:1.4.4:provided
|  +- org.jvnet.hudson:activation:jar:1.1.1-hudson-1:provided
|  +- jaxen:jaxen:jar:1.1-beta-11:provided
|  +- commons-jelly:commons-jelly-tags-fmt:jar:1.0:provided
|  +- commons-jelly:commons-jelly-tags-xml:jar:1.1:provided
|  +- org.jvnet.hudson:commons-jelly-tags-define:jar:1.0.1-hudson-20071021:provided
|  +- org.jenkins-ci:commons-jexl:jar:1.1-jenkins-20111212:provided
|  +- org.acegisecurity:acegi-security:jar:1.0.7:provided
|  |  +- org.springframework:spring-jdbc:jar:1.2.9:provided
|  |  |  \- org.springframework:spring-dao:jar:1.2.9:provided
|  |  \- oro:oro:jar:2.0.8:provided
|  +- jline:jline:jar:0.9.94:provided
|  +- org.fusesource.jansi:jansi:jar:1.9:provided
|  +- org.springframework:spring-webmvc:jar:2.5.6.SEC03:provided
|  |  +- org.springframework:spring-beans:jar:2.5.6.SEC03:compile
|  |  +- org.springframework:spring-context:jar:2.5.6.SEC03:compile
|  |  +- org.springframework:spring-context-support:jar:2.5.6.SEC03:provided
|  |  \- org.springframework:spring-web:jar:2.5.6.SEC03:provided
|  +- org.springframework:spring-core:jar:2.5.6.SEC03:compile
|  +- org.springframework:spring-aop:jar:2.5.6.SEC03:provided
|  +- xpp3:xpp3:jar:1.1.4c:provided
|  +- javax.servlet:jstl:jar:1.1.0:provided
|  +- com.sun.xml.txw2:txw2:jar:20110809:provided
|  |  +- javax.xml.stream:stax-api:jar:1.0-2:compile
|  |  \- relaxngDatatype:relaxngDatatype:jar:20020414:provided
|  +- commons-collections:commons-collections:jar:3.2.1:provided
|  +- org.jvnet.winp:winp:jar:1.22:provided
|  +- org.jenkins-ci:memory-monitor:jar:1.9:provided
|  +- org.codehaus.woodstox:wstx-asl:jar:3.2.9:provided
|  |  \- stax:stax-api:jar:1.0.1:compile
|  +- org.jenkins-ci:jmdns:jar:3.4.0-jenkins-3:provided
|  +- net.java.dev.jna:jna:jar:4.2.1:compile
|  +- org.kohsuke:akuma:jar:1.10:provided
|  +- org.kohsuke:libpam4j:jar:1.8:provided
|  +- org.jvnet.libzfs:libzfs:jar:0.5:provided
|  +- com.sun.solaris:embedded_su4j:jar:1.1:provided
|  +- net.java.sezpoz:sezpoz:jar:1.9:provided
|  +- org.kohsuke.jinterop:j-interop:jar:2.0.6-kohsuke-1:provided
|  |  \- org.kohsuke.jinterop:j-interopdeps:jar:2.0.6-kohsuke-1:provided
|  |     \- org.samba.jcifs:jcifs:jar:1.2.19:provided
|  +- org.jvnet.robust-http-client:robust-http-client:jar:1.2:provided
|  +- org.kohsuke:access-modifier-annotation:jar:1.4:provided
|  +- commons-fileupload:commons-fileupload:jar:1.3.1-jenkins-1:provided
|  \- org.mindrot:jbcrypt:jar:0.3m:provided
+- org.jenkins-ci.main:jenkins-war:executable-war:1.642.3:test
|  +- org.jenkins-ci.modules:instance-identity:jar:1.4:test
|  +- org.jenkins-ci.modules:ssh-cli-auth:jar:1.2:test
|  +- org.jenkins-ci.modules:slave-installer:jar:1.5:test
|  +- org.jenkins-ci.modules:windows-slave-installer:jar:1.5.1:test
|  +- org.jenkins-ci.modules:launchd-slave-installer:jar:1.2:test
|  +- org.jenkins-ci.modules:upstart-slave-installer:jar:1.1:test
|  +- org.jenkins-ci.modules:systemd-slave-installer:jar:1.1:test
|  \- org.jenkins-ci.modules:sshd:jar:1.6:test
|     \- org.apache.sshd:sshd-core:jar:0.8.0:test
|        \- org.apache.mina:mina-core:jar:2.0.5:test
+- org.jenkins-ci.main:jenkins-test-harness:jar:2.32:test
|  +- org.eclipse.jetty:jetty-webapp:jar:9.4.5.v20170502:test
|  |  +- org.eclipse.jetty:jetty-xml:jar:9.4.5.v20170502:test
|  |  |  \- org.eclipse.jetty:jetty-util:jar:9.4.5.v20170502:test
|  |  \- org.eclipse.jetty:jetty-servlet:jar:9.4.5.v20170502:test
|  +- org.eclipse.jetty:jetty-security:jar:9.4.5.v20170502:test
|  |  \- org.eclipse.jetty:jetty-server:jar:9.4.5.v20170502:test
|  |     +- org.eclipse.jetty:jetty-http:jar:9.4.5.v20170502:test
|  |     \- org.eclipse.jetty:jetty-io:jar:9.4.5.v20170502:test
|  +- org.hamcrest:hamcrest-library:jar:1.3:test
|  +- org.jenkins-ci.main:jenkins-test-harness-htmlunit:jar:2.18-1:test
|  |  +- xalan:xalan:jar:2.7.2:test
|  |  +- xalan:serializer:jar:2.7.2:test
|  |  +- xerces:xercesImpl:jar:2.11.0:test
|  |  +- xml-apis:xml-apis:jar:1.4.01:test
|  |  +- net.sourceforge.nekohtml:nekohtml:jar:1.9.22:test
|  |  +- net.sourceforge.cssparser:cssparser:jar:0.9.16:test
|  |  +- org.w3c.css:sac:jar:1.3:test
|  |  +- org.eclipse.jetty.websocket:websocket-client:jar:9.2.12.v20150709:test
|  |  +- org.eclipse.jetty.websocket:websocket-common:jar:9.2.12.v20150709:test
|  |  \- org.eclipse.jetty.websocket:websocket-api:jar:9.2.12.v20150709:test
|  +- org.jvnet.hudson:embedded-rhino-debugger:jar:1.2:test
|  \- org.netbeans.modules:org-netbeans-insane:jar:RELEASE72:test
+- org.jenkins-ci:test-annotations:jar:1.2:test
+- org.slf4j:log4j-over-slf4j:jar:1.7.25:test
\- org.slf4j:slf4j-jdk14:jar:1.7.25:test

