WARNING: Your kernel does not support swap limit capabilities or the cgroup is not mounted. Memory limited without swap.
org.jenkins-ci.plugins:artifactory:hpi:2.7.1
+- org.jenkins-ci.main:maven-plugin:jar:1.521:compile
|  +- org.jenkins-ci.plugins:javadoc:jar:1.0:compile
|  +- org.jenkins-ci.plugins:mailer:jar:1.5:compile
|  +- org.jenkins-ci.main.maven:maven-agent:jar:1.3:compile
|  |  +- (org.jenkins-ci.main.maven:maven-interceptor:jar:1.3:compile - omitted for duplicate)
|  |  +- (org.apache.ant:ant:jar:1.8.0:compile - omitted for conflict with 1.8.3)
|  |  \- (commons-httpclient:commons-httpclient:jar:3.1:compile - omitted for duplicate)
|  +- org.jenkins-ci.main.maven:maven-interceptor:jar:1.3:compile
|  |  \- (commons-httpclient:commons-httpclient:jar:3.1:compile - omitted for duplicate)
|  +- org.jvnet.hudson:maven2.1-interceptor:jar:1.2:compile
|  +- org.jenkins-ci.main.maven:maven3-agent:jar:1.3:compile
|  |  +- (org.apache.maven:maven-embedder:jar:3.0.5:compile - omitted for duplicate)
|  |  +- (org.codehaus.plexus:plexus-classworlds:jar:2.3:compile - omitted for duplicate)
|  |  \- (org.sonatype.sisu:sisu-inject-plexus:jar:2.3.0:compile - omitted for duplicate)
|  +- org.jenkins-ci.main.maven:maven3-interceptor:jar:1.3:compile
|  |  +- (org.apache.maven:maven-core:jar:3.0.5:compile - omitted for duplicate)
|  |  +- (org.apache.maven:maven-embedder:jar:3.0.5:compile - omitted for duplicate)
|  |  +- (org.apache.maven:maven-aether-provider:jar:3.0.5:compile - omitted for duplicate)
|  |  \- (org.sonatype.sisu:sisu-inject-plexus:jar:2.3.0:compile - omitted for duplicate)
|  +- org.apache.ant:ant:jar:1.8.3:compile
|  |  \- org.apache.ant:ant-launcher:jar:1.8.3:compile
|  +- org.apache.maven:maven-core:jar:3.0.5:compile
|  |  +- (org.apache.maven:maven-model:jar:3.0.5:compile - omitted for conflict with 3.1.0)
|  |  +- org.apache.maven:maven-settings:jar:3.0.5:compile
|  |  |  \- (org.codehaus.plexus:plexus-utils:jar:2.0.6:compile - omitted for duplicate)
|  |  +- org.apache.maven:maven-settings-builder:jar:3.0.5:compile
|  |  |  +- (org.codehaus.plexus:plexus-utils:jar:2.0.6:compile - omitted for duplicate)
|  |  |  +- (org.codehaus.plexus:plexus-interpolation:jar:1.14:compile - omitted for duplicate)
|  |  |  +- (org.codehaus.plexus:plexus-component-annotations:jar:1.5.5:compile - omitted for duplicate)
|  |  |  +- (org.apache.maven:maven-settings:jar:3.0.5:compile - omitted for duplicate)
|  |  |  \- (org.sonatype.plexus:plexus-sec-dispatcher:jar:1.3:compile - omitted for duplicate)
|  |  +- (org.apache.maven:maven-repository-metadata:jar:3.0.5:compile - omitted for conflict with 3.1.0)
|  |  +- (org.apache.maven:maven-artifact:jar:3.0.5:compile - omitted for conflict with 3.0.3)
|  |  +- org.apache.maven:maven-plugin-api:jar:3.0.5:compile
|  |  |  +- (org.apache.maven:maven-model:jar:3.0.5:compile - omitted for duplicate)
|  |  |  +- (org.apache.maven:maven-artifact:jar:3.0.5:compile - omitted for duplicate)
|  |  |  \- (org.sonatype.sisu:sisu-inject-plexus:jar:2.3.0:compile - omitted for duplicate)
|  |  +- org.apache.maven:maven-model-builder:jar:3.0.5:compile
|  |  |  +- (org.codehaus.plexus:plexus-utils:jar:2.0.6:compile - omitted for duplicate)
|  |  |  +- (org.codehaus.plexus:plexus-interpolation:jar:1.14:compile - omitted for duplicate)
|  |  |  +- (org.codehaus.plexus:plexus-component-annotations:jar:1.5.5:compile - omitted for duplicate)
|  |  |  \- (org.apache.maven:maven-model:jar:3.0.5:compile - omitted for duplicate)
|  |  +- (org.apache.maven:maven-aether-provider:jar:3.0.5:compile - omitted for duplicate)
|  |  +- (org.sonatype.aether:aether-impl:jar:1.13.1:compile - omitted for duplicate)
|  |  +- (org.sonatype.aether:aether-api:jar:1.13.1:compile - omitted for duplicate)
|  |  +- (org.sonatype.aether:aether-util:jar:1.13.1:compile - omitted for duplicate)
|  |  +- (org.sonatype.sisu:sisu-inject-plexus:jar:2.3.0:compile - omitted for duplicate)
|  |  +- org.codehaus.plexus:plexus-interpolation:jar:1.14:compile
|  |  +- org.codehaus.plexus:plexus-utils:jar:2.0.6:compile
|  |  +- (org.codehaus.plexus:plexus-classworlds:jar:2.4:compile - omitted for conflict with 2.3)
|  |  +- org.codehaus.plexus:plexus-component-annotations:jar:1.5.5:compile
|  |  \- org.sonatype.plexus:plexus-sec-dispatcher:jar:1.3:compile
|  |     +- (org.codehaus.plexus:plexus-utils:jar:1.5.5:compile - omitted for conflict with 2.0.6)
|  |     \- (org.sonatype.plexus:plexus-cipher:jar:1.4:compile - omitted for conflict with 1.7)
|  +- org.apache.maven:maven-compat:jar:3.0.5:compile
|  |  +- (org.apache.maven:maven-model:jar:3.0.5:compile - omitted for duplicate)
|  |  +- (org.apache.maven:maven-model-builder:jar:3.0.5:compile - omitted for duplicate)
|  |  +- (org.apache.maven:maven-settings:jar:3.0.5:compile - omitted for duplicate)
|  |  +- (org.apache.maven:maven-artifact:jar:3.0.5:compile - omitted for duplicate)
|  |  +- (org.apache.maven:maven-core:jar:3.0.5:compile - omitted for duplicate)
|  |  +- (org.codehaus.plexus:plexus-utils:jar:2.0.6:compile - omitted for duplicate)
|  |  +- (org.codehaus.plexus:plexus-interpolation:jar:1.14:compile - omitted for duplicate)
|  |  +- (org.sonatype.sisu:sisu-inject-plexus:jar:2.3.0:compile - omitted for duplicate)
|  |  +- (org.codehaus.plexus:plexus-component-annotations:jar:1.5.5:compile - omitted for duplicate)
|  |  \- (org.apache.maven.wagon:wagon-provider-api:jar:2.4:compile - omitted for duplicate)
|  +- org.apache.maven:maven-aether-provider:jar:3.0.5:compile
|  |  +- (org.apache.maven:maven-model:jar:3.0.5:compile - omitted for duplicate)
|  |  +- (org.apache.maven:maven-model-builder:jar:3.0.5:compile - omitted for duplicate)
|  |  +- (org.apache.maven:maven-repository-metadata:jar:3.0.5:compile - omitted for duplicate)
|  |  +- (org.sonatype.aether:aether-api:jar:1.13.1:compile - omitted for duplicate)
|  |  +- (org.sonatype.aether:aether-spi:jar:1.13.1:compile - omitted for duplicate)
|  |  +- (org.sonatype.aether:aether-util:jar:1.13.1:compile - omitted for duplicate)
|  |  +- (org.sonatype.aether:aether-impl:jar:1.13.1:compile - omitted for duplicate)
|  |  +- (org.codehaus.plexus:plexus-component-annotations:jar:1.5.5:compile - omitted for duplicate)
|  |  \- (org.codehaus.plexus:plexus-utils:jar:2.0.6:compile - omitted for duplicate)
|  +- org.apache.maven:maven-embedder:jar:3.0.5:compile
|  |  +- (org.apache.maven:maven-settings:jar:3.0.5:compile - omitted for duplicate)
|  |  +- (org.apache.maven:maven-core:jar:3.0.5:compile - omitted for duplicate)
|  |  +- (org.apache.maven:maven-plugin-api:jar:3.0.5:compile - omitted for duplicate)
|  |  +- (org.apache.maven:maven-model-builder:jar:3.0.5:compile - omitted for duplicate)
|  |  +- (org.apache.maven:maven-compat:jar:3.0.5:runtime - omitted for duplicate)
|  |  +- (org.codehaus.plexus:plexus-utils:jar:2.0.6:compile - omitted for duplicate)
|  |  +- (org.codehaus.plexus:plexus-classworlds:jar:2.4:compile - omitted for conflict with 2.3)
|  |  +- (org.sonatype.sisu:sisu-inject-plexus:jar:2.3.0:compile - omitted for duplicate)
|  |  +- (org.codehaus.plexus:plexus-component-annotations:jar:1.5.5:compile - omitted for duplicate)
|  |  +- (org.sonatype.plexus:plexus-sec-dispatcher:jar:1.3:compile - omitted for duplicate)
|  |  +- org.sonatype.plexus:plexus-cipher:jar:1.7:compile
|  |  \- (commons-cli:commons-cli:jar:1.2:compile - omitted for conflict with 1.3.1)
|  +- org.sonatype.aether:aether-api:jar:1.13.1:compile
|  +- org.sonatype.aether:aether-impl:jar:1.13.1:compile
|  |  +- (org.sonatype.aether:aether-api:jar:1.13.1:compile - omitted for duplicate)
|  |  +- (org.sonatype.aether:aether-spi:jar:1.13.1:compile - omitted for duplicate)
|  |  \- (org.sonatype.aether:aether-util:jar:1.13.1:compile - omitted for duplicate)
|  +- org.sonatype.aether:aether-spi:jar:1.13.1:compile
|  |  \- (org.sonatype.aether:aether-api:jar:1.13.1:compile - omitted for duplicate)
|  +- org.sonatype.aether:aether-util:jar:1.13.1:compile
|  |  \- (org.sonatype.aether:aether-api:jar:1.13.1:compile - omitted for duplicate)
|  +- org.sonatype.aether:aether-connector-wagon:jar:1.13.1:compile
|  |  +- (org.sonatype.aether:aether-api:jar:1.13.1:compile - omitted for duplicate)
|  |  +- (org.sonatype.aether:aether-spi:jar:1.13.1:compile - omitted for duplicate)
|  |  +- (org.sonatype.aether:aether-util:jar:1.13.1:compile - omitted for duplicate)
|  |  +- (org.apache.maven.wagon:wagon-provider-api:jar:1.0-beta-6:compile - omitted for conflict with 2.4)
|  |  +- (org.codehaus.plexus:plexus-classworlds:jar:2.4:compile - omitted for conflict with 2.3)
|  |  +- (org.codehaus.plexus:plexus-utils:jar:2.0.7:compile - omitted for conflict with 2.0.6)
|  |  \- (org.sonatype.sisu:sisu-inject-plexus:jar:2.2.3:compile - omitted for conflict with 2.3.0)
|  +- org.sonatype.sisu:sisu-inject-plexus:jar:2.3.0:compile
|  |  +- (org.codehaus.plexus:plexus-component-annotations:jar:1.5.5:compile - omitted for duplicate)
|  |  +- (org.codehaus.plexus:plexus-classworlds:jar:2.4:compile - omitted for conflict with 2.3)
|  |  +- (org.codehaus.plexus:plexus-utils:jar:2.1:compile - omitted for conflict with 2.0.6)
|  |  \- (org.sonatype.sisu:sisu-inject-bean:jar:2.3.0:compile - omitted for duplicate)
|  +- org.sonatype.sisu:sisu-guice:jar:3.1.0:compile
|  |  +- javax.inject:javax.inject:jar:1:compile
|  |  \- aopalliance:aopalliance:jar:1.0:compile
|  +- org.sonatype.sisu:sisu-inject-bean:jar:2.3.0:compile
|  +- org.apache.maven.wagon:wagon-http:jar:shaded:2.4:compile
|  |  \- (org.apache.maven.wagon:wagon-provider-api:jar:2.4:compile - omitted for duplicate)
|  +- org.apache.maven.wagon:wagon-file:jar:2.4:compile
|  |  \- (org.apache.maven.wagon:wagon-provider-api:jar:2.4:compile - omitted for duplicate)
|  +- org.apache.maven.wagon:wagon-ftp:jar:2.4:compile
|  |  +- commons-net:commons-net:jar:3.1:compile
|  |  +- (org.slf4j:slf4j-api:jar:1.7.2:compile - omitted for conflict with 1.4.3)
|  |  \- (org.apache.maven.wagon:wagon-provider-api:jar:2.4:compile - omitted for duplicate)
|  +- org.apache.maven.wagon:wagon-ssh:jar:2.4:compile
|  |  +- (com.jcraft:jsch:jar:0.1.44-1:compile - omitted for conflict with 0.1.31)
|  |  +- (org.codehaus.plexus:plexus-utils:jar:3.0.8:compile - omitted for conflict with 2.0.6)
|  |  +- org.apache.maven.wagon:wagon-ssh-common:jar:2.4:compile
|  |  |  +- (org.codehaus.plexus:plexus-utils:jar:3.0.8:compile - omitted for conflict with 2.0.6)
|  |  |  +- org.codehaus.plexus:plexus-interactivity-api:jar:1.0-alpha-6:compile
|  |  |  |  \- (org.codehaus.plexus:plexus-utils:jar:1.4:compile - omitted for conflict with 2.0.6)
|  |  |  \- (org.apache.maven.wagon:wagon-provider-api:jar:2.4:compile - omitted for duplicate)
|  |  \- (org.apache.maven.wagon:wagon-provider-api:jar:2.4:compile - omitted for duplicate)
|  +- org.apache.maven.wagon:wagon-ssh-external:jar:2.4:compile
|  |  +- (org.codehaus.plexus:plexus-utils:jar:3.0.8:compile - omitted for conflict with 2.0.6)
|  |  +- (org.apache.maven.wagon:wagon-ssh-common:jar:2.4:compile - omitted for duplicate)
|  |  \- (org.apache.maven.wagon:wagon-provider-api:jar:2.4:compile - omitted for duplicate)
|  +- org.apache.maven.wagon:wagon-provider-api:jar:2.4:compile
|  |  \- (org.codehaus.plexus:plexus-utils:jar:3.0.8:compile - omitted for conflict with 2.0.6)
|  +- org.apache.maven.reporting:maven-reporting-api:jar:3.0:compile
|  |  \- org.apache.maven.doxia:doxia-sink-api:jar:1.0:compile
|  +- (org.codehaus.plexus:plexus-classworlds:jar:2.3:compile - omitted for conflict with 2.5.1)
|  +- org.jenkins-ci.lib:lib-jenkins-maven-artifact-manager:jar:1.2:compile
|  |  +- (org.codehaus.plexus:plexus-utils:jar:2.0.5:compile - omitted for conflict with 2.0.6)
|  |  \- (org.apache.maven.wagon:wagon-provider-api:jar:1.0-beta-7:compile - omitted for conflict with 2.4)
|  +- (commons-io:commons-io:jar:1.4:compile - omitted for conflict with 2.0.1)
|  +- org.jenkins-ci.lib:lib-jenkins-maven-embedder:jar:3.9:compile
|  |  +- (org.apache.maven:maven-core:jar:3.0.3:compile - omitted for conflict with 3.0.5)
|  |  +- (org.apache.maven:maven-artifact:jar:3.0.3:compile - omitted for conflict with 3.0.5)
|  |  +- (org.apache.maven:maven-compat:jar:3.0.3:compile - omitted for conflict with 3.0.5)
|  |  +- (org.apache.maven:maven-embedder:jar:3.0.3:compile - omitted for conflict with 3.0.5)
|  |  +- (org.apache.maven:maven-aether-provider:jar:3.0.3:compile - omitted for conflict with 3.0.5)
|  |  +- (org.sonatype.sisu:sisu-inject-plexus:jar:2.3.0:compile - omitted for duplicate)
|  |  +- (org.sonatype.aether:aether-connector-wagon:jar:1.13:compile - omitted for conflict with 1.13.1)
|  |  +- (org.apache.ant:ant:jar:1.8.0:compile - omitted for conflict with 1.8.3)
|  |  \- (org.apache.maven.wagon:wagon-provider-api:jar:2.1:compile - omitted for conflict with 2.4)
|  +- commons-httpclient:commons-httpclient:jar:3.1:compile
|  |  +- (commons-logging:commons-logging:jar:1.0.4:compile - omitted for conflict with 1.1.1)
|  |  \- (commons-codec:commons-codec:jar:1.2:compile - omitted for conflict with 1.4)
|  \- org.apache.maven.wagon:wagon-webdav-jackrabbit:jar:2.4:compile
|     +- org.apache.maven.wagon:wagon-http-shared:jar:2.4:compile
|     |  +- (commons-httpclient:commons-httpclient:jar:3.1:compile - omitted for duplicate)
|     |  +- (commons-logging:commons-logging:jar:1.1.1:compile - omitted for conflict with 1.0.4)
|     |  +- (commons-lang:commons-lang:jar:2.6:compile - omitted for duplicate)
|     |  +- (commons-io:commons-io:jar:2.2:compile - omitted for conflict with 1.4)
|     |  \- (org.apache.maven.wagon:wagon-provider-api:jar:2.4:compile - omitted for duplicate)
|     +- org.apache.jackrabbit:jackrabbit-webdav:jar:2.5.2:compile
|     |  +- (org.slf4j:slf4j-api:jar:1.6.4:compile - omitted for conflict with 1.7.2)
|     |  \- (commons-httpclient:commons-httpclient:jar:3.1:compile - omitted for duplicate)
|     +- (org.slf4j:slf4j-api:jar:1.7.2:compile - omitted for duplicate)
|     +- (commons-lang:commons-lang:jar:2.6:compile - omitted for conflict with 2.4)
|     +- (commons-io:commons-io:jar:2.2:compile - omitted for conflict with 1.4)
|     +- (commons-httpclient:commons-httpclient:jar:3.1:compile - omitted for duplicate)
|     \- (org.apache.maven.wagon:wagon-provider-api:jar:2.4:compile - omitted for duplicate)
+- org.jenkins-ci.plugins:subversion:jar:2.5:compile
|  +- org.tmatesoft.svnkit:svnkit:jar:1.8.6:compile
|  |  +- com.jcraft:jsch.agentproxy.svnkit-trilead-ssh2:jar:0.0.7:compile
|  |  |  +- (com.trilead:trilead-ssh2:jar:1.0.0-build217:compile - omitted for duplicate)
|  |  |  \- com.jcraft:jsch.agentproxy.core:jar:0.0.7:compile
|  |  +- net.java.dev.jna:jna-platform:jar:4.1.0:compile
|  |  |  \- (net.java.dev.jna:jna:jar:4.1.0:compile - omitted for duplicate)
|  |  +- de.regnis.q.sequence:sequence-library:jar:1.0.2:compile
|  |  +- net.java.dev.jna:jna:jar:3.3.0-jenkins-3:compile
|  |  +- com.trilead:trilead-ssh2:jar:1.0.0-build217:compile
|  |  +- com.jcraft:jsch.agentproxy.connector-factory:jar:0.0.7:compile
|  |  |  +- (com.jcraft:jsch.agentproxy.core:jar:0.0.7:compile - omitted for duplicate)
|  |  |  +- com.jcraft:jsch.agentproxy.usocket-jna:jar:0.0.7:compile
|  |  |  |  +- (com.jcraft:jsch.agentproxy.core:jar:0.0.7:compile - omitted for duplicate)
|  |  |  |  +- (net.java.dev.jna:jna:jar:3.4.0:compile - omitted for conflict with 3.3.0-jenkins-3)
|  |  |  |  \- net.java.dev.jna:platform:jar:3.4.0:compile
|  |  |  +- com.jcraft:jsch.agentproxy.usocket-nc:jar:0.0.7:compile
|  |  |  |  \- (com.jcraft:jsch.agentproxy.core:jar:0.0.7:compile - omitted for duplicate)
|  |  |  +- com.jcraft:jsch.agentproxy.sshagent:jar:0.0.7:compile
|  |  |  |  \- (com.jcraft:jsch.agentproxy.core:jar:0.0.7:compile - omitted for duplicate)
|  |  |  \- com.jcraft:jsch.agentproxy.pageant:jar:0.0.7:compile
|  |  |     +- (com.jcraft:jsch.agentproxy.core:jar:0.0.7:compile - omitted for duplicate)
|  |  |     +- (net.java.dev.jna:jna:jar:3.4.0:compile - omitted for conflict with 3.3.0-jenkins-3)
|  |  |     \- (net.java.dev.jna:platform:jar:3.4.0:compile - omitted for duplicate)
|  |  \- org.tmatesoft.sqljet:sqljet:jar:1.1.10:compile
|  |     \- org.antlr:antlr-runtime:jar:3.4:compile
|  +- org.jenkins-ci:trilead-ssh2:jar:build217-jenkins-7:compile
|  +- org.jenkins-ci.plugins:mapdb-api:jar:1.0.1.0:compile
|  |  \- org.mapdb:mapdb:jar:1.0.1:compile
|  +- (org.jenkins-ci.plugins:credentials:jar:1.10:compile - omitted for conflict with 1.22)
|  +- org.jenkins-ci.plugins:ssh-credentials:jar:1.6.1:compile
|  |  \- (org.jenkins-ci.plugins:credentials:jar:1.9.4:compile - omitted for conflict with 1.10)
|  \- org.jenkins-ci.plugins:scm-api:jar:0.2:compile
|     +- (net.jcip:jcip-annotations:jar:1.0:compile - omitted for duplicate)
|     +- (com.github.stephenc.findbugs:findbugs-annotations:jar:1.3.9-1:compile - omitted for duplicate)
|     \- (com.google.code.findbugs:jsr305:jar:1.3.9:compile - omitted for duplicate)
+- org.jenkins-ci.plugins:git:jar:2.5.0:compile
|  +- joda-time:joda-time:jar:2.9.2:compile
|  +- com.infradna.tool:bridge-method-annotation:jar:1.14:compile
|  |  \- org.jenkins-ci:annotation-indexer:jar:1.4:compile
|  +- org.jenkins-ci.plugins:git-client:jar:1.19.6:compile
|  |  +- org.eclipse.jgit:org.eclipse.jgit:jar:3.7.1.201504261725-r:compile
|  |  |  +- (com.jcraft:jsch:jar:0.1.50:compile - omitted for conflict with 0.1.44-1)
|  |  |  +- com.googlecode.javaewah:JavaEWAH:jar:0.7.9:compile
|  |  |  +- (org.apache.httpcomponents:httpclient:jar:4.1.3:compile - omitted for conflict with 4.4.1)
|  |  |  \- (org.slf4j:slf4j-api:jar:1.7.2:compile - omitted for duplicate)
|  |  +- org.eclipse.jgit:org.eclipse.jgit.http.server:jar:3.7.1.201504261725-r:compile
|  |  |  \- (org.eclipse.jgit:org.eclipse.jgit:jar:3.7.1.201504261725-r:compile - omitted for duplicate)
|  |  +- org.eclipse.jgit:org.eclipse.jgit.java7:jar:3.7.1.201504261725-r:compile
|  |  |  \- (org.eclipse.jgit:org.eclipse.jgit:jar:3.7.1.201504261725-r:compile - omitted for duplicate)
|  |  +- (org.jenkins-ci.plugins:ssh-credentials:jar:1.11:compile - omitted for conflict with 1.6.1)
|  |  \- (org.apache.httpcomponents:httpclient:jar:4.4.1:compile - omitted for conflict with 4.2.5)
|  +- (org.jenkins-ci.plugins:credentials:jar:1.25:compile - omitted for conflict with 1.10)
|  +- (org.jenkins-ci.plugins:ssh-credentials:jar:1.11:compile - omitted for conflict with 1.6.1)
|  +- (org.jenkins-ci.plugins:scm-api:jar:1.0:compile - omitted for conflict with 0.2)
|  +- org.jenkins-ci.plugins.workflow:workflow-scm-step:jar:1.14.2:compile
|  |  +- (org.jenkins-ci.plugins.workflow:workflow-step-api:jar:1.14.2:compile - omitted for conflict with 2.3)
|  |  \- (org.jenkins-ci.plugins:git-client:jar:1.19.0:compile - omitted for conflict with 1.19.6)
|  +- org.jenkins-ci.plugins:matrix-project:jar:1.6:compile
|  |  +- org.jenkins-ci.plugins:junit:jar:1.2:compile
|  |  \- (org.jenkins-ci.plugins:script-security:jar:1.13:compile - omitted for conflict with 1.21)
|  \- (org.jenkins-ci.plugins:mailer:jar:1.16:compile - omitted for conflict with 1.5)
+- org.jvnet.hudson.plugins:perforce:jar:1.3.7:compile
|  +- org.slf4j:slf4j-api:jar:1.4.3:compile
|  +- org.slf4j:slf4j-simple:jar:1.4.3:compile
|  |  \- (org.slf4j:slf4j-api:jar:1.4.3:compile - omitted for duplicate)
|  \- (commons-codec:commons-codec:jar:1.4:compile - omitted for duplicate)
+- org.jenkins-ci.plugins:p4:jar:1.3.3:compile
|  +- (org.jenkins-ci.plugins:matrix-project:jar:1.4:compile - omitted for conflict with 1.6)
|  +- (org.jenkins-ci.plugins:credentials:jar:1.22:compile - omitted for conflict with 1.10)
|  +- com.perforce:p4java:jar:2015.1.1210280:compile
|  |  \- (com.jcraft:jzlib:jar:1.1.2:compile - omitted for conflict with 1.1.3)
|  +- org.apache.commons:commons-exec:jar:1.3:compile
|  \- org.apache.commons:commons-compress:jar:1.9:compile
+- org.jenkins-ci.plugins:ivy:jar:1.17:compile
|  +- uk.com.robust-it:cloning:jar:1.7.4:compile
|  |  \- org.objenesis:objenesis:jar:1.2:compile
|  +- (org.apache.ivy:ivy:jar:2.1.0:compile - omitted for conflict with 2.4.0)
|  +- com.jcraft:jsch:jar:0.1.31:compile
|  \- commons-vfs:commons-vfs:jar:1.0:compile
+- org.jenkins-ci.plugins:ant:jar:1.2:compile
+- org.jenkins-ci.plugins:gradle:jar:1.15:compile
|  \- org.jenkins-ci.lib:dry-run-lib:jar:0.1:compile
+- org.jenkins-ci.plugins:flexible-publish:jar:0.12:compile
|  \- org.jenkins-ci.plugins:run-condition:jar:0.7:compile
|     \- org.jenkins-ci.plugins:token-macro:jar:1.5.1:compile
+- org.jenkins-ci.plugins:credentials:jar:1.22:compile
|  +- net.jcip:jcip-annotations:jar:1.0:compile
|  +- com.github.stephenc.findbugs:findbugs-annotations:jar:1.3.9-1:compile
|  \- com.google.code.findbugs:jsr305:jar:1.3.9:compile
+- org.jvnet.hudson:xstream:jar:1.3.1-hudson-8:provided
|  \- xpp3:xpp3_min:jar:1.1.4c:provided
+- org.jfrog.buildinfo:build-info-api:jar:2.6.3:compile
|  +- commons-logging:commons-logging:jar:1.1.1:compile
|  +- (commons-io:commons-io:jar:2.2:compile - omitted for conflict with 1.4)
|  +- com.fasterxml.jackson.core:jackson-databind:jar:2.8.1:compile
|  |  +- com.fasterxml.jackson.core:jackson-annotations:jar:2.8.0:compile
|  |  \- (com.fasterxml.jackson.core:jackson-core:jar:2.8.1:compile - omitted for duplicate)
|  +- (commons-lang:commons-lang:jar:2.4:compile - omitted for duplicate)
|  +- (com.google.guava:guava:jar:18.0:compile - omitted for duplicate)
|  \- com.fasterxml.jackson.core:jackson-core:jar:2.8.1:compile
+- org.jfrog.buildinfo:build-info-client:jar:2.6.3:compile
|  +- (commons-codec:commons-codec:jar:1.8:compile - omitted for conflict with 1.4)
|  +- (commons-logging:commons-logging:jar:1.1.1:compile - omitted for duplicate)
|  +- (commons-io:commons-io:jar:2.2:compile - omitted for conflict with 1.4)
|  +- org.apache.httpcomponents:httpcore:jar:4.2.5:compile
|  +- (org.jfrog.buildinfo:build-info-api:jar:2.6.3:compile - omitted for duplicate)
|  +- org.apache.httpcomponents:httpclient:jar:4.2.5:compile
|  |  +- (org.apache.httpcomponents:httpcore:jar:4.2.4:compile - omitted for conflict with 4.2.5)
|  |  +- (commons-logging:commons-logging:jar:1.1.1:compile - omitted for duplicate)
|  |  \- (commons-codec:commons-codec:jar:1.6:compile - omitted for conflict with 1.4)
|  +- (commons-lang:commons-lang:jar:2.4:compile - omitted for duplicate)
|  +- (com.google.guava:guava:jar:18.0:compile - omitted for duplicate)
|  \- (com.fasterxml.jackson.core:jackson-core:jar:2.8.1:compile - omitted for duplicate)
+- org.jfrog.buildinfo:build-info-extractor:jar:2.6.3:compile
|  +- (commons-logging:commons-logging:jar:1.1.1:compile - omitted for duplicate)
|  +- (commons-io:commons-io:jar:2.2:compile - omitted for conflict with 1.4)
|  +- (org.jfrog.buildinfo:build-info-client:jar:2.6.3:compile - omitted for duplicate)
|  +- (commons-lang:commons-lang:jar:2.4:compile - omitted for duplicate)
|  \- (com.google.guava:guava:jar:18.0:compile - omitted for duplicate)
+- org.jfrog.buildinfo:build-info-vcs:jar:2.6.3:compile
|  +- (commons-logging:commons-logging:jar:1.1.1:compile - omitted for duplicate)
|  +- (commons-io:commons-io:jar:2.2:compile - omitted for conflict with 1.4)
|  +- (com.perforce:p4java:jar:2015.1.1210280:compile - omitted for duplicate)
|  +- (commons-lang:commons-lang:jar:2.4:compile - omitted for duplicate)
|  \- (com.google.guava:guava:jar:18.0:compile - omitted for duplicate)
+- com.jcraft:jzlib:jar:1.1.3:compile
+- org.jfrog.buildinfo:build-info-extractor-ivy:jar:2.6.1:compile
|  +- (commons-logging:commons-logging:jar:1.1.1:compile - omitted for duplicate)
|  +- (commons-io:commons-io:jar:2.2:compile - omitted for conflict with 1.4)
|  +- (org.slf4j:slf4j-api:jar:1.5.8:compile - omitted for conflict with 1.4.3)
|  +- (commons-lang:commons-lang:jar:2.4:compile - omitted for duplicate)
|  \- (org.jfrog.buildinfo:build-info-extractor:jar:2.6.3:compile - omitted for duplicate)
+- org.jfrog.buildinfo:build-info-extractor-maven3:jar:2.6.1:compile
|  +- (commons-logging:commons-logging:jar:1.1.1:compile - omitted for duplicate)
|  +- (commons-io:commons-io:jar:2.2:compile - omitted for conflict with 1.4)
|  +- org.eclipse.aether:aether-util:jar:1.0.2.v20150114:compile
|  |  \- (org.eclipse.aether:aether-api:jar:1.0.2.v20150114:compile - omitted for duplicate)
|  +- org.eclipse.aether:aether-impl:jar:1.0.2.v20150114:compile
|  |  +- (org.eclipse.aether:aether-api:jar:1.0.2.v20150114:compile - omitted for duplicate)
|  |  +- org.eclipse.aether:aether-spi:jar:1.0.2.v20150114:compile
|  |  |  \- (org.eclipse.aether:aether-api:jar:1.0.2.v20150114:compile - omitted for duplicate)
|  |  \- (org.eclipse.aether:aether-util:jar:1.0.2.v20150114:compile - omitted for duplicate)
|  +- (org.sonatype.aether:aether-util:jar:1.13.1:compile - omitted for duplicate)
|  +- (org.sonatype.aether:aether-impl:jar:1.13.1:compile - omitted for duplicate)
|  +- org.apache.maven:maven-repository-metadata:jar:3.1.0:compile
|  +- (org.jfrog.buildinfo:build-info-extractor:jar:2.6.3:compile - omitted for duplicate)
|  +- (org.apache.maven:maven-core:jar:3.3.3:compile - omitted for conflict with 3.0.5)
|  +- plexus:plexus-container-default:jar:1.0-alpha-6:compile
|  |  +- (junit:junit:jar:3.8.1:compile - omitted for conflict with 4.12)
|  |  \- plexus:plexus-utils:jar:1.0.2:compile
|  +- org.eclipse.aether:aether-api:jar:1.0.2.v20150114:compile
|  +- org.codehaus.groovy:groovy-all:jar:2.1.6:compile
|  +- (org.sonatype.aether:aether-api:jar:1.13.1:compile - omitted for duplicate)
|  +- (commons-lang:commons-lang:jar:2.4:compile - omitted for duplicate)
|  +- org.apache.maven.plugins:maven-deploy-plugin:jar:2.8.2:compile
|  |  +- (org.apache.maven:maven-plugin-api:jar:2.2.1:compile - omitted for conflict with 3.0.5)
|  |  +- org.apache.maven:maven-project:jar:2.2.1:compile
|  |  |  +- (org.apache.maven:maven-settings:jar:2.2.1:compile - omitted for conflict with 3.0.5)
|  |  |  +- org.apache.maven:maven-profile:jar:2.2.1:compile
|  |  |  +- org.apache.maven:maven-artifact-manager:jar:2.2.1:compile
|  |  |  |  +- (org.apache.maven:maven-repository-metadata:jar:2.2.1:compile - omitted for conflict with 3.1.0)
|  |  |  |  +- (org.apache.maven:maven-artifact:jar:2.2.1:compile - omitted for conflict with 3.0.5)
|  |  |  |  +- (org.apache.maven.wagon:wagon-provider-api:jar:1.0-beta-6:compile - omitted for conflict with 2.4)
|  |  |  |  \- backport-util-concurrent:backport-util-concurrent:jar:3.1:compile
|  |  |  +- org.apache.maven:maven-plugin-registry:jar:2.2.1:compile
|  |  |  \- (org.apache.maven:maven-artifact:jar:2.2.1:compile - omitted for conflict with 3.0.5)
|  |  \- (org.apache.maven:maven-artifact:jar:2.2.1:compile - omitted for conflict with 3.0.5)
|  +- (org.jdom:jdom:jar:1.1.1:compile - omitted for conflict with 1.1)
|  \- org.apache.maven:maven-model:jar:3.1.0:compile
+- org.jfrog.buildinfo:build-info-extractor-gradle:jar:4.4.5:compile
|  +- (org.apache.ivy:ivy:jar:2.2.0:compile - omitted for conflict with 2.1.0)
|  +- (commons-logging:commons-logging:jar:1.1.1:compile - omitted for duplicate)
|  +- (commons-io:commons-io:jar:2.2:compile - omitted for conflict with 1.4)
|  +- (commons-lang:commons-lang:jar:2.4:compile - omitted for duplicate)
|  \- (org.jfrog.buildinfo:build-info-extractor:jar:2.6.3:compile - omitted for duplicate)
+- commons-lang:commons-lang:jar:2.4:compile
+- commons-codec:commons-codec:jar:1.4:compile
+- commons-io:commons-io:jar:2.0.1:compile
+- com.google.guava:guava:jar:18.0:compile
+- org.jdom:jdom:jar:1.1:compile
+- org.apache.ivy:ivy:jar:2.4.0:compile
+- org.jenkins-ci.plugins:jira:jar:2.2:compile
|  +- org.hamcrest:hamcrest-all:jar:1.3:compile
|  +- com.googlecode.lambdaj:lambdaj:jar:2.3.3:compile
|  |  +- (org.hamcrest:hamcrest-all:jar:1.1:compile - omitted for conflict with 1.3)
|  |  +- (org.objenesis:objenesis:jar:1.2:compile - omitted for duplicate)
|  |  \- cglib:cglib-nodep:jar:2.2:compile
|  +- javax.activation:activation:jar:1.1.1:compile
|  +- commons-discovery:commons-discovery:jar:0.4:compile
|  |  \- (commons-logging:commons-logging:jar:1.0.4:compile - omitted for conflict with 1.1.1)
|  +- com.atlassian.jira:jira-rest-java-client-api:jar:3.0.0:compile
|  |  +- com.atlassian.util.concurrent:atlassian-util-concurrent:jar:2.4.0-M9:compile
|  |  +- com.atlassian.httpclient:atlassian-httpclient-api:jar:0.13.2:compile
|  |  |  +- com.atlassian.httpclient:atlassian-httpclient-spi:jar:0.13.2:compile
|  |  |  \- (com.atlassian.util.concurrent:atlassian-util-concurrent:jar:2.4.0:compile - omitted for conflict with 2.4.0-M9)
|  |  \- (joda-time:joda-time:jar:1.6:compile - omitted for conflict with 2.9.2)
|  +- com.atlassian.jira:jira-rest-java-client-plugin:jar:3.0.0:compile
|  |  +- (com.atlassian.jira:jira-rest-java-client-core:jar:3.0.0:compile - omitted for duplicate)
|  |  \- (org.apache.httpcomponents:httpmime:jar:4.1.2:compile - omitted for conflict with 4.2.5)
|  +- com.atlassian.jira:jira-rest-java-client-core:jar:3.0.0:compile
|  |  +- (com.atlassian.jira:jira-rest-java-client-api:jar:3.0.0:compile - omitted for duplicate)
|  |  +- com.sun.jersey:jersey-client:jar:1.5:compile
|  |  |  \- com.sun.jersey:jersey-core:jar:1.5:compile
|  |  +- com.sun.jersey:jersey-json:jar:1.5:compile
|  |  |  +- (com.sun.jersey:jersey-core:jar:1.5:compile - omitted for duplicate)
|  |  |  +- org.codehaus.jettison:jettison:jar:1.1:compile
|  |  |  |  \- stax:stax-api:jar:1.0.1:compile
|  |  |  +- com.sun.xml.bind:jaxb-impl:jar:2.2.3:compile
|  |  |  |  \- javax.xml.bind:jaxb-api:jar:2.2.2:compile
|  |  |  |     +- javax.xml.stream:stax-api:jar:1.0-2:compile
|  |  |  |     \- (javax.activation:activation:jar:1.1:compile - omitted for conflict with 1.1.1)
|  |  |  +- org.codehaus.jackson:jackson-core-asl:jar:1.5.5:compile
|  |  |  +- org.codehaus.jackson:jackson-mapper-asl:jar:1.5.5:compile
|  |  |  |  \- (org.codehaus.jackson:jackson-core-asl:jar:1.5.5:compile - omitted for duplicate)
|  |  |  +- org.codehaus.jackson:jackson-jaxrs:jar:1.5.5:compile
|  |  |  |  +- (org.codehaus.jackson:jackson-core-asl:jar:1.5.5:compile - omitted for duplicate)
|  |  |  |  \- (org.codehaus.jackson:jackson-mapper-asl:jar:1.5.5:compile - omitted for duplicate)
|  |  |  \- org.codehaus.jackson:jackson-xc:jar:1.5.5:compile
|  |  |     +- (org.codehaus.jackson:jackson-core-asl:jar:1.5.5:compile - omitted for duplicate)
|  |  |     \- (org.codehaus.jackson:jackson-mapper-asl:jar:1.5.5:compile - omitted for duplicate)
|  |  +- (joda-time:joda-time:jar:1.6:compile - omitted for conflict with 2.9.2)
|  |  +- com.atlassian.httpclient:atlassian-httpclient-apache-httpcomponents:jar:0.13.2:compile
|  |  |  +- (com.atlassian.httpclient:atlassian-httpclient-api:jar:0.13.2:compile - omitted for duplicate)
|  |  |  +- com.atlassian.sal:sal-api:jar:2.7.0:compile
|  |  |  +- com.atlassian.event:atlassian-event:jar:2.2.0:compile
|  |  |  |  +- (com.atlassian.util.concurrent:atlassian-util-concurrent:jar:0.0.12:compile - omitted for conflict with 2.4.0-M9)
|  |  |  |  +- (commons-lang:commons-lang:jar:2.4:compile - omitted for duplicate)
|  |  |  |  \- (org.slf4j:slf4j-api:jar:1.5.8:compile - omitted for conflict with 1.4.3)
|  |  |  +- (org.slf4j:slf4j-api:jar:1.6.4:compile - omitted for conflict with 1.4.3)
|  |  |  +- org.apache.httpcomponents:httpasyncclient-cache:jar:4.0-beta3-atlassian-1:compile
|  |  |  |  +- (org.apache.httpcomponents:httpasyncclient:jar:4.0-beta3-atlassian-1:compile - omitted for duplicate)
|  |  |  |  \- (org.apache.httpcomponents:httpclient-cache:jar:4.2.1-atlassian-2:compile - omitted for duplicate)
|  |  |  +- org.apache.httpcomponents:httpclient-cache:jar:4.2.1-atlassian-2:compile
|  |  |  |  +- (org.apache.httpcomponents:httpclient:jar:4.2.1-atlassian-2:compile - omitted for conflict with 4.2.5)
|  |  |  |  \- (commons-logging:commons-logging:jar:1.1.1:compile - omitted for duplicate)
|  |  |  +- org.apache.httpcomponents:httpasyncclient:jar:4.0-beta3-atlassian-1:compile
|  |  |  |  +- (org.apache.httpcomponents:httpclient:jar:4.2.1-atlassian-2:compile - omitted for conflict with 4.2.5)
|  |  |  |  \- (commons-logging:commons-logging:jar:1.1.1:compile - omitted for duplicate)
|  |  |  +- (org.apache.httpcomponents:httpcore:jar:4.2.2:compile - omitted for conflict with 4.2.5)
|  |  |  +- org.springframework:spring-context:jar:2.5.6.SEC03:compile
|  |  |  |  +- (aopalliance:aopalliance:jar:1.0:compile - omitted for duplicate)
|  |  |  |  +- (commons-logging:commons-logging:jar:1.1.1:compile - omitted for duplicate)
|  |  |  |  +- org.springframework:spring-beans:jar:2.5.6.SEC03:compile
|  |  |  |  |  +- (commons-logging:commons-logging:jar:1.1.1:compile - omitted for duplicate)
|  |  |  |  |  \- (org.springframework:spring-core:jar:2.5.6:compile - omitted for duplicate)
|  |  |  |  \- org.springframework:spring-core:jar:2.5.6.SEC03:compile
|  |  |  |     \- (commons-logging:commons-logging:jar:1.1.1:compile - omitted for duplicate)
|  |  |  \- (org.apache.httpcomponents:httpmime:jar:4.1.2:compile - omitted for duplicate)
|  |  +- (com.atlassian.util.concurrent:atlassian-util-concurrent:jar:2.4.0-M9:compile - omitted for duplicate)
|  |  \- (org.apache.httpcomponents:httpmime:jar:4.1.2:compile - omitted for duplicate)
|  +- org.apache.httpcomponents:httpmime:jar:4.2.5:compile
|  |  \- (org.apache.httpcomponents:httpcore:jar:4.2.4:compile - omitted for conflict with 4.2.5)
|  +- (org.apache.httpcomponents:httpclient:jar:4.2.5:compile - omitted for duplicate)
|  +- (org.apache.httpcomponents:httpcore:jar:4.2.5:compile - omitted for duplicate)
|  +- org.apache.httpcomponents:httpcore-nio:jar:4.2.5:compile
|  |  \- (org.apache.httpcomponents:httpcore:jar:4.2.5:compile - omitted for duplicate)
|  +- org.apache.httpcomponents:fluent-hc:jar:4.2.5:compile
|  |  +- (org.apache.httpcomponents:httpclient:jar:4.2.5:compile - omitted for duplicate)
|  |  \- (commons-logging:commons-logging:jar:1.1.1:compile - omitted for duplicate)
|  +- org.apache.maven:maven-artifact:jar:3.0.3:compile
|  |  \- (org.codehaus.plexus:plexus-utils:jar:2.0.6:compile - omitted for duplicate)
|  +- (org.jenkins-ci.plugins:matrix-project:jar:1.6:compile - omitted for duplicate)
|  +- (org.jenkins-ci.plugins:mailer:jar:1.15:compile - omitted for conflict with 1.5)
|  +- (commons-codec:commons-codec:jar:1.10:compile - omitted for conflict with 1.4)
|  +- (com.fasterxml.jackson.core:jackson-core:jar:2.6.0-rc3:compile - omitted for conflict with 2.8.1)
|  \- (com.fasterxml.jackson.core:jackson-databind:jar:2.6.0-rc3:compile - omitted for conflict with 2.8.1)
+- org.jenkins-ci.plugins:jenkins-multijob-plugin:jar:1.13:compile
|  +- org.jenkins-ci.plugins:parameterized-trigger:jar:2.21:compile
|  +- org.jenkins-ci.plugins:envinject:jar:1.83:compile
|  |  +- (org.jenkins-ci.main:maven-plugin:jar:1.521:compile - version managed from 1.444; omitted for duplicate)
|  |  \- org.jenkins-ci.lib:envinject-lib:jar:1.15:compile
|  \- org.jenkins-ci.plugins:conditional-buildstep:jar:1.3.1:compile
|     +- (org.jenkins-ci.plugins:token-macro:jar:1.5.1:compile - omitted for duplicate)
|     \- (org.jenkins-ci.plugins:run-condition:jar:0.10:compile - omitted for conflict with 0.7)
+- org.jenkins-ci.plugins.workflow:workflow-step-api:jar:2.3:compile
|  \- org.jenkins-ci.plugins:structs:jar:1.3:compile
|     \- org.jenkins-ci:symbol-annotation:jar:1.3:compile
|        \- (org.jenkins-ci:annotation-indexer:jar:1.9:compile - omitted for conflict with 1.4)
+- org.jenkins-ci.plugins.workflow:workflow-cps:jar:2.13:compile
|  +- (org.jenkins-ci.plugins.workflow:workflow-step-api:jar:2.3:compile - omitted for duplicate)
|  +- org.jenkins-ci.plugins.workflow:workflow-api:jar:2.1:compile
|  |  \- (org.jenkins-ci.plugins.workflow:workflow-step-api:jar:1.15:compile - omitted for conflict with 2.3)
|  +- org.jenkins-ci.plugins.workflow:workflow-support:jar:2.1:compile
|  |  +- (org.jenkins-ci.plugins.workflow:workflow-step-api:jar:1.15:compile - omitted for conflict with 2.3)
|  |  +- (org.jenkins-ci.plugins.workflow:workflow-api:jar:2.1:compile - omitted for duplicate)
|  |  +- (org.jenkins-ci.plugins:script-security:jar:1.16:compile - omitted for conflict with 1.13)
|  |  \- org.jboss.marshalling:jboss-marshalling-river:jar:1.4.9.Final:compile
|  |     \- org.jboss.marshalling:jboss-marshalling:jar:1.4.9.Final:compile
|  +- (org.jenkins-ci.plugins.workflow:workflow-scm-step:jar:1.15:compile - omitted for conflict with 1.14.2)
|  +- org.jenkins-ci.plugins:script-security:jar:1.21:compile
|  |  \- org.kohsuke:groovy-sandbox:jar:1.10:compile
|  +- (org.jenkins-ci.plugins:scm-api:jar:1.1:compile - omitted for conflict with 0.2)
|  +- (org.jenkins-ci.plugins:structs:jar:1.3:compile - omitted for duplicate)
|  +- com.cloudbees:groovy-cps:jar:1.9:compile
|  |  \- (com.google.guava:guava:jar:11.0.1:compile - omitted for conflict with 18.0)
|  +- org.jenkins-ci.ui:jquery-detached:jar:1.2.1:compile
|  +- org.jenkins-ci.ui:ace-editor:jar:1.0.1:compile
|  \- com.cloudbees:diff4j:jar:1.2:compile
|     \- org.jvnet.localizer:localizer:jar:1.10:compile
+- junit:junit:jar:4.12:test (scope not updated to compile)
|  \- org.hamcrest:hamcrest-core:jar:1.3:test
+- org.codehaus.plexus:plexus-classworlds:jar:2.5.1:compile
+- org.littleshoot:littleproxy:jar:1.1.0:compile
|  +- (com.google.guava:guava:jar:18.0:compile - omitted for duplicate)
|  +- commons-cli:commons-cli:jar:1.3.1:compile
|  +- (commons-codec:commons-codec:jar:1.10:compile - omitted for conflict with 1.4)
|  +- (commons-io:commons-io:jar:2.4:compile - omitted for conflict with 2.0.1)
|  +- org.apache.commons:commons-lang3:jar:3.4:compile
|  +- com.barchart.udt:barchart-udt-bundle:jar:2.3.0:compile
|  \- (org.slf4j:slf4j-api:jar:1.7.21:compile - omitted for conflict with 1.4.3)
+- net.lightbody.bmp:mitm:jar:2.1.1:compile
|  +- org.bouncycastle:bcprov-jdk15on:jar:1.54:compile
|  \- org.bouncycastle:bcpkix-jdk15on:jar:1.54:compile
|     \- (org.bouncycastle:bcprov-jdk15on:jar:1.54:compile - omitted for duplicate)
+- com.github.docker-java:docker-java:jar:3.0.0:compile
|  +- com.fasterxml.jackson.jaxrs:jackson-jaxrs-json-provider:jar:2.6.4:compile
|  |  +- com.fasterxml.jackson.jaxrs:jackson-jaxrs-base:jar:2.6.4:compile
|  |  |  +- (com.fasterxml.jackson.core:jackson-core:jar:2.6.4:compile - omitted for conflict with 2.8.1)
|  |  |  \- (com.fasterxml.jackson.core:jackson-databind:jar:2.6.4:compile - omitted for conflict with 2.8.1)
|  |  +- (com.fasterxml.jackson.core:jackson-core:jar:2.6.4:compile - omitted for conflict with 2.8.1)
|  |  +- (com.fasterxml.jackson.core:jackson-databind:jar:2.6.4:compile - omitted for conflict with 2.8.1)
|  |  \- com.fasterxml.jackson.module:jackson-module-jaxb-annotations:jar:2.6.4:compile
|  |     +- (com.fasterxml.jackson.core:jackson-core:jar:2.6.4:compile - omitted for conflict with 2.8.1)
|  |     \- (com.fasterxml.jackson.core:jackson-databind:jar:2.6.4:compile - omitted for conflict with 2.8.1)
|  +- org.glassfish.jersey.connectors:jersey-apache-connector:jar:2.11:compile
|  |  +- (org.apache.httpcomponents:httpclient:jar:4.3.1:compile - omitted for conflict with 4.2.5)
|  |  +- org.glassfish.jersey.core:jersey-common:jar:2.11:compile
|  |  |  +- (javax.ws.rs:javax.ws.rs-api:jar:2.0:compile - omitted for duplicate)
|  |  |  +- javax.annotation:javax.annotation-api:jar:1.2:compile
|  |  |  +- org.glassfish.jersey.bundles.repackaged:jersey-guava:jar:2.11:compile
|  |  |  +- (org.glassfish.hk2:hk2-api:jar:2.3.0-b05:compile - omitted for duplicate)
|  |  |  +- (org.glassfish.hk2.external:javax.inject:jar:2.3.0-b05:compile - omitted for duplicate)
|  |  |  +- (org.glassfish.hk2:hk2-locator:jar:2.3.0-b05:compile - omitted for duplicate)
|  |  |  \- org.glassfish.hk2:osgi-resource-locator:jar:1.0.1:compile
|  |  +- (org.glassfish.jersey.core:jersey-client:jar:2.11:compile - omitted for duplicate)
|  |  \- javax.ws.rs:javax.ws.rs-api:jar:2.0:compile
|  +- (org.apache.httpcomponents:httpclient:jar:4.3.1:compile - omitted for conflict with 4.2.5)
|  +- org.glassfish.jersey.core:jersey-client:jar:2.11:compile
|  |  +- (org.glassfish.jersey.core:jersey-common:jar:2.11:compile - omitted for duplicate)
|  |  +- (javax.ws.rs:javax.ws.rs-api:jar:2.0:compile - omitted for duplicate)
|  |  +- org.glassfish.hk2:hk2-api:jar:2.3.0-b05:compile
|  |  |  +- org.glassfish.hk2:hk2-utils:jar:2.3.0-b05:compile
|  |  |  \- org.glassfish.hk2.external:aopalliance-repackaged:jar:2.3.0-b05:compile
|  |  +- org.glassfish.hk2.external:javax.inject:jar:2.3.0-b05:compile
|  |  \- org.glassfish.hk2:hk2-locator:jar:2.3.0-b05:compile
|  |     +- (org.glassfish.hk2.external:javax.inject:jar:2.3.0-b05:compile - omitted for duplicate)
|  |     +- (org.glassfish.hk2.external:aopalliance-repackaged:jar:2.3.0-b05:compile - omitted for duplicate)
|  |     +- (org.glassfish.hk2:hk2-api:jar:2.3.0-b05:compile - omitted for duplicate)
|  |     +- (org.glassfish.hk2:hk2-utils:jar:2.3.0-b05:compile - omitted for duplicate)
|  |     \- org.javassist:javassist:jar:3.18.1-GA:compile
|  +- de.gesellix:unix-socket-factory:jar:2015-01-27T15-02-14:compile
|  |  \- (org.apache.httpcomponents:httpclient:jar:4.3:runtime - omitted for conflict with 4.2.5)
|  +- (org.apache.commons:commons-compress:jar:1.5:compile - omitted for conflict with 1.9)
|  +- (commons-codec:commons-codec:jar:1.8:compile - omitted for conflict with 1.4)
|  +- (commons-lang:commons-lang:jar:2.6:compile - omitted for conflict with 2.4)
|  +- (commons-io:commons-io:jar:2.3:compile - omitted for conflict with 2.0.1)
|  +- (org.slf4j:slf4j-api:jar:1.7.5:compile - omitted for conflict with 1.4.3)
|  +- (com.google.guava:guava:jar:18.0:compile - omitted for duplicate)
|  +- (org.bouncycastle:bcpkix-jdk15on:jar:1.51:compile - omitted for conflict with 1.54)
|  +- io.netty:netty-codec-http:jar:4.1.0.CR3:compile
|  |  \- io.netty:netty-codec:jar:4.1.0.CR3:compile
|  |     \- (io.netty:netty-transport:jar:4.1.0.CR3:compile - omitted for duplicate)
|  +- io.netty:netty-handler:jar:4.1.0.CR3:compile
|  |  +- io.netty:netty-buffer:jar:4.1.0.CR3:compile
|  |  |  \- (io.netty:netty-common:jar:4.1.0.CR3:compile - omitted for duplicate)
|  |  +- io.netty:netty-transport:jar:4.1.0.CR3:compile
|  |  |  +- (io.netty:netty-buffer:jar:4.1.0.CR3:compile - omitted for duplicate)
|  |  |  \- io.netty:netty-resolver:jar:4.1.0.CR3:compile
|  |  |     \- (io.netty:netty-common:jar:4.1.0.CR3:compile - omitted for duplicate)
|  |  \- (io.netty:netty-codec:jar:4.1.0.CR3:compile - omitted for duplicate)
|  +- io.netty:netty-handler-proxy:jar:4.1.0.CR3:compile
|  |  +- (io.netty:netty-transport:jar:4.1.0.CR3:compile - omitted for duplicate)
|  |  +- io.netty:netty-codec-socks:jar:4.1.0.CR3:compile
|  |  |  \- (io.netty:netty-codec:jar:4.1.0.CR3:compile - omitted for duplicate)
|  |  \- (io.netty:netty-codec-http:jar:4.1.0.CR3:compile - omitted for duplicate)
|  \- io.netty:netty-transport-native-epoll:jar:linux-x86_64:4.1.0.CR3:compile
|     +- io.netty:netty-common:jar:4.1.0.CR3:compile
|     +- (io.netty:netty-buffer:jar:4.1.0.CR3:compile - omitted for duplicate)
|     \- (io.netty:netty-transport:jar:4.1.0.CR3:compile - omitted for duplicate)
+- org.jenkins-ci.main:jenkins-war:war:1.521:test
+- org.jenkins-ci.main:jenkins-core:jar:1.521:provided
|  +- org.jenkins-ci.main:remoting:jar:2.26:provided
|  |  +- (org.apache.ant:ant:jar:1.8.3:provided - omitted for duplicate)
|  |  \- org.jenkins-ci:constant-pool-scanner:jar:1.1:provided
|  +- org.jenkins-ci.main:cli:jar:1.521:provided
|  |  +- (commons-codec:commons-codec:jar:1.4:provided - omitted for duplicate)
|  |  +- (org.jenkins-ci.main:remoting:jar:2.26:provided - omitted for duplicate)
|  |  +- (org.jvnet.localizer:localizer:jar:1.10:provided - omitted for conflict with 1.10)
|  |  \- (org.jenkins-ci:trilead-ssh2:jar:build214-jenkins-1:provided - omitted for conflict with build217-jenkins-7)
|  +- org.jenkins-ci:version-number:jar:1.1:provided
|  +- org.jenkins-ci:crypto-util:jar:1.1:provided
|  |  \- (commons-io:commons-io:jar:1.4:provided - omitted for conflict with 2.0.1)
|  +- org.jvnet.hudson:jtidy:jar:4aug2000r7-dev-hudson-1:provided
|  +- (org.sonatype.sisu:sisu-guice:jar:3.1.0:provided - omitted for duplicate)
|  +- org.jruby.ext.posix:jna-posix:jar:1.0.3:provided
|  +- com.github.jnr:jnr-posix:jar:3.0.0:provided
|  |  +- com.github.jnr:jnr-ffi:jar:1.0.4:provided
|  |  |  +- com.github.jnr:jffi:jar:1.3.0-SNAPSHOT:provided
|  |  |  +- com.github.jnr:jffi:jar:native:1.3.0-SNAPSHOT:provided
|  |  |  +- org.ow2.asm:asm:jar:4.0:provided
|  |  |  +- org.ow2.asm:asm-commons:jar:4.0:provided
|  |  |  |  \- (org.ow2.asm:asm-tree:jar:4.0:provided - omitted for duplicate)
|  |  |  +- org.ow2.asm:asm-analysis:jar:4.0:provided
|  |  |  |  \- (org.ow2.asm:asm-tree:jar:4.0:provided - omitted for duplicate)
|  |  |  +- org.ow2.asm:asm-tree:jar:4.0:provided
|  |  |  |  \- (org.ow2.asm:asm:jar:4.0:provided - omitted for duplicate)
|  |  |  +- org.ow2.asm:asm-util:jar:4.0:provided
|  |  |  |  \- (org.ow2.asm:asm-tree:jar:4.0:provided - omitted for duplicate)
|  |  |  \- com.github.jnr:jnr-x86asm:jar:1.0.2:provided
|  |  \- com.github.jnr:jnr-constants:jar:0.8.4:provided
|  +- org.kohsuke:trilead-putty-extension:jar:1.2:provided
|  |  \- (org.jenkins-ci:trilead-ssh2:jar:build214-jenkins-1:provided - omitted for conflict with build217-jenkins-7)
|  +- (org.jenkins-ci:trilead-ssh2:jar:build214-jenkins-3:provided - omitted for conflict with build217-jenkins-7)
|  +- org.kohsuke.stapler:stapler-groovy:jar:1.213:provided
|  |  +- org.kohsuke.stapler:stapler-jelly:jar:1.213:provided
|  |  |  +- (org.kohsuke.stapler:stapler:jar:1.213:provided - omitted for duplicate)
|  |  |  +- org.jenkins-ci:commons-jelly:jar:1.1-jenkins-20120928:provided
|  |  |  |  +- (org.jenkins-ci:commons-jexl:jar:1.1-jenkins-20111212:provided - omitted for duplicate)
|  |  |  |  +- (commons-beanutils:commons-beanutils:jar:1.7.0:provided - omitted for duplicate)
|  |  |  |  \- (commons-collections:commons-collections:jar:3.2:provided - omitted for conflict with 3.2.1)
|  |  |  \- org.jvnet.hudson.dom4j:dom4j:jar:1.6.1-hudson-3:provided
|  |  \- (org.codehaus.groovy:groovy-all:jar:1.8.3:provided - omitted for conflict with 2.1.6)
|  +- org.kohsuke.stapler:stapler-jrebel:jar:1.213:provided
|  |  \- org.kohsuke.stapler:stapler:jar:1.213:provided
|  |     +- (commons-discovery:commons-discovery:jar:0.4:provided - omitted for duplicate)
|  |     +- (commons-beanutils:commons-beanutils:jar:1.7.0:provided - omitted for conflict with 1.8.0)
|  |     +- (commons-io:commons-io:jar:1.3.1:provided - omitted for conflict with 2.0.1)
|  |     +- (org.jvnet.localizer:localizer:jar:1.7:provided - omitted for conflict with 1.10)
|  |     +- (org.kohsuke.stapler:json-lib:jar:2.1-rev7:provided - omitted for conflict with 2.4-jenkins-1)
|  |     +- org.jvnet:tiger-types:jar:1.3:provided
|  |     +- (com.google.guava:guava:jar:r06:provided - omitted for conflict with 18.0)
|  |     +- org.kohsuke:asm3:jar:3.3.0:provided
|  |     +- commons-fileupload:commons-fileupload:jar:1.2.1:provided
|  |     \- (com.jcraft:jzlib:jar:1.1.2:provided - omitted for conflict with 1.1.3)
|  +- org.kohsuke:windows-package-checker:jar:1.0:provided
|  +- org.kohsuke.stapler:stapler-adjunct-zeroclipboard:jar:1.1.7-1:provided
|  |  \- (org.kohsuke.stapler:stapler:jar:1.140:provided - omitted for conflict with 1.213)
|  +- org.kohsuke.stapler:stapler-adjunct-timeline:jar:1.4:provided
|  |  \- (org.kohsuke.stapler:stapler:jar:1.140:provided - omitted for conflict with 1.213)
|  +- org.kohsuke.stapler:stapler-adjunct-codemirror:jar:1.2:provided
|  |  \- (org.kohsuke.stapler:stapler:jar:1.140:provided - omitted for conflict with 1.213)
|  +- (com.infradna.tool:bridge-method-annotation:jar:1.8:provided - omitted for conflict with 1.14)
|  +- org.kohsuke.stapler:json-lib:jar:2.4-jenkins-1:provided
|  |  +- (commons-beanutils:commons-beanutils:jar:1.8.0:provided - omitted for conflict with 1.8.3)
|  |  +- (commons-collections:commons-collections:jar:3.2.1:provided - omitted for duplicate)
|  |  +- (commons-lang:commons-lang:jar:2.5:provided - omitted for conflict with 2.4)
|  |  +- (commons-logging:commons-logging:jar:1.1.1:provided - omitted for duplicate)
|  |  \- net.sf.ezmorph:ezmorph:jar:1.0.6:provided
|  |     \- (commons-lang:commons-lang:jar:2.3:provided - omitted for conflict with 2.4)
|  +- (commons-httpclient:commons-httpclient:jar:3.1:provided - omitted for duplicate)
|  +- args4j:args4j:jar:2.0.21:provided
|  +- (org.jenkins-ci:annotation-indexer:jar:1.4:compile - scope updated from provided; omitted for duplicate)
|  +- org.jvnet.hudson:task-reactor:jar:1.2:provided
|  +- (org.jvnet.localizer:localizer:jar:1.10:compile - scope updated from provided; omitted for duplicate)
|  +- antlr:antlr:jar:2.7.6:provided
|  +- (org.jvnet.hudson:xstream:jar:1.4.4-jenkins-3:provided - omitted for conflict with 1.3.1-hudson-8)
|  +- jfree:jfreechart:jar:1.0.9:provided
|  |  \- jfree:jcommon:jar:1.0.12:provided
|  +- (org.apache.ant:ant:jar:1.8.3:provided - omitted for duplicate)
|  +- (commons-io:commons-io:jar:1.4:provided - omitted for conflict with 2.0.1)
|  +- (commons-lang:commons-lang:jar:2.6:provided - omitted for conflict with 2.4)
|  +- commons-digester:commons-digester:jar:2.1:provided
|  |  +- (commons-beanutils:commons-beanutils:jar:1.8.3:provided - omitted for conflict with 1.8.0)
|  |  \- (commons-logging:commons-logging:jar:1.1.1:provided - omitted for duplicate)
|  +- commons-beanutils:commons-beanutils:jar:1.8.3:provided
|  |  \- (commons-logging:commons-logging:jar:1.1.1:provided - omitted for duplicate)
|  +- javax.mail:mail:jar:1.4.4:provided
|  +- org.jvnet.hudson:activation:jar:1.1.1-hudson-1:provided
|  +- jaxen:jaxen:jar:1.1-beta-11:provided
|  +- commons-jelly:commons-jelly-tags-fmt:jar:1.0:provided
|  +- commons-jelly:commons-jelly-tags-xml:jar:1.1:provided
|  |  +- (commons-beanutils:commons-beanutils:jar:1.6:provided - omitted for conflict with 1.8.3)
|  |  +- (commons-collections:commons-collections:jar:2.1:provided - omitted for conflict with 3.2.1)
|  |  +- (commons-logging:commons-logging:jar:1.0.3:provided - omitted for conflict with 1.1.1)
|  |  \- (jaxen:jaxen:jar:1.1-beta-2:provided - omitted for conflict with 1.1-beta-11)
|  +- org.jvnet.hudson:commons-jelly-tags-define:jar:1.0.1-hudson-20071021:provided
|  +- org.jenkins-ci:commons-jexl:jar:1.1-jenkins-20111212:provided
|  |  \- (commons-logging:commons-logging:jar:1.0.3:provided - omitted for conflict with 1.1.1)
|  +- org.acegisecurity:acegi-security:jar:1.0.7:provided
|  |  +- (org.springframework:spring-core:jar:1.2.9:compile - scope updated from provided; omitted for duplicate)
|  |  +- org.springframework:spring-jdbc:jar:1.2.9:provided
|  |  |  +- (commons-logging:commons-logging:jar:1.0.4:provided - omitted for conflict with 1.1.1)
|  |  |  +- (org.springframework:spring-beans:jar:1.2.9:compile - scope updated from provided; omitted for duplicate)
|  |  |  +- (org.springframework:spring-core:jar:1.2.9:compile - scope updated from provided; omitted for duplicate)
|  |  |  \- org.springframework:spring-dao:jar:1.2.9:provided
|  |  |     +- (commons-logging:commons-logging:jar:1.0.4:provided - omitted for conflict with 1.1.1)
|  |  |     +- (org.springframework:spring-beans:jar:1.2.9:provided - omitted for duplicate)
|  |  |     +- (org.springframework:spring-context:jar:1.2.9:provided - omitted for conflict with 2.5.6.SEC03)
|  |  |     \- (org.springframework:spring-core:jar:1.2.9:provided - omitted for duplicate)
|  |  +- (commons-lang:commons-lang:jar:2.1:provided - omitted for conflict with 2.4)
|  |  +- (commons-logging:commons-logging:jar:1.0.4:provided - omitted for conflict with 1.1.1)
|  |  +- (commons-codec:commons-codec:jar:1.3:provided - omitted for conflict with 1.4)
|  |  +- oro:oro:jar:2.0.8:provided
|  |  +- (commons-collections:commons-collections:jar:3.1:provided - omitted for conflict with 3.2.1)
|  |  \- log4j:log4j:jar:1.2.9:provided
|  +- (org.codehaus.groovy:groovy-all:jar:1.8.5:provided - omitted for conflict with 2.1.6)
|  +- jline:jline:jar:0.9.94:provided
|  |  \- (junit:junit:jar:3.8.1:provided - omitted for conflict with 4.12)
|  +- org.fusesource.jansi:jansi:jar:1.9:provided
|  +- org.springframework:spring-webmvc:jar:2.5.6.SEC03:provided
|  |  +- (commons-logging:commons-logging:jar:1.1.1:provided - omitted for duplicate)
|  |  +- (org.springframework:spring-beans:jar:2.5.6.SEC03:compile - scope updated from provided; omitted for duplicate)
|  |  +- (org.springframework:spring-context:jar:2.5.6.SEC03:compile - scope updated from provided; omitted for duplicate)
|  |  +- org.springframework:spring-context-support:jar:2.5.6.SEC03:provided
|  |  |  +- (aopalliance:aopalliance:jar:1.0:provided - omitted for duplicate)
|  |  |  +- (commons-logging:commons-logging:jar:1.1.1:provided - omitted for duplicate)
|  |  |  +- (org.springframework:spring-beans:jar:2.5.6.SEC03:compile - scope updated from provided; omitted for duplicate)
|  |  |  +- (org.springframework:spring-context:jar:2.5.6.SEC03:provided - omitted for duplicate)
|  |  |  \- (org.springframework:spring-core:jar:2.5.6.SEC03:compile - scope updated from provided; omitted for duplicate)
|  |  +- (org.springframework:spring-core:jar:2.5.6.SEC03:compile - scope updated from provided; omitted for duplicate)
|  |  \- org.springframework:spring-web:jar:2.5.6.SEC03:provided
|  |     +- (commons-logging:commons-logging:jar:1.1.1:provided - omitted for duplicate)
|  |     +- (org.springframework:spring-beans:jar:2.5.6.SEC03:compile - scope updated from provided; omitted for duplicate)
|  |     +- (org.springframework:spring-context:jar:2.5.6.SEC03:provided - omitted for duplicate)
|  |     \- (org.springframework:spring-core:jar:2.5.6.SEC03:compile - scope updated from provided; omitted for duplicate)
|  +- (org.springframework:spring-core:jar:2.5.6.SEC03:compile - scope updated from provided; omitted for duplicate)
|  +- org.springframework:spring-aop:jar:2.5.6.SEC03:provided
|  |  +- (aopalliance:aopalliance:jar:1.0:provided - omitted for duplicate)
|  |  +- (commons-logging:commons-logging:jar:1.1.1:provided - omitted for duplicate)
|  |  +- (org.springframework:spring-beans:jar:2.5.6.SEC03:compile - scope updated from provided; omitted for duplicate)
|  |  \- (org.springframework:spring-core:jar:2.5.6.SEC03:compile - scope updated from provided; omitted for duplicate)
|  +- xpp3:xpp3:jar:1.1.4c:provided
|  +- javax.servlet:jstl:jar:1.1.0:provided
|  +- (commons-logging:commons-logging:jar:1.1.1:provided - omitted for duplicate)
|  +- com.sun.xml.txw2:txw2:jar:20110809:provided
|  |  +- (javax.xml.stream:stax-api:jar:1.0-2:compile - scope updated from provided; omitted for duplicate)
|  |  \- relaxngDatatype:relaxngDatatype:jar:20020414:provided
|  +- commons-collections:commons-collections:jar:3.2.1:provided
|  +- org.jvnet.winp:winp:jar:1.16:provided
|  |  \- (junit:junit:jar:3.8.1:provided - omitted for conflict with 4.12)
|  +- org.jenkins-ci:memory-monitor:jar:1.7:provided
|  |  \- (net.java.dev.jna:jna:jar:3.0.3-patch-1:provided - omitted for conflict with 3.3.0-jenkins-3)
|  +- org.codehaus.woodstox:wstx-asl:jar:3.2.9:provided
|  |  \- (stax:stax-api:jar:1.0.1:compile - scope updated from provided; omitted for duplicate)
|  +- org.jenkins-ci:jmdns:jar:3.4.0-jenkins-3:provided
|  +- (net.java.dev.jna:jna:jar:3.3.0-jenkins-3:compile - scope updated from provided; omitted for duplicate)
|  +- org.kohsuke:akuma:jar:1.9:provided
|  |  \- (net.java.dev.jna:jna:jar:3.4.0:provided - omitted for conflict with 3.3.0-jenkins-3)
|  +- org.kohsuke:libpam4j:jar:1.6:provided
|  |  \- (net.java.dev.jna:jna:jar:3.4.0:provided - omitted for conflict with 3.3.0-jenkins-3)
|  +- org.jvnet.libzfs:libzfs:jar:0.5:provided
|  |  \- (net.java.dev.jna:jna:jar:3.0.3-patch-1:provided - omitted for conflict with 3.3.0-jenkins-3)
|  +- com.sun.solaris:embedded_su4j:jar:1.1:provided
|  +- net.java.sezpoz:sezpoz:jar:1.9:provided
|  +- org.jenkins-ci:jinterop-wmi:jar:1.1:provided
|  |  +- org.kohsuke.jinterop:jinterop-proxy:jar:1.1:provided
|  |  |  +- (org.kohsuke.jinterop:j-interop:jar:2.0.5:provided - omitted for conflict with 2.0.6-kohsuke-1)
|  |  |  +- (org.jvnet:tiger-types:jar:1.1:provided - omitted for conflict with 1.3)
|  |  |  \- (org.samba.jcifs:jcifs:jar:1.3.3:provided - omitted for conflict with 1.3.14-kohsuke-1)
|  |  \- org.kohsuke.jinterop:j-interop:jar:2.0.6-kohsuke-1:provided
|  |     \- org.kohsuke.jinterop:j-interopdeps:jar:2.0.6-kohsuke-1:provided
|  |        \- (org.samba.jcifs:jcifs:jar:1.2.19:provided - omitted for conflict with 1.3.3)
|  +- org.jenkins-ci:windows-remote-command:jar:1.3:provided
|  |  +- (org.jenkins-ci:jinterop-wmi:jar:1.1:provided - omitted for duplicate)
|  |  \- org.samba.jcifs:jcifs:jar:1.3.14-kohsuke-1:provided
|  +- org.jvnet.robust-http-client:robust-http-client:jar:1.2:provided
|  +- (commons-codec:commons-codec:jar:1.6:provided - omitted for conflict with 1.4)
|  +- org.kohsuke:access-modifier-annotation:jar:1.4:provided
|  |  \- (org.jenkins-ci:annotation-indexer:jar:1.4:provided - omitted for duplicate)
|  +- org.kohsuke:owasp-html-sanitizer:jar:r88:provided
|  +- org.mindrot:jbcrypt:jar:0.3m:provided
|  \- (com.google.guava:guava:jar:11.0.1:provided - omitted for conflict with 18.0)
+- org.jenkins-ci.main:jenkins-test-harness:jar:1.521:test
|  +- org.jenkins-ci.main:jenkins-war:jar:war-for-test:1.521:test
|  |  +- (org.jenkins-ci.main:jenkins-core:jar:1.521:test - omitted for duplicate)
|  |  +- (org.jenkins-ci.main:remoting:jar:2.26:test - omitted for duplicate)
|  |  +- org.jenkins-ci.modules:instance-identity:jar:1.3:test
|  |  |  \- (org.bouncycastle:bcpkix-jdk15on:jar:1.47:test - omitted for conflict with 1.54)
|  |  +- org.jenkins-ci.modules:ssh-cli-auth:jar:1.2:test
|  |  |  \- (org.jenkins-ci.modules:instance-identity:jar:1.2:test - omitted for conflict with 1.3)
|  |  +- org.jenkins-ci.modules:slave-installer:jar:1.2:test
|  |  |  \- (org.jenkins-ci.modules:instance-identity:jar:1.1:test - omitted for conflict with 1.3)
|  |  +- org.jenkins-ci.modules:windows-slave-installer:jar:1.3:test
|  |  |  \- (org.jenkins-ci.modules:slave-installer:jar:1.1:test - omitted for conflict with 1.2)
|  |  +- org.jenkins-ci.modules:launchd-slave-installer:jar:1.2:test
|  |  |  +- (org.jenkins-ci.modules:slave-installer:jar:1.1:test - omitted for conflict with 1.2)
|  |  |  \- (org.jenkins-ci.modules:instance-identity:jar:1.1:test - omitted for conflict with 1.3)
|  |  +- org.jenkins-ci.modules:upstart-slave-installer:jar:1.1:test
|  |  |  \- (org.jenkins-ci.modules:slave-installer:jar:1.1:test - omitted for conflict with 1.2)
|  |  \- org.slf4j:slf4j-jdk14:jar:1.6.2:test
|  |     \- (org.slf4j:slf4j-api:jar:1.6.2:test - omitted for conflict with 1.4.3)
|  +- (org.jenkins-ci.main:maven-plugin:jar:1.521:test - version managed from 1.444; omitted for duplicate)
|  +- (org.jenkins-ci.plugins:ant:jar:1.2:test - omitted for duplicate)
|  +- (org.jenkins-ci.plugins:subversion:jar:1.45:test - omitted for conflict with 2.5)
|  +- (org.jenkins-ci.plugins:mailer:jar:1.5:test - omitted for duplicate)
|  +- org.mortbay.jetty:jetty:jar:6.1.26:test
|  |  +- org.mortbay.jetty:jetty-util:jar:6.1.26:test
|  |  \- org.mortbay.jetty:servlet-api:jar:2.5-20081211:test
|  +- org.jvnet.hudson:test-annotations:jar:1.0:test
|  +- org.jvnet.mock-javamail:mock-javamail:jar:1.7:test
|  |  +- (javax.mail:mail:jar:1.4:test - omitted for conflict with 1.4.4)
|  |  \- (junit:junit:jar:3.8:test - omitted for conflict with 4.12)
|  +- (junit:junit:jar:4.11:test - omitted for conflict with 4.12)
|  +- org.hamcrest:hamcrest-library:jar:1.3:test
|  |  \- (org.hamcrest:hamcrest-core:jar:1.3:test - omitted for duplicate)
|  +- org.jenkins-ci:htmlunit:jar:2.6-jenkins-6:test
|  |  +- (xalan:xalan:jar:2.7.1:test - omitted for duplicate)
|  |  +- (commons-collections:commons-collections:jar:3.2.1:test - omitted for duplicate)
|  |  +- (commons-lang:commons-lang:jar:2.4:test - omitted for duplicate)
|  |  +- (commons-httpclient:commons-httpclient:jar:3.1:test - omitted for duplicate)
|  |  +- (commons-codec:commons-codec:jar:1.4:test - omitted for duplicate)
|  |  +- org.jvnet.hudson:htmlunit-core-js:jar:2.6-hudson-1:test
|  |  +- xerces:xercesImpl:jar:2.9.1:test
|  |  +- net.sourceforge.nekohtml:nekohtml:jar:1.9.13:test
|  |  +- net.sourceforge.cssparser:cssparser:jar:0.9.5:test
|  |  |  \- org.w3c.css:sac:jar:1.3:test
|  |  +- (commons-io:commons-io:jar:1.4:test - omitted for conflict with 2.0.1)
|  |  \- (commons-logging:commons-logging:jar:1.1.1:test - omitted for duplicate)
|  +- xalan:xalan:jar:2.7.1:test
|  |  \- xalan:serializer:jar:2.7.1:test
|  |     \- xml-apis:xml-apis:jar:1.3.04:test
|  +- org.jvnet.hudson:embedded-rhino-debugger:jar:1.2:test
|  |  \- (org.jvnet.hudson:htmlunit-core-js:jar:2.6-hudson-1:test - omitted for duplicate)
|  +- org.jvnet.hudson:netx:jar:0.5-hudson-2:test
|  +- org.easymock:easymock:jar:2.4:test
|  +- org.netbeans.modules:org-netbeans-insane:jar:RELEASE72:test
|  +- (com.github.stephenc.findbugs:findbugs-annotations:jar:1.3.9-1:test - omitted for duplicate)
|  \- org.codehaus.geb:geb-implicit-assertions:jar:0.7.2:test
+- org.jenkins-ci.main:ui-samples-plugin:jar:1.521:test
+- javax.servlet:servlet-api:jar:2.4:provided
\- org.codehaus.mojo:animal-sniffer-annotations:jar:1.9:provided

