WARNING: Your kernel does not support swap limit capabilities or the cgroup is not mounted. Memory limited without swap.
com.sonyericsson.hudson.plugins.gerrit:gerrit-trigger:hpi:2.30.0
+- com.sonymobile.tools.gerrit:gerrit-events:jar:2.16.0:compile
|  +- com.jcraft:jsch:jar:0.1.55:compile
|  +- org.apache.httpcomponents:httpclient:jar:4.5.3:compile
|  |  \- org.apache.httpcomponents:httpcore:jar:4.4.6:compile
|  \- com.google.code.gson:gson:jar:2.1:compile
+- org.jenkins-ci.plugins:structs:jar:1.17:compile
|  \- org.jenkins-ci:symbol-annotation:jar:1.17:compile
+- org.jenkins-ci.plugins:git:jar:2.4.3:compile (optional) 
|  +- joda-time:joda-time:jar:2.9.2:compile (optional) 
|  +- com.infradna.tool:bridge-method-annotation:jar:1.14:compile
|  +- org.jenkins-ci.plugins:ssh-credentials:jar:1.11:compile (optional) 
|  +- org.jenkins-ci.plugins:matrix-project:jar:1.6:compile (optional) 
|  \- org.jenkins-ci.plugins:mailer:jar:1.16:compile
+- org.jenkins-ci.plugins:git-client:jar:1.19.6:compile (optional) 
|  +- org.eclipse.jgit:org.eclipse.jgit:jar:3.7.1.201504261725-r:compile (optional) 
|  |  \- com.googlecode.javaewah:JavaEWAH:jar:0.7.9:compile (optional) 
|  +- org.eclipse.jgit:org.eclipse.jgit.http.server:jar:3.7.1.201504261725-r:compile (optional) 
|  \- org.eclipse.jgit:org.eclipse.jgit.java7:jar:3.7.1.201504261725-r:compile (optional) 
+- com.sonyericsson.hudson.plugins.rebuild:rebuild:jar:1.25:compile (optional) 
+- org.jenkins-ci.plugins:rabbitmq-consumer:jar:2.8:compile (optional) 
|  +- com.rabbitmq:amqp-client:jar:3.4.1:compile (optional) 
|  +- commons-validator:commons-validator:jar:1.6:compile (optional) 
|  +- commons-digester:commons-digester:jar:2.1:compile
|  \- org.apache.commons:commons-lang3:jar:3.7:compile
+- org.jenkins-ci.plugins:support-core:jar:2.43:compile (optional) 
|  +- net.sf.uadetector:uadetector-resources:jar:2013.09:compile (optional) 
|  |  \- net.sf.uadetector:uadetector-core:jar:0.9.9:compile (optional) 
|  |     \- net.sf.qualitycheck:quality-check:jar:1.3:compile (optional) 
|  \- org.jenkins-ci.plugins:metrics:jar:3.0.0:compile (optional) 
|     +- com.codahale.metrics:metrics-core:jar:3.0.2:compile (optional) 
|     +- com.codahale.metrics:metrics-servlet:jar:3.0.2:compile (optional) 
|     +- com.codahale.metrics:metrics-healthchecks:jar:3.0.2:compile (optional) 
|     +- com.codahale.metrics:metrics-jvm:jar:3.0.2:compile (optional) 
|     \- com.codahale.metrics:metrics-json:jar:3.0.2:compile (optional) 
+- commons-net:commons-net:jar:3.6:compile
+- org.jenkins-ci.plugins:credentials:jar:2.1.10:test
|  \- org.antlr:antlr4-runtime:jar:4.5:test
|     \- org.abego.treelayout:org.abego.treelayout.core:jar:1.0.1:test
+- org.jenkins-ci.plugins:junit:jar:1.12:test
+- org.jenkins-ci.plugins:scm-api:jar:2.2.6:compile
+- org.jenkins-ci.plugins:pipeline-build-step:jar:2.4:compile
+- org.jenkins-ci.plugins.workflow:workflow-api:jar:2.30:test
+- org.jenkins-ci.plugins.workflow:workflow-basic-steps:jar:2.4:compile
+- org.jenkins-ci.plugins.workflow:workflow-cps:jar:2.61:test
|  +- org.jenkins-ci.plugins:script-security:jar:1.48:compile
|  |  \- org.kohsuke:groovy-sandbox:jar:1.20:compile
|  +- com.cloudbees:groovy-cps:jar:1.25:test
|  +- org.jenkins-ci.ui:jquery-detached:jar:1.2.1:test
|  +- org.jenkins-ci.ui:ace-editor:jar:1.0.1:test
|  \- com.cloudbees:diff4j:jar:1.2:test
+- org.jenkins-ci.plugins.workflow:workflow-durable-task-step:jar:2.18:compile
|  \- org.jenkins-ci.plugins:durable-task:jar:1.16:compile
+- org.jenkins-ci.plugins.workflow:workflow-job:jar:2.26:test
+- org.jenkins-ci.plugins.workflow:workflow-scm-step:jar:2.4:test
+- org.jenkins-ci.plugins.workflow:workflow-step-api:jar:2.17:compile (optional) 
+- org.jenkins-ci.plugins.workflow:workflow-support:jar:2.21:test
|  \- org.jboss.marshalling:jboss-marshalling-river:jar:1.4.12.jenkins-3:test
|     \- org.jboss.marshalling:jboss-marshalling:jar:1.4.12.jenkins-3:test
+- org.jenkins-ci.plugins:matrix-auth:jar:2.3:test
+- org.easymock:easymock:jar:3.0:test
|  +- cglib:cglib-nodep:jar:2.2:test
|  \- org.objenesis:objenesis:jar:3.0.1:test
+- org.slf4j:slf4j-api:jar:1.7.25:compile
+- org.slf4j:slf4j-jdk14:jar:1.7.25:compile
+- junit:junit:jar:4.12:test
|  \- org.hamcrest:hamcrest-core:jar:1.3:test
+- org.mockito:mockito-all:jar:1.10.19:test
+- org.powermock:powermock-module-junit4:jar:1.6.2:test
|  \- org.powermock:powermock-module-junit4-common:jar:1.6.2:test
|     +- org.powermock:powermock-core:jar:1.6.2:test
|     |  \- org.javassist:javassist:jar:3.19.0-GA:test
|     \- org.powermock:powermock-reflect:jar:1.6.2:test
+- org.powermock:powermock-api-mockito:jar:1.6.2:test
|  \- org.powermock:powermock-api-support:jar:1.6.2:test
+- org.hamcrest:hamcrest-all:jar:1.3:test
+- org.jenkins-ci.plugins:pipeline-stage-step:jar:2.3:test
+- com.google.guava:guava:jar:11.0.1:compile
|  \- com.google.code.findbugs:jsr305:jar:1.3.9:compile
+- com.github.tomakehurst:wiremock:jar:1.51:test
|  +- xmlunit:xmlunit:jar:1.5:test
|  +- org.mortbay.jetty:jetty:jar:6.1.26:test
|  |  +- org.mortbay.jetty:jetty-util:jar:6.1.26:test
|  |  \- org.mortbay.jetty:servlet-api:jar:2.5-20081211:test
|  +- log4j:log4j:jar:1.2.17:provided
|  +- org.skyscreamer:jsonassert:jar:1.2.3:test
|  |  \- org.json:json:jar:20090211:test
|  +- com.jayway.jsonpath:json-path:jar:0.8.1:test
|  |  \- net.minidev:json-smart:jar:1.1.1:test
|  +- com.fasterxml.jackson.core:jackson-annotations:jar:2.4.2:compile
|  +- com.fasterxml.jackson.core:jackson-core:jar:2.4.2:compile
|  +- net.sf.jopt-simple:jopt-simple:jar:4.7:test
|  \- com.fasterxml.jackson.core:jackson-databind:jar:2.4.2:compile
+- commons-io:commons-io:jar:2.4:provided
+- com.google.code.findbugs:annotations:jar:3.0.0:provided (optional) 
+- net.jcip:jcip-annotations:jar:1.0:provided (optional) 
+- org.codehaus.mojo:animal-sniffer-annotations:jar:1.17:provided (optional) 
+- javax.servlet:javax.servlet-api:jar:3.1.0:provided
+- org.jenkins-ci.main:jenkins-core:jar:2.121.1:provided
|  +- org.jenkins-ci.plugins.icon-shim:icon-set:jar:1.0.5:provided
|  +- org.jenkins-ci.main:remoting:jar:3.20:provided
|  |  \- org.jenkins-ci:constant-pool-scanner:jar:1.2:provided
|  +- org.jenkins-ci.main:cli:jar:2.121.1:provided
|  +- org.jenkins-ci:version-number:jar:1.4:provided
|  +- org.jenkins-ci:crypto-util:jar:1.1:provided
|  +- org.jvnet.hudson:jtidy:jar:4aug2000r7-dev-hudson-1:provided
|  +- com.google.inject:guice:jar:4.0:provided
|  |  +- javax.inject:javax.inject:jar:1:provided
|  |  \- aopalliance:aopalliance:jar:1.0:provided
|  +- org.jruby.ext.posix:jna-posix:jar:1.0.3-jenkins-1:provided
|  +- com.github.jnr:jnr-posix:jar:3.0.41:provided
|  |  +- com.github.jnr:jnr-ffi:jar:2.1.4:provided
|  |  |  +- com.github.jnr:jffi:jar:1.2.15:provided
|  |  |  +- com.github.jnr:jffi:jar:native:1.2.15:provided
|  |  |  +- org.ow2.asm:asm:jar:5.0.3:provided
|  |  |  +- org.ow2.asm:asm-commons:jar:5.0.3:provided
|  |  |  +- org.ow2.asm:asm-analysis:jar:5.0.3:provided
|  |  |  +- org.ow2.asm:asm-tree:jar:5.0.3:provided
|  |  |  +- org.ow2.asm:asm-util:jar:5.0.3:provided
|  |  |  \- com.github.jnr:jnr-x86asm:jar:1.0.2:provided
|  |  \- com.github.jnr:jnr-constants:jar:0.9.8:provided
|  +- org.kohsuke:trilead-putty-extension:jar:1.2:provided
|  +- org.jenkins-ci:trilead-ssh2:jar:build-217-jenkins-11:provided
|  |  +- net.i2p.crypto:eddsa:jar:0.2.0:provided
|  |  \- org.connectbot.jbcrypt:jbcrypt:jar:1.0.0:provided
|  +- org.kohsuke.stapler:stapler-groovy:jar:1.254:provided
|  |  \- org.kohsuke.stapler:stapler-jelly:jar:1.254:provided
|  |     +- org.jenkins-ci:commons-jelly:jar:1.1-jenkins-20120928:provided
|  |     \- org.jenkins-ci.dom4j:dom4j:jar:1.6.1-jenkins-4:provided
|  +- org.kohsuke.stapler:stapler-jrebel:jar:1.254:provided
|  |  \- org.kohsuke.stapler:stapler:jar:1.254:provided
|  |     +- javax.annotation:javax.annotation-api:jar:1.2:provided
|  |     +- commons-discovery:commons-discovery:jar:0.4:provided
|  |     \- org.jvnet:tiger-types:jar:2.2:provided
|  +- org.kohsuke:windows-package-checker:jar:1.2:provided
|  +- org.kohsuke.stapler:stapler-adjunct-zeroclipboard:jar:1.3.5-1:provided
|  +- org.kohsuke.stapler:stapler-adjunct-timeline:jar:1.5:provided
|  +- org.kohsuke.stapler:stapler-adjunct-codemirror:jar:1.3:provided
|  +- org.kohsuke.stapler:json-lib:jar:2.4-jenkins-2:provided
|  |  \- net.sf.ezmorph:ezmorph:jar:1.0.6:provided
|  +- commons-httpclient:commons-httpclient:jar:3.1-jenkins-1:provided
|  +- args4j:args4j:jar:2.0.31:provided
|  +- org.jenkins-ci:annotation-indexer:jar:1.12:compile
|  +- org.jenkins-ci:bytecode-compatibility-transformer:jar:1.8:provided
|  |  \- org.kohsuke:asm5:jar:5.0.1:provided
|  +- org.jenkins-ci:task-reactor:jar:1.5:provided
|  +- org.jvnet.localizer:localizer:jar:1.24:provided
|  +- antlr:antlr:jar:2.7.6:provided
|  +- org.jvnet.hudson:xstream:jar:1.4.7-jenkins-1:provided
|  +- xpp3:xpp3:jar:1.1.4c:provided
|  +- net.sf.kxml:kxml2:jar:2.3.0:provided
|  +- jfree:jfreechart:jar:1.0.9:provided
|  |  \- jfree:jcommon:jar:1.0.12:provided
|  +- org.apache.ant:ant:jar:1.9.2:provided
|  |  \- org.apache.ant:ant-launcher:jar:1.9.2:provided
|  +- commons-lang:commons-lang:jar:2.6:provided
|  +- commons-beanutils:commons-beanutils:jar:1.8.3:compile
|  +- org.apache.commons:commons-compress:jar:1.10:provided
|  +- javax.mail:mail:jar:1.4.4:provided
|  +- org.jvnet.hudson:activation:jar:1.1.1-hudson-1:provided
|  +- jaxen:jaxen:jar:1.1-beta-11:provided
|  +- commons-jelly:commons-jelly-tags-fmt:jar:1.0:provided
|  +- commons-jelly:commons-jelly-tags-xml:jar:1.1:provided
|  +- org.jvnet.hudson:commons-jelly-tags-define:jar:1.0.1-hudson-20071021:provided
|  +- org.jenkins-ci:commons-jexl:jar:1.1-jenkins-20111212:provided
|  +- org.acegisecurity:acegi-security:jar:1.0.7:provided
|  |  +- org.springframework:spring-jdbc:jar:1.2.9:provided
|  |  |  \- org.springframework:spring-dao:jar:1.2.9:provided
|  |  \- oro:oro:jar:2.0.8:provided
|  +- org.codehaus.groovy:groovy-all:jar:2.4.11:provided
|  +- jline:jline:jar:2.12:provided
|  +- org.fusesource.jansi:jansi:jar:1.11:provided
|  +- org.springframework:spring-webmvc:jar:2.5.6.SEC03:provided
|  |  +- org.springframework:spring-beans:jar:2.5.6.SEC03:provided
|  |  +- org.springframework:spring-context:jar:2.5.6.SEC03:provided
|  |  +- org.springframework:spring-context-support:jar:2.5.6.SEC03:provided
|  |  \- org.springframework:spring-web:jar:2.5.6.SEC03:provided
|  +- org.springframework:spring-core:jar:2.5.6.SEC03:provided
|  +- org.springframework:spring-aop:jar:2.5.6.SEC03:provided
|  +- javax.servlet.jsp.jstl:javax.servlet.jsp.jstl-api:jar:1.2.1:provided
|  +- com.sun.xml.txw2:txw2:jar:20110809:provided
|  |  +- javax.xml.stream:stax-api:jar:1.0-2:provided
|  |  \- relaxngDatatype:relaxngDatatype:jar:20020414:provided
|  +- commons-collections:commons-collections:jar:3.2.2:compile
|  +- org.jvnet.winp:winp:jar:1.26:provided
|  +- org.jenkins-ci:memory-monitor:jar:1.9:provided
|  +- org.codehaus.woodstox:wstx-asl:jar:3.2.9:provided
|  |  \- stax:stax-api:jar:1.0.1:provided
|  +- org.jenkins-ci:jmdns:jar:3.4.0-jenkins-3:provided
|  +- net.java.dev.jna:jna:jar:4.2.1:provided
|  +- org.kohsuke:akuma:jar:1.10:provided
|  +- org.kohsuke:libpam4j:jar:1.8:provided
|  +- org.kohsuke:libzfs:jar:0.8:provided
|  +- com.sun.solaris:embedded_su4j:jar:1.1:provided
|  +- net.java.sezpoz:sezpoz:jar:1.12:provided
|  +- org.kohsuke.jinterop:j-interop:jar:2.0.6-kohsuke-1:provided
|  |  \- org.kohsuke.jinterop:j-interopdeps:jar:2.0.6-kohsuke-1:provided
|  |     \- org.samba.jcifs:jcifs:jar:1.2.19:provided
|  +- org.jvnet.robust-http-client:robust-http-client:jar:1.2:provided
|  +- commons-codec:commons-codec:jar:1.9:compile
|  +- commons-fileupload:commons-fileupload:jar:1.3.1-jenkins-2:provided
|  \- com.jcraft:jzlib:jar:1.1.3-kohsuke-1:provided
+- org.jenkins-ci.main:jenkins-war:executable-war:2.121.1:test
|  +- org.jenkins-ci.modules:instance-identity:jar:2.1:test
|  |  \- io.github.stephenc.crypto:self-signed-cert-generator:jar:1.0.0:test
|  +- org.jenkins-ci.modules:ssh-cli-auth:jar:1.4:test
|  +- org.jenkins-ci.modules:slave-installer:jar:1.6:test
|  +- org.jenkins-ci.modules:windows-slave-installer:jar:1.9.2:test
|  +- org.jenkins-ci.modules:launchd-slave-installer:jar:1.2:test
|  +- org.jenkins-ci.modules:upstart-slave-installer:jar:1.1:test
|  +- org.jenkins-ci.modules:systemd-slave-installer:jar:1.1:test
|  +- org.jenkins-ci.modules:sshd:jar:2.4:test
|  |  \- org.apache.sshd:sshd-core:jar:1.7.0:test
|  +- org.jenkins-ci.ui:jquery-detached:jar:core-assets:1.2.1:test
|  +- org.jenkins-ci.ui:bootstrap:jar:core-assets:1.3.2:test
|  \- org.jenkins-ci.ui:handlebars:jar:core-assets:1.1.1:test
+- org.jenkins-ci.main:jenkins-test-harness:jar:2.44:test
|  +- org.eclipse.jetty:jetty-webapp:jar:9.4.5.v20170502:test
|  |  +- org.eclipse.jetty:jetty-xml:jar:9.4.5.v20170502:test
|  |  |  \- org.eclipse.jetty:jetty-util:jar:9.4.5.v20170502:test
|  |  \- org.eclipse.jetty:jetty-servlet:jar:9.4.5.v20170502:test
|  +- org.eclipse.jetty:jetty-security:jar:9.4.5.v20170502:test
|  |  \- org.eclipse.jetty:jetty-server:jar:9.4.5.v20170502:test
|  |     +- org.eclipse.jetty:jetty-http:jar:9.4.5.v20170502:test
|  |     \- org.eclipse.jetty:jetty-io:jar:9.4.5.v20170502:test
|  +- org.hamcrest:hamcrest-library:jar:1.3:test
|  +- org.jenkins-ci.main:jenkins-test-harness-htmlunit:jar:2.31-1:test
|  |  +- xalan:xalan:jar:2.7.2:test
|  |  +- xalan:serializer:jar:2.7.2:test
|  |  +- org.apache.commons:commons-text:jar:1.3:test
|  |  +- xerces:xercesImpl:jar:2.11.0:test
|  |  +- xml-apis:xml-apis:jar:1.4.01:test
|  |  +- org.eclipse.jetty.websocket:websocket-client:jar:9.4.10.v20180503:test
|  |  +- org.eclipse.jetty.websocket:websocket-common:jar:9.4.10.v20180503:test
|  |  \- org.eclipse.jetty.websocket:websocket-api:jar:9.4.10.v20180503:test
|  +- org.jvnet.hudson:embedded-rhino-debugger:jar:1.2:test
|  +- org.netbeans.modules:org-netbeans-insane:jar:RELEASE72:test
|  \- com.github.stephenc.findbugs:findbugs-annotations:jar:1.3.9-1:compile
+- org.jenkins-ci:test-annotations:jar:1.2:test
+- org.slf4j:log4j-over-slf4j:jar:1.7.25:test
+- org.slf4j:jcl-over-slf4j:jar:1.7.25:test
+- org.kohsuke:access-modifier-annotation:jar:1.15:provided
\- commons-logging:commons-logging:jar:1.2:provided

