WARNING: Your kernel does not support swap limit capabilities or the cgroup is not mounted. Memory limited without swap.
com.coravy.hudson.plugins.github:github:hpi:1.10
+- org.jenkins-ci.plugins:github-api:jar:1.42:compile
|  \- org.kohsuke:github-api:jar:1.42:compile
|     +- commons-lang:commons-lang:jar:2.6:compile
|     +- commons-codec:commons-codec:jar:1.8:compile
|     +- org.codehaus.jackson:jackson-mapper-asl:jar:1.9.9:compile
|     |  \- org.codehaus.jackson:jackson-core-asl:jar:1.9.9:compile
|     \- commons-io:commons-io:jar:1.4:compile
+- org.jenkins-ci.plugins:git:jar:2.0:compile
|  +- (org.eclipse.jgit:org.eclipse.jgit:jar:3.1.0.201310021548-r:compile - omitted for conflict with 0.12.1)
|  +- joda-time:joda-time:jar:1.5.1:compile
|  +- com.google.guava:guava:jar:11.0.1:compile (version managed from r09)
|  |  \- com.google.code.findbugs:jsr305:jar:1.3.9:compile
|  +- com.infradna.tool:bridge-method-annotation:jar:1.4:compile
|  |  \- org.jvnet.hudson:annotation-indexer:jar:1.2:compile
|  +- org.jenkins-ci.plugins:git-client:jar:1.4.4:compile
|  |  +- org.jenkins-ci.plugins:ssh-agent:jar:1.3:compile
|  |  |  +- org.apache.sshd:sshd-core:jar:0.8.0:compile
|  |  |  |  \- org.apache.mina:mina-core:jar:2.0.5:compile
|  |  |  |     \- (org.slf4j:slf4j-api:jar:1.6.6:compile - omitted for duplicate)
|  |  |  +- tomcat:tomcat-apr:jar:5.5.23:compile
|  |  |  +- org.bouncycastle:bcpkix-jdk15on:jar:1.47:compile
|  |  |  |  \- org.bouncycastle:bcprov-jdk15on:jar:1.47:compile
|  |  |  +- org.slf4j:slf4j-api:jar:1.6.6:compile
|  |  |  +- org.slf4j:slf4j-jdk14:jar:1.7.4:compile
|  |  |  |  \- (org.slf4j:slf4j-api:jar:1.6.6:compile - omitted for duplicate)
|  |  |  +- com.cloudbees.util:jnr-unixsocket-nodep:jar:0.1:compile
|  |  |  +- (org.jenkins-ci.plugins:credentials:jar:1.6:compile - omitted for conflict with 1.8.3)
|  |  |  \- (org.jenkins-ci.plugins:ssh-credentials:jar:1.3:compile - omitted for conflict with 1.5.1)
|  |  +- (org.eclipse.jgit:org.eclipse.jgit:jar:3.1.0.201310021548-r:compile - omitted for duplicate)
|  |  +- (com.google.guava:guava:jar:11.0.1:compile - version managed from r09; omitted for duplicate)
|  |  \- (org.jenkins-ci.plugins:ssh-credentials:jar:1.5.1:compile - omitted for duplicate)
|  +- org.jenkins-ci.plugins:credentials:jar:1.8.3:compile
|  |  +- net.jcip:jcip-annotations:jar:1.0:compile
|  |  +- com.github.stephenc.findbugs:findbugs-annotations:jar:1.3.9-1:compile
|  |  \- (com.google.code.findbugs:jsr305:jar:1.3.9:compile - omitted for duplicate)
|  +- org.jenkins-ci.plugins:ssh-credentials:jar:1.5.1:compile
|  |  \- (org.jenkins-ci.plugins:credentials:jar:1.8.3:compile - omitted for duplicate)
|  \- org.jenkins-ci.plugins:scm-api:jar:0.1:compile
|     +- (net.jcip:jcip-annotations:jar:1.0:compile - omitted for duplicate)
|     +- (com.github.stephenc.findbugs:findbugs-annotations:jar:1.3.9-1:compile - omitted for duplicate)
|     \- (com.google.code.findbugs:jsr305:jar:1.3.9:compile - omitted for duplicate)
+- org.jmock:jmock-junit4:jar:2.5.1:test
|  +- org.jmock:jmock:jar:2.5.1:test
|  |  +- org.hamcrest:hamcrest-core:jar:1.1:test
|  |  \- (org.hamcrest:hamcrest-library:jar:1.1:test - omitted for conflict with 1.3)
|  \- junit:junit-dep:jar:4.4:test
+- org.eclipse.jgit:org.eclipse.jgit:jar:0.12.1:compile
|  \- com.jcraft:jsch:jar:0.1.44-1:compile
+- org.jenkins-ci.plugins:multiple-scms:jar:0.2:compile
|  \- findbugs:annotations:jar:1.0.0:compile
+- org.jenkins-ci.modules:instance-identity:jar:1.3:provided
|  \- (org.bouncycastle:bcpkix-jdk15on:jar:1.47:compile - scope updated from provided; omitted for duplicate)
+- org.jenkins-ci.main:jenkins-war:war:1.532:test
+- org.jenkins-ci.main:jenkins-core:jar:1.532:provided
|  +- org.jenkins-ci.main:remoting:jar:2.32:provided
|  |  +- (org.apache.ant:ant:jar:1.8.3:provided - omitted for duplicate)
|  |  \- org.jenkins-ci:constant-pool-scanner:jar:1.2:provided
|  +- org.jenkins-ci.main:cli:jar:1.532:provided
|  |  +- (commons-codec:commons-codec:jar:1.4:provided - omitted for conflict with 1.8)
|  |  +- (org.jenkins-ci.main:remoting:jar:2.32:provided - omitted for duplicate)
|  |  +- (org.jvnet.localizer:localizer:jar:1.10:provided - omitted for duplicate)
|  |  \- (org.jenkins-ci:trilead-ssh2:jar:build214-jenkins-1:provided - omitted for conflict with build214-jenkins-3)
|  +- org.jenkins-ci:version-number:jar:1.1:provided
|  +- org.jenkins-ci:crypto-util:jar:1.1:provided
|  |  \- (commons-io:commons-io:jar:1.4:provided - omitted for duplicate)
|  +- org.jvnet.hudson:jtidy:jar:4aug2000r7-dev-hudson-1:provided
|  +- com.google.inject:guice:jar:no_aop:4.0-beta:provided
|  |  +- javax.inject:javax.inject:jar:1:provided
|  |  +- aopalliance:aopalliance:jar:1.0:provided
|  |  \- (com.google.guava:guava:jar:11.0.1:provided - version managed from r09; omitted for duplicate)
|  +- org.jruby.ext.posix:jna-posix:jar:1.0.3:provided
|  +- com.github.jnr:jnr-posix:jar:3.0.0:provided
|  |  +- com.github.jnr:jnr-ffi:jar:1.0.4:provided
|  |  |  +- com.github.jnr:jffi:jar:1.2.23:provided
|  |  |  +- com.github.jnr:jffi:jar:native:1.2.23:provided
|  |  |  +- org.ow2.asm:asm:jar:4.0:provided
|  |  |  +- org.ow2.asm:asm-commons:jar:4.0:provided
|  |  |  |  \- (org.ow2.asm:asm-tree:jar:4.0:provided - omitted for duplicate)
|  |  |  +- org.ow2.asm:asm-analysis:jar:4.0:provided
|  |  |  |  \- (org.ow2.asm:asm-tree:jar:4.0:provided - omitted for duplicate)
|  |  |  +- org.ow2.asm:asm-tree:jar:4.0:provided
|  |  |  |  \- (org.ow2.asm:asm:jar:4.0:provided - omitted for duplicate)
|  |  |  +- org.ow2.asm:asm-util:jar:4.0:provided
|  |  |  |  \- (org.ow2.asm:asm-tree:jar:4.0:provided - omitted for duplicate)
|  |  |  \- com.github.jnr:jnr-x86asm:jar:1.0.2:provided
|  |  \- com.github.jnr:jnr-constants:jar:0.8.4:provided
|  +- org.kohsuke:trilead-putty-extension:jar:1.2:provided
|  |  \- (org.jenkins-ci:trilead-ssh2:jar:build214-jenkins-1:provided - omitted for duplicate)
|  +- org.jenkins-ci:trilead-ssh2:jar:build214-jenkins-3:provided
|  +- org.kohsuke.stapler:stapler-groovy:jar:1.218:provided
|  |  +- org.kohsuke.stapler:stapler-jelly:jar:1.218:provided
|  |  |  +- (org.kohsuke.stapler:stapler:jar:1.218:provided - omitted for duplicate)
|  |  |  +- org.jenkins-ci:commons-jelly:jar:1.1-jenkins-20120928:provided
|  |  |  |  +- (org.jenkins-ci:commons-jexl:jar:1.1-jenkins-20111212:provided - omitted for duplicate)
|  |  |  |  +- (commons-beanutils:commons-beanutils:jar:1.7.0:provided - omitted for duplicate)
|  |  |  |  \- (commons-collections:commons-collections:jar:3.2:provided - omitted for conflict with 3.2.1)
|  |  |  \- org.jvnet.hudson.dom4j:dom4j:jar:1.6.1-hudson-3:provided
|  |  \- (org.codehaus.groovy:groovy-all:jar:1.8.3:provided - omitted for conflict with 1.8.9)
|  +- org.kohsuke.stapler:stapler-jrebel:jar:1.218:provided
|  |  \- org.kohsuke.stapler:stapler:jar:1.218:provided
|  |     +- commons-discovery:commons-discovery:jar:0.4:provided
|  |     |  \- (commons-logging:commons-logging:jar:1.0.4:provided - omitted for conflict with 1.1.1)
|  |     +- (commons-beanutils:commons-beanutils:jar:1.7.0:provided - omitted for conflict with 1.8.0)
|  |     +- (commons-io:commons-io:jar:1.3.1:provided - omitted for conflict with 1.4)
|  |     +- (org.jvnet.localizer:localizer:jar:1.7:provided - omitted for conflict with 1.10)
|  |     +- (org.kohsuke.stapler:json-lib:jar:2.4-jenkins-2:provided - omitted for duplicate)
|  |     +- org.jvnet:tiger-types:jar:1.3:provided
|  |     +- (com.google.guava:guava:jar:11.0.1:provided - version managed from r06; omitted for duplicate)
|  |     +- (org.kohsuke:asm3:jar:3.3.0:provided - omitted for duplicate)
|  |     +- commons-fileupload:commons-fileupload:jar:1.2.1:provided
|  |     \- com.jcraft:jzlib:jar:1.1.2:provided
|  +- org.kohsuke:windows-package-checker:jar:1.0:provided
|  +- org.kohsuke.stapler:stapler-adjunct-zeroclipboard:jar:1.1.7-1:provided
|  |  \- (org.kohsuke.stapler:stapler:jar:1.140:provided - omitted for conflict with 1.218)
|  +- org.kohsuke.stapler:stapler-adjunct-timeline:jar:1.4:provided
|  |  \- (org.kohsuke.stapler:stapler:jar:1.140:provided - omitted for conflict with 1.218)
|  +- org.kohsuke.stapler:stapler-adjunct-codemirror:jar:1.2:provided
|  |  \- (org.kohsuke.stapler:stapler:jar:1.140:provided - omitted for conflict with 1.218)
|  +- (com.infradna.tool:bridge-method-annotation:jar:1.8:provided - omitted for conflict with 1.4)
|  +- org.kohsuke.stapler:json-lib:jar:2.4-jenkins-2:provided
|  |  +- (commons-beanutils:commons-beanutils:jar:1.8.0:provided - omitted for conflict with 1.8.3)
|  |  +- (commons-collections:commons-collections:jar:3.2.1:provided - omitted for duplicate)
|  |  +- (commons-lang:commons-lang:jar:2.5:provided - omitted for conflict with 2.6)
|  |  +- (commons-logging:commons-logging:jar:1.1.1:provided - omitted for conflict with 1.1.3)
|  |  \- net.sf.ezmorph:ezmorph:jar:1.0.6:provided
|  |     \- (commons-lang:commons-lang:jar:2.3:provided - omitted for conflict with 2.6)
|  +- commons-httpclient:commons-httpclient:jar:3.1:provided
|  |  +- (commons-logging:commons-logging:jar:1.0.4:provided - omitted for conflict with 1.1.1)
|  |  \- (commons-codec:commons-codec:jar:1.2:provided - omitted for conflict with 1.8)
|  +- args4j:args4j:jar:2.0.23:provided
|  +- org.jenkins-ci:annotation-indexer:jar:1.4:provided
|  +- org.jenkins-ci:bytecode-compatibility-transformer:jar:1.3:provided
|  |  +- (org.jenkins-ci:annotation-indexer:jar:1.4:provided - omitted for duplicate)
|  |  +- org.kohsuke:asm3:jar:3.3.0:provided
|  |  \- (org.jenkins-ci:constant-pool-scanner:jar:1.2:provided - omitted for duplicate)
|  +- org.jvnet.hudson:task-reactor:jar:1.2:provided
|  +- org.jvnet.localizer:localizer:jar:1.10:provided
|  +- antlr:antlr:jar:2.7.6:provided
|  +- org.jvnet.hudson:xstream:jar:1.4.4-jenkins-4:provided
|  |  +- xmlpull:xmlpull:jar:1.1.3.1:provided
|  |  \- xpp3:xpp3_min:jar:1.1.4c:provided
|  +- jfree:jfreechart:jar:1.0.9:provided
|  |  \- jfree:jcommon:jar:1.0.12:provided
|  +- org.apache.ant:ant:jar:1.8.3:provided
|  |  \- org.apache.ant:ant-launcher:jar:1.8.3:provided
|  +- (commons-io:commons-io:jar:1.4:compile - scope updated from provided; omitted for duplicate)
|  +- (commons-lang:commons-lang:jar:2.6:compile - scope updated from provided; omitted for duplicate)
|  +- commons-digester:commons-digester:jar:2.1:provided
|  |  +- (commons-beanutils:commons-beanutils:jar:1.8.3:provided - omitted for conflict with 1.8.0)
|  |  \- (commons-logging:commons-logging:jar:1.1.1:provided - omitted for duplicate)
|  +- commons-beanutils:commons-beanutils:jar:1.8.3:provided
|  |  \- (commons-logging:commons-logging:jar:1.1.1:provided - omitted for duplicate)
|  +- javax.mail:mail:jar:1.4.4:provided
|  +- org.jvnet.hudson:activation:jar:1.1.1-hudson-1:provided
|  +- jaxen:jaxen:jar:1.1-beta-11:provided
|  +- commons-jelly:commons-jelly-tags-fmt:jar:1.0:provided
|  +- commons-jelly:commons-jelly-tags-xml:jar:1.1:provided
|  |  +- (commons-beanutils:commons-beanutils:jar:1.6:provided - omitted for conflict with 1.8.3)
|  |  +- (commons-collections:commons-collections:jar:2.1:provided - omitted for conflict with 3.2.1)
|  |  +- (commons-logging:commons-logging:jar:1.0.3:provided - omitted for conflict with 1.1.1)
|  |  \- (jaxen:jaxen:jar:1.1-beta-2:provided - omitted for conflict with 1.1-beta-11)
|  +- org.jvnet.hudson:commons-jelly-tags-define:jar:1.0.1-hudson-20071021:provided
|  +- org.jenkins-ci:commons-jexl:jar:1.1-jenkins-20111212:provided
|  |  \- (commons-logging:commons-logging:jar:1.0.3:provided - omitted for conflict with 1.1.1)
|  +- org.acegisecurity:acegi-security:jar:1.0.7:provided
|  |  +- (org.springframework:spring-core:jar:1.2.9:provided - omitted for conflict with 2.5.6.SEC03)
|  |  +- org.springframework:spring-jdbc:jar:1.2.9:provided
|  |  |  +- (commons-logging:commons-logging:jar:1.0.4:provided - omitted for conflict with 1.1.1)
|  |  |  +- (org.springframework:spring-beans:jar:1.2.9:provided - omitted for conflict with 2.5.6.SEC03)
|  |  |  +- (org.springframework:spring-core:jar:1.2.9:provided - omitted for duplicate)
|  |  |  \- org.springframework:spring-dao:jar:1.2.9:provided
|  |  |     +- (commons-logging:commons-logging:jar:1.0.4:provided - omitted for conflict with 1.1.1)
|  |  |     +- (org.springframework:spring-beans:jar:1.2.9:provided - omitted for duplicate)
|  |  |     +- (org.springframework:spring-context:jar:1.2.9:provided - omitted for conflict with 2.5.6.SEC03)
|  |  |     \- (org.springframework:spring-core:jar:1.2.9:provided - omitted for duplicate)
|  |  +- (commons-lang:commons-lang:jar:2.1:provided - omitted for conflict with 2.6)
|  |  +- (commons-logging:commons-logging:jar:1.0.4:provided - omitted for conflict with 1.1.1)
|  |  +- (commons-codec:commons-codec:jar:1.3:provided - omitted for conflict with 1.8)
|  |  +- oro:oro:jar:2.0.8:provided
|  |  +- (commons-collections:commons-collections:jar:3.1:provided - omitted for conflict with 3.2.1)
|  |  \- log4j:log4j:jar:1.2.9:provided
|  +- org.codehaus.groovy:groovy-all:jar:1.8.9:provided
|  +- jline:jline:jar:0.9.94:provided
|  |  \- (junit:junit:jar:3.8.1:provided - omitted for conflict with 4.11)
|  +- org.fusesource.jansi:jansi:jar:1.9:provided
|  +- org.springframework:spring-webmvc:jar:2.5.6.SEC03:provided
|  |  +- (commons-logging:commons-logging:jar:1.1.1:provided - omitted for duplicate)
|  |  +- org.springframework:spring-beans:jar:2.5.6.SEC03:provided
|  |  |  +- (commons-logging:commons-logging:jar:1.1.1:provided - omitted for duplicate)
|  |  |  \- (org.springframework:spring-core:jar:2.5.6.SEC03:provided - omitted for conflict with 1.2.9)
|  |  +- org.springframework:spring-context:jar:2.5.6.SEC03:provided
|  |  |  +- (aopalliance:aopalliance:jar:1.0:provided - omitted for duplicate)
|  |  |  +- (commons-logging:commons-logging:jar:1.1.1:provided - omitted for duplicate)
|  |  |  +- (org.springframework:spring-beans:jar:2.5.6.SEC03:provided - omitted for duplicate)
|  |  |  \- (org.springframework:spring-core:jar:2.5.6.SEC03:provided - omitted for conflict with 1.2.9)
|  |  +- org.springframework:spring-context-support:jar:2.5.6.SEC03:provided
|  |  |  +- (aopalliance:aopalliance:jar:1.0:provided - omitted for duplicate)
|  |  |  +- (commons-logging:commons-logging:jar:1.1.1:provided - omitted for duplicate)
|  |  |  +- (org.springframework:spring-beans:jar:2.5.6.SEC03:provided - omitted for duplicate)
|  |  |  +- (org.springframework:spring-context:jar:2.5.6.SEC03:provided - omitted for duplicate)
|  |  |  \- (org.springframework:spring-core:jar:2.5.6.SEC03:provided - omitted for conflict with 1.2.9)
|  |  +- (org.springframework:spring-core:jar:2.5.6.SEC03:provided - omitted for conflict with 1.2.9)
|  |  \- org.springframework:spring-web:jar:2.5.6.SEC03:provided
|  |     +- (commons-logging:commons-logging:jar:1.1.1:provided - omitted for duplicate)
|  |     +- (org.springframework:spring-beans:jar:2.5.6.SEC03:provided - omitted for duplicate)
|  |     +- (org.springframework:spring-context:jar:2.5.6.SEC03:provided - omitted for duplicate)
|  |     \- (org.springframework:spring-core:jar:2.5.6.SEC03:provided - omitted for conflict with 1.2.9)
|  +- org.springframework:spring-core:jar:2.5.6.SEC03:provided
|  |  \- (commons-logging:commons-logging:jar:1.1.1:provided - omitted for duplicate)
|  +- org.springframework:spring-aop:jar:2.5.6.SEC03:provided
|  |  +- (aopalliance:aopalliance:jar:1.0:provided - omitted for duplicate)
|  |  +- (commons-logging:commons-logging:jar:1.1.1:provided - omitted for duplicate)
|  |  +- (org.springframework:spring-beans:jar:2.5.6.SEC03:provided - omitted for duplicate)
|  |  \- (org.springframework:spring-core:jar:2.5.6.SEC03:provided - omitted for duplicate)
|  +- xpp3:xpp3:jar:1.1.4c:provided
|  +- javax.servlet:jstl:jar:1.1.0:provided
|  +- commons-logging:commons-logging:jar:1.1.3:provided
|  +- com.sun.xml.txw2:txw2:jar:20110809:provided
|  |  +- javax.xml.stream:stax-api:jar:1.0-2:provided
|  |  \- relaxngDatatype:relaxngDatatype:jar:20020414:provided
|  +- commons-collections:commons-collections:jar:3.2.1:provided
|  +- org.jvnet.winp:winp:jar:1.16:provided
|  |  \- (junit:junit:jar:3.8.1:provided - omitted for duplicate)
|  +- org.jenkins-ci:memory-monitor:jar:1.7:provided
|  |  \- (net.java.dev.jna:jna:jar:3.0.3-patch-1:provided - omitted for conflict with 3.3.0-jenkins-3)
|  +- org.codehaus.woodstox:wstx-asl:jar:3.2.9:provided
|  |  \- stax:stax-api:jar:1.0.1:provided
|  +- org.jenkins-ci:jmdns:jar:3.4.0-jenkins-3:provided
|  +- net.java.dev.jna:jna:jar:3.3.0-jenkins-3:provided
|  +- org.kohsuke:akuma:jar:1.9:provided
|  |  \- (net.java.dev.jna:jna:jar:3.4.0:provided - omitted for conflict with 3.3.0-jenkins-3)
|  +- org.kohsuke:libpam4j:jar:1.6:provided
|  |  \- (net.java.dev.jna:jna:jar:3.4.0:provided - omitted for conflict with 3.3.0-jenkins-3)
|  +- org.jvnet.libzfs:libzfs:jar:0.5:provided
|  |  \- (net.java.dev.jna:jna:jar:3.0.3-patch-1:provided - omitted for conflict with 3.3.0-jenkins-3)
|  +- com.sun.solaris:embedded_su4j:jar:1.1:provided
|  +- net.java.sezpoz:sezpoz:jar:1.9:provided
|  +- org.jenkins-ci:jinterop-wmi:jar:1.1:provided
|  |  +- org.kohsuke.jinterop:jinterop-proxy:jar:1.1:provided
|  |  |  +- (org.kohsuke.jinterop:j-interop:jar:2.0.5:provided - omitted for conflict with 2.0.6-kohsuke-1)
|  |  |  +- (org.jvnet:tiger-types:jar:1.1:provided - omitted for conflict with 1.3)
|  |  |  \- (org.samba.jcifs:jcifs:jar:1.3.3:provided - omitted for conflict with 1.3.14-kohsuke-1)
|  |  \- org.kohsuke.jinterop:j-interop:jar:2.0.6-kohsuke-1:provided
|  |     \- org.kohsuke.jinterop:j-interopdeps:jar:2.0.6-kohsuke-1:provided
|  |        \- (org.samba.jcifs:jcifs:jar:1.2.19:provided - omitted for conflict with 1.3.3)
|  +- org.jenkins-ci:windows-remote-command:jar:1.3:provided
|  |  +- (org.jenkins-ci:jinterop-wmi:jar:1.1:provided - omitted for duplicate)
|  |  \- org.samba.jcifs:jcifs:jar:1.3.14-kohsuke-1:provided
|  +- org.jvnet.robust-http-client:robust-http-client:jar:1.2:provided
|  +- (commons-codec:commons-codec:jar:1.8:compile - scope updated from provided; omitted for duplicate)
|  +- org.kohsuke:access-modifier-annotation:jar:1.4:provided
|  |  \- (org.jenkins-ci:annotation-indexer:jar:1.4:provided - omitted for duplicate)
|  +- org.kohsuke:owasp-html-sanitizer:jar:r88:provided
|  +- org.mindrot:jbcrypt:jar:0.3m:provided
|  \- (com.google.guava:guava:jar:11.0.1:provided - version managed from r06; omitted for duplicate)
+- org.jenkins-ci.main:jenkins-test-harness:jar:1.532:test
|  +- org.jenkins-ci.main:jenkins-war:jar:war-for-test:1.532:test
|  |  +- (org.jenkins-ci.main:jenkins-core:jar:1.532:test - omitted for duplicate)
|  |  +- (org.jenkins-ci.main:remoting:jar:2.32:test - omitted for duplicate)
|  |  +- (org.jenkins-ci.modules:instance-identity:jar:1.3:test - omitted for duplicate)
|  |  +- org.jenkins-ci.modules:ssh-cli-auth:jar:1.2:test
|  |  |  \- (org.jenkins-ci.modules:instance-identity:jar:1.2:test - omitted for conflict with 1.3)
|  |  +- org.jenkins-ci.modules:slave-installer:jar:1.2:test
|  |  |  \- (org.jenkins-ci.modules:instance-identity:jar:1.1:test - omitted for conflict with 1.3)
|  |  +- org.jenkins-ci.modules:windows-slave-installer:jar:1.3:test
|  |  |  \- (org.jenkins-ci.modules:slave-installer:jar:1.1:test - omitted for conflict with 1.2)
|  |  +- org.jenkins-ci.modules:launchd-slave-installer:jar:1.2:test
|  |  |  +- (org.jenkins-ci.modules:slave-installer:jar:1.1:test - omitted for conflict with 1.2)
|  |  |  \- (org.jenkins-ci.modules:instance-identity:jar:1.1:test - omitted for conflict with 1.3)
|  |  +- org.jenkins-ci.modules:upstart-slave-installer:jar:1.1:test
|  |  |  \- (org.jenkins-ci.modules:slave-installer:jar:1.1:test - omitted for conflict with 1.2)
|  |  \- (org.slf4j:slf4j-jdk14:jar:1.7.4:compile - scope updated from test; omitted for duplicate)
|  +- org.jenkins-ci.main:maven-plugin:jar:1.532:test
|  |  +- org.jenkins-ci.plugins:javadoc:jar:1.0:test
|  |  +- (org.jenkins-ci.plugins:mailer:jar:1.5:test - omitted for duplicate)
|  |  +- org.jenkins-ci.main.maven:maven-agent:jar:1.4:test
|  |  |  +- (org.jenkins-ci.main.maven:maven-interceptor:jar:1.4:test - omitted for duplicate)
|  |  |  +- (org.apache.ant:ant:jar:1.9.2:test - omitted for conflict with 1.8.3)
|  |  |  \- (commons-httpclient:commons-httpclient:jar:3.1:test - omitted for duplicate)
|  |  +- org.jenkins-ci.main.maven:maven-interceptor:jar:1.4:test
|  |  |  \- (commons-httpclient:commons-httpclient:jar:3.1:test - omitted for duplicate)
|  |  +- org.jvnet.hudson:maven2.1-interceptor:jar:1.2:test
|  |  +- org.jenkins-ci.main.maven:maven3-agent:jar:1.4:test
|  |  |  +- (org.apache.maven:maven-embedder:jar:3.0.5:test - omitted for conflict with 3.1.0)
|  |  |  \- (org.codehaus.plexus:plexus-classworlds:jar:2.4.2:test - omitted for conflict with 2.5.1)
|  |  +- org.jenkins-ci.main.maven:maven31-agent:jar:1.4:test
|  |  |  +- (org.apache.maven:maven-embedder:jar:3.1.0:test - omitted for conflict with 3.0.5)
|  |  |  +- (org.codehaus.plexus:plexus-classworlds:jar:2.4.2:test - omitted for duplicate)
|  |  |  \- (org.eclipse.sisu:org.eclipse.sisu.plexus:jar:0.0.0.M2a:test - omitted for conflict with 0.0.0.M5)
|  |  +- org.jenkins-ci.main.maven:maven3-interceptor:jar:1.4:test
|  |  |  +- (org.jenkins-ci.main.maven:maven3-interceptor-commons:jar:1.4:test - omitted for duplicate)
|  |  |  +- (org.apache.maven:maven-core:jar:3.0.5:test - omitted for conflict with 3.1.0)
|  |  |  +- (org.apache.maven:maven-embedder:jar:3.0.5:test - omitted for duplicate)
|  |  |  \- (org.apache.maven:maven-aether-provider:jar:3.0.5:test - omitted for conflict with 3.1.0)
|  |  +- org.jenkins-ci.main.maven:maven31-interceptor:jar:1.4:test
|  |  |  +- (org.jenkins-ci.main.maven:maven3-interceptor-commons:jar:1.4:test - omitted for duplicate)
|  |  |  +- (org.apache.maven:maven-core:jar:3.1.0:test - omitted for conflict with 3.0.5)
|  |  |  +- (org.apache.maven:maven-embedder:jar:3.1.0:test - omitted for conflict with 3.0.5)
|  |  |  +- (org.apache.maven:maven-aether-provider:jar:3.1.0:test - omitted for conflict with 3.0.5)
|  |  |  \- (org.eclipse.sisu:org.eclipse.sisu.plexus:jar:0.0.0.M2a:test - omitted for duplicate)
|  |  +- org.jenkins-ci.main.maven:maven3-interceptor-commons:jar:1.4:test
|  |  |  +- (org.apache.maven:maven-core:jar:3.0.5:test - omitted for duplicate)
|  |  |  +- (org.apache.maven:maven-embedder:jar:3.0.5:test - omitted for duplicate)
|  |  |  \- (org.apache.maven:maven-aether-provider:jar:3.0.5:test - omitted for duplicate)
|  |  +- (org.apache.ant:ant:jar:1.8.3:test - omitted for duplicate)
|  |  +- org.apache.maven:maven-core:jar:3.1.0:test
|  |  |  +- org.apache.maven:maven-model:jar:3.1.0:test
|  |  |  |  \- (org.codehaus.plexus:plexus-utils:jar:3.0.10:test - omitted for conflict with 2.0.6)
|  |  |  +- org.apache.maven:maven-settings:jar:3.1.0:test
|  |  |  |  \- (org.codehaus.plexus:plexus-utils:jar:3.0.10:test - omitted for conflict with 2.0.6)
|  |  |  +- org.apache.maven:maven-settings-builder:jar:3.1.0:test
|  |  |  |  +- (org.codehaus.plexus:plexus-utils:jar:3.0.10:test - omitted for conflict with 2.0.6)
|  |  |  |  +- (org.codehaus.plexus:plexus-interpolation:jar:1.16:test - omitted for duplicate)
|  |  |  |  +- (org.codehaus.plexus:plexus-component-annotations:jar:1.5.5:test - omitted for duplicate)
|  |  |  |  +- (org.apache.maven:maven-settings:jar:3.1.0:test - omitted for duplicate)
|  |  |  |  \- (org.sonatype.plexus:plexus-sec-dispatcher:jar:1.3:test - omitted for duplicate)
|  |  |  +- org.apache.maven:maven-repository-metadata:jar:3.1.0:test
|  |  |  |  \- (org.codehaus.plexus:plexus-utils:jar:3.0.10:test - omitted for conflict with 2.0.6)
|  |  |  +- org.apache.maven:maven-artifact:jar:3.1.0:test
|  |  |  |  \- (org.codehaus.plexus:plexus-utils:jar:3.0.10:test - omitted for conflict with 2.0.6)
|  |  |  +- org.apache.maven:maven-plugin-api:jar:3.1.0:test
|  |  |  |  +- (org.apache.maven:maven-model:jar:3.1.0:test - omitted for duplicate)
|  |  |  |  +- (org.apache.maven:maven-artifact:jar:3.1.0:test - omitted for duplicate)
|  |  |  |  \- (org.eclipse.sisu:org.eclipse.sisu.plexus:jar:0.0.0.M2a:test - omitted for duplicate)
|  |  |  +- org.apache.maven:maven-model-builder:jar:3.1.0:test
|  |  |  |  +- (org.codehaus.plexus:plexus-utils:jar:3.0.10:test - omitted for conflict with 2.0.6)
|  |  |  |  +- (org.codehaus.plexus:plexus-interpolation:jar:1.16:test - omitted for duplicate)
|  |  |  |  +- (org.codehaus.plexus:plexus-component-annotations:jar:1.5.5:test - omitted for duplicate)
|  |  |  |  \- (org.apache.maven:maven-model:jar:3.1.0:test - omitted for duplicate)
|  |  |  +- (org.apache.maven:maven-aether-provider:jar:3.1.0:test - omitted for conflict with 3.0.5)
|  |  |  +- (org.eclipse.aether:aether-impl:jar:0.9.0.M2:test - omitted for conflict with 0.9.0.M3)
|  |  |  +- (org.eclipse.aether:aether-api:jar:0.9.0.M2:test - omitted for conflict with 0.9.0.M3)
|  |  |  +- (org.eclipse.aether:aether-util:jar:0.9.0.M2:test - omitted for conflict with 0.9.0.M3)
|  |  |  +- (org.eclipse.sisu:org.eclipse.sisu.plexus:jar:0.0.0.M2a:test - omitted for duplicate)
|  |  |  +- org.codehaus.plexus:plexus-interpolation:jar:1.16:test
|  |  |  +- org.codehaus.plexus:plexus-utils:jar:3.0.10:test
|  |  |  +- (org.codehaus.plexus:plexus-classworlds:jar:2.4.2:test - omitted for duplicate)
|  |  |  +- org.codehaus.plexus:plexus-component-annotations:jar:1.5.5:test
|  |  |  \- org.sonatype.plexus:plexus-sec-dispatcher:jar:1.3:test
|  |  |     +- (org.codehaus.plexus:plexus-utils:jar:1.5.5:test - omitted for conflict with 3.0.10)
|  |  |     \- (org.sonatype.plexus:plexus-cipher:jar:1.4:test - omitted for conflict with 1.7)
|  |  +- org.apache.maven:maven-compat:jar:3.1.0:test
|  |  |  +- (org.apache.maven:maven-model:jar:3.1.0:test - omitted for duplicate)
|  |  |  +- (org.apache.maven:maven-model-builder:jar:3.1.0:test - omitted for duplicate)
|  |  |  +- (org.apache.maven:maven-settings:jar:3.1.0:test - omitted for duplicate)
|  |  |  +- (org.apache.maven:maven-artifact:jar:3.1.0:test - omitted for duplicate)
|  |  |  +- (org.apache.maven:maven-core:jar:3.1.0:test - omitted for duplicate)
|  |  |  +- (org.codehaus.plexus:plexus-utils:jar:3.0.10:test - omitted for duplicate)
|  |  |  +- (org.codehaus.plexus:plexus-interpolation:jar:1.16:test - omitted for duplicate)
|  |  |  +- (org.eclipse.sisu:org.eclipse.sisu.plexus:jar:0.0.0.M2a:test - omitted for duplicate)
|  |  |  +- (org.codehaus.plexus:plexus-component-annotations:jar:1.5.5:test - omitted for duplicate)
|  |  |  \- (org.apache.maven.wagon:wagon-provider-api:jar:2.4:test - omitted for duplicate)
|  |  +- org.apache.maven:maven-aether-provider:jar:3.1.0:test
|  |  |  +- (org.apache.maven:maven-model:jar:3.1.0:test - omitted for duplicate)
|  |  |  +- (org.apache.maven:maven-model-builder:jar:3.1.0:test - omitted for duplicate)
|  |  |  +- (org.apache.maven:maven-repository-metadata:jar:3.1.0:test - omitted for duplicate)
|  |  |  +- (org.eclipse.aether:aether-api:jar:0.9.0.M2:test - omitted for duplicate)
|  |  |  +- (org.eclipse.aether:aether-spi:jar:0.9.0.M2:test - omitted for conflict with 0.9.0.M3)
|  |  |  +- (org.eclipse.aether:aether-util:jar:0.9.0.M2:test - omitted for duplicate)
|  |  |  +- (org.eclipse.aether:aether-impl:jar:0.9.0.M2:test - omitted for duplicate)
|  |  |  +- (org.eclipse.sisu:org.eclipse.sisu.plexus:jar:0.0.0.M2a:test - omitted for duplicate)
|  |  |  +- (org.codehaus.plexus:plexus-component-annotations:jar:1.5.5:test - omitted for duplicate)
|  |  |  \- (org.codehaus.plexus:plexus-utils:jar:3.0.10:test - omitted for duplicate)
|  |  +- org.apache.maven:maven-embedder:jar:3.1.0:test
|  |  |  +- (org.apache.maven:maven-settings:jar:3.1.0:test - omitted for duplicate)
|  |  |  +- (org.apache.maven:maven-core:jar:3.1.0:test - omitted for duplicate)
|  |  |  +- (org.apache.maven:maven-plugin-api:jar:3.1.0:test - omitted for duplicate)
|  |  |  +- (org.apache.maven:maven-model-builder:jar:3.1.0:test - omitted for duplicate)
|  |  |  +- (org.apache.maven:maven-compat:jar:3.1.0:test - omitted for duplicate)
|  |  |  +- (org.codehaus.plexus:plexus-utils:jar:3.0.10:test - omitted for duplicate)
|  |  |  +- (org.codehaus.plexus:plexus-classworlds:jar:2.4.2:test - omitted for duplicate)
|  |  |  +- (org.eclipse.sisu:org.eclipse.sisu.plexus:jar:0.0.0.M2a:test - omitted for duplicate)
|  |  |  +- (org.codehaus.plexus:plexus-component-annotations:jar:1.5.5:test - omitted for duplicate)
|  |  |  +- (org.sonatype.plexus:plexus-sec-dispatcher:jar:1.3:test - omitted for duplicate)
|  |  |  +- org.sonatype.plexus:plexus-cipher:jar:1.7:test
|  |  |  +- (org.slf4j:slf4j-api:jar:1.7.4:test - omitted for conflict with 1.6.6)
|  |  |  \- commons-cli:commons-cli:jar:1.2:test
|  |  +- org.eclipse.aether:aether-api:jar:0.9.0.M3:test
|  |  +- org.eclipse.aether:aether-impl:jar:0.9.0.M3:test
|  |  |  +- (org.eclipse.aether:aether-api:jar:0.9.0.M3:test - omitted for duplicate)
|  |  |  +- (org.eclipse.aether:aether-spi:jar:0.9.0.M3:test - omitted for conflict with 0.9.0.M2)
|  |  |  \- (org.eclipse.aether:aether-util:jar:0.9.0.M3:test - omitted for conflict with 0.9.0.M2)
|  |  +- org.eclipse.aether:aether-spi:jar:0.9.0.M3:test
|  |  |  \- (org.eclipse.aether:aether-api:jar:0.9.0.M3:test - omitted for duplicate)
|  |  +- org.eclipse.aether:aether-util:jar:0.9.0.M3:test
|  |  |  \- (org.eclipse.aether:aether-api:jar:0.9.0.M3:test - omitted for duplicate)
|  |  +- org.eclipse.aether:aether-transport-wagon:jar:0.9.0.M3:test
|  |  |  +- (org.eclipse.aether:aether-api:jar:0.9.0.M3:test - omitted for duplicate)
|  |  |  +- (org.eclipse.aether:aether-spi:jar:0.9.0.M3:test - omitted for duplicate)
|  |  |  +- (org.eclipse.aether:aether-util:jar:0.9.0.M3:test - omitted for duplicate)
|  |  |  \- (org.apache.maven.wagon:wagon-provider-api:jar:1.0:test - omitted for conflict with 2.4)
|  |  +- org.eclipse.sisu:org.eclipse.sisu.plexus:jar:0.0.0.M5:test
|  |  |  +- javax.enterprise:cdi-api:jar:1.0:test
|  |  |  |  +- javax.annotation:jsr250-api:jar:1.0:test
|  |  |  |  \- (javax.inject:javax.inject:jar:1:test - omitted for duplicate)
|  |  |  +- (com.google.guava:guava:jar:11.0.1:test - version managed from 10.0.1; omitted for duplicate)
|  |  |  +- org.eclipse.sisu:org.eclipse.sisu.inject:jar:0.0.0.M5:test
|  |  |  +- (org.codehaus.plexus:plexus-component-annotations:jar:1.5.5:test - omitted for duplicate)
|  |  |  +- (org.codehaus.plexus:plexus-classworlds:jar:2.4:test - omitted for conflict with 2.4.2)
|  |  |  \- (org.codehaus.plexus:plexus-utils:jar:2.1:test - omitted for conflict with 3.0.10)
|  |  +- (com.google.inject:guice:jar:no_aop:4.0-beta:test - omitted for duplicate)
|  |  +- org.apache.maven.wagon:wagon-http:jar:2.4:test
|  |  |  +- org.apache.maven.wagon:wagon-http-shared4:jar:2.4:test
|  |  |  |  +- org.jsoup:jsoup:jar:1.7.1:test
|  |  |  |  +- (org.apache.httpcomponents:httpclient:jar:4.2.3:test - omitted for duplicate)
|  |  |  |  +- (org.apache.httpcomponents:httpcore:jar:4.2.3:test - omitted for duplicate)
|  |  |  |  +- (commons-logging:commons-logging:jar:1.1.1:test - omitted for conflict with 1.1.3)
|  |  |  |  +- (commons-io:commons-io:jar:2.0.1:test - omitted for conflict with 1.4)
|  |  |  |  \- (org.apache.maven.wagon:wagon-provider-api:jar:2.4:test - omitted for duplicate)
|  |  |  +- (org.apache.httpcomponents:httpclient:jar:4.2.3:test - omitted for conflict with 4.2.5)
|  |  |  +- (org.apache.httpcomponents:httpcore:jar:4.2.3:test - omitted for conflict with 4.2.4)
|  |  |  \- (org.apache.maven.wagon:wagon-provider-api:jar:2.4:test - omitted for duplicate)
|  |  +- org.apache.httpcomponents:httpclient:jar:4.2.5:test
|  |  |  +- (org.apache.httpcomponents:httpcore:jar:4.2.4:test - omitted for conflict with 4.2.3)
|  |  |  +- (commons-logging:commons-logging:jar:1.1.1:test - omitted for conflict with 1.1.3)
|  |  |  \- (commons-codec:commons-codec:jar:1.6:test - omitted for conflict with 1.8)
|  |  +- org.apache.httpcomponents:httpcore:jar:4.2.4:test
|  |  +- (commons-logging:commons-logging:jar:1.1.3:test - omitted for duplicate)
|  |  +- org.apache.maven.wagon:wagon-file:jar:2.4:test
|  |  |  \- (org.apache.maven.wagon:wagon-provider-api:jar:2.4:test - omitted for duplicate)
|  |  +- org.apache.maven.wagon:wagon-ftp:jar:2.4:test
|  |  |  +- commons-net:commons-net:jar:3.1:test
|  |  |  +- (org.slf4j:slf4j-api:jar:1.7.2:test - omitted for conflict with 1.6.6)
|  |  |  \- (org.apache.maven.wagon:wagon-provider-api:jar:2.4:test - omitted for duplicate)
|  |  +- org.apache.maven.wagon:wagon-ssh:jar:2.4:test
|  |  |  +- (com.jcraft:jsch:jar:0.1.44-1:test - omitted for duplicate)
|  |  |  +- (org.codehaus.plexus:plexus-utils:jar:3.0.8:test - omitted for conflict with 3.0.10)
|  |  |  +- org.apache.maven.wagon:wagon-ssh-common:jar:2.4:test
|  |  |  |  +- (org.codehaus.plexus:plexus-utils:jar:3.0.8:test - omitted for conflict with 3.0.10)
|  |  |  |  +- org.codehaus.plexus:plexus-interactivity-api:jar:1.0-alpha-6:test
|  |  |  |  |  \- (org.codehaus.plexus:plexus-utils:jar:1.4:test - omitted for conflict with 3.0.10)
|  |  |  |  \- (org.apache.maven.wagon:wagon-provider-api:jar:2.4:test - omitted for duplicate)
|  |  |  \- (org.apache.maven.wagon:wagon-provider-api:jar:2.4:test - omitted for duplicate)
|  |  +- org.apache.maven.wagon:wagon-ssh-external:jar:2.4:test
|  |  |  +- (org.codehaus.plexus:plexus-utils:jar:3.0.8:test - omitted for conflict with 3.0.10)
|  |  |  +- (org.apache.maven.wagon:wagon-ssh-common:jar:2.4:test - omitted for duplicate)
|  |  |  \- (org.apache.maven.wagon:wagon-provider-api:jar:2.4:test - omitted for duplicate)
|  |  +- org.apache.maven.wagon:wagon-provider-api:jar:2.4:test
|  |  |  \- (org.codehaus.plexus:plexus-utils:jar:3.0.8:test - omitted for conflict with 3.0.10)
|  |  +- org.apache.maven.reporting:maven-reporting-api:jar:3.0:test
|  |  |  \- org.apache.maven.doxia:doxia-sink-api:jar:1.0:test
|  |  +- org.codehaus.plexus:plexus-classworlds:jar:2.5.1:test
|  |  +- org.jenkins-ci.lib:lib-jenkins-maven-artifact-manager:jar:1.2:test
|  |  |  +- (org.codehaus.plexus:plexus-utils:jar:2.0.5:test - omitted for conflict with 3.0.10)
|  |  |  \- (org.apache.maven.wagon:wagon-provider-api:jar:1.0-beta-7:test - omitted for conflict with 2.4)
|  |  +- (commons-io:commons-io:jar:1.4:test - omitted for duplicate)
|  |  +- org.jenkins-ci.lib:lib-jenkins-maven-embedder:jar:3.11:test
|  |  |  +- (org.apache.maven:maven-core:jar:3.1.0:test - omitted for duplicate)
|  |  |  +- (org.apache.maven:maven-artifact:jar:3.1.0:test - omitted for duplicate)
|  |  |  +- (org.apache.maven:maven-compat:jar:3.1.0:test - omitted for duplicate)
|  |  |  +- (org.apache.maven:maven-embedder:jar:3.1.0:test - omitted for duplicate)
|  |  |  +- (org.apache.maven:maven-aether-provider:jar:3.1.0:test - omitted for duplicate)
|  |  |  +- (org.eclipse.sisu:org.eclipse.sisu.plexus:jar:0.0.0.M2a:test - omitted for conflict with 0.0.0.M5)
|  |  |  +- org.eclipse.aether:aether-connector-wagon:jar:0.9.0.M2:test
|  |  |  |  +- (org.eclipse.aether:aether-api:jar:0.9.0.M2:test - omitted for conflict with 0.9.0.M3)
|  |  |  |  +- (org.eclipse.aether:aether-spi:jar:0.9.0.M2:test - omitted for conflict with 0.9.0.M3)
|  |  |  |  +- (org.eclipse.aether:aether-util:jar:0.9.0.M2:test - omitted for conflict with 0.9.0.M3)
|  |  |  |  \- (org.apache.maven.wagon:wagon-provider-api:jar:1.0:test - omitted for conflict with 2.4)
|  |  |  +- (org.eclipse.aether:aether-api:jar:0.9.0.M2:test - omitted for conflict with 0.9.0.M3)
|  |  |  +- (org.eclipse.aether:aether-impl:jar:0.9.0.M2:test - omitted for conflict with 0.9.0.M3)
|  |  |  +- (org.eclipse.aether:aether-spi:jar:0.9.0.M2:test - omitted for conflict with 0.9.0.M3)
|  |  |  +- (org.eclipse.aether:aether-util:jar:0.9.0.M2:test - omitted for conflict with 0.9.0.M3)
|  |  |  +- (org.apache.ant:ant:jar:1.9.2:test - omitted for conflict with 1.8.3)
|  |  |  \- (org.apache.maven.wagon:wagon-provider-api:jar:2.4:test - omitted for duplicate)
|  |  +- (commons-httpclient:commons-httpclient:jar:3.1:test - omitted for duplicate)
|  |  \- org.apache.maven.wagon:wagon-webdav-jackrabbit:jar:2.4:test
|  |     +- org.apache.maven.wagon:wagon-http-shared:jar:2.4:test
|  |     |  +- (commons-httpclient:commons-httpclient:jar:3.1:test - omitted for duplicate)
|  |     |  +- (commons-logging:commons-logging:jar:1.1.1:test - omitted for conflict with 1.1.3)
|  |     |  +- (commons-lang:commons-lang:jar:2.6:test - omitted for duplicate)
|  |     |  +- (commons-io:commons-io:jar:2.2:test - omitted for conflict with 1.4)
|  |     |  \- (org.apache.maven.wagon:wagon-provider-api:jar:2.4:test - omitted for duplicate)
|  |     +- org.apache.jackrabbit:jackrabbit-webdav:jar:2.5.2:test
|  |     |  +- (org.slf4j:slf4j-api:jar:1.6.4:test - omitted for conflict with 1.6.6)
|  |     |  \- (commons-httpclient:commons-httpclient:jar:3.1:test - omitted for duplicate)
|  |     +- (org.slf4j:slf4j-api:jar:1.7.2:test - omitted for conflict with 1.6.6)
|  |     +- (commons-lang:commons-lang:jar:2.6:test - omitted for duplicate)
|  |     +- (commons-io:commons-io:jar:2.2:test - omitted for conflict with 1.4)
|  |     +- (commons-httpclient:commons-httpclient:jar:3.1:test - omitted for duplicate)
|  |     \- (org.apache.maven.wagon:wagon-provider-api:jar:2.4:test - omitted for duplicate)
|  +- org.jenkins-ci.plugins:ant:jar:1.2:test
|  +- org.jenkins-ci.plugins:subversion:jar:1.45:test
|  |  \- org.jenkins-ci.svnkit:svnkit:jar:1.7.6-jenkins-1:test
|  |     +- org.tmatesoft.sqljet:sqljet:jar:1.1.0:test
|  |     |  \- org.antlr:antlr-runtime:jar:3.4:test
|  |     \- de.regnis.q.sequence:sequence-library:jar:1.0.1:test
|  +- org.jenkins-ci.plugins:mailer:jar:1.5:test
|  +- org.mortbay.jetty:jetty:jar:6.1.26:test
|  |  +- org.mortbay.jetty:jetty-util:jar:6.1.26:test
|  |  \- org.mortbay.jetty:servlet-api:jar:2.5-20081211:test
|  +- org.jvnet.hudson:test-annotations:jar:1.0:test
|  +- org.jvnet.mock-javamail:mock-javamail:jar:1.7:test
|  |  +- (javax.mail:mail:jar:1.4:test - omitted for conflict with 1.4.4)
|  |  \- (junit:junit:jar:3.8:test - omitted for conflict with 3.8.1)
|  +- junit:junit:jar:4.11:test
|  |  \- (org.hamcrest:hamcrest-core:jar:1.3:test - omitted for conflict with 1.1)
|  +- org.hamcrest:hamcrest-library:jar:1.3:test
|  |  \- (org.hamcrest:hamcrest-core:jar:1.3:test - omitted for conflict with 1.1)
|  +- org.jenkins-ci:htmlunit:jar:2.6-jenkins-6:test
|  |  +- (xalan:xalan:jar:2.7.1:test - omitted for duplicate)
|  |  +- (commons-collections:commons-collections:jar:3.2.1:test - omitted for duplicate)
|  |  +- (commons-lang:commons-lang:jar:2.4:test - omitted for conflict with 2.6)
|  |  +- (commons-httpclient:commons-httpclient:jar:3.1:test - omitted for duplicate)
|  |  +- (commons-codec:commons-codec:jar:1.4:test - omitted for conflict with 1.8)
|  |  +- org.jvnet.hudson:htmlunit-core-js:jar:2.6-hudson-1:test
|  |  +- xerces:xercesImpl:jar:2.9.1:test
|  |  +- net.sourceforge.nekohtml:nekohtml:jar:1.9.13:test
|  |  +- net.sourceforge.cssparser:cssparser:jar:0.9.5:test
|  |  |  \- org.w3c.css:sac:jar:1.3:test
|  |  +- (commons-io:commons-io:jar:1.4:test - omitted for duplicate)
|  |  \- (commons-logging:commons-logging:jar:1.1.1:test - omitted for conflict with 1.1.3)
|  +- xalan:xalan:jar:2.7.1:test
|  |  \- xalan:serializer:jar:2.7.1:test
|  |     \- xml-apis:xml-apis:jar:1.3.04:test
|  +- org.jvnet.hudson:embedded-rhino-debugger:jar:1.2:test
|  |  \- (org.jvnet.hudson:htmlunit-core-js:jar:2.6-hudson-1:test - omitted for duplicate)
|  +- org.jvnet.hudson:netx:jar:0.5-hudson-2:test
|  +- org.easymock:easymock:jar:2.4:test
|  +- org.netbeans.modules:org-netbeans-insane:jar:RELEASE72:test
|  +- (com.github.stephenc.findbugs:findbugs-annotations:jar:1.3.9-1:compile - scope updated from test; omitted for duplicate)
|  \- org.codehaus.geb:geb-implicit-assertions:jar:0.7.2:test
+- org.jenkins-ci.main:ui-samples-plugin:jar:1.532:test
+- javax.servlet:servlet-api:jar:2.4:provided
\- org.codehaus.mojo:animal-sniffer-annotations:jar:1.9:provided

