WARNING: Your kernel does not support swap limit capabilities or the cgroup is not mounted. Memory limited without swap.
com.cloudbees.jenkins.plugins:amazon-ecs:hpi:1.27
+- org.jenkins-ci.plugins:aws-java-sdk:jar:1.11.403:compile
|  +- com.amazonaws:aws-java-sdk:jar:1.11.403:compile
|  |  +- com.amazonaws:aws-java-sdk-signer:jar:1.11.403:compile
|  |  |  \- com.amazonaws:jmespath-java:jar:1.11.403:compile
|  |  +- com.amazonaws:aws-java-sdk-dlm:jar:1.11.403:compile
|  |  +- com.amazonaws:aws-java-sdk-macie:jar:1.11.403:compile
|  |  +- com.amazonaws:aws-java-sdk-eks:jar:1.11.403:compile
|  |  +- com.amazonaws:aws-java-sdk-mediatailor:jar:1.11.403:compile
|  |  +- com.amazonaws:aws-java-sdk-neptune:jar:1.11.403:compile
|  |  +- com.amazonaws:aws-java-sdk-pi:jar:1.11.403:compile
|  |  +- com.amazonaws:aws-java-sdk-iot1clickprojects:jar:1.11.403:compile
|  |  +- com.amazonaws:aws-java-sdk-iot1clickdevices:jar:1.11.403:compile
|  |  +- com.amazonaws:aws-java-sdk-iotanalytics:jar:1.11.403:compile
|  |  +- com.amazonaws:aws-java-sdk-acmpca:jar:1.11.403:compile
|  |  +- com.amazonaws:aws-java-sdk-secretsmanager:jar:1.11.403:compile
|  |  +- com.amazonaws:aws-java-sdk-fms:jar:1.11.403:compile
|  |  +- com.amazonaws:aws-java-sdk-connect:jar:1.11.403:compile
|  |  +- com.amazonaws:aws-java-sdk-transcribe:jar:1.11.403:compile
|  |  +- com.amazonaws:aws-java-sdk-autoscalingplans:jar:1.11.403:compile
|  |  +- com.amazonaws:aws-java-sdk-workmail:jar:1.11.403:compile
|  |  +- com.amazonaws:aws-java-sdk-servicediscovery:jar:1.11.403:compile
|  |  +- com.amazonaws:aws-java-sdk-cloud9:jar:1.11.403:compile
|  |  +- com.amazonaws:aws-java-sdk-serverlessapplicationrepository:jar:1.11.403:compile
|  |  +- com.amazonaws:aws-java-sdk-alexaforbusiness:jar:1.11.403:compile
|  |  +- com.amazonaws:aws-java-sdk-resourcegroups:jar:1.11.403:compile
|  |  +- com.amazonaws:aws-java-sdk-comprehend:jar:1.11.403:compile
|  |  +- com.amazonaws:aws-java-sdk-translate:jar:1.11.403:compile
|  |  +- com.amazonaws:aws-java-sdk-sagemaker:jar:1.11.403:compile
|  |  +- com.amazonaws:aws-java-sdk-iotjobsdataplane:jar:1.11.403:compile
|  |  +- com.amazonaws:aws-java-sdk-sagemakerruntime:jar:1.11.403:compile
|  |  +- com.amazonaws:aws-java-sdk-kinesisvideo:jar:1.11.403:compile
|  |  |  +- io.netty:netty-codec-http:jar:4.1.17.Final:compile
|  |  |  |  \- io.netty:netty-codec:jar:4.1.17.Final:compile
|  |  |  \- io.netty:netty-handler:jar:4.1.17.Final:compile
|  |  |     +- io.netty:netty-buffer:jar:4.1.17.Final:compile
|  |  |     |  \- io.netty:netty-common:jar:4.1.17.Final:compile
|  |  |     \- io.netty:netty-transport:jar:4.1.17.Final:compile
|  |  |        \- io.netty:netty-resolver:jar:4.1.17.Final:compile
|  |  +- com.amazonaws:aws-java-sdk-appsync:jar:1.11.403:compile
|  |  +- com.amazonaws:aws-java-sdk-guardduty:jar:1.11.403:compile
|  |  +- com.amazonaws:aws-java-sdk-mq:jar:1.11.403:compile
|  |  +- com.amazonaws:aws-java-sdk-mediaconvert:jar:1.11.403:compile
|  |  +- com.amazonaws:aws-java-sdk-mediastore:jar:1.11.403:compile
|  |  +- com.amazonaws:aws-java-sdk-mediastoredata:jar:1.11.403:compile
|  |  +- com.amazonaws:aws-java-sdk-medialive:jar:1.11.403:compile
|  |  +- com.amazonaws:aws-java-sdk-mediapackage:jar:1.11.403:compile
|  |  +- com.amazonaws:aws-java-sdk-costexplorer:jar:1.11.403:compile
|  |  +- com.amazonaws:aws-java-sdk-pricing:jar:1.11.403:compile
|  |  +- com.amazonaws:aws-java-sdk-mobile:jar:1.11.403:compile
|  |  +- com.amazonaws:aws-java-sdk-cloudhsmv2:jar:1.11.403:compile
|  |  +- com.amazonaws:aws-java-sdk-glue:jar:1.11.403:compile
|  |  +- com.amazonaws:aws-java-sdk-migrationhub:jar:1.11.403:compile
|  |  +- com.amazonaws:aws-java-sdk-dax:jar:1.11.403:compile
|  |  +- com.amazonaws:aws-java-sdk-greengrass:jar:1.11.403:compile
|  |  +- com.amazonaws:aws-java-sdk-athena:jar:1.11.403:compile
|  |  +- com.amazonaws:aws-java-sdk-marketplaceentitlement:jar:1.11.403:compile
|  |  +- com.amazonaws:aws-java-sdk-codestar:jar:1.11.403:compile
|  |  +- com.amazonaws:aws-java-sdk-lexmodelbuilding:jar:1.11.403:compile
|  |  +- com.amazonaws:aws-java-sdk-resourcegroupstaggingapi:jar:1.11.403:compile
|  |  +- com.amazonaws:aws-java-sdk-pinpoint:jar:1.11.403:compile
|  |  +- com.amazonaws:aws-java-sdk-xray:jar:1.11.403:compile
|  |  +- com.amazonaws:aws-java-sdk-opsworkscm:jar:1.11.403:compile
|  |  +- com.amazonaws:aws-java-sdk-support:jar:1.11.403:compile
|  |  +- com.amazonaws:aws-java-sdk-simpledb:jar:1.11.403:compile
|  |  +- com.amazonaws:aws-java-sdk-servicecatalog:jar:1.11.403:compile
|  |  +- com.amazonaws:aws-java-sdk-servermigration:jar:1.11.403:compile
|  |  +- com.amazonaws:aws-java-sdk-simpleworkflow:jar:1.11.403:compile
|  |  +- com.amazonaws:aws-java-sdk-storagegateway:jar:1.11.403:compile
|  |  +- com.amazonaws:aws-java-sdk-route53:jar:1.11.403:compile
|  |  +- com.amazonaws:aws-java-sdk-s3:jar:1.11.403:compile
|  |  +- com.amazonaws:aws-java-sdk-importexport:jar:1.11.403:compile
|  |  +- com.amazonaws:aws-java-sdk-sts:jar:1.11.403:compile
|  |  +- com.amazonaws:aws-java-sdk-sqs:jar:1.11.403:compile
|  |  +- com.amazonaws:aws-java-sdk-rds:jar:1.11.403:compile
|  |  +- com.amazonaws:aws-java-sdk-redshift:jar:1.11.403:compile
|  |  +- com.amazonaws:aws-java-sdk-elasticbeanstalk:jar:1.11.403:compile
|  |  +- com.amazonaws:aws-java-sdk-glacier:jar:1.11.403:compile
|  |  +- com.amazonaws:aws-java-sdk-iam:jar:1.11.403:compile
|  |  +- com.amazonaws:aws-java-sdk-datapipeline:jar:1.11.403:compile
|  |  +- com.amazonaws:aws-java-sdk-elasticloadbalancing:jar:1.11.403:compile
|  |  +- com.amazonaws:aws-java-sdk-elasticloadbalancingv2:jar:1.11.403:compile
|  |  +- com.amazonaws:aws-java-sdk-emr:jar:1.11.403:compile
|  |  +- com.amazonaws:aws-java-sdk-elasticache:jar:1.11.403:compile
|  |  +- com.amazonaws:aws-java-sdk-elastictranscoder:jar:1.11.403:compile
|  |  +- com.amazonaws:aws-java-sdk-ec2:jar:1.11.403:compile
|  |  +- com.amazonaws:aws-java-sdk-dynamodb:jar:1.11.403:compile
|  |  +- com.amazonaws:aws-java-sdk-sns:jar:1.11.403:compile
|  |  +- com.amazonaws:aws-java-sdk-budgets:jar:1.11.403:compile
|  |  +- com.amazonaws:aws-java-sdk-cloudtrail:jar:1.11.403:compile
|  |  +- com.amazonaws:aws-java-sdk-cloudwatch:jar:1.11.403:compile
|  |  +- com.amazonaws:aws-java-sdk-logs:jar:1.11.403:compile
|  |  +- com.amazonaws:aws-java-sdk-events:jar:1.11.403:compile
|  |  +- com.amazonaws:aws-java-sdk-cognitoidentity:jar:1.11.403:compile
|  |  +- com.amazonaws:aws-java-sdk-cognitosync:jar:1.11.403:compile
|  |  +- com.amazonaws:aws-java-sdk-directconnect:jar:1.11.403:compile
|  |  +- com.amazonaws:aws-java-sdk-cloudformation:jar:1.11.403:compile
|  |  +- com.amazonaws:aws-java-sdk-cloudfront:jar:1.11.403:compile
|  |  +- com.amazonaws:aws-java-sdk-clouddirectory:jar:1.11.403:compile
|  |  +- com.amazonaws:aws-java-sdk-kinesis:jar:1.11.403:compile
|  |  +- com.amazonaws:aws-java-sdk-opsworks:jar:1.11.403:compile
|  |  +- com.amazonaws:aws-java-sdk-ses:jar:1.11.403:compile
|  |  +- com.amazonaws:aws-java-sdk-autoscaling:jar:1.11.403:compile
|  |  +- com.amazonaws:aws-java-sdk-cloudsearch:jar:1.11.403:compile
|  |  +- com.amazonaws:aws-java-sdk-cloudwatchmetrics:jar:1.11.403:compile
|  |  +- com.amazonaws:aws-java-sdk-codedeploy:jar:1.11.403:compile
|  |  +- com.amazonaws:aws-java-sdk-codepipeline:jar:1.11.403:compile
|  |  +- com.amazonaws:aws-java-sdk-kms:jar:1.11.403:compile
|  |  +- com.amazonaws:aws-java-sdk-config:jar:1.11.403:compile
|  |  +- com.amazonaws:aws-java-sdk-lambda:jar:1.11.403:compile
|  |  +- com.amazonaws:aws-java-sdk-ecs:jar:1.11.403:compile
|  |  +- com.amazonaws:aws-java-sdk-ecr:jar:1.11.403:compile
|  |  +- com.amazonaws:aws-java-sdk-cloudhsm:jar:1.11.403:compile
|  |  +- com.amazonaws:aws-java-sdk-ssm:jar:1.11.403:compile
|  |  +- com.amazonaws:aws-java-sdk-workspaces:jar:1.11.403:compile
|  |  +- com.amazonaws:aws-java-sdk-machinelearning:jar:1.11.403:compile
|  |  +- com.amazonaws:aws-java-sdk-directory:jar:1.11.403:compile
|  |  +- com.amazonaws:aws-java-sdk-efs:jar:1.11.403:compile
|  |  +- com.amazonaws:aws-java-sdk-codecommit:jar:1.11.403:compile
|  |  +- com.amazonaws:aws-java-sdk-devicefarm:jar:1.11.403:compile
|  |  +- com.amazonaws:aws-java-sdk-elasticsearch:jar:1.11.403:compile
|  |  +- com.amazonaws:aws-java-sdk-waf:jar:1.11.403:compile
|  |  +- com.amazonaws:aws-java-sdk-marketplacecommerceanalytics:jar:1.11.403:compile
|  |  +- com.amazonaws:aws-java-sdk-inspector:jar:1.11.403:compile
|  |  +- com.amazonaws:aws-java-sdk-iot:jar:1.11.403:compile
|  |  +- com.amazonaws:aws-java-sdk-api-gateway:jar:1.11.403:compile
|  |  +- com.amazonaws:aws-java-sdk-acm:jar:1.11.403:compile
|  |  +- com.amazonaws:aws-java-sdk-gamelift:jar:1.11.403:compile
|  |  +- com.amazonaws:aws-java-sdk-dms:jar:1.11.403:compile
|  |  +- com.amazonaws:aws-java-sdk-marketplacemeteringservice:jar:1.11.403:compile
|  |  +- com.amazonaws:aws-java-sdk-cognitoidp:jar:1.11.403:compile
|  |  +- com.amazonaws:aws-java-sdk-discovery:jar:1.11.403:compile
|  |  +- com.amazonaws:aws-java-sdk-applicationautoscaling:jar:1.11.403:compile
|  |  +- com.amazonaws:aws-java-sdk-snowball:jar:1.11.403:compile
|  |  +- com.amazonaws:aws-java-sdk-rekognition:jar:1.11.403:compile
|  |  +- com.amazonaws:aws-java-sdk-polly:jar:1.11.403:compile
|  |  +- com.amazonaws:aws-java-sdk-lightsail:jar:1.11.403:compile
|  |  +- com.amazonaws:aws-java-sdk-stepfunctions:jar:1.11.403:compile
|  |  +- com.amazonaws:aws-java-sdk-health:jar:1.11.403:compile
|  |  +- com.amazonaws:aws-java-sdk-costandusagereport:jar:1.11.403:compile
|  |  +- com.amazonaws:aws-java-sdk-codebuild:jar:1.11.403:compile
|  |  +- com.amazonaws:aws-java-sdk-appstream:jar:1.11.403:compile
|  |  +- com.amazonaws:aws-java-sdk-shield:jar:1.11.403:compile
|  |  +- com.amazonaws:aws-java-sdk-batch:jar:1.11.403:compile
|  |  +- com.amazonaws:aws-java-sdk-lex:jar:1.11.403:compile
|  |  +- com.amazonaws:aws-java-sdk-mechanicalturkrequester:jar:1.11.403:compile
|  |  +- com.amazonaws:aws-java-sdk-organizations:jar:1.11.403:compile
|  |  +- com.amazonaws:aws-java-sdk-workdocs:jar:1.11.403:compile
|  |  +- com.amazonaws:aws-java-sdk-core:jar:1.11.403:compile
|  |  |  +- software.amazon.ion:ion-java:jar:1.0.2:compile
|  |  |  +- com.fasterxml.jackson.dataformat:jackson-dataformat-cbor:jar:2.6.7:compile
|  |  |  \- joda-time:joda-time:jar:2.8.1:compile
|  |  +- com.amazonaws:aws-java-sdk-models:jar:1.11.403:compile
|  |  \- com.amazonaws:aws-java-sdk-swf-libraries:jar:1.11.22:compile
|  \- org.jenkins-ci.plugins:jackson2-api:jar:2.8.11.2:compile
|     +- com.fasterxml.jackson.core:jackson-databind:jar:2.8.11.1:compile
|     |  \- com.fasterxml.jackson.core:jackson-annotations:jar:2.8.0:compile
|     +- com.fasterxml.jackson.datatype:jackson-datatype-jsr310:jar:2.8.11:compile
|     \- com.fasterxml.jackson.core:jackson-core:jar:2.8.11:compile
+- org.jenkins-ci.plugins:apache-httpcomponents-client-4-api:jar:4.5.5-3.0:compile
|  +- org.apache.httpcomponents:httpclient:jar:4.5.5:compile
|  |  +- org.apache.httpcomponents:httpcore:jar:4.4.9:compile
|  |  \- commons-logging:commons-logging:jar:1.2:provided
|  +- org.apache.httpcomponents:httpmime:jar:4.5.5:compile
|  +- org.apache.httpcomponents:fluent-hc:jar:4.5.5:compile
|  +- org.apache.httpcomponents:httpclient-cache:jar:4.5.5:compile
|  +- org.apache.httpcomponents:httpasyncclient:jar:4.1.3:compile
|  |  \- org.apache.httpcomponents:httpcore-nio:jar:4.4.6:compile
|  \- org.apache.httpcomponents:httpasyncclient-cache:jar:4.1.3:compile
+- org.jenkins-ci.plugins:aws-credentials:jar:1.23:compile
|  \- org.jenkins-ci.plugins:credentials:jar:2.1.16:compile
|     \- org.antlr:antlr4-runtime:jar:4.5:compile
|        \- org.abego.treelayout:org.abego.treelayout.core:jar:1.0.1:compile
+- org.jenkinsci.plugins:pipeline-model-extensions:jar:1.3.1:compile (optional) 
|  +- org.jenkinsci.plugins:pipeline-model-api:jar:1.3.1:compile (optional) 
|  |  \- org.jenkins-ci.lib:pipeline-model-json-shaded:jar:1.3.1:compile (optional) 
|  |     \- com.google.code.findbugs:jsr305:jar:1.3.9:compile
|  +- org.jenkins-ci.plugins.workflow:workflow-cps:jar:2.46:compile (optional) 
|  |  +- org.jenkins-ci.plugins.workflow:workflow-api:jar:2.25:compile (optional) 
|  |  +- org.jenkins-ci.plugins.workflow:workflow-support:jar:2.17:compile (optional) 
|  |  |  \- org.jboss.marshalling:jboss-marshalling-river:jar:1.4.12.jenkins-3:compile (optional) 
|  |  |     \- org.jboss.marshalling:jboss-marshalling:jar:1.4.12.jenkins-3:compile (optional) 
|  |  +- org.jenkins-ci.plugins.workflow:workflow-scm-step:jar:2.4:compile (optional) 
|  |  +- org.jenkins-ci.plugins:script-security:jar:1.42:compile (optional) 
|  |  |  \- org.kohsuke:groovy-sandbox:jar:1.17:compile (optional) 
|  |  +- org.jenkins-ci.plugins:scm-api:jar:2.0.8:compile (optional) 
|  |  +- com.cloudbees:groovy-cps:jar:1.24:compile (optional) 
|  |  +- org.jenkins-ci.ui:jquery-detached:jar:1.2.1:compile
|  |  +- org.jenkins-ci.ui:ace-editor:jar:1.0.1:compile (optional) 
|  |  \- com.cloudbees:diff4j:jar:1.2:compile (optional) 
|  \- org.jenkins-ci.plugins.workflow:workflow-job:jar:2.15:compile (optional) 
+- org.jenkins-ci.plugins:variant:jar:1.0:compile
+- org.jenkins-ci.plugins:structs:jar:1.14:compile
|  \- org.jenkins-ci:symbol-annotation:jar:1.14:compile
+- org.jenkins-ci.plugins:credentials-binding:jar:1.13:compile
|  +- org.jenkins-ci.plugins:plain-credentials:jar:1.3:compile
|  \- org.jenkins-ci.plugins:ssh-credentials:jar:1.11:compile
+- org.jenkins-ci.plugins.workflow:workflow-step-api:jar:2.14:compile
+- org.jenkins-ci.plugins:durable-task:jar:1.16:compile
+- org.mockito:mockito-all:jar:2.0.2-beta:test
+- org.mockito:mockito-core:jar:2.15.0:test
|  +- net.bytebuddy:byte-buddy:jar:1.7.9:test
|  +- net.bytebuddy:byte-buddy-agent:jar:1.7.9:test
|  \- org.objenesis:objenesis:jar:2.6:test
+- com.google.code.findbugs:annotations:jar:3.0.0:provided (optional) 
+- net.jcip:jcip-annotations:jar:1.0:provided (optional) 
+- org.codehaus.mojo:animal-sniffer-annotations:jar:1.17:provided (optional) 
+- javax.servlet:javax.servlet-api:jar:3.1.0:provided
+- org.jenkins-ci.main:jenkins-core:jar:2.107.3:provided
|  +- org.jenkins-ci.plugins.icon-shim:icon-set:jar:1.0.5:provided
|  +- org.jenkins-ci.main:remoting:jar:3.17:provided
|  |  \- org.jenkins-ci:constant-pool-scanner:jar:1.2:provided
|  +- org.jenkins-ci.main:cli:jar:2.107.3:provided
|  +- org.jenkins-ci:version-number:jar:1.4:provided
|  +- org.jenkins-ci:crypto-util:jar:1.1:provided
|  +- org.jvnet.hudson:jtidy:jar:4aug2000r7-dev-hudson-1:provided
|  +- com.google.inject:guice:jar:4.0:provided
|  |  +- javax.inject:javax.inject:jar:1:provided
|  |  \- aopalliance:aopalliance:jar:1.0:provided
|  +- org.jruby.ext.posix:jna-posix:jar:1.0.3-jenkins-1:provided
|  +- com.github.jnr:jnr-posix:jar:3.0.41:provided
|  |  +- com.github.jnr:jnr-ffi:jar:2.1.4:provided
|  |  |  +- com.github.jnr:jffi:jar:1.2.15:provided
|  |  |  +- com.github.jnr:jffi:jar:native:1.2.15:provided
|  |  |  +- org.ow2.asm:asm:jar:5.0.3:provided
|  |  |  +- org.ow2.asm:asm-commons:jar:5.0.3:provided
|  |  |  +- org.ow2.asm:asm-analysis:jar:5.0.3:provided
|  |  |  +- org.ow2.asm:asm-tree:jar:5.0.3:provided
|  |  |  +- org.ow2.asm:asm-util:jar:5.0.3:provided
|  |  |  \- com.github.jnr:jnr-x86asm:jar:1.0.2:provided
|  |  \- com.github.jnr:jnr-constants:jar:0.9.8:provided
|  +- org.kohsuke:trilead-putty-extension:jar:1.2:provided
|  +- org.jenkins-ci:trilead-ssh2:jar:build-217-jenkins-11:provided
|  |  +- net.i2p.crypto:eddsa:jar:0.2.0:provided
|  |  \- org.connectbot.jbcrypt:jbcrypt:jar:1.0.0:provided
|  +- org.kohsuke.stapler:stapler-groovy:jar:1.254:provided
|  |  \- org.kohsuke.stapler:stapler-jelly:jar:1.254:provided
|  |     +- org.jenkins-ci:commons-jelly:jar:1.1-jenkins-20120928:provided
|  |     \- org.jenkins-ci.dom4j:dom4j:jar:1.6.1-jenkins-4:provided
|  +- org.kohsuke.stapler:stapler-jrebel:jar:1.254:provided
|  |  \- org.kohsuke.stapler:stapler:jar:1.254:provided
|  |     +- javax.annotation:javax.annotation-api:jar:1.2:provided
|  |     +- commons-discovery:commons-discovery:jar:0.4:provided
|  |     \- org.jvnet:tiger-types:jar:2.2:provided
|  +- org.kohsuke:windows-package-checker:jar:1.2:provided
|  +- org.kohsuke.stapler:stapler-adjunct-zeroclipboard:jar:1.3.5-1:provided
|  +- org.kohsuke.stapler:stapler-adjunct-timeline:jar:1.5:provided
|  +- org.kohsuke.stapler:stapler-adjunct-codemirror:jar:1.3:provided
|  +- com.infradna.tool:bridge-method-annotation:jar:1.13:provided
|  +- org.kohsuke.stapler:json-lib:jar:2.4-jenkins-2:provided
|  |  \- net.sf.ezmorph:ezmorph:jar:1.0.6:provided
|  +- commons-httpclient:commons-httpclient:jar:3.1-jenkins-1:provided
|  +- args4j:args4j:jar:2.0.31:provided
|  +- org.jenkins-ci:annotation-indexer:jar:1.12:provided
|  +- org.jenkins-ci:bytecode-compatibility-transformer:jar:1.8:provided
|  |  \- org.kohsuke:asm5:jar:5.0.1:provided
|  +- org.jenkins-ci:task-reactor:jar:1.5:provided
|  +- org.jvnet.localizer:localizer:jar:1.24:provided
|  +- antlr:antlr:jar:2.7.6:provided
|  +- org.jvnet.hudson:xstream:jar:1.4.7-jenkins-1:provided
|  +- xpp3:xpp3:jar:1.1.4c:provided
|  +- net.sf.kxml:kxml2:jar:2.3.0:provided
|  +- jfree:jfreechart:jar:1.0.9:provided
|  |  \- jfree:jcommon:jar:1.0.12:provided
|  +- org.apache.ant:ant:jar:1.9.2:provided
|  |  \- org.apache.ant:ant-launcher:jar:1.9.2:provided
|  +- commons-io:commons-io:jar:2.4:provided
|  +- commons-lang:commons-lang:jar:2.6:provided
|  +- commons-digester:commons-digester:jar:2.1:provided
|  +- commons-beanutils:commons-beanutils:jar:1.8.3:provided
|  +- org.apache.commons:commons-compress:jar:1.10:provided
|  +- javax.mail:mail:jar:1.4.4:provided
|  +- org.jvnet.hudson:activation:jar:1.1.1-hudson-1:provided
|  +- jaxen:jaxen:jar:1.1-beta-11:provided
|  +- commons-jelly:commons-jelly-tags-fmt:jar:1.0:provided
|  +- commons-jelly:commons-jelly-tags-xml:jar:1.1:provided
|  +- org.jvnet.hudson:commons-jelly-tags-define:jar:1.0.1-hudson-20071021:provided
|  +- org.jenkins-ci:commons-jexl:jar:1.1-jenkins-20111212:provided
|  +- org.acegisecurity:acegi-security:jar:1.0.7:provided
|  |  +- org.springframework:spring-jdbc:jar:1.2.9:provided
|  |  |  \- org.springframework:spring-dao:jar:1.2.9:provided
|  |  +- oro:oro:jar:2.0.8:provided
|  |  \- log4j:log4j:jar:1.2.17:provided
|  +- org.codehaus.groovy:groovy-all:jar:2.4.11:provided
|  +- jline:jline:jar:2.12:provided
|  +- org.fusesource.jansi:jansi:jar:1.11:provided
|  +- org.springframework:spring-webmvc:jar:2.5.6.SEC03:provided
|  |  +- org.springframework:spring-beans:jar:2.5.6.SEC03:provided
|  |  +- org.springframework:spring-context:jar:2.5.6.SEC03:provided
|  |  +- org.springframework:spring-context-support:jar:2.5.6.SEC03:provided
|  |  \- org.springframework:spring-web:jar:2.5.6.SEC03:provided
|  +- org.springframework:spring-core:jar:2.5.6.SEC03:provided
|  +- org.springframework:spring-aop:jar:2.5.6.SEC03:provided
|  +- javax.servlet.jsp.jstl:javax.servlet.jsp.jstl-api:jar:1.2.1:provided
|  +- com.sun.xml.txw2:txw2:jar:20110809:provided
|  |  +- javax.xml.stream:stax-api:jar:1.0-2:provided
|  |  \- relaxngDatatype:relaxngDatatype:jar:20020414:provided
|  +- commons-collections:commons-collections:jar:3.2.2:provided
|  +- org.jvnet.winp:winp:jar:1.25:provided
|  +- org.jenkins-ci:memory-monitor:jar:1.9:provided
|  +- org.codehaus.woodstox:wstx-asl:jar:3.2.9:provided
|  |  \- stax:stax-api:jar:1.0.1:provided
|  +- org.jenkins-ci:jmdns:jar:3.4.0-jenkins-3:provided
|  +- net.java.dev.jna:jna:jar:4.2.1:provided
|  +- org.kohsuke:akuma:jar:1.10:provided
|  +- org.kohsuke:libpam4j:jar:1.8:provided
|  +- org.kohsuke:libzfs:jar:0.8:provided
|  +- com.sun.solaris:embedded_su4j:jar:1.1:provided
|  +- net.java.sezpoz:sezpoz:jar:1.12:provided
|  +- org.kohsuke.jinterop:j-interop:jar:2.0.6-kohsuke-1:provided
|  |  \- org.kohsuke.jinterop:j-interopdeps:jar:2.0.6-kohsuke-1:provided
|  |     \- org.samba.jcifs:jcifs:jar:1.2.19:provided
|  +- org.jvnet.robust-http-client:robust-http-client:jar:1.2:provided
|  +- commons-codec:commons-codec:jar:1.9:provided
|  +- commons-fileupload:commons-fileupload:jar:1.3.1-jenkins-2:provided
|  +- com.google.guava:guava:jar:11.0.1:provided
|  \- com.jcraft:jzlib:jar:1.1.3-kohsuke-1:provided
+- org.jenkins-ci.main:jenkins-war:executable-war:2.107.3:test
|  +- org.jenkins-ci.modules:instance-identity:jar:2.1:test
|  |  \- io.github.stephenc.crypto:self-signed-cert-generator:jar:1.0.0:test
|  +- org.jenkins-ci.modules:ssh-cli-auth:jar:1.4:test
|  +- org.jenkins-ci.modules:slave-installer:jar:1.6:test
|  +- org.jenkins-ci.modules:windows-slave-installer:jar:1.9.2:test
|  +- org.jenkins-ci.modules:launchd-slave-installer:jar:1.2:test
|  +- org.jenkins-ci.modules:upstart-slave-installer:jar:1.1:test
|  +- org.jenkins-ci.modules:systemd-slave-installer:jar:1.1:test
|  +- org.jenkins-ci.modules:sshd:jar:2.4:test
|  |  \- org.apache.sshd:sshd-core:jar:1.7.0:test
|  +- org.jenkins-ci.ui:jquery-detached:jar:core-assets:1.2.1:test
|  +- org.jenkins-ci.ui:bootstrap:jar:core-assets:1.3.2:test
|  \- org.jenkins-ci.ui:handlebars:jar:core-assets:1.1.1:test
+- org.jenkins-ci.main:jenkins-test-harness:jar:2.44:test
|  +- org.eclipse.jetty:jetty-webapp:jar:9.4.5.v20170502:test
|  |  +- org.eclipse.jetty:jetty-xml:jar:9.4.5.v20170502:test
|  |  |  \- org.eclipse.jetty:jetty-util:jar:9.4.5.v20170502:test
|  |  \- org.eclipse.jetty:jetty-servlet:jar:9.4.5.v20170502:test
|  +- org.eclipse.jetty:jetty-security:jar:9.4.5.v20170502:test
|  |  \- org.eclipse.jetty:jetty-server:jar:9.4.5.v20170502:test
|  |     +- org.eclipse.jetty:jetty-http:jar:9.4.5.v20170502:test
|  |     \- org.eclipse.jetty:jetty-io:jar:9.4.5.v20170502:test
|  +- org.hamcrest:hamcrest-library:jar:1.3:test
|  +- org.jenkins-ci.main:jenkins-test-harness-htmlunit:jar:2.31-1:test
|  |  +- xalan:xalan:jar:2.7.2:test
|  |  +- xalan:serializer:jar:2.7.2:test
|  |  +- org.apache.commons:commons-lang3:jar:3.7:test
|  |  +- org.apache.commons:commons-text:jar:1.3:test
|  |  +- xerces:xercesImpl:jar:2.11.0:test
|  |  +- xml-apis:xml-apis:jar:1.4.01:test
|  |  +- commons-net:commons-net:jar:3.6:test
|  |  +- org.eclipse.jetty.websocket:websocket-client:jar:9.4.10.v20180503:test
|  |  +- org.eclipse.jetty.websocket:websocket-common:jar:9.4.10.v20180503:test
|  |  \- org.eclipse.jetty.websocket:websocket-api:jar:9.4.10.v20180503:test
|  +- org.jvnet.hudson:embedded-rhino-debugger:jar:1.2:test
|  +- org.netbeans.modules:org-netbeans-insane:jar:RELEASE72:test
|  \- com.github.stephenc.findbugs:findbugs-annotations:jar:1.3.9-1:test
+- org.jenkins-ci:test-annotations:jar:1.2:test
+- junit:junit:jar:4.12:test
|  \- org.hamcrest:hamcrest-core:jar:1.3:test
+- org.slf4j:slf4j-api:jar:1.7.25:compile (optional) 
+- org.slf4j:log4j-over-slf4j:jar:1.7.25:test
+- org.slf4j:jcl-over-slf4j:jar:1.7.25:test
+- org.slf4j:slf4j-jdk14:jar:1.7.25:test
\- org.kohsuke:access-modifier-annotation:jar:1.15:provided

