WARNING: Your kernel does not support swap limit capabilities or the cgroup is not mounted. Memory limited without swap.
io.github.jhipster.registry:jhipster-registry:war:3.2.3
+- io.github.jhipster:jhipster:jar:1.1.13:compile
|  +- io.springfox:springfox-swagger2:jar:2.7.0:compile
|  |  +- io.swagger:swagger-annotations:jar:1.5.13:compile
|  |  +- io.swagger:swagger-models:jar:1.5.13:compile
|  |  |  +- (com.fasterxml.jackson.core:jackson-annotations:jar:2.8.0:compile - version managed from 2.8.5; omitted for duplicate)
|  |  |  +- (org.slf4j:slf4j-api:jar:1.7.25:compile - version managed from 1.7.24; omitted for duplicate)
|  |  |  \- (io.swagger:swagger-annotations:jar:1.5.13:compile - omitted for duplicate)
|  |  +- io.springfox:springfox-spi:jar:2.7.0:compile
|  |  |  \- io.springfox:springfox-core:jar:2.7.0:compile
|  |  |     +- net.bytebuddy:byte-buddy:jar:1.6.14:compile
|  |  |     +- (com.google.guava:guava:jar:23.0:compile - version managed from 18.0; omitted for duplicate)
|  |  |     +- (com.fasterxml:classmate:jar:1.3.4:compile - version managed from 1.3.3; omitted for duplicate)
|  |  |     +- (org.slf4j:slf4j-api:jar:1.7.25:compile - version managed from 1.7.24; omitted for duplicate)
|  |  |     +- (org.springframework.plugin:spring-plugin-core:jar:1.2.0.RELEASE:compile - omitted for duplicate)
|  |  |     \- (org.springframework.plugin:spring-plugin-metadata:jar:1.2.0.RELEASE:compile - omitted for duplicate)
|  |  +- io.springfox:springfox-schema:jar:2.7.0:compile
|  |  |  +- (io.springfox:springfox-core:jar:2.7.0:compile - omitted for duplicate)
|  |  |  \- (io.springfox:springfox-spi:jar:2.7.0:compile - omitted for duplicate)
|  |  +- io.springfox:springfox-swagger-common:jar:2.7.0:compile
|  |  |  +- (io.swagger:swagger-annotations:jar:1.5.13:compile - omitted for duplicate)
|  |  |  +- (io.swagger:swagger-models:jar:1.5.13:compile - omitted for duplicate)
|  |  |  +- (io.springfox:springfox-spi:jar:2.7.0:compile - omitted for duplicate)
|  |  |  +- (io.springfox:springfox-schema:jar:2.7.0:compile - omitted for duplicate)
|  |  |  +- (io.springfox:springfox-spring-web:jar:2.7.0:compile - omitted for duplicate)
|  |  |  +- (com.google.guava:guava:jar:23.0:compile - version managed from 18.0; omitted for duplicate)
|  |  |  +- (com.fasterxml:classmate:jar:1.3.4:compile - version managed from 1.3.3; omitted for duplicate)
|  |  |  +- (org.slf4j:slf4j-api:jar:1.7.25:compile - version managed from 1.7.24; omitted for duplicate)
|  |  |  +- (org.springframework.plugin:spring-plugin-core:jar:1.2.0.RELEASE:compile - omitted for duplicate)
|  |  |  \- (org.springframework.plugin:spring-plugin-metadata:jar:1.2.0.RELEASE:compile - omitted for duplicate)
|  |  +- io.springfox:springfox-spring-web:jar:2.7.0:compile
|  |  |  +- org.reflections:reflections:jar:0.9.11:compile
|  |  |  |  +- (com.google.guava:guava:jar:23.0:compile - version managed from 20.0; omitted for duplicate)
|  |  |  |  \- (org.javassist:javassist:jar:3.21.0-GA:compile - version managed from 3.16.1-GA; omitted for duplicate)
|  |  |  +- (com.google.guava:guava:jar:23.0:compile - version managed from 18.0; omitted for duplicate)
|  |  |  +- (com.fasterxml:classmate:jar:1.3.4:compile - version managed from 1.3.3; omitted for duplicate)
|  |  |  +- (org.slf4j:slf4j-api:jar:1.7.25:compile - version managed from 1.7.24; omitted for duplicate)
|  |  |  +- (org.springframework.plugin:spring-plugin-core:jar:1.2.0.RELEASE:compile - omitted for duplicate)
|  |  |  +- (org.springframework.plugin:spring-plugin-metadata:jar:1.2.0.RELEASE:compile - omitted for duplicate)
|  |  |  \- (io.springfox:springfox-spi:jar:2.7.0:compile - omitted for duplicate)
|  |  +- com.google.guava:guava:jar:23.0:compile
|  |  |  +- com.google.code.findbugs:jsr305:jar:3.0.2:compile (version managed from 1.3.9)
|  |  |  +- com.google.errorprone:error_prone_annotations:jar:2.0.18:compile
|  |  |  +- com.google.j2objc:j2objc-annotations:jar:1.1:compile
|  |  |  \- org.codehaus.mojo:animal-sniffer-annotations:jar:1.14:compile
|  |  +- com.fasterxml:classmate:jar:1.3.4:compile
|  |  +- (org.slf4j:slf4j-api:jar:1.7.25:compile - version managed from 1.7.22; omitted for duplicate)
|  |  +- org.springframework.plugin:spring-plugin-core:jar:1.2.0.RELEASE:compile
|  |  |  +- (org.springframework:spring-beans:jar:4.3.11.RELEASE:compile - version managed from 4.0.9.RELEASE; omitted for duplicate)
|  |  |  +- (org.springframework:spring-context:jar:4.3.11.RELEASE:compile - version managed from 4.0.9.RELEASE; omitted for duplicate)
|  |  |  +- (org.springframework:spring-aop:jar:4.3.11.RELEASE:compile - version managed from 4.0.9.RELEASE; omitted for duplicate)
|  |  |  \- (org.slf4j:slf4j-api:jar:1.7.25:compile - version managed from 1.7.10; omitted for duplicate)
|  |  \- org.springframework.plugin:spring-plugin-metadata:jar:1.2.0.RELEASE:compile
|  |     +- (org.springframework.plugin:spring-plugin-core:jar:1.2.0.RELEASE:compile - omitted for duplicate)
|  |     \- (org.slf4j:slf4j-api:jar:1.7.25:compile - version managed from 1.7.10; omitted for duplicate)
|  +- io.springfox:springfox-bean-validators:jar:2.7.0:compile
|  |  +- (com.google.guava:guava:jar:23.0:compile - version managed from 18.0; omitted for duplicate)
|  |  +- (com.fasterxml:classmate:jar:1.3.4:compile - version managed from 1.3.3; omitted for duplicate)
|  |  +- (org.slf4j:slf4j-api:jar:1.7.25:compile - version managed from 1.7.24; omitted for duplicate)
|  |  +- (org.springframework.plugin:spring-plugin-core:jar:1.2.0.RELEASE:compile - omitted for duplicate)
|  |  +- (org.springframework.plugin:spring-plugin-metadata:jar:1.2.0.RELEASE:compile - omitted for duplicate)
|  |  \- (io.springfox:springfox-spi:jar:2.7.0:compile - omitted for duplicate)
|  +- (org.springframework:spring-context-support:jar:4.3.11.RELEASE:compile - version managed from 4.1.6.RELEASE; omitted for duplicate)
|  +- (org.springframework.boot:spring-boot-autoconfigure:jar:1.5.7.RELEASE:compile - omitted for duplicate)
|  +- (org.springframework.boot:spring-boot-starter-aop:jar:1.5.7.RELEASE:compile - omitted for duplicate)
|  \- (org.springframework.boot:spring-boot-starter-web:jar:1.5.7.RELEASE:compile - omitted for duplicate)
+- io.dropwizard.metrics:metrics-core:jar:3.2.2:compile
|  \- org.slf4j:slf4j-api:jar:1.7.25:compile
+- io.dropwizard.metrics:metrics-annotation:jar:3.2.2:compile
|  \- (org.slf4j:slf4j-api:jar:1.7.25:compile - version managed from 1.7.22; omitted for duplicate)
+- io.dropwizard.metrics:metrics-json:jar:3.2.2:compile
|  +- (io.dropwizard.metrics:metrics-core:jar:3.2.2:compile - omitted for duplicate)
|  +- com.fasterxml.jackson.core:jackson-databind:jar:2.8.10:compile
|  |  +- (com.fasterxml.jackson.core:jackson-annotations:jar:2.8.0:compile - version managed from 2.8.5; omitted for duplicate)
|  |  \- (com.fasterxml.jackson.core:jackson-core:jar:2.8.10:compile - omitted for duplicate)
|  \- (org.slf4j:slf4j-api:jar:1.7.25:compile - version managed from 1.7.22; omitted for duplicate)
+- io.dropwizard.metrics:metrics-jvm:jar:3.2.2:compile
|  +- (io.dropwizard.metrics:metrics-core:jar:3.2.2:compile - omitted for duplicate)
|  \- (org.slf4j:slf4j-api:jar:1.7.25:compile - version managed from 1.7.22; omitted for duplicate)
+- io.dropwizard.metrics:metrics-servlet:jar:3.2.2:compile
|  +- (io.dropwizard.metrics:metrics-core:jar:3.2.2:compile - omitted for duplicate)
|  \- (org.slf4j:slf4j-api:jar:1.7.25:compile - version managed from 1.7.22; omitted for duplicate)
+- io.dropwizard.metrics:metrics-servlets:jar:3.2.2:compile
|  +- (io.dropwizard.metrics:metrics-core:jar:3.2.2:compile - omitted for duplicate)
|  +- io.dropwizard.metrics:metrics-healthchecks:jar:3.2.2:compile
|  |  \- (org.slf4j:slf4j-api:jar:1.7.25:compile - version managed from 1.7.22; omitted for duplicate)
|  +- (io.dropwizard.metrics:metrics-json:jar:3.2.2:compile - omitted for duplicate)
|  +- (io.dropwizard.metrics:metrics-jvm:jar:3.2.2:compile - omitted for duplicate)
|  +- com.papertrail:profiler:jar:1.0.2:compile
|  |  \- joda-time:joda-time:jar:2.9.9:compile (version managed from 2.9.1)
|  +- (com.fasterxml.jackson.core:jackson-databind:jar:2.8.10:compile - version managed from 2.6.6; omitted for duplicate)
|  \- (org.slf4j:slf4j-api:jar:1.7.25:compile - version managed from 1.7.22; omitted for duplicate)
+- com.fasterxml.jackson.datatype:jackson-datatype-hppc:jar:2.8.10:compile
|  +- com.fasterxml.jackson.core:jackson-core:jar:2.8.10:compile
|  +- (com.fasterxml.jackson.core:jackson-databind:jar:2.8.10:compile - version managed from 2.6.6; omitted for duplicate)
|  \- com.carrotsearch:hppc:jar:0.7.1:compile
+- com.fasterxml.jackson.datatype:jackson-datatype-jsr310:jar:2.8.10:compile
|  +- com.fasterxml.jackson.core:jackson-annotations:jar:2.8.0:compile
|  +- (com.fasterxml.jackson.core:jackson-core:jar:2.8.10:compile - omitted for duplicate)
|  \- (com.fasterxml.jackson.core:jackson-databind:jar:2.8.10:compile - version managed from 2.6.6; omitted for duplicate)
+- com.fasterxml.jackson.datatype:jackson-datatype-json-org:jar:2.8.10:compile
|  +- (com.fasterxml.jackson.core:jackson-core:jar:2.8.10:compile - omitted for duplicate)
|  +- (com.fasterxml.jackson.core:jackson-databind:jar:2.8.10:compile - version managed from 2.6.6; omitted for duplicate)
|  \- org.apache.geronimo.bundles:json:jar:20090211_1:compile
+- com.h2database:h2:jar:1.4.196:test
+- org.awaitility:awaitility:jar:2.0.0:test
|  +- org.hamcrest:hamcrest-library:jar:1.3:test
|  |  \- (org.hamcrest:hamcrest-core:jar:1.3:test - omitted for duplicate)
|  +- org.hamcrest:hamcrest-core:jar:1.3:test
|  +- cglib:cglib-nodep:jar:3.1:test
|  \- org.objenesis:objenesis:jar:2.5.1:test (version managed from 2.1)
+- com.jayway.jsonpath:json-path:jar:2.2.0:test
|  +- net.minidev:json-smart:jar:2.2.1:test
|  |  \- net.minidev:accessors-smart:jar:1.1:test
|  |     \- (org.ow2.asm:asm:jar:5.0.3:runtime - scope updated from test; omitted for duplicate)
|  \- (org.slf4j:slf4j-api:jar:1.7.25:test - version managed from 1.7.16; omitted for duplicate)
+- com.ryantenney.metrics:metrics-spring:jar:3.1.3:compile
|  +- (io.dropwizard.metrics:metrics-core:jar:3.2.2:compile - version managed from 3.1.2; omitted for duplicate)
|  +- (io.dropwizard.metrics:metrics-healthchecks:jar:3.1.2:compile - omitted for conflict with 3.2.2)
|  +- (io.dropwizard.metrics:metrics-annotation:jar:3.2.2:compile - version managed from 3.1.2; omitted for duplicate)
|  +- org.springframework:spring-core:jar:4.3.11.RELEASE:compile
|  +- org.springframework:spring-beans:jar:4.3.11.RELEASE:compile
|  |  \- (org.springframework:spring-core:jar:4.3.11.RELEASE:compile - version managed from 4.1.6.RELEASE; omitted for duplicate)
|  +- (org.springframework:spring-context-support:jar:4.3.11.RELEASE:compile - version managed from 4.1.6.RELEASE; omitted for duplicate)
|  +- org.springframework:spring-aop:jar:4.3.11.RELEASE:compile
|  |  +- (org.springframework:spring-beans:jar:4.3.11.RELEASE:compile - version managed from 4.1.6.RELEASE; omitted for duplicate)
|  |  \- (org.springframework:spring-core:jar:4.3.11.RELEASE:compile - version managed from 4.1.6.RELEASE; omitted for duplicate)
|  \- (org.slf4j:slf4j-api:jar:1.7.25:compile - version managed from 1.7.12; omitted for duplicate)
+- commons-codec:commons-codec:jar:1.10:compile
+- commons-io:commons-io:jar:2.5:compile
+- org.apache.commons:commons-lang3:jar:3.5:compile
+- net.jpountz.lz4:lz4:jar:1.3.0:compile
+- org.assertj:assertj-core:jar:3.6.2:test
+- org.mapstruct:mapstruct-jdk8:jar:1.1.0.Final:compile
+- org.springframework:spring-context-support:jar:4.3.11.RELEASE:compile
|  +- (org.springframework:spring-beans:jar:4.3.11.RELEASE:compile - version managed from 4.1.6.RELEASE; omitted for duplicate)
|  +- org.springframework:spring-context:jar:4.3.11.RELEASE:compile (version managed from 4.0.9.RELEASE)
|  |  +- (org.springframework:spring-aop:jar:4.3.11.RELEASE:compile - version managed from 4.1.6.RELEASE; omitted for duplicate)
|  |  +- (org.springframework:spring-beans:jar:4.3.11.RELEASE:compile - version managed from 4.1.6.RELEASE; omitted for duplicate)
|  |  +- (org.springframework:spring-core:jar:4.3.11.RELEASE:compile - version managed from 4.1.6.RELEASE; omitted for duplicate)
|  |  \- org.springframework:spring-expression:jar:4.3.11.RELEASE:compile
|  |     \- (org.springframework:spring-core:jar:4.3.11.RELEASE:compile - version managed from 4.1.6.RELEASE; omitted for duplicate)
|  \- (org.springframework:spring-core:jar:4.3.11.RELEASE:compile - version managed from 4.1.6.RELEASE; omitted for duplicate)
+- org.springframework.boot:spring-boot-actuator:jar:1.5.7.RELEASE:compile
|  +- org.springframework.boot:spring-boot:jar:1.5.7.RELEASE:compile
|  |  +- (org.springframework:spring-core:jar:4.3.11.RELEASE:compile - version managed from 4.1.6.RELEASE; omitted for duplicate)
|  |  \- (org.springframework:spring-context:jar:4.3.11.RELEASE:compile - version managed from 4.0.9.RELEASE; omitted for duplicate)
|  +- (org.springframework.boot:spring-boot-autoconfigure:jar:1.5.7.RELEASE:compile - omitted for duplicate)
|  +- (com.fasterxml.jackson.core:jackson-databind:jar:2.8.10:compile - version managed from 2.6.6; omitted for duplicate)
|  +- (org.springframework:spring-core:jar:4.3.11.RELEASE:compile - version managed from 4.1.6.RELEASE; omitted for duplicate)
|  \- (org.springframework:spring-context:jar:4.3.11.RELEASE:compile - version managed from 4.0.9.RELEASE; omitted for duplicate)
+- org.springframework.boot:spring-boot-autoconfigure:jar:1.5.7.RELEASE:compile
|  \- (org.springframework.boot:spring-boot:jar:1.5.7.RELEASE:compile - omitted for duplicate)
+- org.springframework.boot:spring-boot-configuration-processor:jar:1.5.7.RELEASE:compile
+- org.springframework.boot:spring-boot-loader-tools:jar:1.5.7.RELEASE:compile
|  \- (org.springframework:spring-core:jar:4.3.11.RELEASE:compile - version managed from 4.1.6.RELEASE; omitted for duplicate)
+- org.springframework.boot:spring-boot-starter-aop:jar:1.5.7.RELEASE:compile
|  +- org.springframework.boot:spring-boot-starter:jar:1.5.7.RELEASE:compile
|  |  +- (org.springframework.boot:spring-boot:jar:1.5.7.RELEASE:compile - omitted for duplicate)
|  |  +- (org.springframework.boot:spring-boot-autoconfigure:jar:1.5.7.RELEASE:compile - omitted for duplicate)
|  |  +- (org.springframework.boot:spring-boot-starter-logging:jar:1.5.7.RELEASE:compile - omitted for duplicate)
|  |  +- (org.springframework:spring-core:jar:4.3.11.RELEASE:compile - version managed from 4.1.6.RELEASE; omitted for duplicate)
|  |  \- (org.yaml:snakeyaml:jar:1.17:runtime - omitted for duplicate)
|  +- (org.springframework:spring-aop:jar:4.3.11.RELEASE:compile - version managed from 4.1.6.RELEASE; omitted for duplicate)
|  \- org.aspectj:aspectjweaver:jar:1.8.10:compile
+- org.springframework.boot:spring-boot-starter-logging:jar:1.5.7.RELEASE:compile
|  +- ch.qos.logback:logback-classic:jar:1.1.11:compile
|  |  +- ch.qos.logback:logback-core:jar:1.1.11:compile
|  |  \- (org.slf4j:slf4j-api:jar:1.7.25:compile - version managed from 1.7.22; omitted for duplicate)
|  +- org.slf4j:jcl-over-slf4j:jar:1.7.25:compile
|  |  \- (org.slf4j:slf4j-api:jar:1.7.25:compile - version managed from 1.7.22; omitted for duplicate)
|  +- org.slf4j:jul-to-slf4j:jar:1.7.25:compile
|  |  \- (org.slf4j:slf4j-api:jar:1.7.25:compile - version managed from 1.7.22; omitted for duplicate)
|  \- org.slf4j:log4j-over-slf4j:jar:1.7.25:compile
|     \- (org.slf4j:slf4j-api:jar:1.7.25:compile - version managed from 1.7.22; omitted for duplicate)
+- org.springframework.boot:spring-boot-starter-mail:jar:1.5.7.RELEASE:compile
|  +- (org.springframework.boot:spring-boot-starter:jar:1.5.7.RELEASE:compile - omitted for duplicate)
|  +- (org.springframework:spring-context:jar:4.3.11.RELEASE:compile - version managed from 4.0.9.RELEASE; omitted for duplicate)
|  +- (org.springframework:spring-context-support:jar:4.3.11.RELEASE:compile - version managed from 4.1.6.RELEASE; omitted for duplicate)
|  \- com.sun.mail:javax.mail:jar:1.5.6:compile
|     \- javax.activation:activation:jar:1.1.1:compile (version managed from 1.1)
+- org.springframework.boot:spring-boot-starter-security:jar:1.5.7.RELEASE:compile
|  +- (org.springframework.boot:spring-boot-starter:jar:1.5.7.RELEASE:compile - omitted for duplicate)
|  +- (org.springframework:spring-aop:jar:4.3.11.RELEASE:compile - version managed from 4.1.6.RELEASE; omitted for duplicate)
|  +- org.springframework.security:spring-security-config:jar:4.2.3.RELEASE:compile
|  |  +- (org.springframework.security:spring-security-core:jar:4.2.3.RELEASE:compile - version managed from 3.2.10.RELEASE; omitted for duplicate)
|  |  +- (org.springframework:spring-aop:jar:4.3.11.RELEASE:compile - version managed from 4.3.9.RELEASE; omitted for duplicate)
|  |  +- (org.springframework:spring-beans:jar:4.3.11.RELEASE:compile - version managed from 4.3.9.RELEASE; omitted for duplicate)
|  |  +- (org.springframework:spring-context:jar:4.3.11.RELEASE:compile - version managed from 4.3.9.RELEASE; omitted for duplicate)
|  |  \- (org.springframework:spring-core:jar:4.3.11.RELEASE:compile - version managed from 4.3.9.RELEASE; omitted for duplicate)
|  \- org.springframework.security:spring-security-web:jar:4.2.3.RELEASE:compile
|     +- (org.springframework.security:spring-security-core:jar:4.2.3.RELEASE:compile - omitted for duplicate)
|     +- (org.springframework:spring-beans:jar:4.3.11.RELEASE:compile - version managed from 4.3.9.RELEASE; omitted for duplicate)
|     +- (org.springframework:spring-context:jar:4.3.11.RELEASE:compile - version managed from 4.3.9.RELEASE; omitted for duplicate)
|     +- (org.springframework:spring-core:jar:4.3.11.RELEASE:compile - version managed from 4.3.9.RELEASE; omitted for duplicate)
|     +- (org.springframework:spring-expression:jar:4.3.11.RELEASE:compile - version managed from 4.3.9.RELEASE; omitted for duplicate)
|     \- (org.springframework:spring-web:jar:4.3.11.RELEASE:compile - version managed from 4.3.9.RELEASE; omitted for duplicate)
+- org.springframework.boot:spring-boot-starter-test:jar:1.5.7.RELEASE:test
|  +- (org.springframework.boot:spring-boot-test:jar:1.5.7.RELEASE:test - omitted for duplicate)
|  +- org.springframework.boot:spring-boot-test-autoconfigure:jar:1.5.7.RELEASE:test
|  |  +- (org.springframework.boot:spring-boot-test:jar:1.5.7.RELEASE:test - omitted for duplicate)
|  |  \- (org.springframework.boot:spring-boot-autoconfigure:jar:1.5.7.RELEASE:test - omitted for duplicate)
|  +- (com.jayway.jsonpath:json-path:jar:2.2.0:test - omitted for duplicate)
|  +- junit:junit:jar:4.12:test
|  |  \- (org.hamcrest:hamcrest-core:jar:1.3:test - omitted for duplicate)
|  +- (org.assertj:assertj-core:jar:3.6.2:test - version managed from 2.6.0; omitted for duplicate)
|  +- org.mockito:mockito-core:jar:1.10.19:test
|  |  +- (org.hamcrest:hamcrest-core:jar:1.3:test - version managed from 1.1; omitted for duplicate)
|  |  \- (org.objenesis:objenesis:jar:2.5.1:test - version managed from 2.1; omitted for duplicate)
|  +- (org.hamcrest:hamcrest-core:jar:1.3:test - version managed from 1.1; omitted for duplicate)
|  +- (org.hamcrest:hamcrest-library:jar:1.3:test - omitted for duplicate)
|  +- org.skyscreamer:jsonassert:jar:1.4.0:test
|  +- (org.springframework:spring-core:jar:4.3.11.RELEASE:test - version managed from 4.3.9.RELEASE; omitted for duplicate)
|  \- org.springframework:spring-test:jar:4.3.11.RELEASE:test
|     \- (org.springframework:spring-core:jar:4.3.11.RELEASE:test - version managed from 4.3.9.RELEASE; omitted for duplicate)
+- org.springframework.security:spring-security-test:jar:4.2.3.RELEASE:test
|  +- (org.springframework.security:spring-security-core:jar:4.2.3.RELEASE:compile - scope updated from test; omitted for duplicate)
|  +- (org.springframework.security:spring-security-web:jar:4.2.3.RELEASE:test - omitted for duplicate)
|  +- (org.springframework:spring-core:jar:4.3.11.RELEASE:test - version managed from 4.3.9.RELEASE; omitted for duplicate)
|  \- (org.springframework:spring-test:jar:4.3.11.RELEASE:test - version managed from 4.3.9.RELEASE; omitted for duplicate)
+- org.springframework.boot:spring-boot-test:jar:1.5.7.RELEASE:test
|  \- (org.springframework.boot:spring-boot:jar:1.5.7.RELEASE:test - omitted for duplicate)
+- org.springframework.boot:spring-boot-starter-thymeleaf:jar:1.5.7.RELEASE:compile
|  +- (org.springframework.boot:spring-boot-starter:jar:1.5.7.RELEASE:compile - omitted for duplicate)
|  +- (org.springframework.boot:spring-boot-starter-web:jar:1.5.7.RELEASE:compile - omitted for duplicate)
|  +- org.thymeleaf:thymeleaf-spring4:jar:2.1.5.RELEASE:compile
|  |  +- org.thymeleaf:thymeleaf:jar:2.1.5.RELEASE:compile
|  |  |  +- ognl:ognl:jar:3.0.8:compile
|  |  |  +- org.javassist:javassist:jar:3.21.0-GA:compile
|  |  |  +- org.unbescape:unbescape:jar:1.1.0.RELEASE:compile
|  |  |  \- (org.slf4j:slf4j-api:jar:1.7.25:compile - version managed from 1.6.6; omitted for duplicate)
|  |  \- (org.slf4j:slf4j-api:jar:1.7.25:compile - version managed from 1.6.6; omitted for duplicate)
|  \- nz.net.ultraq.thymeleaf:thymeleaf-layout-dialect:jar:1.4.0:compile
|     +- org.codehaus.groovy:groovy:jar:2.4.12:compile (version managed from 2.4.3)
|     \- (org.thymeleaf:thymeleaf:jar:2.1.5.RELEASE:compile - version managed from 2.1.4.RELEASE; omitted for duplicate)
+- org.springframework.boot:spring-boot-starter-web:jar:1.5.7.RELEASE:compile
|  +- (org.springframework.boot:spring-boot-starter:jar:1.5.7.RELEASE:compile - omitted for duplicate)
|  +- org.hibernate:hibernate-validator:jar:5.3.5.Final:compile
|  |  +- javax.validation:validation-api:jar:1.1.0.Final:compile
|  |  +- org.jboss.logging:jboss-logging:jar:3.3.1.Final:compile (version managed from 3.3.0.Final)
|  |  \- (com.fasterxml:classmate:jar:1.3.4:compile - version managed from 1.3.1; omitted for duplicate)
|  +- (com.fasterxml.jackson.core:jackson-databind:jar:2.8.10:compile - version managed from 2.6.6; omitted for duplicate)
|  +- org.springframework:spring-web:jar:4.3.11.RELEASE:compile (version managed from 4.3.9.RELEASE)
|  |  +- (org.springframework:spring-aop:jar:4.3.11.RELEASE:compile - version managed from 4.3.9.RELEASE; omitted for duplicate)
|  |  +- (org.springframework:spring-beans:jar:4.3.11.RELEASE:compile - version managed from 4.3.9.RELEASE; omitted for duplicate)
|  |  +- (org.springframework:spring-context:jar:4.3.11.RELEASE:compile - version managed from 4.3.9.RELEASE; omitted for duplicate)
|  |  \- (org.springframework:spring-core:jar:4.3.11.RELEASE:compile - version managed from 4.3.9.RELEASE; omitted for duplicate)
|  \- org.springframework:spring-webmvc:jar:4.3.11.RELEASE:compile
|     +- (org.springframework:spring-aop:jar:4.3.11.RELEASE:compile - version managed from 4.3.9.RELEASE; omitted for duplicate)
|     +- (org.springframework:spring-beans:jar:4.3.11.RELEASE:compile - version managed from 4.3.9.RELEASE; omitted for duplicate)
|     +- (org.springframework:spring-context:jar:4.3.11.RELEASE:compile - version managed from 4.3.9.RELEASE; omitted for duplicate)
|     +- (org.springframework:spring-core:jar:4.3.11.RELEASE:compile - version managed from 4.3.9.RELEASE; omitted for duplicate)
|     +- (org.springframework:spring-expression:jar:4.3.11.RELEASE:compile - version managed from 4.3.9.RELEASE; omitted for duplicate)
|     \- (org.springframework:spring-web:jar:4.3.11.RELEASE:compile - version managed from 4.3.9.RELEASE; omitted for duplicate)
+- io.jsonwebtoken:jjwt:jar:0.7.0:compile
|  \- (com.fasterxml.jackson.core:jackson-databind:jar:2.8.10:compile - version managed from 2.8.2; omitted for duplicate)
+- org.springframework.cloud:spring-cloud-starter-zuul:jar:1.3.5.RELEASE:compile
|  +- (org.springframework.cloud:spring-cloud-starter:jar:1.2.4.RELEASE:compile - omitted for duplicate)
|  +- (org.springframework.boot:spring-boot-starter-web:jar:1.5.7.RELEASE:compile - omitted for duplicate)
|  +- org.springframework.boot:spring-boot-starter-actuator:jar:1.5.7.RELEASE:compile
|  |  +- (org.springframework.boot:spring-boot-starter:jar:1.5.7.RELEASE:compile - omitted for duplicate)
|  |  \- (org.springframework.boot:spring-boot-actuator:jar:1.5.7.RELEASE:compile - omitted for duplicate)
|  +- (org.springframework.cloud:spring-cloud-starter-hystrix:jar:1.3.5.RELEASE:compile - omitted for duplicate)
|  +- (org.springframework.cloud:spring-cloud-starter-ribbon:jar:1.3.5.RELEASE:compile - omitted for duplicate)
|  +- org.springframework.cloud:spring-cloud-starter-archaius:jar:1.3.5.RELEASE:compile
|  |  +- (org.springframework.cloud:spring-cloud-starter:jar:1.2.4.RELEASE:compile - omitted for duplicate)
|  |  +- (org.springframework.cloud:spring-cloud-netflix-core:jar:1.3.5.RELEASE:compile - omitted for duplicate)
|  |  +- com.netflix.archaius:archaius-core:jar:0.7.4:compile (version managed from 0.4.1)
|  |  |  +- (com.google.code.findbugs:jsr305:jar:3.0.2:runtime - version managed from 3.0.1; omitted for duplicate)
|  |  |  +- (commons-configuration:commons-configuration:jar:1.8:runtime - omitted for duplicate)
|  |  |  +- (org.slf4j:slf4j-api:jar:1.7.25:runtime - version managed from 1.6.4; omitted for duplicate)
|  |  |  +- (com.google.guava:guava:jar:23.0:runtime - version managed from 16.0; omitted for duplicate)
|  |  |  +- (com.fasterxml.jackson.core:jackson-annotations:jar:2.8.0:runtime - version managed from 2.4.3; omitted for duplicate)
|  |  |  +- (com.fasterxml.jackson.core:jackson-core:jar:2.8.10:runtime - version managed from 2.4.3; omitted for duplicate)
|  |  |  \- (com.fasterxml.jackson.core:jackson-databind:jar:2.8.10:runtime - version managed from 2.4.3; omitted for duplicate)
|  |  +- commons-configuration:commons-configuration:jar:1.8:compile
|  |  |  \- commons-lang:commons-lang:jar:2.6:compile
|  |  +- (com.fasterxml.jackson.core:jackson-annotations:jar:2.8.0:compile - version managed from 2.4.3; omitted for duplicate)
|  |  +- (com.fasterxml.jackson.core:jackson-core:jar:2.8.10:compile - version managed from 2.4.3; omitted for duplicate)
|  |  +- (com.fasterxml.jackson.core:jackson-databind:jar:2.8.10:compile - version managed from 2.4.3; omitted for duplicate)
|  |  \- (com.google.guava:guava:jar:23.0:compile - version managed from 18.0; omitted for duplicate)
|  \- com.netflix.zuul:zuul-core:jar:1.3.0:compile
|     +- (commons-io:commons-io:jar:2.5:runtime - version managed from 2.4; omitted for duplicate)
|     +- (org.slf4j:slf4j-api:jar:1.7.25:runtime - version managed from 1.7.6; omitted for duplicate)
|     +- (com.netflix.archaius:archaius-core:jar:0.7.4:runtime - version managed from 0.6.0; omitted for duplicate)
|     +- (com.netflix.servo:servo-core:jar:0.10.1:compile - version managed from 0.7.5; scope updated from runtime; omitted for duplicate)
|     \- com.netflix.netflix-commons:netflix-commons-util:jar:0.1.1:runtime
|        \- (org.slf4j:slf4j-api:jar:1.7.25:runtime - version managed from 1.6.4; omitted for duplicate)
+- org.springframework.cloud:spring-cloud-starter:jar:1.2.4.RELEASE:compile
|  +- (org.springframework.boot:spring-boot-starter:jar:1.5.7.RELEASE:compile - omitted for duplicate)
|  +- org.springframework.cloud:spring-cloud-context:jar:1.2.4.RELEASE:compile
|  |  \- (org.springframework.security:spring-security-crypto:jar:4.2.3.RELEASE:compile - omitted for duplicate)
|  +- org.springframework.cloud:spring-cloud-commons:jar:1.2.4.RELEASE:compile
|  |  \- (org.springframework.security:spring-security-crypto:jar:4.2.3.RELEASE:compile - omitted for duplicate)
|  \- org.springframework.security:spring-security-rsa:jar:1.0.3.RELEASE:compile
|     \- (org.bouncycastle:bcpkix-jdk15on:jar:1.56:compile - version managed from 1.55; omitted for duplicate)
+- org.springframework.cloud:spring-cloud-starter-ribbon:jar:1.3.5.RELEASE:compile
|  +- (org.springframework.cloud:spring-cloud-starter:jar:1.2.4.RELEASE:compile - omitted for duplicate)
|  +- org.springframework.cloud:spring-cloud-netflix-core:jar:1.3.5.RELEASE:compile
|  |  +- (org.springframework.boot:spring-boot:jar:1.5.7.RELEASE:compile - omitted for duplicate)
|  |  \- (org.springframework.boot:spring-boot-autoconfigure:jar:1.5.7.RELEASE:compile - omitted for duplicate)
|  +- (org.springframework.cloud:spring-cloud-starter-archaius:jar:1.3.5.RELEASE:compile - omitted for duplicate)
|  +- com.netflix.ribbon:ribbon:jar:2.2.2:compile
|  |  +- (com.netflix.ribbon:ribbon-core:jar:2.2.2:runtime - omitted for duplicate)
|  |  +- com.netflix.ribbon:ribbon-transport:jar:2.2.2:runtime
|  |  |  +- (com.netflix.ribbon:ribbon-core:jar:2.2.2:runtime - omitted for duplicate)
|  |  |  +- (com.netflix.ribbon:ribbon-loadbalancer:jar:2.2.2:runtime - omitted for duplicate)
|  |  |  +- (io.reactivex:rxjava:jar:1.1.10:runtime - version managed from 1.0.10; omitted for duplicate)
|  |  |  +- (io.reactivex:rxnetty:jar:0.4.9:runtime - omitted for duplicate)
|  |  |  +- io.reactivex:rxnetty-contexts:jar:0.4.9:runtime
|  |  |  |  +- (io.reactivex:rxjava:jar:1.1.10:runtime - version managed from 1.0.10; omitted for duplicate)
|  |  |  |  \- (io.reactivex:rxnetty:jar:0.4.9:runtime - omitted for duplicate)
|  |  |  +- io.reactivex:rxnetty-servo:jar:0.4.9:runtime
|  |  |  |  +- (io.reactivex:rxjava:jar:1.1.10:runtime - version managed from 1.0.10; omitted for duplicate)
|  |  |  |  +- (io.reactivex:rxnetty:jar:0.4.9:runtime - omitted for duplicate)
|  |  |  |  \- (com.netflix.servo:servo-core:jar:0.10.1:runtime - version managed from 0.7.5; omitted for duplicate)
|  |  |  +- (javax.inject:javax.inject:jar:1:runtime - omitted for duplicate)
|  |  |  +- (org.slf4j:slf4j-api:jar:1.7.25:runtime - version managed from 1.7.12; omitted for duplicate)
|  |  |  +- (com.google.guava:guava:jar:23.0:runtime - version managed from 16.0.1; omitted for duplicate)
|  |  |  \- (com.netflix.archaius:archaius-core:jar:0.7.4:runtime - version managed from 0.6.0; omitted for duplicate)
|  |  +- (com.netflix.hystrix:hystrix-core:jar:1.5.12:runtime - version managed from 1.4.3; omitted for duplicate)
|  |  +- (javax.inject:javax.inject:jar:1:compile - scope updated from runtime; omitted for duplicate)
|  |  +- (io.reactivex:rxjava:jar:1.1.10:runtime - version managed from 1.0.9; omitted for duplicate)
|  |  +- io.reactivex:rxnetty:jar:0.4.9:runtime
|  |  |  +- (io.reactivex:rxjava:jar:1.1.10:runtime - version managed from 1.0.10; omitted for duplicate)
|  |  |  +- io.netty:netty-codec-http:jar:4.0.27.Final:runtime
|  |  |  |  +- io.netty:netty-codec:jar:4.0.27.Final:runtime
|  |  |  |  |  \- io.netty:netty-transport:jar:4.0.27.Final:runtime
|  |  |  |  |     \- (io.netty:netty-buffer:jar:4.0.27.Final:runtime - omitted for duplicate)
|  |  |  |  \- io.netty:netty-handler:jar:4.0.27.Final:runtime
|  |  |  |     +- io.netty:netty-buffer:jar:4.0.27.Final:runtime
|  |  |  |     |  \- io.netty:netty-common:jar:4.0.27.Final:runtime
|  |  |  |     +- (io.netty:netty-transport:jar:4.0.27.Final:runtime - omitted for duplicate)
|  |  |  |     \- (io.netty:netty-codec:jar:4.0.27.Final:runtime - omitted for duplicate)
|  |  |  \- (org.slf4j:slf4j-api:jar:1.7.25:runtime - version managed from 1.7.6; omitted for duplicate)
|  |  +- (commons-configuration:commons-configuration:jar:1.8:runtime - omitted for duplicate)
|  |  +- (com.google.guava:guava:jar:23.0:runtime - version managed from 16.0.1; omitted for duplicate)
|  |  \- (com.netflix.archaius:archaius-core:jar:0.7.4:runtime - version managed from 0.6.0; omitted for duplicate)
|  +- com.netflix.ribbon:ribbon-core:jar:2.2.2:compile
|  |  +- (org.slf4j:slf4j-api:jar:1.7.25:runtime - version managed from 1.6.4; omitted for duplicate)
|  |  +- (com.google.guava:guava:jar:23.0:runtime - version managed from 16.0; omitted for duplicate)
|  |  +- (commons-configuration:commons-configuration:jar:1.8:runtime - omitted for duplicate)
|  |  +- (commons-lang:commons-lang:jar:2.6:compile - scope updated from runtime; omitted for duplicate)
|  |  \- (com.netflix.archaius:archaius-core:jar:0.7.4:runtime - version managed from 0.6.0; omitted for duplicate)
|  +- com.netflix.ribbon:ribbon-httpclient:jar:2.2.2:compile
|  |  +- (com.netflix.ribbon:ribbon-core:jar:2.2.2:runtime - omitted for duplicate)
|  |  +- (com.netflix.ribbon:ribbon-loadbalancer:jar:2.2.2:runtime - omitted for duplicate)
|  |  +- commons-collections:commons-collections:jar:3.2.2:runtime (version managed from 3.2.1)
|  |  +- (org.apache.httpcomponents:httpclient:jar:4.5.3:compile - version managed from 4.1.3; scope updated from runtime; omitted for duplicate)
|  |  +- com.sun.jersey:jersey-client:jar:1.19.1:runtime
|  |  |  \- (com.sun.jersey:jersey-core:jar:1.19.1:compile - scope updated from runtime; omitted for duplicate)
|  |  +- com.sun.jersey.contribs:jersey-apache-client4:jar:1.19.1:runtime
|  |  |  +- (org.apache.httpcomponents:httpclient:jar:4.5.3:runtime - version managed from 4.1.1; omitted for duplicate)
|  |  |  \- (com.sun.jersey:jersey-client:jar:1.19.1:runtime - omitted for duplicate)
|  |  +- (org.slf4j:slf4j-api:jar:1.7.25:runtime - version managed from 1.7.12; omitted for duplicate)
|  |  +- (com.netflix.servo:servo-core:jar:0.10.1:runtime - version managed from 0.7.5; omitted for duplicate)
|  |  +- (com.google.guava:guava:jar:23.0:runtime - version managed from 16.0.1; omitted for duplicate)
|  |  +- (com.netflix.archaius:archaius-core:jar:0.7.4:runtime - version managed from 0.6.0; omitted for duplicate)
|  |  \- (com.netflix.netflix-commons:netflix-commons-util:jar:0.1.1:runtime - omitted for duplicate)
|  +- com.netflix.ribbon:ribbon-loadbalancer:jar:2.2.2:compile
|  |  +- (com.netflix.ribbon:ribbon-core:jar:2.2.2:runtime - omitted for duplicate)
|  |  +- com.netflix.netflix-commons:netflix-statistics:jar:0.1.1:runtime
|  |  |  \- (org.slf4j:slf4j-api:jar:1.7.25:runtime - version managed from 1.6.4; omitted for duplicate)
|  |  +- (io.reactivex:rxjava:jar:1.1.10:runtime - version managed from 1.0.9; omitted for duplicate)
|  |  +- (org.slf4j:slf4j-api:jar:1.7.25:runtime - version managed from 1.7.12; omitted for duplicate)
|  |  +- (com.netflix.servo:servo-core:jar:0.10.1:runtime - version managed from 0.7.5; omitted for duplicate)
|  |  +- (com.google.guava:guava:jar:23.0:runtime - version managed from 16.0.1; omitted for duplicate)
|  |  +- (com.netflix.archaius:archaius-core:jar:0.7.4:runtime - version managed from 0.6.0; omitted for duplicate)
|  |  \- (com.netflix.netflix-commons:netflix-commons-util:jar:0.1.1:runtime - omitted for duplicate)
|  \- io.reactivex:rxjava:jar:1.1.10:compile
+- org.springframework.cloud:spring-cloud-starter-hystrix:jar:1.3.5.RELEASE:compile
|  +- (org.springframework.cloud:spring-cloud-starter:jar:1.2.4.RELEASE:compile - omitted for duplicate)
|  +- (org.springframework.cloud:spring-cloud-netflix-core:jar:1.3.5.RELEASE:compile - omitted for duplicate)
|  +- (org.springframework.cloud:spring-cloud-starter-archaius:jar:1.3.5.RELEASE:compile - omitted for duplicate)
|  +- com.netflix.hystrix:hystrix-core:jar:1.5.12:compile (version managed from 1.4.3)
|  |  +- (org.slf4j:slf4j-api:jar:1.7.25:runtime - version managed from 1.7.0; omitted for duplicate)
|  |  +- (com.netflix.archaius:archaius-core:jar:0.7.4:compile - version managed from 0.4.1; omitted for duplicate)
|  |  +- (io.reactivex:rxjava:jar:1.1.10:compile - version managed from 1.2.0; omitted for duplicate)
|  |  \- org.hdrhistogram:HdrHistogram:jar:2.1.9:compile
|  +- com.netflix.hystrix:hystrix-metrics-event-stream:jar:1.5.12:compile
|  |  +- com.netflix.hystrix:hystrix-serialization:jar:1.5.12:runtime
|  |  |  +- com.fasterxml.jackson.module:jackson-module-afterburner:jar:2.8.10:runtime (version managed from 2.7.5)
|  |  |  |  +- (com.fasterxml.jackson.core:jackson-core:jar:2.8.10:runtime - version managed from 2.4.3; omitted for duplicate)
|  |  |  |  \- (com.fasterxml.jackson.core:jackson-databind:jar:2.8.10:runtime - version managed from 2.4.3; omitted for duplicate)
|  |  |  +- (com.netflix.hystrix:hystrix-core:jar:1.5.12:runtime - version managed from 1.4.3; omitted for duplicate)
|  |  |  +- (com.fasterxml.jackson.core:jackson-core:jar:2.8.10:runtime - version managed from 2.7.5; omitted for duplicate)
|  |  |  +- (com.fasterxml.jackson.core:jackson-databind:jar:2.8.10:runtime - version managed from 2.7.5; omitted for duplicate)
|  |  |  \- (com.fasterxml.jackson.core:jackson-annotations:jar:2.8.0:runtime - version managed from 2.7.5; omitted for duplicate)
|  |  \- (com.netflix.hystrix:hystrix-core:jar:1.5.12:compile - version managed from 1.4.3; omitted for duplicate)
|  \- com.netflix.hystrix:hystrix-javanica:jar:1.5.12:compile
|     +- (org.apache.commons:commons-lang3:jar:3.5:runtime - version managed from 3.1; omitted for duplicate)
|     +- org.ow2.asm:asm:jar:5.0.4:runtime
|     +- (com.netflix.hystrix:hystrix-core:jar:1.5.12:compile - version managed from 1.4.3; omitted for duplicate)
|     +- (org.aspectj:aspectjweaver:jar:1.8.10:compile - version managed from 1.8.6; omitted for duplicate)
|     \- (com.google.guava:guava:jar:23.0:compile - version managed from 15.0; omitted for duplicate)
+- org.springframework.cloud:spring-cloud-starter-spectator:jar:1.3.5.RELEASE:compile
|  +- (org.springframework.cloud:spring-cloud-starter:jar:1.2.4.RELEASE:compile - omitted for duplicate)
|  \- org.springframework.cloud:spring-cloud-netflix-spectator:jar:1.3.5.RELEASE:compile
|     +- (org.springframework.boot:spring-boot:jar:1.5.7.RELEASE:compile - omitted for duplicate)
|     +- (org.springframework.boot:spring-boot-autoconfigure:jar:1.5.7.RELEASE:compile - omitted for duplicate)
|     +- (org.springframework.boot:spring-boot-starter-actuator:jar:1.5.7.RELEASE:compile - omitted for duplicate)
|     +- (org.springframework.cloud:spring-cloud-netflix-core:jar:1.3.5.RELEASE:compile - omitted for duplicate)
|     +- (org.springframework:spring-webmvc:jar:4.3.11.RELEASE:compile - omitted for duplicate)
|     +- com.netflix.servo:servo-core:jar:0.10.1:compile
|     |  +- (org.slf4j:slf4j-api:jar:1.7.25:runtime - version managed from 1.7.12; omitted for duplicate)
|     |  +- (com.google.guava:guava:jar:23.0:runtime - version managed from 16.0.1; omitted for duplicate)
|     |  \- com.netflix.servo:servo-internal:jar:0.10.1:runtime
|     |     +- (org.slf4j:slf4j-api:jar:1.7.25:runtime - version managed from 1.7.12; omitted for duplicate)
|     |     \- (com.google.guava:guava:jar:23.0:runtime - version managed from 16.0.1; omitted for duplicate)
|     +- com.netflix.spectator:spectator-api:jar:0.30.0:compile
|     |  \- (org.slf4j:slf4j-api:jar:1.7.25:runtime - version managed from 1.7.12; omitted for duplicate)
|     \- com.netflix.spectator:spectator-reg-servo:jar:0.30.0:compile
|        +- (org.slf4j:slf4j-api:jar:1.7.25:runtime - version managed from 1.7.12; omitted for duplicate)
|        +- (com.netflix.spectator:spectator-api:jar:0.30.0:runtime - omitted for duplicate)
|        \- (com.netflix.servo:servo-core:jar:0.10.1:runtime - version managed from 0.9.4; omitted for duplicate)
+- org.springframework.retry:spring-retry:jar:1.2.1.RELEASE:compile
|  \- (org.springframework:spring-core:jar:4.3.11.RELEASE:compile - version managed from 4.3.9.RELEASE; omitted for duplicate)
+- org.springframework.cloud:spring-cloud-starter-eureka-server:jar:1.3.5.RELEASE:compile
|  +- (org.springframework.cloud:spring-cloud-starter:jar:1.2.4.RELEASE:compile - omitted for duplicate)
|  +- org.springframework.cloud:spring-cloud-netflix-eureka-server:jar:1.3.5.RELEASE:compile
|  |  +- (org.springframework.boot:spring-boot-starter-web:jar:1.5.7.RELEASE:compile - omitted for duplicate)
|  |  +- (org.springframework.boot:spring-boot-starter-actuator:jar:1.5.7.RELEASE:compile - omitted for duplicate)
|  |  +- org.springframework.boot:spring-boot-starter-freemarker:jar:1.5.7.RELEASE:compile
|  |  |  +- (org.springframework.boot:spring-boot-starter:jar:1.5.7.RELEASE:compile - omitted for duplicate)
|  |  |  +- (org.springframework.boot:spring-boot-starter-web:jar:1.5.7.RELEASE:compile - omitted for duplicate)
|  |  |  +- org.freemarker:freemarker:jar:2.3.26-incubating:compile
|  |  |  \- (org.springframework:spring-context-support:jar:4.3.11.RELEASE:compile - version managed from 4.1.6.RELEASE; omitted for duplicate)
|  |  +- (org.springframework.cloud:spring-cloud-commons:jar:1.2.4.RELEASE:compile - omitted for duplicate)
|  |  +- (org.springframework.cloud:spring-cloud-netflix-core:jar:1.3.5.RELEASE:compile - omitted for duplicate)
|  |  +- org.springframework.cloud:spring-cloud-netflix-eureka-client:jar:1.3.5.RELEASE:compile
|  |  |  \- (org.springframework.cloud:spring-cloud-netflix-core:jar:1.3.5.RELEASE:compile - omitted for duplicate)
|  |  +- com.netflix.eureka:eureka-client:jar:1.6.2:compile
|  |  |  +- org.codehaus.jettison:jettison:jar:1.2:runtime (version managed from 1.3.7)
|  |  |  |  \- stax:stax-api:jar:1.0.1:runtime
|  |  |  +- com.netflix.netflix-commons:netflix-eventbus:jar:0.3.0:runtime
|  |  |  |  +- (org.slf4j:slf4j-api:jar:1.7.25:runtime - version managed from 1.6.4; omitted for duplicate)
|  |  |  |  +- com.netflix.netflix-commons:netflix-infix:jar:0.3.0:runtime
|  |  |  |  |  +- (org.slf4j:slf4j-api:jar:1.7.25:runtime - version managed from 1.6.4; omitted for duplicate)
|  |  |  |  |  +- commons-jxpath:commons-jxpath:jar:1.3:runtime
|  |  |  |  |  +- (joda-time:joda-time:jar:2.9.9:runtime - version managed from 2.3; omitted for duplicate)
|  |  |  |  |  +- org.antlr:antlr-runtime:jar:3.5.2:runtime (version managed from 3.4)
|  |  |  |  |  +- (com.google.guava:guava:jar:23.0:runtime - version managed from 14.0.1; omitted for duplicate)
|  |  |  |  |  \- com.google.code.gson:gson:jar:2.8.1:runtime (version managed from 2.1)
|  |  |  |  +- (com.netflix.servo:servo-core:jar:0.10.1:runtime - version managed from 0.5.3; omitted for duplicate)
|  |  |  |  +- (com.netflix.archaius:archaius-core:jar:0.7.4:runtime - version managed from 0.3.3; omitted for duplicate)
|  |  |  |  \- org.apache.commons:commons-math:jar:2.2:runtime
|  |  |  +- (com.thoughtworks.xstream:xstream:jar:1.4.10:runtime - version managed from 1.4.9; omitted for duplicate)
|  |  |  +- (com.netflix.archaius:archaius-core:jar:0.7.4:runtime - version managed from 0.7.3; omitted for duplicate)
|  |  |  +- (javax.ws.rs:jsr311-api:jar:1.1.1:compile - scope updated from runtime; omitted for duplicate)
|  |  |  +- (com.netflix.servo:servo-core:jar:0.10.1:runtime - version managed from 0.5.3; omitted for duplicate)
|  |  |  +- (com.sun.jersey:jersey-core:jar:1.19.1:runtime - omitted for duplicate)
|  |  |  +- (com.sun.jersey:jersey-client:jar:1.19.1:runtime - omitted for duplicate)
|  |  |  +- (com.sun.jersey.contribs:jersey-apache-client4:jar:1.19.1:runtime - omitted for duplicate)
|  |  |  +- (org.apache.httpcomponents:httpclient:jar:4.5.3:runtime - version managed from 4.3.4; omitted for duplicate)
|  |  |  +- com.google.inject:guice:jar:3.0:runtime (version managed from 4.1.0)
|  |  |  |  +- (javax.inject:javax.inject:jar:1:runtime - omitted for duplicate)
|  |  |  |  \- (aopalliance:aopalliance:jar:1.0:runtime - omitted for duplicate)
|  |  |  +- (com.fasterxml.jackson.core:jackson-annotations:jar:2.8.0:runtime - version managed from 2.5.4; omitted for duplicate)
|  |  |  +- (com.fasterxml.jackson.core:jackson-core:jar:2.8.10:runtime - version managed from 2.5.4; omitted for duplicate)
|  |  |  \- (com.fasterxml.jackson.core:jackson-databind:jar:2.8.10:runtime - version managed from 2.5.4; omitted for duplicate)
|  |  +- com.sun.jersey:jersey-servlet:jar:1.19.1:compile
|  |  |  \- (com.sun.jersey:jersey-server:jar:1.19.1:compile - omitted for duplicate)
|  |  +- com.sun.jersey:jersey-server:jar:1.19.1:compile
|  |  |  \- com.sun.jersey:jersey-core:jar:1.19.1:compile
|  |  |     \- javax.ws.rs:jsr311-api:jar:1.1.1:compile
|  |  +- com.netflix.eureka:eureka-core:jar:1.6.2:compile
|  |  |  +- (com.netflix.eureka:eureka-client:jar:1.6.2:runtime - omitted for duplicate)
|  |  |  +- (com.thoughtworks.xstream:xstream:jar:1.4.10:runtime - version managed from 1.4.9; omitted for duplicate)
|  |  |  +- (javax.ws.rs:jsr311-api:jar:1.1.1:compile - scope updated from runtime; omitted for duplicate)
|  |  |  \- org.codehaus.woodstox:woodstox-core-asl:jar:4.4.1:runtime
|  |  |     +- javax.xml.stream:stax-api:jar:1.0-2:runtime
|  |  |     \- (org.codehaus.woodstox:stax2-api:jar:3.1.4:runtime - omitted for duplicate)
|  |  +- (com.netflix.archaius:archaius-core:jar:0.7.4:compile - version managed from 0.7.3; omitted for duplicate)
|  |  +- javax.inject:javax.inject:jar:1:compile
|  |  +- com.fasterxml.jackson.dataformat:jackson-dataformat-xml:jar:2.8.10:compile
|  |  |  +- (com.fasterxml.jackson.core:jackson-core:jar:2.8.10:compile - version managed from 2.5.4; omitted for duplicate)
|  |  |  +- (com.fasterxml.jackson.core:jackson-annotations:jar:2.8.0:compile - version managed from 2.5.4; omitted for duplicate)
|  |  |  +- (com.fasterxml.jackson.core:jackson-databind:jar:2.8.10:compile - version managed from 2.5.4; omitted for duplicate)
|  |  |  +- com.fasterxml.jackson.module:jackson-module-jaxb-annotations:jar:2.8.10:compile
|  |  |  |  +- (com.fasterxml.jackson.core:jackson-core:jar:2.8.10:compile - version managed from 2.5.4; omitted for duplicate)
|  |  |  |  +- (com.fasterxml.jackson.core:jackson-annotations:jar:2.8.0:compile - version managed from 2.5.4; omitted for duplicate)
|  |  |  |  \- (com.fasterxml.jackson.core:jackson-databind:jar:2.8.10:compile - version managed from 2.5.4; omitted for duplicate)
|  |  |  +- org.codehaus.woodstox:stax2-api:jar:3.1.4:compile
|  |  |  \- com.fasterxml.woodstox:woodstox-core:jar:5.0.3:compile
|  |  |     \- (org.codehaus.woodstox:stax2-api:jar:3.1.4:compile - omitted for duplicate)
|  |  \- com.thoughtworks.xstream:xstream:jar:1.4.10:compile
|  |     +- xmlpull:xmlpull:jar:1.1.3.1:compile
|  |     \- xpp3:xpp3_min:jar:1.1.4c:compile
|  +- (org.springframework.cloud:spring-cloud-starter-archaius:jar:1.3.5.RELEASE:compile - omitted for duplicate)
|  +- (org.springframework.cloud:spring-cloud-starter-ribbon:jar:1.3.5.RELEASE:compile - omitted for duplicate)
|  \- com.netflix.ribbon:ribbon-eureka:jar:2.2.2:compile
|     +- (com.netflix.ribbon:ribbon-core:jar:2.2.2:runtime - omitted for duplicate)
|     +- (com.netflix.ribbon:ribbon-loadbalancer:jar:2.2.2:runtime - omitted for duplicate)
|     +- (com.netflix.eureka:eureka-client:jar:1.6.2:runtime - version managed from 1.4.6; omitted for duplicate)
|     +- (org.slf4j:slf4j-api:jar:1.7.25:runtime - version managed from 1.7.12; omitted for duplicate)
|     \- (com.netflix.archaius:archaius-core:jar:0.7.4:runtime - version managed from 0.7.3; omitted for duplicate)
+- org.springframework.cloud:spring-cloud-starter-config:jar:1.3.3.RELEASE:compile
|  +- (org.springframework.cloud:spring-cloud-starter:jar:1.2.4.RELEASE:compile - omitted for duplicate)
|  +- org.springframework.cloud:spring-cloud-config-client:jar:1.3.3.RELEASE:compile
|  |  +- (org.springframework.boot:spring-boot-autoconfigure:jar:1.5.7.RELEASE:compile - omitted for duplicate)
|  |  +- (org.springframework.cloud:spring-cloud-commons:jar:1.2.4.RELEASE:compile - omitted for duplicate)
|  |  +- (org.springframework.cloud:spring-cloud-context:jar:1.2.4.RELEASE:compile - omitted for duplicate)
|  |  +- (org.springframework:spring-web:jar:4.3.11.RELEASE:compile - version managed from 4.3.9.RELEASE; omitted for duplicate)
|  |  +- (com.fasterxml.jackson.core:jackson-annotations:jar:2.8.0:compile - version managed from 2.5.4; omitted for duplicate)
|  |  \- (com.fasterxml.jackson.core:jackson-databind:jar:2.8.10:compile - version managed from 2.5.4; omitted for duplicate)
|  \- (com.fasterxml.jackson.core:jackson-databind:jar:2.8.10:compile - version managed from 2.5.4; omitted for duplicate)
+- org.springframework.cloud:spring-cloud-config-server:jar:1.3.3.RELEASE:compile
|  +- (org.springframework.cloud:spring-cloud-config-client:jar:1.3.3.RELEASE:compile - omitted for duplicate)
|  +- (org.springframework.boot:spring-boot-starter-actuator:jar:1.5.7.RELEASE:compile - omitted for duplicate)
|  +- (org.springframework.boot:spring-boot-starter-web:jar:1.5.7.RELEASE:compile - omitted for duplicate)
|  +- org.springframework.security:spring-security-crypto:jar:4.2.3.RELEASE:compile
|  +- (org.springframework.security:spring-security-rsa:jar:1.0.3.RELEASE:compile - omitted for duplicate)
|  +- org.eclipse.jgit:org.eclipse.jgit:jar:3.6.1.201501031845-r:compile
|  |  +- com.jcraft:jsch:jar:0.1.54:compile (version managed from 0.1.50)
|  |  +- com.googlecode.javaewah:JavaEWAH:jar:0.7.9:compile
|  |  \- org.apache.httpcomponents:httpclient:jar:4.5.3:compile
|  |     +- org.apache.httpcomponents:httpcore:jar:4.4.6:compile
|  |     \- (commons-codec:commons-codec:jar:1.10:compile - version managed from 1.9; omitted for duplicate)
|  \- org.yaml:snakeyaml:jar:1.17:compile
+- org.springframework.cloud:spring-cloud-starter-feign:jar:1.3.5.RELEASE:compile
|  +- (org.springframework.cloud:spring-cloud-starter:jar:1.2.4.RELEASE:compile - omitted for duplicate)
|  +- (org.springframework.cloud:spring-cloud-netflix-core:jar:1.3.5.RELEASE:compile - omitted for duplicate)
|  +- (org.springframework:spring-web:jar:4.3.11.RELEASE:compile - version managed from 4.3.9.RELEASE; omitted for duplicate)
|  +- (org.springframework.cloud:spring-cloud-commons:jar:1.2.4.RELEASE:compile - omitted for duplicate)
|  +- io.github.openfeign:feign-core:jar:9.5.0:compile
|  |  \- org.jvnet:animal-sniffer-annotation:jar:1.0:compile
|  +- io.github.openfeign:feign-slf4j:jar:9.5.0:compile
|  |  +- (io.github.openfeign:feign-core:jar:9.5.0:compile - omitted for duplicate)
|  |  \- (org.slf4j:slf4j-api:jar:1.7.25:compile - version managed from 1.7.13; omitted for duplicate)
|  +- io.github.openfeign:feign-hystrix:jar:9.5.0:compile
|  |  +- (io.github.openfeign:feign-core:jar:9.5.0:compile - omitted for duplicate)
|  |  +- (com.netflix.archaius:archaius-core:jar:0.7.4:compile - version managed from 0.6.6; omitted for duplicate)
|  |  \- (com.netflix.hystrix:hystrix-core:jar:1.5.12:compile - version managed from 1.4.26; omitted for duplicate)
|  +- (org.springframework.cloud:spring-cloud-starter-ribbon:jar:1.3.5.RELEASE:compile - omitted for duplicate)
|  \- (org.springframework.cloud:spring-cloud-starter-archaius:jar:1.3.5.RELEASE:compile - omitted for duplicate)
+- net.logstash.logback:logstash-logback-encoder:jar:4.11:compile
|  \- (com.fasterxml.jackson.core:jackson-databind:jar:2.8.10:compile - version managed from 2.8.9; omitted for duplicate)
+- org.springframework.boot:spring-boot-starter-cloud-connectors:jar:1.5.7.RELEASE:compile
|  +- (org.springframework.boot:spring-boot-starter:jar:1.5.7.RELEASE:compile - omitted for duplicate)
|  +- org.springframework.cloud:spring-cloud-spring-service-connector:jar:1.2.4.RELEASE:compile
|  |  +- org.springframework.cloud:spring-cloud-core:jar:1.2.4.RELEASE:compile
|  |  \- (org.springframework:spring-context:jar:4.3.11.RELEASE:compile - version managed from 3.1.4.RELEASE; omitted for duplicate)
|  +- org.springframework.cloud:spring-cloud-cloudfoundry-connector:jar:1.2.4.RELEASE:compile
|  |  \- (org.springframework.cloud:spring-cloud-core:jar:1.2.4.RELEASE:compile - omitted for duplicate)
|  +- org.springframework.cloud:spring-cloud-heroku-connector:jar:1.2.4.RELEASE:compile
|  |  \- (org.springframework.cloud:spring-cloud-core:jar:1.2.4.RELEASE:compile - omitted for duplicate)
|  \- org.springframework.cloud:spring-cloud-localconfig-connector:jar:1.2.4.RELEASE:compile
|     +- (org.apache.commons:commons-lang3:jar:3.5:compile - version managed from 3.3.2; omitted for duplicate)
|     \- (org.springframework.cloud:spring-cloud-core:jar:1.2.4.RELEASE:compile - omitted for duplicate)
+- org.springframework.security.oauth:spring-security-oauth2:jar:2.0.14.RELEASE:compile
|  +- (org.springframework:spring-beans:jar:4.3.11.RELEASE:compile - version managed from 4.0.9.RELEASE; omitted for duplicate)
|  +- (org.springframework:spring-core:jar:4.3.11.RELEASE:compile - version managed from 4.0.9.RELEASE; omitted for duplicate)
|  +- (org.springframework:spring-context:jar:4.3.11.RELEASE:compile - version managed from 4.0.9.RELEASE; omitted for duplicate)
|  +- (org.springframework:spring-webmvc:jar:4.3.11.RELEASE:compile - version managed from 4.0.9.RELEASE; omitted for duplicate)
|  +- org.springframework.security:spring-security-core:jar:4.2.3.RELEASE:compile
|  |  +- aopalliance:aopalliance:jar:1.0:compile
|  |  +- (org.springframework:spring-aop:jar:4.3.11.RELEASE:compile - version managed from 4.3.9.RELEASE; omitted for duplicate)
|  |  +- (org.springframework:spring-beans:jar:4.3.11.RELEASE:compile - version managed from 4.3.9.RELEASE; omitted for duplicate)
|  |  +- (org.springframework:spring-context:jar:4.3.11.RELEASE:compile - version managed from 4.3.9.RELEASE; omitted for duplicate)
|  |  +- (org.springframework:spring-core:jar:4.3.11.RELEASE:compile - version managed from 4.3.9.RELEASE; omitted for duplicate)
|  |  \- (org.springframework:spring-expression:jar:4.3.11.RELEASE:compile - version managed from 4.3.9.RELEASE; omitted for duplicate)
|  +- (org.springframework.security:spring-security-config:jar:4.2.3.RELEASE:compile - version managed from 3.2.10.RELEASE; omitted for duplicate)
|  +- (org.springframework.security:spring-security-web:jar:4.2.3.RELEASE:compile - version managed from 3.2.10.RELEASE; omitted for duplicate)
|  +- (commons-codec:commons-codec:jar:1.10:compile - version managed from 1.9; omitted for duplicate)
|  \- org.codehaus.jackson:jackson-mapper-asl:jar:1.9.13:compile
|     \- org.codehaus.jackson:jackson-core-asl:jar:1.9.13:compile
+- org.springframework.security:spring-security-jwt:jar:1.0.8.RELEASE:compile
|  \- org.bouncycastle:bcpkix-jdk15on:jar:1.56:compile
|     \- org.bouncycastle:bcprov-jdk15on:jar:1.56:compile
+- org.springframework.security:spring-security-data:jar:4.2.3.RELEASE:compile
|  +- org.springframework.data:spring-data-commons:jar:1.13.7.RELEASE:compile (version managed from 1.12.2.RELEASE)
|  |  +- (org.springframework:spring-core:jar:4.3.11.RELEASE:compile - version managed from 4.3.9.RELEASE; omitted for duplicate)
|  |  +- (org.springframework:spring-beans:jar:4.3.11.RELEASE:compile - version managed from 4.3.9.RELEASE; omitted for duplicate)
|  |  +- (org.slf4j:slf4j-api:jar:1.7.25:compile - version managed from 1.7.13; omitted for duplicate)
|  |  \- (org.slf4j:jcl-over-slf4j:jar:1.7.25:runtime - omitted for duplicate)
|  +- (org.springframework.security:spring-security-core:jar:4.2.3.RELEASE:compile - version managed from 3.2.10.RELEASE; omitted for duplicate)
|  \- (org.springframework:spring-core:jar:4.3.11.RELEASE:compile - version managed from 4.3.9.RELEASE; omitted for duplicate)
+- org.springframework.boot:spring-boot-starter-undertow:jar:1.5.7.RELEASE:compile
|  +- io.undertow:undertow-core:jar:1.4.20.Final:compile
|  |  +- (org.jboss.logging:jboss-logging:jar:3.3.1.Final:compile - version managed from 3.2.1.Final; omitted for duplicate)
|  |  +- org.jboss.xnio:xnio-api:jar:3.3.8.Final:compile
|  |  \- org.jboss.xnio:xnio-nio:jar:3.3.8.Final:runtime
|  |     \- (org.jboss.xnio:xnio-api:jar:3.3.8.Final:runtime - omitted for duplicate)
|  +- io.undertow:undertow-servlet:jar:1.4.20.Final:compile
|  |  +- (io.undertow:undertow-core:jar:1.4.20.Final:compile - omitted for duplicate)
|  |  \- org.jboss.spec.javax.annotation:jboss-annotations-api_1.2_spec:jar:1.0.0.Final:compile
|  +- io.undertow:undertow-websockets-jsr:jar:1.4.20.Final:compile
|  |  +- (io.undertow:undertow-core:jar:1.4.20.Final:compile - omitted for duplicate)
|  |  +- (io.undertow:undertow-servlet:jar:1.4.20.Final:compile - omitted for duplicate)
|  |  \- org.jboss.spec.javax.websocket:jboss-websocket-api_1.1_spec:jar:1.1.0.Final:compile
|  +- javax.servlet:javax.servlet-api:jar:3.1.0:compile
|  \- org.glassfish:javax.el:jar:3.0.0:compile
\- org.springframework.boot:spring-boot-devtools:jar:1.5.7.RELEASE:compile
   +- (org.springframework.boot:spring-boot:jar:1.5.7.RELEASE:compile - omitted for duplicate)
   \- (org.springframework.boot:spring-boot-autoconfigure:jar:1.5.7.RELEASE:compile - omitted for duplicate)

