WARNING: Your kernel does not support swap limit capabilities or the cgroup is not mounted. Memory limited without swap.
io.github.jhipster.registry:jhipster-registry:jar:5.0.0
+- io.github.jhipster:jhipster-framework:jar:3.0.1:compile
|  +- org.springframework:spring-context-support:jar:5.1.6.RELEASE:compile
|  |  +- org.springframework:spring-beans:jar:5.1.6.RELEASE:compile
|  |  |  \- (org.springframework:spring-core:jar:5.1.6.RELEASE:compile - omitted for duplicate)
|  |  +- org.springframework:spring-context:jar:5.1.6.RELEASE:compile
|  |  |  +- (org.springframework:spring-aop:jar:5.1.6.RELEASE:compile - omitted for duplicate)
|  |  |  +- (org.springframework:spring-beans:jar:5.1.6.RELEASE:compile - omitted for duplicate)
|  |  |  +- (org.springframework:spring-core:jar:5.1.6.RELEASE:compile - omitted for duplicate)
|  |  |  \- (org.springframework:spring-expression:jar:5.1.6.RELEASE:compile - omitted for duplicate)
|  |  \- (org.springframework:spring-core:jar:5.1.6.RELEASE:compile - omitted for duplicate)
|  +- org.springframework.boot:spring-boot-autoconfigure:jar:2.1.4.RELEASE:compile
|  |  \- (org.springframework.boot:spring-boot:jar:2.1.4.RELEASE:compile - omitted for duplicate)
|  +- (org.springframework.boot:spring-boot-starter-aop:jar:2.1.4.RELEASE:compile - omitted for duplicate)
|  \- (org.springframework.boot:spring-boot-starter-web:jar:2.1.4.RELEASE:compile - omitted for duplicate)
+- com.fasterxml.jackson.datatype:jackson-datatype-hppc:jar:2.9.8:compile
|  +- com.carrotsearch:hppc:jar:0.7.1:compile
|  +- com.fasterxml.jackson.core:jackson-core:jar:2.9.8:compile
|  \- com.fasterxml.jackson.core:jackson-databind:jar:2.9.8:compile
|     +- (com.fasterxml.jackson.core:jackson-annotations:jar:2.9.0:compile - omitted for duplicate)
|     \- (com.fasterxml.jackson.core:jackson-core:jar:2.9.8:compile - omitted for duplicate)
+- com.fasterxml.jackson.datatype:jackson-datatype-jsr310:jar:2.9.8:compile
|  +- com.fasterxml.jackson.core:jackson-annotations:jar:2.9.0:compile
|  +- (com.fasterxml.jackson.core:jackson-core:jar:2.9.8:compile - omitted for duplicate)
|  \- (com.fasterxml.jackson.core:jackson-databind:jar:2.9.8:compile - omitted for duplicate)
+- com.fasterxml.jackson.module:jackson-module-afterburner:jar:2.9.8:compile
|  +- (com.fasterxml.jackson.core:jackson-core:jar:2.9.8:compile - omitted for duplicate)
|  \- (com.fasterxml.jackson.core:jackson-databind:jar:2.9.8:compile - omitted for duplicate)
+- com.h2database:h2:jar:1.4.199:test
+- com.jayway.jsonpath:json-path:jar:2.4.0:test
|  +- (net.minidev:json-smart:jar:2.3:compile - scope updated from test; omitted for duplicate)
|  \- (org.slf4j:slf4j-api:jar:1.7.26:compile - version managed from 1.7.25; scope updated from test; omitted for duplicate)
+- io.springfox:springfox-swagger2:jar:2.9.2:compile
|  +- io.swagger:swagger-annotations:jar:1.5.20:compile
|  +- io.swagger:swagger-models:jar:1.5.20:compile
|  |  +- (com.fasterxml.jackson.core:jackson-annotations:jar:2.9.0:compile - version managed from 2.9.5; omitted for duplicate)
|  |  +- (org.slf4j:slf4j-api:jar:1.7.26:compile - version managed from 1.7.25; omitted for duplicate)
|  |  \- (io.swagger:swagger-annotations:jar:1.5.20:compile - omitted for duplicate)
|  +- io.springfox:springfox-spi:jar:2.9.2:compile
|  |  \- io.springfox:springfox-core:jar:2.9.2:compile
|  |     +- net.bytebuddy:byte-buddy:jar:1.9.12:compile (version managed from 1.8.12)
|  |     +- (com.google.guava:guava:jar:27.1-jre:compile - version managed from 20.0; omitted for duplicate)
|  |     +- (com.fasterxml:classmate:jar:1.4.0:compile - version managed from 1.3.4; omitted for duplicate)
|  |     +- (org.slf4j:slf4j-api:jar:1.7.26:compile - version managed from 1.7.25; omitted for duplicate)
|  |     +- (org.springframework.plugin:spring-plugin-core:jar:1.2.0.RELEASE:compile - omitted for duplicate)
|  |     \- (org.springframework.plugin:spring-plugin-metadata:jar:1.2.0.RELEASE:compile - omitted for duplicate)
|  +- io.springfox:springfox-schema:jar:2.9.2:compile
|  |  +- (io.springfox:springfox-core:jar:2.9.2:compile - omitted for duplicate)
|  |  \- (io.springfox:springfox-spi:jar:2.9.2:compile - omitted for duplicate)
|  +- io.springfox:springfox-swagger-common:jar:2.9.2:compile
|  |  +- (io.swagger:swagger-annotations:jar:1.5.20:compile - omitted for duplicate)
|  |  +- (io.swagger:swagger-models:jar:1.5.20:compile - omitted for duplicate)
|  |  +- (io.springfox:springfox-spi:jar:2.9.2:compile - omitted for duplicate)
|  |  +- (io.springfox:springfox-schema:jar:2.9.2:compile - omitted for duplicate)
|  |  +- (io.springfox:springfox-spring-web:jar:2.9.2:compile - omitted for duplicate)
|  |  +- (com.google.guava:guava:jar:27.1-jre:compile - version managed from 20.0; omitted for duplicate)
|  |  +- (com.fasterxml:classmate:jar:1.4.0:compile - version managed from 1.3.4; omitted for duplicate)
|  |  +- (org.slf4j:slf4j-api:jar:1.7.26:compile - version managed from 1.7.25; omitted for duplicate)
|  |  +- (org.springframework.plugin:spring-plugin-core:jar:1.2.0.RELEASE:compile - omitted for duplicate)
|  |  \- (org.springframework.plugin:spring-plugin-metadata:jar:1.2.0.RELEASE:compile - omitted for duplicate)
|  +- io.springfox:springfox-spring-web:jar:2.9.2:compile
|  |  +- (com.google.guava:guava:jar:27.1-jre:compile - version managed from 20.0; omitted for duplicate)
|  |  +- (com.fasterxml:classmate:jar:1.4.0:compile - version managed from 1.3.4; omitted for duplicate)
|  |  +- (org.slf4j:slf4j-api:jar:1.7.26:compile - version managed from 1.7.25; omitted for duplicate)
|  |  +- (org.springframework.plugin:spring-plugin-core:jar:1.2.0.RELEASE:compile - omitted for duplicate)
|  |  +- (org.springframework.plugin:spring-plugin-metadata:jar:1.2.0.RELEASE:compile - omitted for duplicate)
|  |  \- (io.springfox:springfox-spi:jar:2.9.2:compile - omitted for duplicate)
|  +- com.google.guava:guava:jar:27.1-jre:compile
|  |  +- com.google.guava:failureaccess:jar:1.0.1:compile
|  |  +- com.google.guava:listenablefuture:jar:9999.0-empty-to-avoid-conflict-with-guava:compile
|  |  +- org.checkerframework:checker-qual:jar:2.5.2:compile
|  |  +- com.google.errorprone:error_prone_annotations:jar:2.2.0:compile
|  |  +- com.google.j2objc:j2objc-annotations:jar:1.1:compile
|  |  \- org.codehaus.mojo:animal-sniffer-annotations:jar:1.17:compile
|  +- com.fasterxml:classmate:jar:1.4.0:compile
|  +- org.slf4j:slf4j-api:jar:1.7.26:compile
|  +- org.springframework.plugin:spring-plugin-core:jar:1.2.0.RELEASE:compile
|  |  +- (org.springframework:spring-beans:jar:5.1.6.RELEASE:compile - version managed from 4.0.9.RELEASE; omitted for duplicate)
|  |  +- (org.springframework:spring-context:jar:5.1.6.RELEASE:compile - version managed from 4.0.9.RELEASE; omitted for duplicate)
|  |  +- (org.springframework:spring-aop:jar:5.1.6.RELEASE:compile - version managed from 4.0.9.RELEASE; omitted for duplicate)
|  |  \- (org.slf4j:slf4j-api:jar:1.7.26:compile - version managed from 1.7.10; omitted for duplicate)
|  \- org.springframework.plugin:spring-plugin-metadata:jar:1.2.0.RELEASE:compile
|     +- (org.springframework.plugin:spring-plugin-core:jar:1.2.0.RELEASE:compile - omitted for duplicate)
|     \- (org.slf4j:slf4j-api:jar:1.7.26:compile - version managed from 1.7.10; omitted for duplicate)
+- io.springfox:springfox-bean-validators:jar:2.9.2:compile
|  +- (com.google.guava:guava:jar:27.1-jre:compile - version managed from 20.0; omitted for duplicate)
|  +- (com.fasterxml:classmate:jar:1.4.0:compile - version managed from 1.3.4; omitted for duplicate)
|  +- (org.slf4j:slf4j-api:jar:1.7.26:compile - version managed from 1.7.25; omitted for duplicate)
|  +- (org.springframework.plugin:spring-plugin-core:jar:1.2.0.RELEASE:compile - omitted for duplicate)
|  +- (org.springframework.plugin:spring-plugin-metadata:jar:1.2.0.RELEASE:compile - omitted for duplicate)
|  \- (io.springfox:springfox-spi:jar:2.9.2:compile - omitted for duplicate)
+- commons-io:commons-io:jar:2.6:compile
+- org.apache.commons:commons-lang3:jar:3.8.1:compile
+- org.assertj:assertj-core:jar:3.11.1:test
+- net.logstash.logback:logstash-logback-encoder:jar:5.3:compile
|  \- (com.fasterxml.jackson.core:jackson-databind:jar:2.9.8:compile - omitted for duplicate)
+- org.mapstruct:mapstruct:jar:1.3.0.Final:compile
+- org.mapstruct:mapstruct-processor:jar:1.3.0.Final:provided
+- org.springframework.boot:spring-boot-configuration-processor:jar:2.1.4.RELEASE:provided
+- org.springframework.boot:spring-boot-loader-tools:jar:2.1.4.RELEASE:compile
|  +- org.springframework:spring-core:jar:5.1.6.RELEASE:compile
|  |  \- org.springframework:spring-jcl:jar:5.1.6.RELEASE:compile
|  \- org.apache.commons:commons-compress:jar:1.18:compile
+- org.springframework.boot:spring-boot-starter-actuator:jar:2.1.4.RELEASE:compile
|  +- org.springframework.boot:spring-boot-starter:jar:2.1.4.RELEASE:compile
|  |  +- (org.springframework.boot:spring-boot:jar:2.1.4.RELEASE:compile - omitted for duplicate)
|  |  +- (org.springframework.boot:spring-boot-autoconfigure:jar:2.1.4.RELEASE:compile - omitted for duplicate)
|  |  +- (org.springframework.boot:spring-boot-starter-logging:jar:2.1.4.RELEASE:compile - omitted for duplicate)
|  |  +- javax.annotation:javax.annotation-api:jar:1.3.2:compile
|  |  +- (org.springframework:spring-core:jar:5.1.6.RELEASE:compile - omitted for duplicate)
|  |  \- (org.yaml:snakeyaml:jar:1.23:runtime - omitted for duplicate)
|  +- org.springframework.boot:spring-boot-actuator-autoconfigure:jar:2.1.4.RELEASE:compile
|  |  +- org.springframework.boot:spring-boot-actuator:jar:2.1.4.RELEASE:compile
|  |  |  \- (org.springframework.boot:spring-boot:jar:2.1.4.RELEASE:compile - omitted for duplicate)
|  |  +- (org.springframework.boot:spring-boot-autoconfigure:jar:2.1.4.RELEASE:compile - omitted for duplicate)
|  |  +- (com.fasterxml.jackson.core:jackson-databind:jar:2.9.8:compile - omitted for duplicate)
|  |  +- (org.springframework:spring-core:jar:5.1.6.RELEASE:compile - omitted for duplicate)
|  |  +- (org.springframework:spring-context:jar:5.1.6.RELEASE:compile - version managed from 4.0.9.RELEASE; omitted for duplicate)
|  |  \- (com.fasterxml.jackson.datatype:jackson-datatype-jsr310:jar:2.9.8:runtime - omitted for duplicate)
|  \- io.micrometer:micrometer-core:jar:1.1.4:compile
|     +- org.hdrhistogram:HdrHistogram:jar:2.1.9:compile
|     \- org.latencyutils:LatencyUtils:jar:2.0.3:compile
+- org.springframework.boot:spring-boot-starter-aop:jar:2.1.4.RELEASE:compile
|  +- (org.springframework.boot:spring-boot-starter:jar:2.1.4.RELEASE:compile - omitted for duplicate)
|  +- org.springframework:spring-aop:jar:5.1.6.RELEASE:compile (version managed from 4.0.9.RELEASE)
|  |  +- (org.springframework:spring-beans:jar:5.1.6.RELEASE:compile - version managed from 4.0.9.RELEASE; omitted for duplicate)
|  |  \- (org.springframework:spring-core:jar:5.1.6.RELEASE:compile - omitted for duplicate)
|  \- org.aspectj:aspectjweaver:jar:1.9.2:compile
+- org.springframework.boot:spring-boot-starter-logging:jar:2.1.4.RELEASE:compile
|  +- ch.qos.logback:logback-classic:jar:1.2.3:compile
|  |  +- ch.qos.logback:logback-core:jar:1.2.3:compile
|  |  \- (org.slf4j:slf4j-api:jar:1.7.26:compile - version managed from 1.7.25; omitted for duplicate)
|  +- org.apache.logging.log4j:log4j-to-slf4j:jar:2.11.2:compile
|  |  +- (org.slf4j:slf4j-api:jar:1.7.26:compile - version managed from 1.7.25; omitted for duplicate)
|  |  \- org.apache.logging.log4j:log4j-api:jar:2.11.2:compile
|  \- org.slf4j:jul-to-slf4j:jar:1.7.26:compile
|     \- (org.slf4j:slf4j-api:jar:1.7.26:compile - version managed from 1.7.25; omitted for duplicate)
+- org.springframework.boot:spring-boot-starter-mail:jar:2.1.4.RELEASE:compile
|  +- (org.springframework.boot:spring-boot-starter:jar:2.1.4.RELEASE:compile - omitted for duplicate)
|  +- (org.springframework:spring-context-support:jar:5.1.6.RELEASE:compile - omitted for duplicate)
|  \- com.sun.mail:javax.mail:jar:1.6.2:compile
|     \- javax.activation:activation:jar:1.1:compile
+- org.springframework.boot:spring-boot-starter-security:jar:2.1.4.RELEASE:compile
|  +- (org.springframework.boot:spring-boot-starter:jar:2.1.4.RELEASE:compile - omitted for duplicate)
|  +- (org.springframework:spring-aop:jar:5.1.6.RELEASE:compile - version managed from 4.0.9.RELEASE; omitted for duplicate)
|  +- org.springframework.security:spring-security-config:jar:5.1.5.RELEASE:compile
|  |  +- (org.springframework.security:spring-security-core:jar:5.1.5.RELEASE:compile - omitted for duplicate)
|  |  +- (org.springframework:spring-aop:jar:5.1.6.RELEASE:compile - version managed from 4.0.9.RELEASE; omitted for duplicate)
|  |  +- (org.springframework:spring-beans:jar:5.1.6.RELEASE:compile - version managed from 4.0.9.RELEASE; omitted for duplicate)
|  |  +- (org.springframework:spring-context:jar:5.1.6.RELEASE:compile - version managed from 4.0.9.RELEASE; omitted for duplicate)
|  |  \- (org.springframework:spring-core:jar:5.1.6.RELEASE:compile - omitted for duplicate)
|  \- org.springframework.security:spring-security-web:jar:5.1.5.RELEASE:compile
|     +- (org.springframework.security:spring-security-core:jar:5.1.5.RELEASE:compile - omitted for duplicate)
|     +- (org.springframework:spring-aop:jar:5.1.6.RELEASE:compile - version managed from 4.0.9.RELEASE; omitted for duplicate)
|     +- (org.springframework:spring-beans:jar:5.1.6.RELEASE:compile - version managed from 4.0.9.RELEASE; omitted for duplicate)
|     +- (org.springframework:spring-context:jar:5.1.6.RELEASE:compile - version managed from 4.0.9.RELEASE; omitted for duplicate)
|     +- (org.springframework:spring-core:jar:5.1.6.RELEASE:compile - omitted for duplicate)
|     +- org.springframework:spring-expression:jar:5.1.6.RELEASE:compile
|     |  \- (org.springframework:spring-core:jar:5.1.6.RELEASE:compile - omitted for duplicate)
|     \- (org.springframework:spring-web:jar:5.1.6.RELEASE:compile - omitted for duplicate)
+- org.springframework.boot:spring-boot-starter-test:jar:2.1.4.RELEASE:test
|  +- (org.springframework.boot:spring-boot-starter:jar:2.1.4.RELEASE:test - omitted for duplicate)
|  +- (org.springframework.boot:spring-boot-test:jar:2.1.4.RELEASE:test - omitted for duplicate)
|  +- org.springframework.boot:spring-boot-test-autoconfigure:jar:2.1.4.RELEASE:test
|  |  +- (org.springframework.boot:spring-boot-test:jar:2.1.4.RELEASE:test - omitted for duplicate)
|  |  \- (org.springframework.boot:spring-boot-autoconfigure:jar:2.1.4.RELEASE:test - omitted for duplicate)
|  +- (com.jayway.jsonpath:json-path:jar:2.4.0:test - omitted for duplicate)
|  +- (org.assertj:assertj-core:jar:3.11.1:test - omitted for duplicate)
|  +- org.mockito:mockito-core:jar:2.23.4:test
|  |  +- (net.bytebuddy:byte-buddy:jar:1.9.12:compile - version managed from 1.9.3; scope updated from test; omitted for duplicate)
|  |  +- net.bytebuddy:byte-buddy-agent:jar:1.9.12:test (version managed from 1.9.3)
|  |  \- org.objenesis:objenesis:jar:2.6:test
|  +- org.hamcrest:hamcrest-core:jar:1.3:test
|  +- org.hamcrest:hamcrest-library:jar:1.3:test
|  |  \- (org.hamcrest:hamcrest-core:jar:1.3:test - omitted for duplicate)
|  +- org.skyscreamer:jsonassert:jar:1.5.0:test
|  +- (org.springframework:spring-core:jar:5.1.6.RELEASE:test - omitted for duplicate)
|  +- org.springframework:spring-test:jar:5.1.6.RELEASE:test
|  |  \- (org.springframework:spring-core:jar:5.1.6.RELEASE:test - omitted for duplicate)
|  \- org.xmlunit:xmlunit-core:jar:2.6.2:test
|     \- (javax.xml.bind:jaxb-api:jar:2.3.1:test - version managed from 2.4.0-b180830.0359; omitted for duplicate)
+- org.junit.jupiter:junit-jupiter-engine:jar:5.3.2:test
|  +- (org.apiguardian:apiguardian-api:jar:1.0.0:compile - scope updated from test; omitted for duplicate)
|  +- org.junit.platform:junit-platform-engine:jar:1.3.2:test
|  |  +- (org.apiguardian:apiguardian-api:jar:1.0.0:test - omitted for duplicate)
|  |  +- org.junit.platform:junit-platform-commons:jar:1.3.2:test
|  |  |  \- (org.apiguardian:apiguardian-api:jar:1.0.0:test - omitted for duplicate)
|  |  \- org.opentest4j:opentest4j:jar:1.1.1:test
|  \- org.junit.jupiter:junit-jupiter-api:jar:5.3.2:test
|     +- (org.apiguardian:apiguardian-api:jar:1.0.0:test - omitted for duplicate)
|     +- (org.opentest4j:opentest4j:jar:1.1.1:test - omitted for duplicate)
|     \- (org.junit.platform:junit-platform-commons:jar:1.3.2:test - omitted for duplicate)
+- org.springframework.boot:spring-boot-starter-web:jar:2.1.4.RELEASE:compile
|  +- (org.springframework.boot:spring-boot-starter:jar:2.1.4.RELEASE:compile - omitted for duplicate)
|  +- org.springframework.boot:spring-boot-starter-json:jar:2.1.4.RELEASE:compile
|  |  +- (org.springframework.boot:spring-boot-starter:jar:2.1.4.RELEASE:compile - omitted for duplicate)
|  |  +- (org.springframework:spring-web:jar:5.1.6.RELEASE:compile - omitted for duplicate)
|  |  +- (com.fasterxml.jackson.core:jackson-databind:jar:2.9.8:compile - omitted for duplicate)
|  |  +- com.fasterxml.jackson.datatype:jackson-datatype-jdk8:jar:2.9.8:compile
|  |  |  +- (com.fasterxml.jackson.core:jackson-core:jar:2.9.8:compile - omitted for duplicate)
|  |  |  \- (com.fasterxml.jackson.core:jackson-databind:jar:2.9.8:compile - omitted for duplicate)
|  |  +- (com.fasterxml.jackson.datatype:jackson-datatype-jsr310:jar:2.9.8:compile - omitted for duplicate)
|  |  \- com.fasterxml.jackson.module:jackson-module-parameter-names:jar:2.9.8:compile
|  |     +- (com.fasterxml.jackson.core:jackson-core:jar:2.9.8:compile - omitted for duplicate)
|  |     \- (com.fasterxml.jackson.core:jackson-databind:jar:2.9.8:compile - omitted for duplicate)
|  +- org.hibernate.validator:hibernate-validator:jar:6.0.16.Final:compile
|  |  +- (javax.validation:validation-api:jar:2.0.1.Final:compile - omitted for duplicate)
|  |  +- org.jboss.logging:jboss-logging:jar:3.3.2.Final:compile
|  |  \- (com.fasterxml:classmate:jar:1.4.0:compile - version managed from 1.3.4; omitted for duplicate)
|  +- org.springframework:spring-web:jar:5.1.6.RELEASE:compile
|  |  +- (org.springframework:spring-beans:jar:5.1.6.RELEASE:compile - version managed from 4.0.9.RELEASE; omitted for duplicate)
|  |  \- (org.springframework:spring-core:jar:5.1.6.RELEASE:compile - omitted for duplicate)
|  \- org.springframework:spring-webmvc:jar:5.1.6.RELEASE:compile
|     +- (org.springframework:spring-aop:jar:5.1.6.RELEASE:compile - version managed from 4.0.9.RELEASE; omitted for duplicate)
|     +- (org.springframework:spring-beans:jar:5.1.6.RELEASE:compile - version managed from 4.0.9.RELEASE; omitted for duplicate)
|     +- (org.springframework:spring-context:jar:5.1.6.RELEASE:compile - version managed from 4.0.9.RELEASE; omitted for duplicate)
|     +- (org.springframework:spring-core:jar:5.1.6.RELEASE:compile - omitted for duplicate)
|     +- (org.springframework:spring-expression:jar:5.1.6.RELEASE:compile - omitted for duplicate)
|     \- (org.springframework:spring-web:jar:5.1.6.RELEASE:compile - omitted for duplicate)
+- org.springframework.boot:spring-boot-starter-thymeleaf:jar:2.1.4.RELEASE:compile
|  +- (org.springframework.boot:spring-boot-starter:jar:2.1.4.RELEASE:compile - omitted for duplicate)
|  +- org.thymeleaf:thymeleaf-spring5:jar:3.0.11.RELEASE:compile
|  |  +- org.thymeleaf:thymeleaf:jar:3.0.11.RELEASE:compile
|  |  |  +- org.attoparser:attoparser:jar:2.0.5.RELEASE:compile
|  |  |  +- org.unbescape:unbescape:jar:1.1.6.RELEASE:compile
|  |  |  \- (org.slf4j:slf4j-api:jar:1.7.26:compile - version managed from 1.7.25; omitted for duplicate)
|  |  \- (org.slf4j:slf4j-api:jar:1.7.26:compile - version managed from 1.7.25; omitted for duplicate)
|  \- org.thymeleaf.extras:thymeleaf-extras-java8time:jar:3.0.4.RELEASE:compile
|     +- (org.thymeleaf:thymeleaf:jar:3.0.11.RELEASE:compile - omitted for duplicate)
|     \- (org.slf4j:slf4j-api:jar:1.7.26:compile - version managed from 1.7.25; omitted for duplicate)
+- org.springframework.boot:spring-boot-test:jar:2.1.4.RELEASE:test
|  \- (org.springframework.boot:spring-boot:jar:2.1.4.RELEASE:compile - scope updated from test; omitted for duplicate)
+- org.springframework.security:spring-security-test:jar:5.1.5.RELEASE:test
|  +- (org.springframework.security:spring-security-core:jar:5.1.5.RELEASE:compile - scope updated from test; omitted for duplicate)
|  +- (org.springframework.security:spring-security-web:jar:5.1.5.RELEASE:test - omitted for duplicate)
|  +- (org.springframework:spring-core:jar:5.1.6.RELEASE:test - omitted for duplicate)
|  \- (org.springframework:spring-test:jar:5.1.6.RELEASE:test - omitted for duplicate)
+- org.zalando:problem-spring-web:jar:0.24.0-RC.0:compile
|  +- org.zalando:problem-violations:jar:0.24.0-RC.0:compile
|  |  +- (com.fasterxml.jackson.core:jackson-databind:jar:2.9.8:compile - version managed from 2.9.6; omitted for duplicate)
|  |  +- (org.apiguardian:apiguardian-api:jar:1.0.0:compile - omitted for duplicate)
|  |  +- (com.google.code.findbugs:jsr305:jar:3.0.2:compile - omitted for duplicate)
|  |  +- (org.slf4j:slf4j-api:jar:1.7.26:compile - version managed from 1.7.25; omitted for duplicate)
|  |  +- (org.zalando:problem:jar:0.21.0:compile - omitted for duplicate)
|  |  +- (org.zalando:jackson-datatype-problem:jar:0.21.0:compile - omitted for duplicate)
|  |  +- (org.zalando:faux-pas:jar:0.8.0:compile - omitted for duplicate)
|  |  \- (javax.validation:validation-api:jar:2.0.1.Final:compile - omitted for duplicate)
|  +- org.zalando:problem-spring-common:jar:0.24.0-RC.0:compile
|  |  +- (org.zalando:problem-violations:jar:0.24.0-RC.0:compile - omitted for duplicate)
|  |  +- (org.apiguardian:apiguardian-api:jar:1.0.0:compile - omitted for duplicate)
|  |  +- (com.google.code.findbugs:jsr305:jar:3.0.2:compile - omitted for duplicate)
|  |  +- (org.slf4j:slf4j-api:jar:1.7.26:compile - version managed from 1.7.25; omitted for duplicate)
|  |  +- (org.zalando:problem:jar:0.21.0:compile - omitted for duplicate)
|  |  +- (org.zalando:jackson-datatype-problem:jar:0.21.0:compile - omitted for duplicate)
|  |  +- (org.zalando:faux-pas:jar:0.8.0:compile - omitted for duplicate)
|  |  \- (javax.validation:validation-api:jar:2.0.1.Final:compile - omitted for duplicate)
|  +- org.apiguardian:apiguardian-api:jar:1.0.0:compile
|  +- com.google.code.findbugs:jsr305:jar:3.0.2:compile
|  +- (org.slf4j:slf4j-api:jar:1.7.26:compile - version managed from 1.7.25; omitted for duplicate)
|  +- org.zalando:problem:jar:0.21.0:compile
|  |  +- (org.apiguardian:apiguardian-api:jar:1.0.0:compile - omitted for duplicate)
|  |  \- (com.google.code.findbugs:jsr305:jar:3.0.2:compile - omitted for duplicate)
|  +- org.zalando:jackson-datatype-problem:jar:0.21.0:compile
|  |  +- (org.apiguardian:apiguardian-api:jar:1.0.0:compile - omitted for duplicate)
|  |  +- (com.google.code.findbugs:jsr305:jar:3.0.2:compile - omitted for duplicate)
|  |  +- (org.zalando:problem:jar:0.21.0:compile - omitted for duplicate)
|  |  \- (com.fasterxml.jackson.core:jackson-databind:jar:2.9.8:compile - version managed from 2.9.6; omitted for duplicate)
|  +- org.zalando:faux-pas:jar:0.8.0:compile
|  |  +- (org.apiguardian:apiguardian-api:jar:1.0.0:compile - omitted for duplicate)
|  |  +- (com.google.code.findbugs:jsr305:jar:3.0.2:compile - omitted for duplicate)
|  |  \- (org.slf4j:slf4j-api:jar:1.7.26:compile - version managed from 1.7.25; omitted for duplicate)
|  \- javax.validation:validation-api:jar:2.0.1.Final:compile
+- io.jsonwebtoken:jjwt-api:jar:0.10.6:compile
+- io.jsonwebtoken:jjwt-impl:jar:0.10.6:runtime
|  \- (io.jsonwebtoken:jjwt-api:jar:0.10.6:runtime - omitted for duplicate)
+- io.jsonwebtoken:jjwt-jackson:jar:0.10.6:runtime
|  +- (io.jsonwebtoken:jjwt-api:jar:0.10.6:runtime - omitted for duplicate)
|  \- (com.fasterxml.jackson.core:jackson-databind:jar:2.9.8:runtime - version managed from 2.9.6; omitted for duplicate)
+- org.springframework.cloud:spring-cloud-starter-netflix-zuul:jar:2.1.1.RELEASE:compile
|  +- org.springframework.cloud:spring-cloud-netflix-zuul:jar:2.1.1.RELEASE:compile
|  |  +- (org.springframework.cloud:spring-cloud-netflix-hystrix:jar:2.1.1.RELEASE:compile - omitted for duplicate)
|  |  +- org.apache.httpcomponents:httpclient:jar:4.5.8:compile (version managed from 4.5.7)
|  |  |  +- (org.apache.httpcomponents:httpcore:jar:4.4.11:compile - version managed from 4.4.9; omitted for duplicate)
|  |  |  \- commons-codec:commons-codec:jar:1.11:compile
|  |  +- com.netflix.netflix-commons:netflix-commons-util:jar:0.3.0:compile
|  |  |  +- (org.slf4j:slf4j-api:jar:1.7.26:runtime - version managed from 1.6.4; omitted for duplicate)
|  |  |  \- (javax.inject:javax.inject:jar:1:runtime - omitted for duplicate)
|  |  \- (org.springframework.cloud:spring-cloud-starter-netflix-hystrix:jar:2.1.1.RELEASE:compile - omitted for duplicate)
|  +- (org.springframework.cloud:spring-cloud-starter:jar:2.1.1.RELEASE:compile - omitted for duplicate)
|  +- (org.springframework.boot:spring-boot-starter-web:jar:2.1.4.RELEASE:compile - version managed from 2.1.3.RELEASE; omitted for duplicate)
|  +- (org.springframework.boot:spring-boot-starter-actuator:jar:2.1.4.RELEASE:compile - version managed from 2.1.3.RELEASE; omitted for duplicate)
|  +- (org.springframework.cloud:spring-cloud-starter-netflix-hystrix:jar:2.1.1.RELEASE:compile - omitted for duplicate)
|  +- (org.springframework.cloud:spring-cloud-starter-netflix-ribbon:jar:2.1.1.RELEASE:compile - omitted for duplicate)
|  +- org.springframework.cloud:spring-cloud-starter-netflix-archaius:jar:2.1.1.RELEASE:compile
|  |  +- (org.springframework.cloud:spring-cloud-starter:jar:2.1.1.RELEASE:compile - omitted for duplicate)
|  |  +- (org.springframework.cloud:spring-cloud-netflix-ribbon:jar:2.1.1.RELEASE:compile - omitted for duplicate)
|  |  +- org.springframework.cloud:spring-cloud-netflix-archaius:jar:2.1.1.RELEASE:compile
|  |  +- com.netflix.archaius:archaius-core:jar:0.7.6:compile (version managed from 0.4.1)
|  |  |  +- (com.google.code.findbugs:jsr305:jar:3.0.1:runtime - omitted for conflict with 3.0.2)
|  |  |  +- (commons-configuration:commons-configuration:jar:1.8:runtime - omitted for duplicate)
|  |  |  +- (org.slf4j:slf4j-api:jar:1.7.26:runtime - version managed from 1.6.4; omitted for duplicate)
|  |  |  +- (com.google.guava:guava:jar:27.1-jre:runtime - version managed from 16.0; omitted for duplicate)
|  |  |  +- (com.fasterxml.jackson.core:jackson-annotations:jar:2.9.0:runtime - version managed from 2.4.3; omitted for duplicate)
|  |  |  +- (com.fasterxml.jackson.core:jackson-core:jar:2.9.8:runtime - version managed from 2.4.3; omitted for duplicate)
|  |  |  \- (com.fasterxml.jackson.core:jackson-databind:jar:2.9.8:runtime - version managed from 2.4.3; omitted for duplicate)
|  |  \- commons-configuration:commons-configuration:jar:1.8:compile
|  |     \- commons-lang:commons-lang:jar:2.6:compile
|  \- com.netflix.zuul:zuul-core:jar:1.3.1:compile
|     +- (commons-io:commons-io:jar:2.6:runtime - version managed from 2.4; omitted for duplicate)
|     +- (org.slf4j:slf4j-api:jar:1.7.26:runtime - version managed from 1.7.6; omitted for duplicate)
|     +- (com.netflix.archaius:archaius-core:jar:0.7.6:runtime - version managed from 0.6.0; omitted for duplicate)
|     +- com.netflix.servo:servo-core:jar:0.12.21:runtime
|     |  +- (org.slf4j:slf4j-api:jar:1.7.26:runtime - version managed from 1.7.25; omitted for duplicate)
|     |  \- (com.google.guava:guava:jar:27.1-jre:runtime - version managed from 19.0; omitted for duplicate)
|     \- (com.netflix.netflix-commons:netflix-commons-util:jar:0.3.0:runtime - version managed from 0.1.1; omitted for duplicate)
+- com.github.vladimir-bukhtoyarov:bucket4j-core:jar:4.4.1:compile
+- com.github.vladimir-bukhtoyarov:bucket4j-jcache:jar:4.4.1:compile
|  \- (com.github.vladimir-bukhtoyarov:bucket4j-core:jar:4.4.1:compile - omitted for duplicate)
+- org.springframework.cloud:spring-cloud-starter:jar:2.1.1.RELEASE:compile
|  +- (org.springframework.boot:spring-boot-starter:jar:2.1.4.RELEASE:compile - version managed from 2.1.3.RELEASE; omitted for duplicate)
|  +- org.springframework.cloud:spring-cloud-context:jar:2.1.1.RELEASE:compile
|  |  \- (org.springframework.security:spring-security-crypto:jar:5.1.5.RELEASE:compile - version managed from 5.1.4.RELEASE; omitted for duplicate)
|  +- org.springframework.cloud:spring-cloud-commons:jar:2.1.1.RELEASE:compile
|  |  \- (org.springframework.security:spring-security-crypto:jar:5.1.5.RELEASE:compile - version managed from 5.1.4.RELEASE; omitted for duplicate)
|  \- org.springframework.security:spring-security-rsa:jar:1.0.7.RELEASE:compile
|     \- (org.bouncycastle:bcpkix-jdk15on:jar:1.60:compile - omitted for duplicate)
+- org.springframework.cloud:spring-cloud-starter-netflix-ribbon:jar:2.1.1.RELEASE:compile
|  +- (org.springframework.cloud:spring-cloud-starter:jar:2.1.1.RELEASE:compile - omitted for duplicate)
|  +- org.springframework.cloud:spring-cloud-netflix-ribbon:jar:2.1.1.RELEASE:compile
|  |  \- (org.springframework.cloud:spring-cloud-netflix-archaius:jar:2.1.1.RELEASE:compile - omitted for duplicate)
|  +- (org.springframework.cloud:spring-cloud-starter-netflix-archaius:jar:2.1.1.RELEASE:compile - omitted for duplicate)
|  +- com.netflix.ribbon:ribbon:jar:2.3.0:compile
|  |  +- (com.netflix.ribbon:ribbon-core:jar:2.3.0:runtime - omitted for duplicate)
|  |  +- com.netflix.ribbon:ribbon-transport:jar:2.3.0:runtime
|  |  |  +- (com.netflix.ribbon:ribbon-core:jar:2.3.0:runtime - omitted for duplicate)
|  |  |  +- (com.netflix.ribbon:ribbon-loadbalancer:jar:2.3.0:runtime - omitted for duplicate)
|  |  |  +- (io.reactivex:rxjava:jar:1.3.8:runtime - version managed from 1.0.10; omitted for duplicate)
|  |  |  +- (io.reactivex:rxnetty:jar:0.4.9:runtime - omitted for duplicate)
|  |  |  +- io.reactivex:rxnetty-contexts:jar:0.4.9:runtime
|  |  |  |  +- (io.reactivex:rxjava:jar:1.3.8:runtime - version managed from 1.0.10; omitted for duplicate)
|  |  |  |  \- (io.reactivex:rxnetty:jar:0.4.9:runtime - omitted for duplicate)
|  |  |  +- io.reactivex:rxnetty-servo:jar:0.4.9:runtime
|  |  |  |  +- (io.reactivex:rxjava:jar:1.3.8:runtime - version managed from 1.0.10; omitted for duplicate)
|  |  |  |  +- (io.reactivex:rxnetty:jar:0.4.9:runtime - omitted for duplicate)
|  |  |  |  \- (com.netflix.servo:servo-core:jar:0.12.21:runtime - version managed from 0.7.5; omitted for duplicate)
|  |  |  +- (javax.inject:javax.inject:jar:1:runtime - omitted for duplicate)
|  |  |  +- (org.slf4j:slf4j-api:jar:1.7.26:runtime - version managed from 1.7.12; omitted for duplicate)
|  |  |  +- (com.google.guava:guava:jar:27.1-jre:runtime - version managed from 16.0.1; omitted for duplicate)
|  |  |  \- (com.netflix.archaius:archaius-core:jar:0.7.6:runtime - version managed from 0.6.0; omitted for duplicate)
|  |  +- (com.netflix.hystrix:hystrix-core:jar:1.5.18:runtime - version managed from 1.4.3; omitted for duplicate)
|  |  +- (javax.inject:javax.inject:jar:1:compile - scope updated from runtime; omitted for duplicate)
|  |  +- (io.reactivex:rxjava:jar:1.3.8:runtime - version managed from 1.2.0; omitted for duplicate)
|  |  +- io.reactivex:rxnetty:jar:0.4.9:runtime
|  |  |  +- (io.reactivex:rxjava:jar:1.3.8:runtime - version managed from 1.0.10; omitted for duplicate)
|  |  |  \- (org.slf4j:slf4j-api:jar:1.7.26:runtime - version managed from 1.7.6; omitted for duplicate)
|  |  +- (commons-configuration:commons-configuration:jar:1.8:runtime - omitted for duplicate)
|  |  +- (com.google.guava:guava:jar:27.1-jre:runtime - version managed from 16.0.1; omitted for duplicate)
|  |  \- (com.netflix.archaius:archaius-core:jar:0.7.6:runtime - version managed from 0.6.0; omitted for duplicate)
|  +- com.netflix.ribbon:ribbon-core:jar:2.3.0:compile
|  |  +- (org.slf4j:slf4j-api:jar:1.7.26:runtime - version managed from 1.6.4; omitted for duplicate)
|  |  +- (com.google.guava:guava:jar:27.1-jre:runtime - version managed from 16.0; omitted for duplicate)
|  |  +- (commons-configuration:commons-configuration:jar:1.8:runtime - omitted for duplicate)
|  |  +- (commons-lang:commons-lang:jar:2.6:compile - scope updated from runtime; omitted for duplicate)
|  |  \- (com.netflix.archaius:archaius-core:jar:0.7.6:runtime - version managed from 0.6.0; omitted for duplicate)
|  +- com.netflix.ribbon:ribbon-httpclient:jar:2.3.0:compile
|  |  +- (com.netflix.ribbon:ribbon-core:jar:2.3.0:runtime - omitted for duplicate)
|  |  +- (com.netflix.ribbon:ribbon-loadbalancer:jar:2.3.0:runtime - omitted for duplicate)
|  |  +- commons-collections:commons-collections:jar:3.2.2:runtime
|  |  +- (org.apache.httpcomponents:httpclient:jar:4.5.8:runtime - version managed from 4.2.1; omitted for duplicate)
|  |  +- com.sun.jersey:jersey-client:jar:1.19.1:runtime
|  |  |  \- (com.sun.jersey:jersey-core:jar:1.19.1:compile - scope updated from runtime; omitted for duplicate)
|  |  +- com.sun.jersey.contribs:jersey-apache-client4:jar:1.19.1:runtime
|  |  |  +- (org.apache.httpcomponents:httpclient:jar:4.5.8:runtime - version managed from 4.1.1; omitted for duplicate)
|  |  |  \- (com.sun.jersey:jersey-client:jar:1.19.1:runtime - omitted for duplicate)
|  |  +- (org.slf4j:slf4j-api:jar:1.7.26:runtime - version managed from 1.7.12; omitted for duplicate)
|  |  +- (com.netflix.servo:servo-core:jar:0.12.21:runtime - version managed from 0.10.1; omitted for duplicate)
|  |  +- (com.google.guava:guava:jar:27.1-jre:runtime - version managed from 16.0.1; omitted for duplicate)
|  |  +- (com.netflix.archaius:archaius-core:jar:0.7.6:runtime - version managed from 0.6.0; omitted for duplicate)
|  |  \- (com.netflix.netflix-commons:netflix-commons-util:jar:0.3.0:runtime - version managed from 0.1.1; omitted for duplicate)
|  +- com.netflix.ribbon:ribbon-loadbalancer:jar:2.3.0:compile
|  |  +- (com.netflix.ribbon:ribbon-core:jar:2.3.0:runtime - omitted for duplicate)
|  |  +- com.netflix.netflix-commons:netflix-statistics:jar:0.1.1:runtime
|  |  |  \- (org.slf4j:slf4j-api:jar:1.7.26:runtime - version managed from 1.6.4; omitted for duplicate)
|  |  +- (io.reactivex:rxjava:jar:1.3.8:runtime - version managed from 1.0.9; omitted for duplicate)
|  |  +- (org.slf4j:slf4j-api:jar:1.7.26:runtime - version managed from 1.7.12; omitted for duplicate)
|  |  +- (com.netflix.servo:servo-core:jar:0.12.21:runtime - version managed from 0.10.1; omitted for duplicate)
|  |  +- (com.google.guava:guava:jar:27.1-jre:runtime - version managed from 16.0.1; omitted for duplicate)
|  |  +- (com.netflix.archaius:archaius-core:jar:0.7.6:runtime - version managed from 0.6.0; omitted for duplicate)
|  |  \- (com.netflix.netflix-commons:netflix-commons-util:jar:0.3.0:runtime - version managed from 0.1.1; omitted for duplicate)
|  \- io.reactivex:rxjava:jar:1.3.8:compile
+- org.springframework.cloud:spring-cloud-starter-netflix-hystrix:jar:2.1.1.RELEASE:compile
|  +- (org.springframework.cloud:spring-cloud-starter:jar:2.1.1.RELEASE:compile - omitted for duplicate)
|  +- org.springframework.cloud:spring-cloud-netflix-hystrix:jar:2.1.1.RELEASE:compile
|  |  +- (org.springframework.boot:spring-boot-autoconfigure:jar:2.1.4.RELEASE:compile - version managed from 2.1.3.RELEASE; omitted for duplicate)
|  |  \- (org.springframework.boot:spring-boot-starter-aop:jar:2.1.4.RELEASE:compile - version managed from 2.1.3.RELEASE; omitted for duplicate)
|  +- (org.springframework.cloud:spring-cloud-netflix-ribbon:jar:2.1.1.RELEASE:compile - omitted for duplicate)
|  +- (org.springframework.cloud:spring-cloud-starter-netflix-archaius:jar:2.1.1.RELEASE:compile - omitted for duplicate)
|  +- com.netflix.hystrix:hystrix-core:jar:1.5.18:compile (version managed from 1.4.3)
|  |  +- (org.slf4j:slf4j-api:jar:1.7.26:runtime - version managed from 1.7.0; omitted for duplicate)
|  |  +- (com.netflix.archaius:archaius-core:jar:0.7.6:compile - version managed from 0.4.1; omitted for duplicate)
|  |  +- (io.reactivex:rxjava:jar:1.3.8:compile - version managed from 1.2.0; omitted for duplicate)
|  |  \- (org.hdrhistogram:HdrHistogram:jar:2.1.9:compile - omitted for duplicate)
|  +- com.netflix.hystrix:hystrix-serialization:jar:1.5.18:compile
|  |  +- (com.fasterxml.jackson.module:jackson-module-afterburner:jar:2.9.8:runtime - version managed from 2.7.5; omitted for duplicate)
|  |  +- (com.netflix.hystrix:hystrix-core:jar:1.5.18:compile - version managed from 1.4.3; omitted for duplicate)
|  |  +- (com.fasterxml.jackson.core:jackson-core:jar:2.9.8:compile - version managed from 2.7.5; omitted for duplicate)
|  |  +- (com.fasterxml.jackson.core:jackson-databind:jar:2.9.8:compile - version managed from 2.7.5; omitted for duplicate)
|  |  \- (com.fasterxml.jackson.core:jackson-annotations:jar:2.9.0:compile - version managed from 2.7.5; omitted for duplicate)
|  +- com.netflix.hystrix:hystrix-metrics-event-stream:jar:1.5.18:compile
|  |  +- (com.netflix.hystrix:hystrix-serialization:jar:1.5.18:runtime - omitted for duplicate)
|  |  \- (com.netflix.hystrix:hystrix-core:jar:1.5.18:compile - version managed from 1.4.3; omitted for duplicate)
|  +- com.netflix.hystrix:hystrix-javanica:jar:1.5.18:compile
|  |  +- (org.apache.commons:commons-lang3:jar:3.8.1:runtime - version managed from 3.1; omitted for duplicate)
|  |  +- (org.ow2.asm:asm:jar:5.0.4:compile - scope updated from runtime; omitted for duplicate)
|  |  +- (com.netflix.hystrix:hystrix-core:jar:1.5.18:compile - version managed from 1.4.3; omitted for duplicate)
|  |  +- (org.aspectj:aspectjweaver:jar:1.9.2:compile - version managed from 1.8.6; omitted for duplicate)
|  |  \- (com.google.guava:guava:jar:27.1-jre:compile - version managed from 15.0; omitted for duplicate)
|  \- io.reactivex:rxjava-reactive-streams:jar:1.2.1:compile
|     +- (io.reactivex:rxjava:jar:1.3.8:runtime - version managed from 1.2.2; omitted for duplicate)
|     \- org.reactivestreams:reactive-streams:jar:1.0.2:runtime (version managed from 1.0.0)
+- org.springframework.retry:spring-retry:jar:1.2.4.RELEASE:compile
|  \- (org.springframework:spring-core:jar:5.1.6.RELEASE:compile - version managed from 4.3.22.RELEASE; omitted for duplicate)
+- org.springframework.cloud:spring-cloud-starter-netflix-eureka-server:jar:2.1.1.RELEASE:compile
|  +- (org.springframework.cloud:spring-cloud-starter:jar:2.1.1.RELEASE:compile - omitted for duplicate)
|  +- org.springframework.cloud:spring-cloud-netflix-eureka-server:jar:2.1.1.RELEASE:compile
|  |  +- (org.springframework.boot:spring-boot-starter-web:jar:2.1.4.RELEASE:compile - version managed from 2.1.3.RELEASE; omitted for duplicate)
|  |  +- (org.springframework.boot:spring-boot-starter-actuator:jar:2.1.4.RELEASE:compile - version managed from 2.1.3.RELEASE; omitted for duplicate)
|  |  +- org.springframework.boot:spring-boot-starter-freemarker:jar:2.1.4.RELEASE:compile (version managed from 2.1.3.RELEASE)
|  |  |  +- (org.springframework.boot:spring-boot-starter:jar:2.1.4.RELEASE:compile - version managed from 2.1.3.RELEASE; omitted for duplicate)
|  |  |  +- org.freemarker:freemarker:jar:2.3.28:compile
|  |  |  \- (org.springframework:spring-context-support:jar:5.1.6.RELEASE:compile - omitted for duplicate)
|  |  +- (org.springframework.cloud:spring-cloud-commons:jar:2.1.1.RELEASE:compile - omitted for duplicate)
|  |  +- (org.springframework.cloud:spring-cloud-netflix-hystrix:jar:2.1.1.RELEASE:compile - omitted for duplicate)
|  |  +- org.springframework.cloud:spring-cloud-netflix-eureka-client:jar:2.1.1.RELEASE:compile
|  |  |  \- (org.springframework.cloud:spring-cloud-netflix-hystrix:jar:2.1.1.RELEASE:compile - omitted for duplicate)
|  |  +- com.netflix.eureka:eureka-client:jar:1.9.8:compile
|  |  |  +- org.codehaus.jettison:jettison:jar:1.3.7:runtime
|  |  |  |  \- stax:stax-api:jar:1.0.1:runtime
|  |  |  +- com.netflix.netflix-commons:netflix-eventbus:jar:0.3.0:runtime
|  |  |  |  +- (org.slf4j:slf4j-api:jar:1.7.26:runtime - version managed from 1.6.4; omitted for duplicate)
|  |  |  |  +- com.netflix.netflix-commons:netflix-infix:jar:0.3.0:runtime
|  |  |  |  |  +- (org.slf4j:slf4j-api:jar:1.7.26:runtime - version managed from 1.6.4; omitted for duplicate)
|  |  |  |  |  +- commons-jxpath:commons-jxpath:jar:1.3:runtime
|  |  |  |  |  +- joda-time:joda-time:jar:2.10.1:runtime (version managed from 2.3)
|  |  |  |  |  +- org.antlr:antlr-runtime:jar:3.4:runtime
|  |  |  |  |  |  +- org.antlr:stringtemplate:jar:3.2.1:runtime
|  |  |  |  |  |  |  \- (antlr:antlr:jar:2.7.7:runtime - omitted for duplicate)
|  |  |  |  |  |  \- antlr:antlr:jar:2.7.7:runtime
|  |  |  |  |  +- (com.google.guava:guava:jar:27.1-jre:runtime - version managed from 14.0.1; omitted for duplicate)
|  |  |  |  |  \- com.google.code.gson:gson:jar:2.8.5:runtime (version managed from 2.1)
|  |  |  |  +- (com.netflix.servo:servo-core:jar:0.12.21:runtime - version managed from 0.5.3; omitted for duplicate)
|  |  |  |  +- (com.netflix.archaius:archaius-core:jar:0.7.6:runtime - version managed from 0.3.3; omitted for duplicate)
|  |  |  |  \- org.apache.commons:commons-math:jar:2.2:runtime
|  |  |  +- (com.thoughtworks.xstream:xstream:jar:1.4.10:runtime - omitted for duplicate)
|  |  |  +- (com.netflix.archaius:archaius-core:jar:0.7.6:runtime - version managed from 0.3.3; omitted for duplicate)
|  |  |  +- (javax.ws.rs:jsr311-api:jar:1.1.1:compile - scope updated from runtime; omitted for duplicate)
|  |  |  +- (com.netflix.servo:servo-core:jar:0.12.21:runtime - version managed from 0.5.3; omitted for duplicate)
|  |  |  +- (com.sun.jersey:jersey-core:jar:1.19.1:runtime - omitted for duplicate)
|  |  |  +- (com.sun.jersey:jersey-client:jar:1.19.1:runtime - omitted for duplicate)
|  |  |  +- (com.sun.jersey.contribs:jersey-apache-client4:jar:1.19.1:runtime - omitted for duplicate)
|  |  |  +- (org.apache.httpcomponents:httpclient:jar:4.5.8:runtime - version managed from 4.5.3; omitted for duplicate)
|  |  |  +- com.google.inject:guice:jar:4.1.0:runtime
|  |  |  |  +- (javax.inject:javax.inject:jar:1:runtime - omitted for duplicate)
|  |  |  |  +- aopalliance:aopalliance:jar:1.0:runtime
|  |  |  |  \- (com.google.guava:guava:jar:27.1-jre:runtime - version managed from 19.0; omitted for duplicate)
|  |  |  +- com.github.vlsi.compactmap:compactmap:jar:1.2.1:runtime
|  |  |  |  \- com.github.andrewoma.dexx:dexx-collections:jar:0.2:runtime
|  |  |  +- (com.fasterxml.jackson.core:jackson-annotations:jar:2.9.0:runtime - version managed from 2.9.4; omitted for duplicate)
|  |  |  +- (com.fasterxml.jackson.core:jackson-core:jar:2.9.8:runtime - version managed from 2.9.4; omitted for duplicate)
|  |  |  \- (com.fasterxml.jackson.core:jackson-databind:jar:2.9.8:runtime - version managed from 2.9.4; omitted for duplicate)
|  |  +- com.sun.jersey:jersey-servlet:jar:1.19.1:compile
|  |  |  \- (com.sun.jersey:jersey-server:jar:1.19.1:compile - omitted for duplicate)
|  |  +- com.sun.jersey:jersey-server:jar:1.19.1:compile
|  |  |  \- com.sun.jersey:jersey-core:jar:1.19.1:compile
|  |  |     \- javax.ws.rs:jsr311-api:jar:1.1.1:compile
|  |  +- com.netflix.eureka:eureka-core:jar:1.9.8:compile
|  |  |  +- (com.netflix.eureka:eureka-client:jar:1.9.8:runtime - omitted for duplicate)
|  |  |  +- (com.thoughtworks.xstream:xstream:jar:1.4.10:runtime - omitted for duplicate)
|  |  |  +- (javax.ws.rs:jsr311-api:jar:1.1.1:compile - scope updated from runtime; omitted for duplicate)
|  |  |  \- org.codehaus.woodstox:woodstox-core-asl:jar:4.4.1:runtime
|  |  |     +- javax.xml.stream:stax-api:jar:1.0-2:runtime
|  |  |     \- (org.codehaus.woodstox:stax2-api:jar:3.1.4:runtime - omitted for duplicate)
|  |  +- (com.netflix.archaius:archaius-core:jar:0.7.6:compile - version managed from 0.3.3; omitted for duplicate)
|  |  +- javax.inject:javax.inject:jar:1:compile
|  |  +- com.fasterxml.jackson.dataformat:jackson-dataformat-xml:jar:2.9.8:compile
|  |  |  +- (com.fasterxml.jackson.core:jackson-core:jar:2.9.8:compile - version managed from 2.9.4; omitted for duplicate)
|  |  |  +- (com.fasterxml.jackson.core:jackson-annotations:jar:2.9.0:compile - version managed from 2.9.4; omitted for duplicate)
|  |  |  +- (com.fasterxml.jackson.core:jackson-databind:jar:2.9.8:compile - version managed from 2.9.4; omitted for duplicate)
|  |  |  +- com.fasterxml.jackson.module:jackson-module-jaxb-annotations:jar:2.9.8:compile
|  |  |  |  +- (com.fasterxml.jackson.core:jackson-annotations:jar:2.9.0:compile - version managed from 2.9.4; omitted for duplicate)
|  |  |  |  +- (com.fasterxml.jackson.core:jackson-core:jar:2.9.8:compile - version managed from 2.9.4; omitted for duplicate)
|  |  |  |  \- (com.fasterxml.jackson.core:jackson-databind:jar:2.9.8:compile - version managed from 2.9.4; omitted for duplicate)
|  |  |  +- org.codehaus.woodstox:stax2-api:jar:3.1.4:compile
|  |  |  \- com.fasterxml.woodstox:woodstox-core:jar:5.0.3:compile
|  |  |     \- (org.codehaus.woodstox:stax2-api:jar:3.1.4:compile - omitted for duplicate)
|  |  \- com.thoughtworks.xstream:xstream:jar:1.4.10:compile
|  |     +- xmlpull:xmlpull:jar:1.1.3.1:compile
|  |     \- xpp3:xpp3_min:jar:1.1.4c:compile
|  +- (org.springframework.cloud:spring-cloud-starter-netflix-archaius:jar:2.1.1.RELEASE:compile - omitted for duplicate)
|  +- (org.springframework.cloud:spring-cloud-starter-netflix-ribbon:jar:2.1.1.RELEASE:compile - omitted for duplicate)
|  \- com.netflix.ribbon:ribbon-eureka:jar:2.3.0:compile
|     +- (com.netflix.ribbon:ribbon-core:jar:2.3.0:runtime - omitted for duplicate)
|     +- (com.netflix.ribbon:ribbon-loadbalancer:jar:2.3.0:runtime - omitted for duplicate)
|     +- (com.netflix.eureka:eureka-client:jar:1.9.8:runtime - version managed from 1.7.2; omitted for duplicate)
|     +- (org.slf4j:slf4j-api:jar:1.7.26:runtime - version managed from 1.7.12; omitted for duplicate)
|     \- (com.netflix.archaius:archaius-core:jar:0.7.6:runtime - version managed from 0.3.3; omitted for duplicate)
+- org.springframework.cloud:spring-cloud-starter-config:jar:2.1.1.RELEASE:compile
|  +- (org.springframework.cloud:spring-cloud-starter:jar:2.1.1.RELEASE:compile - omitted for duplicate)
|  +- org.springframework.cloud:spring-cloud-config-client:jar:2.1.1.RELEASE:compile
|  |  +- (org.springframework.boot:spring-boot-autoconfigure:jar:2.1.4.RELEASE:compile - version managed from 2.1.3.RELEASE; omitted for duplicate)
|  |  +- (org.springframework.cloud:spring-cloud-commons:jar:2.1.1.RELEASE:compile - omitted for duplicate)
|  |  +- (org.springframework.cloud:spring-cloud-context:jar:2.1.1.RELEASE:compile - omitted for duplicate)
|  |  +- (org.springframework:spring-web:jar:5.1.6.RELEASE:compile - version managed from 5.1.5.RELEASE; omitted for duplicate)
|  |  +- (com.fasterxml.jackson.core:jackson-annotations:jar:2.9.0:compile - version managed from 2.9.4; omitted for duplicate)
|  |  \- (com.fasterxml.jackson.core:jackson-databind:jar:2.9.8:compile - version managed from 2.9.4; omitted for duplicate)
|  \- (com.fasterxml.jackson.core:jackson-databind:jar:2.9.8:compile - version managed from 2.9.4; omitted for duplicate)
+- org.springframework.cloud:spring-cloud-config-server:jar:2.1.1.RELEASE:compile
|  +- (org.springframework.cloud:spring-cloud-config-client:jar:2.1.1.RELEASE:compile - omitted for duplicate)
|  +- (org.springframework.boot:spring-boot-starter-actuator:jar:2.1.4.RELEASE:compile - version managed from 2.1.3.RELEASE; omitted for duplicate)
|  +- (org.springframework.boot:spring-boot-starter-web:jar:2.1.4.RELEASE:compile - version managed from 2.1.3.RELEASE; omitted for duplicate)
|  +- org.springframework.security:spring-security-crypto:jar:5.1.5.RELEASE:compile
|  +- (org.springframework.security:spring-security-rsa:jar:1.0.7.RELEASE:compile - omitted for duplicate)
|  +- org.eclipse.jgit:org.eclipse.jgit:jar:5.1.3.201810200350-r:compile
|  |  +- com.jcraft:jsch:jar:0.1.54:compile
|  |  +- com.jcraft:jzlib:jar:1.1.1:compile
|  |  +- com.googlecode.javaewah:JavaEWAH:jar:1.1.6:compile
|  |  \- (org.slf4j:slf4j-api:jar:1.7.26:compile - version managed from 1.7.2; omitted for duplicate)
|  +- org.eclipse.jgit:org.eclipse.jgit.http.apache:jar:5.1.3.201810200350-r:compile
|  |  +- (org.eclipse.jgit:org.eclipse.jgit:jar:5.1.3.201810200350-r:compile - omitted for duplicate)
|  |  +- (org.apache.httpcomponents:httpclient:jar:4.5.8:compile - version managed from 4.5.5; omitted for duplicate)
|  |  \- org.apache.httpcomponents:httpcore:jar:4.4.11:compile
|  \- org.yaml:snakeyaml:jar:1.23:compile
+- org.springframework.cloud:spring-cloud-starter-openfeign:jar:2.1.1.RELEASE:compile
|  +- (org.springframework.cloud:spring-cloud-starter:jar:2.1.1.RELEASE:compile - omitted for duplicate)
|  +- org.springframework.cloud:spring-cloud-openfeign-core:jar:2.1.1.RELEASE:compile
|  |  +- (org.springframework.boot:spring-boot-autoconfigure:jar:2.1.4.RELEASE:compile - version managed from 2.1.3.RELEASE; omitted for duplicate)
|  |  +- (org.springframework.cloud:spring-cloud-netflix-ribbon:jar:2.1.1.RELEASE:compile - omitted for duplicate)
|  |  +- (org.springframework.boot:spring-boot-starter-aop:jar:2.1.4.RELEASE:compile - version managed from 2.1.3.RELEASE; omitted for duplicate)
|  |  \- io.github.openfeign.form:feign-form-spring:jar:3.5.0:compile
|  |     +- io.github.openfeign.form:feign-form:jar:3.5.0:compile
|  |     |  \- (org.slf4j:slf4j-api:jar:1.7.26:compile - version managed from 1.7.25; omitted for duplicate)
|  |     +- (org.springframework:spring-web:jar:5.1.6.RELEASE:compile - version managed from 5.1.3.RELEASE; omitted for duplicate)
|  |     +- commons-fileupload:commons-fileupload:jar:1.3.3:compile
|  |     |  \- (commons-io:commons-io:jar:2.6:compile - version managed from 2.2; omitted for duplicate)
|  |     \- (org.slf4j:slf4j-api:jar:1.7.26:compile - version managed from 1.7.25; omitted for duplicate)
|  +- (org.springframework:spring-web:jar:5.1.6.RELEASE:compile - version managed from 5.1.5.RELEASE; omitted for duplicate)
|  +- (org.springframework.cloud:spring-cloud-commons:jar:2.1.1.RELEASE:compile - omitted for duplicate)
|  +- io.github.openfeign:feign-core:jar:10.1.0:compile
|  +- io.github.openfeign:feign-slf4j:jar:10.1.0:compile
|  |  +- (io.github.openfeign:feign-core:jar:10.1.0:compile - omitted for duplicate)
|  |  \- (org.slf4j:slf4j-api:jar:1.7.26:compile - version managed from 1.7.13; omitted for duplicate)
|  +- io.github.openfeign:feign-hystrix:jar:10.1.0:compile
|  |  +- (io.github.openfeign:feign-core:jar:10.1.0:compile - omitted for duplicate)
|  |  +- (com.netflix.archaius:archaius-core:jar:0.7.6:compile - version managed from 0.6.6; omitted for duplicate)
|  |  \- (com.netflix.hystrix:hystrix-core:jar:1.5.18:compile - version managed from 1.4.26; omitted for duplicate)
|  \- (io.github.openfeign:feign-core:jar:10.1.0:compile - omitted for duplicate)
+- org.springframework.boot:spring-boot-starter-cloud-connectors:jar:2.1.4.RELEASE:compile
|  +- (org.springframework.boot:spring-boot-starter:jar:2.1.4.RELEASE:compile - version managed from 2.1.3.RELEASE; omitted for duplicate)
|  +- org.springframework.cloud:spring-cloud-spring-service-connector:jar:2.0.5.RELEASE:compile
|  |  +- org.springframework.cloud:spring-cloud-connectors-core:jar:2.0.5.RELEASE:compile
|  |  \- (org.springframework:spring-context:jar:5.1.6.RELEASE:compile - version managed from 5.0.0.RELEASE; omitted for duplicate)
|  +- org.springframework.cloud:spring-cloud-cloudfoundry-connector:jar:2.0.5.RELEASE:compile
|  |  +- (com.fasterxml.jackson.core:jackson-core:jar:2.9.8:compile - version managed from 2.9.4; omitted for duplicate)
|  |  +- (com.fasterxml.jackson.core:jackson-databind:jar:2.9.8:compile - version managed from 2.9.4; omitted for duplicate)
|  |  \- (org.springframework.cloud:spring-cloud-connectors-core:jar:2.0.5.RELEASE:compile - omitted for duplicate)
|  +- org.springframework.cloud:spring-cloud-heroku-connector:jar:2.0.5.RELEASE:compile
|  |  \- (org.springframework.cloud:spring-cloud-connectors-core:jar:2.0.5.RELEASE:compile - omitted for duplicate)
|  \- org.springframework.cloud:spring-cloud-localconfig-connector:jar:2.0.5.RELEASE:compile
|     +- (org.apache.commons:commons-lang3:jar:3.8.1:compile - version managed from 3.3.2; omitted for duplicate)
|     \- (org.springframework.cloud:spring-cloud-connectors-core:jar:2.0.5.RELEASE:compile - omitted for duplicate)
+- org.springframework.boot:spring-boot-starter-oauth2-client:jar:2.1.4.RELEASE:compile
|  +- (org.springframework.boot:spring-boot-starter:jar:2.1.4.RELEASE:compile - version managed from 2.1.3.RELEASE; omitted for duplicate)
|  +- (org.springframework.security:spring-security-config:jar:5.1.5.RELEASE:compile - omitted for duplicate)
|  +- org.springframework.security:spring-security-core:jar:5.1.5.RELEASE:compile
|  |  +- (org.springframework:spring-aop:jar:5.1.6.RELEASE:compile - version managed from 4.0.9.RELEASE; omitted for duplicate)
|  |  +- (org.springframework:spring-beans:jar:5.1.6.RELEASE:compile - version managed from 4.0.9.RELEASE; omitted for duplicate)
|  |  +- (org.springframework:spring-context:jar:5.1.6.RELEASE:compile - version managed from 5.0.0.RELEASE; omitted for duplicate)
|  |  +- (org.springframework:spring-core:jar:5.1.6.RELEASE:compile - version managed from 4.3.22.RELEASE; omitted for duplicate)
|  |  \- (org.springframework:spring-expression:jar:5.1.6.RELEASE:compile - omitted for duplicate)
|  +- org.springframework.security:spring-security-oauth2-client:jar:5.1.5.RELEASE:compile
|  |  +- com.nimbusds:oauth2-oidc-sdk:jar:6.0:compile
|  |  |  +- (com.sun.mail:javax.mail:jar:1.6.2:compile - version managed from 1.6.1; omitted for duplicate)
|  |  |  +- com.github.stephenc.jcip:jcip-annotations:jar:1.0-1:compile
|  |  |  +- net.minidev:json-smart:jar:2.3:compile
|  |  |  |  \- net.minidev:accessors-smart:jar:1.2:compile
|  |  |  |     \- org.ow2.asm:asm:jar:5.0.4:compile
|  |  |  +- com.nimbusds:lang-tag:jar:1.5:compile
|  |  |  \- (com.nimbusds:nimbus-jose-jwt:jar:6.0.2:compile - omitted for duplicate)
|  |  +- (org.springframework.security:spring-security-core:jar:5.1.5.RELEASE:compile - omitted for duplicate)
|  |  +- org.springframework.security:spring-security-oauth2-core:jar:5.1.5.RELEASE:compile
|  |  |  +- (org.springframework.security:spring-security-core:jar:5.1.5.RELEASE:compile - omitted for duplicate)
|  |  |  +- (org.springframework:spring-core:jar:5.1.6.RELEASE:compile - version managed from 4.3.22.RELEASE; omitted for duplicate)
|  |  |  \- (org.springframework:spring-web:jar:5.1.6.RELEASE:compile - version managed from 5.1.5.RELEASE; omitted for duplicate)
|  |  +- (org.springframework.security:spring-security-web:jar:5.1.5.RELEASE:compile - omitted for duplicate)
|  |  \- (org.springframework:spring-core:jar:5.1.6.RELEASE:compile - version managed from 4.3.22.RELEASE; omitted for duplicate)
|  \- org.springframework.security:spring-security-oauth2-jose:jar:5.1.5.RELEASE:compile
|     +- com.nimbusds:nimbus-jose-jwt:jar:6.0.2:compile
|     |  +- (com.github.stephenc.jcip:jcip-annotations:jar:1.0-1:compile - omitted for duplicate)
|     |  \- (net.minidev:json-smart:jar:2.3:compile - omitted for duplicate)
|     +- (org.springframework.security:spring-security-core:jar:5.1.5.RELEASE:compile - omitted for duplicate)
|     +- (org.springframework.security:spring-security-oauth2-core:jar:5.1.5.RELEASE:compile - omitted for duplicate)
|     \- (org.springframework:spring-core:jar:5.1.6.RELEASE:compile - version managed from 4.3.22.RELEASE; omitted for duplicate)
+- org.springframework.boot:spring-boot-starter-oauth2-resource-server:jar:2.1.4.RELEASE:compile
|  +- (org.springframework.boot:spring-boot-starter:jar:2.1.4.RELEASE:compile - version managed from 2.1.3.RELEASE; omitted for duplicate)
|  +- (org.springframework.security:spring-security-config:jar:5.1.5.RELEASE:compile - omitted for duplicate)
|  +- (org.springframework.security:spring-security-core:jar:5.1.5.RELEASE:compile - omitted for duplicate)
|  +- org.springframework.security:spring-security-oauth2-resource-server:jar:5.1.5.RELEASE:compile
|  |  +- (org.springframework.security:spring-security-core:jar:5.1.5.RELEASE:compile - omitted for duplicate)
|  |  +- (org.springframework.security:spring-security-oauth2-core:jar:5.1.5.RELEASE:compile - omitted for duplicate)
|  |  +- (org.springframework.security:spring-security-web:jar:5.1.5.RELEASE:compile - omitted for duplicate)
|  |  \- (org.springframework:spring-core:jar:5.1.6.RELEASE:compile - version managed from 4.3.22.RELEASE; omitted for duplicate)
|  \- (org.springframework.security:spring-security-oauth2-jose:jar:5.1.5.RELEASE:compile - omitted for duplicate)
+- org.springframework.security:spring-security-jwt:jar:1.0.10.RELEASE:compile
|  \- org.bouncycastle:bcpkix-jdk15on:jar:1.60:compile
|     \- org.bouncycastle:bcprov-jdk15on:jar:1.60:compile
+- org.springframework.security:spring-security-data:jar:5.1.5.RELEASE:compile
|  +- javax.xml.bind:jaxb-api:jar:2.3.1:compile
|  |  \- (javax.activation:javax.activation-api:jar:1.2.0:compile - omitted for duplicate)
|  +- org.springframework.data:spring-data-commons:jar:2.1.6.RELEASE:compile
|  |  +- (org.springframework:spring-core:jar:5.1.6.RELEASE:compile - version managed from 4.3.22.RELEASE; omitted for duplicate)
|  |  +- (org.springframework:spring-beans:jar:5.1.6.RELEASE:compile - version managed from 4.0.9.RELEASE; omitted for duplicate)
|  |  \- (org.slf4j:slf4j-api:jar:1.7.26:compile - version managed from 1.7.25; omitted for duplicate)
|  +- (org.springframework.security:spring-security-core:jar:5.1.5.RELEASE:compile - omitted for duplicate)
|  \- (org.springframework:spring-core:jar:5.1.6.RELEASE:compile - version managed from 4.3.22.RELEASE; omitted for duplicate)
+- io.micrometer:micrometer-registry-prometheus:jar:1.1.4:runtime
|  +- (io.micrometer:micrometer-core:jar:1.1.4:runtime - omitted for duplicate)
|  \- io.prometheus:simpleclient_common:jar:0.5.0:runtime
|     \- io.prometheus:simpleclient:jar:0.6.0:runtime (version managed from 0.5.0)
+- org.glassfish.jaxb:jaxb-runtime:jar:2.3.1:compile
|  +- (javax.xml.bind:jaxb-api:jar:2.3.1:compile - version managed from 2.4.0-b180830.0359; omitted for duplicate)
|  +- org.glassfish.jaxb:txw2:jar:2.3.1:compile
|  +- com.sun.istack:istack-commons-runtime:jar:3.0.7:compile
|  +- org.jvnet.staxex:stax-ex:jar:1.8:compile
|  +- com.sun.xml.fastinfoset:FastInfoset:jar:1.2.15:compile
|  \- javax.activation:javax.activation-api:jar:1.2.0:compile
+- org.springframework.boot:spring-boot-starter-undertow:jar:2.1.4.RELEASE:compile
|  +- io.undertow:undertow-core:jar:2.0.19.Final:compile
|  |  +- (org.jboss.logging:jboss-logging:jar:3.3.2.Final:compile - omitted for duplicate)
|  |  +- org.jboss.xnio:xnio-api:jar:3.3.8.Final:compile
|  |  \- org.jboss.xnio:xnio-nio:jar:3.3.8.Final:runtime
|  |     \- (org.jboss.xnio:xnio-api:jar:3.3.8.Final:runtime - omitted for duplicate)
|  +- io.undertow:undertow-servlet:jar:2.0.19.Final:compile
|  |  +- (io.undertow:undertow-core:jar:2.0.19.Final:compile - omitted for duplicate)
|  |  \- org.jboss.spec.javax.annotation:jboss-annotations-api_1.2_spec:jar:1.0.2.Final:compile
|  +- io.undertow:undertow-websockets-jsr:jar:2.0.19.Final:compile
|  |  +- (io.undertow:undertow-core:jar:2.0.19.Final:compile - omitted for duplicate)
|  |  +- (io.undertow:undertow-servlet:jar:2.0.19.Final:compile - omitted for duplicate)
|  |  \- org.jboss.spec.javax.websocket:jboss-websocket-api_1.1_spec:jar:1.1.3.Final:compile
|  +- javax.servlet:javax.servlet-api:jar:4.0.1:compile
|  \- org.glassfish:javax.el:jar:3.0.0:compile
\- org.springframework.boot:spring-boot-devtools:jar:2.1.4.RELEASE:compile
   +- org.springframework.boot:spring-boot:jar:2.1.4.RELEASE:compile
   |  +- (org.springframework:spring-core:jar:5.1.6.RELEASE:compile - version managed from 4.3.22.RELEASE; omitted for duplicate)
   |  \- (org.springframework:spring-context:jar:5.1.6.RELEASE:compile - version managed from 5.0.0.RELEASE; omitted for duplicate)
   \- (org.springframework.boot:spring-boot-autoconfigure:jar:2.1.4.RELEASE:compile - version managed from 2.1.3.RELEASE; omitted for duplicate)

