WARNING: Your kernel does not support swap limit capabilities or the cgroup is not mounted. Memory limited without swap.
io.github.jhipster:jhipster-registry:war:1.1.0
+- org.springframework.cloud:spring-cloud-starter-eureka-server:jar:1.1.0.RC1:compile
|  +- org.springframework.cloud:spring-cloud-starter:jar:1.1.0.RC2:compile
|  |  +- (org.springframework.boot:spring-boot-starter:jar:1.3.3.RELEASE:compile - omitted for duplicate)
|  |  +- org.springframework.cloud:spring-cloud-context:jar:1.1.0.RC2:compile
|  |  |  \- (org.springframework.security:spring-security-crypto:jar:4.0.3.RELEASE:compile - omitted for duplicate)
|  |  \- org.springframework.cloud:spring-cloud-commons:jar:1.1.0.RC2:compile
|  |     \- (org.springframework.security:spring-security-crypto:jar:4.0.3.RELEASE:compile - omitted for duplicate)
|  +- org.springframework.cloud:spring-cloud-netflix-eureka-server:jar:1.1.0.RC1:compile
|  |  +- (org.springframework.boot:spring-boot-starter-web:jar:1.3.3.RELEASE:compile - omitted for duplicate)
|  |  +- (org.springframework.boot:spring-boot-starter-actuator:jar:1.3.3.RELEASE:compile - omitted for duplicate)
|  |  +- org.springframework.boot:spring-boot-starter-freemarker:jar:1.3.3.RELEASE:compile
|  |  |  +- (org.springframework.boot:spring-boot-starter:jar:1.3.3.RELEASE:compile - omitted for duplicate)
|  |  |  +- (org.springframework.boot:spring-boot-starter-web:jar:1.3.3.RELEASE:compile - omitted for duplicate)
|  |  |  +- org.freemarker:freemarker:jar:2.3.23:compile
|  |  |  \- org.springframework:spring-context-support:jar:4.2.5.RELEASE:compile
|  |  |     +- (org.springframework:spring-beans:jar:4.2.5.RELEASE:compile - omitted for duplicate)
|  |  |     +- (org.springframework:spring-context:jar:4.2.5.RELEASE:compile - omitted for duplicate)
|  |  |     \- (org.springframework:spring-core:jar:4.2.5.RELEASE:compile - omitted for duplicate)
|  |  +- (org.springframework.cloud:spring-cloud-commons:jar:1.1.0.RC2:compile - omitted for duplicate)
|  |  +- org.springframework.cloud:spring-cloud-netflix-core:jar:1.1.0.RC1:compile
|  |  |  +- (org.springframework.boot:spring-boot:jar:1.3.3.RELEASE:compile - omitted for duplicate)
|  |  |  \- (org.springframework.boot:spring-boot-autoconfigure:jar:1.3.3.RELEASE:compile - omitted for duplicate)
|  |  +- org.springframework.cloud:spring-cloud-netflix-eureka-client:jar:1.1.0.RC1:compile
|  |  |  \- (org.springframework.cloud:spring-cloud-netflix-core:jar:1.1.0.RC1:compile - omitted for duplicate)
|  |  +- com.netflix.eureka:eureka-client:jar:1.4.4:compile
|  |  |  +- org.codehaus.jettison:jettison:jar:1.3.7:runtime
|  |  |  |  \- stax:stax-api:jar:1.0.1:runtime
|  |  |  +- com.netflix.netflix-commons:netflix-eventbus:jar:0.3.0:runtime
|  |  |  |  +- (org.slf4j:slf4j-api:jar:1.7.16:compile - version managed from 1.6.4; scope updated from runtime; omitted for duplicate)
|  |  |  |  +- (com.netflix.servo:servo-core:jar:0.10.1:runtime - version managed from 0.12.3; omitted for duplicate)
|  |  |  |  \- (com.netflix.archaius:archaius-core:jar:0.7.3:runtime - version managed from 0.3.3; omitted for duplicate)
|  |  |  +- (com.thoughtworks.xstream:xstream:jar:1.4.2:runtime - omitted for duplicate)
|  |  |  +- (com.netflix.archaius:archaius-core:jar:0.7.3:runtime - version managed from 0.3.3; omitted for duplicate)
|  |  |  +- (javax.ws.rs:jsr311-api:jar:1.1.1:compile - scope updated from runtime; omitted for duplicate)
|  |  |  +- com.netflix.servo:servo-core:jar:0.10.1:runtime
|  |  |  |  +- (org.slf4j:slf4j-api:jar:1.7.16:compile - version managed from 1.7.12; scope updated from runtime; omitted for duplicate)
|  |  |  |  +- (com.google.guava:guava:jar:18.0:runtime - version managed from 16.0.1; omitted for duplicate)
|  |  |  |  \- com.netflix.servo:servo-internal:jar:0.10.1:runtime
|  |  |  |     +- (org.slf4j:slf4j-api:jar:1.7.16:runtime - version managed from 1.7.12; omitted for duplicate)
|  |  |  |     \- (com.google.guava:guava:jar:18.0:runtime - version managed from 16.0.1; omitted for duplicate)
|  |  |  +- (com.sun.jersey:jersey-core:jar:1.19.1:compile - version managed from 1.19; scope updated from runtime; omitted for duplicate)
|  |  |  +- com.sun.jersey:jersey-client:jar:1.19.1:runtime (version managed from 1.19)
|  |  |  |  \- (com.sun.jersey:jersey-core:jar:1.19.1:runtime - version managed from 1.19; omitted for duplicate)
|  |  |  +- com.sun.jersey.contribs:jersey-apache-client4:jar:1.19.1:runtime (version managed from 1.19)
|  |  |  |  +- (org.apache.httpcomponents:httpclient:jar:4.5:runtime - version managed from 4.3.4; omitted for duplicate)
|  |  |  |  \- (com.sun.jersey:jersey-client:jar:1.19.1:runtime - version managed from 1.19; omitted for duplicate)
|  |  |  +- (org.apache.httpcomponents:httpclient:jar:4.5:runtime - version managed from 4.1.3; omitted for duplicate)
|  |  |  +- com.google.inject:guice:jar:4.0:runtime
|  |  |  |  +- (javax.inject:javax.inject:jar:1:runtime - omitted for duplicate)
|  |  |  |  +- (aopalliance:aopalliance:jar:1.0:compile - scope updated from runtime; omitted for duplicate)
|  |  |  |  \- (com.google.guava:guava:jar:18.0:runtime - version managed from 16.0.1; omitted for duplicate)
|  |  |  +- com.netflix.governator:governator-api:jar:1.12.10:runtime
|  |  |  |  \- (javax.inject:javax.inject:jar:1:runtime - omitted for duplicate)
|  |  |  +- (com.fasterxml.jackson.core:jackson-annotations:jar:2.6.5:compile - version managed from 2.5.4; scope updated from runtime; omitted for duplicate)
|  |  |  +- (com.fasterxml.jackson.core:jackson-core:jar:2.6.5:compile - version managed from 2.5.4; scope updated from runtime; omitted for duplicate)
|  |  |  \- (com.fasterxml.jackson.core:jackson-databind:jar:2.6.5:runtime - version managed from 2.5.4; omitted for duplicate)
|  |  +- com.sun.jersey:jersey-servlet:jar:1.19.1:compile
|  |  |  \- (com.sun.jersey:jersey-server:jar:1.19.1:compile - omitted for duplicate)
|  |  +- com.sun.jersey:jersey-server:jar:1.19.1:compile
|  |  |  \- com.sun.jersey:jersey-core:jar:1.19.1:compile (version managed from 1.19)
|  |  |     \- javax.ws.rs:jsr311-api:jar:1.1.1:compile
|  |  +- com.netflix.eureka:eureka-core:jar:1.4.4:compile
|  |  |  +- (com.netflix.eureka:eureka-client:jar:1.4.4:runtime - omitted for duplicate)
|  |  |  +- com.amazonaws:aws-java-sdk-core:jar:1.10.30:runtime (version managed from 1.9.3)
|  |  |  |  +- (org.apache.httpcomponents:httpclient:jar:4.5:runtime - version managed from 4.3.6; omitted for duplicate)
|  |  |  |  \- (com.fasterxml.jackson.core:jackson-databind:jar:2.6.5:runtime - version managed from 2.5.3; omitted for duplicate)
|  |  |  +- com.amazonaws:aws-java-sdk-ec2:jar:1.10.30:runtime (version managed from 1.9.3)
|  |  |  |  \- (com.amazonaws:aws-java-sdk-core:jar:1.10.30:runtime - version managed from 1.9.3; omitted for duplicate)
|  |  |  +- com.amazonaws:aws-java-sdk-autoscaling:jar:1.9.3:runtime
|  |  |  |  \- (com.amazonaws:aws-java-sdk-core:jar:1.10.30:runtime - version managed from 1.9.3; omitted for duplicate)
|  |  |  +- com.amazonaws:aws-java-sdk-sts:jar:1.9.3:runtime
|  |  |  |  \- (com.amazonaws:aws-java-sdk-core:jar:1.10.30:runtime - version managed from 1.9.3; omitted for duplicate)
|  |  |  +- com.amazonaws:aws-java-sdk-route53:jar:1.9.3:runtime
|  |  |  |  \- (com.amazonaws:aws-java-sdk-core:jar:1.10.30:runtime - version managed from 1.9.3; omitted for duplicate)
|  |  |  +- com.netflix.governator:governator:jar:1.12.10:runtime
|  |  |  |  +- (com.netflix.governator:governator-api:jar:1.12.10:runtime - omitted for duplicate)
|  |  |  |  +- com.netflix.governator:governator-core:jar:1.12.10:runtime
|  |  |  |  |  +- (com.netflix.governator:governator-api:jar:1.12.10:runtime - omitted for duplicate)
|  |  |  |  |  +- (javax.inject:javax.inject:jar:1:runtime - omitted for duplicate)
|  |  |  |  |  +- (org.slf4j:slf4j-api:jar:1.7.16:runtime - version managed from 1.6.3; omitted for duplicate)
|  |  |  |  |  \- (com.google.inject:guice:jar:4.0:runtime - omitted for duplicate)
|  |  |  |  +- (org.hibernate:hibernate-validator:jar:5.2.4.Final:runtime - version managed from 4.1.0.Final; omitted for duplicate)
|  |  |  |  +- org.ow2.asm:asm:jar:5.0.4:runtime
|  |  |  |  \- (com.fasterxml.jackson.core:jackson-databind:jar:2.6.5:runtime - version managed from 2.4.3; omitted for duplicate)
|  |  |  +- (com.thoughtworks.xstream:xstream:jar:1.4.2:runtime - omitted for duplicate)
|  |  |  +- (javax.ws.rs:jsr311-api:jar:1.1.1:compile - scope updated from runtime; omitted for duplicate)
|  |  |  \- org.codehaus.woodstox:woodstox-core-asl:jar:4.4.1:runtime
|  |  |     +- javax.xml.stream:stax-api:jar:1.0-2:runtime
|  |  |     \- (org.codehaus.woodstox:stax2-api:jar:3.1.4:runtime - omitted for duplicate)
|  |  +- com.netflix.archaius:archaius-core:jar:0.7.3:compile
|  |  |  +- com.google.code.findbugs:jsr305:jar:3.0.1:runtime
|  |  |  +- (commons-configuration:commons-configuration:jar:1.8:runtime - omitted for duplicate)
|  |  |  +- (org.slf4j:slf4j-api:jar:1.7.16:compile - version managed from 1.6.4; scope updated from runtime; omitted for duplicate)
|  |  |  +- (com.google.guava:guava:jar:18.0:runtime - version managed from 16.0; omitted for duplicate)
|  |  |  +- (com.fasterxml.jackson.core:jackson-annotations:jar:2.6.5:compile - version managed from 2.4.3; scope updated from runtime; omitted for duplicate)
|  |  |  +- (com.fasterxml.jackson.core:jackson-core:jar:2.6.5:compile - version managed from 2.4.3; scope updated from runtime; omitted for duplicate)
|  |  |  \- (com.fasterxml.jackson.core:jackson-databind:jar:2.6.5:runtime - version managed from 2.4.3; omitted for duplicate)
|  |  +- (javax.inject:javax.inject:jar:1:compile - omitted for duplicate)
|  |  +- com.fasterxml.jackson.dataformat:jackson-dataformat-xml:jar:2.6.5:compile
|  |  |  +- (com.fasterxml.jackson.core:jackson-core:jar:2.6.5:compile - version managed from 2.4.3; omitted for duplicate)
|  |  |  +- (com.fasterxml.jackson.core:jackson-annotations:jar:2.6.5:compile - version managed from 2.6.0; omitted for duplicate)
|  |  |  +- (com.fasterxml.jackson.core:jackson-databind:jar:2.6.5:compile - version managed from 2.4.3; omitted for duplicate)
|  |  |  +- com.fasterxml.jackson.module:jackson-module-jaxb-annotations:jar:2.6.5:compile
|  |  |  |  +- (com.fasterxml.jackson.core:jackson-core:jar:2.6.5:compile - version managed from 2.4.3; omitted for duplicate)
|  |  |  |  \- (com.fasterxml.jackson.core:jackson-databind:jar:2.6.5:compile - version managed from 2.4.3; omitted for duplicate)
|  |  |  \- org.codehaus.woodstox:stax2-api:jar:3.1.4:compile
|  |  \- com.thoughtworks.xstream:xstream:jar:1.4.2:compile
|  |     +- xmlpull:xmlpull:jar:1.1.3.1:compile
|  |     \- xpp3:xpp3_min:jar:1.1.4c:compile
|  +- org.springframework.cloud:spring-cloud-starter-archaius:jar:1.1.0.RC1:compile
|  |  +- (org.springframework.cloud:spring-cloud-starter:jar:1.1.0.RC2:compile - omitted for duplicate)
|  |  +- (org.springframework.cloud:spring-cloud-netflix-core:jar:1.1.0.RC1:compile - omitted for duplicate)
|  |  +- (com.netflix.archaius:archaius-core:jar:0.7.3:compile - version managed from 0.3.3; omitted for duplicate)
|  |  +- commons-configuration:commons-configuration:jar:1.8:compile
|  |  |  +- commons-lang:commons-lang:jar:2.6:compile
|  |  |  \- commons-logging:commons-logging:jar:1.1.1:compile
|  |  +- com.fasterxml.jackson.core:jackson-annotations:jar:2.6.5:compile
|  |  +- com.fasterxml.jackson.core:jackson-core:jar:2.6.5:compile
|  |  +- (com.fasterxml.jackson.core:jackson-databind:jar:2.6.5:compile - version managed from 2.4.3; omitted for duplicate)
|  |  \- com.google.guava:guava:jar:18.0:compile
|  +- org.springframework.cloud:spring-cloud-starter-ribbon:jar:1.1.0.RC1:compile
|  |  +- (org.springframework.cloud:spring-cloud-starter:jar:1.1.0.RC2:compile - omitted for duplicate)
|  |  +- (org.springframework.cloud:spring-cloud-netflix-core:jar:1.1.0.RC1:compile - omitted for duplicate)
|  |  +- (org.springframework.cloud:spring-cloud-starter-archaius:jar:1.1.0.RC1:compile - omitted for duplicate)
|  |  +- com.netflix.ribbon:ribbon:jar:2.1.3:compile
|  |  |  +- (com.netflix.ribbon:ribbon-core:jar:2.1.3:runtime - omitted for duplicate)
|  |  |  +- com.netflix.ribbon:ribbon-transport:jar:2.1.3:runtime
|  |  |  |  +- (com.netflix.ribbon:ribbon-core:jar:2.1.3:runtime - omitted for duplicate)
|  |  |  |  +- (com.netflix.ribbon:ribbon-loadbalancer:jar:2.1.3:runtime - omitted for duplicate)
|  |  |  |  +- (io.reactivex:rxjava:jar:1.0.14:runtime - version managed from 1.0.10; omitted for duplicate)
|  |  |  |  +- (io.reactivex:rxnetty:jar:0.4.9:runtime - omitted for duplicate)
|  |  |  |  +- io.reactivex:rxnetty-contexts:jar:0.4.9:runtime
|  |  |  |  |  +- (io.reactivex:rxjava:jar:1.0.14:runtime - version managed from 1.0.10; omitted for duplicate)
|  |  |  |  |  \- (io.reactivex:rxnetty:jar:0.4.9:runtime - omitted for duplicate)
|  |  |  |  +- io.reactivex:rxnetty-servo:jar:0.4.9:runtime
|  |  |  |  |  +- (io.reactivex:rxjava:jar:1.0.14:runtime - version managed from 1.0.10; omitted for duplicate)
|  |  |  |  |  +- (io.reactivex:rxnetty:jar:0.4.9:runtime - omitted for duplicate)
|  |  |  |  |  \- (com.netflix.servo:servo-core:jar:0.10.1:runtime - version managed from 0.7.5; omitted for duplicate)
|  |  |  |  +- (javax.inject:javax.inject:jar:1:runtime - omitted for duplicate)
|  |  |  |  +- (org.slf4j:slf4j-api:jar:1.7.16:compile - version managed from 1.7.7; scope updated from runtime; omitted for duplicate)
|  |  |  |  +- (com.google.guava:guava:jar:18.0:runtime - version managed from 14.0.1; omitted for duplicate)
|  |  |  |  \- (com.netflix.archaius:archaius-core:jar:0.7.3:runtime - version managed from 0.6.6; omitted for duplicate)
|  |  |  +- com.netflix.hystrix:hystrix-core:jar:1.5.1:runtime (version managed from 1.4.3)
|  |  |  |  +- (com.netflix.archaius:archaius-core:jar:0.7.3:runtime - version managed from 0.4.1; omitted for duplicate)
|  |  |  |  +- (io.reactivex:rxjava:jar:1.0.14:runtime - version managed from 1.1.1; omitted for duplicate)
|  |  |  |  +- (org.slf4j:slf4j-api:jar:1.7.16:compile - version managed from 1.7.0; scope updated from runtime; omitted for duplicate)
|  |  |  |  \- org.hdrhistogram:HdrHistogram:jar:2.1.7:runtime
|  |  |  +- (javax.inject:javax.inject:jar:1:runtime - omitted for duplicate)
|  |  |  +- (io.reactivex:rxjava:jar:1.0.14:runtime - version managed from 1.1.1; omitted for duplicate)
|  |  |  +- io.reactivex:rxnetty:jar:0.4.9:runtime
|  |  |  |  +- (io.reactivex:rxjava:jar:1.0.14:runtime - version managed from 1.0.10; omitted for duplicate)
|  |  |  |  +- io.netty:netty-codec-http:jar:4.0.27.Final:runtime
|  |  |  |  |  +- io.netty:netty-codec:jar:4.0.27.Final:runtime
|  |  |  |  |  |  \- (io.netty:netty-transport:jar:4.0.27.Final:runtime - omitted for duplicate)
|  |  |  |  |  \- io.netty:netty-handler:jar:4.0.27.Final:runtime
|  |  |  |  |     +- (io.netty:netty-buffer:jar:4.0.27.Final:runtime - omitted for duplicate)
|  |  |  |  |     +- (io.netty:netty-transport:jar:4.0.27.Final:runtime - omitted for duplicate)
|  |  |  |  |     \- (io.netty:netty-codec:jar:4.0.27.Final:runtime - omitted for duplicate)
|  |  |  |  +- io.netty:netty-transport-native-epoll:jar:4.0.27.Final:runtime
|  |  |  |  |  +- io.netty:netty-common:jar:4.0.27.Final:runtime
|  |  |  |  |  +- io.netty:netty-buffer:jar:4.0.27.Final:runtime
|  |  |  |  |  |  \- (io.netty:netty-common:jar:4.0.27.Final:runtime - omitted for duplicate)
|  |  |  |  |  \- io.netty:netty-transport:jar:4.0.27.Final:runtime
|  |  |  |  |     \- (io.netty:netty-buffer:jar:4.0.27.Final:runtime - omitted for duplicate)
|  |  |  |  \- (org.slf4j:slf4j-api:jar:1.7.16:compile - version managed from 1.7.6; scope updated from runtime; omitted for duplicate)
|  |  |  +- (commons-configuration:commons-configuration:jar:1.8:runtime - omitted for duplicate)
|  |  |  +- (com.google.guava:guava:jar:18.0:runtime - version managed from 14.0.1; omitted for duplicate)
|  |  |  \- (com.netflix.archaius:archaius-core:jar:0.7.3:runtime - version managed from 0.6.6; omitted for duplicate)
|  |  +- com.netflix.ribbon:ribbon-core:jar:2.1.3:compile
|  |  |  +- (org.slf4j:slf4j-api:jar:1.7.16:compile - version managed from 1.6.4; scope updated from runtime; omitted for duplicate)
|  |  |  +- (com.google.guava:guava:jar:18.0:runtime - version managed from 14.0.1; omitted for duplicate)
|  |  |  +- (commons-configuration:commons-configuration:jar:1.8:runtime - omitted for duplicate)
|  |  |  +- (commons-lang:commons-lang:jar:2.6:runtime - omitted for duplicate)
|  |  |  \- (com.netflix.archaius:archaius-core:jar:0.7.3:runtime - version managed from 0.6.6; omitted for duplicate)
|  |  +- com.netflix.ribbon:ribbon-httpclient:jar:2.1.3:compile
|  |  |  +- (com.netflix.ribbon:ribbon-core:jar:2.1.3:runtime - omitted for duplicate)
|  |  |  +- (com.netflix.ribbon:ribbon-loadbalancer:jar:2.1.3:runtime - omitted for duplicate)
|  |  |  +- commons-collections:commons-collections:jar:3.2.2:runtime (version managed from 3.2.1)
|  |  |  +- (org.apache.httpcomponents:httpclient:jar:4.5:runtime - version managed from 4.2.1; omitted for duplicate)
|  |  |  +- (com.sun.jersey:jersey-client:jar:1.19.1:runtime - version managed from 1.19; omitted for duplicate)
|  |  |  +- (com.sun.jersey.contribs:jersey-apache-client4:jar:1.19.1:runtime - version managed from 1.19; omitted for duplicate)
|  |  |  +- (org.slf4j:slf4j-api:jar:1.7.16:compile - version managed from 1.7.7; scope updated from runtime; omitted for duplicate)
|  |  |  +- (com.netflix.servo:servo-core:jar:0.10.1:runtime - version managed from 0.9.2; omitted for duplicate)
|  |  |  +- (com.google.guava:guava:jar:18.0:runtime - version managed from 14.0.1; omitted for duplicate)
|  |  |  +- (com.netflix.archaius:archaius-core:jar:0.7.3:runtime - version managed from 0.6.6; omitted for duplicate)
|  |  |  \- com.netflix.netflix-commons:netflix-commons-util:jar:0.1.1:runtime
|  |  |     \- (org.slf4j:slf4j-api:jar:1.7.16:compile - version managed from 1.6.4; scope updated from runtime; omitted for duplicate)
|  |  +- com.netflix.ribbon:ribbon-loadbalancer:jar:2.1.3:compile
|  |  |  +- (com.netflix.ribbon:ribbon-core:jar:2.1.3:runtime - omitted for duplicate)
|  |  |  +- com.netflix.netflix-commons:netflix-statistics:jar:0.1.1:runtime
|  |  |  |  \- (org.slf4j:slf4j-api:jar:1.7.16:compile - version managed from 1.6.4; scope updated from runtime; omitted for duplicate)
|  |  |  +- (io.reactivex:rxjava:jar:1.0.14:runtime - version managed from 1.0.9; omitted for duplicate)
|  |  |  +- (org.slf4j:slf4j-api:jar:1.7.16:compile - version managed from 1.7.7; scope updated from runtime; omitted for duplicate)
|  |  |  +- (com.netflix.servo:servo-core:jar:0.10.1:runtime - version managed from 0.9.2; omitted for duplicate)
|  |  |  +- (com.google.guava:guava:jar:18.0:runtime - version managed from 14.0.1; omitted for duplicate)
|  |  |  +- (com.netflix.archaius:archaius-core:jar:0.7.3:runtime - version managed from 0.6.6; omitted for duplicate)
|  |  |  \- (com.netflix.netflix-commons:netflix-commons-util:jar:0.1.1:runtime - omitted for duplicate)
|  |  \- io.reactivex:rxjava:jar:1.0.14:compile
|  \- com.netflix.ribbon:ribbon-eureka:jar:2.1.3:compile
|     +- (com.netflix.ribbon:ribbon-core:jar:2.1.3:runtime - omitted for duplicate)
|     +- (com.netflix.ribbon:ribbon-loadbalancer:jar:2.1.3:runtime - omitted for duplicate)
|     +- (com.netflix.eureka:eureka-client:jar:1.4.4:runtime - version managed from 1.1.153; omitted for duplicate)
|     +- (org.slf4j:slf4j-api:jar:1.7.16:compile - version managed from 1.7.7; scope updated from runtime; omitted for duplicate)
|     \- (com.netflix.archaius:archaius-core:jar:0.7.3:runtime - version managed from 0.6.6; omitted for duplicate)
+- org.springframework.cloud:spring-cloud-config-server:jar:1.1.0.RC1:compile
|  +- org.springframework.cloud:spring-cloud-config-client:jar:1.1.0.RC1:compile
|  |  +- org.springframework.boot:spring-boot-autoconfigure:jar:1.3.3.RELEASE:compile
|  |  |  \- (org.springframework.boot:spring-boot:jar:1.3.3.RELEASE:compile - omitted for duplicate)
|  |  +- (org.springframework.cloud:spring-cloud-commons:jar:1.1.0.RC2:compile - version managed from 1.1.0.RC1; omitted for duplicate)
|  |  +- (org.springframework.cloud:spring-cloud-context:jar:1.1.0.RC2:compile - version managed from 1.1.0.RC1; omitted for duplicate)
|  |  +- (org.springframework:spring-web:jar:4.2.5.RELEASE:compile - omitted for duplicate)
|  |  +- (com.fasterxml.jackson.core:jackson-annotations:jar:2.6.5:compile - version managed from 2.6.0; omitted for duplicate)
|  |  \- (com.fasterxml.jackson.core:jackson-databind:jar:2.6.5:compile - version managed from 2.4.3; omitted for duplicate)
|  +- org.springframework.boot:spring-boot-starter-actuator:jar:1.3.3.RELEASE:compile
|  |  +- (org.springframework.boot:spring-boot-starter:jar:1.3.3.RELEASE:compile - omitted for duplicate)
|  |  \- org.springframework.boot:spring-boot-actuator:jar:1.3.3.RELEASE:compile
|  |     +- (org.springframework.boot:spring-boot:jar:1.3.3.RELEASE:compile - omitted for duplicate)
|  |     +- (org.springframework.boot:spring-boot-autoconfigure:jar:1.3.3.RELEASE:compile - omitted for duplicate)
|  |     +- (com.fasterxml.jackson.core:jackson-databind:jar:2.6.5:compile - version managed from 2.4.3; omitted for duplicate)
|  |     +- (org.springframework:spring-core:jar:4.2.5.RELEASE:compile - omitted for duplicate)
|  |     \- (org.springframework:spring-context:jar:4.2.5.RELEASE:compile - omitted for duplicate)
|  +- (org.springframework.boot:spring-boot-starter-web:jar:1.3.3.RELEASE:compile - omitted for duplicate)
|  +- org.springframework.security:spring-security-crypto:jar:4.0.3.RELEASE:compile
|  +- org.springframework.security:spring-security-rsa:jar:1.0.1.RELEASE:compile
|  |  +- (org.springframework.security:spring-security-crypto:jar:4.0.3.RELEASE:compile - version managed from 3.2.7.RELEASE; omitted for duplicate)
|  |  +- org.springframework:spring-core:jar:4.2.5.RELEASE:compile
|  |  \- org.bouncycastle:bcpkix-jdk15on:jar:1.47:compile
|  |     \- org.bouncycastle:bcprov-jdk15on:jar:1.47:compile
|  +- org.eclipse.jgit:org.eclipse.jgit:jar:3.5.3.201412180710-r:compile
|  |  +- com.jcraft:jsch:jar:0.1.50:compile
|  |  +- com.googlecode.javaewah:JavaEWAH:jar:0.7.9:compile
|  |  \- org.apache.httpcomponents:httpclient:jar:4.5:compile
|  |     +- org.apache.httpcomponents:httpcore:jar:4.4.1:compile
|  |     +- (commons-logging:commons-logging:jar:1.2:compile - omitted for conflict with 1.1.1)
|  |     \- commons-codec:commons-codec:jar:1.9:compile
|  \- org.yaml:snakeyaml:jar:1.16:compile
+- org.springframework.boot:spring-boot-starter-web:jar:1.3.3.RELEASE:compile
|  +- org.springframework.boot:spring-boot-starter:jar:1.3.3.RELEASE:compile
|  |  +- org.springframework.boot:spring-boot:jar:1.3.3.RELEASE:compile
|  |  |  +- (org.springframework:spring-core:jar:4.2.5.RELEASE:compile - version managed from 4.1.6.RELEASE; omitted for duplicate)
|  |  |  \- (org.springframework:spring-context:jar:4.2.5.RELEASE:compile - omitted for duplicate)
|  |  +- (org.springframework.boot:spring-boot-autoconfigure:jar:1.3.3.RELEASE:compile - omitted for duplicate)
|  |  +- org.springframework.boot:spring-boot-starter-logging:jar:1.3.3.RELEASE:compile
|  |  |  +- ch.qos.logback:logback-classic:jar:1.1.5:compile
|  |  |  |  +- ch.qos.logback:logback-core:jar:1.1.5:compile
|  |  |  |  \- org.slf4j:slf4j-api:jar:1.7.16:compile (version managed from 1.7.7)
|  |  |  +- org.slf4j:jcl-over-slf4j:jar:1.7.16:compile
|  |  |  |  \- (org.slf4j:slf4j-api:jar:1.7.16:compile - version managed from 1.7.7; omitted for duplicate)
|  |  |  +- org.slf4j:jul-to-slf4j:jar:1.7.16:compile
|  |  |  |  \- (org.slf4j:slf4j-api:jar:1.7.16:compile - version managed from 1.7.7; omitted for duplicate)
|  |  |  \- org.slf4j:log4j-over-slf4j:jar:1.7.16:compile
|  |  |     \- (org.slf4j:slf4j-api:jar:1.7.16:compile - version managed from 1.7.7; omitted for duplicate)
|  |  +- (org.springframework:spring-core:jar:4.2.5.RELEASE:compile - version managed from 4.1.6.RELEASE; omitted for duplicate)
|  |  \- (org.yaml:snakeyaml:jar:1.16:runtime - omitted for duplicate)
|  +- org.springframework.boot:spring-boot-starter-tomcat:jar:1.3.3.RELEASE:compile
|  |  +- org.apache.tomcat.embed:tomcat-embed-core:jar:8.0.32:compile
|  |  +- org.apache.tomcat.embed:tomcat-embed-el:jar:8.0.32:compile
|  |  +- org.apache.tomcat.embed:tomcat-embed-logging-juli:jar:8.0.32:compile
|  |  \- org.apache.tomcat.embed:tomcat-embed-websocket:jar:8.0.32:compile
|  |     \- (org.apache.tomcat.embed:tomcat-embed-core:jar:8.0.32:compile - omitted for duplicate)
|  +- org.springframework.boot:spring-boot-starter-validation:jar:1.3.3.RELEASE:compile
|  |  +- (org.springframework.boot:spring-boot-starter:jar:1.3.3.RELEASE:compile - omitted for duplicate)
|  |  +- (org.apache.tomcat.embed:tomcat-embed-el:jar:8.0.32:compile - omitted for duplicate)
|  |  \- org.hibernate:hibernate-validator:jar:5.2.4.Final:compile (version managed from 4.1.0.Final)
|  |     +- javax.validation:validation-api:jar:1.1.0.Final:compile
|  |     +- org.jboss.logging:jboss-logging:jar:3.3.0.Final:compile (version managed from 3.2.1.Final)
|  |     \- com.fasterxml:classmate:jar:1.1.0:compile
|  +- com.fasterxml.jackson.core:jackson-databind:jar:2.6.5:compile
|  |  +- (com.fasterxml.jackson.core:jackson-annotations:jar:2.6.5:compile - version managed from 2.6.0; omitted for duplicate)
|  |  \- (com.fasterxml.jackson.core:jackson-core:jar:2.6.5:compile - version managed from 2.4.3; omitted for duplicate)
|  +- org.springframework:spring-web:jar:4.2.5.RELEASE:compile
|  |  +- org.springframework:spring-aop:jar:4.2.5.RELEASE:compile
|  |  |  +- aopalliance:aopalliance:jar:1.0:compile
|  |  |  +- (org.springframework:spring-beans:jar:4.2.5.RELEASE:compile - omitted for duplicate)
|  |  |  \- (org.springframework:spring-core:jar:4.2.5.RELEASE:compile - version managed from 4.1.6.RELEASE; omitted for duplicate)
|  |  +- org.springframework:spring-beans:jar:4.2.5.RELEASE:compile
|  |  |  \- (org.springframework:spring-core:jar:4.2.5.RELEASE:compile - version managed from 4.1.6.RELEASE; omitted for duplicate)
|  |  +- org.springframework:spring-context:jar:4.2.5.RELEASE:compile
|  |  |  +- (org.springframework:spring-aop:jar:4.2.5.RELEASE:compile - omitted for duplicate)
|  |  |  +- (org.springframework:spring-beans:jar:4.2.5.RELEASE:compile - omitted for duplicate)
|  |  |  +- (org.springframework:spring-core:jar:4.2.5.RELEASE:compile - version managed from 4.1.6.RELEASE; omitted for duplicate)
|  |  |  \- (org.springframework:spring-expression:jar:4.2.5.RELEASE:compile - omitted for duplicate)
|  |  \- (org.springframework:spring-core:jar:4.2.5.RELEASE:compile - version managed from 4.1.6.RELEASE; omitted for duplicate)
|  \- org.springframework:spring-webmvc:jar:4.2.5.RELEASE:compile
|     +- (org.springframework:spring-beans:jar:4.2.5.RELEASE:compile - omitted for duplicate)
|     +- (org.springframework:spring-context:jar:4.2.5.RELEASE:compile - omitted for duplicate)
|     +- (org.springframework:spring-core:jar:4.2.5.RELEASE:compile - version managed from 4.1.6.RELEASE; omitted for duplicate)
|     +- org.springframework:spring-expression:jar:4.2.5.RELEASE:compile
|     |  \- (org.springframework:spring-core:jar:4.2.5.RELEASE:compile - version managed from 4.1.6.RELEASE; omitted for duplicate)
|     \- (org.springframework:spring-web:jar:4.2.5.RELEASE:compile - omitted for duplicate)
+- io.spring.gradle:dependency-management-plugin:jar:0.5.6.RELEASE:compile
\- javax.inject:javax.inject:jar:1:compile

