WARNING: Your kernel does not support swap limit capabilities or the cgroup is not mounted. Memory limited without swap.
org.assertj:assertj-core:jar:3.18.1-SNAPSHOT
+- junit:junit:jar:4.13:provided
+- org.junit.jupiter:junit-jupiter-api:jar:5.6.3:provided
|  +- org.apiguardian:apiguardian-api:jar:1.1.0:provided
|  +- (org.opentest4j:opentest4j:jar:1.2.0:provided - omitted for duplicate)
|  \- org.junit.platform:junit-platform-commons:jar:1.6.3:provided
|     \- (org.apiguardian:apiguardian-api:jar:1.1.0:provided - omitted for duplicate)
+- org.junit.jupiter:junit-jupiter:jar:5.6.3:test
|  +- (org.junit.jupiter:junit-jupiter-api:jar:5.6.3:test - omitted for duplicate)
|  +- org.junit.jupiter:junit-jupiter-params:jar:5.6.3:test
|  |  +- (org.apiguardian:apiguardian-api:jar:1.1.0:test - omitted for duplicate)
|  |  \- (org.junit.jupiter:junit-jupiter-api:jar:5.6.3:test - omitted for duplicate)
|  \- org.junit.jupiter:junit-jupiter-engine:jar:5.6.3:test
|     +- (org.apiguardian:apiguardian-api:jar:1.1.0:test - omitted for duplicate)
|     +- (org.junit.platform:junit-platform-engine:jar:1.6.3:test - omitted for duplicate)
|     \- (org.junit.jupiter:junit-jupiter-api:jar:5.6.3:test - omitted for duplicate)
+- org.junit.vintage:junit-vintage-engine:jar:5.6.3:test
|  +- (org.apiguardian:apiguardian-api:jar:1.1.0:test - omitted for duplicate)
|  +- org.junit.platform:junit-platform-engine:jar:1.6.3:test
|  |  +- (org.apiguardian:apiguardian-api:jar:1.1.0:test - omitted for duplicate)
|  |  +- (org.opentest4j:opentest4j:jar:1.2.0:test - omitted for duplicate)
|  |  \- (org.junit.platform:junit-platform-commons:jar:1.6.3:test - omitted for duplicate)
|  \- (junit:junit:jar:4.13:test - omitted for duplicate)
+- org.junit.platform:junit-platform-testkit:jar:1.6.3:test
|  +- (org.apiguardian:apiguardian-api:jar:1.1.0:test - omitted for duplicate)
|  +- (org.opentest4j:opentest4j:jar:1.2.0:test - omitted for duplicate)
|  \- org.junit.platform:junit-platform-launcher:jar:1.6.3:test
|     +- (org.apiguardian:apiguardian-api:jar:1.1.0:test - omitted for duplicate)
|     \- (org.junit.platform:junit-platform-engine:jar:1.6.3:test - omitted for duplicate)
+- org.opentest4j:opentest4j:jar:1.2.0:provided
+- org.hamcrest:hamcrest:jar:2.2:provided
+- net.bytebuddy:byte-buddy:jar:1.10.18:compile
+- org.mockito:mockito-core:jar:3.6.0:test
|  +- (net.bytebuddy:byte-buddy:jar:1.10.18:test - version managed from 1.10.15; omitted for duplicate)
|  +- net.bytebuddy:byte-buddy-agent:jar:1.10.18:test (version managed from 1.10.15)
|  \- org.objenesis:objenesis:jar:3.1:test
+- org.mockito:mockito-junit-jupiter:jar:3.6.0:test
|  +- (org.mockito:mockito-core:jar:3.6.0:test - omitted for duplicate)
|  \- (org.junit.jupiter:junit-jupiter-api:jar:5.6.3:test - version managed from 5.4.2; omitted for duplicate)
+- com.fasterxml.jackson.core:jackson-databind:jar:2.11.3:test
|  +- com.fasterxml.jackson.core:jackson-annotations:jar:2.11.3:test
|  \- com.fasterxml.jackson.core:jackson-core:jar:2.11.3:test
+- com.github.marschall:memoryfilesystem:jar:2.1.0:test
+- com.google.guava:guava:jar:30.0-jre:test
|  +- com.google.guava:failureaccess:jar:1.0.1:test
|  +- com.google.guava:listenablefuture:jar:9999.0-empty-to-avoid-conflict-with-guava:test
|  +- com.google.code.findbugs:jsr305:jar:3.0.2:test
|  +- org.checkerframework:checker-qual:jar:3.5.0:test
|  +- com.google.errorprone:error_prone_annotations:jar:2.3.4:test
|  \- com.google.j2objc:j2objc-annotations:jar:1.3:test
+- org.apache.commons:commons-lang3:jar:3.11:test
+- commons-io:commons-io:jar:2.8.0:test
+- nl.jqno.equalsverifier:equalsverifier:jar:3.5:test
\- org.eclipse.platform:org.eclipse.osgi:jar:3.16.0:test

