WARNING: Your kernel does not support swap limit capabilities or the cgroup is not mounted. Memory limited without swap.
org.assertj:assertj-core:bundle:3.0.0
+- junit:junit:jar:4.12:provided
|  \- org.hamcrest:hamcrest-core:jar:1.3:provided
+- org.mockito:mockito-core:jar:1.10.8:test
|  +- (org.hamcrest:hamcrest-core:jar:1.1:test - omitted for conflict with 1.3)
|  \- org.objenesis:objenesis:jar:2.1:test
+- cglib:cglib:jar:3.1:compile
|  \- (org.ow2.asm:asm:jar:4.2:compile - omitted for conflict with 5.0.3)
+- org.ow2.asm:asm:jar:5.0.3:compile
+- org.powermock:powermock-module-junit4:jar:1.6.1:test
|  +- (junit:junit:jar:4.12:test - omitted for duplicate)
|  \- org.powermock:powermock-module-junit4-common:jar:1.6.1:test
|     +- (junit:junit:jar:4.12:test - version managed from 4.4; omitted for duplicate)
|     +- org.powermock:powermock-core:jar:1.6.1:test
|     |  +- (org.powermock:powermock-reflect:jar:1.6.1:test - omitted for duplicate)
|     |  \- org.javassist:javassist:jar:3.18.2-GA:test
|     \- org.powermock:powermock-reflect:jar:1.6.1:test
|        \- (org.objenesis:objenesis:jar:2.1:test - omitted for duplicate)
+- org.powermock:powermock-api-mockito:jar:1.6.1:test
|  +- org.mockito:mockito-all:jar:1.10.8:test
|  \- org.powermock:powermock-api-support:jar:1.6.1:test
|     +- (org.powermock:powermock-core:jar:1.6.1:test - omitted for duplicate)
|     \- (org.powermock:powermock-reflect:jar:1.6.1:test - omitted for duplicate)
+- org.easymock:easymock:jar:3.3.1:test
|  +- (cglib:cglib:jar:3.1:test - omitted for duplicate)
|  +- (org.ow2.asm:asm:jar:5.0.3:test - omitted for duplicate)
|  \- (org.objenesis:objenesis:jar:2.1:test - omitted for duplicate)
\- com.github.marschall:memoryfilesystem:jar:0.6.4:test

