WARNING: Your kernel does not support swap limit capabilities or the cgroup is not mounted. Memory limited without swap.
org.assertj:assertj-core:bundle:3.14.0
+- junit:junit:jar:4.12:provided
|  \- org.hamcrest:hamcrest-core:jar:1.3:provided
+- org.junit.jupiter:junit-jupiter-api:jar:5.5.2:provided
|  +- org.apiguardian:apiguardian-api:jar:1.1.0:provided
|  +- (org.opentest4j:opentest4j:jar:1.2.0:provided - omitted for duplicate)
|  \- org.junit.platform:junit-platform-commons:jar:1.5.2:provided
|     \- (org.apiguardian:apiguardian-api:jar:1.1.0:provided - omitted for duplicate)
+- org.junit.jupiter:junit-jupiter:jar:5.5.2:test
|  +- (org.junit.jupiter:junit-jupiter-api:jar:5.5.2:test - omitted for duplicate)
|  +- org.junit.jupiter:junit-jupiter-params:jar:5.5.2:test
|  |  +- (org.apiguardian:apiguardian-api:jar:1.1.0:test - omitted for duplicate)
|  |  \- (org.junit.jupiter:junit-jupiter-api:jar:5.5.2:test - omitted for duplicate)
|  \- org.junit.jupiter:junit-jupiter-engine:jar:5.5.2:test
|     +- (org.apiguardian:apiguardian-api:jar:1.1.0:test - omitted for duplicate)
|     +- (org.junit.platform:junit-platform-engine:jar:1.5.2:test - omitted for duplicate)
|     \- (org.junit.jupiter:junit-jupiter-api:jar:5.5.2:test - omitted for duplicate)
+- org.junit.vintage:junit-vintage-engine:jar:5.5.2:test
|  +- (org.apiguardian:apiguardian-api:jar:1.1.0:test - omitted for duplicate)
|  +- org.junit.platform:junit-platform-engine:jar:1.5.2:test
|  |  +- (org.apiguardian:apiguardian-api:jar:1.1.0:test - omitted for duplicate)
|  |  +- (org.opentest4j:opentest4j:jar:1.2.0:test - omitted for duplicate)
|  |  \- (org.junit.platform:junit-platform-commons:jar:1.5.2:test - omitted for duplicate)
|  \- (junit:junit:jar:4.12:test - omitted for duplicate)
+- org.junit.platform:junit-platform-testkit:jar:1.5.2:test
|  +- (org.apiguardian:apiguardian-api:jar:1.1.0:test - omitted for duplicate)
|  +- (org.opentest4j:opentest4j:jar:1.2.0:test - omitted for duplicate)
|  \- org.junit.platform:junit-platform-launcher:jar:1.5.2:test
|     +- (org.apiguardian:apiguardian-api:jar:1.1.0:test - omitted for duplicate)
|     \- (org.junit.platform:junit-platform-engine:jar:1.5.2:test - omitted for duplicate)
+- org.opentest4j:opentest4j:jar:1.2.0:provided
+- com.google.code.findbugs:jsr305:jar:3.0.2:provided
+- org.hamcrest:hamcrest:jar:2.2:provided
+- net.bytebuddy:byte-buddy:jar:1.10.2:compile
+- org.mockito:mockito-core:jar:3.1.0:test
|  +- (net.bytebuddy:byte-buddy:jar:1.10.2:test - version managed from 1.9.10; omitted for duplicate)
|  +- net.bytebuddy:byte-buddy-agent:jar:1.10.2:test (version managed from 1.9.10)
|  \- org.objenesis:objenesis:jar:2.6:test
+- org.mockito:mockito-junit-jupiter:jar:3.1.0:test
|  +- (org.mockito:mockito-core:jar:3.1.0:test - omitted for duplicate)
|  \- (org.junit.jupiter:junit-jupiter-api:jar:5.5.2:test - version managed from 5.4.2; omitted for duplicate)
+- com.github.marschall:memoryfilesystem:jar:2.1.0:test
+- com.google.guava:guava:jar:28.1-jre:test
|  +- com.google.guava:failureaccess:jar:1.0.1:test
|  +- com.google.guava:listenablefuture:jar:9999.0-empty-to-avoid-conflict-with-guava:test
|  +- (com.google.code.findbugs:jsr305:jar:3.0.2:test - omitted for duplicate)
|  +- org.checkerframework:checker-qual:jar:2.8.1:test
|  +- com.google.errorprone:error_prone_annotations:jar:2.3.2:test
|  +- com.google.j2objc:j2objc-annotations:jar:1.3:test
|  \- org.codehaus.mojo:animal-sniffer-annotations:jar:1.18:test
\- org.apache.commons:commons-lang3:jar:3.9:test

