WARNING: Your kernel does not support swap limit capabilities or the cgroup is not mounted. Memory limited without swap.
io.joshworks.unirest:unirest-java:jar:1.7.1
+- org.apache.httpcomponents:httpclient:jar:4.5.3:compile
|  +- org.apache.httpcomponents:httpcore:jar:4.4.6:compile
|  +- commons-logging:commons-logging:jar:1.2:compile
|  \- commons-codec:commons-codec:jar:1.9:compile
+- org.apache.httpcomponents:httpasyncclient:jar:4.1.3:compile
|  +- (org.apache.httpcomponents:httpcore:jar:4.4.6:compile - omitted for duplicate)
|  +- org.apache.httpcomponents:httpcore-nio:jar:4.4.6:compile
|  |  \- (org.apache.httpcomponents:httpcore:jar:4.4.6:compile - omitted for duplicate)
|  +- (org.apache.httpcomponents:httpclient:jar:4.5.3:compile - omitted for duplicate)
|  \- (commons-logging:commons-logging:jar:1.2:compile - omitted for duplicate)
+- org.apache.httpcomponents:httpmime:jar:4.5.3:compile
|  \- (org.apache.httpcomponents:httpclient:jar:4.5.3:compile - omitted for duplicate)
+- org.json:json:jar:20160212:compile
+- com.google.code.gson:gson:jar:2.8.0:compile
+- org.slf4j:slf4j-api:jar:1.7.25:compile
+- junit:junit:jar:4.12:test
|  \- org.hamcrest:hamcrest-core:jar:1.3:test
+- commons-io:commons-io:jar:2.4:test
+- ch.qos.logback:logback-classic:jar:1.2.1:test
|  +- ch.qos.logback:logback-core:jar:1.2.1:test
|  \- (org.slf4j:slf4j-api:jar:1.7.22:test - omitted for conflict with 1.7.25)
\- io.joshworks.snappy:snappy:jar:0.3.0:test
   +- io.undertow:undertow-core:jar:1.4.16.Final:test
   |  +- org.jboss.logging:jboss-logging:jar:3.2.1.Final:test
   |  +- org.jboss.xnio:xnio-api:jar:3.3.6.Final:test
   |  \- org.jboss.xnio:xnio-nio:jar:3.3.6.Final:test
   |     \- (org.jboss.xnio:xnio-api:jar:3.3.6.Final:test - omitted for duplicate)
   +- (com.google.code.gson:gson:jar:2.8.0:test - omitted for duplicate)
   +- (org.slf4j:slf4j-api:jar:1.7.25:test - omitted for duplicate)
   \- (org.json:json:jar:20140107:test - omitted for conflict with 20160212)

