WARNING: Your kernel does not support swap limit capabilities or the cgroup is not mounted. Memory limited without swap.
com.mashape.unirest:unirest-java:jar:1.4.9
+- org.apache.httpcomponents:httpclient:jar:4.5.2:compile
|  +- org.apache.httpcomponents:httpcore:jar:4.4.4:compile
|  +- commons-logging:commons-logging:jar:1.2:compile
|  \- commons-codec:commons-codec:jar:1.9:compile
+- org.apache.httpcomponents:httpasyncclient:jar:4.1.1:compile
|  +- (org.apache.httpcomponents:httpcore:jar:4.4.4:compile - omitted for duplicate)
|  +- org.apache.httpcomponents:httpcore-nio:jar:4.4.4:compile
|  |  \- (org.apache.httpcomponents:httpcore:jar:4.4.4:compile - omitted for duplicate)
|  +- (org.apache.httpcomponents:httpclient:jar:4.5.1:compile - omitted for conflict with 4.5.2)
|  \- (commons-logging:commons-logging:jar:1.2:compile - omitted for duplicate)
+- org.apache.httpcomponents:httpmime:jar:4.5.2:compile
|  \- (org.apache.httpcomponents:httpclient:jar:4.5.2:compile - omitted for duplicate)
+- org.json:json:jar:20160212:compile
+- junit:junit:jar:4.12:test
|  \- org.hamcrest:hamcrest-core:jar:1.3:test
+- commons-io:commons-io:jar:2.4:test
\- com.fasterxml.jackson.core:jackson-databind:jar:2.6.0:test
   +- com.fasterxml.jackson.core:jackson-annotations:jar:2.6.0:test
   \- com.fasterxml.jackson.core:jackson-core:jar:2.6.0:test

