WARNING: Your kernel does not support swap limit capabilities or the cgroup is not mounted. Memory limited without swap.
org.jpmml:jpmml-sparkml:jar:1.4.4
+- com.beust:jcommander:jar:1.72:compile
+- org.apache.spark:spark-mllib_2.11:jar:2.3.0:provided
|  +- org.scala-lang.modules:scala-parser-combinators_2.11:jar:1.0.4:provided
|  |  \- org.scala-lang:scala-library:jar:2.11.6:provided
|  +- org.apache.spark:spark-core_2.11:jar:2.3.0:provided
|  |  +- org.apache.avro:avro:jar:1.7.7:provided
|  |  |  +- (org.codehaus.jackson:jackson-core-asl:jar:1.9.13:provided - omitted for duplicate)
|  |  |  +- (org.codehaus.jackson:jackson-mapper-asl:jar:1.9.13:provided - omitted for duplicate)
|  |  |  +- com.thoughtworks.paranamer:paranamer:jar:2.3:provided
|  |  |  +- (org.xerial.snappy:snappy-java:jar:1.0.5:provided - omitted for conflict with 1.1.2.6)
|  |  |  +- (org.apache.commons:commons-compress:jar:1.4.1:provided - omitted for duplicate)
|  |  |  \- (org.slf4j:slf4j-api:jar:1.6.4:provided - omitted for conflict with 1.7.16)
|  |  +- org.apache.avro:avro-mapred:jar:hadoop2:1.7.7:provided
|  |  |  +- org.apache.avro:avro-ipc:jar:1.7.7:provided
|  |  |  |  +- (org.apache.avro:avro:jar:1.7.7:provided - omitted for duplicate)
|  |  |  |  +- (org.codehaus.jackson:jackson-core-asl:jar:1.9.13:provided - omitted for duplicate)
|  |  |  |  +- (org.codehaus.jackson:jackson-mapper-asl:jar:1.9.13:provided - omitted for duplicate)
|  |  |  |  \- (org.slf4j:slf4j-api:jar:1.6.4:provided - omitted for duplicate)
|  |  |  +- org.apache.avro:avro-ipc:jar:tests:1.7.7:provided
|  |  |  |  +- (org.apache.avro:avro:jar:1.7.7:provided - omitted for duplicate)
|  |  |  |  +- (org.codehaus.jackson:jackson-core-asl:jar:1.9.13:provided - omitted for duplicate)
|  |  |  |  +- (org.codehaus.jackson:jackson-mapper-asl:jar:1.9.13:provided - omitted for duplicate)
|  |  |  |  \- (org.slf4j:slf4j-api:jar:1.6.4:provided - omitted for duplicate)
|  |  |  +- (org.codehaus.jackson:jackson-core-asl:jar:1.9.13:provided - omitted for duplicate)
|  |  |  +- (org.codehaus.jackson:jackson-mapper-asl:jar:1.9.13:provided - omitted for duplicate)
|  |  |  \- (org.slf4j:slf4j-api:jar:1.6.4:provided - omitted for duplicate)
|  |  +- com.twitter:chill_2.11:jar:0.8.4:provided
|  |  |  +- (org.scala-lang:scala-library:jar:2.11.8:provided - omitted for conflict with 2.11.6)
|  |  |  +- (com.twitter:chill-java:jar:0.8.4:provided - omitted for duplicate)
|  |  |  \- com.esotericsoftware:kryo-shaded:jar:3.0.3:provided
|  |  |     +- com.esotericsoftware:minlog:jar:1.3.0:provided
|  |  |     \- org.objenesis:objenesis:jar:2.1:provided
|  |  +- com.twitter:chill-java:jar:0.8.4:provided
|  |  |  \- (com.esotericsoftware:kryo-shaded:jar:3.0.3:provided - omitted for duplicate)
|  |  +- org.apache.xbean:xbean-asm5-shaded:jar:4.4:provided
|  |  +- (org.apache.hadoop:hadoop-client:jar:2.6.5:provided - omitted for conflict with 2.7.3)
|  |  +- org.apache.spark:spark-launcher_2.11:jar:2.3.0:provided
|  |  |  +- (org.apache.spark:spark-tags_2.11:jar:2.3.0:provided - omitted for duplicate)
|  |  |  \- (org.spark-project.spark:unused:jar:1.0.0:provided - omitted for duplicate)
|  |  +- org.apache.spark:spark-kvstore_2.11:jar:2.3.0:provided
|  |  |  +- (org.apache.spark:spark-tags_2.11:jar:2.3.0:provided - omitted for duplicate)
|  |  |  +- (org.fusesource.leveldbjni:leveldbjni-all:jar:1.8:provided - omitted for duplicate)
|  |  |  +- com.fasterxml.jackson.core:jackson-core:jar:2.6.7:provided
|  |  |  +- (com.fasterxml.jackson.core:jackson-databind:jar:2.6.7.1:provided - omitted for duplicate)
|  |  |  +- com.fasterxml.jackson.core:jackson-annotations:jar:2.6.7:provided
|  |  |  \- (org.spark-project.spark:unused:jar:1.0.0:provided - omitted for duplicate)
|  |  +- org.apache.spark:spark-network-common_2.11:jar:2.3.0:provided
|  |  |  +- (io.netty:netty-all:jar:4.1.17.Final:provided - omitted for duplicate)
|  |  |  +- (org.apache.commons:commons-lang3:jar:3.5:provided - omitted for duplicate)
|  |  |  +- (org.fusesource.leveldbjni:leveldbjni-all:jar:1.8:provided - omitted for duplicate)
|  |  |  +- (com.fasterxml.jackson.core:jackson-databind:jar:2.6.7.1:provided - omitted for duplicate)
|  |  |  +- (com.fasterxml.jackson.core:jackson-annotations:jar:2.6.7:provided - omitted for duplicate)
|  |  |  +- (io.dropwizard.metrics:metrics-core:jar:3.1.5:provided - omitted for duplicate)
|  |  |  +- (com.google.code.findbugs:jsr305:jar:1.3.9:provided - omitted for duplicate)
|  |  |  +- (org.apache.commons:commons-crypto:jar:1.0.0:provided - omitted for duplicate)
|  |  |  \- (org.spark-project.spark:unused:jar:1.0.0:provided - omitted for duplicate)
|  |  +- org.apache.spark:spark-network-shuffle_2.11:jar:2.3.0:provided
|  |  |  +- (org.apache.spark:spark-network-common_2.11:jar:2.3.0:provided - omitted for duplicate)
|  |  |  +- (io.dropwizard.metrics:metrics-core:jar:3.1.5:provided - omitted for duplicate)
|  |  |  \- (org.spark-project.spark:unused:jar:1.0.0:provided - omitted for duplicate)
|  |  +- org.apache.spark:spark-unsafe_2.11:jar:2.3.0:provided
|  |  |  +- (org.apache.spark:spark-tags_2.11:jar:2.3.0:provided - omitted for duplicate)
|  |  |  +- (com.twitter:chill_2.11:jar:0.8.4:provided - omitted for duplicate)
|  |  |  +- (com.google.code.findbugs:jsr305:jar:1.3.9:provided - omitted for duplicate)
|  |  |  \- (org.spark-project.spark:unused:jar:1.0.0:provided - omitted for duplicate)
|  |  +- net.java.dev.jets3t:jets3t:jar:0.9.4:provided
|  |  |  +- org.apache.httpcomponents:httpcore:jar:4.4.1:provided
|  |  |  +- org.apache.httpcomponents:httpclient:jar:4.5:provided
|  |  |  |  +- (org.apache.httpcomponents:httpcore:jar:4.4.1:provided - omitted for duplicate)
|  |  |  |  \- (commons-codec:commons-codec:jar:1.9:provided - omitted for conflict with 1.15)
|  |  |  +- (commons-codec:commons-codec:jar:1.10:provided - omitted for duplicate)
|  |  |  +- (org.codehaus.jackson:jackson-core-asl:jar:1.9.13:provided - omitted for duplicate)
|  |  |  +- (org.codehaus.jackson:jackson-mapper-asl:jar:1.9.13:provided - omitted for duplicate)
|  |  |  +- javax.activation:activation:jar:1.1.1:provided
|  |  |  +- org.bouncycastle:bcprov-jdk15on:jar:1.52:provided
|  |  |  \- com.jamesmurty.utils:java-xmlbuilder:jar:1.1:provided
|  |  |     \- net.iharder:base64:jar:2.3.8:provided
|  |  +- org.apache.curator:curator-recipes:jar:2.6.0:provided
|  |  |  +- org.apache.curator:curator-framework:jar:2.6.0:provided
|  |  |  |  +- (org.apache.curator:curator-client:jar:2.6.0:provided - omitted for duplicate)
|  |  |  |  +- (org.apache.zookeeper:zookeeper:jar:3.4.6:provided - omitted for duplicate)
|  |  |  |  \- (com.google.guava:guava:jar:16.0.1:provided - omitted for conflict with 11.0.2)
|  |  |  +- (org.apache.zookeeper:zookeeper:jar:3.4.6:provided - omitted for duplicate)
|  |  |  \- (com.google.guava:guava:jar:16.0.1:provided - omitted for duplicate)
|  |  +- javax.servlet:javax.servlet-api:jar:3.1.0:provided
|  |  +- org.apache.commons:commons-lang3:jar:3.5:provided
|  |  +- (org.apache.commons:commons-math3:jar:3.4.1:provided - omitted for duplicate)
|  |  +- com.google.code.findbugs:jsr305:jar:1.3.9:provided
|  |  +- org.slf4j:slf4j-api:jar:1.7.16:provided
|  |  +- org.slf4j:jul-to-slf4j:jar:1.7.16:provided
|  |  |  \- (org.slf4j:slf4j-api:jar:1.7.16:provided - omitted for duplicate)
|  |  +- org.slf4j:jcl-over-slf4j:jar:1.7.16:provided
|  |  |  \- (org.slf4j:slf4j-api:jar:1.7.16:provided - omitted for duplicate)
|  |  +- log4j:log4j:jar:1.2.17:provided
|  |  +- org.slf4j:slf4j-log4j12:jar:1.7.16:provided
|  |  |  +- (org.slf4j:slf4j-api:jar:1.7.16:provided - omitted for duplicate)
|  |  |  \- (log4j:log4j:jar:1.2.17:provided - omitted for duplicate)
|  |  +- com.ning:compress-lzf:jar:1.0.3:provided
|  |  +- org.xerial.snappy:snappy-java:jar:1.1.2.6:provided
|  |  +- org.lz4:lz4-java:jar:1.4.0:provided
|  |  +- com.github.luben:zstd-jni:jar:1.3.2-2:provided
|  |  +- org.roaringbitmap:RoaringBitmap:jar:0.5.11:provided
|  |  +- commons-net:commons-net:jar:2.2:provided
|  |  +- (org.scala-lang:scala-library:jar:2.11.8:provided - omitted for conflict with 2.11.6)
|  |  +- org.json4s:json4s-jackson_2.11:jar:3.2.11:provided
|  |  |  +- (org.scala-lang:scala-library:jar:2.11.0:provided - omitted for conflict with 2.11.6)
|  |  |  +- org.json4s:json4s-core_2.11:jar:3.2.11:provided
|  |  |  |  +- (org.scala-lang:scala-library:jar:2.11.0:provided - omitted for conflict with 2.11.6)
|  |  |  |  +- org.json4s:json4s-ast_2.11:jar:3.2.11:provided
|  |  |  |  |  \- (org.scala-lang:scala-library:jar:2.11.0:provided - omitted for conflict with 2.11.6)
|  |  |  |  +- (com.thoughtworks.paranamer:paranamer:jar:2.6:provided - omitted for conflict with 2.3)
|  |  |  |  \- org.scala-lang:scalap:jar:2.11.0:provided
|  |  |  |     \- org.scala-lang:scala-compiler:jar:2.11.0:provided
|  |  |  |        +- (org.scala-lang:scala-library:jar:2.11.0:provided - omitted for conflict with 2.11.6)
|  |  |  |        +- (org.scala-lang:scala-reflect:jar:2.11.0:provided - omitted for conflict with 2.11.8)
|  |  |  |        +- org.scala-lang.modules:scala-xml_2.11:jar:1.0.1:provided
|  |  |  |        |  \- (org.scala-lang:scala-library:jar:2.11.0:provided - omitted for conflict with 2.11.6)
|  |  |  |        \- (org.scala-lang.modules:scala-parser-combinators_2.11:jar:1.0.1:provided - omitted for conflict with 1.0.4)
|  |  |  \- (com.fasterxml.jackson.core:jackson-databind:jar:2.3.1:provided - omitted for conflict with 2.6.7.1)
|  |  +- org.glassfish.jersey.core:jersey-client:jar:2.22.2:provided
|  |  |  +- javax.ws.rs:javax.ws.rs-api:jar:2.0.1:provided
|  |  |  +- (org.glassfish.jersey.core:jersey-common:jar:2.22.2:provided - omitted for duplicate)
|  |  |  +- org.glassfish.hk2:hk2-api:jar:2.4.0-b34:provided
|  |  |  |  +- org.glassfish.hk2:hk2-utils:jar:2.4.0-b34:provided
|  |  |  |  \- org.glassfish.hk2.external:aopalliance-repackaged:jar:2.4.0-b34:provided
|  |  |  +- org.glassfish.hk2.external:javax.inject:jar:2.4.0-b34:provided
|  |  |  \- org.glassfish.hk2:hk2-locator:jar:2.4.0-b34:provided
|  |  |     +- (org.glassfish.hk2.external:javax.inject:jar:2.4.0-b34:provided - omitted for duplicate)
|  |  |     +- (org.glassfish.hk2.external:aopalliance-repackaged:jar:2.4.0-b34:provided - omitted for duplicate)
|  |  |     +- (org.glassfish.hk2:hk2-api:jar:2.4.0-b34:provided - omitted for duplicate)
|  |  |     +- (org.glassfish.hk2:hk2-utils:jar:2.4.0-b34:provided - omitted for duplicate)
|  |  |     \- org.javassist:javassist:jar:3.18.1-GA:provided
|  |  +- org.glassfish.jersey.core:jersey-common:jar:2.22.2:provided
|  |  |  +- (javax.ws.rs:javax.ws.rs-api:jar:2.0.1:provided - omitted for duplicate)
|  |  |  +- javax.annotation:javax.annotation-api:jar:1.2:provided
|  |  |  +- org.glassfish.jersey.bundles.repackaged:jersey-guava:jar:2.22.2:provided
|  |  |  +- (org.glassfish.hk2:hk2-api:jar:2.4.0-b34:provided - omitted for duplicate)
|  |  |  +- (org.glassfish.hk2.external:javax.inject:jar:2.4.0-b34:provided - omitted for duplicate)
|  |  |  +- (org.glassfish.hk2:hk2-locator:jar:2.4.0-b34:provided - omitted for duplicate)
|  |  |  \- org.glassfish.hk2:osgi-resource-locator:jar:1.0.1:provided
|  |  +- org.glassfish.jersey.core:jersey-server:jar:2.22.2:provided
|  |  |  +- (org.glassfish.jersey.core:jersey-common:jar:2.22.2:provided - omitted for duplicate)
|  |  |  +- (org.glassfish.jersey.core:jersey-client:jar:2.22.2:provided - omitted for duplicate)
|  |  |  +- (javax.ws.rs:javax.ws.rs-api:jar:2.0.1:provided - omitted for duplicate)
|  |  |  +- org.glassfish.jersey.media:jersey-media-jaxb:jar:2.22.2:provided
|  |  |  |  +- (org.glassfish.jersey.core:jersey-common:jar:2.22.2:provided - omitted for duplicate)
|  |  |  |  +- (org.glassfish.hk2:hk2-api:jar:2.4.0-b34:provided - omitted for duplicate)
|  |  |  |  +- (org.glassfish.hk2.external:javax.inject:jar:2.4.0-b34:provided - omitted for duplicate)
|  |  |  |  +- (org.glassfish.hk2:hk2-locator:jar:2.4.0-b34:provided - omitted for duplicate)
|  |  |  |  \- (org.glassfish.hk2:osgi-resource-locator:jar:1.0.1:provided - omitted for duplicate)
|  |  |  +- (javax.annotation:javax.annotation-api:jar:1.2:provided - omitted for duplicate)
|  |  |  +- (org.glassfish.hk2:hk2-api:jar:2.4.0-b34:provided - omitted for duplicate)
|  |  |  +- (org.glassfish.hk2.external:javax.inject:jar:2.4.0-b34:provided - omitted for duplicate)
|  |  |  +- (org.glassfish.hk2:hk2-locator:jar:2.4.0-b34:provided - omitted for duplicate)
|  |  |  \- javax.validation:validation-api:jar:1.1.0.Final:provided
|  |  +- org.glassfish.jersey.containers:jersey-container-servlet:jar:2.22.2:provided
|  |  |  +- (org.glassfish.jersey.containers:jersey-container-servlet-core:jar:2.22.2:provided - omitted for duplicate)
|  |  |  +- (org.glassfish.jersey.core:jersey-common:jar:2.22.2:provided - omitted for duplicate)
|  |  |  +- (org.glassfish.jersey.core:jersey-server:jar:2.22.2:provided - omitted for duplicate)
|  |  |  \- (javax.ws.rs:javax.ws.rs-api:jar:2.0.1:provided - omitted for duplicate)
|  |  +- org.glassfish.jersey.containers:jersey-container-servlet-core:jar:2.22.2:provided
|  |  |  +- (org.glassfish.hk2.external:javax.inject:jar:2.4.0-b34:provided - omitted for duplicate)
|  |  |  +- (org.glassfish.jersey.core:jersey-common:jar:2.22.2:provided - omitted for duplicate)
|  |  |  +- (org.glassfish.jersey.core:jersey-server:jar:2.22.2:provided - omitted for duplicate)
|  |  |  \- (javax.ws.rs:javax.ws.rs-api:jar:2.0.1:provided - omitted for duplicate)
|  |  +- io.netty:netty-all:jar:4.1.17.Final:provided
|  |  +- io.netty:netty:jar:3.9.9.Final:provided
|  |  +- com.clearspring.analytics:stream:jar:2.7.0:provided
|  |  +- io.dropwizard.metrics:metrics-core:jar:3.1.5:provided
|  |  |  \- (org.slf4j:slf4j-api:jar:1.7.7:provided - omitted for conflict with 1.7.16)
|  |  +- io.dropwizard.metrics:metrics-jvm:jar:3.1.5:provided
|  |  |  +- (io.dropwizard.metrics:metrics-core:jar:3.1.5:provided - omitted for duplicate)
|  |  |  \- (org.slf4j:slf4j-api:jar:1.7.7:provided - omitted for conflict with 1.7.16)
|  |  +- io.dropwizard.metrics:metrics-json:jar:3.1.5:provided
|  |  |  +- (io.dropwizard.metrics:metrics-core:jar:3.1.5:provided - omitted for duplicate)
|  |  |  +- (com.fasterxml.jackson.core:jackson-databind:jar:2.4.2:provided - omitted for conflict with 2.6.7.1)
|  |  |  \- (org.slf4j:slf4j-api:jar:1.7.7:provided - omitted for conflict with 1.7.16)
|  |  +- io.dropwizard.metrics:metrics-graphite:jar:3.1.5:provided
|  |  |  +- (io.dropwizard.metrics:metrics-core:jar:3.1.5:provided - omitted for duplicate)
|  |  |  \- (org.slf4j:slf4j-api:jar:1.7.7:provided - omitted for conflict with 1.7.16)
|  |  +- com.fasterxml.jackson.core:jackson-databind:jar:2.6.7.1:provided
|  |  |  +- (com.fasterxml.jackson.core:jackson-annotations:jar:2.6.0:provided - omitted for conflict with 2.6.7)
|  |  |  \- (com.fasterxml.jackson.core:jackson-core:jar:2.6.7:provided - omitted for duplicate)
|  |  +- com.fasterxml.jackson.module:jackson-module-scala_2.11:jar:2.6.7.1:provided
|  |  |  +- (org.scala-lang:scala-library:jar:2.11.8:provided - omitted for conflict with 2.11.6)
|  |  |  +- org.scala-lang:scala-reflect:jar:2.11.8:provided
|  |  |  |  \- (org.scala-lang:scala-library:jar:2.11.8:provided - omitted for conflict with 2.11.6)
|  |  |  +- (com.fasterxml.jackson.core:jackson-core:jar:2.6.7:provided - omitted for duplicate)
|  |  |  +- (com.fasterxml.jackson.core:jackson-annotations:jar:2.6.7:provided - omitted for duplicate)
|  |  |  +- (com.fasterxml.jackson.core:jackson-databind:jar:2.6.7:provided - omitted for conflict with 2.6.7.1)
|  |  |  \- com.fasterxml.jackson.module:jackson-module-paranamer:jar:2.7.9:provided
|  |  |     \- (com.thoughtworks.paranamer:paranamer:jar:2.8:provided - omitted for conflict with 2.3)
|  |  +- org.apache.ivy:ivy:jar:2.4.0:provided
|  |  +- oro:oro:jar:2.0.8:provided
|  |  +- net.razorvine:pyrolite:jar:4.13:provided
|  |  +- net.sf.py4j:py4j:jar:0.10.6:provided
|  |  +- (org.apache.spark:spark-tags_2.11:jar:2.3.0:provided - omitted for duplicate)
|  |  +- org.apache.commons:commons-crypto:jar:1.0.0:provided
|  |  \- (org.spark-project.spark:unused:jar:1.0.0:provided - omitted for duplicate)
|  +- org.apache.spark:spark-streaming_2.11:jar:2.3.0:provided
|  |  +- (org.apache.spark:spark-core_2.11:jar:2.3.0:provided - omitted for duplicate)
|  |  +- (org.apache.spark:spark-tags_2.11:jar:2.3.0:provided - omitted for duplicate)
|  |  +- (org.scala-lang:scala-library:jar:2.11.8:provided - omitted for conflict with 2.11.6)
|  |  \- (org.spark-project.spark:unused:jar:1.0.0:provided - omitted for duplicate)
|  +- org.apache.spark:spark-sql_2.11:jar:2.3.0:provided
|  |  +- com.univocity:univocity-parsers:jar:2.5.9:provided
|  |  +- org.apache.spark:spark-sketch_2.11:jar:2.3.0:provided
|  |  |  +- (org.apache.spark:spark-tags_2.11:jar:2.3.0:provided - omitted for duplicate)
|  |  |  \- (org.spark-project.spark:unused:jar:1.0.0:provided - omitted for duplicate)
|  |  +- (org.apache.spark:spark-core_2.11:jar:2.3.0:provided - omitted for duplicate)
|  |  +- org.apache.spark:spark-catalyst_2.11:jar:2.3.0:provided
|  |  |  +- (org.scala-lang:scala-reflect:jar:2.11.8:provided - omitted for duplicate)
|  |  |  +- (org.scala-lang.modules:scala-parser-combinators_2.11:jar:1.0.4:provided - omitted for duplicate)
|  |  |  +- (org.apache.spark:spark-core_2.11:jar:2.3.0:provided - omitted for duplicate)
|  |  |  +- (org.apache.spark:spark-tags_2.11:jar:2.3.0:provided - omitted for duplicate)
|  |  |  +- (org.apache.spark:spark-unsafe_2.11:jar:2.3.0:provided - omitted for duplicate)
|  |  |  +- (org.apache.spark:spark-sketch_2.11:jar:2.3.0:provided - omitted for duplicate)
|  |  |  +- org.codehaus.janino:janino:jar:3.0.8:provided
|  |  |  |  \- (org.codehaus.janino:commons-compiler:jar:3.0.8:provided - omitted for duplicate)
|  |  |  +- org.codehaus.janino:commons-compiler:jar:3.0.8:provided
|  |  |  +- org.antlr:antlr4-runtime:jar:4.7:provided
|  |  |  +- (commons-codec:commons-codec:jar:1.10:provided - omitted for duplicate)
|  |  |  \- (org.spark-project.spark:unused:jar:1.0.0:provided - omitted for duplicate)
|  |  +- (org.apache.spark:spark-tags_2.11:jar:2.3.0:provided - omitted for duplicate)
|  |  +- org.apache.orc:orc-core:jar:nohive:1.4.1:provided
|  |  |  +- (com.google.protobuf:protobuf-java:jar:2.5.0:provided - omitted for duplicate)
|  |  |  +- (commons-lang:commons-lang:jar:2.6:provided - omitted for duplicate)
|  |  |  +- io.airlift:aircompressor:jar:0.8:provided
|  |  |  \- (org.slf4j:slf4j-api:jar:1.7.5:provided - omitted for conflict with 1.7.16)
|  |  +- org.apache.orc:orc-mapreduce:jar:nohive:1.4.1:provided
|  |  |  +- (com.esotericsoftware:kryo-shaded:jar:3.0.3:provided - omitted for duplicate)
|  |  |  +- (commons-codec:commons-codec:jar:1.10:provided - omitted for duplicate)
|  |  |  \- (org.apache.hadoop:hadoop-mapreduce-client-core:jar:2.6.4:provided - omitted for conflict with 2.6.5)
|  |  +- org.apache.parquet:parquet-column:jar:1.8.2:provided
|  |  |  +- org.apache.parquet:parquet-common:jar:1.8.2:provided
|  |  |  |  \- (org.slf4j:slf4j-api:jar:1.7.5:provided - omitted for conflict with 1.7.16)
|  |  |  +- org.apache.parquet:parquet-encoding:jar:1.8.2:provided
|  |  |  |  +- (org.apache.parquet:parquet-common:jar:1.8.2:provided - omitted for duplicate)
|  |  |  |  \- (commons-codec:commons-codec:jar:1.10:provided - omitted for duplicate)
|  |  |  \- (commons-codec:commons-codec:jar:1.10:provided - omitted for duplicate)
|  |  +- org.apache.parquet:parquet-hadoop:jar:1.8.2:provided
|  |  |  +- (org.apache.parquet:parquet-column:jar:1.8.2:provided - omitted for duplicate)
|  |  |  +- org.apache.parquet:parquet-format:jar:2.3.1:provided
|  |  |  +- org.apache.parquet:parquet-jackson:jar:1.8.2:provided
|  |  |  +- (org.codehaus.jackson:jackson-mapper-asl:jar:1.9.11:provided - omitted for conflict with 1.9.13)
|  |  |  +- (org.codehaus.jackson:jackson-core-asl:jar:1.9.11:provided - omitted for conflict with 1.9.13)
|  |  |  \- (org.xerial.snappy:snappy-java:jar:1.1.1.6:provided - omitted for conflict with 1.1.2.6)
|  |  +- (com.fasterxml.jackson.core:jackson-databind:jar:2.6.7.1:provided - omitted for duplicate)
|  |  +- org.apache.arrow:arrow-vector:jar:0.8.0:provided
|  |  |  +- org.apache.arrow:arrow-format:jar:0.8.0:provided
|  |  |  |  \- (com.vlkan:flatbuffers:jar:1.2.0-3f79e055:provided - omitted for duplicate)
|  |  |  +- org.apache.arrow:arrow-memory:jar:0.8.0:provided
|  |  |  |  +- (com.google.code.findbugs:jsr305:jar:3.0.2:provided - omitted for conflict with 1.3.9)
|  |  |  |  \- (org.slf4j:slf4j-api:jar:1.7.25:provided - omitted for conflict with 1.7.16)
|  |  |  +- joda-time:joda-time:jar:2.9.9:provided
|  |  |  +- (com.fasterxml.jackson.core:jackson-core:jar:2.7.9:provided - omitted for conflict with 2.6.7)
|  |  |  +- com.carrotsearch:hppc:jar:0.7.2:provided
|  |  |  +- (commons-codec:commons-codec:jar:1.10:provided - omitted for duplicate)
|  |  |  +- com.vlkan:flatbuffers:jar:1.2.0-3f79e055:provided
|  |  |  +- (com.google.code.findbugs:jsr305:jar:3.0.2:provided - omitted for conflict with 1.3.9)
|  |  |  \- (org.slf4j:slf4j-api:jar:1.7.25:provided - omitted for conflict with 1.7.16)
|  |  +- (org.apache.xbean:xbean-asm5-shaded:jar:4.4:provided - omitted for duplicate)
|  |  \- (org.spark-project.spark:unused:jar:1.0.0:provided - omitted for duplicate)
|  +- org.apache.spark:spark-graphx_2.11:jar:2.3.0:provided
|  |  +- (org.apache.spark:spark-core_2.11:jar:2.3.0:provided - omitted for duplicate)
|  |  +- (org.apache.spark:spark-mllib-local_2.11:jar:2.3.0:provided - omitted for duplicate)
|  |  +- (org.apache.xbean:xbean-asm5-shaded:jar:4.4:provided - omitted for duplicate)
|  |  +- com.github.fommil.netlib:core:jar:1.1.2:provided
|  |  |  \- (net.sourceforge.f2j:arpack_combined_all:jar:0.1:provided - omitted for duplicate)
|  |  +- net.sourceforge.f2j:arpack_combined_all:jar:0.1:provided
|  |  +- (org.apache.spark:spark-tags_2.11:jar:2.3.0:provided - omitted for duplicate)
|  |  \- (org.spark-project.spark:unused:jar:1.0.0:provided - omitted for duplicate)
|  +- org.apache.spark:spark-mllib-local_2.11:jar:2.3.0:provided
|  |  +- (org.scalanlp:breeze_2.11:jar:0.13.2:provided - omitted for duplicate)
|  |  +- (org.apache.commons:commons-math3:jar:3.4.1:provided - omitted for duplicate)
|  |  +- (org.apache.spark:spark-tags_2.11:jar:2.3.0:provided - omitted for duplicate)
|  |  \- (org.spark-project.spark:unused:jar:1.0.0:provided - omitted for duplicate)
|  +- org.scalanlp:breeze_2.11:jar:0.13.2:provided
|  |  +- (org.scala-lang:scala-library:jar:2.11.8:provided - omitted for conflict with 2.11.6)
|  |  +- org.scalanlp:breeze-macros_2.11:jar:0.13.2:provided
|  |  |  +- (org.scala-lang:scala-library:jar:2.11.8:provided - omitted for conflict with 2.11.6)
|  |  |  \- (org.scala-lang:scala-reflect:jar:2.11.8:provided - omitted for duplicate)
|  |  +- (com.github.fommil.netlib:core:jar:1.1.2:provided - omitted for duplicate)
|  |  +- (net.sourceforge.f2j:arpack_combined_all:jar:0.1:provided - omitted for duplicate)
|  |  +- net.sf.opencsv:opencsv:jar:2.3:provided
|  |  +- com.github.rwl:jtransforms:jar:2.4.0:provided
|  |  +- org.spire-math:spire_2.11:jar:0.13.0:provided
|  |  |  +- (org.scala-lang:scala-library:jar:2.11.8:provided - omitted for conflict with 2.11.6)
|  |  |  +- org.spire-math:spire-macros_2.11:jar:0.13.0:provided
|  |  |  |  +- (org.scala-lang:scala-library:jar:2.11.8:provided - omitted for conflict with 2.11.6)
|  |  |  |  \- (org.typelevel:machinist_2.11:jar:0.6.1:provided - omitted for duplicate)
|  |  |  \- org.typelevel:machinist_2.11:jar:0.6.1:provided
|  |  |     +- (org.scala-lang:scala-library:jar:2.11.8:provided - omitted for conflict with 2.11.6)
|  |  |     \- (org.scala-lang:scala-reflect:jar:2.11.8:provided - omitted for duplicate)
|  |  +- com.chuusai:shapeless_2.11:jar:2.3.2:provided
|  |  |  +- (org.scala-lang:scala-library:jar:2.11.8:provided - omitted for conflict with 2.11.6)
|  |  |  \- org.typelevel:macro-compat_2.11:jar:1.1.1:provided
|  |  |     \- (org.scala-lang:scala-library:jar:2.11.7:provided - omitted for conflict with 2.11.6)
|  |  \- (org.slf4j:slf4j-api:jar:1.7.5:provided - omitted for conflict with 1.7.16)
|  +- org.apache.commons:commons-math3:jar:3.4.1:provided
|  +- org.apache.spark:spark-tags_2.11:jar:2.3.0:provided
|  |  +- (org.scala-lang:scala-library:jar:2.11.8:provided - omitted for conflict with 2.11.6)
|  |  \- (org.spark-project.spark:unused:jar:1.0.0:provided - omitted for duplicate)
|  \- org.spark-project.spark:unused:jar:1.0.0:provided
+- org.jpmml:jpmml-converter:jar:1.3.1:compile
|  +- com.google.guava:guava:jar:16.0.1:compile
|  +- org.jpmml:pmml-model:jar:1.4.1:compile
|  |  \- org.jpmml:pmml-agent:jar:1.4.1:compile
|  \- org.jpmml:pmml-model-metro:jar:1.4.1:compile
|     +- (org.jpmml:pmml-model:jar:1.4.1:compile - omitted for duplicate)
|     +- javax.activation:javax.activation-api:jar:1.2.0:compile
|     \- org.glassfish.jaxb:jaxb-runtime:jar:2.3.0:compile
|        \- org.glassfish.jaxb:jaxb-core:jar:2.3.0:compile
|           +- javax.xml.bind:jaxb-api:jar:2.2.2:compile
|           \- com.sun.istack:istack-commons-runtime:jar:3.0.5:compile
+- junit:junit:jar:4.12:test
|  \- org.hamcrest:hamcrest-core:jar:1.3:test
+- org.apache.hadoop:hadoop-client:jar:2.7.3:test
|  +- org.apache.hadoop:hadoop-common:jar:2.7.3:test
|  |  +- (org.apache.hadoop:hadoop-annotations:jar:2.7.3:test - omitted for duplicate)
|  |  +- (com.google.guava:guava:jar:16.0.1:test - omitted for duplicate)
|  |  +- commons-cli:commons-cli:jar:1.2:test
|  |  +- (org.apache.commons:commons-math3:jar:3.1.1:test - omitted for conflict with 3.4.1)
|  |  +- xmlenc:xmlenc:jar:0.52:test
|  |  +- commons-httpclient:commons-httpclient:jar:3.1:test
|  |  |  +- (commons-logging:commons-logging:jar:1.0.4:test - omitted for conflict with 1.1.3)
|  |  |  \- (commons-codec:commons-codec:jar:1.10:test - omitted for duplicate)
|  |  +- commons-codec:commons-codec:jar:1.10:test
|  |  +- commons-io:commons-io:jar:2.4:test
|  |  +- (commons-net:commons-net:jar:3.1:test - omitted for conflict with 2.2)
|  |  +- commons-collections:commons-collections:jar:3.2.2:test
|  |  +- javax.servlet.jsp:jsp-api:jar:2.1:test
|  |  +- commons-logging:commons-logging:jar:1.1.3:test
|  |  +- (log4j:log4j:jar:1.2.17:test - omitted for duplicate)
|  |  +- commons-lang:commons-lang:jar:2.6:test
|  |  +- commons-configuration:commons-configuration:jar:1.6:test
|  |  |  +- (commons-collections:commons-collections:jar:3.2.1:test - omitted for conflict with 3.2.2)
|  |  |  +- (commons-lang:commons-lang:jar:2.4:test - omitted for conflict with 2.6)
|  |  |  +- (commons-logging:commons-logging:jar:1.1.1:test - omitted for conflict with 1.1.3)
|  |  |  +- commons-digester:commons-digester:jar:1.8:test
|  |  |  |  +- commons-beanutils:commons-beanutils:jar:1.7.0:test
|  |  |  |  |  \- (commons-logging:commons-logging:jar:1.0.3:test - omitted for conflict with 1.1.3)
|  |  |  |  \- (commons-logging:commons-logging:jar:1.1:test - omitted for conflict with 1.1.3)
|  |  |  \- commons-beanutils:commons-beanutils-core:jar:1.8.0:test
|  |  |     \- (commons-logging:commons-logging:jar:1.1.1:test - omitted for conflict with 1.1.3)
|  |  +- (org.slf4j:slf4j-api:jar:1.7.10:test - omitted for conflict with 1.7.16)
|  |  +- (org.slf4j:slf4j-log4j12:jar:1.7.10:test - omitted for conflict with 1.7.16)
|  |  +- org.codehaus.jackson:jackson-core-asl:jar:1.9.13:test
|  |  +- org.codehaus.jackson:jackson-mapper-asl:jar:1.9.13:test
|  |  |  \- (org.codehaus.jackson:jackson-core-asl:jar:1.9.13:test - omitted for duplicate)
|  |  +- (org.apache.avro:avro:jar:1.7.4:test - omitted for conflict with 1.7.7)
|  |  +- com.google.protobuf:protobuf-java:jar:2.5.0:test
|  |  +- com.google.code.gson:gson:jar:2.2.4:test
|  |  +- org.apache.hadoop:hadoop-auth:jar:2.7.3:test
|  |  |  +- (org.slf4j:slf4j-api:jar:1.7.10:test - omitted for conflict with 1.7.16)
|  |  |  +- (commons-codec:commons-codec:jar:1.10:test - omitted for duplicate)
|  |  |  +- (log4j:log4j:jar:1.2.17:test - omitted for duplicate)
|  |  |  +- (org.slf4j:slf4j-log4j12:jar:1.7.10:test - omitted for conflict with 1.7.16)
|  |  |  +- (org.apache.httpcomponents:httpclient:jar:4.2.5:test - omitted for conflict with 4.5)
|  |  |  +- org.apache.directory.server:apacheds-kerberos-codec:jar:2.0.0-M15:test
|  |  |  |  +- org.apache.directory.server:apacheds-i18n:jar:2.0.0-M15:test
|  |  |  |  |  \- (org.slf4j:slf4j-api:jar:1.7.5:test - omitted for conflict with 1.7.16)
|  |  |  |  +- org.apache.directory.api:api-asn1-api:jar:1.0.0-M20:test
|  |  |  |  |  \- (org.slf4j:slf4j-api:jar:1.7.5:test - omitted for conflict with 1.7.16)
|  |  |  |  +- org.apache.directory.api:api-util:jar:1.0.0-M20:test
|  |  |  |  |  \- (org.slf4j:slf4j-api:jar:1.7.5:test - omitted for conflict with 1.7.16)
|  |  |  |  \- (org.slf4j:slf4j-api:jar:1.7.5:test - omitted for conflict with 1.7.16)
|  |  |  +- (org.apache.zookeeper:zookeeper:jar:3.4.6:test - omitted for duplicate)
|  |  |  \- (org.apache.curator:curator-framework:jar:2.7.1:test - omitted for conflict with 2.6.0)
|  |  +- org.apache.curator:curator-client:jar:2.7.1:test
|  |  |  +- (org.slf4j:slf4j-api:jar:1.7.6:test - omitted for conflict with 1.7.16)
|  |  |  +- (org.apache.zookeeper:zookeeper:jar:3.4.6:test - omitted for duplicate)
|  |  |  \- (com.google.guava:guava:jar:16.0.1:test - omitted for duplicate)
|  |  +- (org.apache.curator:curator-recipes:jar:2.7.1:test - omitted for conflict with 2.6.0)
|  |  +- (com.google.code.findbugs:jsr305:jar:3.0.0:test - omitted for conflict with 1.3.9)
|  |  +- org.apache.htrace:htrace-core:jar:3.1.0-incubating:test
|  |  +- org.apache.zookeeper:zookeeper:jar:3.4.6:test
|  |  |  +- (org.slf4j:slf4j-api:jar:1.6.1:test - omitted for conflict with 1.7.16)
|  |  |  +- (org.slf4j:slf4j-log4j12:jar:1.6.1:test - omitted for conflict with 1.7.16)
|  |  |  +- (log4j:log4j:jar:1.2.16:test - omitted for conflict with 1.2.17)
|  |  |  \- (io.netty:netty:jar:3.7.0.Final:test - omitted for conflict with 3.9.9.Final)
|  |  \- org.apache.commons:commons-compress:jar:1.4.1:test
|  |     \- org.tukaani:xz:jar:1.0:test
|  +- org.apache.hadoop:hadoop-hdfs:jar:2.7.3:test
|  |  +- (com.google.guava:guava:jar:16.0.1:test - omitted for duplicate)
|  |  +- org.mortbay.jetty:jetty-util:jar:6.1.26:test
|  |  +- (commons-cli:commons-cli:jar:1.2:test - omitted for duplicate)
|  |  +- (commons-codec:commons-codec:jar:1.10:test - omitted for duplicate)
|  |  +- (commons-io:commons-io:jar:2.4:test - omitted for duplicate)
|  |  +- (commons-lang:commons-lang:jar:2.6:test - omitted for duplicate)
|  |  +- (commons-logging:commons-logging:jar:1.1.3:test - omitted for duplicate)
|  |  +- (log4j:log4j:jar:1.2.17:test - omitted for duplicate)
|  |  +- (com.google.protobuf:protobuf-java:jar:2.5.0:test - omitted for duplicate)
|  |  +- (org.codehaus.jackson:jackson-core-asl:jar:1.9.13:test - omitted for duplicate)
|  |  +- (org.codehaus.jackson:jackson-mapper-asl:jar:1.9.13:test - omitted for duplicate)
|  |  +- (xmlenc:xmlenc:jar:0.52:test - omitted for duplicate)
|  |  +- (io.netty:netty:jar:3.6.2.Final:test - omitted for conflict with 3.9.9.Final)
|  |  +- (io.netty:netty-all:jar:4.0.23.Final:test - omitted for conflict with 4.1.17.Final)
|  |  +- xerces:xercesImpl:jar:2.9.1:test
|  |  |  \- xml-apis:xml-apis:jar:1.3.04:test
|  |  +- (org.apache.htrace:htrace-core:jar:3.1.0-incubating:test - omitted for duplicate)
|  |  \- org.fusesource.leveldbjni:leveldbjni-all:jar:1.8:test
|  +- org.apache.hadoop:hadoop-mapreduce-client-app:jar:2.7.3:test
|  |  +- org.apache.hadoop:hadoop-mapreduce-client-common:jar:2.7.3:test
|  |  |  +- (org.apache.hadoop:hadoop-yarn-common:jar:2.7.3:test - omitted for duplicate)
|  |  |  +- org.apache.hadoop:hadoop-yarn-client:jar:2.7.3:test
|  |  |  |  +- (com.google.guava:guava:jar:16.0.1:test - omitted for duplicate)
|  |  |  |  +- (commons-logging:commons-logging:jar:1.1.3:test - omitted for duplicate)
|  |  |  |  +- (commons-lang:commons-lang:jar:2.6:test - omitted for duplicate)
|  |  |  |  +- (commons-cli:commons-cli:jar:1.2:test - omitted for duplicate)
|  |  |  |  +- (log4j:log4j:jar:1.2.17:test - omitted for duplicate)
|  |  |  |  +- (org.apache.hadoop:hadoop-yarn-api:jar:2.7.3:test - omitted for duplicate)
|  |  |  |  \- (org.apache.hadoop:hadoop-yarn-common:jar:2.7.3:test - omitted for duplicate)
|  |  |  +- (org.apache.hadoop:hadoop-mapreduce-client-core:jar:2.7.3:test - omitted for duplicate)
|  |  |  +- org.apache.hadoop:hadoop-yarn-server-common:jar:2.7.3:test
|  |  |  |  +- (org.apache.hadoop:hadoop-yarn-api:jar:2.7.3:test - omitted for duplicate)
|  |  |  |  +- (org.apache.hadoop:hadoop-yarn-common:jar:2.7.3:test - omitted for duplicate)
|  |  |  |  +- (com.google.guava:guava:jar:16.0.1:test - omitted for duplicate)
|  |  |  |  +- (commons-logging:commons-logging:jar:1.1.3:test - omitted for duplicate)
|  |  |  |  +- (com.google.protobuf:protobuf-java:jar:2.5.0:test - omitted for duplicate)
|  |  |  |  +- (org.apache.zookeeper:zookeeper:jar:3.4.6:test - omitted for duplicate)
|  |  |  |  \- (org.fusesource.leveldbjni:leveldbjni-all:jar:1.8:test - omitted for duplicate)
|  |  |  +- (com.google.protobuf:protobuf-java:jar:2.5.0:test - omitted for duplicate)
|  |  |  +- (org.slf4j:slf4j-api:jar:1.7.10:test - omitted for conflict with 1.7.16)
|  |  |  \- (org.slf4j:slf4j-log4j12:jar:1.7.10:test - omitted for conflict with 1.7.16)
|  |  +- org.apache.hadoop:hadoop-mapreduce-client-shuffle:jar:2.7.3:test
|  |  |  +- (org.apache.hadoop:hadoop-yarn-server-common:jar:2.7.3:test - omitted for duplicate)
|  |  |  +- (org.apache.hadoop:hadoop-mapreduce-client-common:jar:2.7.3:test - omitted for duplicate)
|  |  |  +- (org.fusesource.leveldbjni:leveldbjni-all:jar:1.8:test - omitted for duplicate)
|  |  |  +- (com.google.protobuf:protobuf-java:jar:2.5.0:test - omitted for duplicate)
|  |  |  +- (org.slf4j:slf4j-api:jar:1.7.10:test - omitted for conflict with 1.7.16)
|  |  |  \- (org.slf4j:slf4j-log4j12:jar:1.7.10:test - omitted for conflict with 1.7.16)
|  |  +- (com.google.protobuf:protobuf-java:jar:2.5.0:test - omitted for duplicate)
|  |  +- (org.slf4j:slf4j-api:jar:1.7.10:test - omitted for conflict with 1.7.16)
|  |  \- (org.slf4j:slf4j-log4j12:jar:1.7.10:test - omitted for conflict with 1.7.16)
|  +- org.apache.hadoop:hadoop-yarn-api:jar:2.7.3:test
|  |  +- (commons-lang:commons-lang:jar:2.6:test - omitted for duplicate)
|  |  +- (com.google.guava:guava:jar:16.0.1:test - omitted for duplicate)
|  |  +- (commons-logging:commons-logging:jar:1.1.3:test - omitted for duplicate)
|  |  \- (com.google.protobuf:protobuf-java:jar:2.5.0:test - omitted for duplicate)
|  +- org.apache.hadoop:hadoop-mapreduce-client-core:jar:2.7.3:test
|  |  +- org.apache.hadoop:hadoop-yarn-common:jar:2.7.3:test
|  |  |  +- (org.apache.hadoop:hadoop-yarn-api:jar:2.7.3:test - omitted for duplicate)
|  |  |  +- (javax.xml.bind:jaxb-api:jar:2.2.2:compile - scope updated from test; omitted for duplicate)
|  |  |  +- (org.apache.commons:commons-compress:jar:1.4.1:test - omitted for duplicate)
|  |  |  +- (commons-lang:commons-lang:jar:2.6:test - omitted for duplicate)
|  |  |  +- javax.servlet:servlet-api:jar:2.5:test
|  |  |  +- (commons-codec:commons-codec:jar:1.10:test - omitted for duplicate)
|  |  |  +- (org.mortbay.jetty:jetty-util:jar:6.1.26:test - omitted for duplicate)
|  |  |  +- com.sun.jersey:jersey-core:jar:1.9:test
|  |  |  +- com.sun.jersey:jersey-client:jar:1.9:test
|  |  |  |  \- (com.sun.jersey:jersey-core:jar:1.9:test - omitted for duplicate)
|  |  |  +- (org.codehaus.jackson:jackson-core-asl:jar:1.9.13:test - omitted for duplicate)
|  |  |  +- (org.codehaus.jackson:jackson-mapper-asl:jar:1.9.13:test - omitted for duplicate)
|  |  |  +- org.codehaus.jackson:jackson-jaxrs:jar:1.9.13:test
|  |  |  |  +- (org.codehaus.jackson:jackson-core-asl:jar:1.9.13:test - omitted for duplicate)
|  |  |  |  \- (org.codehaus.jackson:jackson-mapper-asl:jar:1.9.13:test - omitted for duplicate)
|  |  |  +- org.codehaus.jackson:jackson-xc:jar:1.9.13:test
|  |  |  |  +- (org.codehaus.jackson:jackson-core-asl:jar:1.9.13:test - omitted for duplicate)
|  |  |  |  \- (org.codehaus.jackson:jackson-mapper-asl:jar:1.9.13:test - omitted for duplicate)
|  |  |  +- (com.google.guava:guava:jar:16.0.1:test - omitted for duplicate)
|  |  |  +- (commons-logging:commons-logging:jar:1.1.3:test - omitted for duplicate)
|  |  |  +- (commons-cli:commons-cli:jar:1.2:test - omitted for duplicate)
|  |  |  +- (org.slf4j:slf4j-api:jar:1.7.10:test - omitted for conflict with 1.7.16)
|  |  |  +- (com.google.protobuf:protobuf-java:jar:2.5.0:test - omitted for duplicate)
|  |  |  +- (commons-io:commons-io:jar:2.4:test - omitted for duplicate)
|  |  |  \- (log4j:log4j:jar:1.2.17:test - omitted for duplicate)
|  |  +- (com.google.protobuf:protobuf-java:jar:2.5.0:test - omitted for duplicate)
|  |  +- (org.slf4j:slf4j-api:jar:1.7.10:test - omitted for conflict with 1.7.16)
|  |  \- (org.slf4j:slf4j-log4j12:jar:1.7.10:test - omitted for conflict with 1.7.16)
|  +- org.apache.hadoop:hadoop-mapreduce-client-jobclient:jar:2.7.3:test
|  |  +- (org.apache.hadoop:hadoop-mapreduce-client-common:jar:2.7.3:test - omitted for duplicate)
|  |  +- (org.apache.hadoop:hadoop-mapreduce-client-shuffle:jar:2.7.3:test - omitted for duplicate)
|  |  +- (com.google.protobuf:protobuf-java:jar:2.5.0:test - omitted for duplicate)
|  |  +- (org.slf4j:slf4j-api:jar:1.7.10:test - omitted for conflict with 1.7.16)
|  |  \- (org.slf4j:slf4j-log4j12:jar:1.7.10:test - omitted for conflict with 1.7.16)
|  \- org.apache.hadoop:hadoop-annotations:jar:2.7.3:test
+- org.jpmml:pmml-evaluator:jar:1.4.1:test
|  +- (org.jpmml:pmml-model:jar:1.4.1:test - omitted for duplicate)
|  +- (com.google.guava:guava:jar:16.0.1:test - omitted for duplicate)
|  \- (org.apache.commons:commons-math3:jar:3.4.1:test - omitted for duplicate)
\- org.jpmml:pmml-evaluator-test:jar:1.4.1:test
   \- (org.jpmml:pmml-evaluator:jar:1.4.1:test - omitted for duplicate)

