WARNING: Your kernel does not support swap limit capabilities or the cgroup is not mounted. Memory limited without swap.
org.jpmml:jpmml-sklearn:jar:1.5.6
+- com.beust:jcommander:jar:1.72:compile
+- org.jpmml:jpmml-converter:jar:1.3.3:compile
|  +- com.google.guava:guava:jar:25.1-jre:compile
|  |  +- com.google.guava:failureaccess:jar:1.0.1:compile
|  |  \- com.google.guava:listenablefuture:jar:9999.0-empty-to-avoid-conflict-with-guava:compile
|  +- org.jpmml:pmml-model:jar:1.4.5:compile
|  |  \- org.jpmml:pmml-agent:jar:1.4.5:compile
|  \- org.jpmml:pmml-model-metro:jar:1.4.5:compile
|     +- (org.jpmml:pmml-model:jar:1.4.5:compile - omitted for duplicate)
|     +- javax.activation:javax.activation-api:jar:1.2.0:compile
|     \- org.glassfish.jaxb:jaxb-runtime:jar:2.3.0.1:compile
|        \- org.glassfish.jaxb:jaxb-core:jar:2.3.0.1:compile
|           +- javax.xml.bind:jaxb-api:jar:2.3.0:compile
|           \- com.sun.istack:istack-commons-runtime:jar:3.0.5:compile
+- org.jpmml:jpmml-h2o:jar:1.0.0:compile
|  +- (com.beust:jcommander:jar:1.72:compile - omitted for duplicate)
|  +- ai.h2o:h2o-genmodel:jar:3.32.0.2:compile
|  |  +- ai.h2o:h2o-logger:jar:3.32.0.2:compile
|  |  \- ai.h2o:h2o-tree-api:jar:0.3.17:compile
|  +- (org.jpmml:jpmml-converter:jar:1.3.3:compile - omitted for duplicate)
|  \- (org.jpmml:jpmml-xgboost:jar:1.3.3:compile - omitted for duplicate)
+- org.jpmml:jpmml-lightgbm:jar:1.2.2:compile
|  +- (com.beust:jcommander:jar:1.72:compile - omitted for duplicate)
|  \- (org.jpmml:jpmml-converter:jar:1.3.3:compile - omitted for duplicate)
+- org.jpmml:jpmml-xgboost:jar:1.3.3:compile
|  +- (com.beust:jcommander:jar:1.72:compile - omitted for duplicate)
|  \- (org.jpmml:jpmml-converter:jar:1.3.3:compile - omitted for duplicate)
+- net.razorvine:pyrolite:jar:4.21:compile
|  \- net.razorvine:serpent:jar:1.23:compile
+- org.slf4j:slf4j-api:jar:1.7.25:compile
+- org.slf4j:slf4j-jdk14:jar:1.7.25:compile
|  \- (org.slf4j:slf4j-api:jar:1.7.25:compile - omitted for duplicate)
+- junit:junit:jar:4.12:test
|  \- org.hamcrest:hamcrest-core:jar:1.3:test
+- org.jpmml:pmml-evaluator:jar:1.4.3:test
|  +- (org.jpmml:pmml-model:jar:1.4.5:test - omitted for duplicate)
|  +- (com.google.guava:guava:jar:25.1-jre:test - omitted for duplicate)
|  \- org.apache.commons:commons-math3:jar:3.6.1:test
\- org.jpmml:pmml-evaluator-test:jar:1.4.3:test
   +- (org.jpmml:pmml-evaluator:jar:1.4.3:test - omitted for duplicate)
   +- (org.jpmml:pmml-model-metro:jar:1.4.5:test - omitted for duplicate)
   \- org.jpmml:pmml-model-moxy:jar:1.4.5:test
      +- (org.jpmml:pmml-model:jar:1.4.5:test - omitted for duplicate)
      +- (javax.activation:javax.activation-api:jar:1.2.0:test - omitted for duplicate)
      +- (javax.xml.bind:jaxb-api:jar:2.3.0:compile - scope updated from test; omitted for duplicate)
      \- org.eclipse.persistence:org.eclipse.persistence.moxy:jar:2.7.1:test
         +- org.eclipse.persistence:org.eclipse.persistence.core:jar:2.7.1:test
         |  \- org.eclipse.persistence:org.eclipse.persistence.asm:jar:2.7.1:test
         \- javax.validation:validation-api:jar:1.1.0.Final:test

