WARNING: Your kernel does not support swap limit capabilities or the cgroup is not mounted. Memory limited without swap.
org.jpmml:jpmml-sklearn:jar:1.6.5
+- com.beust:jcommander:jar:1.72:compile
+- org.jpmml:jpmml-python:jar:1.0.7:compile
|  +- org.jpmml:jpmml-converter:jar:1.4.3:compile
|  |  +- com.google.guava:guava:jar:21.0:compile
|  |  +- org.jpmml:pmml-model:jar:1.5.3:compile
|  |  |  \- org.jpmml:pmml-agent:jar:1.5.3:compile
|  |  +- org.jpmml:pmml-model-metro:jar:1.5.3:compile
|  |  |  +- (org.jpmml:pmml-model:jar:1.5.3:compile - omitted for duplicate)
|  |  |  \- org.glassfish.jaxb:jaxb-runtime:jar:2.3.3:compile
|  |  |     +- jakarta.xml.bind:jakarta.xml.bind-api:jar:2.3.3:compile
|  |  |     +- com.sun.istack:istack-commons-runtime:jar:3.0.11:compile
|  |  |     \- com.sun.activation:jakarta.activation:jar:1.2.2:runtime
|  |  +- org.slf4j:slf4j-api:jar:1.7.30:compile
|  |  \- org.slf4j:slf4j-jdk14:jar:1.7.30:compile
|  |     \- (org.slf4j:slf4j-api:jar:1.7.30:compile - omitted for duplicate)
|  +- net.razorvine:pickle:jar:1.1:compile
|  \- net.razorvine:serpent:jar:1.30:compile
+- org.jpmml:jpmml-h2o:jar:1.1.2:compile
|  +- (com.beust:jcommander:jar:1.72:compile - omitted for duplicate)
|  +- ai.h2o:h2o-genmodel:jar:3.32.0.2:compile
|  |  +- ai.h2o:h2o-logger:jar:3.32.0.2:compile
|  |  +- com.google.code.gson:gson:jar:2.6.2:compile
|  |  \- ai.h2o:h2o-tree-api:jar:0.3.17:compile
|  +- (org.jpmml:jpmml-converter:jar:1.4.3:compile - omitted for duplicate)
|  \- (org.jpmml:jpmml-xgboost:jar:1.4.3:compile - omitted for duplicate)
+- org.jpmml:jpmml-lightgbm:jar:1.3.3:compile
|  +- (com.beust:jcommander:jar:1.72:compile - omitted for duplicate)
|  \- (org.jpmml:jpmml-converter:jar:1.4.3:compile - omitted for duplicate)
+- org.jpmml:jpmml-xgboost:jar:1.4.3:compile
|  +- (com.beust:jcommander:jar:1.72:compile - omitted for duplicate)
|  \- (org.jpmml:jpmml-converter:jar:1.4.3:compile - omitted for duplicate)
+- junit:junit:jar:4.12:test
|  \- org.hamcrest:hamcrest-core:jar:1.3:test
\- org.jpmml:pmml-evaluator-testing:jar:1.5.3:test
   +- org.jpmml:pmml-evaluator:jar:1.5.3:test
   |  +- (org.jpmml:pmml-model:jar:1.5.3:test - omitted for duplicate)
   |  +- (com.google.guava:guava:jar:21.0:test - omitted for duplicate)
   |  \- org.apache.commons:commons-math3:jar:3.6.1:test
   +- org.jpmml:pmml-evaluator-extension:jar:1.5.3:test
   |  \- (org.jpmml:pmml-evaluator:jar:1.5.3:test - omitted for duplicate)
   +- org.jpmml:pmml-evaluator-kryo:jar:1.5.3:test
   |  +- (org.jpmml:pmml-evaluator:jar:1.5.3:test - omitted for duplicate)
   |  +- org.jpmml:pmml-model-kryo:jar:1.5.3:test
   |  |  +- (org.jpmml:pmml-model:jar:1.5.3:test - omitted for duplicate)
   |  |  \- com.esotericsoftware:kryo:jar:5.0.0-RC1:test
   |  |     +- com.esotericsoftware:reflectasm:jar:1.11.8:test
   |  |     +- org.objenesis:objenesis:jar:3.0.1:test
   |  |     \- com.esotericsoftware:minlog:jar:1.3.1:test
   |  \- de.javakaffee:kryo-serializers:jar:0.45:test
   |     \- (com.esotericsoftware:kryo:jar:5.0.0-RC1:test - omitted for duplicate)
   +- (org.jpmml:pmml-model-metro:jar:1.5.3:compile - scope updated from test; omitted for duplicate)
   \- org.jpmml:pmml-model-moxy:jar:1.5.3:test
      +- (org.jpmml:pmml-model:jar:1.5.3:test - omitted for duplicate)
      \- (jakarta.xml.bind:jakarta.xml.bind-api:jar:2.3.3:compile - scope updated from test; omitted for duplicate)

