WARNING: Your kernel does not support swap limit capabilities or the cgroup is not mounted. Memory limited without swap.
org.jpmml:jpmml-r:jar:1.0.0
+- com.beust:jcommander:jar:1.48:compile
+- org.jpmml:jpmml-converter:jar:1.0.0:compile
|  +- com.google.guava:guava:jar:18.0:compile
|  \- org.jpmml:pmml-model:jar:1.2.6:compile
|     +- org.jpmml:pmml-agent:jar:1.2.6:compile
|     \- org.jpmml:pmml-schema:jar:1.2.6:compile
+- org.jpmml:proto-rexp:jar:1.0.0:compile
|  \- com.google.protobuf:protobuf-java:jar:2.6.1:compile
+- org.slf4j:slf4j-api:jar:1.7.12:compile
+- org.slf4j:slf4j-jdk14:jar:1.7.12:compile
|  \- (org.slf4j:slf4j-api:jar:1.7.12:compile - omitted for duplicate)
+- junit:junit:jar:4.12:test
|  \- org.hamcrest:hamcrest-core:jar:1.3:test
+- org.jpmml:pmml-evaluator:jar:1.2.5:test
|  +- (org.jpmml:pmml-model:jar:1.2.6:test - omitted for duplicate)
|  +- (com.google.guava:guava:jar:18.0:test - omitted for duplicate)
|  +- joda-time:joda-time:jar:2.8.2:test
|  \- org.apache.commons:commons-math3:jar:3.5:test
\- org.jpmml:pmml-evaluator:test-jar:tests:1.2.5:test
   +- (org.jpmml:pmml-model:jar:1.2.6:test - omitted for duplicate)
   +- (com.google.guava:guava:jar:18.0:test - omitted for duplicate)
   +- (joda-time:joda-time:jar:2.8.2:test - omitted for duplicate)
   \- (org.apache.commons:commons-math3:jar:3.5:test - omitted for duplicate)

