WARNING: Your kernel does not support swap limit capabilities or the cgroup is not mounted. Memory limited without swap.
[ERROR] Command 'cd /tmp/tmp0m9fe1wb/lackr; mvn -gs /home/jdbl/core/../maven-proxy.xml se.kth.castor:depclean-maven-plugin:1.1.0:depclean -Dcreate.pom.debloated=true -Dcreate.result.json=true > /home/jdbl/results/kali_lackr/0fc3458716140903c13c34b6ccb5896c2491cd59/depClean.log 2>&1' returned non-zero exit status 1.
com.fotonauts:lackr:jar:0.5.30
+- org.slf4j:jcl-over-slf4j:jar:1.7.5:runtime
|  \- (org.slf4j:slf4j-api:jar:1.7.5:compile - scope updated from runtime; omitted for duplicate)
+- ch.qos.logback:logback-classic:jar:1.0.13:test
|  +- ch.qos.logback:logback-core:jar:1.0.13:test
|  \- (org.slf4j:slf4j-api:jar:1.7.5:test - omitted for duplicate)
+- org.eclipse.jetty:jetty-http:jar:9.0.7.v20131107:compile
|  \- org.eclipse.jetty:jetty-util:jar:9.0.7.v20131107:compile
+- org.eclipse.jetty:jetty-server:jar:9.0.7.v20131107:compile
|  +- org.eclipse.jetty.orbit:javax.servlet:jar:3.0.0.v201112011016:compile
|  +- (org.eclipse.jetty:jetty-http:jar:9.0.7.v20131107:compile - omitted for duplicate)
|  \- org.eclipse.jetty:jetty-io:jar:9.0.7.v20131107:compile
|     \- (org.eclipse.jetty:jetty-util:jar:9.0.7.v20131107:compile - omitted for duplicate)
+- args4j:args4j:jar:2.0.12:compile
+- org.mongodb:mongo-java-driver:jar:2.10.1:compile
+- junit:junit:jar:4.8.2:compile
+- com.github.jknack:handlebars:jar:1.1.2:compile
|  +- org.apache.commons:commons-lang3:jar:3.1:compile
|  +- org.antlr:antlr4-runtime:jar:4.1:compile
|  +- org.mozilla:rhino:jar:1.7R4:compile
|  \- org.slf4j:slf4j-api:jar:1.7.5:compile
+- org.codehaus.jackson:jackson-core-asl:jar:1.8.0:compile
+- org.codehaus.jackson:jackson-mapper-asl:jar:1.8.0:compile
|  \- (org.codehaus.jackson:jackson-core-asl:jar:1.8.0:compile - omitted for duplicate)
+- org.eclipse.jetty:jetty-webapp:jar:9.0.7.v20131107:compile
|  +- org.eclipse.jetty:jetty-xml:jar:9.0.7.v20131107:compile
|  |  \- (org.eclipse.jetty:jetty-util:jar:9.0.7.v20131107:compile - omitted for duplicate)
|  \- org.eclipse.jetty:jetty-servlet:jar:9.0.7.v20131107:compile
|     \- org.eclipse.jetty:jetty-security:jar:9.0.7.v20131107:compile
|        \- (org.eclipse.jetty:jetty-server:jar:9.0.7.v20131107:compile - omitted for duplicate)
+- org.eclipse.jetty:jetty-client:jar:9.0.7.v20131107:compile
|  +- (org.eclipse.jetty:jetty-http:jar:9.0.7.v20131107:compile - omitted for duplicate)
|  \- (org.eclipse.jetty:jetty-io:jar:9.0.7.v20131107:compile - omitted for duplicate)
+- com.yammer.metrics:metrics-core:jar:2.2.0:compile
|  \- (org.slf4j:slf4j-api:jar:1.7.2:compile - omitted for conflict with 1.7.5)
+- com.yammer.metrics:metrics-graphite:jar:2.2.0:compile
|  +- (com.yammer.metrics:metrics-core:jar:2.2.0:compile - omitted for duplicate)
|  \- (org.slf4j:slf4j-api:jar:1.7.2:compile - omitted for conflict with 1.7.5)
+- com.ibm.icu:icu4j:jar:51.1:compile
\- commons-configuration:commons-configuration:jar:1.9:compile
   \- commons-lang:commons-lang:jar:2.6:compile

Traceback (most recent call last):
  File "/home/jdbl/core/Debloat.py", line 80, in depClean
    output = subprocess.check_output(cmd, shell=True)
  File "/usr/lib/python3.7/subprocess.py", line 395, in check_output
    **kwargs).stdout
  File "/usr/lib/python3.7/subprocess.py", line 487, in run
    output=stdout, stderr=stderr)
subprocess.CalledProcessError: Command 'cd /tmp/tmp0m9fe1wb/lackr; mvn -gs /home/jdbl/core/../maven-proxy.xml se.kth.castor:depclean-maven-plugin:1.1.0:depclean -Dcreate.pom.debloated=true -Dcreate.result.json=true > /home/jdbl/results/kali_lackr/0fc3458716140903c13c34b6ccb5896c2491cd59/depClean.log 2>&1' returned non-zero exit status 1.
