WARNING: Your kernel does not support swap limit capabilities or the cgroup is not mounted. Memory limited without swap.
Traceback (most recent call last):
  File "/home/jdbl/core/Debloat.py", line 80, in depClean
    output = subprocess.check_output(cmd, shell=True)
  File "/usr/lib/python3.7/subprocess.py", line 395, in check_output
    **kwargs).stdout
  File "/usr/lib/python3.7/subprocess.py", line 487, in run
    output=stdout, stderr=stderr)
subprocess.CalledProcessError: Command 'cd /tmp/tmp2qe1q0g4/lackr; mvn -gs /home/jdbl/core/../maven-proxy.xml se.kth.castor:depclean-maven-plugin:1.1.0:depclean -Dcreate.pom.debloated=true -Dcreate.result.json=true > /home/jdbl/results/kali_lackr/d16ae64b72ac1c508cfea103a9d5862d1f33d0c5/depClean.log 2>&1' returned non-zero exit status 1.
[ERROR] Command 'cd /tmp/tmp2qe1q0g4/lackr; mvn -gs /home/jdbl/core/../maven-proxy.xml se.kth.castor:depclean-maven-plugin:1.1.0:depclean -Dcreate.pom.debloated=true -Dcreate.result.json=true > /home/jdbl/results/kali_lackr/d16ae64b72ac1c508cfea103a9d5862d1f33d0c5/depClean.log 2>&1' returned non-zero exit status 1.
com.fotonauts:lackr:jar:0.3.3
+- org.springframework:org.springframework.context:jar:3.0.5.RELEASE:compile
|  +- org.springframework:org.springframework.asm:jar:3.0.5.RELEASE:compile
|  +- org.springframework:org.springframework.aop:jar:3.0.5.RELEASE:compile
|  |  +- org.aopalliance:com.springsource.org.aopalliance:jar:1.0.0:compile
|  |  +- (org.springframework:org.springframework.beans:jar:3.0.5.RELEASE:compile - omitted for duplicate)
|  |  \- (org.springframework:org.springframework.core:jar:3.0.5.RELEASE:compile - omitted for duplicate)
|  +- org.springframework:org.springframework.beans:jar:3.0.5.RELEASE:compile
|  |  +- (org.springframework:org.springframework.core:jar:3.0.5.RELEASE:compile - omitted for duplicate)
|  |  \- (org.springframework:org.springframework.asm:jar:3.0.5.RELEASE:compile - omitted for duplicate)
|  +- org.springframework:org.springframework.core:jar:3.0.5.RELEASE:compile
|  \- org.springframework:org.springframework.expression:jar:3.0.5.RELEASE:compile
|     \- (org.springframework:org.springframework.core:jar:3.0.5.RELEASE:compile - omitted for duplicate)
+- org.slf4j:slf4j-log4j12:jar:1.5.11:compile
|  +- org.slf4j:slf4j-api:jar:1.5.11:compile
|  \- log4j:log4j:jar:1.2.14:compile
+- commons-logging:commons-logging:jar:1.1.1:compile
+- org.eclipse.jetty:jetty-http:jar:7.4.0.v20110414:compile
|  \- org.eclipse.jetty:jetty-io:jar:7.4.0.v20110414:compile
|     \- org.eclipse.jetty:jetty-util:jar:7.4.0.v20110414:compile
+- org.eclipse.jetty:jetty-server:jar:7.4.0.v20110414:compile
|  +- javax.servlet:servlet-api:jar:2.5:compile
|  +- org.eclipse.jetty:jetty-continuation:jar:7.4.0.v20110414:compile
|  \- (org.eclipse.jetty:jetty-http:jar:7.4.0.v20110414:compile - omitted for duplicate)
+- com.ning:async-http-client:jar:1.6.3:compile
|  +- org.jboss.netty:netty:jar:3.2.4.Final:compile
|  \- (org.slf4j:slf4j-api:jar:1.6.1:compile - omitted for conflict with 1.5.11)
+- args4j:args4j:jar:2.0.12:compile
+- org.mongodb:mongo-java-driver:jar:2.4:compile
+- org.json:json:jar:20090211:compile
+- junit:junit:jar:4.8.2:compile
+- org.apache.httpcomponents:httpasyncclient:jar:4.0-alpha1:compile
|  +- org.apache.httpcomponents:httpcore:jar:4.1:compile
|  +- org.apache.httpcomponents:httpcore-nio:jar:4.1:compile
|  |  \- (org.apache.httpcomponents:httpcore:jar:4.1:compile - omitted for duplicate)
|  +- org.apache.httpcomponents:httpclient:jar:4.1-beta1:compile
|  |  +- (org.apache.httpcomponents:httpcore:jar:4.1:compile - omitted for duplicate)
|  |  +- (commons-logging:commons-logging:jar:1.1.1:compile - omitted for duplicate)
|  |  \- commons-codec:commons-codec:jar:1.4:compile
|  \- (commons-logging:commons-logging:jar:1.1.1:compile - omitted for duplicate)
+- com.samskivert:jmustache:jar:1.2:compile
+- org.codehaus.jackson:jackson-core-asl:jar:1.8.0:compile
\- org.codehaus.jackson:jackson-mapper-asl:jar:1.8.0:compile
   \- (org.codehaus.jackson:jackson-core-asl:jar:1.8.0:compile - omitted for duplicate)

