WARNING: Your kernel does not support swap limit capabilities or the cgroup is not mounted. Memory limited without swap.
org.kill-bill.billing:killbill-client-java:jar:0.4
+- com.fasterxml.jackson.core:jackson-annotations:jar:2.4.3:compile
+- com.fasterxml.jackson.core:jackson-core:jar:2.4.3:compile
+- com.fasterxml.jackson.core:jackson-databind:jar:2.4.3:compile
|  +- (com.fasterxml.jackson.core:jackson-annotations:jar:2.4.3:compile - version managed from 2.4.0; omitted for duplicate)
|  \- (com.fasterxml.jackson.core:jackson-core:jar:2.4.3:compile - omitted for duplicate)
+- com.fasterxml.jackson.datatype:jackson-datatype-joda:jar:2.4.3:compile
|  +- (com.fasterxml.jackson.core:jackson-annotations:jar:2.4.3:compile - version managed from 2.4.0; omitted for duplicate)
|  +- (com.fasterxml.jackson.core:jackson-core:jar:2.4.3:compile - omitted for duplicate)
|  +- (com.fasterxml.jackson.core:jackson-databind:jar:2.4.3:compile - omitted for duplicate)
|  \- (joda-time:joda-time:jar:2.3:compile - version managed from 2.2; omitted for duplicate)
+- com.google.code.findbugs:jsr305:jar:2.0.1:provided
+- com.google.guava:guava:jar:18.0:provided
+- com.ning:async-http-client:jar:1.9.19:compile
|  +- io.netty:netty:jar:3.10.1.Final:compile
|  \- (org.slf4j:slf4j-api:jar:1.7.12:compile - omitted for duplicate)
+- joda-time:joda-time:jar:2.3:compile
+- mysql:mysql-connector-java:jar:5.1.33:test
+- org.kill-bill.billing:killbill-api:jar:0.14:compile
|  +- (com.fasterxml.jackson.core:jackson-annotations:jar:2.4.3:compile - version managed from 2.4.0; omitted for duplicate)
|  \- (joda-time:joda-time:jar:2.3:compile - version managed from 2.2; omitted for duplicate)
+- org.mockito:mockito-all:jar:1.10.19:test
+- org.slf4j:slf4j-api:jar:1.7.12:compile
+- org.slf4j:slf4j-simple:jar:1.7.12:test
|  \- (org.slf4j:slf4j-api:jar:1.7.12:test - omitted for duplicate)
\- org.testng:testng:jar:6.8.8:test
   +- org.beanshell:bsh:jar:2.0b4:test
   \- com.beust:jcommander:jar:1.27:test

