WARNING: Your kernel does not support swap limit capabilities or the cgroup is not mounted. Memory limited without swap.
com.ning.billing:killbill-client-java:jar:0.0.2
+- com.fasterxml.jackson.core:jackson-databind:jar:2.1.0:compile
|  +- com.fasterxml.jackson.core:jackson-annotations:jar:2.1.0:compile
|  \- com.fasterxml.jackson.core:jackson-core:jar:2.1.0:compile
+- com.fasterxml.jackson.datatype:jackson-datatype-joda:jar:2.0.1:compile
|  +- (com.fasterxml.jackson.core:jackson-core:jar:2.1.0:compile - version managed from 2.0.0; omitted for duplicate)
|  +- (com.fasterxml.jackson.core:jackson-databind:jar:2.1.0:compile - version managed from 2.0.0; omitted for duplicate)
|  \- (joda-time:joda-time:jar:2.3:compile - version managed from 2.0; omitted for duplicate)
+- com.google.guava:guava:jar:15.0:provided
+- com.ning:async-http-client:jar:1.7.17:compile
|  +- io.netty:netty:jar:3.6.6.Final:compile
|  \- org.slf4j:slf4j-api:jar:1.7.5:compile
+- com.ning.billing:killbill-api:jar:0.8.0:compile
|  +- (com.fasterxml.jackson.core:jackson-annotations:jar:2.1.0:compile - omitted for duplicate)
|  \- (joda-time:joda-time:jar:2.3:compile - version managed from 2.0; omitted for duplicate)
+- com.ning.billing:killbill-jaxrs:jar:0.8.10:compile
|  +- (com.ning.billing:killbill-api:jar:0.8.0:compile - omitted for duplicate)
|  +- com.ning.billing:killbill-util:jar:0.8.10:compile
|  |  +- com.codahale.metrics:metrics-core:jar:3.0.1:compile
|  |  |  \- (org.slf4j:slf4j-api:jar:1.7.5:compile - omitted for duplicate)
|  |  +- (com.fasterxml.jackson.core:jackson-annotations:jar:2.1.0:compile - omitted for duplicate)
|  |  +- (com.fasterxml.jackson.core:jackson-databind:jar:2.1.0:compile - version managed from 2.0.0; omitted for duplicate)
|  |  +- com.fasterxml.jackson.dataformat:jackson-dataformat-csv:jar:2.1.0:compile
|  |  |  +- (com.fasterxml.jackson.core:jackson-core:jar:2.1.0:compile - version managed from 2.0.0; omitted for duplicate)
|  |  |  \- (com.fasterxml.jackson.core:jackson-databind:jar:2.1.0:compile - version managed from 2.0.0; omitted for duplicate)
|  |  +- (com.fasterxml.jackson.datatype:jackson-datatype-joda:jar:2.0.1:compile - omitted for duplicate)
|  |  +- com.jolbox:bonecp:jar:0.8.0-rc3:compile
|  |  |  +- (com.google.guava:guava:jar:15.0:provided - scope managed from compile; omitted for duplicate)
|  |  |  \- (org.slf4j:slf4j-api:jar:1.7.5:compile - version managed from 1.7.2; omitted for duplicate)
|  |  +- com.mchange:c3p0:jar:0.9.2:compile
|  |  |  \- com.mchange:mchange-commons-java:jar:0.2.3.3:compile
|  |  +- (com.ning.billing:killbill-api:jar:0.8.0:compile - omitted for duplicate)
|  |  +- com.ning.billing:killbill-internal-api:jar:0.8.10:compile
|  |  |  +- (com.ning.billing:killbill-api:jar:0.8.0:compile - omitted for duplicate)
|  |  |  +- (com.ning.billing.commons:killbill-clock:jar:0.2.11:compile - omitted for duplicate)
|  |  |  +- (com.ning.billing.commons:killbill-queue:jar:0.2.11:compile - omitted for duplicate)
|  |  |  +- (com.ning.billing.plugin:killbill-plugin-api-payment:jar:0.6.3:compile - omitted for duplicate)
|  |  |  +- (joda-time:joda-time:jar:2.3:compile - version managed from 2.0; omitted for duplicate)
|  |  |  \- (org.skife.config:config-magic:jar:0.14:compile - omitted for duplicate)
|  |  +- (com.ning.billing.commons:killbill-clock:jar:0.2.11:compile - omitted for duplicate)
|  |  +- com.ning.billing.commons:killbill-locker:jar:0.2.11:compile
|  |  |  +- com.h2database:h2:jar:1.3.158:test
|  |  |  \- (org.slf4j:slf4j-api:jar:1.7.5:compile - version managed from 1.5.6; omitted for duplicate)
|  |  +- (com.ning.billing.commons:killbill-queue:jar:0.2.11:compile - omitted for duplicate)
|  |  +- com.ning.billing.plugin:killbill-plugin-api-notification:jar:0.6.3:compile
|  |  |  \- (com.ning.billing:killbill-api:jar:0.8.0:compile - omitted for duplicate)
|  |  +- com.ning.billing.plugin:killbill-plugin-api-payment:jar:0.6.3:compile
|  |  |  \- (com.ning.billing:killbill-api:jar:0.8.0:compile - omitted for duplicate)
|  |  +- com.samskivert:jmustache:jar:1.5:compile
|  |  +- com.yammer.metrics:metrics-core:jar:2.1.2:compile
|  |  |  \- (org.slf4j:slf4j-api:jar:1.7.5:compile - version managed from 1.6.4; omitted for duplicate)
|  |  +- (joda-time:joda-time:jar:2.3:compile - version managed from 2.0; omitted for duplicate)
|  |  +- net.sf.ehcache:ehcache-core:jar:2.6.2:compile
|  |  |  \- (org.slf4j:slf4j-api:jar:1.7.5:compile - version managed from 1.6.1; omitted for duplicate)
|  |  +- org.antlr:stringtemplate:jar:3.2.1:compile
|  |  |  \- antlr:antlr:jar:2.7.7:compile
|  |  +- org.apache.commons:commons-email:jar:1.2:compile
|  |  |  +- javax.mail:mail:jar:1.4.1:compile
|  |  |  |  \- (javax.activation:activation:jar:1.1:compile - omitted for duplicate)
|  |  |  \- javax.activation:activation:jar:1.1:compile
|  |  +- org.apache.shiro:shiro-core:jar:1.2.2:compile
|  |  |  +- (org.slf4j:slf4j-api:jar:1.7.5:compile - version managed from 1.6.4; omitted for duplicate)
|  |  |  \- commons-beanutils:commons-beanutils:jar:1.8.3:compile
|  |  +- org.apache.shiro:shiro-ehcache:jar:1.2.2:compile
|  |  |  +- (org.apache.shiro:shiro-core:jar:1.2.2:compile - omitted for duplicate)
|  |  |  \- (net.sf.ehcache:ehcache-core:jar:2.6.2:compile - version managed from 2.5.0; omitted for duplicate)
|  |  +- org.apache.shiro:shiro-guice:jar:1.2.2:compile
|  |  |  +- (org.apache.shiro:shiro-core:jar:1.2.2:compile - omitted for duplicate)
|  |  |  +- (com.google.guava:guava:jar:15.0:provided - version managed from r09; scope managed from compile; omitted for duplicate)
|  |  |  +- com.google.inject:guice:jar:3.0:provided (scope managed from compile)
|  |  |  |  +- javax.inject:javax.inject:jar:1:provided
|  |  |  |  \- aopalliance:aopalliance:jar:1.0:provided
|  |  |  \- com.google.inject.extensions:guice-multibindings:jar:3.0:provided (scope managed from compile)
|  |  |     \- (com.google.inject:guice:jar:3.0:provided - scope managed from compile; omitted for duplicate)
|  |  +- org.jdbi:jdbi:jar:2.53:compile
|  |  |  \- com.google.code.findbugs:annotations:jar:2.0.2:compile
|  |  +- (org.skife.config:config-magic:jar:0.14:compile - omitted for duplicate)
|  |  +- org.slf4j:jcl-over-slf4j:jar:1.7.5:compile
|  |  |  \- (org.slf4j:slf4j-api:jar:1.7.5:compile - version managed from 1.5.6; omitted for duplicate)
|  |  +- (org.slf4j:slf4j-api:jar:1.7.5:compile - version managed from 1.5.6; omitted for duplicate)
|  |  \- org.weakref:jmxutils:jar:1.12:compile
|  +- com.ning.billing.commons:killbill-clock:jar:0.2.11:compile
|  |  +- (joda-time:joda-time:jar:2.3:compile - version managed from 2.0; omitted for duplicate)
|  |  \- (org.slf4j:slf4j-api:jar:1.7.5:compile - version managed from 1.5.6; omitted for duplicate)
|  +- com.ning.billing.commons:killbill-clock:test-jar:tests:0.2.11:compile
|  |  +- (joda-time:joda-time:jar:2.3:compile - version managed from 2.0; omitted for duplicate)
|  |  \- (org.slf4j:slf4j-api:jar:1.7.5:compile - version managed from 1.5.6; omitted for duplicate)
|  +- com.ning.billing.commons:killbill-queue:jar:0.2.11:compile
|  |  +- (com.codahale.metrics:metrics-core:jar:3.0.1:compile - omitted for duplicate)
|  |  +- (com.fasterxml.jackson.core:jackson-annotations:jar:2.1.0:compile - omitted for duplicate)
|  |  +- (com.fasterxml.jackson.core:jackson-core:jar:2.1.0:compile - version managed from 2.0.0; omitted for duplicate)
|  |  +- (com.fasterxml.jackson.core:jackson-databind:jar:2.1.0:compile - version managed from 2.0.0; omitted for duplicate)
|  |  +- (com.fasterxml.jackson.datatype:jackson-datatype-joda:jar:2.0.1:compile - omitted for duplicate)
|  |  +- (com.ning.billing.commons:killbill-clock:jar:0.2.11:compile - omitted for duplicate)
|  |  +- com.ning.billing.commons:killbill-jdbi:jar:0.2.11:compile
|  |  |  +- (com.h2database:h2:jar:1.3.158:test - scope managed from compile; omitted for duplicate)
|  |  |  +- (org.jdbi:jdbi:jar:2.53:compile - omitted for duplicate)
|  |  |  \- (org.slf4j:slf4j-api:jar:1.7.5:compile - version managed from 1.5.6; omitted for duplicate)
|  |  +- (joda-time:joda-time:jar:2.3:compile - version managed from 2.0; omitted for duplicate)
|  |  +- (org.jdbi:jdbi:jar:2.53:compile - omitted for duplicate)
|  |  +- (org.skife.config:config-magic:jar:0.14:compile - omitted for duplicate)
|  |  +- (org.slf4j:slf4j-api:jar:1.7.5:compile - version managed from 1.5.6; omitted for duplicate)
|  |  \- (org.weakref:jmxutils:jar:1.12:compile - omitted for duplicate)
|  +- javax.ws.rs:jsr311-api:jar:1.1.1:compile
|  +- (joda-time:joda-time:jar:2.3:compile - version managed from 2.0; omitted for duplicate)
|  +- org.skife.config:config-magic:jar:0.14:compile
|  |  \- (org.slf4j:slf4j-api:jar:1.7.5:compile - version managed from 1.5.6; omitted for duplicate)
|  \- (org.slf4j:slf4j-api:jar:1.7.5:compile - version managed from 1.5.6; omitted for duplicate)
+- joda-time:joda-time:jar:2.3:compile
+- mysql:mysql-connector-java:jar:5.1.22:test
+- org.mockito:mockito-all:jar:1.9.0:test
+- org.slf4j:slf4j-simple:jar:1.7.5:test
|  \- (org.slf4j:slf4j-api:jar:1.7.5:test - version managed from 1.5.6; omitted for duplicate)
\- org.testng:testng:jar:6.3.1:test
   +- junit:junit:jar:3.8.1:test
   +- org.beanshell:bsh:jar:2.0b4:test
   +- com.beust:jcommander:jar:1.12:test
   \- org.yaml:snakeyaml:jar:1.6:test

