WARNING: Your kernel does not support swap limit capabilities or the cgroup is not mounted. Memory limited without swap.
org.kill-bill.billing.plugin.java:analytics-plugin:bundle:0.7.1
+- com.bpodgursky:jbool_expressions:jar:1.5:compile
|  +- commons-lang:commons-lang:jar:2.5:compile
|  +- (com.google.guava:guava:jar:15.0:provided - version managed from 14.0-rc3; scope managed from compile; omitted for duplicate)
|  \- org.antlr:antlr:jar:3.3:compile
|     \- org.antlr:antlr-runtime:jar:3.3:compile
|        \- (org.antlr:stringtemplate:jar:3.2.1:compile - omitted for duplicate)
+- com.codahale.metrics:metrics-core:jar:3.0.2:compile
|  \- (org.slf4j:slf4j-api:jar:1.7.6:compile - version managed from 1.5.6; omitted for duplicate)
+- com.fasterxml.jackson.core:jackson-annotations:jar:2.3.2:compile
+- com.fasterxml.jackson.core:jackson-core:jar:2.3.2:compile
+- com.fasterxml.jackson.core:jackson-databind:jar:2.3.2:compile
|  +- (com.fasterxml.jackson.core:jackson-annotations:jar:2.3.2:compile - version managed from 2.3.0; omitted for duplicate)
|  \- (com.fasterxml.jackson.core:jackson-core:jar:2.3.2:compile - omitted for duplicate)
+- com.fasterxml.jackson.dataformat:jackson-dataformat-csv:jar:2.3.2:compile
|  +- (com.fasterxml.jackson.core:jackson-core:jar:2.3.2:compile - omitted for duplicate)
|  \- (com.fasterxml.jackson.core:jackson-databind:jar:2.3.2:compile - omitted for duplicate)
+- com.fasterxml.jackson.datatype:jackson-datatype-joda:jar:2.3.2:compile
|  +- (com.fasterxml.jackson.core:jackson-core:jar:2.3.2:compile - omitted for duplicate)
|  +- (com.fasterxml.jackson.core:jackson-databind:jar:2.3.2:compile - omitted for duplicate)
|  \- (joda-time:joda-time:jar:2.3:compile - version managed from 2.1; omitted for duplicate)
+- com.google.code.findbugs:jsr305:jar:1.3.9:provided
+- com.google.guava:guava:jar:15.0:compile
+- com.jayway.awaitility:awaitility:jar:1.3.3:test
|  +- org.hamcrest:hamcrest-library:jar:1.1:test
|  |  \- org.hamcrest:hamcrest-core:jar:1.1:test
|  +- cglib:cglib-nodep:jar:2.2:test
|  \- org.objenesis:objenesis:jar:1.2:test
+- javax.servlet:javax.servlet-api:jar:3.0.1:provided
+- joda-time:joda-time:jar:2.3:compile
+- mysql:mysql-connector-java:jar:5.1.22:test (scope not updated to compile)
+- mysql:mysql-connector-mxj:jar:5.0.12:test (scope not updated to compile)
|  +- (mysql:mysql-connector-mxj-db-files:jar:5.0.12:test - omitted for duplicate)
|  \- (mysql:mysql-connector-java:jar:5.1.22:test - version managed from 5.1.17; omitted for duplicate)
+- mysql:mysql-connector-mxj-db-files:jar:5.0.12:test (scope not updated to compile)
+- org.antlr:stringtemplate:jar:3.2.1:runtime (scope not updated to compile)
|  \- antlr:antlr:jar:2.7.7:runtime
+- org.osgi:org.osgi.compendium:jar:5.0.0:compile
+- org.apache.felix:org.apache.felix.framework:jar:4.4.0:compile
+- org.jdbi:jdbi:jar:2.53:compile
|  \- com.google.code.findbugs:annotations:jar:2.0.3:compile (version managed from 2.0.2)
+- org.jooq:jooq:jar:3.3.0:compile
+- org.kill-bill.billing:killbill-api:jar:0.9.7:provided
|  +- (com.fasterxml.jackson.core:jackson-annotations:jar:2.3.2:provided - version managed from 2.3.0; omitted for duplicate)
|  \- (joda-time:joda-time:jar:2.3:provided - version managed from 2.1; omitted for duplicate)
+- org.kill-bill.billing:killbill-platform-osgi-api:jar:0.0.5:compile
|  \- org.osgi:org.osgi.core:jar:5.0.0:compile
+- org.kill-bill.billing:killbill-platform-osgi-bundles-lib-killbill:jar:0.0.5:compile
|  +- (com.google.code.findbugs:jsr305:jar:1.3.9:provided - scope managed from compile; omitted for duplicate)
|  +- (org.osgi:org.osgi.compendium:jar:5.0.0:compile - omitted for duplicate)
|  +- (org.osgi:org.osgi.core:jar:5.0.0:compile - omitted for duplicate)
|  \- org.slf4j:osgi-over-slf4j:jar:1.7.6:compile
+- org.kill-bill.billing:killbill-platform-osgi-bundles-lib-slf4j-osgi:jar:0.0.5:compile
|  \- (org.kill-bill.billing:killbill-platform-osgi-bundles-lib-killbill:jar:0.0.5:compile - omitted for duplicate)
+- org.kill-bill.billing.plugin:killbill-plugin-api-notification:jar:0.7.4:provided
|  \- (org.kill-bill.billing:killbill-api:jar:0.9.7:provided - version managed from 0.9.6; omitted for duplicate)
+- org.kill-bill.commons:killbill-clock:jar:0.2.17:compile
|  +- (joda-time:joda-time:jar:2.3:compile - version managed from 2.1; omitted for duplicate)
|  \- (org.slf4j:slf4j-api:jar:1.7.6:compile - version managed from 1.7.5; omitted for duplicate)
+- org.kill-bill.commons:killbill-clock:test-jar:tests:0.2.17:test
|  +- (joda-time:joda-time:jar:2.3:test - version managed from 2.1; omitted for duplicate)
|  \- (org.slf4j:slf4j-api:jar:1.7.6:test - version managed from 1.7.5; omitted for duplicate)
+- org.kill-bill.commons:killbill-concurrent:jar:0.2.17:compile
|  \- (org.slf4j:slf4j-api:jar:1.7.6:compile - version managed from 1.7.5; omitted for duplicate)
+- org.kill-bill.commons:killbill-embeddeddb-mysql:jar:0.2.17:compile
|  +- (mysql:mysql-connector-java:jar:5.1.22:compile - version managed from 5.1.17; omitted for duplicate)
|  +- (mysql:mysql-connector-mxj:jar:5.0.12:compile - omitted for duplicate)
|  +- (mysql:mysql-connector-mxj-db-files:jar:5.0.12:compile - omitted for duplicate)
|  \- org.kill-bill.commons:killbill-embeddeddb-common:jar:0.2.17:compile (version managed from 0.2.15)
|     \- (org.slf4j:slf4j-api:jar:1.7.6:compile - version managed from 1.7.5; omitted for duplicate)
+- org.kill-bill.commons:killbill-jdbi:jar:0.2.17:compile
|  +- com.h2database:h2:jar:1.3.175:compile
|  +- (org.jdbi:jdbi:jar:2.53:compile - omitted for duplicate)
|  \- (org.slf4j:slf4j-api:jar:1.7.6:compile - version managed from 1.7.5; omitted for duplicate)
+- org.kill-bill.commons:killbill-queue:jar:0.2.17:compile
|  +- (com.codahale.metrics:metrics-core:jar:3.0.2:compile - omitted for duplicate)
|  +- (com.fasterxml.jackson.core:jackson-annotations:jar:2.3.2:compile - version managed from 2.3.0; omitted for duplicate)
|  +- (com.fasterxml.jackson.core:jackson-core:jar:2.3.2:compile - omitted for duplicate)
|  +- (com.fasterxml.jackson.core:jackson-databind:jar:2.3.2:compile - omitted for duplicate)
|  +- (com.fasterxml.jackson.datatype:jackson-datatype-joda:jar:2.3.2:compile - omitted for duplicate)
|  +- (joda-time:joda-time:jar:2.3:compile - version managed from 2.1; omitted for duplicate)
|  +- (org.jdbi:jdbi:jar:2.53:compile - omitted for duplicate)
|  +- (org.kill-bill.commons:killbill-clock:jar:0.2.17:compile - omitted for duplicate)
|  +- (org.kill-bill.commons:killbill-jdbi:jar:0.2.17:compile - omitted for duplicate)
|  +- (org.skife.config:config-magic:jar:0.14:compile - omitted for duplicate)
|  +- (org.slf4j:slf4j-api:jar:1.7.6:compile - version managed from 1.5.6; omitted for duplicate)
|  \- org.weakref:jmxutils:jar:1.12:compile
+- org.mockito:mockito-all:jar:1.9.0:test
+- org.skife.config:config-magic:jar:0.14:compile
|  \- (org.slf4j:slf4j-api:jar:1.7.6:compile - version managed from 1.5.6; omitted for duplicate)
+- org.slf4j:slf4j-api:jar:1.7.6:compile
\- org.testng:testng:jar:6.8.8:test
   +- org.beanshell:bsh:jar:2.0b4:test
   \- com.beust:jcommander:jar:1.27:test

