WARNING: Your kernel does not support swap limit capabilities or the cgroup is not mounted. Memory limited without swap.
org.kitteh.irc:client-lib:jar:7.3.0
+- net.engio:mbassador:jar:1.3.1:compile
+- io.netty:netty-codec:jar:4.1.51.Final:compile
|  +- io.netty:netty-common:jar:4.1.51.Final:compile
|  +- io.netty:netty-buffer:jar:4.1.51.Final:compile
|  |  \- (io.netty:netty-common:jar:4.1.51.Final:compile - omitted for duplicate)
|  \- io.netty:netty-transport:jar:4.1.51.Final:compile
|     +- (io.netty:netty-common:jar:4.1.51.Final:compile - omitted for duplicate)
|     +- (io.netty:netty-buffer:jar:4.1.51.Final:compile - omitted for duplicate)
|     \- (io.netty:netty-resolver:jar:4.1.51.Final:compile - omitted for duplicate)
+- io.netty:netty-handler:jar:4.1.51.Final:compile
|  +- (io.netty:netty-common:jar:4.1.51.Final:compile - omitted for duplicate)
|  +- io.netty:netty-resolver:jar:4.1.51.Final:compile
|  |  \- (io.netty:netty-common:jar:4.1.51.Final:compile - omitted for duplicate)
|  +- (io.netty:netty-buffer:jar:4.1.51.Final:compile - omitted for duplicate)
|  +- (io.netty:netty-transport:jar:4.1.51.Final:compile - omitted for duplicate)
|  \- (io.netty:netty-codec:jar:4.1.51.Final:compile - omitted for duplicate)
+- io.netty:netty-handler-proxy:jar:4.1.51.Final:compile
|  +- (io.netty:netty-common:jar:4.1.51.Final:compile - omitted for duplicate)
|  +- (io.netty:netty-buffer:jar:4.1.51.Final:compile - omitted for duplicate)
|  +- (io.netty:netty-transport:jar:4.1.51.Final:compile - omitted for duplicate)
|  +- (io.netty:netty-codec:jar:4.1.51.Final:compile - omitted for duplicate)
|  +- io.netty:netty-codec-socks:jar:4.1.51.Final:compile
|  |  +- (io.netty:netty-common:jar:4.1.51.Final:compile - omitted for duplicate)
|  |  +- (io.netty:netty-buffer:jar:4.1.51.Final:compile - omitted for duplicate)
|  |  +- (io.netty:netty-transport:jar:4.1.51.Final:compile - omitted for duplicate)
|  |  \- (io.netty:netty-codec:jar:4.1.51.Final:compile - omitted for duplicate)
|  \- io.netty:netty-codec-http:jar:4.1.51.Final:compile
|     +- (io.netty:netty-common:jar:4.1.51.Final:compile - omitted for duplicate)
|     +- (io.netty:netty-buffer:jar:4.1.51.Final:compile - omitted for duplicate)
|     +- (io.netty:netty-transport:jar:4.1.51.Final:compile - omitted for duplicate)
|     +- (io.netty:netty-codec:jar:4.1.51.Final:compile - omitted for duplicate)
|     \- (io.netty:netty-handler:jar:4.1.51.Final:compile - omitted for duplicate)
+- org.checkerframework:checker-qual:jar:3.5.0:provided
+- junit:junit:jar:4.13:test
|  \- org.hamcrest:hamcrest-core:jar:1.3:test
\- org.mockito:mockito-core:jar:3.4.4:test
   +- net.bytebuddy:byte-buddy:jar:1.10.13:test
   +- net.bytebuddy:byte-buddy-agent:jar:1.10.13:test
   \- org.objenesis:objenesis:jar:2.6:test

