WARNING: Your kernel does not support swap limit capabilities or the cgroup is not mounted. Memory limited without swap.
org.kitteh.irc:client-lib:jar:3.2.3
+- net.engio:mbassador:jar:1.3.0:compile
+- io.netty:netty-codec:jar:4.1.12.Final:compile
|  \- io.netty:netty-transport:jar:4.1.12.Final:compile
|     +- (io.netty:netty-buffer:jar:4.1.12.Final:compile - omitted for duplicate)
|     \- io.netty:netty-resolver:jar:4.1.12.Final:compile
|        \- (io.netty:netty-common:jar:4.1.12.Final:compile - omitted for duplicate)
+- io.netty:netty-handler:jar:4.1.12.Final:compile
|  +- io.netty:netty-buffer:jar:4.1.12.Final:compile
|  |  \- io.netty:netty-common:jar:4.1.12.Final:compile
|  +- (io.netty:netty-transport:jar:4.1.12.Final:compile - omitted for duplicate)
|  \- (io.netty:netty-codec:jar:4.1.12.Final:compile - omitted for duplicate)
+- com.google.code.findbugs:jsr305:jar:3.0.0:provided
+- junit:junit:jar:4.12:test
|  \- org.hamcrest:hamcrest-core:jar:1.3:test
\- org.mockito:mockito-core:jar:2.7.22:test
   +- net.bytebuddy:byte-buddy:jar:1.6.11:test
   +- net.bytebuddy:byte-buddy-agent:jar:1.6.11:test
   \- org.objenesis:objenesis:jar:2.5:test

