WARNING: Your kernel does not support swap limit capabilities or the cgroup is not mounted. Memory limited without swap.
info.freelibrary:solr-iso639-filter:jar:4.2.0-r20131208
+- org.apache.lucene:lucene-test-framework:jar:4.6.0:test
|  +- (org.apache.lucene:lucene-core:jar:4.6.0:compile - scope updated from test; omitted for duplicate)
|  +- (org.apache.lucene:lucene-codecs:jar:4.6.0:compile - scope updated from test; omitted for duplicate)
|  +- (junit:junit:jar:4.10:test - omitted for conflict with 4.11)
|  \- com.carrotsearch.randomizedtesting:randomizedtesting-runner:jar:2.0.13:test
|     \- (junit:junit:jar:4.10:test - omitted for duplicate)
+- junit:junit:jar:4.11:test
|  \- org.hamcrest:hamcrest-core:jar:1.3:test
+- xom:xom:jar:1.2.5:test
|  +- xml-apis:xml-apis:jar:1.3.03:test
|  +- xerces:xercesImpl:jar:2.8.0:test
|  |  \- (xml-apis:xml-apis:jar:1.3.03:test - omitted for duplicate)
|  \- xalan:xalan:jar:2.7.0:test
|     \- (xml-apis:xml-apis:jar:1.0.b2:test - omitted for conflict with 1.3.03)
+- ch.qos.logback:logback-classic:jar:1.0.13:test
|  +- ch.qos.logback:logback-core:jar:1.0.13:test
|  \- (org.slf4j:slf4j-api:jar:1.7.5:compile - scope updated from test; omitted for duplicate)
\- org.apache.solr:solr-core:jar:4.6.0:compile
   +- org.apache.solr:solr-solrj:jar:4.6.0:compile
   |  +- org.apache.zookeeper:zookeeper:jar:3.4.5:compile
   |  |  \- (org.slf4j:slf4j-api:jar:1.7.5:compile - omitted for duplicate)
   |  +- (commons-io:commons-io:jar:2.1:compile - omitted for duplicate)
   |  +- org.noggit:noggit:jar:0.5:compile
   |  +- (org.apache.httpcomponents:httpclient:jar:4.2.6:compile - omitted for duplicate)
   |  +- (org.apache.httpcomponents:httpmime:jar:4.2.6:compile - omitted for duplicate)
   |  \- org.codehaus.woodstox:wstx-asl:jar:3.2.7:runtime
   +- org.apache.lucene:lucene-core:jar:4.6.0:compile
   +- org.apache.lucene:lucene-codecs:jar:4.6.0:compile
   |  \- (org.apache.lucene:lucene-core:jar:4.6.0:compile - omitted for duplicate)
   +- org.apache.lucene:lucene-analyzers-common:jar:4.6.0:compile
   |  \- (org.apache.lucene:lucene-core:jar:4.6.0:compile - omitted for duplicate)
   +- org.apache.lucene:lucene-analyzers-kuromoji:jar:4.6.0:compile
   |  +- (org.apache.lucene:lucene-core:jar:4.6.0:compile - omitted for duplicate)
   |  \- (org.apache.lucene:lucene-analyzers-common:jar:4.6.0:compile - omitted for duplicate)
   +- org.apache.lucene:lucene-analyzers-phonetic:jar:4.6.0:compile
   |  +- (org.apache.lucene:lucene-core:jar:4.6.0:compile - omitted for duplicate)
   |  +- (org.apache.lucene:lucene-analyzers-common:jar:4.6.0:compile - omitted for duplicate)
   |  \- (commons-codec:commons-codec:jar:1.7:compile - omitted for duplicate)
   +- org.apache.lucene:lucene-highlighter:jar:4.6.0:compile
   |  +- (org.apache.lucene:lucene-core:jar:4.6.0:compile - omitted for duplicate)
   |  +- (org.apache.lucene:lucene-memory:jar:4.6.0:compile - omitted for duplicate)
   |  \- (org.apache.lucene:lucene-queries:jar:4.6.0:compile - omitted for duplicate)
   +- org.apache.lucene:lucene-memory:jar:4.6.0:compile
   |  \- (org.apache.lucene:lucene-core:jar:4.6.0:compile - omitted for duplicate)
   +- org.apache.lucene:lucene-misc:jar:4.6.0:compile
   |  \- (org.apache.lucene:lucene-core:jar:4.6.0:compile - omitted for duplicate)
   +- org.apache.lucene:lucene-join:jar:4.6.0:compile
   |  +- (org.apache.lucene:lucene-core:jar:4.6.0:compile - omitted for duplicate)
   |  \- (org.apache.lucene:lucene-grouping:jar:4.6.0:compile - omitted for duplicate)
   +- org.apache.lucene:lucene-queryparser:jar:4.6.0:compile
   |  +- (org.apache.lucene:lucene-core:jar:4.6.0:compile - omitted for duplicate)
   |  \- (org.apache.lucene:lucene-queries:jar:4.6.0:compile - omitted for duplicate)
   +- org.apache.lucene:lucene-spatial:jar:4.6.0:compile
   |  +- com.spatial4j:spatial4j:jar:0.3:compile
   |  +- (org.apache.lucene:lucene-core:jar:4.6.0:compile - omitted for duplicate)
   |  \- (org.apache.lucene:lucene-queries:jar:4.6.0:compile - omitted for duplicate)
   +- org.apache.lucene:lucene-suggest:jar:4.6.0:compile
   |  +- (org.apache.lucene:lucene-core:jar:4.6.0:compile - omitted for duplicate)
   |  +- (org.apache.lucene:lucene-analyzers-common:jar:4.6.0:compile - omitted for duplicate)
   |  +- (org.apache.lucene:lucene-misc:jar:4.6.0:compile - omitted for duplicate)
   |  \- (org.apache.lucene:lucene-queries:jar:4.6.0:compile - omitted for duplicate)
   +- org.apache.lucene:lucene-grouping:jar:4.6.0:compile
   |  +- (org.apache.lucene:lucene-core:jar:4.6.0:compile - omitted for duplicate)
   |  \- (org.apache.lucene:lucene-queries:jar:4.6.0:compile - omitted for duplicate)
   +- org.apache.lucene:lucene-queries:jar:4.6.0:compile
   |  \- (org.apache.lucene:lucene-core:jar:4.6.0:compile - omitted for duplicate)
   +- com.carrotsearch:hppc:jar:0.5.2:compile
   +- com.googlecode.concurrentlinkedhashmap:concurrentlinkedhashmap-lru:jar:1.2:compile
   +- commons-codec:commons-codec:jar:1.7:compile
   +- commons-cli:commons-cli:jar:1.2:compile
   +- commons-fileupload:commons-fileupload:jar:1.2.1:compile
   +- joda-time:joda-time:jar:2.2:compile
   +- org.apache.hadoop:hadoop-annotations:jar:2.2.0:compile
   |  \- jdk.tools:jdk.tools:jar:1.6:system
   +- org.apache.hadoop:hadoop-auth:jar:2.2.0:compile
   |  +- org.slf4j:slf4j-api:jar:1.7.5:compile
   |  \- (commons-codec:commons-codec:jar:1.4:compile - omitted for conflict with 1.7)
   +- org.apache.hadoop:hadoop-common:jar:2.2.0:compile
   |  +- (org.apache.hadoop:hadoop-annotations:jar:2.2.0:compile - omitted for duplicate)
   |  +- (com.google.guava:guava:jar:11.0.2:compile - omitted for conflict with 14.0.1)
   |  +- (commons-cli:commons-cli:jar:1.2:compile - omitted for duplicate)
   |  +- (commons-codec:commons-codec:jar:1.4:compile - omitted for conflict with 1.7)
   |  +- (commons-io:commons-io:jar:2.1:compile - omitted for duplicate)
   |  +- (commons-lang:commons-lang:jar:2.5:compile - omitted for conflict with 2.6)
   |  +- (org.slf4j:slf4j-api:jar:1.7.5:compile - omitted for duplicate)
   |  +- com.google.protobuf:protobuf-java:jar:2.5.0:compile
   |  +- (org.apache.hadoop:hadoop-auth:jar:2.2.0:compile - omitted for duplicate)
   |  +- (org.apache.zookeeper:zookeeper:jar:3.4.5:compile - omitted for duplicate)
   |  \- org.apache.commons:commons-compress:jar:1.4.1:compile
   |     \- org.tukaani:xz:jar:1.0:compile
   +- org.apache.hadoop:hadoop-hdfs:jar:2.2.0:compile
   |  +- (com.google.guava:guava:jar:11.0.2:compile - omitted for duplicate)
   |  +- (commons-cli:commons-cli:jar:1.2:compile - omitted for duplicate)
   |  +- (commons-codec:commons-codec:jar:1.4:compile - omitted for conflict with 1.7)
   |  +- (commons-io:commons-io:jar:2.1:compile - omitted for duplicate)
   |  +- (commons-lang:commons-lang:jar:2.5:compile - omitted for duplicate)
   |  \- (com.google.protobuf:protobuf-java:jar:2.5.0:compile - omitted for duplicate)
   +- org.restlet.jee:org.restlet:jar:2.1.1:compile
   +- org.restlet.jee:org.restlet.ext.servlet:jar:2.1.1:compile
   |  \- (org.restlet.jee:org.restlet:jar:2.1.1:compile - omitted for duplicate)
   +- commons-io:commons-io:jar:2.1:compile
   +- commons-lang:commons-lang:jar:2.6:compile
   +- com.google.guava:guava:jar:14.0.1:compile
   +- org.apache.httpcomponents:httpclient:jar:4.2.6:compile
   |  +- org.apache.httpcomponents:httpcore:jar:4.2.5:compile
   |  \- (commons-codec:commons-codec:jar:1.6:compile - omitted for conflict with 1.7)
   \- org.apache.httpcomponents:httpmime:jar:4.2.6:compile
      \- (org.apache.httpcomponents:httpcore:jar:4.2.5:compile - omitted for duplicate)

