WARNING: Your kernel does not support swap limit capabilities or the cgroup is not mounted. Memory limited without swap.
info.freelibrary:solr-iso639-filter:jar:4.10.4-r20150615
+- org.apache.lucene:lucene-test-framework:jar:4.10.4:test
|  +- org.apache.lucene:lucene-codecs:jar:4.10.4:test
|  +- org.apache.lucene:lucene-core:jar:4.10.4:test
|  +- com.carrotsearch.randomizedtesting:junit4-ant:jar:2.1.6:test
|  +- com.carrotsearch.randomizedtesting:randomizedtesting-runner:jar:2.1.6:test
|  +- (junit:junit:jar:4.12:test - version managed from 4.10; omitted for duplicate)
|  \- org.apache.ant:ant:jar:1.8.2:test
+- junit:junit:jar:4.12:test
|  \- org.hamcrest:hamcrest-core:jar:1.3:test
+- xom:xom:jar:1.2.5:test
|  +- xml-apis:xml-apis:jar:1.3.03:test
|  +- xerces:xercesImpl:jar:2.8.0:test
|  |  \- (xml-apis:xml-apis:jar:1.3.03:test - omitted for duplicate)
|  \- xalan:xalan:jar:2.7.0:test
|     \- (xml-apis:xml-apis:jar:1.0.b2:test - omitted for conflict with 1.3.03)
+- org.slf4j:slf4j-api:jar:1.7.12:provided
\- org.apache.solr:solr-core:jar:4.10.4:provided
   +- org.apache.lucene:lucene-analyzers-common:jar:4.10.4:provided
   +- org.apache.lucene:lucene-analyzers-kuromoji:jar:4.10.4:provided
   +- org.apache.lucene:lucene-analyzers-phonetic:jar:4.10.4:provided
   +- (org.apache.lucene:lucene-codecs:jar:4.10.4:provided - omitted for duplicate)
   +- (org.apache.lucene:lucene-core:jar:4.10.4:provided - omitted for duplicate)
   +- org.apache.lucene:lucene-expressions:jar:4.10.4:provided
   +- org.apache.lucene:lucene-grouping:jar:4.10.4:provided
   +- org.apache.lucene:lucene-highlighter:jar:4.10.4:provided
   +- org.apache.lucene:lucene-join:jar:4.10.4:provided
   +- org.apache.lucene:lucene-memory:jar:4.10.4:provided
   +- org.apache.lucene:lucene-misc:jar:4.10.4:provided
   +- org.apache.lucene:lucene-queries:jar:4.10.4:provided
   +- org.apache.lucene:lucene-queryparser:jar:4.10.4:provided
   +- org.apache.lucene:lucene-spatial:jar:4.10.4:provided
   +- org.apache.lucene:lucene-suggest:jar:4.10.4:provided
   +- org.apache.solr:solr-solrj:jar:4.10.4:provided
   +- com.carrotsearch:hppc:jar:0.5.2:provided
   +- com.google.guava:guava:jar:14.0.1:provided
   +- com.google.protobuf:protobuf-java:jar:2.5.0:provided
   +- com.googlecode.concurrentlinkedhashmap:concurrentlinkedhashmap-lru:jar:1.2:provided
   +- com.spatial4j:spatial4j:jar:0.4.1:provided
   +- commons-cli:commons-cli:jar:1.2:provided
   +- commons-codec:commons-codec:jar:1.9:provided
   +- commons-configuration:commons-configuration:jar:1.6:provided
   +- commons-fileupload:commons-fileupload:jar:1.2.1:provided
   +- commons-io:commons-io:jar:2.3:provided
   +- commons-lang:commons-lang:jar:2.6:provided
   +- dom4j:dom4j:jar:1.6.1:provided
   +- joda-time:joda-time:jar:2.2:provided
   +- log4j:log4j:jar:1.2.17:provided
   +- org.antlr:antlr-runtime:jar:3.5:provided
   +- org.apache.hadoop:hadoop-annotations:jar:2.2.0:provided
   |  \- jdk.tools:jdk.tools:jar:1.6:system
   +- org.apache.hadoop:hadoop-auth:jar:2.2.0:provided
   +- org.apache.hadoop:hadoop-common:jar:2.2.0:provided
   |  \- (org.apache.zookeeper:zookeeper:jar:3.4.5:provided - omitted for conflict with 3.4.6)
   +- org.apache.hadoop:hadoop-hdfs:jar:2.2.0:provided
   +- org.apache.httpcomponents:httpclient:jar:4.3.1:provided
   +- org.apache.httpcomponents:httpcore:jar:4.3:provided
   +- org.apache.httpcomponents:httpmime:jar:4.3.1:provided
   +- org.apache.zookeeper:zookeeper:jar:3.4.6:provided
   +- org.codehaus.woodstox:wstx-asl:jar:3.2.7:provided
   +- org.eclipse.jetty:jetty-continuation:jar:8.1.10.v20130312:provided
   +- org.eclipse.jetty:jetty-deploy:jar:8.1.10.v20130312:provided
   +- org.eclipse.jetty:jetty-http:jar:8.1.10.v20130312:provided
   +- org.eclipse.jetty:jetty-io:jar:8.1.10.v20130312:provided
   +- org.eclipse.jetty:jetty-jmx:jar:8.1.10.v20130312:provided
   +- org.eclipse.jetty:jetty-security:jar:8.1.10.v20130312:provided
   +- org.eclipse.jetty:jetty-server:jar:8.1.10.v20130312:provided
   +- org.eclipse.jetty:jetty-servlet:jar:8.1.10.v20130312:provided
   +- org.eclipse.jetty:jetty-util:jar:8.1.10.v20130312:provided
   +- org.eclipse.jetty:jetty-webapp:jar:8.1.10.v20130312:provided
   +- org.eclipse.jetty:jetty-xml:jar:8.1.10.v20130312:provided
   +- org.eclipse.jetty.orbit:javax.servlet:jar:3.0.0.v201112011016:provided
   +- org.noggit:noggit:jar:0.5:provided
   +- org.ow2.asm:asm:jar:4.1:provided
   +- org.ow2.asm:asm-commons:jar:4.1:provided
   +- org.restlet.jee:org.restlet:jar:2.1.1:provided
   +- org.restlet.jee:org.restlet.ext.servlet:jar:2.1.1:provided
   \- (org.slf4j:slf4j-api:jar:1.7.12:provided - version managed from 1.7.6; omitted for duplicate)

