WARNING: Your kernel does not support swap limit capabilities or the cgroup is not mounted. Memory limited without swap.
org.lastaflute:lastaflute:jar:0.6.0-RCQ
+- org.dbflute:dbflute-runtime:jar:1.1.0-sp6:compile
|  \- org.slf4j:slf4j-api:jar:1.7.12:compile
+- org.lastaflute:lasta-di:jar:0.6.2-RC1:compile
|  +- org.javassist:javassist:jar:3.19.0-GA:compile
|  \- (org.slf4j:slf4j-api:jar:1.7.12:compile - omitted for duplicate)
+- javax.transaction:javax.transaction-api:jar:1.2:provided
+- org.hibernate:hibernate-validator:jar:5.1.3.Final:compile
|  +- javax.validation:validation-api:jar:1.1.0.Final:compile
|  +- org.jboss.logging:jboss-logging:jar:3.1.3.GA:compile
|  \- com.fasterxml:classmate:jar:1.0.0:compile
+- javax.servlet:javax.servlet-api:jar:3.1.0:provided
+- com.google.code.gson:gson:jar:2.3.1:compile
+- org.dbflute.mail:mailflute:jar:0.4.0-RCF:compile
|  +- (org.dbflute:dbflute-runtime:jar:1.1.0-sp6:compile - omitted for duplicate)
|  \- javax.mail:mail:jar:1.4.5:compile
+- commons-fileupload:commons-fileupload:jar:1.3.1:compile
|  \- commons-io:commons-io:jar:2.2:compile
+- junit:junit:jar:4.8.2:test
+- org.dbflute.utflute:utflute-lasta-di:jar:0.5.0-sp4:test
|  +- org.dbflute.utflute:utflute-core:jar:0.5.0-sp4:test
|  |  \- (org.dbflute:dbflute-runtime:jar:1.1.0-sp4:test - omitted for conflict with 1.1.0-sp6)
|  +- (org.lastaflute:lasta-di:jar:0.6.0-RC2:test - omitted for conflict with 0.6.2-RC1)
|  \- (org.dbflute:dbflute-runtime:jar:1.1.0-sp4:test - omitted for conflict with 1.1.0-sp6)
\- ch.qos.logback:logback-classic:jar:1.1.3:test
   +- ch.qos.logback:logback-core:jar:1.1.3:test
   \- (org.slf4j:slf4j-api:jar:1.7.7:test - omitted for conflict with 1.7.12)

