WARNING: Your kernel does not support swap limit capabilities or the cgroup is not mounted. Memory limited without swap.
org.lastaflute:lastaflute:jar:0.8.6
+- org.dbflute:dbflute-runtime:jar:1.1.1:compile
|  \- org.slf4j:slf4j-api:jar:1.7.12:compile
+- org.lastaflute:lasta-di:jar:0.7.2:compile
|  +- org.javassist:javassist:jar:3.20.0-GA:compile
|  \- (org.slf4j:slf4j-api:jar:1.7.12:compile - omitted for duplicate)
+- javax.transaction:javax.transaction-api:jar:1.2:provided
+- org.hibernate:hibernate-validator:jar:5.2.2.Final:compile
|  +- javax.validation:validation-api:jar:1.1.0.Final:compile
|  +- org.jboss.logging:jboss-logging:jar:3.2.1.Final:compile
|  \- com.fasterxml:classmate:jar:1.1.0:compile
+- javax.servlet:javax.servlet-api:jar:3.1.0:provided
+- com.google.code.gson:gson:jar:2.7:compile
+- org.dbflute.mail:mailflute:jar:0.5.0:compile
|  +- (org.dbflute:dbflute-runtime:jar:1.1.1:compile - omitted for duplicate)
|  \- com.sun.mail:javax.mail:jar:1.5.4:compile
+- junit:junit:jar:4.8.2:test
+- org.dbflute.utflute:utflute-lasta-di:jar:0.6.2:test
|  +- org.dbflute.utflute:utflute-core:jar:0.6.2:test
|  |  \- (org.dbflute:dbflute-runtime:jar:1.1.1:test - omitted for duplicate)
|  +- (org.lastaflute:lasta-di:jar:0.7.2:test - omitted for duplicate)
|  \- (org.dbflute:dbflute-runtime:jar:1.1.1:test - omitted for duplicate)
\- ch.qos.logback:logback-classic:jar:1.1.3:test
   +- ch.qos.logback:logback-core:jar:1.1.3:test
   \- (org.slf4j:slf4j-api:jar:1.7.7:test - omitted for conflict with 1.7.12)

