WARNING: Your kernel does not support swap limit capabilities or the cgroup is not mounted. Memory limited without swap.
cc.mallet:PCPLDA:jar:4.1.3
+- com.google.guava:guava:jar:18.0:compile
+- commons-cli:commons-cli:jar:1.2:compile
+- org.apache.commons:commons-math3:jar:3.3:compile
+- commons-configuration:commons-configuration:jar:1.9:compile
|  +- commons-lang:commons-lang:jar:2.6:compile
|  \- commons-logging:commons-logging:jar:1.1.1:compile
+- cc.mallet:mallet:jar:2.0.7:compile
|  +- junit:junit:jar:4.10:compile
|  |  \- org.hamcrest:hamcrest-core:jar:1.1:compile
|  +- org.beanshell:bsh:jar:2.0b4:compile
|  +- jgrapht:jgrapht:jar:0.6.0:compile
|  +- net.sf.jwordnet:jwnl:jar:1.4_rc3:compile
|  |  \- (commons-logging:commons-logging:jar:1.1.1:compile - omitted for duplicate)
|  +- net.sf.trove4j:trove4j:jar:2.0.2:compile
|  +- com.googlecode.matrix-toolkits-java:mtj:jar:0.9.14:compile
|  |  \- com.googlecode.netlib-java:netlib-java:jar:0.9.3:compile
|  |     \- net.sourceforge.f2j:arpack_combined_all:jar:0.1:compile
|  \- org.jdom:jdom:jar:1.1:compile
+- org.apache.commons:commons-pool2:jar:2.2:compile
+- com.typesafe.akka:akka-actor_2.11:jar:2.4.0:compile
|  +- (org.scala-lang:scala-library:jar:2.11.7:compile - omitted for conflict with 2.11.5)
|  \- com.typesafe:config:jar:1.3.0:compile
+- com.typesafe.akka:akka-remote_2.11:jar:2.4.0:compile
|  +- (org.scala-lang:scala-library:jar:2.11.7:compile - omitted for duplicate)
|  +- (com.typesafe.akka:akka-actor_2.11:jar:2.4.0:compile - omitted for duplicate)
|  +- com.typesafe.akka:akka-protobuf_2.11:jar:2.4.0:compile
|  |  \- (org.scala-lang:scala-library:jar:2.11.7:compile - omitted for duplicate)
|  +- io.netty:netty:jar:3.10.3.Final:compile
|  \- org.uncommons.maths:uncommons-maths:jar:1.2.2a:compile
+- com.typesafe.akka:akka-contrib_2.11:jar:2.4.0:compile
|  +- (org.scala-lang:scala-library:jar:2.11.7:compile - omitted for duplicate)
|  +- (com.typesafe.akka:akka-remote_2.11:jar:2.4.0:compile - omitted for duplicate)
|  +- com.typesafe.akka:akka-cluster_2.11:jar:2.4.0:compile
|  |  +- (org.scala-lang:scala-library:jar:2.11.7:compile - omitted for duplicate)
|  |  \- (com.typesafe.akka:akka-remote_2.11:jar:2.4.0:compile - omitted for duplicate)
|  +- com.typesafe.akka:akka-cluster-tools_2.11:jar:2.4.0:compile
|  |  +- (org.scala-lang:scala-library:jar:2.11.7:compile - omitted for duplicate)
|  |  \- (com.typesafe.akka:akka-cluster_2.11:jar:2.4.0:compile - omitted for duplicate)
|  \- com.typesafe.akka:akka-persistence_2.11:jar:2.4.0:compile
|     +- (org.scala-lang:scala-library:jar:2.11.7:compile - omitted for duplicate)
|     +- (com.typesafe.akka:akka-actor_2.11:jar:2.4.0:compile - omitted for duplicate)
|     \- (com.typesafe.akka:akka-protobuf_2.11:jar:2.4.0:compile - omitted for duplicate)
\- org.scala-lang:scala-library:jar:2.11.5:compile

