WARNING: Your kernel does not support swap limit capabilities or the cgroup is not mounted. Memory limited without swap.
com.bladejava:blade-mvc:jar:2.0.0-beta
+- com.bladejava:blade-log:jar:0.0.1:compile
+- org.slf4j:slf4j-api:jar:1.7.21:compile
+- io.netty:netty-codec-http:jar:4.1.11.Final:compile
|  \- io.netty:netty-codec:jar:4.1.11.Final:compile
|     \- (io.netty:netty-transport:jar:4.1.11.Final:compile - omitted for duplicate)
+- io.netty:netty-handler:jar:4.1.11.Final:compile
|  +- io.netty:netty-buffer:jar:4.1.11.Final:compile
|  |  \- io.netty:netty-common:jar:4.1.11.Final:compile
|  +- io.netty:netty-transport:jar:4.1.11.Final:compile
|  |  +- (io.netty:netty-buffer:jar:4.1.11.Final:compile - omitted for duplicate)
|  |  \- io.netty:netty-resolver:jar:4.1.11.Final:compile
|  |     \- (io.netty:netty-common:jar:4.1.11.Final:compile - omitted for duplicate)
|  \- (io.netty:netty-codec:jar:4.1.11.Final:compile - omitted for duplicate)
+- junit:junit:jar:4.12:test
|  \- org.hamcrest:hamcrest-core:jar:1.3:test
+- org.hamcrest:hamcrest-library:jar:1.3:test
|  \- (org.hamcrest:hamcrest-core:jar:1.3:test - omitted for duplicate)
+- com.google.code.gson:gson:jar:2.8.0:test
+- com.github.kevinsawicki:http-request:jar:6.0:test
\- org.webjars:bootstrap:jar:3.3.7:test
   \- org.webjars:jquery:jar:1.11.1:test

