WARNING: Your kernel does not support swap limit capabilities or the cgroup is not mounted. Memory limited without swap.
com.bladejava:blade-mvc:jar:2.0.11.ALPHA
+- org.slf4j:slf4j-api:jar:1.7.25:compile
+- com.bladejava:blade-asm:jar:0.0.4:compile
+- com.bladejava:blade-log:jar:0.1.6:compile
+- io.netty:netty-codec-http:jar:4.1.29.Final:compile
|  \- io.netty:netty-codec:jar:4.1.29.Final:compile
|     \- (io.netty:netty-transport:jar:4.1.29.Final:compile - omitted for duplicate)
+- io.netty:netty-handler:jar:4.1.29.Final:compile
|  +- io.netty:netty-buffer:jar:4.1.29.Final:compile
|  |  \- io.netty:netty-common:jar:4.1.29.Final:compile
|  +- io.netty:netty-transport:jar:4.1.29.Final:compile
|  |  +- (io.netty:netty-buffer:jar:4.1.29.Final:compile - omitted for duplicate)
|  |  \- io.netty:netty-resolver:jar:4.1.29.Final:compile
|  |     \- (io.netty:netty-common:jar:4.1.29.Final:compile - omitted for duplicate)
|  \- (io.netty:netty-codec:jar:4.1.29.Final:compile - omitted for duplicate)
+- io.netty:netty-transport-native-epoll:jar:4.1.29.Final:provided
|  +- (io.netty:netty-common:jar:4.1.29.Final:compile - scope updated from provided; omitted for duplicate)
|  +- (io.netty:netty-buffer:jar:4.1.29.Final:provided - omitted for duplicate)
|  +- io.netty:netty-transport-native-unix-common:jar:4.1.29.Final:provided
|  |  +- (io.netty:netty-common:jar:4.1.29.Final:provided - omitted for duplicate)
|  |  \- (io.netty:netty-transport:jar:4.1.29.Final:provided - omitted for duplicate)
|  \- (io.netty:netty-transport:jar:4.1.29.Final:provided - omitted for duplicate)
+- junit:junit:jar:4.12:provided
|  \- org.hamcrest:hamcrest-core:jar:1.3:provided
+- com.google.code.gson:gson:jar:2.8.5:test
+- org.webjars:bootstrap:jar:4.1.0:test
|  +- org.webjars:jquery:jar:3.0.0:test
|  \- org.webjars:popper.js:jar:1.14.1:test
+- org.mockito:mockito-all:jar:1.10.19:test
+- com.mashape.unirest:unirest-java:jar:1.4.9:test
|  +- org.apache.httpcomponents:httpclient:jar:4.5.2:test
|  |  +- org.apache.httpcomponents:httpcore:jar:4.4.4:test
|  |  +- commons-logging:commons-logging:jar:1.2:test
|  |  \- commons-codec:commons-codec:jar:1.9:test
|  +- org.apache.httpcomponents:httpasyncclient:jar:4.1.1:test
|  |  +- (org.apache.httpcomponents:httpcore:jar:4.4.4:test - omitted for duplicate)
|  |  +- org.apache.httpcomponents:httpcore-nio:jar:4.4.4:test
|  |  |  \- (org.apache.httpcomponents:httpcore:jar:4.4.4:test - omitted for duplicate)
|  |  +- (org.apache.httpcomponents:httpclient:jar:4.5.1:test - omitted for conflict with 4.5.2)
|  |  \- (commons-logging:commons-logging:jar:1.2:test - omitted for duplicate)
|  +- org.apache.httpcomponents:httpmime:jar:4.5.2:test
|  |  \- (org.apache.httpcomponents:httpclient:jar:4.5.2:test - omitted for duplicate)
|  \- org.json:json:jar:20160212:test
\- org.projectlombok:lombok:jar:1.16.22:provided

