WARNING: Your kernel does not support swap limit capabilities or the cgroup is not mounted. Memory limited without swap.
org.ligoj.plugin:plugin-prov:jar:1.8.8
+- org.awaitility:awaitility:jar:3.1.0:test
|  +- org.hamcrest:hamcrest-library:jar:1.3:test
|  +- org.hamcrest:hamcrest-core:jar:1.3:test
|  \- org.objenesis:objenesis:jar:2.6:test
+- org.awaitility:awaitility-proxy:jar:3.1.0:test
|  \- net.bytebuddy:byte-buddy:jar:1.9.12:compile
+- org.ligoj.api:plugin-core:jar:3.2.2:provided
|  \- org.ligoj.api:plugin-api:jar:3.2.2:provided
+- org.ligoj.api:plugin-api-test:jar:3.2.2:test
|  +- com.google.guava:guava:jar:27.1-jre:test
|  |  +- com.google.guava:failureaccess:jar:1.0.1:test
|  |  +- com.google.guava:listenablefuture:jar:9999.0-empty-to-avoid-conflict-with-guava:test
|  |  +- com.google.code.findbugs:jsr305:jar:3.0.2:test
|  |  +- org.checkerframework:checker-qual:jar:2.5.2:test
|  |  +- com.google.errorprone:error_prone_annotations:jar:2.2.0:test
|  |  +- com.google.j2objc:j2objc-annotations:jar:1.1:test
|  |  \- org.codehaus.mojo:animal-sniffer-annotations:jar:1.17:test
|  \- org.ligoj.api:plugin-iam-empty:jar:3.2.2:test
+- org.apache.maven:maven-artifact:jar:3.5.2:compile
|  \- org.apache.commons:commons-lang3:jar:3.9:compile
+- org.projectlombok:lombok:jar:1.18.6:provided
+- javax.transaction:javax.transaction-api:jar:1.2:provided
+- javax.servlet:javax.servlet-api:jar:3.1.0:provided
+- javax.enterprise:cdi-api:jar:1.2:provided
|  +- javax.el:javax.el-api:jar:3.0.0:provided
|  +- javax.interceptor:javax.interceptor-api:jar:1.2:provided
|  \- javax.inject:javax.inject:jar:1:provided
+- javax.annotation:javax.annotation-api:jar:1.3.1:compile
+- org.ligoj.bootstrap:bootstrap-business:jar:2.7.5:compile
|  +- org.apache.httpcomponents:httpcore:jar:4.4.11:compile
|  +- org.ligoj.bootstrap:bootstrap-core:jar:2.7.5:compile
|  |  +- org.jsoup:jsoup:jar:1.11.3:compile
|  |  +- com.thoughtworks.paranamer:paranamer:jar:2.8:compile
|  |  +- org.jodd:jodd-bean:jar:5.0.12:compile
|  |  |  \- org.jodd:jodd-core:jar:5.0.12:compile
|  |  +- org.glassfish.jaxb:jaxb-runtime:jar:2.3.2:compile
|  |  |  +- org.glassfish.jaxb:txw2:jar:2.3.2:compile
|  |  |  +- com.sun.istack:istack-commons-runtime:jar:3.0.8:compile
|  |  |  +- org.jvnet.staxex:stax-ex:jar:1.8.1:compile
|  |  |  \- com.sun.xml.fastinfoset:FastInfoset:jar:1.2.16:compile
|  |  +- jakarta.xml.bind:jakarta.xml.bind-api:jar:2.3.2:compile
|  |  +- org.apache.logging.log4j:log4j-api:jar:2.11.2:compile
|  |  +- org.apache.logging.log4j:log4j-core:jar:2.11.2:compile
|  |  +- org.apache.logging.log4j:log4j-slf4j-impl:jar:2.11.2:compile
|  |  +- org.slf4j:jcl-over-slf4j:jar:1.7.26:compile
|  |  +- org.aspectj:aspectjrt:jar:1.9.4:compile
|  |  +- org.aspectj:aspectjweaver:jar:1.9.3:runtime
|  |  +- org.springframework:spring-aop:jar:5.1.6.RELEASE:compile
|  |  +- org.springframework:spring-aspects:jar:5.1.6.RELEASE:runtime
|  |  +- org.springframework:spring-tx:jar:5.1.6.RELEASE:compile
|  |  +- org.springframework:spring-orm:jar:5.1.6.RELEASE:compile
|  |  |  \- org.springframework:spring-jdbc:jar:5.1.6.RELEASE:compile
|  |  +- commons-io:commons-io:jar:2.6:compile
|  |  +- org.apache.commons:commons-text:jar:1.6:compile
|  |  +- org.springframework:spring-web:jar:5.1.6.RELEASE:compile
|  |  +- com.fasterxml.jackson.jaxrs:jackson-jaxrs-json-provider:jar:2.9.8:compile
|  |  |  \- com.fasterxml.jackson.jaxrs:jackson-jaxrs-base:jar:2.9.8:compile
|  |  +- org.springframework.security:spring-security-core:jar:5.1.5.RELEASE:compile
|  |  +- org.springframework.security:spring-security-web:jar:5.1.5.RELEASE:compile
|  |  +- org.springframework.security:spring-security-config:jar:5.1.5.RELEASE:runtime
|  |  +- org.hibernate.validator:hibernate-validator:jar:6.0.16.Final:compile
|  |  |  +- org.jboss.logging:jboss-logging:jar:3.3.2.Final:compile
|  |  |  \- com.fasterxml:classmate:jar:1.3.4:compile
|  |  +- org.apache.commons:commons-dbcp2:jar:2.6.0:compile
|  |  |  \- org.apache.commons:commons-pool2:jar:2.6.1:compile
|  |  +- org.hibernate:hibernate-entitymanager:jar:5.4.2.Final:compile
|  |  |  +- org.hibernate:hibernate-core:jar:5.4.2.Final:compile
|  |  |  |  +- org.javassist:javassist:jar:3.24.0-GA:compile
|  |  |  |  +- antlr:antlr:jar:2.7.7:compile
|  |  |  |  \- org.jboss:jandex:jar:2.0.5.Final:compile
|  |  |  +- org.dom4j:dom4j:jar:2.1.1:compile
|  |  |  \- org.hibernate.common:hibernate-commons-annotations:jar:5.1.0.Final:compile
|  |  +- org.springframework.data:spring-data-jpa:jar:2.1.8.RELEASE:compile
|  |  |  \- org.springframework.data:spring-data-commons:jar:2.1.8.RELEASE:compile
|  |  +- org.apache.cxf:cxf-rt-rs-extension-providers:jar:3.3.1:runtime
|  |  |  +- org.apache.cxf:cxf-core:jar:3.3.1:compile
|  |  |  |  +- com.fasterxml.woodstox:woodstox-core:jar:5.0.3:compile
|  |  |  |  |  \- org.codehaus.woodstox:stax2-api:jar:3.1.4:compile
|  |  |  |  +- org.apache.ws.xmlschema:xmlschema-core:jar:2.2.4:compile
|  |  |  |  \- org.glassfish.jaxb:jaxb-xjc:jar:2.3.2:compile
|  |  |  |     +- org.glassfish.jaxb:xsom:jar:2.3.2:compile
|  |  |  |     +- org.glassfish.jaxb:codemodel:jar:2.3.2:compile
|  |  |  |     +- com.sun.xml.bind.external:rngom:jar:2.3.2:compile
|  |  |  |     +- com.sun.xml.dtd-parser:dtd-parser:jar:1.4.1:compile
|  |  |  |     +- com.sun.istack:istack-commons-tools:jar:3.0.8:compile
|  |  |  |     |  \- org.apache.ant:ant:jar:1.10.5:compile
|  |  |  |     |     \- org.apache.ant:ant-launcher:jar:1.10.5:compile
|  |  |  |     \- com.sun.xml.bind.external:relaxng-datatype:jar:2.3.2:compile
|  |  |  +- javax.xml.ws:jaxws-api:jar:2.3.0:compile
|  |  |  |  \- javax.xml.soap:javax.xml.soap-api:jar:1.4.0:compile
|  |  |  +- org.apache.geronimo.specs:geronimo-ws-metadata_2.0_spec:jar:1.1.3:compile
|  |  |  +- com.sun.xml.messaging.saaj:saaj-impl:jar:1.4.0-b03:compile
|  |  |  |  \- org.jvnet.mimepull:mimepull:jar:1.9.7:compile
|  |  |  \- org.jboss.spec.javax.rmi:jboss-rmi-api_1.0_spec:jar:1.0.6.Final:compile
|  |  +- org.apache.cxf:cxf-rt-rs-service-description:jar:3.3.1:runtime
|  |  +- org.apache.cxf:cxf-rt-transports-http:jar:3.3.2:compile
|  |  |  +- org.jacorb:jacorb-omgapi:jar:3.7:compile
|  |  |  \- org.apache.geronimo.specs:geronimo-jta_1.1_spec:jar:1.1.1:compile
|  |  +- org.apache.cxf:cxf-rt-frontend-jaxrs:jar:3.3.2:compile
|  |  |  +- jakarta.ws.rs:jakarta.ws.rs-api:jar:2.1.5:compile
|  |  |  \- org.apache.cxf:cxf-rt-security:jar:3.3.2:compile
|  |  +- jakarta.activation:jakarta.activation-api:jar:1.2.1:compile
|  |  +- com.sun.activation:javax.activation:jar:1.2.0:compile
|  |  +- javax.validation:validation-api:jar:2.0.1.Final:compile
|  |  +- org.glassfish:javax.el:jar:3.0.1-b08:runtime
|  |  +- javax.persistence:javax.persistence-api:jar:2.2:compile
|  |  +- org.jasypt:jasypt:jar:1.9.2:compile
|  |  \- org.jasypt:jasypt-spring31:jar:1.9.2:compile
|  +- com.hazelcast:hazelcast-spring:jar:3.11.3:compile
|  |  \- com.hazelcast:hazelcast:jar:3.11.3:compile
|  +- javax.cache:cache-api:jar:1.1.0:compile
|  \- com.googlecode.gentyref:gentyref:jar:1.2.0:compile
+- org.ligoj.bootstrap:bootstrap-business-test:jar:2.7.5:test
|  +- org.hsqldb:hsqldb:jar:2.4.1:test
|  +- de.sven-jacobs:loremipsum:jar:1.0:test
|  +- org.eclipse.jetty:jetty-server:jar:9.4.17.v20190418:test
|  |  +- org.eclipse.jetty:jetty-http:jar:9.4.17.v20190418:test
|  |  \- org.eclipse.jetty:jetty-io:jar:9.4.17.v20190418:test
|  +- org.ligoj.bootstrap:bootstrap-launcher:jar:2.7.5:test
|  |  \- org.eclipse.jetty:jetty-deploy:jar:9.4.17.v20190418:test
|  +- org.junit.jupiter:junit-jupiter-engine:jar:5.4.1:test
|  |  +- org.apiguardian:apiguardian-api:jar:1.0.0:test
|  |  +- org.junit.platform:junit-platform-engine:jar:1.4.1:test
|  |  |  +- org.opentest4j:opentest4j:jar:1.1.1:test
|  |  |  \- org.junit.platform:junit-platform-commons:jar:1.4.1:test
|  |  \- org.junit.jupiter:junit-jupiter-api:jar:5.4.1:test
|  +- org.junit.jupiter:junit-jupiter-params:jar:5.4.1:test
|  +- org.junit.platform:junit-platform-launcher:jar:1.4.1:test
|  \- org.springframework:spring-test:jar:5.1.6.RELEASE:test
+- org.apache.commons:commons-collections4:jar:4.3:compile
+- org.springframework:spring-context-support:jar:5.1.6.RELEASE:compile
|  +- org.springframework:spring-beans:jar:5.1.6.RELEASE:compile
|  +- org.springframework:spring-context:jar:5.1.6.RELEASE:compile
|  |  \- org.springframework:spring-expression:jar:5.1.6.RELEASE:compile
|  \- org.springframework:spring-core:jar:5.1.6.RELEASE:compile
|     \- org.springframework:spring-jcl:jar:5.1.6.RELEASE:compile
+- org.quartz-scheduler:quartz:jar:2.3.1:compile
|  +- com.mchange:c3p0:jar:0.9.5.3:compile
|  +- com.mchange:mchange-commons-java:jar:0.2.15:compile
|  +- com.zaxxer:HikariCP-java7:jar:2.4.13:compile
|  \- org.slf4j:slf4j-api:jar:1.7.26:compile
+- org.apache.httpcomponents:httpclient:jar:4.5.8:compile
|  \- commons-codec:commons-codec:jar:1.12:compile
+- org.mockito:mockito-core:jar:2.27.0:test
|  \- net.bytebuddy:byte-buddy-agent:jar:1.9.12:test
\- com.github.tomakehurst:wiremock:jar:2.23.2:test
   +- org.eclipse.jetty:jetty-servlet:jar:9.4.17.v20190418:test
   |  \- org.eclipse.jetty:jetty-security:jar:9.4.17.v20190418:test
   +- org.eclipse.jetty:jetty-servlets:jar:9.4.17.v20190418:test
   |  +- org.eclipse.jetty:jetty-continuation:jar:9.4.17.v20190418:test
   |  \- org.eclipse.jetty:jetty-util:jar:9.4.17.v20190418:test
   +- org.eclipse.jetty:jetty-webapp:jar:9.4.17.v20190418:test
   |  \- org.eclipse.jetty:jetty-xml:jar:9.4.17.v20190418:test
   +- com.fasterxml.jackson.core:jackson-core:jar:2.9.8:compile
   +- com.fasterxml.jackson.core:jackson-annotations:jar:2.9.8:compile
   +- com.fasterxml.jackson.core:jackson-databind:jar:2.9.8:compile
   +- org.xmlunit:xmlunit-core:jar:2.6.2:test
   |  \- javax.xml.bind:jaxb-api:jar:2.3.0:test
   +- org.xmlunit:xmlunit-legacy:jar:2.6.2:test
   +- org.xmlunit:xmlunit-placeholders:jar:2.6.2:test
   +- com.jayway.jsonpath:json-path:jar:2.4.0:test
   |  \- net.minidev:json-smart:jar:2.3:test
   |     \- net.minidev:accessors-smart:jar:1.2:test
   +- org.ow2.asm:asm:jar:7.0:test
   +- net.sf.jopt-simple:jopt-simple:jar:5.0.3:test
   \- com.flipkart.zjsonpatch:zjsonpatch:jar:0.4.4:test

