WARNING: Your kernel does not support swap limit capabilities or the cgroup is not mounted. Memory limited without swap.
org.ligoj.plugin:plugin-prov:jar:0.0.2
+- org.ligoj.api:plugin-core:jar:1.0.4:provided
|  \- org.ligoj.api:plugin-api:jar:1.0.4:provided
+- org.ligoj.api:plugin-api-test:jar:1.0.4:test
|  +- com.google.guava:guava:jar:21.0:test
|  \- org.ligoj.api:plugin-iam-empty:jar:1.0.4:test
+- org.joda:joda-convert:jar:1.8.1:provided
+- org.apache.maven:maven-artifact:jar:3.3.9:compile
|  \- org.apache.commons:commons-lang3:jar:3.5:compile
+- org.projectlombok:lombok:jar:1.16.14:provided
+- mysql:mysql-connector-java:jar:6.0.6:runtime
+- javax.transaction:javax.transaction-api:jar:1.2:provided
+- javax.servlet:javax.servlet-api:jar:3.1.0:provided
+- javax.enterprise:cdi-api:jar:1.2:provided
|  +- javax.el:javax.el-api:jar:3.0.0:runtime
|  +- javax.interceptor:javax.interceptor-api:jar:1.2:provided
|  \- javax.inject:javax.inject:jar:1:provided
+- javax.annotation:jsr250-api:jar:1.0:provided
+- org.ligoj.bootstrap:bootstrap-business:jar:1.6.0:compile
|  +- org.ligoj.bootstrap:bootstrap-core:jar:1.6.0:compile
|  |  +- org.apache.logging.log4j:log4j-api:jar:2.8.1:compile
|  |  +- org.apache.logging.log4j:log4j-core:jar:2.8.1:compile
|  |  +- org.apache.logging.log4j:log4j-slf4j-impl:jar:2.8.1:compile
|  |  +- org.slf4j:jcl-over-slf4j:jar:1.7.24:compile
|  |  +- org.aspectj:aspectjrt:jar:1.8.10:compile
|  |  +- org.aspectj:aspectjweaver:jar:1.8.10:runtime
|  |  +- org.springframework:spring-aop:jar:4.3.7.RELEASE:compile
|  |  +- org.springframework:spring-aspects:jar:4.3.7.RELEASE:runtime
|  |  +- org.springframework:spring-orm:jar:4.3.7.RELEASE:compile
|  |  |  \- org.springframework:spring-jdbc:jar:4.3.7.RELEASE:compile
|  |  +- commons-io:commons-io:jar:2.5:compile
|  |  +- commons-beanutils:commons-beanutils:jar:1.9.3:compile
|  |  +- org.springframework:spring-web:jar:4.3.7.RELEASE:compile
|  |  +- com.fasterxml.jackson.jaxrs:jackson-jaxrs-json-provider:jar:2.8.7:compile
|  |  |  +- com.fasterxml.jackson.jaxrs:jackson-jaxrs-base:jar:2.8.7:compile
|  |  |  +- com.fasterxml.jackson.core:jackson-core:jar:2.8.7:compile
|  |  |  \- com.fasterxml.jackson.module:jackson-module-jaxb-annotations:jar:2.8.7:compile
|  |  +- com.fasterxml.jackson.datatype:jackson-datatype-joda:jar:2.8.7:compile
|  |  +- com.fasterxml.jackson.core:jackson-annotations:jar:2.8.7:compile
|  |  +- com.fasterxml.jackson.core:jackson-databind:jar:2.8.7:compile
|  |  +- org.springframework.security:spring-security-web:jar:4.2.2.RELEASE:compile
|  |  +- org.springframework.security:spring-security-config:jar:4.2.2.RELEASE:runtime
|  |  +- org.hibernate:hibernate-validator:jar:5.4.0.Final:compile
|  |  |  +- org.jboss.logging:jboss-logging:jar:3.3.0.Final:compile
|  |  |  \- com.fasterxml:classmate:jar:1.3.1:compile
|  |  +- org.apache.commons:commons-dbcp2:jar:2.1.1:compile
|  |  |  \- org.apache.commons:commons-pool2:jar:2.4.2:compile
|  |  +- org.hibernate:hibernate-entitymanager:jar:5.2.8.Final:compile
|  |  |  +- org.hibernate:hibernate-core:jar:5.2.8.Final:compile
|  |  |  |  \- org.jboss:jandex:jar:2.0.3.Final:compile
|  |  |  +- dom4j:dom4j:jar:1.6.1:compile
|  |  |  +- org.hibernate.common:hibernate-commons-annotations:jar:5.0.1.Final:compile
|  |  |  \- org.javassist:javassist:jar:3.20.0-GA:compile
|  |  +- org.springframework.data:spring-data-jpa:jar:1.10.4.RELEASE:compile
|  |  |  \- org.springframework.data:spring-data-commons:jar:1.12.4.RELEASE:compile
|  |  +- org.apache.cxf:cxf-rt-rs-extension-providers:jar:3.1.9:runtime
|  |  |  \- org.apache.cxf:cxf-core:jar:3.1.9:compile
|  |  |     +- org.codehaus.woodstox:woodstox-core-asl:jar:4.4.1:compile
|  |  |     |  \- org.codehaus.woodstox:stax2-api:jar:3.1.4:compile
|  |  |     \- org.apache.ws.xmlschema:xmlschema-core:jar:2.2.1:compile
|  |  +- org.apache.cxf:cxf-rt-rs-service-description:jar:3.1.9:runtime
|  |  +- org.apache.cxf:cxf-rt-frontend-jaxrs:jar:3.1.9:compile
|  |  |  \- org.apache.cxf:cxf-rt-transports-http:jar:3.1.9:compile
|  |  +- javax.annotation:javax.annotation-api:jar:1.2:compile
|  |  +- javax.activation:activation:jar:1.1.1:runtime
|  |  +- javax.validation:validation-api:jar:1.1.0.Final:compile
|  |  +- org.glassfish:javax.el:jar:3.0.1-b08:runtime
|  |  +- javax.ws.rs:javax.ws.rs-api:jar:2.0:compile
|  |  +- org.eclipse.persistence:javax.persistence:jar:2.1.1:compile
|  |  +- joda-time:joda-time:jar:2.9.7:compile
|  |  +- org.jasypt:jasypt:jar:1.9.2:compile
|  |  \- org.jasypt:jasypt-spring31:jar:1.9.2:compile
|  +- net.sf.ehcache:ehcache:jar:2.10.3:compile
|  +- com.thoughtworks.paranamer:paranamer:jar:2.8:compile
|  +- javax.cache:cache-api:jar:1.0.0:compile
|  \- com.googlecode.gentyref:gentyref:jar:1.2.0:compile
+- org.ligoj.bootstrap:bootstrap-business-test:jar:1.6.0:test
|  +- org.hsqldb:hsqldb:jar:2.3.4:test
|  +- de.sven-jacobs:loremipsum:jar:1.0:test
|  +- org.eclipse.jetty:jetty-server:jar:9.4.2.v20170220:test
|  |  +- org.eclipse.jetty:jetty-http:jar:9.4.2.v20170220:test
|  |  \- org.eclipse.jetty:jetty-io:jar:9.4.2.v20170220:test
|  +- org.ligoj.bootstrap:bootstrap-launcher:jar:1.6.0:test
|  |  \- org.eclipse.jetty:jetty-deploy:jar:9.4.2.v20170220:test
|  +- junit:junit:jar:4.12:test
|  |  \- org.hamcrest:hamcrest-core:jar:1.3:test
|  \- org.springframework:spring-test:jar:4.3.7.RELEASE:test
+- org.apache.commons:commons-collections4:jar:4.1:compile
+- org.springframework:spring-context-support:jar:4.3.7.RELEASE:compile
|  +- org.springframework:spring-beans:jar:4.3.7.RELEASE:compile
|  +- org.springframework:spring-context:jar:4.3.7.RELEASE:compile
|  |  \- org.springframework:spring-expression:jar:4.3.7.RELEASE:compile
|  \- org.springframework:spring-core:jar:4.3.7.RELEASE:compile
+- org.quartz-scheduler:quartz:jar:2.2.3:compile
|  +- c3p0:c3p0:jar:0.9.1.1:compile
|  \- org.slf4j:slf4j-api:jar:1.7.24:compile
+- org.apache.httpcomponents:httpclient:jar:4.5.3:compile
|  +- org.apache.httpcomponents:httpcore:jar:4.4.6:compile
|  \- commons-codec:commons-codec:jar:1.10:compile
+- org.springframework.security:spring-security-ldap:jar:4.2.2.RELEASE:test
|  +- org.springframework.security:spring-security-core:jar:4.2.2.RELEASE:compile
|  |  \- aopalliance:aopalliance:jar:1.0:compile
|  \- org.springframework:spring-tx:jar:4.3.7.RELEASE:compile
+- org.apache.directory.shared:shared-ldap:jar:0.9.15:test
|  +- commons-lang:commons-lang:jar:2.4:test
|  +- commons-collections:commons-collections:jar:3.2.1:compile
|  +- org.apache.directory.shared:shared-asn1:jar:0.9.15:test
|  +- org.apache.directory.shared:shared-ldap-constants:jar:0.9.15:test
|  \- antlr:antlr:jar:2.7.7:compile
+- org.apache.directory.server:apacheds-protocol-ldap:jar:1.5.5:test
|  +- org.apache.directory.shared:shared-asn1-codec:jar:0.9.15:test
|  |  \- org.apache.mina:mina-core:jar:2.0.0-M6:test
|  +- org.apache.directory.server:apacheds-kerberos-shared:jar:1.5.5:test
|  |  \- org.apache.directory.server:apacheds-core-jndi:jar:1.5.5:test
|  +- org.apache.directory.server:apacheds-core:jar:1.5.5:test
|  |  +- org.apache.directory.server:apacheds-xdbm-search:jar:1.5.5:test
|  |  +- org.apache.directory.server:apacheds-xdbm-tools:jar:1.5.5:test
|  |  +- org.apache.directory.server:apacheds-schema-bootstrap:jar:1.5.5:test
|  |  |  \- org.apache.directory.server:apacheds-jdbm:jar:1.5.5:test
|  |  +- org.apache.directory.server:apacheds-core-entry:jar:1.5.5:test
|  |  +- org.apache.directory.server:apacheds-schema-registries:jar:1.5.5:test
|  |  +- org.apache.directory.server:apacheds-core-shared:jar:1.5.5:test
|  |  +- org.apache.directory.server:apacheds-core-constants:jar:1.5.5:test
|  |  +- org.apache.directory.server:apacheds-utils:jar:1.5.5:test
|  |  +- org.apache.directory.server:apacheds-jdbm-store:jar:1.5.5:test
|  |  |  \- org.apache.directory.server:apacheds-core-avl:jar:1.5.5:test
|  |  +- org.apache.directory.server:apacheds-xdbm-base:jar:1.5.5:test
|  |  +- org.apache.directory.server:apacheds-bootstrap-extract:jar:1.5.5:test
|  |  +- org.apache.directory.shared:shared-cursor:jar:0.9.15:test
|  |  \- bouncycastle:bcprov-jdk15:jar:140:test
|  +- org.apache.directory.server:apacheds-bootstrap-partition:jar:1.5.5:test
|  |  \- org.apache.directory.server:apacheds-schema-extras:jar:1.5.5:test
|  \- org.apache.directory.server:apacheds-protocol-shared:jar:1.5.5:test
+- org.springframework.ldap:spring-ldap-core:jar:2.3.1.RELEASE:compile
+- org.springframework.ldap:spring-ldap-core-tiger:jar:2.3.1.RELEASE:compile
+- org.mockito:mockito-core:jar:2.7.17:test
|  +- net.bytebuddy:byte-buddy:jar:1.6.11:compile
|  +- net.bytebuddy:byte-buddy-agent:jar:1.6.11:test
|  \- org.objenesis:objenesis:jar:2.5:test
\- com.github.tomakehurst:wiremock:jar:2.5.1:test
   +- org.eclipse.jetty:jetty-servlet:jar:9.4.2.v20170220:test
   |  \- org.eclipse.jetty:jetty-security:jar:9.4.2.v20170220:test
   +- org.eclipse.jetty:jetty-servlets:jar:9.4.2.v20170220:test
   |  +- org.eclipse.jetty:jetty-continuation:jar:9.4.2.v20170220:test
   |  \- org.eclipse.jetty:jetty-util:jar:9.4.2.v20170220:test
   +- org.eclipse.jetty:jetty-webapp:jar:9.4.2.v20170220:test
   |  \- org.eclipse.jetty:jetty-xml:jar:9.4.2.v20170220:test
   +- org.xmlunit:xmlunit-legacy:jar:2.3.0:test
   +- com.jayway.jsonpath:json-path:jar:2.2.0:test
   |  \- net.minidev:json-smart:jar:2.2.1:test
   |     \- net.minidev:accessors-smart:jar:1.1:test
   |        \- org.ow2.asm:asm:jar:5.0.3:test
   +- net.sf.jopt-simple:jopt-simple:jar:4.9:test
   +- com.flipkart.zjsonpatch:zjsonpatch:jar:0.2.1:test
   \- com.github.jknack:handlebars:jar:4.0.6:test
      \- org.antlr:antlr4-runtime:jar:4.5.1-1:test

