WARNING: Your kernel does not support swap limit capabilities or the cgroup is not mounted. Memory limited without swap.
com.zx.sms:cmpp-core:jar:1.38.netty4
+- org.testng:testng:jar:6.5.2:test
|  +- (junit:junit:jar:4.10:test - omitted for conflict with 4.11)
|  +- org.beanshell:bsh:jar:2.0b4:test
|  +- com.beust:jcommander:jar:1.12:test
|  \- org.yaml:snakeyaml:jar:1.6:test
+- xmlunit:xmlunit:jar:1.4:test
+- de.ruedigermoeller:fst:jar:1.63:compile
|  \- org.javassist:javassist:jar:3.18.1-GA:compile
+- com.google.guava:guava:jar:18.0:compile
+- commons-codec:commons-codec:jar:1.7:compile
+- junit:junit:jar:4.11:test
|  \- org.hamcrest:hamcrest-core:jar:1.3:test
+- io.netty:netty-transport:jar:4.0.36.Final:compile
|  \- io.netty:netty-buffer:jar:4.0.36.Final:compile
|     \- io.netty:netty-common:jar:4.0.36.Final:compile
+- io.netty:netty-codec:jar:4.0.36.Final:compile
|  \- (io.netty:netty-transport:jar:4.0.36.Final:compile - omitted for duplicate)
+- io.netty:netty-handler:jar:4.0.36.Final:compile
|  +- (io.netty:netty-buffer:jar:4.0.36.Final:compile - omitted for duplicate)
|  +- (io.netty:netty-transport:jar:4.0.36.Final:compile - omitted for duplicate)
|  \- (io.netty:netty-codec:jar:4.0.36.Final:compile - omitted for duplicate)
+- org.slf4j:slf4j-api:jar:1.7.3:compile
+- com.sleepycat:je:jar:5.0.73:compile
+- org.iq80.leveldb:leveldb:jar:0.6:test
|  +- org.iq80.leveldb:leveldb-api:jar:0.6:test
|  \- (com.google.guava:guava:jar:12.0:test - omitted for conflict with 18.0)
+- ch.qos.logback:logback-classic:jar:1.1.3:compile
|  +- ch.qos.logback:logback-core:jar:1.1.3:compile
|  \- (org.slf4j:slf4j-api:jar:1.7.7:compile - omitted for conflict with 1.7.3)
+- ch.qos.logback:logback-access:jar:1.1.3:compile
|  \- (ch.qos.logback:logback-core:jar:1.1.3:compile - omitted for duplicate)
+- commons-lang:commons-lang:jar:2.6:compile
\- commons-io:commons-io:jar:1.3.2:compile

