WARNING: Your kernel does not support swap limit capabilities or the cgroup is not mounted. Memory limited without swap.
org.linagora:linshare:war:0.11.2
+- org.apache.tapestry:tapestry-core:jar:5.2.6:compile
|  +- org.apache.tapestry:tapestry-ioc:jar:5.2.6:compile
|  |  +- org.apache.tapestry:tapestry5-annotations:jar:5.2.6:compile
|  |  +- (org.apache.tapestry:tapestry-func:jar:5.2.6:compile - omitted for conflict with 5.2.4)
|  |  +- javassist:javassist:jar:3.12.1.GA:compile
|  |  +- (org.slf4j:slf4j-api:jar:1.6.1:compile - omitted for conflict with 1.4.3)
|  |  +- (log4j:log4j:jar:1.2.14:compile - omitted for conflict with 1.2.13)
|  |  \- (org.slf4j:slf4j-log4j12:jar:1.6.1:compile - omitted for conflict with 1.3.0)
|  +- org.apache.tapestry:tapestry-json:jar:5.2.6:compile
|  +- commons-codec:commons-codec:jar:1.3:compile
|  \- org.antlr:antlr-runtime:jar:3.1.1:compile
+- org.apache.tapestry:tapestry-spring:jar:5.2.6:compile
|  +- (org.apache.tapestry:tapestry-core:jar:5.2.6:compile - omitted for duplicate)
|  \- (org.springframework:spring-web:jar:3.0.0.RELEASE:compile - omitted for conflict with 2.5.5)
+- org.apache.tapestry:tapestry-upload:jar:5.2.6:compile
|  +- (org.apache.tapestry:tapestry-core:jar:5.2.6:compile - omitted for duplicate)
|  +- commons-fileupload:commons-fileupload:jar:1.2:compile
|  \- commons-io:commons-io:jar:1.3:compile
+- org.chenillekit:chenillekit-tapestry:jar:1.3.2:compile
|  +- org.chenillekit:chenillekit-core:jar:1.3.2:compile
|  |  +- (org.apache.tapestry:tapestry-ioc:jar:5.2.4:compile - omitted for conflict with 5.2.6)
|  |  \- commons-configuration:commons-configuration:jar:1.6:compile
|  |     +- (commons-collections:commons-collections:jar:3.2.1:compile - omitted for conflict with 2.1)
|  |     +- (commons-lang:commons-lang:jar:2.4:compile - omitted for conflict with 2.1)
|  |     +- (commons-digester:commons-digester:jar:1.8:compile - omitted for conflict with 1.7)
|  |     \- commons-beanutils:commons-beanutils-core:jar:1.8.0:compile
|  +- org.chenillekit:chenillekit-image:jar:1.3.2:compile
|  |  \- (org.apache.tapestry:tapestry-ioc:jar:5.2.4:compile - omitted for conflict with 5.2.6)
|  +- org.chenillekit:chenillekit-google:jar:1.3.2:compile
|  |  +- (org.apache.tapestry:tapestry-ioc:jar:5.2.4:compile - omitted for conflict with 5.2.6)
|  |  \- com.sdicons.jsontools:jsontools-core:jar:1.5:compile
|  |     \- (antlr:antlr:jar:2.7.6:compile - omitted for duplicate)
|  +- (org.apache.tapestry:tapestry-ioc:jar:5.2.4:compile - omitted for conflict with 5.2.6)
|  +- org.apache.tapestry:tapestry-func:jar:5.2.4:compile
|  +- (org.apache.tapestry:tapestry-core:jar:5.2.4:compile - omitted for conflict with 5.2.6)
|  +- (org.apache.tapestry:tapestry-upload:jar:5.2.4:compile - omitted for conflict with 5.2.6)
|  \- ognl:ognl:jar:2.7.3:compile
+- com.google.code:kaptcha:jar:2.3:compile
+- org.apache.pdfbox:pdfbox:jar:0.8.0-incubating:compile
|  +- org.apache.pdfbox:fontbox:jar:0.8.0-incubator:compile
|  \- org.apache.pdfbox:jempbox:jar:0.8.0-incubator:compile
+- com.artofsolving:jodconverter:jar:2.2.1:compile
|  +- (org.slf4j:slf4j-api:jar:1.4.3:compile - omitted for conflict with 1.5.6)
|  +- (commons-io:commons-io:jar:1.3.1:compile - omitted for conflict with 1.3)
|  +- org.openoffice:juh:jar:2.3.0:compile
|  |  +- org.openoffice:jurt:jar:2.3.0:compile
|  |  |  \- (org.openoffice:ridl:jar:2.3.0:compile - omitted for duplicate)
|  |  \- (org.openoffice:ridl:jar:2.3.0:compile - omitted for duplicate)
|  +- org.openoffice:ridl:jar:2.3.0:compile
|  \- org.openoffice:unoil:jar:2.3.0:compile
|     \- (org.openoffice:ridl:jar:2.3.0:compile - omitted for duplicate)
+- org.linagora:LinThumbnail:jar:1.0:compile
|  +- (org.apache.pdfbox:pdfbox:jar:0.8.0-incubating:compile - omitted for duplicate)
|  +- (com.artofsolving:jodconverter:jar:2.2.1:compile - omitted for duplicate)
|  \- (org.slf4j:slf4j-api:jar:1.5.6:compile - omitted for conflict with 1.4.3)
+- us.antera:t5restfulws:jar:0.2.5-LNG:compile
|  +- (org.apache.tapestry:tapestry-core:jar:5.1.0.5:compile - omitted for conflict with 5.2.6)
|  +- (junit:junit:jar:4.5:compile - omitted for conflict with 4.4)
|  \- commons-httpclient:commons-httpclient:jar:3.0:compile
|     +- (junit:junit:jar:3.8.1:compile - omitted for conflict with 4.5)
|     +- (commons-logging:commons-logging:jar:1.0.3:compile - omitted for conflict with 1.1.1)
|     \- (commons-codec:commons-codec:jar:1.2:compile - omitted for conflict with 1.3)
+- org.hibernate:hibernate:jar:3.2.6.ga:compile
|  +- (net.sf.ehcache:ehcache:jar:1.2.3:compile - omitted for conflict with 1.5.0)
|  +- javax.transaction:jta:jar:1.0.1B:compile
|  +- asm:asm-attrs:jar:1.5.3:compile
|  +- dom4j:dom4j:jar:1.6.1:compile
|  +- antlr:antlr:jar:2.7.6:compile
|  +- cglib:cglib:jar:2.1_3:compile
|  |  \- (asm:asm:jar:1.5.3:compile - omitted for duplicate)
|  +- asm:asm:jar:1.5.3:compile
|  \- (commons-collections:commons-collections:jar:2.1.1:compile - omitted for conflict with 3.1)
+- net.sf.ehcache:ehcache:jar:1.5.0:compile
|  +- backport-util-concurrent:backport-util-concurrent:jar:3.1:compile
|  +- (commons-collections:commons-collections:jar:3.2:compile - omitted for conflict with 2.1.1)
|  \- net.sf.jsr107cache:jsr107cache:jar:1.0:compile
+- org.springframework:spring-aop:jar:2.5.5:compile
|  +- aopalliance:aopalliance:jar:1.0:compile
|  +- org.springframework:spring-beans:jar:2.5.5:compile
|  |  \- (org.springframework:spring-core:jar:2.5.5:compile - omitted for conflict with 3.0.0.RELEASE)
|  \- org.springframework:spring-core:jar:2.5.5:compile
+- org.springframework:spring-web:jar:2.5.5:compile
|  +- (org.springframework:spring-beans:jar:2.5.5:compile - omitted for duplicate)
|  +- org.springframework:spring-context:jar:2.5.5:compile
|  |  +- (aopalliance:aopalliance:jar:1.0:compile - omitted for duplicate)
|  |  +- (org.springframework:spring-beans:jar:2.5.5:compile - omitted for duplicate)
|  |  \- (org.springframework:spring-core:jar:2.5.5:compile - omitted for duplicate)
|  \- (org.springframework:spring-core:jar:2.5.5:compile - omitted for duplicate)
+- org.springframework:spring-orm:jar:2.5.5:compile
|  +- (aopalliance:aopalliance:jar:1.0:compile - omitted for duplicate)
|  +- (org.springframework:spring-beans:jar:2.5.5:compile - omitted for duplicate)
|  +- (org.springframework:spring-context:jar:2.5.5:compile - omitted for duplicate)
|  +- (org.springframework:spring-core:jar:2.5.5:compile - omitted for duplicate)
|  \- org.springframework:spring-tx:jar:2.5.5:compile
|     +- (org.springframework:spring-beans:jar:2.5.5:compile - omitted for duplicate)
|     +- (org.springframework:spring-context:jar:2.5.5:compile - omitted for duplicate)
|     \- (org.springframework:spring-core:jar:2.5.5:compile - omitted for duplicate)
+- org.springframework:spring-context-support:jar:2.5.5:compile
|  +- (aopalliance:aopalliance:jar:1.0:compile - omitted for duplicate)
|  +- (org.springframework:spring-beans:jar:2.5.5:compile - omitted for duplicate)
|  +- (org.springframework:spring-context:jar:2.5.5:compile - omitted for duplicate)
|  \- (org.springframework:spring-core:jar:2.5.5:compile - omitted for duplicate)
+- org.springmodules:spring-modules-jcr:jar:0.8a:compile
|  +- log4j:log4j:jar:1.2.13:compile
|  +- (javax.servlet:servlet-api:jar:2.3:compile - omitted for conflict with 2.5)
|  +- commons-lang:commons-lang:jar:2.1:compile
|  +- (commons-collections:commons-collections:jar:3.1:compile - omitted for conflict with 2.1.1)
|  +- geronimo-spec:geronimo-spec-jta:jar:1.0.1B-rc4:compile
|  +- geronimo-spec:geronimo-spec-j2ee-connector:jar:1.5-rc4:compile
|  +- (org.apache.jackrabbit:jackrabbit-core:jar:1.2.2:compile - omitted for conflict with 1.4.13-LINAGORA)
|  +- (org.apache.jackrabbit:jackrabbit-jcr-commons:jar:1.2.2:compile - omitted for conflict with 1.4)
|  +- (org.apache.jackrabbit:jackrabbit-jca:jar:1.0:compile - omitted for conflict with 1.4)
|  +- org.apache.jackrabbit:jackrabbit-jcr-rmi:jar:1.2.2:compile
|  |  +- (javax.jcr:jcr:jar:1.0:compile - omitted for duplicate)
|  |  +- (xerces:xercesImpl:jar:2.6.2:compile - omitted for duplicate)
|  |  +- (org.slf4j:slf4j-log4j12:jar:1.0:compile - omitted for conflict with 1.6.1)
|  |  \- (log4j:log4j:jar:1.2.8:compile - omitted for conflict with 1.2.13)
|  +- concurrent:concurrent:jar:1.3.4:compile
|  +- (org.apache.lucene:lucene-core:jar:2.0.0:compile - omitted for conflict with 2.2.0)
|  +- (org.slf4j:slf4j-log4j12:jar:1.3.0:compile - omitted for conflict with 1.5.6)
|  +- (xerces:xercesImpl:jar:2.6.2:compile - omitted for conflict with 2.9.1)
|  +- xerces:xmlParserAPIs:jar:2.6.2:compile
|  \- cglib:cglib-nodep:jar:2.1_3:compile
+- org.springframework.ldap:spring-ldap-core:jar:1.3.0.RELEASE:compile
|  +- (commons-lang:commons-lang:jar:2.1:compile - omitted for duplicate)
|  +- (org.springframework:spring-core:jar:2.5.6:compile - omitted for conflict with 2.5.5)
|  +- (org.springframework:spring-beans:jar:2.5.6:compile - omitted for conflict with 2.5.5)
|  \- (org.springframework:spring-tx:jar:2.5.6:compile - omitted for conflict with 2.5.5)
+- org.springframework.ldap:spring-ldap-core-tiger:jar:1.3.0.RELEASE:compile
|  +- (org.springframework.ldap:spring-ldap-core:jar:1.3.0.RELEASE:compile - omitted for duplicate)
|  +- (org.springframework:spring-tx:jar:2.5.6:compile - omitted for conflict with 2.5.5)
|  +- (org.springframework:spring-core:jar:2.5.6:compile - omitted for conflict with 2.5.5)
|  \- (org.springframework:spring-beans:jar:2.5.6:compile - omitted for conflict with 2.5.5)
+- org.springframework:spring-jdbc:jar:2.5.5:compile
|  +- (org.springframework:spring-beans:jar:2.5.5:compile - omitted for duplicate)
|  +- (org.springframework:spring-context:jar:2.5.5:compile - omitted for duplicate)
|  +- (org.springframework:spring-core:jar:2.5.5:compile - omitted for duplicate)
|  \- (org.springframework:spring-tx:jar:2.5.5:compile - omitted for duplicate)
+- org.springframework.security:spring-security-core:jar:2.0.5.RELEASE:compile
|  +- (org.springframework:spring-core:jar:2.0.8:compile - omitted for conflict with 2.5.5)
|  +- (org.springframework:spring-context:jar:2.0.8:compile - omitted for conflict with 2.5.5)
|  +- (org.springframework:spring-aop:jar:2.0.8:compile - omitted for conflict with 2.5.5)
|  +- org.springframework:spring-support:jar:2.0.8:runtime
|  |  +- (aopalliance:aopalliance:jar:1.0:runtime - omitted for duplicate)
|  |  +- (org.springframework:spring-beans:jar:2.0.8:runtime - omitted for conflict with 2.5.5)
|  |  +- (org.springframework:spring-context:jar:2.0.8:runtime - omitted for conflict with 2.5.5)
|  |  \- (org.springframework:spring-core:jar:2.0.8:runtime - omitted for conflict with 2.5.5)
|  +- (commons-codec:commons-codec:jar:1.3:compile - omitted for duplicate)
|  \- (commons-collections:commons-collections:jar:3.2:compile - omitted for conflict with 2.1.1)
+- org.springframework.security:spring-security-core-tiger:jar:2.0.5.RELEASE:compile
|  \- (org.springframework.security:spring-security-core:jar:2.0.5.RELEASE:compile - omitted for duplicate)
+- org.slf4j:slf4j-api:jar:1.5.6:compile
+- org.slf4j:slf4j-log4j12:jar:1.5.6:compile
|  +- (org.slf4j:slf4j-api:jar:1.5.6:compile - omitted for duplicate)
|  \- (log4j:log4j:jar:1.2.14:compile - omitted for conflict with 1.2.13)
+- commons-logging:commons-logging:jar:1.1.1:provided (scope not updated to compile)
+- org.slf4j:jcl-over-slf4j:jar:1.5.6:compile
+- org.semanticdesktop:rdf2go.api:jar:4.6.2:compile
+- org.semanticdesktop:aperture:jar:1.2.0:compile
+- org.apache.jackrabbit:jackrabbit-api:jar:1.4:compile
+- org.apache.jackrabbit:jackrabbit-classloader:jar:1.4:compile
|  +- (org.apache.jackrabbit:jackrabbit-api:jar:1.4:compile - omitted for duplicate)
|  \- (org.apache.jackrabbit:jackrabbit-jcr-commons:jar:1.4:compile - omitted for conflict with 1.2.2)
+- org.apache.jackrabbit:jackrabbit-core:jar:1.4.13-LINAGORA:compile
+- org.apache.jackrabbit:jackrabbit-jca:jar:1.4:compile
|  +- (org.apache.jackrabbit:jackrabbit-core:jar:1.4:compile - omitted for conflict with 1.4.13-LINAGORA)
|  \- (org.slf4j:slf4j-log4j12:jar:1.3.0:compile - omitted for conflict with 1.5.6)
+- org.apache.jackrabbit:jackrabbit-jcr-commons:jar:1.4:compile
|  +- (commons-collections:commons-collections:jar:3.1:compile - omitted for conflict with 2.1.1)
|  \- (org.slf4j:slf4j-api:jar:1.3.0:compile - omitted for conflict with 1.5.6)
+- org.apache.jackrabbit:jackrabbit-jcr-server:jar:1.4:compile
|  +- (org.apache.jackrabbit:jackrabbit-jcr-commons:jar:1.4:compile - omitted for duplicate)
|  +- org.apache.jackrabbit:jackrabbit-webdav:jar:1.4:compile
|  |  +- (org.apache.jackrabbit:jackrabbit-jcr-commons:jar:1.4:compile - omitted for duplicate)
|  |  +- (org.slf4j:slf4j-api:jar:1.3.0:compile - omitted for conflict with 1.5.6)
|  |  +- (commons-collections:commons-collections:jar:3.1:compile - omitted for conflict with 2.1.1)
|  |  +- (xerces:xercesImpl:jar:2.8.1:compile - omitted for conflict with 2.6.2)
|  |  \- (commons-httpclient:commons-httpclient:jar:3.0:compile - omitted for duplicate)
|  +- (org.slf4j:slf4j-api:jar:1.3.0:compile - omitted for conflict with 1.5.6)
|  \- (xerces:xercesImpl:jar:2.8.1:compile - omitted for conflict with 2.6.2)
+- org.apache.jackrabbit:jackrabbit-ocm:jar:1.4:compile
|  +- commons-digester:commons-digester:jar:1.7:compile
|  |  +- (commons-beanutils:commons-beanutils:jar:1.6:compile - omitted for conflict with 1.7.0)
|  |  +- (commons-collections:commons-collections:jar:2.1:compile - omitted for conflict with 2.1.1)
|  |  \- (xml-apis:xml-apis:jar:1.0.b2:compile - omitted for duplicate)
|  +- (commons-collections:commons-collections:jar:3.1:compile - omitted for conflict with 2.1.1)
|  +- (commons-lang:commons-lang:jar:2.1:compile - omitted for duplicate)
|  +- (org.slf4j:slf4j-api:jar:1.3.0:compile - omitted for conflict with 1.5.6)
|  +- (cglib:cglib:jar:2.1_3:compile - omitted for duplicate)
|  \- commons-beanutils:commons-beanutils:jar:1.7.0:compile
+- org.apache.jackrabbit:jackrabbit-ocm-nodemanagement:jar:1.4:compile
|  +- (org.apache.jackrabbit:jackrabbit-ocm:jar:1.4:compile - omitted for duplicate)
|  +- (org.apache.jackrabbit:jackrabbit-core:jar:1.4:compile - omitted for conflict with 1.4.13-LINAGORA)
|  \- (org.slf4j:slf4j-api:jar:1.3.0:compile - omitted for conflict with 1.5.6)
+- org.apache.jackrabbit:jackrabbit-spi-commons:jar:1.4:compile
|  +- org.apache.jackrabbit:jackrabbit-spi:jar:1.4:compile
|  +- (org.apache.jackrabbit:jackrabbit-jcr-commons:jar:1.4:compile - omitted for duplicate)
|  \- (junit:junit:jar:3.8.1:compile - omitted for conflict with 4.5)
+- javax.jcr:jcr:jar:1.0:compile
+- org.safehaus.jug:jug:jar:asl:2.0.0:compile
+- commons-collections:commons-collections:jar:3.1:compile
+- commons-dbcp:commons-dbcp:jar:1.2.2:compile
|  \- (commons-pool:commons-pool:jar:1.3:compile - omitted for conflict with 1.4)
+- commons-pool:commons-pool:jar:1.4:compile
+- org.apache.lucene:lucene-core:jar:2.2.0:compile
+- org.aspectj:aspectjweaver:jar:1.5.4:compile
+- javax.mail:mail:jar:1.4.1:compile
|  \- javax.activation:activation:jar:1.1:compile
+- quartz:quartz:jar:1.5.2:compile
+- org.linagora.linkit:timeline:jar:0.3:compile
|  +- (org.apache.tapestry:tapestry-core:jar:5.2.6:compile - omitted for duplicate)
|  \- (com.thoughtworks.xstream:xstream:jar:1.3.1:compile - omitted for duplicate)
+- org.linagora.linkit:utils:jar:0.3:compile
|  \- (org.apache.tapestry:tapestry-core:jar:5.2.6:compile - omitted for duplicate)
+- org.linagora.linkit:flexUploadComponent:jar:0.8:compile
|  +- (org.apache.tapestry:tapestry-core:jar:5.2.6:compile - omitted for duplicate)
|  +- (org.apache.tapestry:tapestry-upload:jar:5.2.6:compile - omitted for duplicate)
|  +- org.linagora.linkit:flexRenderer:jar:0.6:compile
|  |  \- (org.apache.tapestry:tapestry-core:jar:5.2.6:compile - omitted for duplicate)
|  \- (org.linagora.linkit:utils:jar:0.2:compile - omitted for conflict with 0.3)
+- com.thoughtworks.xstream:xstream:jar:1.3.1:compile
|  \- xpp3:xpp3_min:jar:1.1.4c:compile
+- com.sun.xml.bind:jaxb-impl:jar:2.1.3:compile
|  \- javax.xml.bind:jaxb-api:jar:2.1:compile
|     +- javax.xml.stream:stax-api:jar:1.0-2:compile
|     \- (javax.activation:activation:jar:1.1:compile - omitted for duplicate)
+- com.sun.xml.messaging.saaj:saaj-impl:jar:1.3:compile
|  \- javax.xml.soap:saaj-api:jar:1.3:compile
|     \- (javax.activation:activation:jar:1.0.2:compile - omitted for conflict with 1.1)
+- xalan:xalan:jar:2.7.0:compile
|  \- xml-apis:xml-apis:jar:1.0.b2:compile
+- net.taldius:libclamav:jar:1.0:compile
|  \- (commons-io:commons-io:jar:1.3.1:compile - omitted for conflict with 1.3)
+- org.linagora:RestMarshaller:jar:1.0-dev-b2:compile
|  \- (com.thoughtworks.xstream:xstream:jar:1.2:compile - omitted for conflict with 1.3.1)
+- javax.annotations:jsr250-api:jar:1.0:compile
+- javax.servlet:servlet-api:jar:2.5:provided (scope not updated to compile)
+- xerces:xercesImpl:jar:2.9.1:compile
|  \- (xml-apis:xml-apis:jar:1.3.04:compile - omitted for conflict with 1.0.b2)
+- junit:junit:jar:4.4:test (scope not updated to compile)
+- org.subethamail:subethasmtp:jar:3.1.6:test
|  +- (javax.mail:mail:jar:1.4.4:test - omitted for conflict with 1.4.1)
|  +- (javax.activation:activation:jar:1.1.1:test - omitted for conflict with 1.1)
|  +- (org.slf4j:slf4j-api:jar:1.5.6:test - omitted for duplicate)
|  \- com.google.code.findbugs:jsr305:jar:1.3.9:test
+- org.seleniumhq.selenium.client-drivers:selenium-java-client-driver:jar:1.0.2:test
+- org.opends:opends-core:jar:2.0:test
|  +- berkeleydb:je:jar:3.2.76:test
|  +- javax.xml.bind:activation:jar:1.0.2:test
|  +- aspectj:aspectjrt:jar:1.5.3:test
|  \- (javax.mail:mail:jar:1.4:test - omitted for conflict with 1.4.1)
+- com.h2database:h2:jar:1.2.126:compile
+- org.apache.jackrabbit:jackrabbit-jcr-tests:jar:1.4:test
|  +- (junit:junit:jar:3.8.1:test - omitted for conflict with 4.4)
|  +- (org.slf4j:slf4j-api:jar:1.3.0:test - omitted for conflict with 1.5.6)
|  \- (concurrent:concurrent:jar:1.3.4:test - omitted for duplicate)
+- org.springframework:spring-test:jar:2.5.5:test
|  \- (junit:junit:jar:3.8.1:test - omitted for conflict with 4.4)
+- org.linagora.jaxbxades:xades:jar:1.0:compile
+- org.linagora.linsign:linsign:jar:1.0:compile
+- linsignconfig:linsignconfig:jar:1.0:compile
+- org.bouncycastle:bctsp-jdk16:jar:1.45:compile
|  +- (org.bouncycastle:bcprov-jdk16:jar:1.45:compile - omitted for duplicate)
|  \- org.bouncycastle:bcmail-jdk16:jar:1.45:compile
|     \- (org.bouncycastle:bcprov-jdk16:jar:1.45:compile - omitted for duplicate)
+- org.bouncycastle:bcprov-jdk16:jar:1.45:compile
+- org.springframework.security:spring-security-cas-client:jar:2.0.5.RELEASE:compile
|  +- (org.springframework.security:spring-security-core:jar:2.0.5.RELEASE:compile - omitted for duplicate)
|  +- org.springframework:spring-dao:jar:2.0.8:compile
|  |  +- (aopalliance:aopalliance:jar:1.0:compile - omitted for duplicate)
|  |  +- (org.springframework:spring-beans:jar:2.0.8:compile - omitted for conflict with 2.5.5)
|  |  +- (org.springframework:spring-context:jar:2.0.8:compile - omitted for conflict with 2.5.5)
|  |  \- (org.springframework:spring-core:jar:2.0.8:compile - omitted for conflict with 2.5.5)
|  \- org.jasig.cas:cas-client-core:jar:3.1.5:compile
+- rhino:js:jar:1.7R2:compile
+- com.unboundid:unboundid-ldapsdk:jar:1.1.4:compile
+- org.owasp:antisamy:jar:1.4:compile
|  +- (xerces:xercesImpl:jar:2.8.1:compile - omitted for conflict with 2.9.1)
|  +- org.apache.xmlgraphics:batik-css:jar:1.7:compile
|  |  +- org.apache.xmlgraphics:batik-ext:jar:1.7:compile
|  |  |  \- (xml-apis:xml-apis:jar:1.3.04:compile - omitted for conflict with 1.0.b2)
|  |  +- org.apache.xmlgraphics:batik-util:jar:1.7:compile
|  |  +- (xml-apis:xml-apis:jar:1.3.04:compile - omitted for conflict with 1.0.b2)
|  |  \- xml-apis:xml-apis-ext:jar:1.3.04:compile
|  +- net.sourceforge.nekohtml:nekohtml:jar:1.9.12:compile
|  |  \- (xerces:xercesImpl:jar:2.8.1:compile - omitted for conflict with 2.9.1)
|  \- (commons-httpclient:commons-httpclient:jar:3.1:compile - omitted for conflict with 3.0)
+- postgresql:postgresql:jar:9.1-901.jdbc4:compile
\- mysql:mysql-connector-java:jar:5.1.12:compile

