WARNING: Your kernel does not support swap limit capabilities or the cgroup is not mounted. Memory limited without swap.
lithium.openstud.driver:openstud-driver:jar:0.60.0
+- com.github.LithiumSR:Kapitalize:jar:1.6.0:compile
|  \- org.jetbrains.kotlin:kotlin-stdlib-jdk8:jar:1.3.21:runtime
|     +- (org.jetbrains.kotlin:kotlin-stdlib:jar:1.3.21:compile - scope updated from runtime; omitted for duplicate)
|     \- org.jetbrains.kotlin:kotlin-stdlib-jdk7:jar:1.3.21:runtime
|        \- (org.jetbrains.kotlin:kotlin-stdlib:jar:1.3.21:runtime - omitted for duplicate)
+- com.squareup.okhttp3:okhttp:jar:4.7.2:compile
|  +- com.squareup.okio:okio:jar:2.6.0:compile
|  |  +- (org.jetbrains.kotlin:kotlin-stdlib:jar:1.3.21:compile - omitted for conflict with 1.3.71)
|  |  \- org.jetbrains.kotlin:kotlin-stdlib-common:jar:1.3.70:compile
|  \- org.jetbrains.kotlin:kotlin-stdlib:jar:1.3.71:compile
|     +- (org.jetbrains.kotlin:kotlin-stdlib-common:jar:1.3.71:compile - omitted for conflict with 1.3.70)
|     \- org.jetbrains:annotations:jar:13.0:compile
+- org.apache.httpcomponents:httpclient:jar:4.5.12:compile
|  +- org.apache.httpcomponents:httpcore:jar:4.4.13:compile
|  +- commons-logging:commons-logging:jar:1.2:compile
|  \- commons-codec:commons-codec:jar:1.11:compile
+- org.threeten:threetenbp:jar:1.4.4:compile
+- org.apache.httpcomponents:httpasyncclient:jar:4.1.4:compile
|  +- (org.apache.httpcomponents:httpcore:jar:4.4.10:compile - omitted for conflict with 4.4.13)
|  +- org.apache.httpcomponents:httpcore-nio:jar:4.4.10:compile
|  |  \- (org.apache.httpcomponents:httpcore:jar:4.4.10:compile - omitted for conflict with 4.4.13)
|  +- (org.apache.httpcomponents:httpclient:jar:4.5.6:compile - omitted for conflict with 4.5.12)
|  \- (commons-logging:commons-logging:jar:1.2:compile - omitted for duplicate)
+- org.apache.httpcomponents:httpmime:jar:4.5.12:compile
|  \- (org.apache.httpcomponents:httpclient:jar:4.5.12:compile - omitted for duplicate)
+- org.json:json:jar:20200518:compile
+- junit:junit:jar:4.13:test
|  \- org.hamcrest:hamcrest-core:jar:1.3:test
+- commons-io:commons-io:jar:2.7:compile
+- org.apache.commons:commons-lang3:jar:3.10:compile
+- org.jsoup:jsoup:jar:1.13.1:compile
\- commons-validator:commons-validator:jar:1.6:compile
   +- commons-beanutils:commons-beanutils:jar:1.9.2:compile
   |  +- (commons-logging:commons-logging:jar:1.1.1:compile - omitted for conflict with 1.2)
   |  \- (commons-collections:commons-collections:jar:3.2.1:compile - omitted for conflict with 3.2.2)
   +- commons-digester:commons-digester:jar:1.8.1:compile
   +- (commons-logging:commons-logging:jar:1.2:compile - omitted for duplicate)
   \- commons-collections:commons-collections:jar:3.2.2:compile

