WARNING: Your kernel does not support swap limit capabilities or the cgroup is not mounted. Memory limited without swap.
lithium.openstud.driver:openstud-driver:jar:0.14
+- com.squareup.okhttp3:okhttp:jar:3.11.0:compile
|  \- com.squareup.okio:okio:jar:1.14.0:compile
+- org.apache.httpcomponents:httpclient:jar:4.5.5:compile
|  +- org.apache.httpcomponents:httpcore:jar:4.4.9:compile
|  +- commons-logging:commons-logging:jar:1.2:compile
|  \- commons-codec:commons-codec:jar:1.10:compile
+- org.threeten:threetenbp:jar:1.3.7:compile
+- org.apache.httpcomponents:httpasyncclient:jar:4.1.3:compile
|  +- (org.apache.httpcomponents:httpcore:jar:4.4.6:compile - omitted for conflict with 4.4.9)
|  +- org.apache.httpcomponents:httpcore-nio:jar:4.4.6:compile
|  |  \- (org.apache.httpcomponents:httpcore:jar:4.4.6:compile - omitted for conflict with 4.4.9)
|  +- (org.apache.httpcomponents:httpclient:jar:4.5.3:compile - omitted for conflict with 4.5.5)
|  \- (commons-logging:commons-logging:jar:1.2:compile - omitted for duplicate)
+- org.apache.httpcomponents:httpmime:jar:4.5.5:compile
|  \- (org.apache.httpcomponents:httpclient:jar:4.5.5:compile - omitted for duplicate)
+- org.json:json:jar:20180130:compile
+- junit:junit:jar:4.12:test
|  \- org.hamcrest:hamcrest-core:jar:1.3:test
+- commons-io:commons-io:jar:2.6:compile
\- org.apache.commons:commons-lang3:jar:3.7:compile

