WARNING: Your kernel does not support swap limit capabilities or the cgroup is not mounted. Memory limited without swap.
com.github.liuanxin:api-document:jar:0.7.0
+- org.projectlombok:lombok:jar:1.18.10:compile
+- com.fasterxml.jackson.core:jackson-databind:jar:2.10.1:compile
|  +- com.fasterxml.jackson.core:jackson-annotations:jar:2.10.1:compile
|  \- com.fasterxml.jackson.core:jackson-core:jar:2.10.1:compile
+- org.slf4j:slf4j-api:jar:1.7.30:compile
+- org.springframework:spring-webmvc:jar:5.3.0:provided
|  +- org.springframework:spring-aop:jar:5.3.0:provided
|  |  +- (org.springframework:spring-beans:jar:5.3.0:provided - omitted for duplicate)
|  |  \- (org.springframework:spring-core:jar:5.3.0:provided - omitted for duplicate)
|  +- org.springframework:spring-beans:jar:5.3.0:provided
|  |  \- (org.springframework:spring-core:jar:5.3.0:provided - omitted for duplicate)
|  +- org.springframework:spring-context:jar:5.3.0:provided
|  |  +- (org.springframework:spring-aop:jar:5.3.0:provided - omitted for duplicate)
|  |  +- (org.springframework:spring-beans:jar:5.3.0:provided - omitted for duplicate)
|  |  +- (org.springframework:spring-core:jar:5.3.0:provided - omitted for duplicate)
|  |  \- (org.springframework:spring-expression:jar:5.3.0:provided - omitted for duplicate)
|  +- org.springframework:spring-core:jar:5.3.0:provided
|  |  \- org.springframework:spring-jcl:jar:5.3.0:provided
|  +- org.springframework:spring-expression:jar:5.3.0:provided
|  |  \- (org.springframework:spring-core:jar:5.3.0:provided - omitted for duplicate)
|  \- org.springframework:spring-web:jar:5.3.0:provided
|     +- (org.springframework:spring-beans:jar:5.3.0:provided - omitted for duplicate)
|     \- (org.springframework:spring-core:jar:5.3.0:provided - omitted for duplicate)
\- javax.servlet:servlet-api:jar:2.5:provided

