WARNING: Your kernel does not support swap limit capabilities or the cgroup is not mounted. Memory limited without swap.
com.github.liuanxin:api-document:jar:0.5.4
+- org.projectlombok:lombok:jar:1.18.4:compile
+- com.fasterxml.jackson.core:jackson-databind:jar:2.9.9:compile
|  +- com.fasterxml.jackson.core:jackson-annotations:jar:2.9.0:compile
|  \- com.fasterxml.jackson.core:jackson-core:jar:2.9.9:compile
+- org.slf4j:slf4j-api:jar:1.7.25:compile
\- org.springframework:spring-webmvc:jar:4.3.12.RELEASE:provided
   +- org.springframework:spring-aop:jar:4.3.12.RELEASE:provided
   |  +- (org.springframework:spring-beans:jar:4.3.12.RELEASE:provided - omitted for duplicate)
   |  \- (org.springframework:spring-core:jar:4.3.12.RELEASE:provided - omitted for duplicate)
   +- org.springframework:spring-beans:jar:4.3.12.RELEASE:provided
   |  \- (org.springframework:spring-core:jar:4.3.12.RELEASE:provided - omitted for duplicate)
   +- org.springframework:spring-context:jar:4.3.12.RELEASE:provided
   |  +- (org.springframework:spring-aop:jar:4.3.12.RELEASE:provided - omitted for duplicate)
   |  +- (org.springframework:spring-beans:jar:4.3.12.RELEASE:provided - omitted for duplicate)
   |  +- (org.springframework:spring-core:jar:4.3.12.RELEASE:provided - omitted for duplicate)
   |  \- (org.springframework:spring-expression:jar:4.3.12.RELEASE:provided - omitted for duplicate)
   +- org.springframework:spring-core:jar:4.3.12.RELEASE:provided
   |  \- commons-logging:commons-logging:jar:1.2:provided
   +- org.springframework:spring-expression:jar:4.3.12.RELEASE:provided
   |  \- (org.springframework:spring-core:jar:4.3.12.RELEASE:provided - omitted for duplicate)
   \- org.springframework:spring-web:jar:4.3.12.RELEASE:provided
      +- (org.springframework:spring-aop:jar:4.3.12.RELEASE:provided - omitted for duplicate)
      +- (org.springframework:spring-beans:jar:4.3.12.RELEASE:provided - omitted for duplicate)
      +- (org.springframework:spring-context:jar:4.3.12.RELEASE:provided - omitted for duplicate)
      \- (org.springframework:spring-core:jar:4.3.12.RELEASE:provided - omitted for duplicate)

