WARNING: Your kernel does not support swap limit capabilities or the cgroup is not mounted. Memory limited without swap.
com.github.liuanxin:api-document:jar:0.3.1
+- org.projectlombok:lombok:jar:1.16.18:compile
+- com.fasterxml.jackson.core:jackson-databind:jar:2.8.10:provided
|  +- com.fasterxml.jackson.core:jackson-annotations:jar:2.8.0:provided
|  \- com.fasterxml.jackson.core:jackson-core:jar:2.8.10:provided
+- org.slf4j:slf4j-api:jar:1.7.25:provided
+- org.springframework:spring-webmvc:jar:4.3.12.RELEASE:provided
|  +- org.springframework:spring-aop:jar:4.3.12.RELEASE:provided
|  |  +- (org.springframework:spring-beans:jar:4.3.12.RELEASE:provided - omitted for duplicate)
|  |  \- (org.springframework:spring-core:jar:4.3.12.RELEASE:provided - omitted for duplicate)
|  +- org.springframework:spring-beans:jar:4.3.12.RELEASE:provided
|  |  \- (org.springframework:spring-core:jar:4.3.12.RELEASE:provided - omitted for duplicate)
|  +- org.springframework:spring-context:jar:4.3.12.RELEASE:provided
|  |  +- (org.springframework:spring-aop:jar:4.3.12.RELEASE:provided - omitted for duplicate)
|  |  +- (org.springframework:spring-beans:jar:4.3.12.RELEASE:provided - omitted for duplicate)
|  |  +- (org.springframework:spring-core:jar:4.3.12.RELEASE:provided - omitted for duplicate)
|  |  \- (org.springframework:spring-expression:jar:4.3.12.RELEASE:provided - omitted for duplicate)
|  +- org.springframework:spring-core:jar:4.3.12.RELEASE:provided
|  |  \- commons-logging:commons-logging:jar:1.2:provided
|  +- org.springframework:spring-expression:jar:4.3.12.RELEASE:provided
|  |  \- (org.springframework:spring-core:jar:4.3.12.RELEASE:provided - omitted for duplicate)
|  \- org.springframework:spring-web:jar:4.3.12.RELEASE:provided
|     +- (org.springframework:spring-aop:jar:4.3.12.RELEASE:provided - omitted for duplicate)
|     +- (org.springframework:spring-beans:jar:4.3.12.RELEASE:provided - omitted for duplicate)
|     +- (org.springframework:spring-context:jar:4.3.12.RELEASE:provided - omitted for duplicate)
|     \- (org.springframework:spring-core:jar:4.3.12.RELEASE:provided - omitted for duplicate)
+- org.springframework.boot:spring-boot-autoconfigure:jar:2.0.4.RELEASE:provided
|  \- org.springframework.boot:spring-boot:jar:2.0.4.RELEASE:provided
|     +- (org.springframework:spring-core:jar:5.0.8.RELEASE:provided - omitted for conflict with 4.3.12.RELEASE)
|     \- (org.springframework:spring-context:jar:5.0.8.RELEASE:provided - omitted for conflict with 4.3.12.RELEASE)
\- javax.servlet:servlet-api:jar:2.5:provided

