WARNING: Your kernel does not support swap limit capabilities or the cgroup is not mounted. Memory limited without swap.
com.github.liuanxin:api-info:jar:1.0.0
+- org.springframework.boot:spring-boot-starter-web:jar:1.5.8.RELEASE:provided
|  +- org.springframework.boot:spring-boot-starter:jar:1.5.8.RELEASE:provided
|  |  +- org.springframework.boot:spring-boot:jar:1.5.8.RELEASE:provided
|  |  |  +- (org.springframework:spring-core:jar:4.3.12.RELEASE:provided - omitted for duplicate)
|  |  |  \- (org.springframework:spring-context:jar:4.3.12.RELEASE:provided - omitted for duplicate)
|  |  +- org.springframework.boot:spring-boot-autoconfigure:jar:1.5.8.RELEASE:provided
|  |  |  \- (org.springframework.boot:spring-boot:jar:1.5.8.RELEASE:provided - omitted for duplicate)
|  |  +- org.springframework.boot:spring-boot-starter-logging:jar:1.5.8.RELEASE:provided
|  |  |  +- ch.qos.logback:logback-classic:jar:1.1.11:provided
|  |  |  |  +- ch.qos.logback:logback-core:jar:1.1.11:provided
|  |  |  |  \- org.slf4j:slf4j-api:jar:1.7.22:provided
|  |  |  +- org.slf4j:jcl-over-slf4j:jar:1.7.25:provided
|  |  |  |  \- (org.slf4j:slf4j-api:jar:1.7.25:provided - omitted for conflict with 1.7.22)
|  |  |  +- org.slf4j:jul-to-slf4j:jar:1.7.25:provided
|  |  |  |  \- (org.slf4j:slf4j-api:jar:1.7.25:provided - omitted for conflict with 1.7.22)
|  |  |  \- org.slf4j:log4j-over-slf4j:jar:1.7.25:provided
|  |  |     \- (org.slf4j:slf4j-api:jar:1.7.25:provided - omitted for conflict with 1.7.22)
|  |  +- org.springframework:spring-core:jar:4.3.12.RELEASE:provided
|  |  \- org.yaml:snakeyaml:jar:1.17:provided
|  +- org.springframework.boot:spring-boot-starter-tomcat:jar:1.5.8.RELEASE:provided
|  |  +- org.apache.tomcat.embed:tomcat-embed-core:jar:8.5.23:provided
|  |  |  \- org.apache.tomcat:tomcat-annotations-api:jar:8.5.23:provided
|  |  +- org.apache.tomcat.embed:tomcat-embed-el:jar:8.5.23:provided
|  |  \- org.apache.tomcat.embed:tomcat-embed-websocket:jar:8.5.23:provided
|  |     \- (org.apache.tomcat.embed:tomcat-embed-core:jar:8.5.23:provided - omitted for duplicate)
|  +- org.hibernate:hibernate-validator:jar:5.3.5.Final:provided
|  |  +- javax.validation:validation-api:jar:1.1.0.Final:provided
|  |  +- org.jboss.logging:jboss-logging:jar:3.3.0.Final:provided
|  |  \- com.fasterxml:classmate:jar:1.3.1:provided
|  +- (com.fasterxml.jackson.core:jackson-databind:jar:2.8.10:provided - omitted for duplicate)
|  +- org.springframework:spring-web:jar:4.3.12.RELEASE:provided
|  |  +- org.springframework:spring-aop:jar:4.3.12.RELEASE:provided
|  |  |  +- (org.springframework:spring-beans:jar:4.3.12.RELEASE:provided - omitted for duplicate)
|  |  |  \- (org.springframework:spring-core:jar:4.3.12.RELEASE:provided - omitted for duplicate)
|  |  +- org.springframework:spring-beans:jar:4.3.12.RELEASE:provided
|  |  |  \- (org.springframework:spring-core:jar:4.3.12.RELEASE:provided - omitted for duplicate)
|  |  +- org.springframework:spring-context:jar:4.3.12.RELEASE:provided
|  |  |  +- (org.springframework:spring-aop:jar:4.3.12.RELEASE:provided - omitted for duplicate)
|  |  |  +- (org.springframework:spring-beans:jar:4.3.12.RELEASE:provided - omitted for duplicate)
|  |  |  +- (org.springframework:spring-core:jar:4.3.12.RELEASE:provided - omitted for duplicate)
|  |  |  \- (org.springframework:spring-expression:jar:4.3.12.RELEASE:provided - omitted for duplicate)
|  |  \- (org.springframework:spring-core:jar:4.3.12.RELEASE:provided - omitted for duplicate)
|  \- org.springframework:spring-webmvc:jar:4.3.12.RELEASE:provided
|     +- (org.springframework:spring-aop:jar:4.3.12.RELEASE:provided - omitted for duplicate)
|     +- (org.springframework:spring-beans:jar:4.3.12.RELEASE:provided - omitted for duplicate)
|     +- (org.springframework:spring-context:jar:4.3.12.RELEASE:provided - omitted for duplicate)
|     +- (org.springframework:spring-core:jar:4.3.12.RELEASE:provided - omitted for duplicate)
|     +- org.springframework:spring-expression:jar:4.3.12.RELEASE:provided
|     |  \- (org.springframework:spring-core:jar:4.3.12.RELEASE:provided - omitted for duplicate)
|     \- (org.springframework:spring-web:jar:4.3.12.RELEASE:provided - omitted for duplicate)
+- com.fasterxml.jackson.core:jackson-databind:jar:2.8.10:provided
|  +- com.fasterxml.jackson.core:jackson-annotations:jar:2.8.0:provided
|  \- com.fasterxml.jackson.core:jackson-core:jar:2.8.10:provided
\- org.projectlombok:lombok:jar:1.16.18:provided

