WARNING: Your kernel does not support swap limit capabilities or the cgroup is not mounted. Memory limited without swap.
fr.paris.lutece:lutece-core:lutece-core:2.1.0rc1
+- javax.activation:activation:jar:1.1:compile
+- commons-beanutils:commons-beanutils:jar:1.7.0:compile
|  \- commons-logging:commons-logging:jar:1.0.3:compile
+- commons-digester:commons-digester:jar:1.8:compile
|  +- (commons-beanutils:commons-beanutils:jar:1.7.0:compile - omitted for duplicate)
|  \- (commons-logging:commons-logging:jar:1.1:compile - omitted for conflict with 1.0.3)
+- commons-fileupload:commons-fileupload:jar:1.1.1:compile
|  \- (commons-io:commons-io:jar:1.1:compile - omitted for conflict with 1.3.1)
+- commons-httpclient:commons-httpclient:jar:3.0.1:compile
|  +- (junit:junit:jar:3.8.1:compile - omitted for conflict with 4.3.1)
|  +- (commons-logging:commons-logging:jar:1.0.3:compile - omitted for duplicate)
|  \- commons-codec:commons-codec:jar:1.2:compile
+- commons-io:commons-io:jar:1.3.1:compile
+- commons-lang:commons-lang:jar:2.3:compile
+- net.sf.ehcache:ehcache:jar:1.3.0:compile
|  +- net.sf.jsr107cache:jsr107cache:jar:1.0:compile
|  +- backport-util-concurrent:backport-util-concurrent:jar:3.0:compile
|  \- (commons-logging:commons-logging:jar:1.0.4:compile - omitted for conflict with 1.0.3)
+- org.freemarker:freemarker:jar:2.3.10:compile
+- jtidy:jtidy:jar:8.0:compile
+- junit:junit:jar:4.3.1:test (scope not updated to compile)
+- log4j:log4j:jar:1.2.14:compile
+- org.apache.lucene:lucene-analyzers:jar:2.2.0:compile
|  \- (org.apache.lucene:lucene-core:jar:2.2.0:compile - omitted for duplicate)
+- org.apache.lucene:lucene-core:jar:2.2.0:compile
+- org.apache.lucene:lucene-demos:jar:2.2.0:compile
|  \- (org.apache.lucene:lucene-core:jar:2.2.0:compile - omitted for duplicate)
+- org.apache.lucene:lucene-misc:jar:2.2.0:compile
|  \- (org.apache.lucene:lucene-core:jar:2.2.0:compile - omitted for duplicate)
+- javax.mail:mail:jar:1.4:compile
|  \- (javax.activation:activation:jar:1.1:compile - omitted for duplicate)
+- mysql:mysql-connector-java:jar:5.0.5:compile
+- org.springframework:spring-aop:jar:2.0.5:compile
|  +- aopalliance:aopalliance:jar:1.0:compile
|  +- (commons-logging:commons-logging:jar:1.1:compile - omitted for conflict with 1.0.3)
|  +- (org.springframework:spring-beans:jar:2.0.5:compile - omitted for duplicate)
|  \- (org.springframework:spring-core:jar:2.0.5:compile - omitted for duplicate)
+- org.springframework:spring-beans:jar:2.0.5:compile
|  +- (commons-logging:commons-logging:jar:1.1:compile - omitted for conflict with 1.0.3)
|  \- (org.springframework:spring-core:jar:2.0.5:compile - omitted for duplicate)
+- org.springframework:spring-context:jar:2.0.5:compile
|  +- (aopalliance:aopalliance:jar:1.0:compile - omitted for duplicate)
|  +- (commons-logging:commons-logging:jar:1.1:compile - omitted for conflict with 1.0.3)
|  +- (org.springframework:spring-beans:jar:2.0.5:compile - omitted for duplicate)
|  \- (org.springframework:spring-core:jar:2.0.5:compile - omitted for duplicate)
+- org.springframework:spring-core:jar:2.0.5:compile
|  \- (commons-logging:commons-logging:jar:1.1:compile - omitted for conflict with 1.0.3)
+- opensymphony:quartz:jar:1.6.0:compile
+- javax.servlet:servlet-api:jar:2.4:provided
\- javax.servlet:jsp-api:jar:2.0:provided
   \- (javax.servlet:servlet-api:jar:2.4:provided - omitted for duplicate)

