WARNING: Your kernel does not support swap limit capabilities or the cgroup is not mounted. Memory limited without swap.
fr.paris.lutece:lutece-core:lutece-core:6.1.0
+- javax.activation:activation:jar:1.1:compile
+- com.mchange:c3p0:jar:0.9.5.2:compile
|  \- com.mchange:mchange-commons-java:jar:0.2.11:compile
+- commons-beanutils:commons-beanutils:jar:1.9.3:compile
|  +- (commons-logging:commons-logging:jar:1.2:compile - omitted for duplicate)
|  \- commons-collections:commons-collections:jar:3.2.2:compile
+- commons-digester:commons-digester:jar:1.8.1:compile
|  +- (commons-beanutils:commons-beanutils:jar:1.8.0:compile - omitted for conflict with 1.9.3)
|  \- (commons-logging:commons-logging:jar:1.1.1:compile - omitted for conflict with 1.2)
+- org.apache.commons:commons-digester3:jar:3.2:compile
|  +- cglib:cglib:jar:2.2.2:compile
|  |  \- asm:asm:jar:3.3.1:compile
|  +- (commons-beanutils:commons-beanutils:jar:1.8.3:compile - omitted for conflict with 1.9.3)
|  \- (commons-logging:commons-logging:jar:1.1.1:compile - omitted for conflict with 1.2)
+- commons-fileupload:commons-fileupload:jar:1.3.2:compile
|  \- (commons-io:commons-io:jar:2.2:compile - omitted for conflict with 2.5)
+- commons-httpclient:commons-httpclient:jar:3.1:compile
|  +- (commons-logging:commons-logging:jar:1.0.4:compile - omitted for conflict with 1.2)
|  \- commons-codec:commons-codec:jar:1.2:compile
+- commons-io:commons-io:jar:2.5:compile
+- commons-lang:commons-lang:jar:2.6:compile
+- org.apache.commons:commons-lang3:jar:3.4:compile
+- org.apache.commons:commons-dbcp2:jar:2.1.1:compile
|  +- org.apache.commons:commons-pool2:jar:2.4.2:compile
|  \- (commons-logging:commons-logging:jar:1.2:compile - omitted for duplicate)
+- net.sf.ehcache:ehcache:jar:2.10.3:compile
|  \- (org.slf4j:slf4j-api:jar:1.7.7:compile - omitted for conflict with 1.7.21)
+- net.sf.ehcache:ehcache-web:jar:2.0.4:compile
+- org.slf4j:slf4j-api:jar:1.7.21:compile
+- org.slf4j:slf4j-log4j12:jar:1.7.21:compile
|  +- (org.slf4j:slf4j-api:jar:1.7.21:compile - omitted for duplicate)
|  \- (log4j:log4j:jar:1.2.17:compile - omitted for duplicate)
+- log4j:log4j:jar:1.2.17:compile
+- commons-logging:commons-logging:jar:1.2:compile
+- jtidy:jtidy:jar:8.0:compile
+- org.jsoup:jsoup:jar:1.10.1:compile
+- com.sun.mail:javax.mail:jar:1.5.2:compile
|  \- (javax.activation:activation:jar:1.1:compile - omitted for duplicate)
+- mysql:mysql-connector-java:jar:5.1.40:compile
+- org.springframework:spring-aop:jar:4.3.3.RELEASE:compile
|  +- (org.springframework:spring-beans:jar:4.3.3.RELEASE:compile - omitted for duplicate)
|  \- (org.springframework:spring-core:jar:4.3.3.RELEASE:compile - omitted for duplicate)
+- org.springframework:spring-beans:jar:4.3.3.RELEASE:compile
|  \- (org.springframework:spring-core:jar:4.3.3.RELEASE:compile - omitted for duplicate)
+- org.springframework:spring-context:jar:4.3.3.RELEASE:compile
|  +- (org.springframework:spring-aop:jar:4.3.3.RELEASE:compile - omitted for duplicate)
|  +- (org.springframework:spring-beans:jar:4.3.3.RELEASE:compile - omitted for duplicate)
|  +- (org.springframework:spring-core:jar:4.3.3.RELEASE:compile - omitted for duplicate)
|  \- org.springframework:spring-expression:jar:4.3.3.RELEASE:compile
|     \- (org.springframework:spring-core:jar:4.3.3.RELEASE:compile - omitted for duplicate)
+- org.springframework:spring-core:jar:4.3.3.RELEASE:compile
|  \- (commons-logging:commons-logging:jar:1.2:compile - omitted for duplicate)
+- org.springframework:spring-orm:jar:4.3.3.RELEASE:compile
|  +- (org.springframework:spring-beans:jar:4.3.3.RELEASE:compile - omitted for duplicate)
|  +- (org.springframework:spring-core:jar:4.3.3.RELEASE:compile - omitted for duplicate)
|  +- org.springframework:spring-jdbc:jar:4.3.3.RELEASE:compile
|  |  +- (org.springframework:spring-beans:jar:4.3.3.RELEASE:compile - omitted for duplicate)
|  |  +- (org.springframework:spring-core:jar:4.3.3.RELEASE:compile - omitted for duplicate)
|  |  \- (org.springframework:spring-tx:jar:4.3.3.RELEASE:compile - omitted for duplicate)
|  \- (org.springframework:spring-tx:jar:4.3.3.RELEASE:compile - omitted for duplicate)
+- org.springframework:spring-tx:jar:4.3.3.RELEASE:compile
|  +- (org.springframework:spring-beans:jar:4.3.3.RELEASE:compile - omitted for duplicate)
|  \- (org.springframework:spring-core:jar:4.3.3.RELEASE:compile - omitted for duplicate)
+- org.springframework:spring-web:jar:4.3.3.RELEASE:compile
|  +- (org.springframework:spring-aop:jar:4.3.3.RELEASE:compile - omitted for duplicate)
|  +- (org.springframework:spring-beans:jar:4.3.3.RELEASE:compile - omitted for duplicate)
|  +- (org.springframework:spring-context:jar:4.3.3.RELEASE:compile - omitted for duplicate)
|  \- (org.springframework:spring-core:jar:4.3.3.RELEASE:compile - omitted for duplicate)
+- org.springframework:spring-test:jar:4.3.3.RELEASE:test
|  \- (org.springframework:spring-core:jar:4.3.3.RELEASE:test - omitted for duplicate)
+- org.quartz-scheduler:quartz:jar:2.2.3:compile
|  \- (org.slf4j:slf4j-api:jar:1.7.7:compile - omitted for conflict with 1.7.21)
+- fr.paris.lutece.plugins:library-lucene:lutece-plugin:3.0.1:compile
|  +- (log4j:log4j:jar:1.2.13:compile - omitted for conflict with 1.2.17)
|  +- org.apache.lucene:lucene-core:jar:6.5.1:compile
|  +- org.apache.lucene:lucene-highlighter:jar:6.5.1:compile
|  |  +- (org.apache.lucene:lucene-analyzers-common:jar:6.5.1:compile - omitted for duplicate)
|  |  +- (org.apache.lucene:lucene-core:jar:6.5.1:compile - omitted for duplicate)
|  |  +- org.apache.lucene:lucene-join:jar:6.5.1:compile
|  |  +- (org.apache.lucene:lucene-memory:jar:6.5.1:compile - omitted for duplicate)
|  |  \- (org.apache.lucene:lucene-queries:jar:6.5.1:compile - omitted for duplicate)
|  +- org.apache.lucene:lucene-queries:jar:6.5.1:compile
|  |  \- (org.apache.lucene:lucene-core:jar:6.5.1:compile - omitted for duplicate)
|  +- org.apache.lucene:lucene-memory:jar:6.5.1:compile
|  |  \- (org.apache.lucene:lucene-core:jar:6.5.1:compile - omitted for duplicate)
|  +- org.apache.lucene:lucene-misc:jar:6.5.1:compile
|  |  \- (org.apache.lucene:lucene-core:jar:6.5.1:compile - omitted for duplicate)
|  +- org.apache.lucene:lucene-queryparser:jar:6.5.1:compile
|  |  +- (org.apache.lucene:lucene-core:jar:6.5.1:compile - omitted for duplicate)
|  |  +- (org.apache.lucene:lucene-queries:jar:6.5.1:compile - omitted for duplicate)
|  |  \- org.apache.lucene:lucene-sandbox:jar:6.5.1:compile
|  +- org.apache.lucene:lucene-suggest:jar:6.5.1:compile
|  |  +- (org.apache.lucene:lucene-analyzers-common:jar:6.5.1:compile - omitted for duplicate)
|  |  +- (org.apache.lucene:lucene-core:jar:6.5.1:compile - omitted for duplicate)
|  |  \- (org.apache.lucene:lucene-queries:jar:6.5.1:compile - omitted for duplicate)
|  +- org.apache.lucene:lucene-analyzers-common:jar:6.5.1:compile
|  |  \- (org.apache.lucene:lucene-core:jar:6.5.1:compile - omitted for duplicate)
|  +- org.apache.pdfbox:pdfbox:jar:1.8.4:compile
|  |  +- org.apache.pdfbox:fontbox:jar:1.8.4:compile
|  |  |  \- (commons-logging:commons-logging:jar:1.1.1:compile - omitted for conflict with 1.2)
|  |  +- org.apache.pdfbox:jempbox:jar:1.8.4:compile
|  |  \- (commons-logging:commons-logging:jar:1.1.1:compile - omitted for conflict with 1.2)
|  +- org.apache.tika:tika-core:jar:1.13:compile
|  \- org.apache.tika:tika-parsers:jar:1.13:compile
|     +- (org.apache.tika:tika-core:jar:1.13:compile - omitted for duplicate)
|     +- org.apache.james:apache-mime4j-core:jar:0.7.2:compile
|     +- org.apache.james:apache-mime4j-dom:jar:0.7.2:compile
|     |  \- (org.apache.james:apache-mime4j-core:jar:0.7.2:compile - omitted for duplicate)
|     +- org.apache.commons:commons-compress:jar:1.11:compile
|     +- org.tukaani:xz:jar:1.5:compile
|     +- (commons-codec:commons-codec:jar:1.10:compile - omitted for conflict with 1.2)
|     +- (org.apache.pdfbox:pdfbox:jar:2.0.1:compile - omitted for conflict with 1.8.4)
|     +- org.apache.pdfbox:pdfbox-tools:jar:2.0.1:compile
|     |  \- org.apache.pdfbox:pdfbox-debugger:jar:2.0.1:compile
|     |     \- (org.apache.pdfbox:pdfbox:jar:2.0.1:compile - omitted for conflict with 1.8.4)
|     +- (org.apache.pdfbox:jempbox:jar:1.8.12:compile - omitted for conflict with 1.8.4)
|     +- org.bouncycastle:bcmail-jdk15on:jar:1.54:compile
|     |  +- (org.bouncycastle:bcprov-jdk15on:jar:1.54:compile - omitted for duplicate)
|     |  \- org.bouncycastle:bcpkix-jdk15on:jar:1.54:compile
|     |     \- (org.bouncycastle:bcprov-jdk15on:jar:1.54:compile - omitted for duplicate)
|     +- org.bouncycastle:bcprov-jdk15on:jar:1.54:compile
|     +- org.apache.poi:poi:jar:3.15-beta1:compile
|     |  \- (commons-codec:commons-codec:jar:1.10:compile - omitted for conflict with 1.2)
|     +- org.apache.poi:poi-scratchpad:jar:3.15-beta1:compile
|     |  \- (org.apache.poi:poi:jar:3.15-beta1:compile - omitted for duplicate)
|     +- org.apache.poi:poi-ooxml:jar:3.15-beta1:compile
|     |  +- (org.apache.poi:poi:jar:3.15-beta1:compile - omitted for duplicate)
|     |  +- org.apache.poi:poi-ooxml-schemas:jar:3.15-beta1:compile
|     |  |  \- org.apache.xmlbeans:xmlbeans:jar:2.6.0:compile
|     |  \- com.github.virtuald:curvesapi:jar:1.03:compile
|     +- org.ccil.cowan.tagsoup:tagsoup:jar:1.2.1:compile
|     +- de.l3s.boilerpipe:boilerpipe:jar:1.1.0:compile
|     +- com.rometools:rome:jar:1.5.1:compile
|     |  +- com.rometools:rome-utils:jar:1.5.1:compile
|     |  \- (org.slf4j:slf4j-api:jar:1.7.7:compile - omitted for conflict with 1.7.21)
|     +- com.googlecode.juniversalchardet:juniversalchardet:jar:1.0.3:compile
|     +- org.codelibs:jhighlight:jar:1.0.2:compile
|     +- com.github.junrar:junrar:jar:0.7:compile
|     |  \- org.apache.commons:commons-vfs2:jar:2.0:compile
|     |     +- (commons-logging:commons-logging:jar:1.1.1:compile - omitted for conflict with 1.2)
|     |     +- org.apache.maven.scm:maven-scm-api:jar:1.4:compile
|     |     |  \- org.codehaus.plexus:plexus-utils:jar:1.5.6:compile
|     |     \- org.apache.maven.scm:maven-scm-provider-svnexe:jar:1.4:compile
|     |        +- org.apache.maven.scm:maven-scm-provider-svn-commons:jar:1.4:compile
|     |        |  +- (org.apache.maven.scm:maven-scm-api:jar:1.4:compile - omitted for duplicate)
|     |        |  \- (org.codehaus.plexus:plexus-utils:jar:1.5.6:compile - omitted for duplicate)
|     |        +- regexp:regexp:jar:1.3:compile
|     |        +- (org.apache.maven.scm:maven-scm-api:jar:1.4:compile - omitted for duplicate)
|     |        \- (org.codehaus.plexus:plexus-utils:jar:1.5.6:compile - omitted for duplicate)
|     +- (commons-io:commons-io:jar:2.4:compile - omitted for conflict with 2.5)
|     +- org.apache.commons:commons-exec:jar:1.3:compile
|     +- com.googlecode.json-simple:json-simple:jar:1.1.1:compile
|     +- org.json:json:jar:20140107:compile
|     +- com.google.code.gson:gson:jar:2.2.4:compile
|     +- org.apache.commons:commons-csv:jar:1.0:compile
|     \- (com.fasterxml.jackson.core:jackson-core:jar:2.7.1:compile - omitted for conflict with 2.8.4)
+- fr.paris.lutece.plugins:library-rbac-api:jar:1.0.0:compile
+- fr.paris.lutece.plugins:library-workgroup-api:jar:1.0.0:compile
+- fr.paris.lutece.plugins:library-freemarker:jar:1.2.1:compile
|  +- org.freemarker:freemarker:jar:2.3.25-incubating:compile
|  \- (log4j:log4j:jar:1.2.14:compile - omitted for conflict with 1.2.17)
+- fr.paris.lutece.plugins:library-workflow-core:jar:1.1.3:compile
|  +- (fr.paris.lutece.plugins:library-rbac-api:jar:1.0.0:compile - omitted for duplicate)
|  +- (fr.paris.lutece.plugins:library-workgroup-api:jar:1.0.0:compile - omitted for duplicate)
|  +- (commons-lang:commons-lang:jar:2.3:compile - omitted for conflict with 2.6)
|  +- (javax.inject:javax.inject:jar:1:compile - omitted for duplicate)
|  +- (org.springframework:spring-beans:jar:3.1.0.RELEASE:compile - omitted for conflict with 4.3.3.RELEASE)
|  +- (commons-beanutils:commons-beanutils:jar:1.7.0:compile - omitted for conflict with 1.9.3)
|  \- (log4j:log4j:jar:1.2.14:compile - omitted for conflict with 1.2.17)
+- org.apache.geronimo.specs:geronimo-jpa_2.0_spec:jar:1.1:compile
+- org.scannotation:scannotation:jar:1.0.3:compile
|  \- javassist:javassist:jar:3.12.1.GA:compile
+- net.sf.json-lib:json-lib:jar:jdk15:2.4:compile
|  +- (commons-beanutils:commons-beanutils:jar:1.8.0:compile - omitted for conflict with 1.9.3)
|  +- (commons-collections:commons-collections:jar:3.2.1:compile - omitted for conflict with 3.2.2)
|  +- (commons-lang:commons-lang:jar:2.5:compile - omitted for conflict with 2.6)
|  +- (commons-logging:commons-logging:jar:1.1.1:compile - omitted for conflict with 1.2)
|  \- net.sf.ezmorph:ezmorph:jar:1.0.6:compile
|     \- (commons-lang:commons-lang:jar:2.3:compile - omitted for conflict with 2.6)
+- org.codehaus.jackson:jackson-mapper-asl:jar:1.9.13:compile
|  \- org.codehaus.jackson:jackson-core-asl:jar:1.9.13:compile
+- com.fasterxml.jackson.core:jackson-databind:jar:2.8.4:compile
|  +- com.fasterxml.jackson.core:jackson-annotations:jar:2.8.0:compile
|  \- com.fasterxml.jackson.core:jackson-core:jar:2.8.4:compile
+- javax.inject:javax.inject:jar:1:compile
+- javax.validation:validation-api:jar:1.1.0.Final:compile
+- org.hibernate:hibernate-validator:jar:5.3.2.Final:compile
|  +- (javax.validation:validation-api:jar:1.1.0.Final:compile - omitted for duplicate)
|  +- org.jboss.logging:jboss-logging:jar:3.3.0.Final:compile
|  \- com.fasterxml:classmate:jar:1.3.1:compile
+- net.sf.dozer:dozer:jar:5.5.1:compile
|  +- (commons-beanutils:commons-beanutils:jar:1.9.1:compile - omitted for conflict with 1.9.3)
|  +- (org.apache.commons:commons-lang3:jar:3.2.1:compile - omitted for conflict with 3.4)
|  \- (org.slf4j:slf4j-api:jar:1.7.5:compile - omitted for conflict with 1.7.21)
+- net.sf.opencsv:opencsv:jar:2.3:compile
+- fr.paris.lutece.plugins:library-jmx-api:jar:1.0.0:compile
+- javax.servlet:javax.servlet-api:jar:3.1.0:provided
+- javax.servlet.jsp:javax.servlet.jsp-api:jar:2.3.1:provided
\- fr.paris.lutece.plugins:library-lutece-unit-testing:jar:4.0.1:test
   +- junit:junit:jar:4.12:test
   |  \- org.hamcrest:hamcrest-core:jar:1.3:test
   +- (org.springframework:spring-test:jar:4.3.3.RELEASE:test - omitted for duplicate)
   \- org.glassfish:javax.el:jar:3.0.0:test

