WARNING: Your kernel does not support swap limit capabilities or the cgroup is not mounted. Memory limited without swap.
fr.paris.lutece:lutece-core:lutece-core:3.1.0
+- javax.activation:activation:jar:1.1:compile
+- c3p0:c3p0:jar:0.9.1.2:compile
+- commons-beanutils:commons-beanutils:jar:1.7.0:compile
|  \- commons-logging:commons-logging:jar:1.0.3:compile
+- commons-digester:commons-digester:jar:1.8.1:compile
|  +- (commons-beanutils:commons-beanutils:jar:1.8.0:compile - omitted for conflict with 1.7.0)
|  \- (commons-logging:commons-logging:jar:1.1.1:compile - omitted for conflict with 1.0.3)
+- commons-fileupload:commons-fileupload:jar:1.2.2:compile
+- commons-httpclient:commons-httpclient:jar:3.1:compile
|  +- (commons-logging:commons-logging:jar:1.0.4:compile - omitted for conflict with 1.0.3)
|  \- commons-codec:commons-codec:jar:1.2:compile
+- commons-io:commons-io:jar:1.4:compile
+- commons-lang:commons-lang:jar:2.3:compile
+- commons-dbcp:commons-dbcp:jar:1.2.2:compile
|  \- commons-pool:commons-pool:jar:1.3:compile
+- net.sf.ehcache:ehcache-core:jar:2.4.0:compile
|  \- (org.slf4j:slf4j-api:jar:1.6.1:compile - omitted for duplicate)
+- net.sf.ehcache:ehcache-web:jar:2.0.3:compile
|  \- (net.sf.ehcache:ehcache-core:jar:2.2.0:compile - omitted for conflict with 2.4.0)
+- org.slf4j:slf4j-api:jar:1.6.1:compile
+- org.slf4j:slf4j-log4j12:jar:1.6.1:compile
|  +- (org.slf4j:slf4j-api:jar:1.6.1:compile - omitted for duplicate)
|  \- (log4j:log4j:jar:1.2.16:compile - omitted for conflict with 1.2.13)
+- org.freemarker:freemarker:jar:2.3.18:compile
+- jtidy:jtidy:jar:8.0:compile
+- log4j:log4j:jar:1.2.13:compile
+- javax.mail:mail:jar:1.4:compile
|  \- (javax.activation:activation:jar:1.1:compile - omitted for duplicate)
+- mysql:mysql-connector-java:jar:5.1.18:compile
+- org.springframework:spring-aop:jar:3.1.0.RELEASE:compile
|  +- aopalliance:aopalliance:jar:1.0:compile
|  +- org.springframework:spring-asm:jar:3.1.0.RELEASE:compile
|  +- (org.springframework:spring-beans:jar:3.1.0.RELEASE:compile - omitted for duplicate)
|  \- (org.springframework:spring-core:jar:3.1.0.RELEASE:compile - omitted for duplicate)
+- org.springframework:spring-beans:jar:3.1.0.RELEASE:compile
|  \- (org.springframework:spring-core:jar:3.1.0.RELEASE:compile - omitted for duplicate)
+- org.springframework:spring-context:jar:3.1.0.RELEASE:compile
|  +- (org.springframework:spring-aop:jar:3.1.0.RELEASE:compile - omitted for duplicate)
|  +- (org.springframework:spring-beans:jar:3.1.0.RELEASE:compile - omitted for duplicate)
|  +- (org.springframework:spring-core:jar:3.1.0.RELEASE:compile - omitted for duplicate)
|  +- org.springframework:spring-expression:jar:3.1.0.RELEASE:compile
|  |  \- (org.springframework:spring-core:jar:3.1.0.RELEASE:compile - omitted for duplicate)
|  \- (org.springframework:spring-asm:jar:3.1.0.RELEASE:compile - omitted for duplicate)
+- org.springframework:spring-core:jar:3.1.0.RELEASE:compile
|  +- (org.springframework:spring-asm:jar:3.1.0.RELEASE:compile - omitted for duplicate)
|  \- (commons-logging:commons-logging:jar:1.1.1:compile - omitted for conflict with 1.0.3)
+- org.springframework:spring-orm:jar:3.1.0.RELEASE:compile
|  +- (org.springframework:spring-beans:jar:3.1.0.RELEASE:compile - omitted for duplicate)
|  +- (org.springframework:spring-core:jar:3.1.0.RELEASE:compile - omitted for duplicate)
|  +- org.springframework:spring-jdbc:jar:3.1.0.RELEASE:compile
|  |  +- (org.springframework:spring-beans:jar:3.1.0.RELEASE:compile - omitted for duplicate)
|  |  +- (org.springframework:spring-core:jar:3.1.0.RELEASE:compile - omitted for duplicate)
|  |  \- (org.springframework:spring-tx:jar:3.1.0.RELEASE:compile - omitted for duplicate)
|  \- (org.springframework:spring-tx:jar:3.1.0.RELEASE:compile - omitted for duplicate)
+- org.springframework:spring-tx:jar:3.1.0.RELEASE:compile
|  +- (aopalliance:aopalliance:jar:1.0:compile - omitted for duplicate)
|  +- (org.springframework:spring-aop:jar:3.1.0.RELEASE:compile - omitted for duplicate)
|  +- (org.springframework:spring-beans:jar:3.1.0.RELEASE:compile - omitted for duplicate)
|  +- (org.springframework:spring-context:jar:3.1.0.RELEASE:compile - omitted for duplicate)
|  \- (org.springframework:spring-core:jar:3.1.0.RELEASE:compile - omitted for duplicate)
+- opensymphony:quartz:jar:1.6.3:compile
+- fr.paris.lutece.plugins:library-lucene:lutece-plugin:1.0.5:compile
|  +- org.apache.lucene:lucene-core:jar:2.9.3:compile
|  +- org.apache.lucene:lucene-highlighter:jar:2.9.3:compile
|  |  +- (org.apache.lucene:lucene-memory:jar:2.9.3:compile - omitted for duplicate)
|  |  \- (org.apache.lucene:lucene-core:jar:2.9.3:compile - omitted for duplicate)
|  +- org.apache.lucene:lucene-queries:jar:2.9.3:compile
|  |  \- (org.apache.lucene:lucene-core:jar:2.9.3:compile - omitted for duplicate)
|  +- org.apache.lucene:lucene-snowball:jar:2.9.3:compile
|  |  \- (org.apache.lucene:lucene-core:jar:2.9.3:compile - omitted for duplicate)
|  +- org.apache.lucene:lucene-memory:jar:2.9.3:compile
|  |  \- (org.apache.lucene:lucene-core:jar:2.9.3:compile - omitted for duplicate)
|  +- org.apache.lucene:lucene-misc:jar:2.9.3:compile
|  |  \- (org.apache.lucene:lucene-core:jar:2.9.3:compile - omitted for duplicate)
|  +- org.apache.lucene:lucene-spellchecker:jar:2.9.3:compile
|  |  \- (org.apache.lucene:lucene-core:jar:2.9.3:compile - omitted for duplicate)
|  +- org.apache.lucene:lucene-demos:jar:2.9.3:compile
|  |  \- (org.apache.lucene:lucene-core:jar:2.9.3:compile - omitted for duplicate)
|  +- org.apache.lucene:lucene-analyzers:jar:2.9.3:compile
|  |  \- (org.apache.lucene:lucene-core:jar:2.9.3:compile - omitted for duplicate)
|  +- org.apache.pdfbox:pdfbox:jar:1.5.0:compile
|  |  +- org.apache.pdfbox:fontbox:jar:1.5.0:compile
|  |  +- org.apache.pdfbox:jempbox:jar:1.5.0:compile
|  |  \- (commons-logging:commons-logging:jar:1.1.1:compile - omitted for conflict with 1.0.3)
|  +- org.apache.tika:tika-core:jar:0.7:compile
|  \- org.apache.tika:tika-parsers:jar:0.7:compile
|     +- (org.apache.tika:tika-core:jar:0.7:compile - omitted for duplicate)
|     +- org.apache.commons:commons-compress:jar:1.0:compile
|     +- (org.apache.pdfbox:pdfbox:jar:1.1.0:compile - omitted for conflict with 1.5.0)
|     +- org.bouncycastle:bcmail-jdk15:jar:1.45:compile
|     |  \- (org.bouncycastle:bcprov-jdk15:jar:1.45:compile - omitted for duplicate)
|     +- org.bouncycastle:bcprov-jdk15:jar:1.45:compile
|     +- org.apache.poi:poi:jar:3.6:compile
|     |  +- (commons-logging:commons-logging:jar:1.1:runtime - omitted for conflict with 1.0.3)
|     |  \- (log4j:log4j:jar:1.2.13:runtime - omitted for duplicate)
|     +- org.apache.poi:poi-scratchpad:jar:3.6:compile
|     |  +- (org.apache.poi:poi:jar:3.6:compile - omitted for duplicate)
|     |  +- (commons-logging:commons-logging:jar:1.1:runtime - omitted for conflict with 1.0.3)
|     |  \- (log4j:log4j:jar:1.2.13:runtime - omitted for duplicate)
|     +- org.apache.poi:poi-ooxml:jar:3.6:compile
|     |  +- (org.apache.poi:poi:jar:3.6:compile - omitted for duplicate)
|     |  +- org.apache.poi:poi-ooxml-schemas:jar:3.6:compile
|     |  |  +- org.apache.xmlbeans:xmlbeans:jar:2.3.0:compile
|     |  |  \- (org.apache.geronimo.specs:geronimo-stax-api_1.0_spec:jar:1.0:compile - omitted for conflict with 1.0.1)
|     |  \- dom4j:dom4j:jar:1.6.1:compile
|     |     \- xml-apis:xml-apis:jar:1.0.b2:compile
|     +- org.apache.geronimo.specs:geronimo-stax-api_1.0_spec:jar:1.0.1:compile
|     +- (commons-logging:commons-logging:jar:1.1.1:compile - omitted for conflict with 1.0.3)
|     +- org.ccil.cowan.tagsoup:tagsoup:jar:1.2:compile
|     +- asm:asm:jar:3.1:compile
|     +- (log4j:log4j:jar:1.2.14:compile - omitted for conflict with 1.2.13)
|     \- com.drewnoakes:metadata-extractor:jar:2.4.0-beta-1:compile
+- org.apache.geronimo.specs:geronimo-jpa_2.0_spec:jar:1.0:compile
+- net.sf.scannotation:scannotation:jar:1.0.2:compile
|  \- javassist:javassist:jar:3.6.0.GA:compile
+- net.sf.json-lib:json-lib:jar:jdk15:2.4:compile
|  +- (commons-beanutils:commons-beanutils:jar:1.8.0:compile - omitted for conflict with 1.7.0)
|  +- commons-collections:commons-collections:jar:3.2.1:compile
|  +- (commons-lang:commons-lang:jar:2.5:compile - omitted for conflict with 2.3)
|  +- (commons-logging:commons-logging:jar:1.1.1:compile - omitted for conflict with 1.0.3)
|  \- net.sf.ezmorph:ezmorph:jar:1.0.6:compile
|     \- (commons-lang:commons-lang:jar:2.3:compile - omitted for duplicate)
+- javax.inject:javax.inject:jar:1:compile
+- javax.validation:validation-api:jar:1.0.0.GA:compile
+- org.hibernate:hibernate-validator:jar:4.2.0.Final:compile
|  +- (javax.validation:validation-api:jar:1.0.0.GA:compile - omitted for duplicate)
|  \- (org.slf4j:slf4j-api:jar:1.6.1:compile - omitted for duplicate)
+- javax.servlet:servlet-api:jar:2.5:provided
+- javax.servlet:jsp-api:jar:2.0:provided
|  \- (javax.servlet:servlet-api:jar:2.4:provided - omitted for conflict with 2.5)
+- (fr.paris.lutece:lutece-core:lutece-core:RELEASE:test - omitted for cycle)
+- fr.paris.lutece.plugins:library-lutece-unit-testing:jar:2.0.6:test
\- junit:junit:jar:4.8.1:test

