WARNING: Your kernel does not support swap limit capabilities or the cgroup is not mounted. Memory limited without swap.
Traceback (most recent call last):
  File "/home/jdbl/core/Project.py", line 34, in clone
    self.path = os.path.dirname(self.pom.poms[0]['path'])
IndexError: list index out of range
com.magmaguy:EliteMobs:jar:7.2.1
+- org.spigotmc:spigot-api:jar:1.16.3-R0.1-SNAPSHOT:provided
|  +- commons-lang:commons-lang:jar:2.6:provided
|  +- com.google.guava:guava:jar:21.0:provided
|  +- com.google.code.gson:gson:jar:2.8.0:provided
|  +- net.md-5:bungeecord-chat:jar:1.16-R0.3:provided
|  |  +- (com.google.code.gson:gson:jar:2.8.0:provided - omitted for duplicate)
|  |  \- (com.google.guava:guava:jar:21.0:provided - omitted for duplicate)
|  \- org.yaml:snakeyaml:jar:1.26:provided
+- org.bstats:bstats-bukkit:jar:1.7:compile
+- com.sk89q.worldguard:worldguard-bukkit:jar:7.0.0:provided
|  +- org.bukkit:bukkit:jar:1.13-R0.1-SNAPSHOT:provided
|  |  +- (commons-lang:commons-lang:jar:2.6:provided - omitted for duplicate)
|  |  +- (com.googlecode.json-simple:json-simple:jar:1.1.1:provided - omitted for duplicate)
|  |  +- (com.google.guava:guava:jar:21.0:provided - omitted for duplicate)
|  |  +- (com.google.code.gson:gson:jar:2.8.0:provided - omitted for duplicate)
|  |  \- (org.yaml:snakeyaml:jar:1.21:provided - omitted for conflict with 1.26)
|  +- com.sk89q.worldedit:worldedit-bukkit:jar:7.0.0-SNAPSHOT:provided
|  |  +- com.sk89q.worldedit:worldedit-core:jar:7.0.0-SNAPSHOT:provided
|  |  |  +- (com.google.guava:guava:jar:21.0:provided - omitted for duplicate)
|  |  |  +- com.sk89q.worldedit.worldedit-libs:core:jar:7.0.0-SNAPSHOT:provided
|  |  |  +- de.schlichtherle:truezip:jar:6.8.3:provided
|  |  |  +- rhino:js:jar:1.7R2:provided
|  |  |  +- (org.yaml:snakeyaml:jar:1.9:provided - omitted for conflict with 1.26)
|  |  |  +- (com.google.code.findbugs:jsr305:jar:1.3.9:provided - omitted for duplicate)
|  |  |  +- (com.google.code.gson:gson:jar:2.8.0:provided - omitted for duplicate)
|  |  |  +- (com.googlecode.json-simple:json-simple:jar:1.1.1:provided - omitted for duplicate)
|  |  |  \- (org.slf4j:slf4j-api:jar:1.7.26:provided - omitted for conflict with 1.7.25)
|  |  +- com.sk89q.worldedit.worldedit-libs:bukkit:jar:7.0.0-SNAPSHOT:provided
|  |  +- (org.bukkit:bukkit:jar:1.13.2-R0.1-SNAPSHOT:provided - omitted for conflict with 1.13-R0.1-SNAPSHOT)
|  |  +- org.apache.logging.log4j:log4j-slf4j-impl:jar:2.8.1:provided
|  |  |  +- (org.slf4j:slf4j-api:jar:1.7.24:provided - omitted for conflict with 1.7.26)
|  |  |  \- org.apache.logging.log4j:log4j-api:jar:2.8.1:provided
|  |  \- (org.bstats:bstats-bukkit:jar:1.4:provided - omitted for conflict with 1.7)
|  +- com.sk89q.worldguard:worldguard-core:jar:7.0.0:provided
|  |  +- (com.sk89q.worldedit:worldedit-core:jar:7.0.0-SNAPSHOT:provided - omitted for duplicate)
|  |  +- com.google.code.findbugs:jsr305:jar:1.3.9:provided
|  |  +- com.sk89q.intake:intake:jar:4.2-SNAPSHOT:provided
|  |  |  +- (com.google.guava:guava:jar:18.0:provided - omitted for conflict with 21.0)
|  |  |  \- (com.google.code.findbugs:jsr305:jar:3.0.0:provided - omitted for conflict with 1.3.9)
|  |  +- com.sk89q:squirrelid:jar:0.2.0:provided
|  |  |  \- (com.google.code.findbugs:jsr305:jar:1.3.9:provided - omitted for duplicate)
|  |  +- org.flywaydb:flyway-core:jar:3.0:provided
|  |  \- org.khelekore:prtree:jar:1.5.0:provided
|  +- com.sk89q:commandbook:jar:2.3:provided
|  \- (org.bstats:bstats-bukkit:jar:1.4:provided - omitted for conflict with 1.7)
+- com.github.MilkBowl:VaultAPI:jar:1.7:provided
|  \- (org.bukkit:bukkit:jar:1.13.1-R0.1-SNAPSHOT:provided - omitted for conflict with 1.13-R0.1-SNAPSHOT)
+- me.clip:placeholderapi:jar:2.10.9:provided
|  \- org.jetbrains:annotations:jar:19.0.0:provided
+- org.xerial:sqlite-jdbc:jar:3.32.3:provided
+- com.discordsrv:discordsrv:jar:1.19.1:provided
|  +- net.dv8tion:JDA:jar:4.1.1_155:provided
|  |  +- (com.google.code.findbugs:jsr305:jar:3.0.2:provided - omitted for conflict with 1.3.9)
|  |  +- (org.jetbrains:annotations:jar:16.0.1:provided - omitted for conflict with 19.0.0)
|  |  +- org.slf4j:slf4j-api:jar:1.7.25:provided
|  |  +- (com.neovisionaries:nv-websocket-client:jar:2.9:provided - omitted for duplicate)
|  |  +- com.squareup.okhttp3:okhttp:jar:3.13.0:provided
|  |  |  \- com.squareup.okio:okio:jar:1.17.2:provided
|  |  +- org.apache.commons:commons-collections4:jar:4.1:provided
|  |  +- (net.sf.trove4j:trove4j:jar:3.0.3:provided - omitted for duplicate)
|  |  \- com.fasterxml.jackson.core:jackson-databind:jar:2.10.1:provided
|  |     +- com.fasterxml.jackson.core:jackson-annotations:jar:2.10.1:provided
|  |     \- com.fasterxml.jackson.core:jackson-core:jar:2.10.1:provided
|  +- com.neovisionaries:nv-websocket-client:jar:2.9:provided
|  +- org.slf4j:slf4j-jdk14:jar:1.7.25:provided
|  |  \- (org.slf4j:slf4j-api:jar:1.7.25:provided - omitted for duplicate)
|  +- com.github.kevinsawicki:http-request:jar:6.0:provided
|  +- commons-io:commons-io:jar:2.6:provided
|  +- commons-collections:commons-collections:jar:3.2.2:provided
|  +- org.apache.commons:commons-lang3:jar:3.5:provided
|  +- commons-codec:commons-codec:jar:1.11:provided
|  +- github.scarsz:configuralize:jar:1.3.1:provided
|  +- net.sf.trove4j:trove4j:jar:3.0.3:provided
|  +- com.googlecode.json-simple:json-simple:jar:1.1.1:provided
|  |  \- junit:junit:jar:4.10:provided
|  |     \- org.hamcrest:hamcrest-core:jar:1.1:provided
|  +- com.vdurmont:emoji-java:jar:3.1.3:provided
|  |  \- org.json:json:jar:20140107:provided
|  +- com.github.zafarkhaja:java-semver:jar:0.9.0:provided
|  +- org.minidns:minidns-hla:jar:0.3.4:provided
|  |  \- org.minidns:minidns-dnssec:jar:0.3.4:provided
|  |     +- org.minidns:minidns-client:jar:0.3.4:provided
|  |     |  \- org.minidns:minidns-core:jar:0.3.4:provided
|  |     \- org.minidns:minidns-iterative-resolver:jar:0.3.4:provided
|  |        \- (org.minidns:minidns-client:jar:0.3.4:provided - omitted for duplicate)
|  +- dev.vankka:MCDiscordReserializer:jar:3.0.1:provided
|  |  \- dev.vankka:SimpleAST:jar:2.2.1:provided
|  +- net.kyori:text-api:jar:3.0.0:provided
|  |  \- org.checkerframework:checker-qual:jar:2.5.8:provided
|  +- net.kyori:text-serializer-legacy:jar:3.0.0:provided
|  |  \- (net.kyori:text-api:jar:3.0.0:provided - omitted for duplicate)
|  +- net.kyori:text-adapter-bukkit:jar:3.0.0:provided
|  |  +- (net.kyori:text-api:jar:3.0.0:provided - omitted for duplicate)
|  |  +- net.kyori:text-serializer-gson:jar:3.0.0:provided
|  |  |  +- (net.kyori:text-api:jar:3.0.0:provided - omitted for duplicate)
|  |  |  \- (com.google.code.gson:gson:jar:2.8.0:provided - omitted for duplicate)
|  |  +- (net.kyori:text-serializer-legacy:jar:3.0.0:provided - omitted for duplicate)
|  |  \- (org.spigotmc:spigot-api:jar:1.14-R0.1-SNAPSHOT:provided - omitted for conflict with 1.16.3-R0.1-SNAPSHOT)
|  +- (com.google.guava:guava:jar:27.1-jre:provided - omitted for conflict with 21.0)
|  \- org.springframework:spring-expression:jar:5.2.7.RELEASE:provided
|     \- org.springframework:spring-core:jar:5.2.7.RELEASE:provided
|        \- org.springframework:spring-jcl:jar:5.2.7.RELEASE:provided
\- LibsDisguises:LibsDisguises:jar:10.0.15:provided
   +- org.ow2.asm:asm:jar:7.3.1:provided
   +- org.projectlombok:lombok:jar:1.18.10:provided
   +- com.comphenix.protocol:ProtocolLib:jar:4.5.0:provided
   |  +- cglib:cglib-nodep:jar:3.2.5:provided
   |  \- com.comphenix.executors:BukkitExecutors:jar:1.1-SNAPSHOT:provided
   +- (org.spigotmc:spigot-api:jar:1.16.1-R0.1-SNAPSHOT:provided - omitted for conflict with 1.16.3-R0.1-SNAPSHOT)
   +- org.spigotmc:spigot:jar:1.16.1-R0.1-SNAPSHOT:provided
   \- (net.md-5:bungeecord-chat:jar:1.16-R0.1:provided - omitted for conflict with 1.16-R0.3)

