WARNING: Your kernel does not support swap limit capabilities or the cgroup is not mounted. Memory limited without swap.
Traceback (most recent call last):
  File "/home/jdbl/core/Project.py", line 34, in clone
    self.path = os.path.dirname(self.pom.poms[0]['path'])
IndexError: list index out of range
com.magmaguy:EliteMobs:jar:7.1.24.pre-5
+- org.spigotmc:spigot-api:jar:1.15-R0.1-SNAPSHOT:provided
|  +- commons-lang:commons-lang:jar:2.6:provided
|  +- com.google.guava:guava:jar:21.0:provided
|  +- com.google.code.gson:gson:jar:2.8.0:provided
|  +- net.md-5:bungeecord-chat:jar:1.13-SNAPSHOT:provided
|  |  +- (com.google.code.gson:gson:jar:2.8.0:provided - omitted for duplicate)
|  |  \- (com.google.guava:guava:jar:20.0:provided - omitted for conflict with 21.0)
|  \- org.yaml:snakeyaml:jar:1.25:provided
+- org.bstats:bstats-bukkit:jar:1.5:compile
+- com.sk89q.worldguard:worldguard-bukkit:jar:7.0.0:provided
|  +- org.bukkit:bukkit:jar:1.13-R0.1-SNAPSHOT:provided
|  |  +- (commons-lang:commons-lang:jar:2.6:provided - omitted for duplicate)
|  |  +- com.googlecode.json-simple:json-simple:jar:1.1.1:provided
|  |  |  \- junit:junit:jar:4.10:provided
|  |  |     \- org.hamcrest:hamcrest-core:jar:1.1:provided
|  |  +- (com.google.guava:guava:jar:21.0:provided - omitted for duplicate)
|  |  +- (com.google.code.gson:gson:jar:2.8.0:provided - omitted for duplicate)
|  |  \- (org.yaml:snakeyaml:jar:1.21:provided - omitted for conflict with 1.25)
|  +- com.sk89q.worldedit:worldedit-bukkit:jar:7.0.0-SNAPSHOT:provided
|  |  +- com.sk89q.worldedit:worldedit-core:jar:7.0.0-SNAPSHOT:provided
|  |  |  +- (com.google.guava:guava:jar:21.0:provided - omitted for duplicate)
|  |  |  +- com.sk89q.worldedit.worldedit-libs:core:jar:7.0.0-SNAPSHOT:provided
|  |  |  +- de.schlichtherle:truezip:jar:6.8.3:provided
|  |  |  +- rhino:js:jar:1.7R2:provided
|  |  |  +- (org.yaml:snakeyaml:jar:1.9:provided - omitted for conflict with 1.25)
|  |  |  +- (com.google.code.findbugs:jsr305:jar:1.3.9:provided - omitted for duplicate)
|  |  |  +- (com.google.code.gson:gson:jar:2.8.0:provided - omitted for duplicate)
|  |  |  +- (com.googlecode.json-simple:json-simple:jar:1.1.1:provided - omitted for duplicate)
|  |  |  \- org.slf4j:slf4j-api:jar:1.7.26:provided
|  |  +- com.sk89q.worldedit.worldedit-libs:bukkit:jar:7.0.0-SNAPSHOT:provided
|  |  +- (org.bukkit:bukkit:jar:1.13.2-R0.1-SNAPSHOT:provided - omitted for conflict with 1.13-R0.1-SNAPSHOT)
|  |  +- org.apache.logging.log4j:log4j-slf4j-impl:jar:2.8.1:provided
|  |  |  +- (org.slf4j:slf4j-api:jar:1.7.24:provided - omitted for conflict with 1.7.26)
|  |  |  \- org.apache.logging.log4j:log4j-api:jar:2.8.1:provided
|  |  \- (org.bstats:bstats-bukkit:jar:1.4:provided - omitted for conflict with 1.5)
|  +- com.sk89q.worldguard:worldguard-core:jar:7.0.0:provided
|  |  +- (com.sk89q.worldedit:worldedit-core:jar:7.0.0-SNAPSHOT:provided - omitted for duplicate)
|  |  +- com.google.code.findbugs:jsr305:jar:1.3.9:provided
|  |  +- com.sk89q.intake:intake:jar:4.2-SNAPSHOT:provided
|  |  |  +- (com.google.guava:guava:jar:18.0:provided - omitted for conflict with 21.0)
|  |  |  \- (com.google.code.findbugs:jsr305:jar:3.0.0:provided - omitted for conflict with 1.3.9)
|  |  +- com.sk89q:squirrelid:jar:0.2.0:provided
|  |  |  \- (com.google.code.findbugs:jsr305:jar:1.3.9:provided - omitted for duplicate)
|  |  +- org.flywaydb:flyway-core:jar:3.0:provided
|  |  \- org.khelekore:prtree:jar:1.5.0:provided
|  +- com.sk89q:commandbook:jar:2.3:provided
|  \- (org.bstats:bstats-bukkit:jar:1.4:provided - omitted for conflict with 1.5)
+- com.github.MilkBowl:VaultAPI:jar:1.7:provided
|  \- (org.bukkit:bukkit:jar:1.13.1-R0.1-SNAPSHOT:provided - omitted for conflict with 1.13-R0.1-SNAPSHOT)
+- me.clip:placeholderapi:jar:2.10.3:provided
+- org.xerial:sqlite-jdbc:jar:3.31.1:compile
\- org.jetbrains:annotations:jar:18.0.0:compile

