WARNING: Your kernel does not support swap limit capabilities or the cgroup is not mounted. Memory limited without swap.
itactually.rocks:pokeraidbot:jar:0.1.0
+- net.dv8tion:JDA:jar:3.1.1_212:compile
|  +- (org.apache.commons:commons-lang3:jar:3.5:runtime - omitted for conflict with 3.4)
|  +- org.apache.commons:commons-collections4:jar:4.1:runtime
|  +- (org.json:json:jar:20160810:compile - scope updated from runtime; omitted for duplicate)
|  +- net.sf.trove4j:trove4j:jar:3.0.3:runtime
|  +- net.java.dev.jna:jna:jar:4.4.0:runtime
|  +- com.neovisionaries:nv-websocket-client:jar:2.0:runtime
|  \- (com.mashape.unirest:unirest-java:jar:1.4.9:compile - scope updated from runtime; omitted for duplicate)
+- com.jagrosh:JDA-Utilities:jar:1.2:compile
|  +- (net.dv8tion:JDA:jar:3.1.1_210:compile - omitted for conflict with 3.1.1_212)
|  \- com.mashape.unirest:unirest-java:jar:1.4.9:compile
|     +- org.apache.httpcomponents:httpclient:jar:4.5.2:compile
|     |  +- org.apache.httpcomponents:httpcore:jar:4.4.4:compile
|     |  +- commons-logging:commons-logging:jar:1.2:compile
|     |  \- commons-codec:commons-codec:jar:1.9:compile
|     +- org.apache.httpcomponents:httpasyncclient:jar:4.1.1:compile
|     |  +- (org.apache.httpcomponents:httpcore:jar:4.4.4:compile - omitted for duplicate)
|     |  +- org.apache.httpcomponents:httpcore-nio:jar:4.4.4:compile
|     |  |  \- (org.apache.httpcomponents:httpcore:jar:4.4.4:compile - omitted for duplicate)
|     |  +- (org.apache.httpcomponents:httpclient:jar:4.5.1:compile - omitted for conflict with 4.5.2)
|     |  \- (commons-logging:commons-logging:jar:1.2:compile - omitted for duplicate)
|     +- org.apache.httpcomponents:httpmime:jar:4.5.2:compile
|     |  \- (org.apache.httpcomponents:httpclient:jar:4.5.2:compile - omitted for duplicate)
|     \- org.json:json:jar:20160810:compile
\- org.apache.commons:commons-lang3:jar:3.4:compile

