WARNING: Your kernel does not support swap limit capabilities or the cgroup is not mounted. Memory limited without swap.
net.sacredlabyrinth.phaed.simpleclans:SimpleClans:jar:2.9.1
+- com.destroystokyo.paper:paper-api:jar:1.13.2-R0.1-SNAPSHOT:provided
|  +- commons-lang:commons-lang:jar:2.6:provided
|  +- (com.googlecode.json-simple:json-simple:jar:1.1.1:provided - omitted for duplicate)
|  +- com.google.code.findbugs:jsr305:jar:1.3.9:provided
|  +- com.google.guava:guava:jar:21.0:provided
|  +- com.google.code.gson:gson:jar:2.8.0:provided
|  +- net.md-5:bungeecord-chat:jar:1.13-SNAPSHOT:provided
|  |  +- (com.google.code.gson:gson:jar:2.8.0:provided - omitted for duplicate)
|  |  \- (com.google.guava:guava:jar:20.0:provided - omitted for conflict with 21.0)
|  +- org.yaml:snakeyaml:jar:1.23:provided
|  +- org.slf4j:slf4j-api:jar:1.7.25:provided
|  +- org.ow2.asm:asm:jar:7.1:provided
|  \- org.ow2.asm:asm-commons:jar:7.1:provided
|     +- (org.ow2.asm:asm:jar:7.1:provided - omitted for duplicate)
|     +- org.ow2.asm:asm-tree:jar:7.1:provided
|     |  \- (org.ow2.asm:asm:jar:7.1:provided - omitted for duplicate)
|     \- org.ow2.asm:asm-analysis:jar:7.1:provided
|        \- (org.ow2.asm:asm-tree:jar:7.1:provided - omitted for duplicate)
+- net.milkbowl.vault:VaultAPI:jar:1.7:provided
+- com.googlecode.json-simple:json-simple:jar:1.1.1:compile
|  \- junit:junit:jar:4.10:compile
|     \- org.hamcrest:hamcrest-core:jar:1.1:compile
\- org.bstats:bstats-bukkit:jar:1.7:compile

