WARNING: Your kernel does not support swap limit capabilities or the cgroup is not mounted. Memory limited without swap.
net.sacredlabyrinth.phaed.simpleclans:SimpleClans:jar:2.7.23
+- com.destroystokyo.paper:paper-api:jar:1.12.2-R0.1-SNAPSHOT:provided
|  +- com.mojang:authlib:jar:1.5.25:provided
|  |  +- (com.google.code.findbugs:jsr305:jar:2.0.1:provided - omitted for conflict with 1.3.9)
|  |  +- commons-codec:commons-codec:jar:1.10:provided
|  |  +- commons-io:commons-io:jar:2.4:provided
|  |  +- (com.google.code.gson:gson:jar:2.8.0:provided - omitted for duplicate)
|  |  +- org.apache.commons:commons-lang3:jar:3.5:provided
|  |  +- org.apache.logging.log4j:log4j-api:jar:2.8.1:provided
|  |  +- org.apache.logging.log4j:log4j-core:jar:2.8.1:provided
|  |  |  \- (org.apache.logging.log4j:log4j-api:jar:2.8.1:provided - omitted for duplicate)
|  |  \- (com.google.guava:guava:jar:21.0:provided - omitted for duplicate)
|  +- commons-lang:commons-lang:jar:2.6:provided
|  +- (com.googlecode.json-simple:json-simple:jar:1.1.1:provided - omitted for duplicate)
|  +- com.google.code.findbugs:jsr305:jar:1.3.9:provided
|  +- com.google.guava:guava:jar:21.0:provided
|  +- com.google.code.gson:gson:jar:2.8.0:provided
|  +- org.yaml:snakeyaml:jar:1.19:provided
|  +- net.md-5:bungeecord-chat:jar:1.12-SNAPSHOT:provided
|  |  +- (com.google.code.gson:gson:jar:2.8.0:provided - omitted for duplicate)
|  |  \- (com.google.guava:guava:jar:20.0:provided - omitted for conflict with 21.0)
|  +- org.slf4j:slf4j-api:jar:1.7.25:provided
|  +- org.ow2.asm:asm:jar:6.1.1:provided
|  \- org.ow2.asm:asm-commons:jar:6.1.1:provided
|     +- (org.ow2.asm:asm:jar:6.1.1:provided - omitted for duplicate)
|     +- org.ow2.asm:asm-tree:jar:6.1.1:provided
|     |  \- (org.ow2.asm:asm:jar:6.1.1:provided - omitted for duplicate)
|     \- org.ow2.asm:asm-analysis:jar:6.1.1:provided
|        \- (org.ow2.asm:asm-tree:jar:6.1.1:provided - omitted for duplicate)
+- org.bukkit:bukkit:jar:1.12-R0.1-SNAPSHOT:provided
|  +- (commons-lang:commons-lang:jar:2.6:provided - omitted for duplicate)
|  +- (com.googlecode.json-simple:json-simple:jar:1.1.1:provided - omitted for duplicate)
|  +- (com.google.guava:guava:jar:21.0:provided - omitted for duplicate)
|  +- (com.google.code.gson:gson:jar:2.8.0:provided - omitted for duplicate)
|  \- (org.yaml:snakeyaml:jar:1.18:provided - omitted for conflict with 1.19)
+- net.milkbowl.vault:VaultAPI:jar:1.6:provided
|  \- (org.bukkit:bukkit:jar:1.9-R0.1-SNAPSHOT:provided - omitted for conflict with 1.12-R0.1-SNAPSHOT)
\- com.googlecode.json-simple:json-simple:jar:1.1.1:compile
   \- junit:junit:jar:4.10:compile
      \- org.hamcrest:hamcrest-core:jar:1.1:compile

