WARNING: Your kernel does not support swap limit capabilities or the cgroup is not mounted. Memory limited without swap.
net.sacredlabyrinth.phaed.simpleclans:SimpleClans:jar:2.12.1
+- org.spigotmc:spigot-api:jar:1.13.2-R0.1-SNAPSHOT:provided
|  +- commons-lang:commons-lang:jar:2.6:provided
|  +- (com.googlecode.json-simple:json-simple:jar:1.1.1:provided - omitted for duplicate)
|  +- com.google.guava:guava:jar:21.0:provided
|  +- com.google.code.gson:gson:jar:2.8.0:provided
|  +- net.md-5:bungeecord-chat:jar:1.13-SNAPSHOT:provided
|  |  +- (com.google.code.gson:gson:jar:2.8.0:provided - omitted for duplicate)
|  |  \- (com.google.guava:guava:jar:20.0:provided - omitted for conflict with 21.0)
|  \- org.yaml:snakeyaml:jar:1.23:provided
+- com.github.MilkBowl:VaultAPI:jar:1.7:provided
|  \- org.bukkit:bukkit:jar:1.13.1-R0.1-SNAPSHOT:provided
|     +- (commons-lang:commons-lang:jar:2.6:provided - omitted for duplicate)
|     +- (com.googlecode.json-simple:json-simple:jar:1.1.1:provided - omitted for duplicate)
|     +- (com.google.guava:guava:jar:21.0:provided - omitted for duplicate)
|     +- (com.google.code.gson:gson:jar:2.8.0:provided - omitted for duplicate)
|     \- (org.yaml:snakeyaml:jar:1.21:provided - omitted for conflict with 1.23)
+- com.googlecode.json-simple:json-simple:jar:1.1.1:provided
|  \- junit:junit:jar:4.10:provided
|     \- org.hamcrest:hamcrest-core:jar:1.1:provided
+- org.bstats:bstats-bukkit:jar:1.7:compile
+- me.clip:placeholderapi:jar:2.10.5:provided
\- org.jetbrains:annotations:jar:16.0.2:compile

