WARNING: Your kernel does not support swap limit capabilities or the cgroup is not mounted. Memory limited without swap.
org.mariadb.jdbc:mariadb-java-client:jar:1.5.3
+- com.github.dblock.waffle:waffle-jna:jar:1.8.1:compile
|  +- (net.java.dev.jna:jna:jar:4.2.1:compile - omitted for duplicate)
|  +- (net.java.dev.jna:jna-platform:jar:4.2.1:compile - omitted for duplicate)
|  +- org.slf4j:jcl-over-slf4j:jar:1.7.14:compile
|  |  \- (org.slf4j:slf4j-api:jar:1.7.14:compile - omitted for duplicate)
|  +- (org.slf4j:slf4j-api:jar:1.7.14:compile - omitted for duplicate)
|  \- com.google.guava:guava:jar:19.0:compile
+- junit:junit:jar:4.12:test
|  \- org.hamcrest:hamcrest-core:jar:1.3:test
+- org.threadly:threadly:jar:4.4.3:test
+- net.java.dev.jna:jna:jar:4.2.1:compile
+- net.java.dev.jna:jna-platform:jar:4.2.1:compile
|  \- (net.java.dev.jna:jna:jar:4.2.1:compile - omitted for duplicate)
+- org.slf4j:slf4j-api:jar:1.7.14:compile
+- ch.qos.logback:logback-classic:jar:1.1.7:test
|  +- ch.qos.logback:logback-core:jar:1.1.7:test
|  \- (org.slf4j:slf4j-api:jar:1.7.20:test - omitted for conflict with 1.7.14)
+- commons-dbcp:commons-dbcp:jar:1.4:test
|  \- commons-pool:commons-pool:jar:1.5.4:test
\- com.amazonaws:aws-java-sdk:jar:1.10.76:test
   +- com.amazonaws:aws-java-sdk-support:jar:1.10.76:test
   |  \- (com.amazonaws:aws-java-sdk-core:jar:1.10.76:test - omitted for duplicate)
   +- com.amazonaws:aws-java-sdk-simpledb:jar:1.10.76:test
   |  \- (com.amazonaws:aws-java-sdk-core:jar:1.10.76:test - omitted for duplicate)
   +- com.amazonaws:aws-java-sdk-simpleworkflow:jar:1.10.76:test
   |  \- (com.amazonaws:aws-java-sdk-core:jar:1.10.76:test - omitted for duplicate)
   +- com.amazonaws:aws-java-sdk-storagegateway:jar:1.10.76:test
   |  \- (com.amazonaws:aws-java-sdk-core:jar:1.10.76:test - omitted for duplicate)
   +- com.amazonaws:aws-java-sdk-route53:jar:1.10.76:test
   |  \- (com.amazonaws:aws-java-sdk-core:jar:1.10.76:test - omitted for duplicate)
   +- com.amazonaws:aws-java-sdk-s3:jar:1.10.76:test
   |  +- (com.amazonaws:aws-java-sdk-kms:jar:1.10.76:test - omitted for duplicate)
   |  \- (com.amazonaws:aws-java-sdk-core:jar:1.10.76:test - omitted for duplicate)
   +- com.amazonaws:aws-java-sdk-importexport:jar:1.10.76:test
   |  \- (com.amazonaws:aws-java-sdk-core:jar:1.10.76:test - omitted for duplicate)
   +- com.amazonaws:aws-java-sdk-sts:jar:1.10.76:test
   |  \- (com.amazonaws:aws-java-sdk-core:jar:1.10.76:test - omitted for duplicate)
   +- com.amazonaws:aws-java-sdk-sqs:jar:1.10.76:test
   |  \- (com.amazonaws:aws-java-sdk-core:jar:1.10.76:test - omitted for duplicate)
   +- com.amazonaws:aws-java-sdk-rds:jar:1.10.76:test
   |  \- (com.amazonaws:aws-java-sdk-core:jar:1.10.76:test - omitted for duplicate)
   +- com.amazonaws:aws-java-sdk-redshift:jar:1.10.76:test
   |  \- (com.amazonaws:aws-java-sdk-core:jar:1.10.76:test - omitted for duplicate)
   +- com.amazonaws:aws-java-sdk-elasticbeanstalk:jar:1.10.76:test
   |  \- (com.amazonaws:aws-java-sdk-core:jar:1.10.76:test - omitted for duplicate)
   +- com.amazonaws:aws-java-sdk-glacier:jar:1.10.76:test
   |  +- (com.amazonaws:aws-java-sdk-sqs:jar:1.10.76:test - omitted for duplicate)
   |  +- (com.amazonaws:aws-java-sdk-sns:jar:1.10.76:test - omitted for duplicate)
   |  +- (com.amazonaws:aws-java-sdk-s3:jar:1.10.76:test - omitted for duplicate)
   |  \- (com.amazonaws:aws-java-sdk-core:jar:1.10.76:test - omitted for duplicate)
   +- com.amazonaws:aws-java-sdk-iam:jar:1.10.76:test
   |  \- (com.amazonaws:aws-java-sdk-core:jar:1.10.76:test - omitted for duplicate)
   +- com.amazonaws:aws-java-sdk-datapipeline:jar:1.10.76:test
   |  \- (com.amazonaws:aws-java-sdk-core:jar:1.10.76:test - omitted for duplicate)
   +- com.amazonaws:aws-java-sdk-elasticloadbalancing:jar:1.10.76:test
   |  \- (com.amazonaws:aws-java-sdk-core:jar:1.10.76:test - omitted for duplicate)
   +- com.amazonaws:aws-java-sdk-emr:jar:1.10.76:test
   |  \- (com.amazonaws:aws-java-sdk-core:jar:1.10.76:test - omitted for duplicate)
   +- com.amazonaws:aws-java-sdk-elasticache:jar:1.10.76:test
   |  \- (com.amazonaws:aws-java-sdk-core:jar:1.10.76:test - omitted for duplicate)
   +- com.amazonaws:aws-java-sdk-elastictranscoder:jar:1.10.76:test
   |  \- (com.amazonaws:aws-java-sdk-core:jar:1.10.76:test - omitted for duplicate)
   +- com.amazonaws:aws-java-sdk-ec2:jar:1.10.76:test
   |  \- (com.amazonaws:aws-java-sdk-core:jar:1.10.76:test - omitted for duplicate)
   +- com.amazonaws:aws-java-sdk-dynamodb:jar:1.10.76:test
   |  +- (com.amazonaws:aws-java-sdk-s3:jar:1.10.76:test - omitted for duplicate)
   |  \- (com.amazonaws:aws-java-sdk-core:jar:1.10.76:test - omitted for duplicate)
   +- com.amazonaws:aws-java-sdk-sns:jar:1.10.76:test
   |  +- (com.amazonaws:aws-java-sdk-sqs:jar:1.10.76:test - omitted for duplicate)
   |  \- (com.amazonaws:aws-java-sdk-core:jar:1.10.76:test - omitted for duplicate)
   +- com.amazonaws:aws-java-sdk-cloudtrail:jar:1.10.76:test
   |  \- (com.amazonaws:aws-java-sdk-core:jar:1.10.76:test - omitted for duplicate)
   +- com.amazonaws:aws-java-sdk-cloudwatch:jar:1.10.76:test
   |  \- (com.amazonaws:aws-java-sdk-core:jar:1.10.76:test - omitted for duplicate)
   +- com.amazonaws:aws-java-sdk-logs:jar:1.10.76:test
   |  \- (com.amazonaws:aws-java-sdk-core:jar:1.10.76:test - omitted for duplicate)
   +- com.amazonaws:aws-java-sdk-events:jar:1.10.76:test
   |  \- (com.amazonaws:aws-java-sdk-core:jar:1.10.76:test - omitted for duplicate)
   +- com.amazonaws:aws-java-sdk-cognitoidentity:jar:1.10.76:test
   |  \- (com.amazonaws:aws-java-sdk-core:jar:1.10.76:test - omitted for duplicate)
   +- com.amazonaws:aws-java-sdk-cognitosync:jar:1.10.76:test
   |  \- (com.amazonaws:aws-java-sdk-core:jar:1.10.76:test - omitted for duplicate)
   +- com.amazonaws:aws-java-sdk-directconnect:jar:1.10.76:test
   |  \- (com.amazonaws:aws-java-sdk-core:jar:1.10.76:test - omitted for duplicate)
   +- com.amazonaws:aws-java-sdk-cloudformation:jar:1.10.76:test
   |  \- (com.amazonaws:aws-java-sdk-core:jar:1.10.76:test - omitted for duplicate)
   +- com.amazonaws:aws-java-sdk-cloudfront:jar:1.10.76:test
   |  \- (com.amazonaws:aws-java-sdk-core:jar:1.10.76:test - omitted for duplicate)
   +- com.amazonaws:aws-java-sdk-kinesis:jar:1.10.76:test
   |  \- (com.amazonaws:aws-java-sdk-core:jar:1.10.76:test - omitted for duplicate)
   +- com.amazonaws:aws-java-sdk-opsworks:jar:1.10.76:test
   |  \- (com.amazonaws:aws-java-sdk-core:jar:1.10.76:test - omitted for duplicate)
   +- com.amazonaws:aws-java-sdk-ses:jar:1.10.76:test
   |  \- (com.amazonaws:aws-java-sdk-core:jar:1.10.76:test - omitted for duplicate)
   +- com.amazonaws:aws-java-sdk-autoscaling:jar:1.10.76:test
   |  \- (com.amazonaws:aws-java-sdk-core:jar:1.10.76:test - omitted for duplicate)
   +- com.amazonaws:aws-java-sdk-cloudsearch:jar:1.10.76:test
   |  \- (com.amazonaws:aws-java-sdk-core:jar:1.10.76:test - omitted for duplicate)
   +- com.amazonaws:aws-java-sdk-cloudwatchmetrics:jar:1.10.76:test
   |  +- (com.amazonaws:aws-java-sdk-cloudwatch:jar:1.10.76:test - omitted for duplicate)
   |  +- (com.amazonaws:aws-java-sdk-dynamodb:jar:1.10.76:test - omitted for duplicate)
   |  \- (com.amazonaws:aws-java-sdk-core:jar:1.10.76:test - omitted for duplicate)
   +- com.amazonaws:aws-java-sdk-swf-libraries:jar:1.10.76:test
   |  \- (com.amazonaws:aws-java-sdk-simpleworkflow:jar:1.10.76:test - omitted for duplicate)
   +- com.amazonaws:aws-java-sdk-codedeploy:jar:1.10.76:test
   |  \- (com.amazonaws:aws-java-sdk-core:jar:1.10.76:test - omitted for duplicate)
   +- com.amazonaws:aws-java-sdk-codepipeline:jar:1.10.76:test
   |  \- (com.amazonaws:aws-java-sdk-core:jar:1.10.76:test - omitted for duplicate)
   +- com.amazonaws:aws-java-sdk-kms:jar:1.10.76:test
   |  \- (com.amazonaws:aws-java-sdk-core:jar:1.10.76:test - omitted for duplicate)
   +- com.amazonaws:aws-java-sdk-config:jar:1.10.76:test
   |  \- (com.amazonaws:aws-java-sdk-core:jar:1.10.76:test - omitted for duplicate)
   +- com.amazonaws:aws-java-sdk-lambda:jar:1.10.76:test
   |  \- (com.amazonaws:aws-java-sdk-core:jar:1.10.76:test - omitted for duplicate)
   +- com.amazonaws:aws-java-sdk-ecs:jar:1.10.76:test
   |  \- (com.amazonaws:aws-java-sdk-core:jar:1.10.76:test - omitted for duplicate)
   +- com.amazonaws:aws-java-sdk-ecr:jar:1.10.76:test
   |  \- (com.amazonaws:aws-java-sdk-core:jar:1.10.76:test - omitted for duplicate)
   +- com.amazonaws:aws-java-sdk-cloudhsm:jar:1.10.76:test
   |  \- (com.amazonaws:aws-java-sdk-core:jar:1.10.76:test - omitted for duplicate)
   +- com.amazonaws:aws-java-sdk-ssm:jar:1.10.76:test
   |  \- (com.amazonaws:aws-java-sdk-core:jar:1.10.76:test - omitted for duplicate)
   +- com.amazonaws:aws-java-sdk-workspaces:jar:1.10.76:test
   |  \- (com.amazonaws:aws-java-sdk-core:jar:1.10.76:test - omitted for duplicate)
   +- com.amazonaws:aws-java-sdk-machinelearning:jar:1.10.76:test
   |  \- (com.amazonaws:aws-java-sdk-core:jar:1.10.76:test - omitted for duplicate)
   +- com.amazonaws:aws-java-sdk-directory:jar:1.10.76:test
   |  \- (com.amazonaws:aws-java-sdk-core:jar:1.10.76:test - omitted for duplicate)
   +- com.amazonaws:aws-java-sdk-efs:jar:1.10.76:test
   |  \- (com.amazonaws:aws-java-sdk-core:jar:1.10.76:test - omitted for duplicate)
   +- com.amazonaws:aws-java-sdk-codecommit:jar:1.10.76:test
   |  \- (com.amazonaws:aws-java-sdk-core:jar:1.10.76:test - omitted for duplicate)
   +- com.amazonaws:aws-java-sdk-devicefarm:jar:1.10.76:test
   |  \- (com.amazonaws:aws-java-sdk-core:jar:1.10.76:test - omitted for duplicate)
   +- com.amazonaws:aws-java-sdk-elasticsearch:jar:1.10.76:test
   |  \- (com.amazonaws:aws-java-sdk-core:jar:1.10.76:test - omitted for duplicate)
   +- com.amazonaws:aws-java-sdk-waf:jar:1.10.76:test
   |  \- (com.amazonaws:aws-java-sdk-core:jar:1.10.76:test - omitted for duplicate)
   +- com.amazonaws:aws-java-sdk-marketplacecommerceanalytics:jar:1.10.76:test
   |  \- (com.amazonaws:aws-java-sdk-core:jar:1.10.76:test - omitted for duplicate)
   +- com.amazonaws:aws-java-sdk-inspector:jar:1.10.76:test
   |  \- (com.amazonaws:aws-java-sdk-core:jar:1.10.76:test - omitted for duplicate)
   +- com.amazonaws:aws-java-sdk-iot:jar:1.10.76:test
   |  \- (com.amazonaws:aws-java-sdk-core:jar:1.10.76:test - omitted for duplicate)
   +- com.amazonaws:aws-java-sdk-api-gateway:jar:1.10.76:test
   |  \- (com.amazonaws:aws-java-sdk-core:jar:1.10.76:test - omitted for duplicate)
   +- com.amazonaws:aws-java-sdk-acm:jar:1.10.76:test
   |  \- (com.amazonaws:aws-java-sdk-core:jar:1.10.76:test - omitted for duplicate)
   +- com.amazonaws:aws-java-sdk-gamelift:jar:1.10.76:test
   |  \- (com.amazonaws:aws-java-sdk-core:jar:1.10.76:test - omitted for duplicate)
   +- com.amazonaws:aws-java-sdk-dms:jar:1.10.76:test
   |  \- (com.amazonaws:aws-java-sdk-core:jar:1.10.76:test - omitted for duplicate)
   +- com.amazonaws:aws-java-sdk-marketplacemeteringservice:jar:1.10.76:test
   |  \- (com.amazonaws:aws-java-sdk-core:jar:1.10.76:test - omitted for duplicate)
   +- com.amazonaws:aws-java-sdk-cognitoidp:jar:1.10.76:test
   |  \- (com.amazonaws:aws-java-sdk-core:jar:1.10.76:test - omitted for duplicate)
   \- com.amazonaws:aws-java-sdk-core:jar:1.10.76:test
      +- commons-logging:commons-logging:jar:1.1.3:test
      +- org.apache.httpcomponents:httpclient:jar:4.3.6:test
      |  +- org.apache.httpcomponents:httpcore:jar:4.3.3:test
      |  +- (commons-logging:commons-logging:jar:1.1.3:test - omitted for duplicate)
      |  \- commons-codec:commons-codec:jar:1.6:test
      +- com.fasterxml.jackson.core:jackson-databind:jar:2.5.3:test
      |  +- com.fasterxml.jackson.core:jackson-annotations:jar:2.5.0:test
      |  \- com.fasterxml.jackson.core:jackson-core:jar:2.5.3:test
      +- com.fasterxml.jackson.dataformat:jackson-dataformat-cbor:jar:2.5.3:test
      |  \- (com.fasterxml.jackson.core:jackson-core:jar:2.5.3:test - omitted for duplicate)
      \- joda-time:joda-time:jar:2.8.1:test

