WARNING: Your kernel does not support swap limit capabilities or the cgroup is not mounted. Memory limited without swap.
org.mariadb.jdbc:mariadb-java-client:jar:2.7.0
+- com.github.waffle:waffle-jna:jar:2.2.1:compile
|  +- (net.java.dev.jna:jna:jar:5.5.0:compile - omitted for duplicate)
|  +- (net.java.dev.jna:jna-platform:jar:5.5.0:compile - omitted for duplicate)
|  +- org.slf4j:jcl-over-slf4j:jar:2.0.0-alpha1:compile
|  |  \- (org.slf4j:slf4j-api:jar:2.0.0-alpha1:compile - omitted for duplicate)
|  +- (org.slf4j:slf4j-api:jar:1.7.25:compile - omitted for duplicate)
|  \- com.github.ben-manes.caffeine:caffeine:jar:2.8.1:compile
|     +- org.checkerframework:checker-qual:jar:3.1.0:compile
|     \- com.google.errorprone:error_prone_annotations:jar:2.3.4:compile
+- junit:junit:jar:4.13:test
|  \- org.hamcrest:hamcrest-core:jar:1.3:test
+- net.java.dev.jna:jna:jar:5.5.0:compile
+- net.java.dev.jna:jna-platform:jar:5.5.0:compile
|  \- (net.java.dev.jna:jna:jar:5.5.0:compile - omitted for duplicate)
+- org.slf4j:slf4j-api:jar:1.7.25:compile
+- ch.qos.logback:logback-classic:jar:1.2.3:test
|  +- ch.qos.logback:logback-core:jar:1.2.3:test
|  \- (org.slf4j:slf4j-api:jar:1.7.25:test - omitted for duplicate)
+- com.amazonaws:aws-java-sdk-rds:jar:1.11.734:compile
|  +- com.amazonaws:aws-java-sdk-core:jar:1.11.734:compile
|  |  +- commons-logging:commons-logging:jar:1.1.3:compile
|  |  +- org.apache.httpcomponents:httpclient:jar:4.5.9:compile
|  |  |  +- org.apache.httpcomponents:httpcore:jar:4.4.11:compile
|  |  |  +- (commons-logging:commons-logging:jar:1.2:compile - omitted for conflict with 1.1.3)
|  |  |  \- commons-codec:commons-codec:jar:1.11:compile
|  |  +- software.amazon.ion:ion-java:jar:1.0.2:compile
|  |  +- com.fasterxml.jackson.core:jackson-databind:jar:2.6.7.3:compile
|  |  |  +- com.fasterxml.jackson.core:jackson-annotations:jar:2.6.0:compile
|  |  |  \- com.fasterxml.jackson.core:jackson-core:jar:2.6.7:compile
|  |  +- com.fasterxml.jackson.dataformat:jackson-dataformat-cbor:jar:2.6.7:compile
|  |  |  \- (com.fasterxml.jackson.core:jackson-core:jar:2.6.7:compile - omitted for duplicate)
|  |  \- joda-time:joda-time:jar:2.8.1:compile
|  \- com.amazonaws:jmespath-java:jar:1.11.734:compile
|     \- (com.fasterxml.jackson.core:jackson-databind:jar:2.6.7.3:compile - omitted for duplicate)
+- org.osgi:org.osgi.core:jar:6.0.0:provided
\- org.osgi:org.osgi.compendium:jar:5.0.0:provided

