WARNING: Your kernel does not support swap limit capabilities or the cgroup is not mounted. Memory limited without swap.
org.mariadb.jdbc:mariadb-java-client:jar:2.3.0
+- com.github.waffle:waffle-jna:jar:1.9.0:compile
|  +- (net.java.dev.jna:jna:jar:4.5.1:compile - omitted for conflict with 4.2.1)
|  +- (net.java.dev.jna:jna-platform:jar:4.5.1:compile - omitted for conflict with 4.2.1)
|  +- org.slf4j:jcl-over-slf4j:jar:1.7.25:compile
|  |  \- (org.slf4j:slf4j-api:jar:1.7.25:compile - omitted for duplicate)
|  +- (org.slf4j:slf4j-api:jar:1.7.25:compile - omitted for duplicate)
|  \- com.github.ben-manes.caffeine:caffeine:jar:2.6.2:compile
+- junit:junit:jar:4.12:test
|  \- org.hamcrest:hamcrest-core:jar:1.3:test
+- com.zaxxer:HikariCP:jar:2.4.7:test
|  \- (org.slf4j:slf4j-api:jar:1.7.21:test - omitted for conflict with 1.7.25)
+- net.java.dev.jna:jna:jar:4.2.1:compile
+- net.java.dev.jna:jna-platform:jar:4.2.1:compile
|  \- (net.java.dev.jna:jna:jar:4.2.1:compile - omitted for duplicate)
+- org.slf4j:slf4j-api:jar:1.7.25:compile
\- ch.qos.logback:logback-classic:jar:1.2.3:test
   +- ch.qos.logback:logback-core:jar:1.2.3:test
   \- (org.slf4j:slf4j-api:jar:1.7.25:test - omitted for duplicate)

