WARNING: Your kernel does not support swap limit capabilities or the cgroup is not mounted. Memory limited without swap.
com.github.hi-fi:robotframework-seleniumlibrary:jar:3.5.3.2
+- org.robotframework:javalib-core:jar:1.2.1:compile
|  +- commons-collections:commons-collections:jar:3.2:compile
|  \- com.thoughtworks.paranamer:paranamer:jar:1.1.2:compile
+- com.github.markusbernhardt:xml-doclet:jar:1.0.5:compile
|  +- com.sun:tools:jar:1.7:system
|  +- commons-cli:commons-cli:jar:1.2:compile
|  \- org.slf4j:slf4j-api:jar:1.7.12:compile
+- org.seleniumhq.selenium:selenium-server:jar:3.5.3:compile
|  +- org.seleniumhq.selenium:selenium-java:jar:3.5.3:compile
|  |  +- (org.seleniumhq.selenium:selenium-api:jar:3.5.3:compile - omitted for duplicate)
|  |  +- (org.seleniumhq.selenium:selenium-chrome-driver:jar:3.5.3:compile - omitted for duplicate)
|  |  +- (org.seleniumhq.selenium:selenium-edge-driver:jar:3.5.3:compile - omitted for duplicate)
|  |  +- (org.seleniumhq.selenium:selenium-firefox-driver:jar:3.5.3:compile - omitted for duplicate)
|  |  +- (org.seleniumhq.selenium:selenium-ie-driver:jar:3.5.3:compile - omitted for duplicate)
|  |  +- (org.seleniumhq.selenium:selenium-opera-driver:jar:3.5.3:compile - omitted for duplicate)
|  |  +- (org.seleniumhq.selenium:selenium-remote-driver:jar:3.5.3:compile - omitted for duplicate)
|  |  +- (org.seleniumhq.selenium:selenium-safari-driver:jar:3.5.3:compile - omitted for duplicate)
|  |  +- (org.seleniumhq.selenium:selenium-support:jar:3.5.3:compile - omitted for duplicate)
|  |  +- (cglib:cglib-nodep:jar:3.2.4:compile - omitted for duplicate)
|  |  +- (org.apache.commons:commons-exec:jar:1.3:compile - omitted for duplicate)
|  |  +- (org.apache.commons:commons-lang3:jar:3.5:compile - omitted for duplicate)
|  |  +- (commons-codec:commons-codec:jar:1.10:compile - omitted for duplicate)
|  |  +- (commons-io:commons-io:jar:2.5:compile - omitted for duplicate)
|  |  +- (commons-logging:commons-logging:jar:1.2:compile - omitted for duplicate)
|  |  +- (org.w3c.css:sac:jar:1.3:compile - omitted for duplicate)
|  |  +- (net.sourceforge.cssparser:cssparser:jar:0.9.23:compile - omitted for duplicate)
|  |  +- (com.google.code.gson:gson:jar:2.8.0:compile - omitted for duplicate)
|  |  +- (com.google.guava:guava:jar:23.0:compile - omitted for duplicate)
|  |  +- (org.hamcrest:hamcrest-core:jar:1.3:compile - omitted for duplicate)
|  |  +- (net.sourceforge.htmlunit:htmlunit:jar:2.27:compile - omitted for duplicate)
|  |  +- (net.sourceforge.htmlunit:htmlunit-core-js:jar:2.27:compile - omitted for duplicate)
|  |  +- (net.sourceforge.htmlunit:neko-htmlunit:jar:2.27:compile - omitted for duplicate)
|  |  +- (org.apache.httpcomponents:httpclient:jar:4.5.3:compile - omitted for duplicate)
|  |  +- (org.apache.httpcomponents:httpcore:jar:4.4.6:compile - omitted for duplicate)
|  |  +- (org.apache.httpcomponents:httpmime:jar:4.5.3:compile - omitted for duplicate)
|  |  +- (org.eclipse.jetty:jetty-client:jar:9.4.5.v20170502:compile - omitted for duplicate)
|  |  +- (org.eclipse.jetty:jetty-http:jar:9.4.5.v20170502:compile - omitted for duplicate)
|  |  +- (org.eclipse.jetty:jetty-io:jar:9.4.5.v20170502:compile - omitted for duplicate)
|  |  +- (org.eclipse.jetty:jetty-util:jar:9.4.5.v20170502:compile - omitted for duplicate)
|  |  +- (net.java.dev.jna:jna:jar:4.1.0:compile - omitted for duplicate)
|  |  +- (net.java.dev.jna:jna-platform:jar:4.1.0:compile - omitted for duplicate)
|  |  +- (junit:junit:jar:4.12:compile - omitted for duplicate)
|  |  +- (org.seleniumhq.selenium:selenium-java:jar:3.1.0:compile - omitted for cycle)
|  |  +- (com.codeborne:phantomjsdriver:jar:1.4.0:compile - omitted for duplicate)
|  |  +- (org.seleniumhq.selenium:htmlunit-driver:jar:2.27:compile - omitted for duplicate)
|  |  +- (javax.servlet:javax.servlet-api:jar:3.1.0:compile - omitted for duplicate)
|  |  +- (org.eclipse.jetty.websocket:websocket-api:jar:9.4.5.v20170502:compile - omitted for duplicate)
|  |  +- (org.eclipse.jetty.websocket:websocket-client:jar:9.4.5.v20170502:compile - omitted for duplicate)
|  |  +- (org.eclipse.jetty.websocket:websocket-common:jar:9.4.5.v20170502:compile - omitted for duplicate)
|  |  +- (xalan:serializer:jar:2.7.2:compile - omitted for duplicate)
|  |  +- (xalan:xalan:jar:2.7.2:compile - omitted for duplicate)
|  |  +- (xerces:xercesImpl:jar:2.11.0:compile - omitted for duplicate)
|  |  \- (xml-apis:xml-apis:jar:1.4.01:compile - omitted for duplicate)
|  +- org.seleniumhq.selenium:selenium-api:jar:3.5.3:compile
|  +- org.seleniumhq.selenium:selenium-chrome-driver:jar:3.5.3:compile
|  |  +- (org.seleniumhq.selenium:selenium-api:jar:3.5.3:compile - omitted for duplicate)
|  |  +- (org.seleniumhq.selenium:selenium-remote-driver:jar:3.5.3:compile - omitted for duplicate)
|  |  +- (cglib:cglib-nodep:jar:3.2.4:compile - omitted for duplicate)
|  |  +- (org.apache.commons:commons-exec:jar:1.3:compile - omitted for duplicate)
|  |  +- (commons-codec:commons-codec:jar:1.10:compile - omitted for duplicate)
|  |  +- (commons-logging:commons-logging:jar:1.2:compile - omitted for duplicate)
|  |  +- (com.google.code.gson:gson:jar:2.8.0:compile - omitted for duplicate)
|  |  +- (com.google.guava:guava:jar:23.0:compile - omitted for duplicate)
|  |  +- (org.apache.httpcomponents:httpclient:jar:4.5.3:compile - omitted for duplicate)
|  |  +- (org.apache.httpcomponents:httpcore:jar:4.4.6:compile - omitted for duplicate)
|  |  +- (net.java.dev.jna:jna:jar:4.1.0:compile - omitted for duplicate)
|  |  \- (net.java.dev.jna:jna-platform:jar:4.1.0:compile - omitted for duplicate)
|  +- org.seleniumhq.selenium:selenium-edge-driver:jar:3.5.3:compile
|  |  +- (org.seleniumhq.selenium:selenium-api:jar:3.5.3:compile - omitted for duplicate)
|  |  +- (org.seleniumhq.selenium:selenium-remote-driver:jar:3.5.3:compile - omitted for duplicate)
|  |  +- (cglib:cglib-nodep:jar:3.2.4:compile - omitted for duplicate)
|  |  +- (org.apache.commons:commons-exec:jar:1.3:compile - omitted for duplicate)
|  |  +- (commons-codec:commons-codec:jar:1.10:compile - omitted for duplicate)
|  |  +- (commons-logging:commons-logging:jar:1.2:compile - omitted for duplicate)
|  |  +- (com.google.code.gson:gson:jar:2.8.0:compile - omitted for duplicate)
|  |  +- (com.google.guava:guava:jar:23.0:compile - omitted for duplicate)
|  |  +- (org.apache.httpcomponents:httpclient:jar:4.5.3:compile - omitted for duplicate)
|  |  +- (org.apache.httpcomponents:httpcore:jar:4.4.6:compile - omitted for duplicate)
|  |  +- (net.java.dev.jna:jna:jar:4.1.0:compile - omitted for duplicate)
|  |  \- (net.java.dev.jna:jna-platform:jar:4.1.0:compile - omitted for duplicate)
|  +- org.seleniumhq.selenium:selenium-firefox-driver:jar:3.5.3:compile
|  |  +- (org.seleniumhq.selenium:selenium-api:jar:3.5.3:compile - omitted for duplicate)
|  |  +- (org.seleniumhq.selenium:selenium-remote-driver:jar:3.5.3:compile - omitted for duplicate)
|  |  +- (cglib:cglib-nodep:jar:3.2.4:compile - omitted for duplicate)
|  |  +- (org.apache.commons:commons-exec:jar:1.3:compile - omitted for duplicate)
|  |  +- (commons-codec:commons-codec:jar:1.10:compile - omitted for duplicate)
|  |  +- (commons-logging:commons-logging:jar:1.2:compile - omitted for duplicate)
|  |  +- (com.google.code.gson:gson:jar:2.8.0:compile - omitted for duplicate)
|  |  +- (com.google.guava:guava:jar:23.0:compile - omitted for duplicate)
|  |  +- (org.apache.httpcomponents:httpclient:jar:4.5.3:compile - omitted for duplicate)
|  |  +- (org.apache.httpcomponents:httpcore:jar:4.4.6:compile - omitted for duplicate)
|  |  +- (net.java.dev.jna:jna:jar:4.1.0:compile - omitted for duplicate)
|  |  \- (net.java.dev.jna:jna-platform:jar:4.1.0:compile - omitted for duplicate)
|  +- org.seleniumhq.selenium:selenium-ie-driver:jar:3.5.3:compile
|  |  +- (org.seleniumhq.selenium:selenium-api:jar:3.5.3:compile - omitted for duplicate)
|  |  +- (org.seleniumhq.selenium:selenium-remote-driver:jar:3.5.3:compile - omitted for duplicate)
|  |  +- (cglib:cglib-nodep:jar:3.2.4:compile - omitted for duplicate)
|  |  +- (org.apache.commons:commons-exec:jar:1.3:compile - omitted for duplicate)
|  |  +- (commons-codec:commons-codec:jar:1.10:compile - omitted for duplicate)
|  |  +- (commons-logging:commons-logging:jar:1.2:compile - omitted for duplicate)
|  |  +- (com.google.code.gson:gson:jar:2.8.0:compile - omitted for duplicate)
|  |  +- (com.google.guava:guava:jar:23.0:compile - omitted for duplicate)
|  |  +- (org.apache.httpcomponents:httpclient:jar:4.5.3:compile - omitted for duplicate)
|  |  +- (org.apache.httpcomponents:httpcore:jar:4.4.6:compile - omitted for duplicate)
|  |  +- (net.java.dev.jna:jna:jar:4.1.0:compile - omitted for duplicate)
|  |  \- (net.java.dev.jna:jna-platform:jar:4.1.0:compile - omitted for duplicate)
|  +- org.seleniumhq.selenium:selenium-opera-driver:jar:3.5.3:compile
|  |  +- (org.seleniumhq.selenium:selenium-api:jar:3.5.3:compile - omitted for duplicate)
|  |  +- (org.seleniumhq.selenium:selenium-remote-driver:jar:3.5.3:compile - omitted for duplicate)
|  |  +- (cglib:cglib-nodep:jar:3.2.4:compile - omitted for duplicate)
|  |  +- (org.apache.commons:commons-exec:jar:1.3:compile - omitted for duplicate)
|  |  +- (commons-codec:commons-codec:jar:1.10:compile - omitted for duplicate)
|  |  +- (commons-logging:commons-logging:jar:1.2:compile - omitted for duplicate)
|  |  +- (com.google.code.gson:gson:jar:2.8.0:compile - omitted for duplicate)
|  |  +- (com.google.guava:guava:jar:23.0:compile - omitted for duplicate)
|  |  +- (org.apache.httpcomponents:httpclient:jar:4.5.3:compile - omitted for duplicate)
|  |  +- (org.apache.httpcomponents:httpcore:jar:4.4.6:compile - omitted for duplicate)
|  |  +- (net.java.dev.jna:jna:jar:4.1.0:compile - omitted for duplicate)
|  |  \- (net.java.dev.jna:jna-platform:jar:4.1.0:compile - omitted for duplicate)
|  +- org.seleniumhq.selenium:selenium-remote-driver:jar:3.5.3:compile
|  |  +- (org.seleniumhq.selenium:selenium-api:jar:3.5.3:compile - omitted for duplicate)
|  |  +- (cglib:cglib-nodep:jar:3.2.4:compile - omitted for duplicate)
|  |  +- (org.apache.commons:commons-exec:jar:1.3:compile - omitted for duplicate)
|  |  +- (commons-codec:commons-codec:jar:1.10:compile - omitted for duplicate)
|  |  +- (commons-logging:commons-logging:jar:1.2:compile - omitted for duplicate)
|  |  +- (com.google.code.gson:gson:jar:2.8.0:compile - omitted for duplicate)
|  |  +- (com.google.guava:guava:jar:23.0:compile - omitted for duplicate)
|  |  +- (org.apache.httpcomponents:httpclient:jar:4.5.3:compile - omitted for duplicate)
|  |  +- (org.apache.httpcomponents:httpcore:jar:4.4.6:compile - omitted for duplicate)
|  |  +- (net.java.dev.jna:jna:jar:4.1.0:compile - omitted for duplicate)
|  |  \- (net.java.dev.jna:jna-platform:jar:4.1.0:compile - omitted for duplicate)
|  +- org.seleniumhq.selenium:selenium-safari-driver:jar:3.5.3:compile
|  |  +- (org.seleniumhq.selenium:selenium-api:jar:3.5.3:compile - omitted for duplicate)
|  |  +- (org.seleniumhq.selenium:selenium-remote-driver:jar:3.5.3:compile - omitted for duplicate)
|  |  +- (cglib:cglib-nodep:jar:3.2.4:compile - omitted for duplicate)
|  |  +- (org.apache.commons:commons-exec:jar:1.3:compile - omitted for duplicate)
|  |  +- (commons-codec:commons-codec:jar:1.10:compile - omitted for duplicate)
|  |  +- (commons-logging:commons-logging:jar:1.2:compile - omitted for duplicate)
|  |  +- (com.google.code.gson:gson:jar:2.8.0:compile - omitted for duplicate)
|  |  +- (com.google.guava:guava:jar:23.0:compile - omitted for duplicate)
|  |  +- (org.apache.httpcomponents:httpclient:jar:4.5.3:compile - omitted for duplicate)
|  |  +- (org.apache.httpcomponents:httpcore:jar:4.4.6:compile - omitted for duplicate)
|  |  +- (net.java.dev.jna:jna:jar:4.1.0:compile - omitted for duplicate)
|  |  \- (net.java.dev.jna:jna-platform:jar:4.1.0:compile - omitted for duplicate)
|  +- org.seleniumhq.selenium:selenium-support:jar:3.5.3:compile
|  |  +- (org.seleniumhq.selenium:selenium-api:jar:3.5.3:compile - omitted for duplicate)
|  |  +- (org.seleniumhq.selenium:selenium-remote-driver:jar:3.5.3:compile - omitted for duplicate)
|  |  +- (cglib:cglib-nodep:jar:3.2.4:compile - omitted for duplicate)
|  |  +- (org.apache.commons:commons-exec:jar:1.3:compile - omitted for duplicate)
|  |  +- (commons-codec:commons-codec:jar:1.10:compile - omitted for duplicate)
|  |  +- (commons-logging:commons-logging:jar:1.2:compile - omitted for duplicate)
|  |  +- (com.google.code.gson:gson:jar:2.8.0:compile - omitted for duplicate)
|  |  +- (com.google.guava:guava:jar:23.0:compile - omitted for duplicate)
|  |  +- (org.hamcrest:hamcrest-core:jar:1.3:compile - omitted for duplicate)
|  |  +- (org.apache.httpcomponents:httpclient:jar:4.5.3:compile - omitted for duplicate)
|  |  +- (org.apache.httpcomponents:httpcore:jar:4.4.6:compile - omitted for duplicate)
|  |  +- (net.java.dev.jna:jna:jar:4.1.0:compile - omitted for duplicate)
|  |  +- (net.java.dev.jna:jna-platform:jar:4.1.0:compile - omitted for duplicate)
|  |  \- (junit:junit:jar:4.12:compile - omitted for duplicate)
|  +- com.beust:jcommander:jar:1.48:compile
|  +- cglib:cglib-nodep:jar:3.2.4:compile
|  +- (org.apache.commons:commons-exec:jar:1.3:compile - omitted for duplicate)
|  +- org.apache.commons:commons-lang3:jar:3.5:compile
|  +- commons-codec:commons-codec:jar:1.10:compile
|  +- commons-io:commons-io:jar:2.5:compile
|  +- commons-logging:commons-logging:jar:1.2:compile
|  +- org.w3c.css:sac:jar:1.3:compile
|  +- net.sourceforge.cssparser:cssparser:jar:0.9.23:compile
|  |  \- (org.w3c.css:sac:jar:1.3:compile - omitted for duplicate)
|  +- com.google.code.gson:gson:jar:2.8.0:compile
|  +- com.google.guava:guava:jar:23.0:compile
|  |  +- com.google.code.findbugs:jsr305:jar:1.3.9:compile
|  |  +- com.google.errorprone:error_prone_annotations:jar:2.0.18:compile
|  |  +- com.google.j2objc:j2objc-annotations:jar:1.1:compile
|  |  \- org.codehaus.mojo:animal-sniffer-annotations:jar:1.14:compile
|  +- org.hamcrest:hamcrest-core:jar:1.3:compile
|  +- net.sourceforge.htmlunit:htmlunit:jar:2.27:compile
|  |  +- (xalan:xalan:jar:2.7.2:compile - omitted for duplicate)
|  |  +- (org.apache.commons:commons-lang3:jar:3.5:compile - omitted for duplicate)
|  |  +- (org.apache.httpcomponents:httpmime:jar:4.5.3:compile - omitted for duplicate)
|  |  +- (net.sourceforge.htmlunit:htmlunit-core-js:jar:2.27:compile - omitted for duplicate)
|  |  +- (net.sourceforge.htmlunit:neko-htmlunit:jar:2.27:compile - omitted for duplicate)
|  |  +- (net.sourceforge.cssparser:cssparser:jar:0.9.23:compile - omitted for duplicate)
|  |  +- (commons-io:commons-io:jar:2.5:compile - omitted for duplicate)
|  |  +- (commons-logging:commons-logging:jar:1.2:compile - omitted for duplicate)
|  |  \- (org.eclipse.jetty.websocket:websocket-client:jar:9.4.5.v20170502:compile - omitted for duplicate)
|  +- net.sourceforge.htmlunit:htmlunit-core-js:jar:2.27:compile
|  +- net.sourceforge.htmlunit:neko-htmlunit:jar:2.27:compile
|  |  \- (xerces:xercesImpl:jar:2.11.0:compile - omitted for duplicate)
|  +- org.apache.httpcomponents:httpclient:jar:4.5.3:compile
|  |  +- (org.apache.httpcomponents:httpcore:jar:4.4.6:compile - omitted for duplicate)
|  |  +- (commons-logging:commons-logging:jar:1.2:compile - omitted for duplicate)
|  |  \- (commons-codec:commons-codec:jar:1.9:compile - omitted for conflict with 1.10)
|  +- org.apache.httpcomponents:httpcore:jar:4.4.6:compile
|  +- org.apache.httpcomponents:httpmime:jar:4.5.3:compile
|  |  \- (org.apache.httpcomponents:httpclient:jar:4.5.3:compile - omitted for duplicate)
|  +- net.jcip:jcip-annotations:jar:1.0:compile
|  +- org.seleniumhq.selenium:jetty-repacked:jar:9.4.5.v20170502:compile
|  |  \- (javax.servlet:javax.servlet-api:jar:3.1.0:compile - omitted for duplicate)
|  +- org.eclipse.jetty:jetty-client:jar:9.4.5.v20170502:compile
|  |  +- (org.eclipse.jetty:jetty-http:jar:9.4.5.v20170502:compile - omitted for duplicate)
|  |  \- (org.eclipse.jetty:jetty-io:jar:9.4.5.v20170502:compile - omitted for duplicate)
|  +- org.eclipse.jetty:jetty-http:jar:9.4.5.v20170502:compile
|  |  +- (org.eclipse.jetty:jetty-util:jar:9.4.5.v20170502:compile - omitted for duplicate)
|  |  \- (org.eclipse.jetty:jetty-io:jar:9.4.5.v20170502:compile - omitted for duplicate)
|  +- org.eclipse.jetty:jetty-io:jar:9.4.5.v20170502:compile
|  |  \- (org.eclipse.jetty:jetty-util:jar:9.4.5.v20170502:compile - omitted for duplicate)
|  +- org.eclipse.jetty:jetty-util:jar:9.4.5.v20170502:compile
|  +- net.java.dev.jna:jna:jar:4.1.0:compile
|  +- net.java.dev.jna:jna-platform:jar:4.1.0:compile
|  |  \- (net.java.dev.jna:jna:jar:4.1.0:compile - omitted for duplicate)
|  +- junit:junit:jar:4.12:compile
|  |  \- (org.hamcrest:hamcrest-core:jar:1.3:compile - omitted for duplicate)
|  +- com.codeborne:phantomjsdriver:jar:1.4.0:compile
|  |  +- (com.codeborne:phantomjsdriver:jar:1.3.0:compile - omitted for cycle)
|  |  +- (org.seleniumhq.selenium:selenium-java:jar:3.1.0:compile - omitted for conflict with 3.5.3)
|  |  \- (org.seleniumhq.selenium:selenium-remote-driver:jar:3.1.0:compile - omitted for conflict with 3.5.3)
|  +- org.seleniumhq.selenium:htmlunit-driver:jar:2.27:compile
|  |  +- (org.seleniumhq.selenium:selenium-api:jar:3.4.0:compile - omitted for conflict with 3.5.3)
|  |  +- (org.seleniumhq.selenium:selenium-support:jar:3.4.0:compile - omitted for conflict with 3.5.3)
|  |  \- (net.sourceforge.htmlunit:htmlunit:jar:2.27:compile - omitted for duplicate)
|  +- javax.servlet:javax.servlet-api:jar:3.1.0:compile
|  +- org.eclipse.jetty.websocket:websocket-api:jar:9.4.5.v20170502:compile
|  +- org.eclipse.jetty.websocket:websocket-client:jar:9.4.5.v20170502:compile
|  |  +- (org.eclipse.jetty:jetty-util:jar:9.4.5.v20170502:compile - omitted for duplicate)
|  |  +- (org.eclipse.jetty:jetty-io:jar:9.4.5.v20170502:compile - omitted for duplicate)
|  |  +- (org.eclipse.jetty:jetty-client:jar:9.4.5.v20170502:compile - omitted for duplicate)
|  |  \- (org.eclipse.jetty.websocket:websocket-common:jar:9.4.5.v20170502:compile - omitted for duplicate)
|  +- org.eclipse.jetty.websocket:websocket-common:jar:9.4.5.v20170502:compile
|  |  +- (org.eclipse.jetty.websocket:websocket-api:jar:9.4.5.v20170502:compile - omitted for duplicate)
|  |  +- (org.eclipse.jetty:jetty-util:jar:9.4.5.v20170502:compile - omitted for duplicate)
|  |  \- (org.eclipse.jetty:jetty-io:jar:9.4.5.v20170502:compile - omitted for duplicate)
|  +- xalan:serializer:jar:2.7.2:compile
|  |  \- (xml-apis:xml-apis:jar:1.3.04:compile - omitted for conflict with 1.4.01)
|  +- xalan:xalan:jar:2.7.2:compile
|  |  \- (xalan:serializer:jar:2.7.2:compile - omitted for duplicate)
|  +- xerces:xercesImpl:jar:2.11.0:compile
|  |  \- (xml-apis:xml-apis:jar:1.4.01:compile - omitted for duplicate)
|  +- xml-apis:xml-apis:jar:1.4.01:compile
|  \- org.yaml:snakeyaml:jar:1.15:compile
+- org.robotframework:robotframework:jar:3.0.2:compile
+- org.aspectj:aspectjrt:jar:1.8.11:compile
+- com.googlecode.json-simple:json-simple:jar:1.1.1:compile
|  \- (junit:junit:jar:4.10:compile - omitted for conflict with 4.12)
+- io.selendroid:selendroid-client:jar:0.17.0:compile
|  +- (org.seleniumhq.selenium:selenium-java:jar:2.48.0:compile - omitted for conflict with 3.5.3)
|  +- io.selendroid:selendroid-common:jar:0.17.0:compile
|  |  +- (org.seleniumhq.selenium:selenium-java:jar:2.48.0:compile - omitted for conflict with 3.5.3)
|  |  \- org.json:json:jar:20090211:compile
|  \- io.selendroid:selendroid-server-common:jar:0.17.0:compile
|     \- io.netty:netty-all:jar:4.0.21.Final:compile
+- io.appium:java-client:jar:5.0.4:compile
|  +- (org.seleniumhq.selenium:selenium-java:jar:3.6.0:compile - omitted for conflict with 3.5.3)
|  +- (org.seleniumhq.selenium:selenium-support:jar:3.6.0:compile - omitted for conflict with 3.5.3)
|  +- (org.seleniumhq.selenium:selenium-api:jar:3.6.0:compile - omitted for conflict with 3.5.3)
|  +- (com.google.code.gson:gson:jar:2.8.2:compile - omitted for conflict with 2.8.0)
|  +- (org.apache.httpcomponents:httpclient:jar:4.5.3:compile - omitted for duplicate)
|  +- cglib:cglib:jar:3.2.5:compile
|  |  +- org.ow2.asm:asm:jar:5.2:compile
|  |  \- org.apache.ant:ant:jar:1.9.6:compile
|  |     \- org.apache.ant:ant-launcher:jar:1.9.6:compile
|  +- commons-validator:commons-validator:jar:1.6:compile
|  |  +- commons-beanutils:commons-beanutils:jar:1.9.2:compile
|  |  |  +- (commons-logging:commons-logging:jar:1.1.1:compile - omitted for conflict with 1.2)
|  |  |  \- (commons-collections:commons-collections:jar:3.2.1:compile - omitted for conflict with 3.2)
|  |  +- commons-digester:commons-digester:jar:1.8.1:compile
|  |  +- (commons-logging:commons-logging:jar:1.2:compile - omitted for duplicate)
|  |  \- (commons-collections:commons-collections:jar:3.2.2:compile - omitted for conflict with 3.2)
|  +- (org.apache.commons:commons-lang3:jar:3.6:compile - omitted for conflict with 3.5)
|  +- (commons-io:commons-io:jar:2.5:compile - omitted for duplicate)
|  +- org.springframework:spring-context:jar:5.0.0.RELEASE:compile
|  |  +- org.springframework:spring-aop:jar:5.0.0.RELEASE:compile
|  |  |  +- (org.springframework:spring-beans:jar:5.0.0.RELEASE:compile - omitted for duplicate)
|  |  |  \- (org.springframework:spring-core:jar:5.0.0.RELEASE:compile - omitted for duplicate)
|  |  +- org.springframework:spring-beans:jar:5.0.0.RELEASE:compile
|  |  |  \- (org.springframework:spring-core:jar:5.0.0.RELEASE:compile - omitted for duplicate)
|  |  +- org.springframework:spring-core:jar:5.0.0.RELEASE:compile
|  |  |  \- org.springframework:spring-jcl:jar:5.0.0.RELEASE:compile
|  |  \- org.springframework:spring-expression:jar:5.0.0.RELEASE:compile
|  |     \- (org.springframework:spring-core:jar:5.0.0.RELEASE:compile - omitted for duplicate)
|  +- org.aspectj:aspectjweaver:jar:1.8.11:compile
|  \- org.openpnp:opencv:jar:3.2.0-1:compile
+- org.apache.commons:commons-exec:jar:1.3:compile
+- com.machinepublishers:jbrowserdriver:jar:0.17.9:compile
|  +- org.apache.httpcomponents:httpclient-cache:jar:4.5.2:compile
|  |  +- (org.apache.httpcomponents:httpclient:jar:4.5.2:compile - omitted for conflict with 4.5.3)
|  |  \- (commons-logging:commons-logging:jar:1.2:compile - omitted for duplicate)
|  +- (org.slf4j:slf4j-api:jar:1.7.2:compile - omitted for conflict with 1.7.12)
|  +- (org.seleniumhq.selenium:selenium-api:jar:2.53.0:compile - omitted for conflict with 3.5.3)
|  +- (org.seleniumhq.selenium:selenium-remote-driver:jar:2.53.0:compile - omitted for conflict with 3.5.3)
|  +- (org.seleniumhq.selenium:selenium-server:jar:2.53.0:compile - omitted for conflict with 3.5.3)
|  +- (com.google.guava:guava:jar:19.0:compile - omitted for conflict with 23.0)
|  +- org.zeroturnaround:zt-process:jar:1.3:compile
|  |  +- org.zeroturnaround:zt-exec:jar:1.7:compile
|  |  |  +- (commons-io:commons-io:jar:1.4:compile - omitted for conflict with 2.5)
|  |  |  \- (org.slf4j:slf4j-api:jar:1.7.2:compile - omitted for conflict with 1.7.12)
|  |  +- com.sun.jna:jna:jar:3.0.9:compile
|  |  +- commons-lang:commons-lang:jar:2.6:compile
|  |  +- (commons-io:commons-io:jar:2.2:compile - omitted for conflict with 2.5)
|  |  \- (org.slf4j:slf4j-api:jar:1.6.3:compile - omitted for conflict with 1.7.12)
|  \- io.github.lukehutch:fast-classpath-scanner:jar:2.0.16:compile
\- org.mockito:mockito-core:jar:2.0.31-beta:test
   +- net.bytebuddy:byte-buddy:jar:0.6.14:test
   \- org.objenesis:objenesis:jar:2.1:test

