WARNING: Your kernel does not support swap limit capabilities or the cgroup is not mounted. Memory limited without swap.
com.github.hi-fi:robotframework-seleniumlibrary:jar:3.12.0.1
+- org.robotframework:javalib-core:jar:1.2.1:compile
|  +- commons-collections:commons-collections:jar:3.2:compile
|  \- com.thoughtworks.paranamer:paranamer:jar:1.1.2:compile
+- org.seleniumhq.selenium:selenium-server:jar:3.12.0:compile
|  +- org.seleniumhq.selenium:selenium-java:jar:3.12.0:compile
|  |  +- (org.seleniumhq.selenium:selenium-api:jar:3.12.0:compile - omitted for duplicate)
|  |  +- (org.seleniumhq.selenium:selenium-chrome-driver:jar:3.12.0:compile - omitted for duplicate)
|  |  +- (org.seleniumhq.selenium:selenium-edge-driver:jar:3.12.0:compile - omitted for duplicate)
|  |  +- (org.seleniumhq.selenium:selenium-firefox-driver:jar:3.12.0:compile - omitted for duplicate)
|  |  +- (org.seleniumhq.selenium:selenium-ie-driver:jar:3.12.0:compile - omitted for duplicate)
|  |  +- (org.seleniumhq.selenium:selenium-opera-driver:jar:3.12.0:compile - omitted for duplicate)
|  |  +- (org.seleniumhq.selenium:selenium-remote-driver:jar:3.12.0:compile - omitted for duplicate)
|  |  +- (org.seleniumhq.selenium:selenium-safari-driver:jar:3.12.0:compile - omitted for duplicate)
|  |  +- (org.seleniumhq.selenium:selenium-support:jar:3.12.0:compile - omitted for duplicate)
|  |  +- (net.bytebuddy:byte-buddy:jar:1.8.3:compile - omitted for duplicate)
|  |  +- (org.apache.commons:commons-exec:jar:1.3:compile - omitted for duplicate)
|  |  +- (commons-codec:commons-codec:jar:1.10:compile - omitted for duplicate)
|  |  +- (commons-logging:commons-logging:jar:1.2:compile - omitted for duplicate)
|  |  +- (com.google.code.gson:gson:jar:2.8.2:compile - omitted for duplicate)
|  |  +- (com.google.guava:guava:jar:23.6-jre:compile - omitted for duplicate)
|  |  +- (org.apache.httpcomponents:httpclient:jar:4.5.3:compile - omitted for duplicate)
|  |  +- (org.apache.httpcomponents:httpcore:jar:4.4.6:compile - omitted for duplicate)
|  |  +- (com.squareup.okhttp3:okhttp:jar:3.9.1:compile - omitted for duplicate)
|  |  \- (com.squareup.okio:okio:jar:1.13.0:compile - omitted for duplicate)
|  +- org.seleniumhq.selenium:selenium-api:jar:3.12.0:compile
|  +- org.seleniumhq.selenium:selenium-chrome-driver:jar:3.12.0:compile
|  |  +- (org.seleniumhq.selenium:selenium-api:jar:3.12.0:compile - omitted for duplicate)
|  |  +- (org.seleniumhq.selenium:selenium-remote-driver:jar:3.12.0:compile - omitted for duplicate)
|  |  +- (net.bytebuddy:byte-buddy:jar:1.8.3:compile - omitted for duplicate)
|  |  +- (org.apache.commons:commons-exec:jar:1.3:compile - omitted for duplicate)
|  |  +- (commons-codec:commons-codec:jar:1.10:compile - omitted for duplicate)
|  |  +- (commons-logging:commons-logging:jar:1.2:compile - omitted for duplicate)
|  |  +- (com.google.code.gson:gson:jar:2.8.2:compile - omitted for duplicate)
|  |  +- (com.google.guava:guava:jar:23.6-jre:compile - omitted for duplicate)
|  |  +- (org.apache.httpcomponents:httpclient:jar:4.5.3:compile - omitted for duplicate)
|  |  +- (org.apache.httpcomponents:httpcore:jar:4.4.6:compile - omitted for duplicate)
|  |  +- (com.squareup.okhttp3:okhttp:jar:3.9.1:compile - omitted for duplicate)
|  |  \- (com.squareup.okio:okio:jar:1.13.0:compile - omitted for duplicate)
|  +- org.seleniumhq.selenium:selenium-edge-driver:jar:3.12.0:compile
|  |  +- (org.seleniumhq.selenium:selenium-api:jar:3.12.0:compile - omitted for duplicate)
|  |  +- (org.seleniumhq.selenium:selenium-remote-driver:jar:3.12.0:compile - omitted for duplicate)
|  |  +- (net.bytebuddy:byte-buddy:jar:1.8.3:compile - omitted for duplicate)
|  |  +- (org.apache.commons:commons-exec:jar:1.3:compile - omitted for duplicate)
|  |  +- (commons-codec:commons-codec:jar:1.10:compile - omitted for duplicate)
|  |  +- (commons-logging:commons-logging:jar:1.2:compile - omitted for duplicate)
|  |  +- (com.google.code.gson:gson:jar:2.8.2:compile - omitted for duplicate)
|  |  +- (com.google.guava:guava:jar:23.6-jre:compile - omitted for duplicate)
|  |  +- (org.apache.httpcomponents:httpclient:jar:4.5.3:compile - omitted for duplicate)
|  |  +- (org.apache.httpcomponents:httpcore:jar:4.4.6:compile - omitted for duplicate)
|  |  +- (com.squareup.okhttp3:okhttp:jar:3.9.1:compile - omitted for duplicate)
|  |  \- (com.squareup.okio:okio:jar:1.13.0:compile - omitted for duplicate)
|  +- org.seleniumhq.selenium:selenium-firefox-driver:jar:3.12.0:compile
|  |  +- (org.seleniumhq.selenium:selenium-api:jar:3.12.0:compile - omitted for duplicate)
|  |  +- (org.seleniumhq.selenium:selenium-remote-driver:jar:3.12.0:compile - omitted for duplicate)
|  |  +- (net.bytebuddy:byte-buddy:jar:1.8.3:compile - omitted for duplicate)
|  |  +- (org.apache.commons:commons-exec:jar:1.3:compile - omitted for duplicate)
|  |  +- (commons-codec:commons-codec:jar:1.10:compile - omitted for duplicate)
|  |  +- (commons-logging:commons-logging:jar:1.2:compile - omitted for duplicate)
|  |  +- (com.google.code.gson:gson:jar:2.8.2:compile - omitted for duplicate)
|  |  +- (com.google.guava:guava:jar:23.6-jre:compile - omitted for duplicate)
|  |  +- (org.apache.httpcomponents:httpclient:jar:4.5.3:compile - omitted for duplicate)
|  |  +- (org.apache.httpcomponents:httpcore:jar:4.4.6:compile - omitted for duplicate)
|  |  +- (com.squareup.okhttp3:okhttp:jar:3.9.1:compile - omitted for duplicate)
|  |  \- (com.squareup.okio:okio:jar:1.13.0:compile - omitted for duplicate)
|  +- org.seleniumhq.selenium:selenium-ie-driver:jar:3.12.0:compile
|  |  +- (org.seleniumhq.selenium:selenium-api:jar:3.12.0:compile - omitted for duplicate)
|  |  +- (org.seleniumhq.selenium:selenium-remote-driver:jar:3.12.0:compile - omitted for duplicate)
|  |  +- (net.bytebuddy:byte-buddy:jar:1.8.3:compile - omitted for duplicate)
|  |  +- (org.apache.commons:commons-exec:jar:1.3:compile - omitted for duplicate)
|  |  +- (commons-codec:commons-codec:jar:1.10:compile - omitted for duplicate)
|  |  +- (commons-logging:commons-logging:jar:1.2:compile - omitted for duplicate)
|  |  +- (com.google.code.gson:gson:jar:2.8.2:compile - omitted for duplicate)
|  |  +- (com.google.guava:guava:jar:23.6-jre:compile - omitted for duplicate)
|  |  +- (org.apache.httpcomponents:httpclient:jar:4.5.3:compile - omitted for duplicate)
|  |  +- (org.apache.httpcomponents:httpcore:jar:4.4.6:compile - omitted for duplicate)
|  |  +- (com.squareup.okhttp3:okhttp:jar:3.9.1:compile - omitted for duplicate)
|  |  \- (com.squareup.okio:okio:jar:1.13.0:compile - omitted for duplicate)
|  +- org.seleniumhq.selenium:selenium-opera-driver:jar:3.12.0:compile
|  |  +- (org.seleniumhq.selenium:selenium-api:jar:3.12.0:compile - omitted for duplicate)
|  |  +- (org.seleniumhq.selenium:selenium-remote-driver:jar:3.12.0:compile - omitted for duplicate)
|  |  +- (net.bytebuddy:byte-buddy:jar:1.8.3:compile - omitted for duplicate)
|  |  +- (org.apache.commons:commons-exec:jar:1.3:compile - omitted for duplicate)
|  |  +- (commons-codec:commons-codec:jar:1.10:compile - omitted for duplicate)
|  |  +- (commons-logging:commons-logging:jar:1.2:compile - omitted for duplicate)
|  |  +- (com.google.code.gson:gson:jar:2.8.2:compile - omitted for duplicate)
|  |  +- (com.google.guava:guava:jar:23.6-jre:compile - omitted for duplicate)
|  |  +- (org.apache.httpcomponents:httpclient:jar:4.5.3:compile - omitted for duplicate)
|  |  +- (org.apache.httpcomponents:httpcore:jar:4.4.6:compile - omitted for duplicate)
|  |  +- (com.squareup.okhttp3:okhttp:jar:3.9.1:compile - omitted for duplicate)
|  |  \- (com.squareup.okio:okio:jar:1.13.0:compile - omitted for duplicate)
|  +- org.seleniumhq.selenium:selenium-remote-driver:jar:3.12.0:compile
|  |  +- (org.seleniumhq.selenium:selenium-api:jar:3.12.0:compile - omitted for duplicate)
|  |  +- (net.bytebuddy:byte-buddy:jar:1.8.3:compile - omitted for duplicate)
|  |  +- (org.apache.commons:commons-exec:jar:1.3:compile - omitted for duplicate)
|  |  +- (commons-codec:commons-codec:jar:1.10:compile - omitted for duplicate)
|  |  +- (commons-logging:commons-logging:jar:1.2:compile - omitted for duplicate)
|  |  +- (com.google.code.gson:gson:jar:2.8.2:compile - omitted for duplicate)
|  |  +- (com.google.guava:guava:jar:23.6-jre:compile - omitted for duplicate)
|  |  +- (org.apache.httpcomponents:httpclient:jar:4.5.3:compile - omitted for duplicate)
|  |  +- (org.apache.httpcomponents:httpcore:jar:4.4.6:compile - omitted for duplicate)
|  |  +- (com.squareup.okhttp3:okhttp:jar:3.9.1:compile - omitted for duplicate)
|  |  \- (com.squareup.okio:okio:jar:1.13.0:compile - omitted for duplicate)
|  +- org.seleniumhq.selenium:selenium-safari-driver:jar:3.12.0:compile
|  |  +- (org.seleniumhq.selenium:selenium-api:jar:3.12.0:compile - omitted for duplicate)
|  |  +- (org.seleniumhq.selenium:selenium-remote-driver:jar:3.12.0:compile - omitted for duplicate)
|  |  +- (net.bytebuddy:byte-buddy:jar:1.8.3:compile - omitted for duplicate)
|  |  +- (org.apache.commons:commons-exec:jar:1.3:compile - omitted for duplicate)
|  |  +- (commons-codec:commons-codec:jar:1.10:compile - omitted for duplicate)
|  |  +- (commons-logging:commons-logging:jar:1.2:compile - omitted for duplicate)
|  |  +- (com.google.code.gson:gson:jar:2.8.2:compile - omitted for duplicate)
|  |  +- (com.google.guava:guava:jar:23.6-jre:compile - omitted for duplicate)
|  |  +- (org.apache.httpcomponents:httpclient:jar:4.5.3:compile - omitted for duplicate)
|  |  +- (org.apache.httpcomponents:httpcore:jar:4.4.6:compile - omitted for duplicate)
|  |  +- (com.squareup.okhttp3:okhttp:jar:3.9.1:compile - omitted for duplicate)
|  |  \- (com.squareup.okio:okio:jar:1.13.0:compile - omitted for duplicate)
|  +- org.seleniumhq.selenium:selenium-support:jar:3.12.0:compile
|  |  +- (org.seleniumhq.selenium:selenium-api:jar:3.12.0:compile - omitted for duplicate)
|  |  +- (org.seleniumhq.selenium:selenium-remote-driver:jar:3.12.0:compile - omitted for duplicate)
|  |  +- (net.bytebuddy:byte-buddy:jar:1.8.3:compile - omitted for duplicate)
|  |  +- (org.apache.commons:commons-exec:jar:1.3:compile - omitted for duplicate)
|  |  +- (commons-codec:commons-codec:jar:1.10:compile - omitted for duplicate)
|  |  +- (commons-logging:commons-logging:jar:1.2:compile - omitted for duplicate)
|  |  +- (com.google.code.gson:gson:jar:2.8.2:compile - omitted for duplicate)
|  |  +- (com.google.guava:guava:jar:23.6-jre:compile - omitted for duplicate)
|  |  +- (org.apache.httpcomponents:httpclient:jar:4.5.3:compile - omitted for duplicate)
|  |  +- (org.apache.httpcomponents:httpcore:jar:4.4.6:compile - omitted for duplicate)
|  |  +- (com.squareup.okhttp3:okhttp:jar:3.9.1:compile - omitted for duplicate)
|  |  \- (com.squareup.okio:okio:jar:1.13.0:compile - omitted for duplicate)
|  +- com.beust:jcommander:jar:1.72:compile
|  +- net.bytebuddy:byte-buddy:jar:1.8.3:compile
|  +- (org.apache.commons:commons-exec:jar:1.3:compile - omitted for duplicate)
|  +- org.apache.commons:commons-lang3:jar:3.7:compile
|  +- org.apache.commons:commons-text:jar:1.1:compile
|  |  \- (org.apache.commons:commons-lang3:jar:3.5:compile - omitted for conflict with 3.7)
|  +- commons-codec:commons-codec:jar:1.10:compile
|  +- commons-io:commons-io:jar:2.6:compile
|  +- commons-logging:commons-logging:jar:1.2:compile
|  +- commons-net:commons-net:jar:3.6:compile
|  +- org.w3c.css:sac:jar:1.3:compile
|  +- net.sourceforge.cssparser:cssparser:jar:0.9.24:compile
|  |  \- (org.w3c.css:sac:jar:1.3:compile - omitted for duplicate)
|  +- com.google.code.gson:gson:jar:2.8.2:compile
|  +- com.google.guava:guava:jar:23.6-jre:compile
|  |  +- com.google.code.findbugs:jsr305:jar:1.3.9:compile
|  |  +- org.checkerframework:checker-compat-qual:jar:2.0.0:compile
|  |  +- com.google.errorprone:error_prone_annotations:jar:2.1.3:compile
|  |  +- com.google.j2objc:j2objc-annotations:jar:1.1:compile
|  |  \- org.codehaus.mojo:animal-sniffer-annotations:jar:1.14:compile
|  +- net.sourceforge.htmlunit:htmlunit:jar:2.29:compile
|  |  +- (xalan:xalan:jar:2.7.2:compile - omitted for duplicate)
|  |  +- (org.apache.commons:commons-lang3:jar:3.7:compile - omitted for duplicate)
|  |  +- (org.apache.commons:commons-text:jar:1.2:compile - omitted for conflict with 1.1)
|  |  +- (org.apache.httpcomponents:httpmime:jar:4.5.4:compile - omitted for conflict with 4.5.3)
|  |  +- (net.sourceforge.htmlunit:htmlunit-core-js:jar:2.28:compile - omitted for duplicate)
|  |  +- (net.sourceforge.htmlunit:neko-htmlunit:jar:2.28:compile - omitted for duplicate)
|  |  +- (net.sourceforge.cssparser:cssparser:jar:0.9.24:compile - omitted for duplicate)
|  |  +- (commons-io:commons-io:jar:2.6:compile - omitted for duplicate)
|  |  +- (commons-logging:commons-logging:jar:1.2:compile - omitted for duplicate)
|  |  +- (commons-net:commons-net:jar:3.6:compile - omitted for duplicate)
|  |  \- (org.eclipse.jetty.websocket:websocket-client:jar:9.4.8.v20171121:compile - omitted for conflict with 9.4.7.v20170914)
|  +- net.sourceforge.htmlunit:htmlunit-core-js:jar:2.28:compile
|  +- net.sourceforge.htmlunit:neko-htmlunit:jar:2.28:compile
|  |  \- (xerces:xercesImpl:jar:2.11.0:compile - omitted for duplicate)
|  +- org.apache.httpcomponents:httpclient:jar:4.5.3:compile
|  |  +- (org.apache.httpcomponents:httpcore:jar:4.4.6:compile - omitted for duplicate)
|  |  +- (commons-logging:commons-logging:jar:1.2:compile - omitted for duplicate)
|  |  \- (commons-codec:commons-codec:jar:1.9:compile - omitted for conflict with 1.10)
|  +- org.apache.httpcomponents:httpcore:jar:4.4.6:compile
|  +- org.apache.httpcomponents:httpmime:jar:4.5.3:compile
|  |  \- (org.apache.httpcomponents:httpclient:jar:4.5.3:compile - omitted for duplicate)
|  +- net.jcip:jcip-annotations:jar:1.0:compile
|  +- org.seleniumhq.selenium:jetty-repacked:jar:9.4.7.v20171121:compile
|  |  \- (javax.servlet:javax.servlet-api:jar:3.1.0:compile - omitted for duplicate)
|  +- org.eclipse.jetty:jetty-client:jar:9.4.7.v20170914:compile
|  |  +- (org.eclipse.jetty:jetty-http:jar:9.4.7.v20170914:compile - omitted for conflict with 9.4.8.v20171121)
|  |  \- (org.eclipse.jetty:jetty-io:jar:9.4.7.v20170914:compile - omitted for conflict with 9.4.8.v20171121)
|  +- org.eclipse.jetty:jetty-http:jar:9.4.8.v20171121:compile
|  |  +- (org.eclipse.jetty:jetty-util:jar:9.4.8.v20171121:compile - omitted for duplicate)
|  |  \- (org.eclipse.jetty:jetty-io:jar:9.4.8.v20171121:compile - omitted for conflict with 9.4.7.v20170914)
|  +- org.eclipse.jetty:jetty-io:jar:9.4.8.v20171121:compile
|  |  \- (org.eclipse.jetty:jetty-util:jar:9.4.8.v20171121:compile - omitted for duplicate)
|  +- org.eclipse.jetty:jetty-util:jar:9.4.8.v20171121:compile
|  +- org.eclipse.jetty:jetty-xml:jar:9.4.7.v20170914:compile
|  |  \- (org.eclipse.jetty:jetty-util:jar:9.4.7.v20170914:compile - omitted for conflict with 9.4.8.v20171121)
|  +- com.squareup.okhttp3:okhttp:jar:3.9.1:compile
|  |  \- (com.squareup.okio:okio:jar:1.13.0:compile - omitted for duplicate)
|  +- com.squareup.okio:okio:jar:1.13.0:compile
|  +- org.seleniumhq.selenium:htmlunit-driver:jar:2.29.0:compile
|  |  +- (org.seleniumhq.selenium:selenium-api:jar:3.8.1:compile - omitted for conflict with 3.12.0)
|  |  +- (org.seleniumhq.selenium:selenium-support:jar:3.8.1:compile - omitted for conflict with 3.12.0)
|  |  \- (net.sourceforge.htmlunit:htmlunit:jar:2.29:compile - omitted for duplicate)
|  +- javax.servlet:javax.servlet-api:jar:3.1.0:compile
|  +- org.eclipse.jetty.websocket:websocket-api:jar:9.4.7.v20170914:compile
|  +- org.eclipse.jetty.websocket:websocket-client:jar:9.4.7.v20170914:compile
|  |  +- (org.eclipse.jetty:jetty-client:jar:9.4.7.v20170914:compile - omitted for duplicate)
|  |  +- (org.eclipse.jetty:jetty-xml:jar:9.4.7.v20170914:compile - omitted for duplicate)
|  |  +- (org.eclipse.jetty:jetty-util:jar:9.4.7.v20170914:compile - omitted for conflict with 9.4.8.v20171121)
|  |  +- (org.eclipse.jetty:jetty-io:jar:9.4.7.v20170914:compile - omitted for conflict with 9.4.8.v20171121)
|  |  \- (org.eclipse.jetty.websocket:websocket-common:jar:9.4.7.v20170914:compile - omitted for duplicate)
|  +- org.eclipse.jetty.websocket:websocket-common:jar:9.4.7.v20170914:compile
|  |  +- (org.eclipse.jetty.websocket:websocket-api:jar:9.4.7.v20170914:compile - omitted for duplicate)
|  |  +- (org.eclipse.jetty:jetty-util:jar:9.4.7.v20170914:compile - omitted for conflict with 9.4.8.v20171121)
|  |  \- (org.eclipse.jetty:jetty-io:jar:9.4.7.v20170914:compile - omitted for conflict with 9.4.8.v20171121)
|  +- xalan:serializer:jar:2.7.2:compile
|  |  \- (xml-apis:xml-apis:jar:1.3.04:compile - omitted for conflict with 1.4.01)
|  +- xalan:xalan:jar:2.7.2:compile
|  |  \- (xalan:serializer:jar:2.7.2:compile - omitted for duplicate)
|  +- xerces:xercesImpl:jar:2.11.0:compile
|  |  \- (xml-apis:xml-apis:jar:1.4.01:compile - omitted for conflict with 1.3.04)
|  +- xml-apis:xml-apis:jar:1.4.01:compile
|  \- org.yaml:snakeyaml:jar:1.19:compile
+- org.robotframework:robotframework:jar:3.0.4:compile
+- org.aspectj:aspectjrt:jar:1.9.1:compile
+- com.googlecode.json-simple:json-simple:jar:1.1.1:compile
|  \- junit:junit:jar:4.10:compile
|     \- org.hamcrest:hamcrest-core:jar:1.1:compile
+- io.selendroid:selendroid-client:jar:0.17.0:compile
|  +- io.selendroid:selendroid-common:jar:0.17.0:compile
|  |  \- org.json:json:jar:20090211:compile
|  \- io.selendroid:selendroid-server-common:jar:0.17.0:compile
|     \- io.netty:netty-all:jar:4.0.21.Final:compile
+- io.appium:java-client:jar:5.0.4:compile
|  +- (com.google.code.gson:gson:jar:2.8.2:compile - omitted for duplicate)
|  +- (org.apache.httpcomponents:httpclient:jar:4.5.3:compile - omitted for duplicate)
|  +- cglib:cglib:jar:3.2.5:compile
|  |  +- org.ow2.asm:asm:jar:5.2:compile
|  |  \- org.apache.ant:ant:jar:1.9.6:compile
|  |     \- org.apache.ant:ant-launcher:jar:1.9.6:compile
|  +- commons-validator:commons-validator:jar:1.6:compile
|  |  +- commons-beanutils:commons-beanutils:jar:1.9.2:compile
|  |  |  +- (commons-logging:commons-logging:jar:1.1.1:compile - omitted for conflict with 1.2)
|  |  |  \- (commons-collections:commons-collections:jar:3.2.1:compile - omitted for conflict with 3.2)
|  |  +- commons-digester:commons-digester:jar:1.8.1:compile
|  |  +- (commons-logging:commons-logging:jar:1.2:compile - omitted for duplicate)
|  |  \- (commons-collections:commons-collections:jar:3.2.2:compile - omitted for conflict with 3.2)
|  +- (org.apache.commons:commons-lang3:jar:3.6:compile - omitted for conflict with 3.7)
|  +- (commons-io:commons-io:jar:2.5:compile - omitted for conflict with 2.6)
|  +- org.springframework:spring-context:jar:5.0.0.RELEASE:compile
|  |  +- org.springframework:spring-aop:jar:5.0.0.RELEASE:compile
|  |  |  +- (org.springframework:spring-beans:jar:5.0.0.RELEASE:compile - omitted for duplicate)
|  |  |  \- (org.springframework:spring-core:jar:5.0.0.RELEASE:compile - omitted for duplicate)
|  |  +- org.springframework:spring-beans:jar:5.0.0.RELEASE:compile
|  |  |  \- (org.springframework:spring-core:jar:5.0.0.RELEASE:compile - omitted for duplicate)
|  |  +- org.springframework:spring-core:jar:5.0.0.RELEASE:compile
|  |  |  \- org.springframework:spring-jcl:jar:5.0.0.RELEASE:compile
|  |  \- org.springframework:spring-expression:jar:5.0.0.RELEASE:compile
|  |     \- (org.springframework:spring-core:jar:5.0.0.RELEASE:compile - omitted for duplicate)
|  +- org.aspectj:aspectjweaver:jar:1.8.11:compile
|  \- org.openpnp:opencv:jar:3.2.0-1:compile
+- org.apache.commons:commons-exec:jar:1.3:compile
+- com.codeborne:phantomjsdriver:jar:1.4.4:compile
+- com.machinepublishers:jbrowserdriver:jar:1.0.0-RC1:compile
|  +- org.apache.httpcomponents:httpclient-cache:jar:4.5.4:compile
|  |  +- (org.apache.httpcomponents:httpclient:jar:4.5.4:compile - omitted for conflict with 4.5.3)
|  |  \- (commons-logging:commons-logging:jar:1.2:compile - omitted for duplicate)
|  +- org.slf4j:slf4j-api:jar:1.7.25:compile
|  +- (org.seleniumhq.selenium:selenium-api:jar:3.8.1:compile - omitted for conflict with 3.12.0)
|  +- (org.seleniumhq.selenium:selenium-remote-driver:jar:3.8.1:compile - omitted for conflict with 3.12.0)
|  +- (org.seleniumhq.selenium:selenium-server:jar:3.8.1:compile - omitted for conflict with 3.12.0)
|  +- (com.google.guava:guava:jar:23.5-jre:compile - omitted for conflict with 23.6-jre)
|  +- org.zeroturnaround:zt-process-killer:jar:1.8:compile
|  |  +- org.zeroturnaround:zt-exec:jar:1.7:compile
|  |  |  +- (commons-io:commons-io:jar:1.4:compile - omitted for conflict with 2.6)
|  |  |  \- (org.slf4j:slf4j-api:jar:1.7.2:compile - omitted for conflict with 1.7.25)
|  |  +- net.java.dev.jna:jna:jar:4.2.2:compile
|  |  +- commons-lang:commons-lang:jar:2.6:compile
|  |  +- (commons-io:commons-io:jar:2.2:compile - omitted for conflict with 2.6)
|  |  \- (org.slf4j:slf4j-api:jar:1.6.3:compile - omitted for conflict with 1.7.25)
|  \- io.github.lukehutch:fast-classpath-scanner:jar:2.9.3:compile
\- org.mockito:mockito-core:jar:2.18.3:test
   +- (net.bytebuddy:byte-buddy:jar:1.8.5:test - omitted for conflict with 1.8.3)
   +- net.bytebuddy:byte-buddy-agent:jar:1.8.5:test
   \- org.objenesis:objenesis:jar:2.6:test

