WARNING: Your kernel does not support swap limit capabilities or the cgroup is not mounted. Memory limited without swap.
com.github.markusbernhardt:robotframework-selenium2library-java:jar:1.4.0.8
+- org.robotframework:javalib-core:jar:1.2.1:compile
|  +- commons-collections:commons-collections:jar:3.2:compile
|  \- com.thoughtworks.paranamer:paranamer:jar:1.1.2:compile
+- com.github.markusbernhardt:xml-doclet:jar:1.0.5:compile
|  +- com.sun:tools:jar:1.7:system
|  +- commons-cli:commons-cli:jar:1.2:compile
|  \- org.slf4j:slf4j-api:jar:1.7.12:compile
+- org.seleniumhq.selenium:selenium-server:jar:2.48.2:compile
|  +- com.beust:jcommander:jar:1.48:compile
|  +- org.bouncycastle:bcprov-jdk15on:jar:1.48:compile
|  +- org.bouncycastle:bcpkix-jdk15on:jar:1.48:compile
|  |  \- (org.bouncycastle:bcprov-jdk15on:jar:1.48:compile - omitted for duplicate)
|  +- mx4j:mx4j-tools:jar:3.0.1:compile
|  +- org.mortbay.jetty:servlet-api-2.5:jar:6.1.9:compile
|  +- org.seleniumhq.selenium:jetty-repacked:jar:9.2.13.v20150730:compile
|  +- javax.servlet:javax.servlet-api:jar:3.1.0:compile
|  +- org.seleniumhq.selenium:jetty-rc-repacked:jar:5:compile
|  +- net.jcip:jcip-annotations:jar:1.0:compile
|  +- org.seleniumhq.selenium:selenium-java:jar:2.48.2:compile
|  |  +- org.seleniumhq.selenium:selenium-chrome-driver:jar:2.48.2:compile
|  |  |  \- (org.seleniumhq.selenium:selenium-remote-driver:jar:2.48.2:compile - omitted for conflict with 2.39.0)
|  |  +- org.seleniumhq.selenium:selenium-edge-driver:jar:2.48.2:compile
|  |  |  +- (org.seleniumhq.selenium:selenium-remote-driver:jar:2.48.2:compile - omitted for duplicate)
|  |  |  +- commons-io:commons-io:jar:2.4:compile
|  |  |  \- (org.apache.commons:commons-exec:jar:1.3:compile - omitted for conflict with 1.1)
|  |  +- org.seleniumhq.selenium:selenium-htmlunit-driver:jar:2.48.2:compile
|  |  |  +- (org.seleniumhq.selenium:selenium-support:jar:2.48.2:compile - omitted for duplicate)
|  |  |  +- net.sourceforge.htmlunit:htmlunit:jar:2.18:compile
|  |  |  |  +- xalan:xalan:jar:2.7.2:compile
|  |  |  |  |  \- xalan:serializer:jar:2.7.2:compile
|  |  |  |  |     \- (xml-apis:xml-apis:jar:1.3.04:compile - omitted for conflict with 1.4.01)
|  |  |  |  +- (commons-collections:commons-collections:jar:3.2.1:compile - omitted for conflict with 3.2)
|  |  |  |  +- org.apache.commons:commons-lang3:jar:3.4:compile
|  |  |  |  +- (org.apache.httpcomponents:httpclient:jar:4.5:compile - omitted for conflict with 4.5.1)
|  |  |  |  +- org.apache.httpcomponents:httpmime:jar:4.5:compile
|  |  |  |  |  \- (org.apache.httpcomponents:httpclient:jar:4.5:compile - omitted for conflict with 4.5.1)
|  |  |  |  +- (commons-codec:commons-codec:jar:1.10:compile - omitted for duplicate)
|  |  |  |  +- net.sourceforge.htmlunit:htmlunit-core-js:jar:2.17:compile
|  |  |  |  +- xerces:xercesImpl:jar:2.11.0:compile
|  |  |  |  |  \- xml-apis:xml-apis:jar:1.4.01:compile
|  |  |  |  +- net.sourceforge.nekohtml:nekohtml:jar:1.9.22:compile
|  |  |  |  +- net.sourceforge.cssparser:cssparser:jar:0.9.16:compile
|  |  |  |  |  \- org.w3c.css:sac:jar:1.3:compile
|  |  |  |  +- (commons-io:commons-io:jar:2.4:compile - omitted for duplicate)
|  |  |  |  +- (commons-logging:commons-logging:jar:1.2:compile - omitted for conflict with 1.1.3)
|  |  |  |  \- org.eclipse.jetty.websocket:websocket-client:jar:9.2.12.v20150709:compile
|  |  |  |     +- org.eclipse.jetty:jetty-util:jar:9.2.12.v20150709:compile
|  |  |  |     +- org.eclipse.jetty:jetty-io:jar:9.2.12.v20150709:compile
|  |  |  |     |  \- (org.eclipse.jetty:jetty-util:jar:9.2.12.v20150709:compile - omitted for duplicate)
|  |  |  |     \- org.eclipse.jetty.websocket:websocket-common:jar:9.2.12.v20150709:compile
|  |  |  |        +- org.eclipse.jetty.websocket:websocket-api:jar:9.2.12.v20150709:compile
|  |  |  |        +- (org.eclipse.jetty:jetty-util:jar:9.2.12.v20150709:compile - omitted for duplicate)
|  |  |  |        \- (org.eclipse.jetty:jetty-io:jar:9.2.12.v20150709:compile - omitted for duplicate)
|  |  |  \- (org.apache.httpcomponents:httpclient:jar:4.5.1:compile - omitted for conflict with 4.3.1)
|  |  +- org.seleniumhq.selenium:selenium-firefox-driver:jar:2.48.2:compile
|  |  |  +- (org.seleniumhq.selenium:selenium-remote-driver:jar:2.48.2:compile - omitted for duplicate)
|  |  |  +- (commons-io:commons-io:jar:2.4:compile - omitted for duplicate)
|  |  |  \- (org.apache.commons:commons-exec:jar:1.3:compile - omitted for duplicate)
|  |  +- org.seleniumhq.selenium:selenium-ie-driver:jar:2.48.2:compile
|  |  |  +- (net.java.dev.jna:jna:jar:4.1.0:compile - omitted for conflict with 3.4.0)
|  |  |  +- (net.java.dev.jna:jna-platform:jar:4.1.0:compile - omitted for duplicate)
|  |  |  \- (org.seleniumhq.selenium:selenium-remote-driver:jar:2.48.2:compile - omitted for duplicate)
|  |  +- org.seleniumhq.selenium:selenium-safari-driver:jar:2.48.2:compile
|  |  |  +- (org.seleniumhq.selenium:selenium-remote-driver:jar:2.48.2:compile - omitted for duplicate)
|  |  |  \- (org.webbitserver:webbit:jar:0.4.14:compile - omitted for duplicate)
|  |  +- org.seleniumhq.selenium:selenium-support:jar:2.48.2:compile
|  |  |  \- (org.seleniumhq.selenium:selenium-remote-driver:jar:2.48.2:compile - omitted for duplicate)
|  |  +- org.webbitserver:webbit:jar:0.4.14:compile
|  |  |  \- io.netty:netty:jar:3.5.2.Final:compile
|  |  \- org.seleniumhq.selenium:selenium-leg-rc:jar:2.48.2:compile
|  |     \- (org.seleniumhq.selenium:selenium-remote-driver:jar:2.48.2:compile - omitted for duplicate)
|  +- org.yaml:snakeyaml:jar:1.8:compile
|  \- commons-codec:commons-codec:jar:1.10:compile
+- com.opera:operadriver:jar:1.5:compile
|  +- com.opera:operalaunchers:jar:1.1:compile
|  |  \- (com.google.guava:guava:jar:12.0.1:compile - omitted for conflict with 14.0)
|  +- com.google.protobuf:protobuf-java:jar:2.4.1:compile
|  +- com.google.guava:guava:jar:14.0:compile
|  +- commons-jxpath:commons-jxpath:jar:1.3:compile
|  +- (org.apache.commons:commons-exec:jar:1.1:compile - omitted for conflict with 1.3)
|  +- org.ini4j:ini4j:jar:0.5.2:compile
|  \- (org.seleniumhq.selenium:selenium-java:jar:2.35.0:compile - omitted for conflict with 2.48.2)
+- com.github.detro.ghostdriver:phantomjsdriver:jar:1.1.0:compile
|  +- (org.seleniumhq.selenium:selenium-java:jar:2.39.0:compile - omitted for conflict with 2.48.2)
|  +- (org.seleniumhq.selenium:selenium-remote-driver:jar:2.39.0:compile - omitted for conflict with 2.48.2)
|  \- (org.seleniumhq.selenium:selenium-server:jar:2.39.0:compile - omitted for conflict with 2.48.2)
+- org.robotframework:robotframework:jar:2.9.2:compile
+- org.aspectj:aspectjrt:jar:1.8.7:compile
+- com.googlecode.json-simple:json-simple:jar:1.1.1:compile
|  \- junit:junit:jar:4.10:compile
|     \- org.hamcrest:hamcrest-core:jar:1.1:compile
+- org.seleniumhq.selenium:selenium-remote-driver:jar:2.48.2:compile
|  +- cglib:cglib-nodep:jar:2.1_3:compile
|  +- com.google.code.gson:gson:jar:2.3.1:compile
|  +- org.seleniumhq.selenium:selenium-api:jar:2.48.2:compile
|  |  +- (com.google.guava:guava:jar:18.0:compile - omitted for conflict with 14.0)
|  |  +- (com.google.code.gson:gson:jar:2.3.1:compile - omitted for duplicate)
|  |  \- (org.apache.httpcomponents:httpclient:jar:4.5.1:compile - omitted for duplicate)
|  +- org.apache.httpcomponents:httpclient:jar:4.5.1:compile
|  |  +- org.apache.httpcomponents:httpcore:jar:4.4.3:compile
|  |  +- commons-logging:commons-logging:jar:1.2:compile
|  |  \- (commons-codec:commons-codec:jar:1.9:compile - omitted for conflict with 1.10)
|  +- (com.google.guava:guava:jar:18.0:compile - omitted for conflict with 14.0)
|  +- (org.apache.commons:commons-exec:jar:1.3:compile - omitted for conflict with 1.1)
|  +- net.java.dev.jna:jna:jar:4.1.0:compile
|  \- net.java.dev.jna:jna-platform:jar:4.1.0:compile
|     \- (net.java.dev.jna:jna:jar:4.1.0:compile - omitted for duplicate)
+- io.selendroid:selendroid-client:jar:0.17.0:compile
|  +- (org.seleniumhq.selenium:selenium-java:jar:2.48.0:compile - omitted for conflict with 2.48.2)
|  +- io.selendroid:selendroid-common:jar:0.17.0:compile
|  |  +- (org.seleniumhq.selenium:selenium-java:jar:2.48.0:compile - omitted for conflict with 2.48.2)
|  |  \- org.json:json:jar:20090211:compile
|  \- io.selendroid:selendroid-server-common:jar:0.17.0:compile
|     \- io.netty:netty-all:jar:4.0.21.Final:compile
+- io.appium:java-client:jar:3.2.0:compile
|  +- (com.google.code.gson:gson:jar:2.2.4:compile - omitted for conflict with 2.3.1)
|  +- (org.seleniumhq.selenium:selenium-java:jar:2.47.1:compile - omitted for conflict with 2.48.2)
|  +- (org.apache.httpcomponents:httpclient:jar:4.3.3:compile - omitted for conflict with 4.5.1)
|  +- (com.google.guava:guava:jar:17.0:compile - omitted for conflict with 14.0)
|  +- cglib:cglib:jar:3.1:compile
|  |  \- org.ow2.asm:asm:jar:4.2:compile
|  \- commons-validator:commons-validator:jar:1.4.1:compile
|     +- commons-beanutils:commons-beanutils:jar:1.8.3:compile
|     |  \- (commons-logging:commons-logging:jar:1.1.1:compile - omitted for conflict with 1.2)
|     +- commons-digester:commons-digester:jar:1.8.1:compile
|     +- (commons-logging:commons-logging:jar:1.2:compile - omitted for duplicate)
|     \- (commons-collections:commons-collections:jar:3.2.1:compile - omitted for conflict with 3.2)
\- org.apache.commons:commons-exec:jar:1.3:compile

