WARNING: Your kernel does not support swap limit capabilities or the cgroup is not mounted. Memory limited without swap.
com.github.hi-fi:robotframework-seleniumlibrary:jar:3.141.59.26
+- org.robotframework:javalib-core:jar:1.2.1:compile
|  +- commons-collections:commons-collections:jar:3.2:compile
|  \- com.thoughtworks.paranamer:paranamer:jar:1.1.2:compile
+- org.robotframework:robotframework:jar:3.1.1:compile
+- org.seleniumhq.selenium:selenium-server:jar:3.141.59:compile
|  +- org.seleniumhq.selenium:selenium-java:jar:3.141.59:compile
|  |  +- (org.seleniumhq.selenium:selenium-api:jar:3.141.59:compile - omitted for duplicate)
|  |  +- (org.seleniumhq.selenium:selenium-chrome-driver:jar:3.141.59:compile - omitted for duplicate)
|  |  +- (org.seleniumhq.selenium:selenium-edge-driver:jar:3.141.59:compile - omitted for duplicate)
|  |  +- (org.seleniumhq.selenium:selenium-firefox-driver:jar:3.141.59:compile - omitted for duplicate)
|  |  +- (org.seleniumhq.selenium:selenium-ie-driver:jar:3.141.59:compile - omitted for duplicate)
|  |  +- (org.seleniumhq.selenium:selenium-opera-driver:jar:3.141.59:compile - omitted for duplicate)
|  |  +- (org.seleniumhq.selenium:selenium-remote-driver:jar:3.141.59:compile - omitted for duplicate)
|  |  +- (org.seleniumhq.selenium:selenium-safari-driver:jar:3.141.59:compile - omitted for duplicate)
|  |  +- (org.seleniumhq.selenium:selenium-support:jar:3.141.59:compile - omitted for duplicate)
|  |  +- (net.bytebuddy:byte-buddy:jar:1.8.15:compile - omitted for duplicate)
|  |  +- (org.apache.commons:commons-exec:jar:1.3:compile - omitted for duplicate)
|  |  +- (com.google.guava:guava:jar:25.0-jre:compile - omitted for duplicate)
|  |  +- (com.squareup.okhttp3:okhttp:jar:3.11.0:compile - omitted for duplicate)
|  |  \- (com.squareup.okio:okio:jar:1.14.0:compile - omitted for duplicate)
|  +- org.seleniumhq.selenium:selenium-api:jar:3.141.59:compile
|  +- org.seleniumhq.selenium:selenium-chrome-driver:jar:3.141.59:compile
|  |  +- (org.seleniumhq.selenium:selenium-api:jar:3.141.59:compile - omitted for duplicate)
|  |  +- (org.seleniumhq.selenium:selenium-remote-driver:jar:3.141.59:compile - omitted for duplicate)
|  |  +- (net.bytebuddy:byte-buddy:jar:1.8.15:compile - omitted for duplicate)
|  |  +- (org.apache.commons:commons-exec:jar:1.3:compile - omitted for duplicate)
|  |  +- (com.google.guava:guava:jar:25.0-jre:compile - omitted for duplicate)
|  |  +- (com.squareup.okhttp3:okhttp:jar:3.11.0:compile - omitted for duplicate)
|  |  \- (com.squareup.okio:okio:jar:1.14.0:compile - omitted for duplicate)
|  +- org.seleniumhq.selenium:selenium-edge-driver:jar:3.141.59:compile
|  |  +- (org.seleniumhq.selenium:selenium-api:jar:3.141.59:compile - omitted for duplicate)
|  |  +- (org.seleniumhq.selenium:selenium-remote-driver:jar:3.141.59:compile - omitted for duplicate)
|  |  +- (net.bytebuddy:byte-buddy:jar:1.8.15:compile - omitted for duplicate)
|  |  +- (org.apache.commons:commons-exec:jar:1.3:compile - omitted for duplicate)
|  |  +- (com.google.guava:guava:jar:25.0-jre:compile - omitted for duplicate)
|  |  +- (com.squareup.okhttp3:okhttp:jar:3.11.0:compile - omitted for duplicate)
|  |  \- (com.squareup.okio:okio:jar:1.14.0:compile - omitted for duplicate)
|  +- org.seleniumhq.selenium:selenium-firefox-driver:jar:3.141.59:compile
|  |  +- (org.seleniumhq.selenium:selenium-api:jar:3.141.59:compile - omitted for duplicate)
|  |  +- (org.seleniumhq.selenium:selenium-remote-driver:jar:3.141.59:compile - omitted for duplicate)
|  |  +- (net.bytebuddy:byte-buddy:jar:1.8.15:compile - omitted for duplicate)
|  |  +- (org.apache.commons:commons-exec:jar:1.3:compile - omitted for duplicate)
|  |  +- (com.google.guava:guava:jar:25.0-jre:compile - omitted for duplicate)
|  |  +- (com.squareup.okhttp3:okhttp:jar:3.11.0:compile - omitted for duplicate)
|  |  \- (com.squareup.okio:okio:jar:1.14.0:compile - omitted for duplicate)
|  +- org.seleniumhq.selenium:selenium-ie-driver:jar:3.141.59:compile
|  |  +- (org.seleniumhq.selenium:selenium-api:jar:3.141.59:compile - omitted for duplicate)
|  |  +- (org.seleniumhq.selenium:selenium-remote-driver:jar:3.141.59:compile - omitted for duplicate)
|  |  +- (net.bytebuddy:byte-buddy:jar:1.8.15:compile - omitted for duplicate)
|  |  +- (org.apache.commons:commons-exec:jar:1.3:compile - omitted for duplicate)
|  |  +- (com.google.guava:guava:jar:25.0-jre:compile - omitted for duplicate)
|  |  +- (com.squareup.okhttp3:okhttp:jar:3.11.0:compile - omitted for duplicate)
|  |  \- (com.squareup.okio:okio:jar:1.14.0:compile - omitted for duplicate)
|  +- org.seleniumhq.selenium:selenium-opera-driver:jar:3.141.59:compile
|  |  +- (org.seleniumhq.selenium:selenium-api:jar:3.141.59:compile - omitted for duplicate)
|  |  +- (org.seleniumhq.selenium:selenium-remote-driver:jar:3.141.59:compile - omitted for duplicate)
|  |  +- (net.bytebuddy:byte-buddy:jar:1.8.15:compile - omitted for duplicate)
|  |  +- (org.apache.commons:commons-exec:jar:1.3:compile - omitted for duplicate)
|  |  +- (com.google.guava:guava:jar:25.0-jre:compile - omitted for duplicate)
|  |  +- (com.squareup.okhttp3:okhttp:jar:3.11.0:compile - omitted for duplicate)
|  |  \- (com.squareup.okio:okio:jar:1.14.0:compile - omitted for duplicate)
|  +- org.seleniumhq.selenium:selenium-remote-driver:jar:3.141.59:compile
|  |  +- (org.seleniumhq.selenium:selenium-api:jar:3.141.59:compile - omitted for duplicate)
|  |  +- (net.bytebuddy:byte-buddy:jar:1.8.15:compile - omitted for duplicate)
|  |  +- (org.apache.commons:commons-exec:jar:1.3:compile - omitted for duplicate)
|  |  +- (com.google.guava:guava:jar:25.0-jre:compile - omitted for duplicate)
|  |  +- (com.squareup.okhttp3:okhttp:jar:3.11.0:compile - omitted for duplicate)
|  |  \- (com.squareup.okio:okio:jar:1.14.0:compile - omitted for duplicate)
|  +- org.seleniumhq.selenium:selenium-safari-driver:jar:3.141.59:compile
|  |  +- (org.seleniumhq.selenium:selenium-api:jar:3.141.59:compile - omitted for duplicate)
|  |  +- (org.seleniumhq.selenium:selenium-remote-driver:jar:3.141.59:compile - omitted for duplicate)
|  |  +- (net.bytebuddy:byte-buddy:jar:1.8.15:compile - omitted for duplicate)
|  |  +- (org.apache.commons:commons-exec:jar:1.3:compile - omitted for duplicate)
|  |  +- (com.google.guava:guava:jar:25.0-jre:compile - omitted for duplicate)
|  |  +- (com.squareup.okhttp3:okhttp:jar:3.11.0:compile - omitted for duplicate)
|  |  \- (com.squareup.okio:okio:jar:1.14.0:compile - omitted for duplicate)
|  +- org.seleniumhq.selenium:selenium-support:jar:3.141.59:compile
|  |  +- (org.seleniumhq.selenium:selenium-api:jar:3.141.59:compile - omitted for duplicate)
|  |  +- (org.seleniumhq.selenium:selenium-remote-driver:jar:3.141.59:compile - omitted for duplicate)
|  |  +- (net.bytebuddy:byte-buddy:jar:1.8.15:compile - omitted for duplicate)
|  |  +- (org.apache.commons:commons-exec:jar:1.3:compile - omitted for duplicate)
|  |  +- (com.google.guava:guava:jar:25.0-jre:compile - omitted for duplicate)
|  |  +- (com.squareup.okhttp3:okhttp:jar:3.11.0:compile - omitted for duplicate)
|  |  \- (com.squareup.okio:okio:jar:1.14.0:compile - omitted for duplicate)
|  +- com.beust:jcommander:jar:1.72:compile
|  +- net.bytebuddy:byte-buddy:jar:1.8.15:compile
|  +- (org.apache.commons:commons-exec:jar:1.3:compile - omitted for duplicate)
|  +- com.google.guava:guava:jar:25.0-jre:compile
|  |  +- com.google.code.findbugs:jsr305:jar:1.3.9:compile
|  |  +- org.checkerframework:checker-compat-qual:jar:2.0.0:compile
|  |  +- com.google.errorprone:error_prone_annotations:jar:2.1.3:compile
|  |  +- com.google.j2objc:j2objc-annotations:jar:1.1:compile
|  |  \- org.codehaus.mojo:animal-sniffer-annotations:jar:1.14:compile
|  +- net.jcip:jcip-annotations:jar:1.0:compile
|  +- org.seleniumhq.selenium:jetty-repacked:jar:9.4.12.v20180830:compile
|  |  \- (javax.servlet:javax.servlet-api:jar:3.1.0:compile - omitted for duplicate)
|  +- com.squareup.okhttp3:okhttp:jar:3.11.0:compile
|  |  \- (com.squareup.okio:okio:jar:1.14.0:compile - omitted for duplicate)
|  +- com.squareup.okio:okio:jar:1.14.0:compile
|  +- javax.servlet:javax.servlet-api:jar:3.1.0:compile
|  \- org.yaml:snakeyaml:jar:1.19:compile
+- org.aspectj:aspectjrt:jar:1.9.1:compile
+- com.googlecode.json-simple:json-simple:jar:1.1.1:compile
|  \- junit:junit:jar:4.10:compile
|     \- org.hamcrest:hamcrest-core:jar:1.1:compile
+- io.selendroid:selendroid-client:jar:0.17.0:compile
|  +- io.selendroid:selendroid-common:jar:0.17.0:compile
|  |  \- org.json:json:jar:20090211:compile
|  \- io.selendroid:selendroid-server-common:jar:0.17.0:compile
|     \- io.netty:netty-all:jar:4.0.21.Final:compile
+- io.appium:java-client:jar:7.0.0:compile
|  +- (org.seleniumhq.selenium:selenium-java:jar:3.141.59:compile - omitted for duplicate)
|  +- (org.seleniumhq.selenium:selenium-support:jar:3.141.59:compile - omitted for duplicate)
|  +- (org.seleniumhq.selenium:selenium-api:jar:3.141.59:compile - omitted for duplicate)
|  +- com.google.code.gson:gson:jar:2.8.5:compile
|  +- org.apache.httpcomponents:httpclient:jar:4.5.6:compile
|  |  +- org.apache.httpcomponents:httpcore:jar:4.4.10:compile
|  |  +- commons-logging:commons-logging:jar:1.2:compile
|  |  \- commons-codec:commons-codec:jar:1.10:compile
|  +- cglib:cglib:jar:3.2.8:compile
|  |  +- org.ow2.asm:asm:jar:6.2.1:compile
|  |  \- org.apache.ant:ant:jar:1.10.3:compile
|  |     \- org.apache.ant:ant-launcher:jar:1.10.3:compile
|  +- commons-validator:commons-validator:jar:1.6:compile
|  |  +- commons-beanutils:commons-beanutils:jar:1.9.2:compile
|  |  |  +- (commons-logging:commons-logging:jar:1.1.1:compile - omitted for conflict with 1.2)
|  |  |  \- (commons-collections:commons-collections:jar:3.2.1:compile - omitted for conflict with 3.2)
|  |  +- commons-digester:commons-digester:jar:1.8.1:compile
|  |  +- (commons-logging:commons-logging:jar:1.2:compile - omitted for duplicate)
|  |  \- (commons-collections:commons-collections:jar:3.2.2:compile - omitted for conflict with 3.2)
|  +- org.apache.commons:commons-lang3:jar:3.8:compile
|  +- commons-io:commons-io:jar:2.6:compile
|  +- org.springframework:spring-context:jar:5.1.0.RELEASE:compile
|  |  +- org.springframework:spring-aop:jar:5.1.0.RELEASE:compile
|  |  |  +- (org.springframework:spring-beans:jar:5.1.0.RELEASE:compile - omitted for duplicate)
|  |  |  \- (org.springframework:spring-core:jar:5.1.0.RELEASE:compile - omitted for duplicate)
|  |  +- org.springframework:spring-beans:jar:5.1.0.RELEASE:compile
|  |  |  \- (org.springframework:spring-core:jar:5.1.0.RELEASE:compile - omitted for duplicate)
|  |  +- org.springframework:spring-core:jar:5.1.0.RELEASE:compile
|  |  |  \- org.springframework:spring-jcl:jar:5.1.0.RELEASE:compile
|  |  \- org.springframework:spring-expression:jar:5.1.0.RELEASE:compile
|  |     \- (org.springframework:spring-core:jar:5.1.0.RELEASE:compile - omitted for duplicate)
|  +- org.aspectj:aspectjweaver:jar:1.9.1:compile
|  \- org.slf4j:slf4j-api:jar:1.7.25:compile
+- org.apache.commons:commons-exec:jar:1.3:compile
+- com.machinepublishers:jbrowserdriver:jar:1.0.1:compile
|  +- org.apache.httpcomponents:httpclient-cache:jar:4.5.4:compile
|  |  +- (org.apache.httpcomponents:httpclient:jar:4.5.4:compile - omitted for conflict with 4.5.6)
|  |  \- (commons-logging:commons-logging:jar:1.2:compile - omitted for duplicate)
|  +- (org.slf4j:slf4j-api:jar:1.7.25:compile - omitted for duplicate)
|  +- (org.seleniumhq.selenium:selenium-api:jar:3.141.0:compile - omitted for conflict with 3.141.59)
|  +- (org.seleniumhq.selenium:selenium-remote-driver:jar:3.141.0:compile - omitted for conflict with 3.141.59)
|  +- (org.seleniumhq.selenium:selenium-server:jar:3.141.0:compile - omitted for conflict with 3.141.59)
|  +- (com.google.guava:guava:jar:23.5-jre:compile - omitted for conflict with 25.0-jre)
|  +- org.zeroturnaround:zt-process-killer:jar:1.8:compile
|  |  +- org.zeroturnaround:zt-exec:jar:1.7:compile
|  |  |  +- (commons-io:commons-io:jar:1.4:compile - omitted for conflict with 2.6)
|  |  |  \- (org.slf4j:slf4j-api:jar:1.7.2:compile - omitted for conflict with 1.7.25)
|  |  +- net.java.dev.jna:jna:jar:4.2.2:compile
|  |  +- commons-lang:commons-lang:jar:2.6:compile
|  |  +- (commons-io:commons-io:jar:2.2:compile - omitted for conflict with 2.6)
|  |  \- (org.slf4j:slf4j-api:jar:1.6.3:compile - omitted for conflict with 1.7.25)
|  \- io.github.classgraph:classgraph:jar:4.4.12:compile
\- org.mockito:mockito-core:jar:2.18.3:test
   +- (net.bytebuddy:byte-buddy:jar:1.8.5:test - omitted for conflict with 1.8.15)
   +- net.bytebuddy:byte-buddy-agent:jar:1.8.5:test
   \- org.objenesis:objenesis:jar:2.6:test

