WARNING: Your kernel does not support swap limit capabilities or the cgroup is not mounted. Memory limited without swap.
com.mebigfatguy.fb-contrib:fb-contrib:jar:7.0.1
+- com.google.code.findbugs:findbugs:jar:3.0.1:provided
|  +- net.jcip:jcip-annotations:jar:1.0:provided
|  +- com.google.code.findbugs:jsr305:jar:2.0.1:provided
|  +- (com.google.code.findbugs:bcel-findbugs:jar:6.0:provided - omitted for duplicate)
|  +- com.google.code.findbugs:jFormatString:jar:2.0.1:provided
|  +- dom4j:dom4j:jar:1.6.1:provided
|  |  \- xml-apis:xml-apis:jar:1.0.b2:provided
|  +- org.ow2.asm:asm-debug-all:jar:5.0.2:provided
|  +- org.ow2.asm:asm-commons:jar:5.0.2:provided
|  |  \- org.ow2.asm:asm-tree:jar:5.0.2:provided
|  |     \- org.ow2.asm:asm:jar:5.0.2:provided
|  +- commons-lang:commons-lang:jar:2.6:provided
|  +- com.apple:AppleJavaExtensions:jar:1.4:provided
|  \- jaxen:jaxen:jar:1.1.6:provided
+- com.google.code.findbugs:bcel-findbugs:jar:6.0:provided
+- com.google.code.findbugs:annotations:jar:3.0.0:provided
+- backport-util-concurrent:backport-util-concurrent:jar:3.1:test
+- com.google.guava:guava:jar:19.0:test
+- commons-codec:commons-codec:jar:1.10:test
+- commons-io:commons-io:jar:2.4:test
+- commons-collections:commons-collections:jar:3.2.2:test
+- javax.servlet:javax.servlet-api:jar:3.1.0:test
+- javax.servlet.jsp:javax.servlet.jsp-api:jar:2.3.1:test
+- javax.ws.rs:javax.ws.rs-api:jar:2.0.1:test
+- junit:junit:jar:4.12:test
|  \- org.hamcrest:hamcrest-core:jar:1.3:test
+- log4j:log4j:jar:1.2.17:test
+- org.apache.commons:commons-lang3:jar:3.3:test
+- org.apache.httpcomponents:httpclient:jar:4.5.2:test
|  +- (org.apache.httpcomponents:httpcore:jar:4.4.4:test - omitted for conflict with 4.4.5)
|  +- commons-logging:commons-logging:jar:1.2:test
|  \- (commons-codec:commons-codec:jar:1.9:test - omitted for conflict with 1.10)
+- org.apache.httpcomponents:httpcore:jar:4.4.5:test
+- org.mockito:mockito-all:jar:2.0.2-beta:test
+- org.slf4j:slf4j-api:jar:1.7.21:test
+- org.springframework:spring-tx:jar:4.3.3.RELEASE:test
|  +- (org.springframework:spring-beans:jar:4.3.3.RELEASE:test - omitted for duplicate)
|  \- org.springframework:spring-core:jar:4.3.3.RELEASE:test
|     \- (commons-logging:commons-logging:jar:1.2:test - omitted for duplicate)
+- org.testng:testng:jar:6.9.10:test
|  +- com.beust:jcommander:jar:1.48:test
|  \- org.beanshell:bsh:jar:2.0b4:test
+- org.springframework:spring-context:jar:4.3.3.RELEASE:test
|  +- org.springframework:spring-aop:jar:4.3.3.RELEASE:test
|  |  +- (org.springframework:spring-beans:jar:4.3.3.RELEASE:test - omitted for duplicate)
|  |  \- (org.springframework:spring-core:jar:4.3.3.RELEASE:test - omitted for duplicate)
|  +- (org.springframework:spring-beans:jar:4.3.3.RELEASE:test - omitted for duplicate)
|  +- (org.springframework:spring-core:jar:4.3.3.RELEASE:test - omitted for duplicate)
|  \- org.springframework:spring-expression:jar:4.3.3.RELEASE:test
|     \- (org.springframework:spring-core:jar:4.3.3.RELEASE:test - omitted for duplicate)
+- org.springframework:spring-beans:jar:4.3.3.RELEASE:test
|  \- (org.springframework:spring-core:jar:4.3.3.RELEASE:test - omitted for duplicate)
+- org.threeten:threetenbp:jar:1.3.2:test
+- org.apache.jena:jena-shaded-guava:jar:3.1.0:test
|  \- (org.slf4j:slf4j-api:jar:1.7.20:test - omitted for conflict with 1.7.21)
+- org.glassfish.jersey.media:jersey-media-multipart:jar:2.25.1:test
|  +- org.glassfish.jersey.core:jersey-common:jar:2.25.1:test
|  |  +- (javax.ws.rs:javax.ws.rs-api:jar:2.0.1:test - omitted for duplicate)
|  |  +- javax.annotation:javax.annotation-api:jar:1.2:test
|  |  +- org.glassfish.jersey.bundles.repackaged:jersey-guava:jar:2.25.1:test
|  |  +- org.glassfish.hk2:hk2-api:jar:2.5.0-b32:test
|  |  |  +- org.glassfish.hk2:hk2-utils:jar:2.5.0-b32:test
|  |  |  \- org.glassfish.hk2.external:aopalliance-repackaged:jar:2.5.0-b32:test
|  |  +- org.glassfish.hk2.external:javax.inject:jar:2.5.0-b32:test
|  |  +- org.glassfish.hk2:hk2-locator:jar:2.5.0-b32:test
|  |  |  +- (org.glassfish.hk2.external:javax.inject:jar:2.5.0-b32:test - omitted for duplicate)
|  |  |  +- (org.glassfish.hk2.external:aopalliance-repackaged:jar:2.5.0-b32:test - omitted for duplicate)
|  |  |  +- (org.glassfish.hk2:hk2-api:jar:2.5.0-b32:test - omitted for duplicate)
|  |  |  +- (org.glassfish.hk2:hk2-utils:jar:2.5.0-b32:test - omitted for duplicate)
|  |  |  \- org.javassist:javassist:jar:3.20.0-GA:test
|  |  \- org.glassfish.hk2:osgi-resource-locator:jar:1.0.1:test
|  \- org.jvnet.mimepull:mimepull:jar:1.9.6:test
\- org.eclipse.persistence:javax.persistence:jar:2.1.1:test

