WARNING: Your kernel does not support swap limit capabilities or the cgroup is not mounted. Memory limited without swap.
com.mebigfatguy.fb-contrib:fb-contrib:jar:4.8.2
\- com.google.code.findbugs:findbugs:jar:2.0.1:provided
   +- com.google.code.findbugs:bcel:jar:2.0.1:provided
   +- com.google.code.findbugs:jsr305:jar:2.0.1:provided
   +- com.google.code.findbugs:jFormatString:jar:2.0.1:provided
   +- com.google.code.findbugs:annotations:jar:2.0.1:provided
   +- dom4j:dom4j:jar:1.6.1:provided
   |  \- xml-apis:xml-apis:jar:1.0.b2:provided
   +- jaxen:jaxen:jar:1.1.1:provided
   |  +- (jaxen:jaxen:jar:1.1-beta-6:provided - omitted for cycle)
   |  +- (dom4j:dom4j:jar:1.6.1:provided - omitted for duplicate)
   |  +- (jaxen:jaxen:jar:1.0-FCS:provided - omitted for cycle)
   |  +- jdom:jdom:jar:1.0:provided
   |  +- (xml-apis:xml-apis:jar:1.3.02:provided - omitted for conflict with 1.0.b2)
   |  +- xerces:xercesImpl:jar:2.6.2:provided
   |  \- xom:xom:jar:1.0:provided
   |     +- xerces:xmlParserAPIs:jar:2.6.2:provided
   |     +- (xerces:xercesImpl:jar:2.6.2:provided - omitted for duplicate)
   |     +- xalan:xalan:jar:2.6.0:provided
   |     |  \- (xml-apis:xml-apis:jar:1.0.b2:provided - omitted for duplicate)
   |     \- com.ibm.icu:icu4j:jar:2.6.1:provided
   +- asm:asm:jar:3.3:provided
   +- asm:asm-tree:jar:3.3:provided
   |  \- (asm:asm:jar:3.3:provided - omitted for duplicate)
   +- asm:asm-commons:jar:3.3:provided
   |  \- (asm:asm-tree:jar:3.3:provided - omitted for duplicate)
   \- commons-lang:commons-lang:jar:2.4:provided

