WARNING: Your kernel does not support swap limit capabilities or the cgroup is not mounted. Memory limited without swap.
com.mebigfatguy.fb-contrib:fb-contrib:jar:6.8.0
+- com.google.code.findbugs:findbugs:jar:3.0.1:provided
|  +- net.jcip:jcip-annotations:jar:1.0:provided
|  +- com.google.code.findbugs:jsr305:jar:2.0.1:provided
|  +- (com.google.code.findbugs:bcel-findbugs:jar:6.0:provided - omitted for duplicate)
|  +- com.google.code.findbugs:jFormatString:jar:2.0.1:provided
|  +- dom4j:dom4j:jar:1.6.1:provided
|  |  \- xml-apis:xml-apis:jar:1.0.b2:provided
|  +- org.ow2.asm:asm-debug-all:jar:5.0.2:provided
|  +- org.ow2.asm:asm-commons:jar:5.0.2:provided
|  |  \- org.ow2.asm:asm-tree:jar:5.0.2:provided
|  |     \- org.ow2.asm:asm:jar:5.0.2:provided
|  +- commons-lang:commons-lang:jar:2.6:provided
|  +- com.apple:AppleJavaExtensions:jar:1.4:provided
|  \- jaxen:jaxen:jar:1.1.6:provided
+- com.google.code.findbugs:bcel-findbugs:jar:6.0:provided
+- com.google.code.findbugs:annotations:jar:3.0.0:provided
+- backport-util-concurrent:backport-util-concurrent:jar:3.1:test
+- com.google.guava:guava:jar:17.0:test
+- commons-codec:commons-codec:jar:1.6:test
+- commons-io:commons-io:jar:2.4:test
+- commons-collections:commons-collections:jar:3.2.1:test
+- javax.persistence:persistence-api:jar:1.0.2:test
+- javax.servlet:javax.servlet-api:jar:3.1.0:test
+- javax.servlet.jsp:javax.servlet.jsp-api:jar:2.3.1:test
+- javax.ws.rs:jsr311-api:jar:1.1.1:test
+- junit:junit:jar:4.12:test
|  \- org.hamcrest:hamcrest-core:jar:1.3:test
+- log4j:log4j:jar:1.2.17:test
+- org.apache.commons:commons-lang3:jar:3.3:test
+- org.apache.httpcomponents:httpclient:jar:4.3.4:test
|  +- (org.apache.httpcomponents:httpcore:jar:4.3.2:test - omitted for duplicate)
|  +- commons-logging:commons-logging:jar:1.1.3:test
|  \- (commons-codec:commons-codec:jar:1.6:test - omitted for duplicate)
+- org.apache.httpcomponents:httpcore:jar:4.3.2:test
+- org.mockito:mockito-all:jar:1.10.19:test
+- org.slf4j:slf4j-api:jar:1.7.7:test
+- org.springframework:spring-tx:jar:4.3.2.RELEASE:test
|  +- (org.springframework:spring-beans:jar:4.3.2.RELEASE:test - omitted for duplicate)
|  \- org.springframework:spring-core:jar:4.3.2.RELEASE:test
|     \- (commons-logging:commons-logging:jar:1.2:test - omitted for conflict with 1.1.3)
+- org.testng:testng:jar:6.9.10:test
|  +- com.beust:jcommander:jar:1.48:test
|  \- org.beanshell:bsh:jar:2.0b4:test
+- org.springframework:spring-context:jar:4.3.2.RELEASE:test
|  +- org.springframework:spring-aop:jar:4.3.2.RELEASE:test
|  |  +- (org.springframework:spring-beans:jar:4.3.2.RELEASE:test - omitted for duplicate)
|  |  \- (org.springframework:spring-core:jar:4.3.2.RELEASE:test - omitted for duplicate)
|  +- (org.springframework:spring-beans:jar:4.3.2.RELEASE:test - omitted for duplicate)
|  +- (org.springframework:spring-core:jar:4.3.2.RELEASE:test - omitted for duplicate)
|  \- org.springframework:spring-expression:jar:4.3.2.RELEASE:test
|     \- (org.springframework:spring-core:jar:4.3.2.RELEASE:test - omitted for duplicate)
+- org.springframework:spring-beans:jar:4.3.2.RELEASE:test
|  \- (org.springframework:spring-core:jar:4.3.2.RELEASE:test - omitted for duplicate)
\- org.threeten:threetenbp:jar:1.3.2:test

