WARNING: Your kernel does not support swap limit capabilities or the cgroup is not mounted. Memory limited without swap.
org.elasticsearch:elasticsearch-analysis-ik:jar:1.2.4
+- org.elasticsearch:elasticsearch:jar:0.90.2:compile
|  +- org.apache.lucene:lucene-core:jar:4.3.1:compile
|  +- org.apache.lucene:lucene-analyzers-common:jar:4.3.1:compile
|  |  \- (org.apache.lucene:lucene-core:jar:4.3.1:compile - omitted for duplicate)
|  +- org.apache.lucene:lucene-codecs:jar:4.3.1:compile
|  |  \- (org.apache.lucene:lucene-core:jar:4.3.1:compile - omitted for duplicate)
|  +- org.apache.lucene:lucene-queries:jar:4.3.1:compile
|  |  \- (org.apache.lucene:lucene-core:jar:4.3.1:compile - omitted for duplicate)
|  +- org.apache.lucene:lucene-memory:jar:4.3.1:compile
|  |  \- (org.apache.lucene:lucene-core:jar:4.3.1:compile - omitted for duplicate)
|  +- org.apache.lucene:lucene-highlighter:jar:4.3.1:compile
|  |  +- (org.apache.lucene:lucene-core:jar:4.3.1:compile - omitted for duplicate)
|  |  +- (org.apache.lucene:lucene-memory:jar:4.3.1:compile - omitted for duplicate)
|  |  \- (org.apache.lucene:lucene-queries:jar:4.3.1:compile - omitted for duplicate)
|  +- org.apache.lucene:lucene-queryparser:jar:4.3.1:compile
|  |  +- (org.apache.lucene:lucene-core:jar:4.3.1:compile - omitted for duplicate)
|  |  +- (org.apache.lucene:lucene-queries:jar:4.3.1:compile - omitted for duplicate)
|  |  \- org.apache.lucene:lucene-sandbox:jar:4.3.1:compile
|  |     \- (org.apache.lucene:lucene-core:jar:4.3.1:compile - omitted for duplicate)
|  +- org.apache.lucene:lucene-suggest:jar:4.3.1:compile
|  |  +- (org.apache.lucene:lucene-core:jar:4.3.1:compile - omitted for duplicate)
|  |  \- (org.apache.lucene:lucene-analyzers-common:jar:4.3.1:compile - omitted for duplicate)
|  +- org.apache.lucene:lucene-join:jar:4.3.1:compile
|  |  +- (org.apache.lucene:lucene-core:jar:4.3.1:compile - omitted for duplicate)
|  |  \- org.apache.lucene:lucene-grouping:jar:4.3.1:compile
|  |     +- (org.apache.lucene:lucene-core:jar:4.3.1:compile - omitted for duplicate)
|  |     \- (org.apache.lucene:lucene-queries:jar:4.3.1:compile - omitted for duplicate)
|  \- org.apache.lucene:lucene-spatial:jar:4.3.1:compile
|     +- com.spatial4j:spatial4j:jar:0.3:compile
|     +- (org.apache.lucene:lucene-core:jar:4.3.1:compile - omitted for duplicate)
|     \- (org.apache.lucene:lucene-queries:jar:4.3.1:compile - omitted for duplicate)
+- log4j:log4j:jar:1.2.16:runtime
+- org.hamcrest:hamcrest-core:jar:1.3.RC2:test
+- org.hamcrest:hamcrest-library:jar:1.3.RC2:test
|  \- (org.hamcrest:hamcrest-core:jar:1.3.RC2:test - omitted for duplicate)
\- junit:junit:jar:4.10:test
   \- (org.hamcrest:hamcrest-core:jar:1.1:test - omitted for conflict with 1.3.RC2)

