WARNING: Your kernel does not support swap limit capabilities or the cgroup is not mounted. Memory limited without swap.
org.elasticsearch:elasticsearch-analysis-ik:jar:1.9.5
+- org.elasticsearch:elasticsearch:jar:2.3.5:compile
|  +- org.apache.lucene:lucene-core:jar:5.5.0:compile
|  +- org.apache.lucene:lucene-backward-codecs:jar:5.5.0:compile
|  |  \- (org.apache.lucene:lucene-core:jar:5.5.0:compile - omitted for duplicate)
|  +- org.apache.lucene:lucene-analyzers-common:jar:5.5.0:compile
|  |  \- (org.apache.lucene:lucene-core:jar:5.5.0:compile - omitted for duplicate)
|  +- org.apache.lucene:lucene-queries:jar:5.5.0:compile
|  |  \- (org.apache.lucene:lucene-core:jar:5.5.0:compile - omitted for duplicate)
|  +- org.apache.lucene:lucene-memory:jar:5.5.0:compile
|  |  \- (org.apache.lucene:lucene-core:jar:5.5.0:compile - omitted for duplicate)
|  +- org.apache.lucene:lucene-highlighter:jar:5.5.0:compile
|  |  +- (org.apache.lucene:lucene-analyzers-common:jar:5.5.0:compile - omitted for duplicate)
|  |  +- (org.apache.lucene:lucene-core:jar:5.5.0:compile - omitted for duplicate)
|  |  +- (org.apache.lucene:lucene-join:jar:5.5.0:compile - omitted for duplicate)
|  |  +- (org.apache.lucene:lucene-memory:jar:5.5.0:compile - omitted for duplicate)
|  |  \- (org.apache.lucene:lucene-queries:jar:5.5.0:compile - omitted for duplicate)
|  +- org.apache.lucene:lucene-queryparser:jar:5.5.0:compile
|  |  +- (org.apache.lucene:lucene-core:jar:5.5.0:compile - omitted for duplicate)
|  |  +- (org.apache.lucene:lucene-queries:jar:5.5.0:compile - omitted for duplicate)
|  |  \- org.apache.lucene:lucene-sandbox:jar:5.5.0:compile
|  +- org.apache.lucene:lucene-suggest:jar:5.5.0:compile
|  |  +- (org.apache.lucene:lucene-analyzers-common:jar:5.5.0:compile - omitted for duplicate)
|  |  +- (org.apache.lucene:lucene-core:jar:5.5.0:compile - omitted for duplicate)
|  |  +- org.apache.lucene:lucene-misc:jar:5.5.0:compile
|  |  \- (org.apache.lucene:lucene-queries:jar:5.5.0:compile - omitted for duplicate)
|  +- org.apache.lucene:lucene-join:jar:5.5.0:compile
|  |  +- (org.apache.lucene:lucene-core:jar:5.5.0:compile - omitted for duplicate)
|  |  \- org.apache.lucene:lucene-grouping:jar:5.5.0:compile
|  +- org.apache.lucene:lucene-spatial:jar:5.5.0:compile
|  |  +- (org.apache.lucene:lucene-core:jar:5.5.0:compile - omitted for duplicate)
|  |  +- (org.apache.lucene:lucene-misc:jar:5.5.0:compile - omitted for duplicate)
|  |  +- (org.apache.lucene:lucene-queries:jar:5.5.0:compile - omitted for duplicate)
|  |  +- org.apache.lucene:lucene-spatial3d:jar:5.5.0:compile
|  |  \- com.spatial4j:spatial4j:jar:0.5:compile
|  +- com.google.guava:guava:jar:18.0:compile
|  +- org.elasticsearch:securesm:jar:1.0:compile
|  +- com.carrotsearch:hppc:jar:0.7.1:compile
|  +- joda-time:joda-time:jar:2.9.4:compile
|  +- org.joda:joda-convert:jar:1.2:compile
|  +- com.fasterxml.jackson.core:jackson-core:jar:2.6.6:compile
|  +- com.fasterxml.jackson.dataformat:jackson-dataformat-smile:jar:2.6.6:compile
|  |  \- (com.fasterxml.jackson.core:jackson-core:jar:2.6.6:compile - omitted for duplicate)
|  +- com.fasterxml.jackson.dataformat:jackson-dataformat-yaml:jar:2.6.6:compile
|  |  +- (com.fasterxml.jackson.core:jackson-core:jar:2.6.6:compile - omitted for duplicate)
|  |  \- org.yaml:snakeyaml:jar:1.15:compile
|  +- com.fasterxml.jackson.dataformat:jackson-dataformat-cbor:jar:2.6.6:compile
|  |  \- (com.fasterxml.jackson.core:jackson-core:jar:2.6.6:compile - omitted for duplicate)
|  +- io.netty:netty:jar:3.10.5.Final:compile
|  +- com.ning:compress-lzf:jar:1.0.2:compile
|  +- com.tdunning:t-digest:jar:3.0:compile
|  +- org.hdrhistogram:HdrHistogram:jar:2.1.6:compile
|  +- commons-cli:commons-cli:jar:1.3.1:compile
|  \- com.twitter:jsr166e:jar:1.1.0:compile
+- org.apache.httpcomponents:httpclient:jar:4.5.2:compile
|  +- org.apache.httpcomponents:httpcore:jar:4.4.4:compile
|  +- commons-logging:commons-logging:jar:1.2:compile
|  \- commons-codec:commons-codec:jar:1.9:compile
+- log4j:log4j:jar:1.2.17:runtime
+- org.hamcrest:hamcrest-core:jar:1.3:test
+- org.hamcrest:hamcrest-library:jar:1.3:test
|  \- (org.hamcrest:hamcrest-core:jar:1.3:test - omitted for duplicate)
\- junit:junit:jar:4.12:test
   \- (org.hamcrest:hamcrest-core:jar:1.3:test - omitted for duplicate)

