WARNING: Your kernel does not support swap limit capabilities or the cgroup is not mounted. Memory limited without swap.
org.elasticsearch:elasticsearch-analysis-pinyin:jar:5.6.4
+- org.nlpcn:nlp-lang:jar:1.7:system
+- org.elasticsearch:elasticsearch:jar:5.6.4:compile
|  +- org.apache.lucene:lucene-core:jar:6.6.1:compile
|  +- org.apache.lucene:lucene-analyzers-common:jar:6.6.1:compile
|  +- org.apache.lucene:lucene-backward-codecs:jar:6.6.1:compile
|  +- org.apache.lucene:lucene-grouping:jar:6.6.1:compile
|  +- org.apache.lucene:lucene-highlighter:jar:6.6.1:compile
|  +- org.apache.lucene:lucene-join:jar:6.6.1:compile
|  +- org.apache.lucene:lucene-memory:jar:6.6.1:compile
|  +- org.apache.lucene:lucene-misc:jar:6.6.1:compile
|  +- org.apache.lucene:lucene-queries:jar:6.6.1:compile
|  +- org.apache.lucene:lucene-queryparser:jar:6.6.1:compile
|  +- org.apache.lucene:lucene-sandbox:jar:6.6.1:compile
|  +- org.apache.lucene:lucene-spatial:jar:6.6.1:compile
|  +- org.apache.lucene:lucene-spatial-extras:jar:6.6.1:compile
|  +- org.apache.lucene:lucene-spatial3d:jar:6.6.1:compile
|  +- org.apache.lucene:lucene-suggest:jar:6.6.1:compile
|  +- org.elasticsearch:securesm:jar:1.1:compile
|  +- net.sf.jopt-simple:jopt-simple:jar:5.0.2:compile
|  +- com.carrotsearch:hppc:jar:0.7.1:compile
|  +- joda-time:joda-time:jar:2.9.5:compile
|  +- org.yaml:snakeyaml:jar:1.15:compile
|  +- com.fasterxml.jackson.core:jackson-core:jar:2.8.6:compile
|  +- com.fasterxml.jackson.dataformat:jackson-dataformat-smile:jar:2.8.6:compile
|  +- com.fasterxml.jackson.dataformat:jackson-dataformat-yaml:jar:2.8.6:compile
|  +- com.fasterxml.jackson.dataformat:jackson-dataformat-cbor:jar:2.8.6:compile
|  +- com.tdunning:t-digest:jar:3.0:compile
|  +- org.hdrhistogram:HdrHistogram:jar:2.1.9:compile
|  +- org.apache.logging.log4j:log4j-api:jar:2.9.1:compile
|  \- org.elasticsearch:jna:jar:4.4.0-1:compile
+- log4j:log4j:jar:1.2.16:runtime
+- org.hamcrest:hamcrest-core:jar:1.3.RC2:test
+- org.hamcrest:hamcrest-library:jar:1.3.RC2:test
|  \- (org.hamcrest:hamcrest-core:jar:1.3.RC2:test - omitted for duplicate)
+- org.powermock:powermock-module-junit4:jar:1.6.2:test
|  +- (junit:junit:jar:4.12:test - omitted for conflict with 4.9)
|  \- org.powermock:powermock-module-junit4-common:jar:1.6.2:test
|     +- (junit:junit:jar:4.4:test - omitted for conflict with 4.12)
|     +- org.powermock:powermock-core:jar:1.6.2:test
|     |  +- (org.powermock:powermock-reflect:jar:1.6.2:test - omitted for duplicate)
|     |  \- org.javassist:javassist:jar:3.19.0-GA:test
|     \- org.powermock:powermock-reflect:jar:1.6.2:test
|        \- org.objenesis:objenesis:jar:2.1:test
+- org.powermock:powermock-api-mockito:jar:1.6.2:test
|  +- org.mockito:mockito-all:jar:1.10.19:test
|  \- org.powermock:powermock-api-support:jar:1.6.2:test
|     +- (org.powermock:powermock-core:jar:1.6.2:test - omitted for duplicate)
|     \- (org.powermock:powermock-reflect:jar:1.6.2:test - omitted for duplicate)
+- nl.jqno.equalsverifier:equalsverifier:jar:1.7.5:test
+- com.openpojo:openpojo:jar:0.8.1:test
\- junit:junit:jar:4.9:test
   \- (org.hamcrest:hamcrest-core:jar:1.1:test - omitted for conflict with 1.3.RC2)

