WARNING: Your kernel does not support swap limit capabilities or the cgroup is not mounted. Memory limited without swap.
org.elasticsearch:elasticsearch-analysis-pinyin:jar:1.1.1
+- net.sourceforge.pinyin4j:pinyin4j:jar:2.5.0:system
+- org.elasticsearch:elasticsearch:jar:0.19.8:compile
|  +- org.apache.lucene:lucene-core:jar:3.6.0:compile
|  +- org.apache.lucene:lucene-analyzers:jar:3.6.0:compile
|  |  \- (org.apache.lucene:lucene-core:jar:3.6.0:compile - omitted for duplicate)
|  +- org.apache.lucene:lucene-queries:jar:3.6.0:compile
|  |  \- (org.apache.lucene:lucene-core:jar:3.6.0:compile - omitted for duplicate)
|  +- org.apache.lucene:lucene-memory:jar:3.6.0:compile
|  |  \- (org.apache.lucene:lucene-core:jar:3.6.0:compile - omitted for duplicate)
|  \- org.apache.lucene:lucene-highlighter:jar:3.6.0:compile
|     +- (org.apache.lucene:lucene-core:jar:3.6.0:compile - omitted for duplicate)
|     +- (org.apache.lucene:lucene-memory:jar:3.6.0:compile - omitted for duplicate)
|     \- (org.apache.lucene:lucene-queries:jar:3.6.0:compile - omitted for duplicate)
+- log4j:log4j:jar:1.2.16:runtime
+- org.testng:testng:jar:6.3.1:test
|  +- junit:junit:jar:3.8.1:test
|  +- org.beanshell:bsh:jar:2.0b4:test
|  +- com.beust:jcommander:jar:1.12:test
|  \- org.yaml:snakeyaml:jar:1.6:test
+- org.hamcrest:hamcrest-core:jar:1.3.RC2:test
\- org.hamcrest:hamcrest-library:jar:1.3.RC2:test
   \- (org.hamcrest:hamcrest-core:jar:1.3.RC2:test - omitted for duplicate)

