WARNING: Your kernel does not support swap limit capabilities or the cgroup is not mounted. Memory limited without swap.
org.elasticsearch:elasticsearch-analysis-stconvert:jar:5.6.2
+- org.elasticsearch:elasticsearch:jar:5.6.2:compile
|  +- org.apache.lucene:lucene-core:jar:6.6.1:compile
|  +- org.apache.lucene:lucene-analyzers-common:jar:6.6.1:compile
|  +- org.apache.lucene:lucene-backward-codecs:jar:6.6.1:compile
|  +- org.apache.lucene:lucene-grouping:jar:6.6.1:compile
|  +- org.apache.lucene:lucene-highlighter:jar:6.6.1:compile
|  +- org.apache.lucene:lucene-join:jar:6.6.1:compile
|  +- org.apache.lucene:lucene-memory:jar:6.6.1:compile
|  +- org.apache.lucene:lucene-misc:jar:6.6.1:compile
|  +- org.apache.lucene:lucene-queries:jar:6.6.1:compile
|  +- org.apache.lucene:lucene-queryparser:jar:6.6.1:compile
|  +- org.apache.lucene:lucene-sandbox:jar:6.6.1:compile
|  +- org.apache.lucene:lucene-spatial:jar:6.6.1:compile
|  +- org.apache.lucene:lucene-spatial-extras:jar:6.6.1:compile
|  +- org.apache.lucene:lucene-spatial3d:jar:6.6.1:compile
|  +- org.apache.lucene:lucene-suggest:jar:6.6.1:compile
|  +- org.elasticsearch:securesm:jar:1.1:compile
|  +- net.sf.jopt-simple:jopt-simple:jar:5.0.2:compile
|  +- com.carrotsearch:hppc:jar:0.7.1:compile
|  +- joda-time:joda-time:jar:2.9.5:compile
|  +- org.yaml:snakeyaml:jar:1.15:compile
|  +- com.fasterxml.jackson.core:jackson-core:jar:2.8.6:compile
|  +- com.fasterxml.jackson.dataformat:jackson-dataformat-smile:jar:2.8.6:compile
|  +- com.fasterxml.jackson.dataformat:jackson-dataformat-yaml:jar:2.8.6:compile
|  +- com.fasterxml.jackson.dataformat:jackson-dataformat-cbor:jar:2.8.6:compile
|  +- com.tdunning:t-digest:jar:3.0:compile
|  +- org.hdrhistogram:HdrHistogram:jar:2.1.9:compile
|  +- org.apache.logging.log4j:log4j-api:jar:2.9.1:compile
|  \- org.elasticsearch:jna:jar:4.4.0-1:compile
+- log4j:log4j:jar:1.2.17:test
+- org.testng:testng:jar:6.3.1:test
|  +- junit:junit:jar:3.8.1:test
|  +- org.beanshell:bsh:jar:2.0b4:test
|  +- com.beust:jcommander:jar:1.12:test
|  \- (org.yaml:snakeyaml:jar:1.6:test - omitted for conflict with 1.15)
+- org.hamcrest:hamcrest-core:jar:1.3.RC2:test
\- org.hamcrest:hamcrest-library:jar:1.3.RC2:test
   \- (org.hamcrest:hamcrest-core:jar:1.3.RC2:test - omitted for duplicate)

