WARNING: Your kernel does not support swap limit capabilities or the cgroup is not mounted. Memory limited without swap.
org.elasticsearch:elasticsearch-analysis-pinyin:jar:1.3.0
+- net.sourceforge.pinyin4j:pinyin4j:jar:2.5.0:system
+- org.apache.lucene:lucene-analyzers-common:jar:4.6.1:compile
|  \- org.apache.lucene:lucene-core:jar:4.6.1:compile
+- org.elasticsearch:elasticsearch:jar:1.6.0:compile
|  +- (org.apache.lucene:lucene-core:jar:4.10.4:compile - omitted for conflict with 4.6.1)
|  +- (org.apache.lucene:lucene-analyzers-common:jar:4.10.4:compile - omitted for conflict with 4.6.1)
|  +- org.apache.lucene:lucene-queries:jar:4.10.4:compile
|  |  \- (org.apache.lucene:lucene-core:jar:4.10.4:compile - omitted for conflict with 4.6.1)
|  +- org.apache.lucene:lucene-memory:jar:4.10.4:compile
|  |  \- (org.apache.lucene:lucene-core:jar:4.10.4:compile - omitted for conflict with 4.6.1)
|  +- org.apache.lucene:lucene-highlighter:jar:4.10.4:compile
|  |  +- (org.apache.lucene:lucene-core:jar:4.10.4:compile - omitted for conflict with 4.6.1)
|  |  +- (org.apache.lucene:lucene-memory:jar:4.10.4:compile - omitted for duplicate)
|  |  \- (org.apache.lucene:lucene-queries:jar:4.10.4:compile - omitted for duplicate)
|  +- org.apache.lucene:lucene-queryparser:jar:4.10.4:compile
|  |  +- (org.apache.lucene:lucene-core:jar:4.10.4:compile - omitted for conflict with 4.6.1)
|  |  +- (org.apache.lucene:lucene-queries:jar:4.10.4:compile - omitted for duplicate)
|  |  \- (org.apache.lucene:lucene-sandbox:jar:4.10.4:compile - omitted for duplicate)
|  +- org.apache.lucene:lucene-sandbox:jar:4.10.4:compile
|  |  \- (org.apache.lucene:lucene-core:jar:4.10.4:compile - omitted for conflict with 4.6.1)
|  +- org.apache.lucene:lucene-suggest:jar:4.10.4:compile
|  |  +- (org.apache.lucene:lucene-analyzers-common:jar:4.10.4:compile - omitted for conflict with 4.6.1)
|  |  +- (org.apache.lucene:lucene-core:jar:4.10.4:compile - omitted for conflict with 4.6.1)
|  |  +- (org.apache.lucene:lucene-misc:jar:4.10.4:compile - omitted for duplicate)
|  |  \- (org.apache.lucene:lucene-queries:jar:4.10.4:compile - omitted for duplicate)
|  +- org.apache.lucene:lucene-misc:jar:4.10.4:compile
|  |  \- (org.apache.lucene:lucene-core:jar:4.10.4:compile - omitted for conflict with 4.6.1)
|  +- org.apache.lucene:lucene-join:jar:4.10.4:compile
|  |  +- (org.apache.lucene:lucene-core:jar:4.10.4:compile - omitted for conflict with 4.6.1)
|  |  \- (org.apache.lucene:lucene-grouping:jar:4.10.4:compile - omitted for duplicate)
|  +- org.apache.lucene:lucene-grouping:jar:4.10.4:compile
|  |  +- (org.apache.lucene:lucene-core:jar:4.10.4:compile - omitted for conflict with 4.6.1)
|  |  \- (org.apache.lucene:lucene-queries:jar:4.10.4:compile - omitted for duplicate)
|  +- org.apache.lucene:lucene-spatial:jar:4.10.4:compile
|  |  +- (org.apache.lucene:lucene-core:jar:4.10.4:compile - omitted for conflict with 4.6.1)
|  |  +- (org.apache.lucene:lucene-queries:jar:4.10.4:compile - omitted for duplicate)
|  |  \- com.spatial4j:spatial4j:jar:0.4.1:compile
|  +- org.antlr:antlr-runtime:jar:3.5:compile
|  +- org.ow2.asm:asm:jar:4.1:compile
|  +- org.ow2.asm:asm-commons:jar:4.1:compile
|  \- org.yaml:snakeyaml:jar:1.12:compile
+- log4j:log4j:jar:1.2.16:runtime
+- org.testng:testng:jar:6.3.1:test
|  +- junit:junit:jar:3.8.1:test
|  +- org.beanshell:bsh:jar:2.0b4:test
|  +- com.beust:jcommander:jar:1.12:test
|  \- (org.yaml:snakeyaml:jar:1.6:test - omitted for conflict with 1.12)
+- org.hamcrest:hamcrest-core:jar:1.3.RC2:test
\- org.hamcrest:hamcrest-library:jar:1.3.RC2:test
   \- (org.hamcrest:hamcrest-core:jar:1.3.RC2:test - omitted for duplicate)

