WARNING: Your kernel does not support swap limit capabilities or the cgroup is not mounted. Memory limited without swap.
com.metamx:java-util:jar:0.27.5
+- org.slf4j:slf4j-api:jar:1.6.4:compile
+- org.skife.config:config-magic:jar:0.9:compile
|  \- (org.slf4j:slf4j-api:jar:1.5.6:compile - omitted for conflict with 1.6.4)
+- com.google.guava:guava:jar:16.0.1:compile
+- com.fasterxml.jackson.core:jackson-annotations:jar:2.1.4:compile
+- com.fasterxml.jackson.core:jackson-core:jar:2.1.4:compile
+- com.fasterxml.jackson.core:jackson-databind:jar:2.1.4:compile
|  +- (com.fasterxml.jackson.core:jackson-annotations:jar:2.1.4:compile - omitted for duplicate)
|  \- (com.fasterxml.jackson.core:jackson-core:jar:2.1.4:compile - omitted for duplicate)
+- net.sf.opencsv:opencsv:jar:2.3:compile
+- joda-time:joda-time:jar:1.6:compile
+- org.mozilla:rhino:jar:1.7R5:compile
+- com.jayway.jsonpath:json-path:jar:2.0.0:compile
|  +- (org.slf4j:slf4j-api:jar:1.7.10:compile - omitted for conflict with 1.6.4)
|  \- net.minidev:json-smart:jar:2.1.1:compile
|     \- net.minidev:asm:jar:1.0.2:compile
|        \- asm:asm:jar:3.3.1:compile
+- junit:junit:jar:4.8.1:test
\- org.easymock:easymock:jar:3.0:test
   +- cglib:cglib-nodep:jar:2.2:test
   \- org.objenesis:objenesis:jar:1.2:test

