WARNING: Your kernel does not support swap limit capabilities or the cgroup is not mounted. Memory limited without swap.
com.metamx:java-util:jar:0.28.0
+- org.slf4j:slf4j-api:jar:1.7.22:compile
+- org.skife.config:config-magic:jar:0.17:compile
+- com.google.guava:guava:jar:16.0.1:compile
+- com.fasterxml.jackson.core:jackson-annotations:jar:2.6.5:compile
+- com.fasterxml.jackson.core:jackson-core:jar:2.6.5:compile
+- com.fasterxml.jackson.core:jackson-databind:jar:2.6.5:compile
|  +- (com.fasterxml.jackson.core:jackson-annotations:jar:2.6.0:compile - omitted for conflict with 2.6.5)
|  \- (com.fasterxml.jackson.core:jackson-core:jar:2.6.5:compile - omitted for duplicate)
+- net.sf.opencsv:opencsv:jar:2.3:compile
+- joda-time:joda-time:jar:2.9.7:compile
+- org.mozilla:rhino:jar:1.7R5:compile
+- com.jayway.jsonpath:json-path:jar:2.1.0:compile
+- junit:junit:jar:4.8.1:test
+- org.easymock:easymock:jar:3.0:test
|  +- cglib:cglib-nodep:jar:2.2:test
|  \- org.objenesis:objenesis:jar:1.2:test
\- org.slf4j:slf4j-simple:jar:1.7.22:test
   \- (org.slf4j:slf4j-api:jar:1.7.22:test - omitted for duplicate)

