WARNING: Your kernel does not support swap limit capabilities or the cgroup is not mounted. Memory limited without swap.
com.metamx:java-util:jar:1.3.2
+- org.slf4j:slf4j-api:jar:1.7.22:compile
+- org.skife.config:config-magic:jar:0.17:compile
+- com.google.guava:guava:jar:16.0.1:compile
+- com.fasterxml.jackson.core:jackson-annotations:jar:2.6.7:compile
+- com.fasterxml.jackson.core:jackson-core:jar:2.6.7:compile
+- com.fasterxml.jackson.core:jackson-databind:jar:2.6.7:compile
|  +- (com.fasterxml.jackson.core:jackson-annotations:jar:2.6.0:compile - omitted for conflict with 2.6.7)
|  \- (com.fasterxml.jackson.core:jackson-core:jar:2.6.7:compile - omitted for duplicate)
+- net.sf.opencsv:opencsv:jar:2.3:compile
+- joda-time:joda-time:jar:2.9.7:compile
+- org.mozilla:rhino:jar:1.7R5:compile
+- com.jayway.jsonpath:json-path:jar:2.1.0:compile
+- io.netty:netty:jar:3.10.6.Final:compile
+- com.google.code.findbugs:jsr305:jar:2.0.1:compile
+- javax.validation:validation-api:jar:1.1.0.Final:compile
+- org.asynchttpclient:async-http-client:jar:2.0.37:compile
|  +- org.asynchttpclient:async-http-client-netty-utils:jar:2.0.37:compile
|  |  +- io.netty:netty-buffer:jar:4.0.52.Final:compile
|  |  |  \- (io.netty:netty-common:jar:4.0.52.Final:compile - omitted for duplicate)
|  |  \- (org.slf4j:slf4j-api:jar:1.7.25:compile - omitted for conflict with 1.7.22)
|  +- io.netty:netty-codec-http:jar:4.0.52.Final:compile
|  |  +- io.netty:netty-codec:jar:4.0.52.Final:compile
|  |  |  \- (io.netty:netty-transport:jar:4.0.52.Final:compile - omitted for duplicate)
|  |  \- (io.netty:netty-handler:jar:4.0.52.Final:compile - omitted for duplicate)
|  +- io.netty:netty-handler:jar:4.0.52.Final:compile
|  |  +- (io.netty:netty-buffer:jar:4.0.52.Final:compile - omitted for duplicate)
|  |  +- io.netty:netty-transport:jar:4.0.52.Final:compile
|  |  |  \- (io.netty:netty-buffer:jar:4.0.52.Final:compile - omitted for duplicate)
|  |  \- (io.netty:netty-codec:jar:4.0.52.Final:compile - omitted for duplicate)
|  +- io.netty:netty-transport-native-epoll:jar:linux-x86_64:4.0.52.Final:compile
|  |  +- io.netty:netty-common:jar:4.0.52.Final:compile
|  |  +- (io.netty:netty-buffer:jar:4.0.52.Final:compile - omitted for duplicate)
|  |  \- (io.netty:netty-transport:jar:4.0.52.Final:compile - omitted for duplicate)
|  +- org.asynchttpclient:netty-resolver-dns:jar:2.0.37:compile
|  |  +- org.asynchttpclient:netty-resolver:jar:2.0.37:compile
|  |  |  +- (io.netty:netty-common:jar:4.0.52.Final:compile - omitted for duplicate)
|  |  |  \- (org.slf4j:slf4j-api:jar:1.7.25:compile - omitted for conflict with 1.7.22)
|  |  +- org.asynchttpclient:netty-codec-dns:jar:2.0.37:compile
|  |  |  +- (io.netty:netty-codec:jar:4.0.52.Final:compile - omitted for duplicate)
|  |  |  \- (org.slf4j:slf4j-api:jar:1.7.25:compile - omitted for conflict with 1.7.22)
|  |  +- (io.netty:netty-transport:jar:4.0.52.Final:compile - omitted for duplicate)
|  |  \- (org.slf4j:slf4j-api:jar:1.7.25:compile - omitted for conflict with 1.7.22)
|  +- org.reactivestreams:reactive-streams:jar:1.0.0:compile
|  +- com.typesafe.netty:netty-reactive-streams:jar:1.0.8:compile
|  |  +- (io.netty:netty-handler:jar:4.0.41.Final:compile - omitted for conflict with 4.0.52.Final)
|  |  \- (org.reactivestreams:reactive-streams:jar:1.0.0:compile - omitted for duplicate)
|  \- (org.slf4j:slf4j-api:jar:1.7.25:compile - omitted for conflict with 1.7.22)
+- org.hyperic:sigar:jar:1.6.5.132:compile
+- org.hyperic:sigar-dist:zip:1.6.5.132:provided
+- org.gridkit.lab:jvm-attach-api:jar:1.2:compile
+- junit:junit:jar:4.12:test
|  \- org.hamcrest:hamcrest-core:jar:1.3:test
+- org.slf4j:slf4j-simple:jar:1.7.25:test
|  \- (org.slf4j:slf4j-api:jar:1.7.25:test - omitted for conflict with 1.7.22)
+- org.easymock:easymock:jar:3.4:test
|  \- org.objenesis:objenesis:jar:2.2:test
+- log4j:log4j:jar:1.2.17:test
+- org.slf4j:slf4j-log4j12:jar:1.7.25:test
|  +- (org.slf4j:slf4j-api:jar:1.7.25:test - omitted for conflict with 1.7.22)
|  \- (log4j:log4j:jar:1.2.17:test - omitted for duplicate)
+- org.eclipse.jetty:jetty-server:jar:9.2.21.v20170120:test
|  +- javax.servlet:javax.servlet-api:jar:3.1.0:test
|  +- org.eclipse.jetty:jetty-http:jar:9.2.21.v20170120:test
|  |  \- org.eclipse.jetty:jetty-util:jar:9.2.21.v20170120:test
|  \- org.eclipse.jetty:jetty-io:jar:9.2.21.v20170120:test
|     \- (org.eclipse.jetty:jetty-util:jar:9.2.21.v20170120:test - omitted for duplicate)
+- org.eclipse.jetty:jetty-servlet:jar:9.2.21.v20170120:test
|  \- org.eclipse.jetty:jetty-security:jar:9.2.21.v20170120:test
|     \- (org.eclipse.jetty:jetty-server:jar:9.2.21.v20170120:test - omitted for duplicate)
\- it.unimi.dsi:fastutil:jar:7.1.0:test

