WARNING: Your kernel does not support swap limit capabilities or the cgroup is not mounted. Memory limited without swap.
davmail:davmail:jar:5.2.0
+- junit:junit:jar:3.8.1:test
+- org.apache.jackrabbit:jackrabbit-webdav:jar:2.14.6:compile
|  +- org.slf4j:slf4j-api:jar:1.7.25:compile
|  +- org.apache.httpcomponents:httpclient:jar:4.5.6:compile
|  |  +- org.apache.httpcomponents:httpcore:jar:4.4.10:compile
|  |  +- (commons-logging:commons-logging:jar:1.2:compile - omitted for conflict with 1.0.4)
|  |  \- (commons-codec:commons-codec:jar:1.10:compile - omitted for conflict with 1.2)
|  +- (commons-httpclient:commons-httpclient:jar:3.1:compile - omitted for duplicate)
|  \- org.slf4j:jcl-over-slf4j:jar:1.7.25:compile
|     \- (org.slf4j:slf4j-api:jar:1.7.25:compile - omitted for duplicate)
+- org.slf4j:slf4j-log4j12:jar:1.7.25:compile
|  +- (org.slf4j:slf4j-api:jar:1.7.25:compile - omitted for duplicate)
|  \- (log4j:log4j:jar:1.2.17:compile - omitted for duplicate)
+- commons-httpclient:commons-httpclient:jar:3.1:compile
|  +- commons-logging:commons-logging:jar:1.0.4:compile
|  \- (commons-codec:commons-codec:jar:1.2:compile - omitted for conflict with 1.11)
+- commons-codec:commons-codec:jar:1.11:compile
+- log4j:log4j:jar:1.2.17:compile
+- com.sun.mail:javax.mail:jar:1.5.6:compile
|  \- (javax.activation:activation:jar:1.1:compile - omitted for conflict with 1.1.1)
+- javax.activation:activation:jar:1.1.1:compile
+- org.eclipse:swt:jar:4.9:system
+- javax.servlet:servlet-api:jar:2.4:compile
+- net.sourceforge.htmlcleaner:htmlcleaner:jar:2.21:compile
|  \- org.jdom:jdom2:jar:2.0.5:compile
+- com.fasterxml.woodstox:woodstox-core:jar:5.1.0:compile
|  \- org.codehaus.woodstox:stax2-api:jar:4.1:compile
+- org.samba.jcifs:jcifs:jar:1.3.14:system
+- net.freeutils:jcharset:jar:2.0:compile
+- org.boris.winrun4j:winrun4j:jar:0.4.5:system
+- info.growl:growl:jar:0.2:system
\- org.codehaus.jettison:jettison:jar:1.4.0:compile

