WARNING: Your kernel does not support swap limit capabilities or the cgroup is not mounted. Memory limited without swap.
com.slackworks:naether:jar:0.7.1
+- ch.qos.logback:logback-classic:jar:0.9.29:compile
|  +- ch.qos.logback:logback-core:jar:0.9.29:compile
|  \- (org.slf4j:slf4j-api:jar:1.6.1:compile - omitted for conflict with 1.6.2)
+- org.slf4j:slf4j-api:jar:1.6.2:compile
+- org.slf4j:jcl-over-slf4j:jar:1.6.2:compile
|  \- (org.slf4j:slf4j-api:jar:1.6.2:compile - omitted for duplicate)
+- org.slf4j:log4j-over-slf4j:jar:1.6.2:compile
|  \- (org.slf4j:slf4j-api:jar:1.6.2:compile - omitted for duplicate)
+- org.codehaus.plexus:plexus-utils:jar:3.0:compile
+- org.apache.maven:maven-model-v3:jar:2.0:compile
|  \- (org.codehaus.plexus:plexus-utils:jar:1.0.4:compile - omitted for conflict with 3.0)
+- org.codehaus.plexus:plexus-container-default:jar:1.5.5:compile
|  +- (org.codehaus.plexus:plexus-utils:jar:1.4.5:compile - omitted for conflict with 3.0)
|  +- org.codehaus.plexus:plexus-classworlds:jar:2.2.2:compile
|  +- org.apache.xbean:xbean-reflect:jar:3.4:compile
|  |  +- log4j:log4j:jar:1.2.12:compile
|  |  \- commons-logging:commons-logging-api:jar:1.1:compile
|  +- com.google.collections:google-collections:jar:1.0:compile
|  \- (junit:junit:jar:3.8.2:compile - omitted for conflict with 4.8.2)
+- org.sonatype.aether:aether-api:jar:1.13:compile
+- org.sonatype.aether:aether-util:jar:1.13:compile
|  \- (org.sonatype.aether:aether-api:jar:1.13:compile - omitted for duplicate)
+- org.sonatype.aether:aether-impl:jar:1.13:compile
|  +- (org.sonatype.aether:aether-api:jar:1.13:compile - omitted for duplicate)
|  +- org.sonatype.aether:aether-spi:jar:1.13:compile
|  |  \- (org.sonatype.aether:aether-api:jar:1.13:compile - omitted for duplicate)
|  \- (org.sonatype.aether:aether-util:jar:1.13:compile - omitted for duplicate)
+- org.sonatype.aether:aether-connector-file:jar:1.13:compile
|  +- (org.sonatype.aether:aether-api:jar:1.13:compile - omitted for duplicate)
|  +- (org.sonatype.aether:aether-spi:jar:1.13:compile - omitted for duplicate)
|  \- (org.sonatype.aether:aether-util:jar:1.13:compile - omitted for duplicate)
+- org.sonatype.aether:aether-connector-asynchttpclient:jar:1.13:compile
|  +- (org.sonatype.aether:aether-api:jar:1.13:compile - omitted for duplicate)
|  +- (org.sonatype.aether:aether-spi:jar:1.13:compile - omitted for duplicate)
|  +- (org.sonatype.aether:aether-util:jar:1.13:compile - omitted for duplicate)
|  \- com.ning:async-http-client:jar:1.6.5:compile
|     +- org.jboss.netty:netty:jar:3.2.5.Final:compile
|     \- (org.slf4j:slf4j-api:jar:1.6.2:compile - omitted for duplicate)
+- org.sonatype.aether:aether-connector-wagon:jar:1.13:compile
|  +- (org.sonatype.aether:aether-api:jar:1.13:compile - omitted for duplicate)
|  +- (org.sonatype.aether:aether-spi:jar:1.13:compile - omitted for duplicate)
|  +- (org.sonatype.aether:aether-util:jar:1.13:compile - omitted for duplicate)
|  +- org.apache.maven.wagon:wagon-provider-api:jar:1.0-beta-6:compile
|  |  \- (org.codehaus.plexus:plexus-utils:jar:1.4.2:compile - omitted for conflict with 3.0)
|  +- (org.codehaus.plexus:plexus-classworlds:jar:2.4:compile - omitted for conflict with 2.2.2)
|  +- (org.codehaus.plexus:plexus-utils:jar:2.0.7:compile - omitted for conflict with 3.0)
|  \- org.sonatype.sisu:sisu-inject-plexus:jar:2.2.3:compile
|     +- (org.codehaus.plexus:plexus-component-annotations:jar:1.5.5:compile - omitted for duplicate)
|     +- (org.codehaus.plexus:plexus-classworlds:jar:2.4:compile - omitted for conflict with 2.2.2)
|     +- (org.codehaus.plexus:plexus-utils:jar:2.0.7:compile - omitted for conflict with 3.0)
|     \- org.sonatype.sisu:sisu-inject-bean:jar:2.2.3:compile
|        \- org.sonatype.sisu:sisu-guice:jar:no_aop:3.0.3:compile
+- org.apache.maven:maven-aether-provider:jar:3.0.3:compile
|  +- org.apache.maven:maven-model:jar:3.0.3:compile
|  |  \- (org.codehaus.plexus:plexus-utils:jar:2.0.6:compile - omitted for conflict with 3.0)
|  +- org.apache.maven:maven-model-builder:jar:3.0.3:compile
|  |  +- (org.codehaus.plexus:plexus-utils:jar:2.0.6:compile - omitted for conflict with 3.0)
|  |  +- org.codehaus.plexus:plexus-interpolation:jar:1.14:compile
|  |  +- (org.codehaus.plexus:plexus-component-annotations:jar:1.5.5:compile - omitted for duplicate)
|  |  \- (org.apache.maven:maven-model:jar:3.0.3:compile - omitted for duplicate)
|  +- org.apache.maven:maven-repository-metadata:jar:3.0.3:compile
|  |  \- (org.codehaus.plexus:plexus-utils:jar:2.0.6:compile - omitted for conflict with 3.0)
|  +- (org.sonatype.aether:aether-api:jar:1.11:compile - omitted for conflict with 1.13)
|  +- (org.sonatype.aether:aether-spi:jar:1.11:compile - omitted for conflict with 1.13)
|  +- (org.sonatype.aether:aether-util:jar:1.11:compile - omitted for conflict with 1.13)
|  +- (org.sonatype.aether:aether-impl:jar:1.11:compile - omitted for conflict with 1.13)
|  +- org.codehaus.plexus:plexus-component-annotations:jar:1.5.5:compile
|  \- (org.codehaus.plexus:plexus-utils:jar:2.0.6:compile - omitted for conflict with 3.0)
+- org.apache.maven.wagon:wagon-ssh:jar:1.0:compile
|  +- com.jcraft:jsch:jar:0.1.44-1:compile
|  +- (org.codehaus.plexus:plexus-utils:jar:1.4.2:compile - omitted for conflict with 3.0)
|  +- org.apache.maven.wagon:wagon-ssh-common:jar:1.0:compile
|  |  +- (org.codehaus.plexus:plexus-utils:jar:1.4.2:compile - omitted for conflict with 3.0)
|  |  +- org.codehaus.plexus:plexus-interactivity-api:jar:1.0-alpha-6:compile
|  |  |  \- (org.codehaus.plexus:plexus-utils:jar:1.4:compile - omitted for conflict with 3.0)
|  |  \- (org.apache.maven.wagon:wagon-provider-api:jar:1.0:compile - omitted for conflict with 1.0-beta-6)
|  \- (org.apache.maven.wagon:wagon-provider-api:jar:1.0:compile - omitted for conflict with 1.0-beta-6)
+- org.apache.maven.wagon:wagon-http-lightweight:jar:1.0:compile
|  +- org.apache.maven.wagon:wagon-http-shared:jar:1.0:compile
|  |  +- commons-io:commons-io:jar:2.0.1:compile
|  |  +- org.jsoup:jsoup:jar:1.6.1:compile
|  |  \- (org.apache.maven.wagon:wagon-provider-api:jar:1.0:compile - omitted for conflict with 1.0-beta-6)
|  \- (org.apache.maven.wagon:wagon-provider-api:jar:1.0:compile - omitted for conflict with 1.0-beta-6)
+- org.apache.maven.wagon:wagon-file:jar:1.0:compile
|  \- (org.apache.maven.wagon:wagon-provider-api:jar:1.0:compile - omitted for conflict with 1.0-beta-6)
\- junit:junit:jar:4.8.2:test (scope not updated to compile)

