WARNING: Your kernel does not support swap limit capabilities or the cgroup is not mounted. Memory limited without swap.
com.tobedevoured.naether:core:jar:0.15.2
+- org.slf4j:slf4j-api:jar:1.7.6:compile
+- org.slf4j:slf4j-simple:jar:1.7.6:compile
|  \- (org.slf4j:slf4j-api:jar:1.7.6:compile - omitted for duplicate)
+- org.apache.maven.shared:maven-invoker:jar:2.1.1:compile
|  +- (org.codehaus.plexus:plexus-utils:jar:3.0.8:compile - omitted for duplicate)
|  \- org.codehaus.plexus:plexus-component-annotations:jar:1.5.5:compile
+- org.sonatype.aether:aether-api:jar:1.13.1:compile
+- org.sonatype.aether:aether-util:jar:1.13.1:compile
|  \- (org.sonatype.aether:aether-api:jar:1.13.1:compile - omitted for duplicate)
+- org.sonatype.aether:aether-impl:jar:1.13.1:compile
|  +- (org.sonatype.aether:aether-api:jar:1.13.1:compile - omitted for duplicate)
|  +- (org.sonatype.aether:aether-spi:jar:1.13.1:compile - omitted for duplicate)
|  \- (org.sonatype.aether:aether-util:jar:1.13.1:compile - omitted for duplicate)
+- org.sonatype.aether:aether-spi:jar:1.13.1:compile
|  \- (org.sonatype.aether:aether-api:jar:1.13.1:compile - omitted for duplicate)
+- org.sonatype.aether:aether-connector-file:jar:1.13.1:compile
|  +- (org.sonatype.aether:aether-api:jar:1.13.1:compile - omitted for duplicate)
|  +- (org.sonatype.aether:aether-spi:jar:1.13.1:compile - omitted for duplicate)
|  \- (org.sonatype.aether:aether-util:jar:1.13.1:compile - omitted for duplicate)
+- org.sonatype.aether:aether-connector-asynchttpclient:jar:1.13.1:compile
|  +- (org.sonatype.aether:aether-api:jar:1.13.1:compile - omitted for duplicate)
|  +- (org.sonatype.aether:aether-spi:jar:1.13.1:compile - omitted for duplicate)
|  +- (org.sonatype.aether:aether-util:jar:1.13.1:compile - omitted for duplicate)
|  \- com.ning:async-http-client:jar:1.6.5:compile
|     \- (org.slf4j:slf4j-api:jar:1.6.2:compile - omitted for conflict with 1.7.6)
+- org.sonatype.aether:aether-connector-wagon:jar:1.13.1:compile
|  +- (org.sonatype.aether:aether-api:jar:1.13.1:compile - omitted for duplicate)
|  +- (org.sonatype.aether:aether-spi:jar:1.13.1:compile - omitted for duplicate)
|  +- (org.sonatype.aether:aether-util:jar:1.13.1:compile - omitted for duplicate)
|  +- org.apache.maven.wagon:wagon-provider-api:jar:1.0-beta-6:compile
|  |  \- (org.codehaus.plexus:plexus-utils:jar:1.4.2:compile - omitted for conflict with 3.0.8)
|  +- org.codehaus.plexus:plexus-classworlds:jar:2.4:compile
|  \- (org.codehaus.plexus:plexus-utils:jar:2.0.7:compile - omitted for conflict with 3.0.8)
+- org.codehaus.plexus:plexus-utils:jar:3.0.8:compile
+- org.apache.maven:maven-aether-provider:jar:3.0.3:compile
|  +- org.apache.maven:maven-model:jar:3.0.3:compile
|  |  \- (org.codehaus.plexus:plexus-utils:jar:2.0.6:compile - omitted for conflict with 3.0.8)
|  +- org.apache.maven:maven-model-builder:jar:3.0.3:compile
|  |  +- (org.codehaus.plexus:plexus-utils:jar:2.0.6:compile - omitted for conflict with 3.0.8)
|  |  +- org.codehaus.plexus:plexus-interpolation:jar:1.14:compile
|  |  +- (org.codehaus.plexus:plexus-component-annotations:jar:1.5.5:compile - omitted for duplicate)
|  |  \- (org.apache.maven:maven-model:jar:3.0.3:compile - omitted for duplicate)
|  +- org.apache.maven:maven-repository-metadata:jar:3.0.3:compile
|  |  \- (org.codehaus.plexus:plexus-utils:jar:2.0.6:compile - omitted for conflict with 3.0.8)
|  +- (org.sonatype.aether:aether-api:jar:1.11:compile - omitted for conflict with 1.13.1)
|  +- (org.sonatype.aether:aether-spi:jar:1.11:compile - omitted for conflict with 1.13.1)
|  +- (org.sonatype.aether:aether-util:jar:1.11:compile - omitted for conflict with 1.13.1)
|  +- (org.sonatype.aether:aether-impl:jar:1.11:compile - omitted for conflict with 1.13.1)
|  +- (org.codehaus.plexus:plexus-component-annotations:jar:1.5.5:compile - omitted for duplicate)
|  \- (org.codehaus.plexus:plexus-utils:jar:2.0.6:compile - omitted for conflict with 3.0.8)
+- org.apache.maven.wagon:wagon-ssh:jar:1.0:compile
|  +- com.jcraft:jsch:jar:0.1.44-1:compile
|  +- (org.codehaus.plexus:plexus-utils:jar:1.4.2:compile - omitted for conflict with 3.0.8)
|  +- org.apache.maven.wagon:wagon-ssh-common:jar:1.0:compile
|  |  +- (org.codehaus.plexus:plexus-utils:jar:1.4.2:compile - omitted for conflict with 3.0.8)
|  |  +- org.codehaus.plexus:plexus-interactivity-api:jar:1.0-alpha-6:compile
|  |  |  \- (org.codehaus.plexus:plexus-utils:jar:1.4:compile - omitted for conflict with 3.0.8)
|  |  \- (org.apache.maven.wagon:wagon-provider-api:jar:1.0:compile - omitted for conflict with 1.0-beta-6)
|  \- (org.apache.maven.wagon:wagon-provider-api:jar:1.0:compile - omitted for conflict with 1.0-beta-6)
+- org.apache.maven.wagon:wagon-http-lightweight:jar:1.0:compile
|  +- org.apache.maven.wagon:wagon-http-shared:jar:1.0:compile
|  |  +- commons-io:commons-io:jar:2.0.1:compile
|  |  +- org.jsoup:jsoup:jar:1.6.1:compile
|  |  \- (org.apache.maven.wagon:wagon-provider-api:jar:1.0:compile - omitted for conflict with 1.0-beta-6)
|  \- (org.apache.maven.wagon:wagon-provider-api:jar:1.0:compile - omitted for conflict with 1.0-beta-6)
+- org.apache.maven.wagon:wagon-file:jar:1.0:compile
|  \- (org.apache.maven.wagon:wagon-provider-api:jar:1.0:compile - omitted for conflict with 1.0-beta-6)
+- junit:junit:jar:4.11:test
|  \- org.hamcrest:hamcrest-core:jar:1.3:test
\- org.hamcrest:hamcrest-all:jar:1.3:test

