WARNING: Your kernel does not support swap limit capabilities or the cgroup is not mounted. Memory limited without swap.
eu.michael-simons:java-oembed:jar:0.1.5
+- net.sf.ehcache:ehcache-core:jar:2.4.7:compile
+- org.slf4j:slf4j-api:jar:1.6.6:compile
+- org.slf4j:slf4j-simple:jar:1.6.6:runtime
|  \- (org.slf4j:slf4j-api:jar:1.6.6:runtime - omitted for duplicate)
+- org.slf4j:jcl-over-slf4j:jar:1.6.6:runtime
|  \- (org.slf4j:slf4j-api:jar:1.6.6:runtime - omitted for duplicate)
+- org.codehaus.jackson:jackson-core-asl:jar:1.8.8:compile
+- org.codehaus.jackson:jackson-mapper-asl:jar:1.8.8:compile
|  \- (org.codehaus.jackson:jackson-core-asl:jar:1.8.8:compile - omitted for duplicate)
+- org.codehaus.jackson:jackson-xc:jar:1.8.8:compile
|  +- (org.codehaus.jackson:jackson-core-asl:jar:1.8.8:compile - omitted for duplicate)
|  \- (org.codehaus.jackson:jackson-mapper-asl:jar:1.8.8:compile - omitted for duplicate)
+- org.jsoup:jsoup:jar:1.6.3:compile
+- org.apache.httpcomponents:httpclient:jar:4.2:compile
|  \- commons-codec:commons-codec:jar:1.6:compile
+- org.apache.httpcomponents:httpcore:jar:4.2.1:compile
\- junit:junit:jar:4.13.1:test
   \- org.hamcrest:hamcrest-core:jar:1.3:test

