WARNING: Your kernel does not support swap limit capabilities or the cgroup is not mounted. Memory limited without swap.
eu.michael-simons:java-oembed:jar:0.8.1
+- net.sf.ehcache:ehcache:jar:2.10.6:compile
|  \- (org.slf4j:slf4j-api:jar:1.7.25:compile - omitted for duplicate)
+- org.slf4j:slf4j-api:jar:1.7.25:compile
+- org.slf4j:jcl-over-slf4j:jar:1.7.25:runtime
|  \- (org.slf4j:slf4j-api:jar:1.7.25:runtime - omitted for duplicate)
+- com.fasterxml.jackson.core:jackson-core:jar:2.9.7:compile
+- com.fasterxml.jackson.core:jackson-annotations:jar:2.9.0:compile
+- com.fasterxml.jackson.core:jackson-databind:jar:2.9.7:compile
|  +- (com.fasterxml.jackson.core:jackson-annotations:jar:2.9.0:compile - omitted for duplicate)
|  \- (com.fasterxml.jackson.core:jackson-core:jar:2.9.7:compile - omitted for duplicate)
+- com.fasterxml.jackson.module:jackson-module-jaxb-annotations:jar:2.9.7:compile
|  +- (com.fasterxml.jackson.core:jackson-annotations:jar:2.9.0:compile - omitted for duplicate)
|  +- (com.fasterxml.jackson.core:jackson-core:jar:2.9.7:compile - omitted for duplicate)
|  \- (com.fasterxml.jackson.core:jackson-databind:jar:2.9.7:compile - omitted for duplicate)
+- org.jsoup:jsoup:jar:1.11.3:compile
+- org.apache.httpcomponents:httpclient:jar:4.5.6:compile
|  \- commons-codec:commons-codec:jar:1.11:compile (version managed from 1.10)
+- org.apache.httpcomponents:httpcore:jar:4.4.10:compile
+- commons-beanutils:commons-beanutils:jar:1.9.3:compile
|  +- commons-logging:commons-logging:jar:1.2:compile
|  \- commons-collections:commons-collections:jar:3.2.2:compile
+- junit:junit:jar:4.12:test
|  \- (org.hamcrest:hamcrest-core:jar:1.3:test - omitted for duplicate)
+- org.hamcrest:hamcrest-core:jar:1.3:test
+- org.mockito:mockito-core:jar:2.23.4:test
|  +- net.bytebuddy:byte-buddy:jar:1.9.5:test (version managed from 1.9.3)
|  +- net.bytebuddy:byte-buddy-agent:jar:1.9.5:test (version managed from 1.9.3)
|  \- org.objenesis:objenesis:jar:2.6:test
+- org.slf4j:slf4j-simple:jar:1.7.25:test
|  \- (org.slf4j:slf4j-api:jar:1.7.25:test - omitted for duplicate)
+- javax.xml.bind:jaxb-api:jar:2.3.1:compile
|  \- (javax.activation:javax.activation-api:jar:1.2.0:compile - omitted for duplicate)
+- org.glassfish.jaxb:jaxb-runtime:jar:2.3.1:compile
|  +- (javax.xml.bind:jaxb-api:jar:2.3.1:compile - omitted for duplicate)
|  +- org.glassfish.jaxb:txw2:jar:2.3.1:compile
|  +- com.sun.istack:istack-commons-runtime:jar:3.0.7:compile
|  +- org.jvnet.staxex:stax-ex:jar:1.8:compile
|  +- com.sun.xml.fastinfoset:FastInfoset:jar:1.2.15:compile
|  \- (javax.activation:javax.activation-api:jar:1.2.0:compile - omitted for duplicate)
\- javax.activation:javax.activation-api:jar:1.2.0:compile

