WARNING: Your kernel does not support swap limit capabilities or the cgroup is not mounted. Memory limited without swap.
eu.michael-simons:java-oembed:jar:0.3.8
+- net.sf.ehcache:ehcache-core:jar:2.6.9:compile
+- org.slf4j:slf4j-api:jar:1.7.7:compile
+- org.slf4j:slf4j-simple:jar:1.7.7:runtime
|  \- (org.slf4j:slf4j-api:jar:1.7.7:runtime - omitted for duplicate)
+- org.slf4j:jcl-over-slf4j:jar:1.7.7:runtime
|  \- (org.slf4j:slf4j-api:jar:1.7.7:runtime - omitted for duplicate)
+- com.fasterxml.jackson.core:jackson-core:jar:2.4.2:compile
+- com.fasterxml.jackson.core:jackson-annotations:jar:2.4.2:compile
+- com.fasterxml.jackson.core:jackson-databind:jar:2.4.2:compile
|  \- (com.fasterxml.jackson.core:jackson-core:jar:2.4.2:compile - omitted for duplicate)
+- com.fasterxml.jackson.module:jackson-module-jaxb-annotations:jar:2.4.2:compile
|  \- (com.fasterxml.jackson.core:jackson-core:jar:2.4.2:compile - omitted for duplicate)
+- org.jsoup:jsoup:jar:1.7.3:compile
+- org.apache.httpcomponents:httpclient:jar:4.3.4:compile
|  \- commons-codec:commons-codec:jar:1.6:compile
+- org.apache.httpcomponents:httpcore:jar:4.3.2:compile
\- junit:junit:jar:4.11:test
   \- org.hamcrest:hamcrest-core:jar:1.3:test

