WARNING: Your kernel does not support swap limit capabilities or the cgroup is not mounted. Memory limited without swap.
eu.michael-simons:java-oembed:jar:0.7.1
+- net.sf.ehcache:ehcache:jar:2.10.4:compile
|  \- (org.slf4j:slf4j-api:jar:1.7.25:compile - version managed from 1.7.7; omitted for duplicate)
+- org.slf4j:slf4j-api:jar:1.7.25:compile
+- org.slf4j:slf4j-simple:jar:1.7.25:runtime
|  \- (org.slf4j:slf4j-api:jar:1.7.25:runtime - version managed from 1.7.7; omitted for duplicate)
+- org.slf4j:jcl-over-slf4j:jar:1.7.25:runtime
|  \- (org.slf4j:slf4j-api:jar:1.7.25:runtime - version managed from 1.7.7; omitted for duplicate)
+- com.fasterxml.jackson.core:jackson-core:jar:2.9.5:compile
+- com.fasterxml.jackson.core:jackson-annotations:jar:2.9.0:compile
+- com.fasterxml.jackson.core:jackson-databind:jar:2.9.5:compile
|  +- (com.fasterxml.jackson.core:jackson-annotations:jar:2.9.0:compile - omitted for duplicate)
|  \- (com.fasterxml.jackson.core:jackson-core:jar:2.9.5:compile - omitted for duplicate)
+- com.fasterxml.jackson.module:jackson-module-jaxb-annotations:jar:2.9.5:compile
|  +- (com.fasterxml.jackson.core:jackson-annotations:jar:2.9.0:compile - omitted for duplicate)
|  +- (com.fasterxml.jackson.core:jackson-core:jar:2.9.5:compile - omitted for duplicate)
|  \- (com.fasterxml.jackson.core:jackson-databind:jar:2.9.5:compile - omitted for duplicate)
+- org.jsoup:jsoup:jar:1.11.3:compile
+- org.apache.httpcomponents:httpclient:jar:4.5.5:compile
|  \- commons-codec:commons-codec:jar:1.11:compile (version managed from 1.10)
+- org.apache.httpcomponents:httpcore:jar:4.4.9:compile
+- commons-beanutils:commons-beanutils:jar:1.9.3:compile
|  +- commons-logging:commons-logging:jar:1.2:compile
|  \- commons-collections:commons-collections:jar:3.2.2:compile
+- junit:junit:jar:4.12:test
|  \- (org.hamcrest:hamcrest-core:jar:1.3:test - omitted for duplicate)
+- org.hamcrest:hamcrest-core:jar:1.3:test
+- org.mockito:mockito-core:jar:2.15.0:test
|  +- net.bytebuddy:byte-buddy:jar:1.7.11:test (version managed from 1.7.9)
|  +- net.bytebuddy:byte-buddy-agent:jar:1.7.11:test (version managed from 1.7.9)
|  \- org.objenesis:objenesis:jar:2.6:test
+- javax.xml.bind:jaxb-api:jar:2.3.0:compile
+- org.glassfish.jaxb:jaxb-runtime:jar:2.3.0:compile
|  +- org.glassfish.jaxb:jaxb-core:jar:2.3.0:compile
|  |  +- (javax.xml.bind:jaxb-api:jar:2.3.0:compile - omitted for duplicate)
|  |  +- org.glassfish.jaxb:txw2:jar:2.3.0:compile
|  |  \- com.sun.istack:istack-commons-runtime:jar:3.0.5:compile
|  +- org.jvnet.staxex:stax-ex:jar:1.7.8:compile
|  \- com.sun.xml.fastinfoset:FastInfoset:jar:1.2.13:compile
\- javax.activation:activation:jar:1.1.1:compile

