WARNING: Your kernel does not support swap limit capabilities or the cgroup is not mounted. Memory limited without swap.
eu.michael-simons:java-oembed:jar:0.5.7
+- net.sf.ehcache:ehcache-core:jar:2.6.11:compile
+- org.slf4j:slf4j-api:jar:1.7.21:compile
+- org.slf4j:slf4j-simple:jar:1.7.21:runtime
|  \- (org.slf4j:slf4j-api:jar:1.7.21:runtime - omitted for duplicate)
+- org.slf4j:jcl-over-slf4j:jar:1.7.21:runtime
|  \- (org.slf4j:slf4j-api:jar:1.7.21:runtime - omitted for duplicate)
+- com.fasterxml.jackson.core:jackson-core:jar:2.8.4:compile
+- com.fasterxml.jackson.core:jackson-annotations:jar:2.8.4:compile
+- com.fasterxml.jackson.core:jackson-databind:jar:2.8.4:compile
|  \- (com.fasterxml.jackson.core:jackson-core:jar:2.8.4:compile - omitted for duplicate)
+- com.fasterxml.jackson.module:jackson-module-jaxb-annotations:jar:2.8.4:compile
|  \- (com.fasterxml.jackson.core:jackson-core:jar:2.8.4:compile - omitted for duplicate)
+- org.jsoup:jsoup:jar:1.10.1:compile
+- org.apache.httpcomponents:httpclient:jar:4.5.2:compile
|  \- commons-codec:commons-codec:jar:1.9:compile
+- org.apache.httpcomponents:httpcore:jar:4.4.5:compile
+- commons-beanutils:commons-beanutils:jar:1.9.3:compile
|  +- commons-logging:commons-logging:jar:1.2:compile
|  \- commons-collections:commons-collections:jar:3.2.2:compile
+- junit:junit:jar:4.12:test
|  \- org.hamcrest:hamcrest-core:jar:1.3:test
+- org.hamcrest:hamcrest-all:jar:1.3:test
\- org.mockito:mockito-core:jar:1.10.19:test
   \- org.objenesis:objenesis:jar:2.1:test

