WARNING: Your kernel does not support swap limit capabilities or the cgroup is not mounted. Memory limited without swap.
net.mikera:vectorz:bundle:0.67.0
+- org.junit.jupiter:junit-jupiter-api:jar:5.6.2:test
|  +- org.apiguardian:apiguardian-api:jar:1.1.0:test
|  +- org.opentest4j:opentest4j:jar:1.2.0:test
|  \- org.junit.platform:junit-platform-commons:jar:1.6.2:test
|     \- (org.apiguardian:apiguardian-api:jar:1.1.0:test - omitted for duplicate)
+- org.junit.jupiter:junit-jupiter-engine:jar:5.6.2:test
|  +- (org.apiguardian:apiguardian-api:jar:1.1.0:test - omitted for duplicate)
|  +- org.junit.platform:junit-platform-engine:jar:1.6.2:test
|  |  +- (org.apiguardian:apiguardian-api:jar:1.1.0:test - omitted for duplicate)
|  |  +- (org.opentest4j:opentest4j:jar:1.2.0:test - omitted for duplicate)
|  |  \- (org.junit.platform:junit-platform-commons:jar:1.6.2:test - omitted for duplicate)
|  \- (org.junit.jupiter:junit-jupiter-api:jar:5.6.2:test - omitted for duplicate)
+- us.bpsm:edn-java:jar:0.6.0:compile
+- com.google.caliper:caliper:jar:0.5-rc1:test
|  +- com.google.code.findbugs:jsr305:jar:1.3.9:test
|  +- com.google.code.gson:gson:jar:1.7.1:test
|  +- com.google.guava:guava:jar:11.0.1:test
|  |  \- (com.google.code.findbugs:jsr305:jar:1.3.9:test - omitted for duplicate)
|  \- com.google.code.java-allocation-instrumenter:java-allocation-instrumenter:jar:2.0:test
|     +- asm:asm:jar:3.3.1:test
|     +- asm:asm-analysis:jar:3.3.1:test
|     |  \- (asm:asm-tree:jar:3.3.1:test - omitted for duplicate)
|     +- asm:asm-commons:jar:3.3.1:test
|     |  \- (asm:asm-tree:jar:3.3.1:test - omitted for duplicate)
|     +- asm:asm-tree:jar:3.3.1:test
|     |  \- (asm:asm:jar:3.3.1:test - omitted for duplicate)
|     +- asm:asm-util:jar:3.3.1:test
|     |  \- (asm:asm-tree:jar:3.3.1:test - omitted for duplicate)
|     +- asm:asm-xml:jar:3.3.1:test
|     |  \- (asm:asm-util:jar:3.3.1:test - omitted for duplicate)
|     \- (com.google.guava:guava:jar:r08:test - omitted for conflict with 11.0.1)
+- net.mikera:randomz:jar:0.3.0:compile
\- net.mikera:mathz:jar:0.3.0:compile
   \- (net.mikera:randomz:jar:0.3.0:compile - omitted for duplicate)

