WARNING: Your kernel does not support swap limit capabilities or the cgroup is not mounted. Memory limited without swap.
net.mikera:vectorz:jar:0.55.0
+- junit:junit:jar:4.12:test
|  \- org.hamcrest:hamcrest-core:jar:1.3:test
+- us.bpsm:edn-java:jar:0.4.6:compile
+- com.google.caliper:caliper:jar:0.5-rc1:test
|  +- com.google.code.findbugs:jsr305:jar:1.3.9:test
|  +- com.google.code.gson:gson:jar:1.7.1:test
|  +- com.google.guava:guava:jar:11.0.1:test
|  |  \- (com.google.code.findbugs:jsr305:jar:1.3.9:test - omitted for duplicate)
|  \- com.google.code.java-allocation-instrumenter:java-allocation-instrumenter:jar:2.0:test
|     +- asm:asm:jar:3.3.1:test
|     +- asm:asm-analysis:jar:3.3.1:test
|     |  \- (asm:asm-tree:jar:3.3.1:test - omitted for duplicate)
|     +- asm:asm-commons:jar:3.3.1:test
|     |  \- (asm:asm-tree:jar:3.3.1:test - omitted for duplicate)
|     +- asm:asm-tree:jar:3.3.1:test
|     |  \- (asm:asm:jar:3.3.1:test - omitted for duplicate)
|     +- asm:asm-util:jar:3.3.1:test
|     |  \- (asm:asm-tree:jar:3.3.1:test - omitted for duplicate)
|     +- asm:asm-xml:jar:3.3.1:test
|     |  \- (asm:asm-util:jar:3.3.1:test - omitted for duplicate)
|     \- (com.google.guava:guava:jar:r08:test - omitted for conflict with 11.0.1)
+- net.mikera:randomz:jar:0.3.0:compile
\- net.mikera:mathz:jar:0.3.0:compile
   \- (net.mikera:randomz:jar:0.3.0:compile - omitted for duplicate)

