WARNING: Your kernel does not support swap limit capabilities or the cgroup is not mounted. Memory limited without swap.
com.rhetorical:com-warfare:jar:2.13.9.${env.BUILD_NUMBER}
+- com.github.mrrhetorical:McTranslatePlusPlus:jar:master-1.1-g9681908-1:provided
|  +- com.google.cloud:google-cloud-translate:jar:1.14.0:provided
|  |  +- com.google.cloud:google-cloud-core:jar:1.14.0:provided
|  |  |  +- (com.google.guava:guava:jar:20.0:provided - omitted for conflict with 21.0)
|  |  |  +- joda-time:joda-time:jar:2.9.2:provided
|  |  |  +- org.json:json:jar:20160810:provided
|  |  |  +- com.google.http-client:google-http-client:jar:1.23.0:provided
|  |  |  |  \- org.apache.httpcomponents:httpclient:jar:4.0.1:provided
|  |  |  |     +- org.apache.httpcomponents:httpcore:jar:4.0.1:provided
|  |  |  |     +- commons-logging:commons-logging:jar:1.1.1:provided
|  |  |  |     \- commons-codec:commons-codec:jar:1.3:provided
|  |  |  +- com.google.code.findbugs:jsr305:jar:3.0.0:provided
|  |  |  +- com.google.api:api-common:jar:1.2.0:provided
|  |  |  |  +- (com.google.code.findbugs:jsr305:jar:3.0.0:provided - omitted for duplicate)
|  |  |  |  \- (com.google.guava:guava:jar:19.0:provided - omitted for conflict with 20.0)
|  |  |  +- com.google.api:gax:jar:1.15.0:provided
|  |  |  |  +- com.google.auto.value:auto-value:jar:1.2:provided
|  |  |  |  +- (com.google.code.findbugs:jsr305:jar:3.0.0:provided - omitted for duplicate)
|  |  |  |  +- (com.google.guava:guava:jar:20.0:provided - omitted for duplicate)
|  |  |  |  +- org.threeten:threetenbp:jar:1.3.3:provided
|  |  |  |  +- (com.google.auth:google-auth-library-oauth2-http:jar:0.9.0:provided - omitted for duplicate)
|  |  |  |  \- (com.google.api:api-common:jar:1.2.0:provided - omitted for duplicate)
|  |  |  +- com.google.protobuf:protobuf-java-util:jar:3.4.0:provided
|  |  |  |  +- com.google.protobuf:protobuf-java:jar:3.4.0:provided
|  |  |  |  +- (com.google.guava:guava:jar:19.0:provided - omitted for conflict with 20.0)
|  |  |  |  \- (com.google.code.gson:gson:jar:2.7:provided - omitted for conflict with 2.8.0)
|  |  |  +- com.google.api.grpc:proto-google-common-protos:jar:1.0.2:provided
|  |  |  |  \- (com.google.protobuf:protobuf-java:jar:3.4.0:provided - omitted for duplicate)
|  |  |  \- com.google.api.grpc:proto-google-iam-v1:jar:0.1.26:provided
|  |  |     +- (com.google.protobuf:protobuf-java:jar:3.3.0:provided - omitted for conflict with 3.4.0)
|  |  |     +- (com.google.api.grpc:proto-google-common-protos:jar:1.0.2:provided - omitted for duplicate)
|  |  |     \- (com.google.api:api-common:jar:1.1.0:provided - omitted for conflict with 1.2.0)
|  |  +- com.google.cloud:google-cloud-core-http:jar:1.14.0:provided
|  |  |  +- (com.google.cloud:google-cloud-core:jar:1.14.0:provided - omitted for duplicate)
|  |  |  +- com.google.auth:google-auth-library-credentials:jar:0.9.0:provided
|  |  |  +- com.google.auth:google-auth-library-oauth2-http:jar:0.9.0:provided
|  |  |  |  +- (com.google.auth:google-auth-library-credentials:jar:0.9.0:provided - omitted for duplicate)
|  |  |  |  +- (com.google.http-client:google-http-client:jar:1.19.0:provided - omitted for conflict with 1.23.0)
|  |  |  |  +- (com.google.http-client:google-http-client-jackson2:jar:1.19.0:provided - omitted for conflict with 1.23.0)
|  |  |  |  \- (com.google.guava:guava:jar:19.0:provided - omitted for conflict with 20.0)
|  |  |  +- (com.google.http-client:google-http-client:jar:1.23.0:provided - omitted for duplicate)
|  |  |  +- com.google.oauth-client:google-oauth-client:jar:1.23.0:provided
|  |  |  |  +- (com.google.http-client:google-http-client:jar:1.23.0:provided - omitted for duplicate)
|  |  |  |  \- (com.google.code.findbugs:jsr305:jar:1.3.9:provided - omitted for conflict with 3.0.0)
|  |  |  +- (com.google.guava:guava:jar:20.0:provided - omitted for duplicate)
|  |  |  +- (com.google.api-client:google-api-client:jar:1.23.0:provided - omitted for duplicate)
|  |  |  +- com.google.http-client:google-http-client-appengine:jar:1.23.0:provided
|  |  |  |  \- (com.google.http-client:google-http-client:jar:1.23.0:provided - omitted for duplicate)
|  |  |  +- com.google.http-client:google-http-client-jackson:jar:1.23.0:provided
|  |  |  |  +- (com.google.http-client:google-http-client:jar:1.23.0:provided - omitted for duplicate)
|  |  |  |  \- org.codehaus.jackson:jackson-core-asl:jar:1.9.11:provided
|  |  |  \- com.google.http-client:google-http-client-jackson2:jar:1.23.0:provided
|  |  |     +- (com.google.http-client:google-http-client:jar:1.23.0:provided - omitted for duplicate)
|  |  |     \- com.fasterxml.jackson.core:jackson-core:jar:2.1.3:provided
|  |  \- com.google.apis:google-api-services-translate:jar:v2-rev47-1.22.0:provided
|  \- com.google.apis:google-api-services-cloudresourcemanager:jar:v1-rev461-1.23.0:provided
|     \- com.google.api-client:google-api-client:jar:1.23.0:provided
|        +- (com.google.oauth-client:google-oauth-client:jar:1.23.0:provided - omitted for duplicate)
|        +- (com.google.http-client:google-http-client-jackson2:jar:1.23.0:provided - omitted for duplicate)
|        \- com.google.guava:guava-jdk5:jar:17.0:provided
+- org.bstats:bstats-bukkit:jar:1.5:compile
+- org.spigotmc:spigot-api:jar:1.15.2-R0.1-SNAPSHOT:provided
|  +- commons-lang:commons-lang:jar:2.6:provided
|  +- com.google.guava:guava:jar:21.0:provided
|  +- com.google.code.gson:gson:jar:2.8.0:provided
|  +- net.md-5:bungeecord-chat:jar:1.15-SNAPSHOT:provided
|  |  +- (com.google.code.gson:gson:jar:2.8.0:provided - omitted for duplicate)
|  |  \- (com.google.guava:guava:jar:21.0:provided - omitted for duplicate)
|  \- org.yaml:snakeyaml:jar:1.25:provided
+- com.shampaggon:CrackShot:jar:0.98.9:provided
+- com.deecaad:CrackShotPlus:jar:1.85:provided
+- me.zombie_striker:QualityArmory:jar:1.1.154:provided
\- com.comphenix.protocol:ProtocolLib:jar:4.4.0:provided
   +- com.comphenix.protocol:ProtocolLib-API:jar:4.4.0:provided
   |  +- (cglib:cglib-nodep:jar:3.2.5:provided - omitted for duplicate)
   |  \- (com.comphenix.executors:BukkitExecutors:jar:1.1-SNAPSHOT:provided - omitted for duplicate)
   +- cglib:cglib-nodep:jar:3.2.5:provided
   \- com.comphenix.executors:BukkitExecutors:jar:1.1-SNAPSHOT:provided

