WARNING: Your kernel does not support swap limit capabilities or the cgroup is not mounted. Memory limited without swap.
com.n3twork.dynamap:dynamap:jar:0.9.57
+- commons-io:commons-io:jar:1.3.2:compile
+- org.apache.commons:commons-lang3:jar:3.3.2:compile
+- org.apache.commons:commons-math3:jar:3.2:compile
+- commons-codec:commons-codec:jar:1.10:compile
+- com.google.guava:guava:jar:18.0:compile
+- com.fasterxml.jackson.core:jackson-core:jar:2.9.10:compile
+- com.fasterxml.jackson.core:jackson-databind:jar:2.9.10:compile
|  +- com.fasterxml.jackson.core:jackson-annotations:jar:2.9.10:compile
|  \- (com.fasterxml.jackson.core:jackson-core:jar:2.9.10:compile - omitted for duplicate)
+- org.freemarker:freemarker:jar:2.3.23:compile
+- commons-cli:commons-cli:jar:1.3.1:compile
+- com.amazonaws:aws-java-sdk-dynamodb:jar:1.11.477:compile
|  +- com.amazonaws:aws-java-sdk-s3:jar:1.11.477:compile
|  |  +- com.amazonaws:aws-java-sdk-kms:jar:1.11.477:compile
|  |  |  +- (com.amazonaws:aws-java-sdk-core:jar:1.11.477:compile - omitted for duplicate)
|  |  |  \- (com.amazonaws:jmespath-java:jar:1.11.477:compile - omitted for duplicate)
|  |  +- (com.amazonaws:aws-java-sdk-core:jar:1.11.477:compile - omitted for duplicate)
|  |  \- (com.amazonaws:jmespath-java:jar:1.11.477:compile - omitted for duplicate)
|  +- com.amazonaws:aws-java-sdk-core:jar:1.11.477:compile
|  |  +- commons-logging:commons-logging:jar:1.1.3:compile
|  |  +- org.apache.httpcomponents:httpclient:jar:4.5.5:compile
|  |  |  +- org.apache.httpcomponents:httpcore:jar:4.4.9:compile
|  |  |  +- (commons-logging:commons-logging:jar:1.2:compile - omitted for conflict with 1.1.3)
|  |  |  \- (commons-codec:commons-codec:jar:1.10:compile - omitted for duplicate)
|  |  +- software.amazon.ion:ion-java:jar:1.0.2:compile
|  |  +- (com.fasterxml.jackson.core:jackson-databind:jar:2.6.7.2:compile - omitted for conflict with 2.9.10)
|  |  +- com.fasterxml.jackson.dataformat:jackson-dataformat-cbor:jar:2.6.7:compile
|  |  |  \- (com.fasterxml.jackson.core:jackson-core:jar:2.6.7:compile - omitted for conflict with 2.9.10)
|  |  \- joda-time:joda-time:jar:2.8.1:compile
|  \- com.amazonaws:jmespath-java:jar:1.11.477:compile
|     \- (com.fasterxml.jackson.core:jackson-databind:jar:2.6.7.2:compile - omitted for conflict with 2.9.10)
+- ch.qos.logback:logback-classic:jar:1.0.13:compile
|  +- ch.qos.logback:logback-core:jar:1.0.13:compile
|  \- org.slf4j:slf4j-api:jar:1.7.5:compile
+- org.testng:testng:jar:6.8.8:test
|  +- org.beanshell:bsh:jar:2.0b4:test
|  \- com.beust:jcommander:jar:1.27:test
+- org.mockito:mockito-all:jar:1.10.8:test
+- org.easytesting:fest-assert-core:jar:2.0M10:test
|  \- org.easytesting:fest-util:jar:1.2.5:test
\- com.amazonaws:DynamoDBLocal:jar:1.15.0:test
   +- org.antlr:antlr4-runtime:jar:4.5:test
   |  \- org.abego.treelayout:org.abego.treelayout.core:jar:1.0.1:test
   +- (commons-cli:commons-cli:jar:1.2:test - omitted for conflict with 1.3.1)
   +- (org.apache.commons:commons-lang3:jar:3.8.1:test - omitted for conflict with 3.3.2)
   +- com.almworks.sqlite4java:libsqlite4java-linux-i386:so:1.0.392:test
   |  \- com.almworks.sqlite4java:sqlite4java:jar:1.0.392:test
   +- com.almworks.sqlite4java:libsqlite4java-linux-amd64:so:1.0.392:test
   |  \- (com.almworks.sqlite4java:sqlite4java:jar:1.0.392:test - omitted for duplicate)
   +- com.almworks.sqlite4java:sqlite4java-win32-x64:dll:1.0.392:test
   |  \- (com.almworks.sqlite4java:sqlite4java:jar:1.0.392:test - omitted for duplicate)
   +- com.almworks.sqlite4java:sqlite4java-win32-x86:dll:1.0.392:test
   |  \- (com.almworks.sqlite4java:sqlite4java:jar:1.0.392:test - omitted for duplicate)
   +- com.almworks.sqlite4java:libsqlite4java-osx:dylib:1.0.392:test
   |  \- (com.almworks.sqlite4java:sqlite4java:jar:1.0.392:test - omitted for duplicate)
   +- (com.amazonaws:aws-java-sdk-core:jar:1.11.907:test - omitted for conflict with 1.11.477)
   +- (com.amazonaws:aws-java-sdk-dynamodb:jar:1.11.907:test - omitted for conflict with 1.11.477)
   +- org.apache.logging.log4j:log4j-api:jar:2.13.3:test
   +- org.apache.logging.log4j:log4j-core:jar:2.13.3:test
   |  \- (org.apache.logging.log4j:log4j-api:jar:2.13.3:test - omitted for duplicate)
   +- org.eclipse.jetty:jetty-client:jar:9.4.18.v20190429:test
   |  +- org.eclipse.jetty:jetty-http:jar:9.4.18.v20190429:test
   |  |  +- org.eclipse.jetty:jetty-util:jar:9.4.18.v20190429:test
   |  |  \- (org.eclipse.jetty:jetty-io:jar:9.4.18.v20190429:test - omitted for duplicate)
   |  \- org.eclipse.jetty:jetty-io:jar:9.4.18.v20190429:test
   |     \- (org.eclipse.jetty:jetty-util:jar:9.4.18.v20190429:test - omitted for duplicate)
   +- org.eclipse.jetty:jetty-server:jar:9.4.18.v20190429:test
   |  +- javax.servlet:javax.servlet-api:jar:3.1.0:test
   |  +- (org.eclipse.jetty:jetty-http:jar:9.4.18.v20190429:test - omitted for duplicate)
   |  \- (org.eclipse.jetty:jetty-io:jar:9.4.18.v20190429:test - omitted for duplicate)
   +- org.mockito:mockito-core:jar:1.10.19:test
   |  +- org.hamcrest:hamcrest-core:jar:1.1:test
   |  \- org.objenesis:objenesis:jar:2.1:test
   \- (com.google.guava:guava:jar:21.0:test - omitted for conflict with 18.0)

