WARNING: Your kernel does not support swap limit capabilities or the cgroup is not mounted. Memory limited without swap.
de.neuland-bfi:jade4j:jar:1.2.3
+- org.apache.commons:commons-jexl:jar:2.1.1:compile
|  \- commons-logging:commons-logging:jar:1.1.1:compile
+- commons-collections:commons-collections:jar:3.2.2:compile
+- commons-io:commons-io:jar:2.4:compile
+- org.apache.commons:commons-lang3:jar:3.4:compile
+- com.googlecode.concurrentlinkedhashmap:concurrentlinkedhashmap-lru:jar:1.4.2:compile
+- org.hamcrest:hamcrest-all:jar:1.3:test
+- org.assertj:assertj-core:jar:1.7.1:test
+- com.google.code.gson:gson:jar:2.5:test
+- junit:junit:jar:4.12:test
|  \- org.hamcrest:hamcrest-core:jar:1.3:test
\- org.pegdown:pegdown:jar:1.6.0:compile
   \- org.parboiled:parboiled-java:jar:1.1.7:compile
      +- org.parboiled:parboiled-core:jar:1.1.7:compile
      +- org.ow2.asm:asm:jar:5.0.3:compile
      +- org.ow2.asm:asm-tree:jar:5.0.3:compile
      |  \- (org.ow2.asm:asm:jar:5.0.3:compile - omitted for duplicate)
      +- org.ow2.asm:asm-analysis:jar:5.0.3:compile
      |  \- (org.ow2.asm:asm-tree:jar:5.0.3:compile - omitted for duplicate)
      \- org.ow2.asm:asm-util:jar:5.0.3:compile
         \- (org.ow2.asm:asm-tree:jar:5.0.3:compile - omitted for duplicate)

