WARNING: Your kernel does not support swap limit capabilities or the cgroup is not mounted. Memory limited without swap.
de.neuland-bfi:jade4j:jar:1.3.0
+- org.apache.commons:commons-jexl:jar:2.1.1:compile
|  \- commons-logging:commons-logging:jar:1.1.1:compile
+- commons-collections:commons-collections:jar:3.2.2:compile
+- commons-io:commons-io:jar:2.4:compile
+- org.apache.commons:commons-lang3:jar:3.4:compile
+- com.googlecode.concurrentlinkedhashmap:concurrentlinkedhashmap-lru:jar:1.4.2:compile
+- com.vladsch.flexmark:flexmark-all:jar:0.28.2:compile
|  +- com.vladsch.flexmark:flexmark:jar:0.28.2:compile
|  |  \- (com.vladsch.flexmark:flexmark-util:jar:0.28.2:compile - omitted for duplicate)
|  +- com.vladsch.flexmark:flexmark-ext-abbreviation:jar:0.28.2:compile
|  |  +- (com.vladsch.flexmark:flexmark-util:jar:0.28.2:compile - omitted for duplicate)
|  |  +- (com.vladsch.flexmark:flexmark-ext-autolink:jar:0.28.2:compile - omitted for duplicate)
|  |  +- (com.vladsch.flexmark:flexmark:jar:0.28.2:compile - omitted for duplicate)
|  |  +- (com.vladsch.flexmark:flexmark-formatter:jar:0.28.2:compile - omitted for duplicate)
|  |  +- (com.vladsch.flexmark:flexmark-ext-typographic:jar:0.28.2:compile - omitted for duplicate)
|  |  +- (com.vladsch.flexmark:flexmark-ext-ins:jar:0.28.2:compile - omitted for duplicate)
|  |  +- (com.vladsch.flexmark:flexmark-ext-gfm-strikethrough:jar:0.28.2:compile - omitted for duplicate)
|  |  \- (com.vladsch.flexmark:flexmark-ext-superscript:jar:0.28.2:compile - omitted for duplicate)
|  +- com.vladsch.flexmark:flexmark-ext-anchorlink:jar:0.28.2:compile
|  |  +- (com.vladsch.flexmark:flexmark-util:jar:0.28.2:compile - omitted for duplicate)
|  |  +- (com.vladsch.flexmark:flexmark:jar:0.28.2:compile - omitted for duplicate)
|  |  \- (com.vladsch.flexmark:flexmark-formatter:jar:0.28.2:compile - omitted for duplicate)
|  +- com.vladsch.flexmark:flexmark-ext-aside:jar:0.28.2:compile
|  |  +- (com.vladsch.flexmark:flexmark-util:jar:0.28.2:compile - omitted for duplicate)
|  |  +- (com.vladsch.flexmark:flexmark:jar:0.28.2:compile - omitted for duplicate)
|  |  +- (com.vladsch.flexmark:flexmark-jira-converter:jar:0.28.2:compile - omitted for duplicate)
|  |  \- (com.vladsch.flexmark:flexmark-formatter:jar:0.28.2:compile - omitted for duplicate)
|  +- com.vladsch.flexmark:flexmark-ext-autolink:jar:0.28.2:compile
|  |  +- (com.vladsch.flexmark:flexmark-util:jar:0.28.2:compile - omitted for duplicate)
|  |  +- (com.vladsch.flexmark:flexmark:jar:0.28.2:compile - omitted for duplicate)
|  |  +- org.nibor.autolink:autolink:jar:0.6.0:compile
|  |  \- (com.vladsch.flexmark:flexmark-formatter:jar:0.28.2:compile - omitted for duplicate)
|  +- com.vladsch.flexmark:flexmark-ext-definition:jar:0.28.2:compile
|  |  +- (com.vladsch.flexmark:flexmark-util:jar:0.28.2:compile - omitted for duplicate)
|  |  +- (com.vladsch.flexmark:flexmark:jar:0.28.2:compile - omitted for duplicate)
|  |  \- (com.vladsch.flexmark:flexmark-formatter:jar:0.28.2:compile - omitted for duplicate)
|  +- com.vladsch.flexmark:flexmark-ext-emoji:jar:0.28.2:compile
|  |  +- (com.vladsch.flexmark:flexmark-util:jar:0.28.2:compile - omitted for duplicate)
|  |  +- (com.vladsch.flexmark:flexmark:jar:0.28.2:compile - omitted for duplicate)
|  |  +- (com.vladsch.flexmark:flexmark-jira-converter:jar:0.28.2:compile - omitted for duplicate)
|  |  \- (com.vladsch.flexmark:flexmark-formatter:jar:0.28.2:compile - omitted for duplicate)
|  +- com.vladsch.flexmark:flexmark-ext-escaped-character:jar:0.28.2:compile
|  |  +- (com.vladsch.flexmark:flexmark-util:jar:0.28.2:compile - omitted for duplicate)
|  |  +- (com.vladsch.flexmark:flexmark:jar:0.28.2:compile - omitted for duplicate)
|  |  \- (com.vladsch.flexmark:flexmark-formatter:jar:0.28.2:compile - omitted for duplicate)
|  +- com.vladsch.flexmark:flexmark-ext-footnotes:jar:0.28.2:compile
|  |  +- (com.vladsch.flexmark:flexmark-util:jar:0.28.2:compile - omitted for duplicate)
|  |  +- (com.vladsch.flexmark:flexmark:jar:0.28.2:compile - omitted for duplicate)
|  |  \- (com.vladsch.flexmark:flexmark-formatter:jar:0.28.2:compile - omitted for duplicate)
|  +- com.vladsch.flexmark:flexmark-ext-gfm-issues:jar:0.28.2:compile
|  |  +- (com.vladsch.flexmark:flexmark-util:jar:0.28.2:compile - omitted for duplicate)
|  |  +- (com.vladsch.flexmark:flexmark:jar:0.28.2:compile - omitted for duplicate)
|  |  \- (com.vladsch.flexmark:flexmark-formatter:jar:0.28.2:compile - omitted for duplicate)
|  +- com.vladsch.flexmark:flexmark-ext-gfm-strikethrough:jar:0.28.2:compile
|  |  +- (com.vladsch.flexmark:flexmark-util:jar:0.28.2:compile - omitted for duplicate)
|  |  +- (com.vladsch.flexmark:flexmark:jar:0.28.2:compile - omitted for duplicate)
|  |  \- (com.vladsch.flexmark:flexmark-formatter:jar:0.28.2:compile - omitted for duplicate)
|  +- com.vladsch.flexmark:flexmark-ext-gfm-tables:jar:0.28.2:compile
|  |  +- (com.vladsch.flexmark:flexmark-util:jar:0.28.2:compile - omitted for duplicate)
|  |  +- (com.vladsch.flexmark:flexmark:jar:0.28.2:compile - omitted for duplicate)
|  |  \- (com.vladsch.flexmark:flexmark-formatter:jar:0.28.2:compile - omitted for duplicate)
|  +- com.vladsch.flexmark:flexmark-ext-gfm-tasklist:jar:0.28.2:compile
|  |  +- (com.vladsch.flexmark:flexmark-util:jar:0.28.2:compile - omitted for duplicate)
|  |  +- (com.vladsch.flexmark:flexmark:jar:0.28.2:compile - omitted for duplicate)
|  |  \- (com.vladsch.flexmark:flexmark-formatter:jar:0.28.2:compile - omitted for duplicate)
|  +- com.vladsch.flexmark:flexmark-ext-gfm-users:jar:0.28.2:compile
|  |  +- (com.vladsch.flexmark:flexmark-util:jar:0.28.2:compile - omitted for duplicate)
|  |  +- (com.vladsch.flexmark:flexmark:jar:0.28.2:compile - omitted for duplicate)
|  |  \- (com.vladsch.flexmark:flexmark-formatter:jar:0.28.2:compile - omitted for duplicate)
|  +- com.vladsch.flexmark:flexmark-ext-jekyll-front-matter:jar:0.28.2:compile
|  |  +- (com.vladsch.flexmark:flexmark-util:jar:0.28.2:compile - omitted for duplicate)
|  |  +- (com.vladsch.flexmark:flexmark:jar:0.28.2:compile - omitted for duplicate)
|  |  +- (com.vladsch.flexmark:flexmark-ext-yaml-front-matter:jar:0.28.2:compile - omitted for duplicate)
|  |  \- (com.vladsch.flexmark:flexmark-formatter:jar:0.28.2:compile - omitted for duplicate)
|  +- com.vladsch.flexmark:flexmark-ext-jekyll-tag:jar:0.28.2:compile
|  |  +- (com.vladsch.flexmark:flexmark-util:jar:0.28.2:compile - omitted for duplicate)
|  |  +- (com.vladsch.flexmark:flexmark:jar:0.28.2:compile - omitted for duplicate)
|  |  \- (com.vladsch.flexmark:flexmark-formatter:jar:0.28.2:compile - omitted for duplicate)
|  +- com.vladsch.flexmark:flexmark-ext-ins:jar:0.28.2:compile
|  |  +- (com.vladsch.flexmark:flexmark-util:jar:0.28.2:compile - omitted for duplicate)
|  |  +- (com.vladsch.flexmark:flexmark:jar:0.28.2:compile - omitted for duplicate)
|  |  \- (com.vladsch.flexmark:flexmark-formatter:jar:0.28.2:compile - omitted for duplicate)
|  +- com.vladsch.flexmark:flexmark-ext-xwiki-macros:jar:0.28.2:compile
|  |  +- (com.vladsch.flexmark:flexmark-util:jar:0.28.2:compile - omitted for duplicate)
|  |  +- (com.vladsch.flexmark:flexmark:jar:0.28.2:compile - omitted for duplicate)
|  |  \- (com.vladsch.flexmark:flexmark-formatter:jar:0.28.2:compile - omitted for duplicate)
|  +- com.vladsch.flexmark:flexmark-ext-superscript:jar:0.28.2:compile
|  |  +- (com.vladsch.flexmark:flexmark-util:jar:0.28.2:compile - omitted for duplicate)
|  |  +- (com.vladsch.flexmark:flexmark:jar:0.28.2:compile - omitted for duplicate)
|  |  \- (com.vladsch.flexmark:flexmark-formatter:jar:0.28.2:compile - omitted for duplicate)
|  +- com.vladsch.flexmark:flexmark-ext-tables:jar:0.28.2:compile
|  |  +- (com.vladsch.flexmark:flexmark-util:jar:0.28.2:compile - omitted for duplicate)
|  |  +- (com.vladsch.flexmark:flexmark:jar:0.28.2:compile - omitted for duplicate)
|  |  \- (com.vladsch.flexmark:flexmark-formatter:jar:0.28.2:compile - omitted for duplicate)
|  +- com.vladsch.flexmark:flexmark-ext-toc:jar:0.28.2:compile
|  |  +- (com.vladsch.flexmark:flexmark-util:jar:0.28.2:compile - omitted for duplicate)
|  |  +- (com.vladsch.flexmark:flexmark:jar:0.28.2:compile - omitted for duplicate)
|  |  \- (com.vladsch.flexmark:flexmark-formatter:jar:0.28.2:compile - omitted for duplicate)
|  +- com.vladsch.flexmark:flexmark-ext-typographic:jar:0.28.2:compile
|  |  +- (com.vladsch.flexmark:flexmark-util:jar:0.28.2:compile - omitted for duplicate)
|  |  +- (com.vladsch.flexmark:flexmark:jar:0.28.2:compile - omitted for duplicate)
|  |  \- (com.vladsch.flexmark:flexmark-formatter:jar:0.28.2:compile - omitted for duplicate)
|  +- com.vladsch.flexmark:flexmark-ext-wikilink:jar:0.28.2:compile
|  |  +- (com.vladsch.flexmark:flexmark-util:jar:0.28.2:compile - omitted for duplicate)
|  |  +- (com.vladsch.flexmark:flexmark:jar:0.28.2:compile - omitted for duplicate)
|  |  \- (com.vladsch.flexmark:flexmark-formatter:jar:0.28.2:compile - omitted for duplicate)
|  +- com.vladsch.flexmark:flexmark-ext-yaml-front-matter:jar:0.28.2:compile
|  |  +- (com.vladsch.flexmark:flexmark-util:jar:0.28.2:compile - omitted for duplicate)
|  |  +- (com.vladsch.flexmark:flexmark:jar:0.28.2:compile - omitted for duplicate)
|  |  \- (com.vladsch.flexmark:flexmark-formatter:jar:0.28.2:compile - omitted for duplicate)
|  +- com.vladsch.flexmark:flexmark-formatter:jar:0.28.2:compile
|  |  +- (com.vladsch.flexmark:flexmark-util:jar:0.28.2:compile - omitted for duplicate)
|  |  \- (com.vladsch.flexmark:flexmark:jar:0.28.2:compile - omitted for duplicate)
|  +- com.vladsch.flexmark:flexmark-html-parser:jar:0.28.2:compile
|  |  +- (com.vladsch.flexmark:flexmark-util:jar:0.28.2:compile - omitted for duplicate)
|  |  +- (com.vladsch.flexmark:flexmark:jar:0.28.2:compile - omitted for duplicate)
|  |  +- (com.vladsch.flexmark:flexmark-ext-emoji:jar:0.28.2:compile - omitted for duplicate)
|  |  \- org.jsoup:jsoup:jar:1.10.2:compile
|  +- com.vladsch.flexmark:flexmark-jira-converter:jar:0.28.2:compile
|  |  +- (com.vladsch.flexmark:flexmark-util:jar:0.28.2:compile - omitted for duplicate)
|  |  +- (com.vladsch.flexmark:flexmark-ext-gfm-strikethrough:jar:0.28.2:compile - omitted for duplicate)
|  |  +- (com.vladsch.flexmark:flexmark-ext-tables:jar:0.28.2:compile - omitted for duplicate)
|  |  +- (com.vladsch.flexmark:flexmark-ext-wikilink:jar:0.28.2:compile - omitted for duplicate)
|  |  +- (com.vladsch.flexmark:flexmark-ext-ins:jar:0.28.2:compile - omitted for duplicate)
|  |  +- (com.vladsch.flexmark:flexmark-ext-superscript:jar:0.28.2:compile - omitted for duplicate)
|  |  \- (com.vladsch.flexmark:flexmark:jar:0.28.2:compile - omitted for duplicate)
|  +- com.vladsch.flexmark:flexmark-pdf-converter:jar:0.28.2:compile
|  |  +- (com.vladsch.flexmark:flexmark-util:jar:0.28.2:compile - omitted for duplicate)
|  |  +- (com.vladsch.flexmark:flexmark:jar:0.28.2:compile - omitted for duplicate)
|  |  +- (org.jsoup:jsoup:jar:1.10.2:compile - omitted for duplicate)
|  |  +- com.openhtmltopdf:openhtmltopdf-core:jar:0.0.1-RC9:compile
|  |  +- com.openhtmltopdf:openhtmltopdf-pdfbox:jar:0.0.1-RC9:compile
|  |  |  +- org.apache.pdfbox:pdfbox:jar:2.0.4:compile
|  |  |  |  +- org.apache.pdfbox:fontbox:jar:2.0.4:compile
|  |  |  |  |  \- (commons-logging:commons-logging:jar:1.2:compile - omitted for conflict with 1.1.1)
|  |  |  |  \- (commons-logging:commons-logging:jar:1.2:compile - omitted for conflict with 1.1.1)
|  |  |  \- (com.openhtmltopdf:openhtmltopdf-core:jar:0.0.1-RC9:compile - omitted for duplicate)
|  |  +- com.openhtmltopdf:openhtmltopdf-rtl-support:jar:0.0.1-RC9:compile
|  |  |  +- com.ibm.icu:icu4j:jar:58.1:compile
|  |  |  \- (com.openhtmltopdf:openhtmltopdf-core:jar:0.0.1-RC9:compile - omitted for duplicate)
|  |  \- com.openhtmltopdf:openhtmltopdf-jsoup-dom-converter:jar:0.0.1-RC9:compile
|  |     \- (org.jsoup:jsoup:jar:1.8.3:compile - omitted for conflict with 1.10.2)
|  +- com.vladsch.flexmark:flexmark-profile-pegdown:jar:0.28.2:compile
|  |  +- (com.vladsch.flexmark:flexmark:jar:0.28.2:compile - omitted for duplicate)
|  |  +- (com.vladsch.flexmark:flexmark-ext-abbreviation:jar:0.28.2:compile - omitted for duplicate)
|  |  +- (com.vladsch.flexmark:flexmark-ext-anchorlink:jar:0.28.2:compile - omitted for duplicate)
|  |  +- (com.vladsch.flexmark:flexmark-ext-aside:jar:0.28.2:compile - omitted for duplicate)
|  |  +- (com.vladsch.flexmark:flexmark-ext-autolink:jar:0.28.2:compile - omitted for duplicate)
|  |  +- (com.vladsch.flexmark:flexmark-ext-definition:jar:0.28.2:compile - omitted for duplicate)
|  |  +- (com.vladsch.flexmark:flexmark-ext-emoji:jar:0.28.2:compile - omitted for duplicate)
|  |  +- (com.vladsch.flexmark:flexmark-ext-escaped-character:jar:0.28.2:compile - omitted for duplicate)
|  |  +- (com.vladsch.flexmark:flexmark-ext-footnotes:jar:0.28.2:compile - omitted for duplicate)
|  |  +- (com.vladsch.flexmark:flexmark-ext-gfm-strikethrough:jar:0.28.2:compile - omitted for duplicate)
|  |  +- (com.vladsch.flexmark:flexmark-ext-gfm-tasklist:jar:0.28.2:compile - omitted for duplicate)
|  |  +- (com.vladsch.flexmark:flexmark-ext-ins:jar:0.28.2:compile - omitted for duplicate)
|  |  +- (com.vladsch.flexmark:flexmark-ext-jekyll-front-matter:jar:0.28.2:compile - omitted for duplicate)
|  |  +- (com.vladsch.flexmark:flexmark-ext-superscript:jar:0.28.2:compile - omitted for duplicate)
|  |  +- (com.vladsch.flexmark:flexmark-ext-tables:jar:0.28.2:compile - omitted for duplicate)
|  |  +- (com.vladsch.flexmark:flexmark-ext-toc:jar:0.28.2:compile - omitted for duplicate)
|  |  +- (com.vladsch.flexmark:flexmark-ext-typographic:jar:0.28.2:compile - omitted for duplicate)
|  |  +- (com.vladsch.flexmark:flexmark-ext-wikilink:jar:0.28.2:compile - omitted for duplicate)
|  |  \- (com.vladsch.flexmark:flexmark-util:jar:0.28.2:compile - omitted for duplicate)
|  +- com.vladsch.flexmark:flexmark-util:jar:0.28.2:compile
|  \- com.vladsch.flexmark:flexmark-youtrack-converter:jar:0.28.2:compile
|     +- (com.vladsch.flexmark:flexmark-util:jar:0.28.2:compile - omitted for duplicate)
|     +- (com.vladsch.flexmark:flexmark:jar:0.28.2:compile - omitted for duplicate)
|     +- (com.vladsch.flexmark:flexmark-ext-gfm-strikethrough:jar:0.28.2:compile - omitted for duplicate)
|     \- (com.vladsch.flexmark:flexmark-ext-tables:jar:0.28.2:compile - omitted for duplicate)
+- org.hamcrest:hamcrest-all:jar:1.3:test
+- org.assertj:assertj-core:jar:1.7.1:test
+- com.google.code.gson:gson:jar:2.5:test
\- junit:junit:jar:4.12:test
   \- org.hamcrest:hamcrest-core:jar:1.3:test

