WARNING: Your kernel does not support swap limit capabilities or the cgroup is not mounted. Memory limited without swap.
org.nlpcn:elasticsearch-sql:jar:0.3
+- com.alibaba.druid:druid-wrapper:jar:0.2.9:compile
|  \- com.alibaba:druid:jar:0.2.9:compile
+- org.elasticsearch:elasticsearch:jar:1.3.2:provided
|  +- org.apache.lucene:lucene-core:jar:4.9.0:provided
|  +- org.apache.lucene:lucene-analyzers-common:jar:4.9.0:provided
|  |  \- (org.apache.lucene:lucene-core:jar:4.9.0:provided - omitted for duplicate)
|  +- org.apache.lucene:lucene-codecs:jar:4.9.0:provided
|  |  \- (org.apache.lucene:lucene-core:jar:4.9.0:provided - omitted for duplicate)
|  +- org.apache.lucene:lucene-queries:jar:4.9.0:provided
|  |  \- (org.apache.lucene:lucene-core:jar:4.9.0:provided - omitted for duplicate)
|  +- org.apache.lucene:lucene-memory:jar:4.9.0:provided
|  |  \- (org.apache.lucene:lucene-core:jar:4.9.0:provided - omitted for duplicate)
|  +- org.apache.lucene:lucene-highlighter:jar:4.9.0:provided
|  |  +- (org.apache.lucene:lucene-core:jar:4.9.0:provided - omitted for duplicate)
|  |  +- (org.apache.lucene:lucene-memory:jar:4.9.0:provided - omitted for duplicate)
|  |  \- (org.apache.lucene:lucene-queries:jar:4.9.0:provided - omitted for duplicate)
|  +- org.apache.lucene:lucene-queryparser:jar:4.9.0:provided
|  |  +- (org.apache.lucene:lucene-core:jar:4.9.0:provided - omitted for duplicate)
|  |  +- (org.apache.lucene:lucene-queries:jar:4.9.0:provided - omitted for duplicate)
|  |  \- (org.apache.lucene:lucene-sandbox:jar:4.9.0:provided - omitted for duplicate)
|  +- org.apache.lucene:lucene-sandbox:jar:4.9.0:provided
|  |  \- (org.apache.lucene:lucene-core:jar:4.9.0:provided - omitted for duplicate)
|  +- org.apache.lucene:lucene-suggest:jar:4.9.0:provided
|  |  +- (org.apache.lucene:lucene-analyzers-common:jar:4.9.0:provided - omitted for duplicate)
|  |  +- (org.apache.lucene:lucene-core:jar:4.9.0:provided - omitted for duplicate)
|  |  +- (org.apache.lucene:lucene-misc:jar:4.9.0:provided - omitted for duplicate)
|  |  \- (org.apache.lucene:lucene-queries:jar:4.9.0:provided - omitted for duplicate)
|  +- org.apache.lucene:lucene-misc:jar:4.9.0:provided
|  |  \- (org.apache.lucene:lucene-core:jar:4.9.0:provided - omitted for duplicate)
|  +- org.apache.lucene:lucene-join:jar:4.9.0:provided
|  |  +- (org.apache.lucene:lucene-core:jar:4.9.0:provided - omitted for duplicate)
|  |  \- (org.apache.lucene:lucene-grouping:jar:4.9.0:provided - omitted for duplicate)
|  +- org.apache.lucene:lucene-grouping:jar:4.9.0:provided
|  |  +- (org.apache.lucene:lucene-core:jar:4.9.0:provided - omitted for duplicate)
|  |  \- (org.apache.lucene:lucene-queries:jar:4.9.0:provided - omitted for duplicate)
|  +- org.apache.lucene:lucene-spatial:jar:4.9.0:provided
|  |  +- (org.apache.lucene:lucene-core:jar:4.9.0:provided - omitted for duplicate)
|  |  +- (org.apache.lucene:lucene-queries:jar:4.9.0:provided - omitted for duplicate)
|  |  \- com.spatial4j:spatial4j:jar:0.4.1:provided
|  +- org.antlr:antlr-runtime:jar:3.5:provided
|  +- org.ow2.asm:asm:jar:4.1:provided
|  \- org.ow2.asm:asm-commons:jar:4.1:provided
+- com.alibaba:fastjson:jar:1.1.41:test
\- junit:junit:jar:4.11:test
   \- org.hamcrest:hamcrest-core:jar:1.3:test

