WARNING: Your kernel does not support swap limit capabilities or the cgroup is not mounted. Memory limited without swap.
org.nlpcn:elasticsearch-sql:jar:5.5.1.0
+- org.hamcrest:hamcrest-all:jar:1.3:test
+- junit:junit:jar:4.11:test
|  \- org.hamcrest:hamcrest-core:jar:1.3:test
+- com.alibaba:fastjson:jar:1.1.41:test
+- com.alibaba:druid:jar:1.0.15:compile
+- org.locationtech.spatial4j:spatial4j:jar:0.6:compile
+- com.vividsolutions:jts:jar:1.13:compile
+- org.elasticsearch:elasticsearch:jar:5.5.1:provided
|  +- org.apache.lucene:lucene-core:jar:6.6.0:provided
|  +- org.apache.lucene:lucene-analyzers-common:jar:6.6.0:provided
|  +- org.apache.lucene:lucene-backward-codecs:jar:6.6.0:provided
|  +- org.apache.lucene:lucene-grouping:jar:6.6.0:provided
|  +- org.apache.lucene:lucene-highlighter:jar:6.6.0:provided
|  +- org.apache.lucene:lucene-join:jar:6.6.0:provided
|  +- org.apache.lucene:lucene-memory:jar:6.6.0:provided
|  +- org.apache.lucene:lucene-misc:jar:6.6.0:provided
|  +- org.apache.lucene:lucene-queries:jar:6.6.0:provided
|  +- org.apache.lucene:lucene-queryparser:jar:6.6.0:provided
|  +- org.apache.lucene:lucene-sandbox:jar:6.6.0:provided
|  +- org.apache.lucene:lucene-spatial:jar:6.6.0:provided
|  +- org.apache.lucene:lucene-spatial-extras:jar:6.6.0:provided
|  +- org.apache.lucene:lucene-spatial3d:jar:6.6.0:provided
|  +- org.apache.lucene:lucene-suggest:jar:6.6.0:provided
|  +- org.elasticsearch:securesm:jar:1.1:provided
|  +- net.sf.jopt-simple:jopt-simple:jar:5.0.2:provided
|  +- com.carrotsearch:hppc:jar:0.7.1:provided
|  +- joda-time:joda-time:jar:2.9.5:provided
|  +- org.yaml:snakeyaml:jar:1.15:provided
|  +- com.fasterxml.jackson.core:jackson-core:jar:2.8.6:provided
|  +- com.fasterxml.jackson.dataformat:jackson-dataformat-smile:jar:2.8.6:provided
|  +- com.fasterxml.jackson.dataformat:jackson-dataformat-yaml:jar:2.8.6:provided
|  +- com.fasterxml.jackson.dataformat:jackson-dataformat-cbor:jar:2.8.6:provided
|  +- com.tdunning:t-digest:jar:3.0:provided
|  +- org.hdrhistogram:HdrHistogram:jar:2.1.9:provided
|  +- (org.apache.logging.log4j:log4j-api:jar:2.8.2:provided - omitted for conflict with 2.7)
|  \- org.elasticsearch:jna:jar:4.4.0:provided
+- org.elasticsearch.plugin:parent-join-client:jar:5.5.1:provided
+- org.elasticsearch.client:transport:jar:5.5.1:provided
|  +- (org.elasticsearch:elasticsearch:jar:5.5.1:provided - omitted for duplicate)
|  +- org.elasticsearch.plugin:transport-netty3-client:jar:5.5.1:provided
|  |  \- io.netty:netty:jar:3.10.6.Final:provided
|  +- org.elasticsearch.plugin:transport-netty4-client:jar:5.5.1:provided
|  |  +- io.netty:netty-buffer:jar:4.1.11.Final:provided
|  |  +- io.netty:netty-codec:jar:4.1.11.Final:provided
|  |  +- io.netty:netty-codec-http:jar:4.1.11.Final:provided
|  |  +- io.netty:netty-common:jar:4.1.11.Final:provided
|  |  +- io.netty:netty-handler:jar:4.1.11.Final:provided
|  |  +- io.netty:netty-resolver:jar:4.1.11.Final:provided
|  |  \- io.netty:netty-transport:jar:4.1.11.Final:provided
|  +- org.elasticsearch.plugin:reindex-client:jar:5.5.1:provided
|  |  \- org.elasticsearch.client:rest:jar:5.5.1:provided
|  |     +- org.apache.httpcomponents:httpclient:jar:4.5.2:provided
|  |     +- org.apache.httpcomponents:httpcore:jar:4.4.5:provided
|  |     +- org.apache.httpcomponents:httpasyncclient:jar:4.1.2:provided
|  |     +- org.apache.httpcomponents:httpcore-nio:jar:4.4.5:provided
|  |     +- commons-codec:commons-codec:jar:1.10:provided
|  |     \- commons-logging:commons-logging:jar:1.1.3:provided
|  +- org.elasticsearch.plugin:lang-mustache-client:jar:5.5.1:provided
|  |  \- com.github.spullara.mustache.java:compiler:jar:0.9.3:provided
|  +- org.elasticsearch.plugin:percolator-client:jar:5.5.1:provided
|  \- (org.elasticsearch.plugin:parent-join-client:jar:5.5.1:provided - omitted for duplicate)
+- log4j:log4j:jar:1.2.17:provided
+- org.apache.logging.log4j:log4j-api:jar:2.7:provided
+- org.apache.logging.log4j:log4j-core:jar:2.7:provided
|  \- (org.apache.logging.log4j:log4j-api:jar:2.7:provided - omitted for duplicate)
+- javax.servlet:servlet-api:jar:2.5:provided
\- com.google.guava:guava:jar:15.0:compile

