WARNING: Your kernel does not support swap limit capabilities or the cgroup is not mounted. Memory limited without swap.
org.nlpcn:elasticsearch-sql:jar:2.3.2.0
+- org.elasticsearch:elasticsearch:jar:2.3.0:provided
|  +- org.apache.lucene:lucene-core:jar:5.5.0:provided
|  +- org.apache.lucene:lucene-backward-codecs:jar:5.5.0:provided
|  |  \- (org.apache.lucene:lucene-core:jar:5.5.0:provided - omitted for duplicate)
|  +- org.apache.lucene:lucene-analyzers-common:jar:5.5.0:provided
|  |  \- (org.apache.lucene:lucene-core:jar:5.5.0:provided - omitted for duplicate)
|  +- org.apache.lucene:lucene-queries:jar:5.5.0:provided
|  |  \- (org.apache.lucene:lucene-core:jar:5.5.0:provided - omitted for duplicate)
|  +- org.apache.lucene:lucene-memory:jar:5.5.0:provided
|  |  \- (org.apache.lucene:lucene-core:jar:5.5.0:provided - omitted for duplicate)
|  +- org.apache.lucene:lucene-highlighter:jar:5.5.0:provided
|  |  +- (org.apache.lucene:lucene-analyzers-common:jar:5.5.0:provided - omitted for duplicate)
|  |  +- (org.apache.lucene:lucene-core:jar:5.5.0:provided - omitted for duplicate)
|  |  +- (org.apache.lucene:lucene-join:jar:5.5.0:provided - omitted for duplicate)
|  |  +- (org.apache.lucene:lucene-memory:jar:5.5.0:provided - omitted for duplicate)
|  |  \- (org.apache.lucene:lucene-queries:jar:5.5.0:provided - omitted for duplicate)
|  +- org.apache.lucene:lucene-queryparser:jar:5.5.0:provided
|  |  +- (org.apache.lucene:lucene-core:jar:5.5.0:provided - omitted for duplicate)
|  |  +- (org.apache.lucene:lucene-queries:jar:5.5.0:provided - omitted for duplicate)
|  |  \- org.apache.lucene:lucene-sandbox:jar:5.5.0:provided
|  +- org.apache.lucene:lucene-suggest:jar:5.5.0:provided
|  |  +- (org.apache.lucene:lucene-analyzers-common:jar:5.5.0:provided - omitted for duplicate)
|  |  +- (org.apache.lucene:lucene-core:jar:5.5.0:provided - omitted for duplicate)
|  |  +- org.apache.lucene:lucene-misc:jar:5.5.0:provided
|  |  \- (org.apache.lucene:lucene-queries:jar:5.5.0:provided - omitted for duplicate)
|  +- org.apache.lucene:lucene-join:jar:5.5.0:provided
|  |  +- (org.apache.lucene:lucene-core:jar:5.5.0:provided - omitted for duplicate)
|  |  \- org.apache.lucene:lucene-grouping:jar:5.5.0:provided
|  +- org.apache.lucene:lucene-spatial:jar:5.5.0:provided
|  |  +- (org.apache.lucene:lucene-core:jar:5.5.0:provided - omitted for duplicate)
|  |  +- (org.apache.lucene:lucene-misc:jar:5.5.0:provided - omitted for duplicate)
|  |  +- (org.apache.lucene:lucene-queries:jar:5.5.0:provided - omitted for duplicate)
|  |  +- org.apache.lucene:lucene-spatial3d:jar:5.5.0:provided
|  |  \- com.spatial4j:spatial4j:jar:0.5:provided
|  +- com.google.guava:guava:jar:18.0:provided
|  +- org.elasticsearch:securesm:jar:1.0:provided
|  +- com.carrotsearch:hppc:jar:0.7.1:provided
|  +- joda-time:joda-time:jar:2.8.2:provided
|  +- org.joda:joda-convert:jar:1.2:provided
|  +- com.fasterxml.jackson.core:jackson-core:jar:2.6.2:provided
|  +- com.fasterxml.jackson.dataformat:jackson-dataformat-smile:jar:2.6.2:provided
|  |  \- (com.fasterxml.jackson.core:jackson-core:jar:2.6.2:provided - omitted for duplicate)
|  +- com.fasterxml.jackson.dataformat:jackson-dataformat-yaml:jar:2.6.2:provided
|  |  +- (com.fasterxml.jackson.core:jackson-core:jar:2.6.2:provided - omitted for duplicate)
|  |  \- org.yaml:snakeyaml:jar:1.15:provided
|  +- com.fasterxml.jackson.dataformat:jackson-dataformat-cbor:jar:2.6.2:provided
|  |  \- (com.fasterxml.jackson.core:jackson-core:jar:2.6.2:provided - omitted for duplicate)
|  +- io.netty:netty:jar:3.10.5.Final:provided
|  +- com.ning:compress-lzf:jar:1.0.2:provided
|  +- com.tdunning:t-digest:jar:3.0:provided
|  +- org.hdrhistogram:HdrHistogram:jar:2.1.6:provided
|  +- commons-cli:commons-cli:jar:1.3.1:provided
|  \- com.twitter:jsr166e:jar:1.1.0:provided
+- org.elasticsearch.plugin:delete-by-query:jar:2.3.0:provided
+- log4j:log4j:jar:1.2.16:provided
+- org.hamcrest:hamcrest-all:jar:1.3:test
+- junit:junit:jar:4.11:test
|  \- org.hamcrest:hamcrest-core:jar:1.3:test
+- com.alibaba:fastjson:jar:1.1.41:test
+- com.alibaba:druid:jar:1.0.15:compile
|  +- com.alibaba:jconsole:jar:1.8.0:system
|  \- com.alibaba:tools:jar:1.8.0:system
\- com.vividsolutions:jts:jar:1.13:compile

