WARNING: Your kernel does not support swap limit capabilities or the cgroup is not mounted. Memory limited without swap.
fatal: write error: No space left on device
fatal: index-pack failed
fatal: reference is not a tree: 6e9423b4fe7c7af41004a8926b749baa02cb8634
OpenJDK 64-Bit Server VM warning: Insufficient space for shared memory file:
   26
Try using the -Djava.io.tmpdir= option to select an alternate temp location.

org.ansj:elasticsearch-analysis-ansj:jar:7.9.3.0
+- org.ansj:ansj_seg:jar:5.1.6:compile
|  \- org.nlpcn:nlp-lang:jar:1.7.7:compile
+- org.ansj:ansj_lucene7_plug:jar:5.1.5.2:compile
+- org.elasticsearch:elasticsearch:jar:7.9.3:provided
|  +- org.elasticsearch:elasticsearch-core:jar:7.9.3:provided
|  +- org.elasticsearch:elasticsearch-secure-sm:jar:7.9.3:provided
|  +- org.elasticsearch:elasticsearch-x-content:jar:7.9.3:provided
|  |  +- (org.elasticsearch:elasticsearch-core:jar:7.9.3:provided - omitted for duplicate)
|  |  +- org.yaml:snakeyaml:jar:1.26:provided
|  |  +- com.fasterxml.jackson.core:jackson-core:jar:2.10.4:provided
|  |  +- com.fasterxml.jackson.dataformat:jackson-dataformat-smile:jar:2.10.4:provided
|  |  +- com.fasterxml.jackson.dataformat:jackson-dataformat-yaml:jar:2.10.4:provided
|  |  \- com.fasterxml.jackson.dataformat:jackson-dataformat-cbor:jar:2.10.4:provided
|  +- org.elasticsearch:elasticsearch-geo:jar:7.9.3:provided
|  +- org.apache.lucene:lucene-core:jar:8.6.2:provided
|  +- org.apache.lucene:lucene-analyzers-common:jar:8.6.2:provided
|  +- org.apache.lucene:lucene-backward-codecs:jar:8.6.2:provided
|  +- org.apache.lucene:lucene-grouping:jar:8.6.2:provided
|  +- org.apache.lucene:lucene-highlighter:jar:8.6.2:provided
|  +- org.apache.lucene:lucene-join:jar:8.6.2:provided
|  +- org.apache.lucene:lucene-memory:jar:8.6.2:provided
|  +- org.apache.lucene:lucene-misc:jar:8.6.2:provided
|  +- org.apache.lucene:lucene-queries:jar:8.6.2:provided
|  +- org.apache.lucene:lucene-queryparser:jar:8.6.2:provided
|  +- org.apache.lucene:lucene-sandbox:jar:8.6.2:provided
|  +- org.apache.lucene:lucene-spatial-extras:jar:8.6.2:provided
|  +- org.apache.lucene:lucene-spatial3d:jar:8.6.2:provided
|  +- org.apache.lucene:lucene-suggest:jar:8.6.2:provided
|  +- org.elasticsearch:elasticsearch-cli:jar:7.9.3:provided
|  |  +- net.sf.jopt-simple:jopt-simple:jar:5.0.2:provided
|  |  \- (org.elasticsearch:elasticsearch-core:jar:7.9.3:provided - omitted for duplicate)
|  +- com.carrotsearch:hppc:jar:0.8.1:provided
|  +- joda-time:joda-time:jar:2.10.4:provided
|  +- com.tdunning:t-digest:jar:3.2:provided
|  +- org.hdrhistogram:HdrHistogram:jar:2.1.9:provided
|  +- (org.apache.logging.log4j:log4j-api:jar:2.11.1:provided - omitted for conflict with 2.7)
|  \- org.elasticsearch:jna:jar:5.5.0:provided
+- org.apache.logging.log4j:log4j-api:jar:2.7:provided
\- junit:junit:jar:4.13.1:test
   \- org.hamcrest:hamcrest-core:jar:1.3:test

