WARNING: Your kernel does not support swap limit capabilities or the cgroup is not mounted. Memory limited without swap.
org.nlpcn:elasticsearch-sql:jar:1.4.7
+- org.elasticsearch:elasticsearch:jar:1.6.0:provided
|  +- org.apache.lucene:lucene-core:jar:4.10.4:provided
|  +- org.apache.lucene:lucene-analyzers-common:jar:4.10.4:provided
|  |  \- (org.apache.lucene:lucene-core:jar:4.10.4:provided - omitted for duplicate)
|  +- org.apache.lucene:lucene-queries:jar:4.10.4:provided
|  |  \- (org.apache.lucene:lucene-core:jar:4.10.4:provided - omitted for duplicate)
|  +- org.apache.lucene:lucene-memory:jar:4.10.4:provided
|  |  \- (org.apache.lucene:lucene-core:jar:4.10.4:provided - omitted for duplicate)
|  +- org.apache.lucene:lucene-highlighter:jar:4.10.4:provided
|  |  +- (org.apache.lucene:lucene-core:jar:4.10.4:provided - omitted for duplicate)
|  |  +- (org.apache.lucene:lucene-memory:jar:4.10.4:provided - omitted for duplicate)
|  |  \- (org.apache.lucene:lucene-queries:jar:4.10.4:provided - omitted for duplicate)
|  +- org.apache.lucene:lucene-queryparser:jar:4.10.4:provided
|  |  +- (org.apache.lucene:lucene-core:jar:4.10.4:provided - omitted for duplicate)
|  |  +- (org.apache.lucene:lucene-queries:jar:4.10.4:provided - omitted for duplicate)
|  |  \- (org.apache.lucene:lucene-sandbox:jar:4.10.4:provided - omitted for duplicate)
|  +- org.apache.lucene:lucene-sandbox:jar:4.10.4:provided
|  |  \- (org.apache.lucene:lucene-core:jar:4.10.4:provided - omitted for duplicate)
|  +- org.apache.lucene:lucene-suggest:jar:4.10.4:provided
|  |  +- (org.apache.lucene:lucene-analyzers-common:jar:4.10.4:provided - omitted for duplicate)
|  |  +- (org.apache.lucene:lucene-core:jar:4.10.4:provided - omitted for duplicate)
|  |  +- (org.apache.lucene:lucene-misc:jar:4.10.4:provided - omitted for duplicate)
|  |  \- (org.apache.lucene:lucene-queries:jar:4.10.4:provided - omitted for duplicate)
|  +- org.apache.lucene:lucene-misc:jar:4.10.4:provided
|  |  \- (org.apache.lucene:lucene-core:jar:4.10.4:provided - omitted for duplicate)
|  +- org.apache.lucene:lucene-join:jar:4.10.4:provided
|  |  +- (org.apache.lucene:lucene-core:jar:4.10.4:provided - omitted for duplicate)
|  |  \- (org.apache.lucene:lucene-grouping:jar:4.10.4:provided - omitted for duplicate)
|  +- org.apache.lucene:lucene-grouping:jar:4.10.4:provided
|  |  +- (org.apache.lucene:lucene-core:jar:4.10.4:provided - omitted for duplicate)
|  |  \- (org.apache.lucene:lucene-queries:jar:4.10.4:provided - omitted for duplicate)
|  +- org.apache.lucene:lucene-spatial:jar:4.10.4:provided
|  |  +- (org.apache.lucene:lucene-core:jar:4.10.4:provided - omitted for duplicate)
|  |  +- (org.apache.lucene:lucene-queries:jar:4.10.4:provided - omitted for duplicate)
|  |  \- com.spatial4j:spatial4j:jar:0.4.1:provided
|  +- org.antlr:antlr-runtime:jar:3.5:provided
|  +- org.ow2.asm:asm:jar:4.1:provided
|  +- org.ow2.asm:asm-commons:jar:4.1:provided
|  \- org.yaml:snakeyaml:jar:1.12:provided
+- log4j:log4j:jar:1.2.16:provided
+- org.hamcrest:hamcrest-all:jar:1.3:test
+- junit:junit:jar:4.11:test
|  \- org.hamcrest:hamcrest-core:jar:1.3:test
+- com.alibaba:fastjson:jar:1.1.41:test
+- com.alibaba:druid:jar:1.0.15:compile
+- com.google.guava:guava:jar:18.0:compile
\- com.vividsolutions:jts:jar:1.13:compile

