WARNING: Your kernel does not support swap limit capabilities or the cgroup is not mounted. Memory limited without swap.
org.nlpcn:elasticsearch-sql:jar:7.9.1.0
+- org.hamcrest:hamcrest-all:jar:1.3:test
+- junit:junit:jar:4.13.1:test
|  \- org.hamcrest:hamcrest-core:jar:1.3:test
+- com.alibaba:druid:jar:1.1.16:compile
+- org.locationtech.spatial4j:spatial4j:jar:0.7:compile
+- org.locationtech.jts:jts-core:jar:1.15.0:provided
+- org.elasticsearch:elasticsearch:jar:7.9.1:provided
|  +- org.elasticsearch:elasticsearch-core:jar:7.9.1:provided
|  +- org.elasticsearch:elasticsearch-secure-sm:jar:7.9.1:provided
|  +- org.elasticsearch:elasticsearch-x-content:jar:7.9.1:provided
|  |  +- (org.elasticsearch:elasticsearch-core:jar:7.9.1:provided - omitted for duplicate)
|  |  +- org.yaml:snakeyaml:jar:1.26:provided
|  |  +- com.fasterxml.jackson.core:jackson-core:jar:2.10.4:provided
|  |  +- com.fasterxml.jackson.dataformat:jackson-dataformat-smile:jar:2.10.4:provided
|  |  +- com.fasterxml.jackson.dataformat:jackson-dataformat-yaml:jar:2.10.4:provided
|  |  \- com.fasterxml.jackson.dataformat:jackson-dataformat-cbor:jar:2.10.4:provided
|  +- org.elasticsearch:elasticsearch-geo:jar:7.9.1:provided
|  +- org.apache.lucene:lucene-core:jar:8.6.2:provided
|  +- org.apache.lucene:lucene-analyzers-common:jar:8.6.2:provided
|  +- org.apache.lucene:lucene-backward-codecs:jar:8.6.2:provided
|  +- org.apache.lucene:lucene-grouping:jar:8.6.2:provided
|  +- org.apache.lucene:lucene-highlighter:jar:8.6.2:provided
|  +- org.apache.lucene:lucene-join:jar:8.6.2:provided
|  +- org.apache.lucene:lucene-memory:jar:8.6.2:provided
|  +- org.apache.lucene:lucene-misc:jar:8.6.2:provided
|  +- org.apache.lucene:lucene-queries:jar:8.6.2:provided
|  +- org.apache.lucene:lucene-queryparser:jar:8.6.2:provided
|  +- org.apache.lucene:lucene-sandbox:jar:8.6.2:provided
|  +- org.apache.lucene:lucene-spatial-extras:jar:8.6.2:provided
|  +- org.apache.lucene:lucene-spatial3d:jar:8.6.2:provided
|  +- org.apache.lucene:lucene-suggest:jar:8.6.2:provided
|  +- org.elasticsearch:elasticsearch-cli:jar:7.9.1:provided
|  |  +- net.sf.jopt-simple:jopt-simple:jar:5.0.2:provided
|  |  \- (org.elasticsearch:elasticsearch-core:jar:7.9.1:provided - omitted for duplicate)
|  +- com.carrotsearch:hppc:jar:0.8.1:provided
|  +- joda-time:joda-time:jar:2.10.4:provided
|  +- com.tdunning:t-digest:jar:3.2:provided
|  +- org.hdrhistogram:HdrHistogram:jar:2.1.9:provided
|  +- org.apache.logging.log4j:log4j-api:jar:2.11.1:provided
|  \- org.elasticsearch:jna:jar:5.5.0:provided
+- org.elasticsearch.client:x-pack-transport:jar:7.9.1:provided
|  +- org.elasticsearch.plugin:x-pack-core:jar:7.9.1:provided
|  |  +- org.elasticsearch:elasticsearch-ssl-config:jar:7.9.1:provided
|  |  |  \- (org.elasticsearch:elasticsearch-core:jar:7.9.1:provided - omitted for duplicate)
|  |  +- org.apache.httpcomponents:httpclient:jar:4.5.10:provided
|  |  +- org.apache.httpcomponents:httpcore:jar:4.4.12:provided
|  |  +- org.apache.httpcomponents:httpcore-nio:jar:4.4.12:provided
|  |  +- org.apache.httpcomponents:httpasyncclient:jar:4.1.4:provided
|  |  +- commons-logging:commons-logging:jar:1.1.3:provided
|  |  +- org.apache.logging.log4j:log4j-1.2-api:jar:2.11.1:provided
|  |  +- commons-codec:commons-codec:jar:1.11:provided
|  |  +- (com.unboundid:unboundid-ldapsdk:jar:4.0.8:provided - omitted for conflict with 3.2.0)
|  |  +- org.elasticsearch.plugin:transport-netty4-client:jar:7.9.1:provided
|  |  |  +- io.netty:netty-buffer:jar:4.1.49.Final:provided
|  |  |  +- io.netty:netty-codec:jar:4.1.49.Final:provided
|  |  |  +- io.netty:netty-codec-http:jar:4.1.49.Final:provided
|  |  |  +- io.netty:netty-common:jar:4.1.49.Final:provided
|  |  |  +- io.netty:netty-handler:jar:4.1.49.Final:provided
|  |  |  +- io.netty:netty-resolver:jar:4.1.49.Final:provided
|  |  |  \- io.netty:netty-transport:jar:4.1.49.Final:provided
|  |  \- org.elasticsearch.plugin:transport-nio-client:jar:7.9.1:provided
|  |     +- org.elasticsearch:elasticsearch-nio:jar:7.9.1:provided
|  |     +- (io.netty:netty-buffer:jar:4.1.49.Final:provided - omitted for duplicate)
|  |     +- (io.netty:netty-codec:jar:4.1.49.Final:provided - omitted for duplicate)
|  |     +- (io.netty:netty-codec-http:jar:4.1.49.Final:provided - omitted for duplicate)
|  |     +- (io.netty:netty-common:jar:4.1.49.Final:provided - omitted for duplicate)
|  |     +- (io.netty:netty-handler:jar:4.1.49.Final:provided - omitted for duplicate)
|  |     +- (io.netty:netty-resolver:jar:4.1.49.Final:provided - omitted for duplicate)
|  |     \- (io.netty:netty-transport:jar:4.1.49.Final:provided - omitted for duplicate)
|  \- org.elasticsearch.client:transport:jar:7.9.1:provided
|     +- (org.elasticsearch:elasticsearch:jar:7.9.1:provided - omitted for duplicate)
|     +- (org.elasticsearch.plugin:transport-netty4-client:jar:7.9.1:provided - omitted for duplicate)
|     +- org.elasticsearch.plugin:reindex-client:jar:7.9.1:provided
|     |  +- org.elasticsearch.client:elasticsearch-rest-client:jar:7.9.1:provided
|     |  |  +- (org.apache.httpcomponents:httpclient:jar:4.5.10:provided - omitted for duplicate)
|     |  |  +- (org.apache.httpcomponents:httpcore:jar:4.4.12:provided - omitted for duplicate)
|     |  |  +- (org.apache.httpcomponents:httpasyncclient:jar:4.1.4:provided - omitted for duplicate)
|     |  |  +- (org.apache.httpcomponents:httpcore-nio:jar:4.4.12:provided - omitted for duplicate)
|     |  |  +- (commons-codec:commons-codec:jar:1.11:provided - omitted for duplicate)
|     |  |  \- (commons-logging:commons-logging:jar:1.1.3:provided - omitted for duplicate)
|     |  \- (org.elasticsearch:elasticsearch-ssl-config:jar:7.9.1:provided - omitted for duplicate)
|     +- org.elasticsearch.plugin:lang-mustache-client:jar:7.9.1:provided
|     |  \- com.github.spullara.mustache.java:compiler:jar:0.9.6:provided
|     +- org.elasticsearch.plugin:percolator-client:jar:7.9.1:provided
|     +- org.elasticsearch.plugin:parent-join-client:jar:7.9.1:provided
|     \- org.elasticsearch.plugin:rank-eval-client:jar:7.9.1:provided
+- com.unboundid:unboundid-ldapsdk:jar:3.2.0:provided
+- org.bouncycastle:bcprov-jdk15on:jar:1.58:provided
\- com.google.guava:guava:jar:29.0-jre:compile
   +- com.google.guava:failureaccess:jar:1.0.1:compile
   +- com.google.guava:listenablefuture:jar:9999.0-empty-to-avoid-conflict-with-guava:compile
   +- com.google.code.findbugs:jsr305:jar:3.0.2:compile
   +- org.checkerframework:checker-qual:jar:2.11.1:compile
   +- com.google.errorprone:error_prone_annotations:jar:2.3.4:compile
   \- com.google.j2objc:j2objc-annotations:jar:1.3:compile

