WARNING: Your kernel does not support swap limit capabilities or the cgroup is not mounted. Memory limited without swap.
com.nordstrom.tools:junit-foundation:jar:6.1.3
+- com.nordstrom.tools:java-utils:jar:1.7.2:compile
+- com.nordstrom.tools:settings:jar:2.2.2:compile
|  +- (ch.qos.logback:logback-classic:jar:1.2.2:compile - omitted for duplicate)
|  +- ch.qos.logback:logback-core:jar:1.2.2:compile
|  +- org.slf4j:slf4j-api:jar:1.7.25:compile
|  +- (com.nordstrom.tools:java-utils:jar:1.7.2:compile - omitted for duplicate)
|  +- org.apache.commons:commons-lang3:jar:3.5:compile
|  +- org.apache.commons:commons-configuration2:jar:2.2:compile
|  |  +- (org.apache.commons:commons-lang3:jar:3.6:compile - omitted for conflict with 3.5)
|  |  \- commons-logging:commons-logging:jar:1.2:compile
|  \- commons-beanutils:commons-beanutils:jar:1.9.3:compile
|     +- (commons-logging:commons-logging:jar:1.2:compile - omitted for duplicate)
|     \- commons-collections:commons-collections:jar:3.2.2:compile
+- junit:junit:jar:4.12:compile
|  \- org.hamcrest:hamcrest-core:jar:1.3:compile
+- org.testng:testng:jar:6.10:test
|  \- com.beust:jcommander:jar:1.48:test
+- net.bytebuddy:byte-buddy:jar:1.8.13:compile
+- net.bytebuddy:byte-buddy-agent:jar:1.8.13:test
\- ch.qos.logback:logback-classic:jar:1.2.2:compile
   +- (ch.qos.logback:logback-core:jar:1.2.2:compile - omitted for duplicate)
   \- (org.slf4j:slf4j-api:jar:1.7.25:compile - omitted for duplicate)

