WARNING: Your kernel does not support swap limit capabilities or the cgroup is not mounted. Memory limited without swap.
com.nordstrom.tools:junit-foundation:jar:9.3.0
+- com.nordstrom.tools:java-utils:jar:1.9.0:compile
|  \- (com.google.guava:guava:jar:23.5-jre:compile - omitted for duplicate)
+- com.nordstrom.tools:settings:jar:2.3.0:compile
|  +- (ch.qos.logback:logback-classic:jar:1.2.2:compile - version managed from 1.2.3; omitted for duplicate)
|  +- ch.qos.logback:logback-core:jar:1.2.3:compile
|  +- org.slf4j:slf4j-api:jar:1.7.25:compile
|  +- (com.nordstrom.tools:java-utils:jar:1.9.0:compile - version managed from 1.8.0; omitted for duplicate)
|  +- org.apache.commons:commons-lang3:jar:3.7:compile
|  +- org.apache.commons:commons-configuration2:jar:2.4:compile
|  |  +- (org.apache.commons:commons-lang3:jar:3.8.1:compile - omitted for conflict with 3.7)
|  |  +- org.apache.commons:commons-text:jar:1.6:compile
|  |  |  \- (org.apache.commons:commons-lang3:jar:3.8.1:compile - omitted for conflict with 3.7)
|  |  \- commons-logging:commons-logging:jar:1.2:compile
|  \- commons-beanutils:commons-beanutils:jar:1.9.3:compile
|     +- (commons-logging:commons-logging:jar:1.2:compile - omitted for duplicate)
|     \- commons-collections:commons-collections:jar:3.2.2:compile
+- junit:junit:jar:4.12:compile
|  \- org.hamcrest:hamcrest-core:jar:1.3:compile
+- org.testng:testng:jar:6.10:test
|  \- com.beust:jcommander:jar:1.48:test
+- net.bytebuddy:byte-buddy:jar:1.9.5:compile
+- net.bytebuddy:byte-buddy-agent:jar:1.9.5:test
+- ch.qos.logback:logback-classic:jar:1.2.2:compile
|  +- (ch.qos.logback:logback-core:jar:1.2.2:compile - omitted for conflict with 1.2.3)
|  \- (org.slf4j:slf4j-api:jar:1.7.25:compile - omitted for duplicate)
\- com.google.guava:guava:jar:23.5-jre:compile
   +- com.google.code.findbugs:jsr305:jar:1.3.9:compile
   +- org.checkerframework:checker-qual:jar:2.0.0:compile
   +- com.google.errorprone:error_prone_annotations:jar:2.0.18:compile
   +- com.google.j2objc:j2objc-annotations:jar:1.1:compile
   \- org.codehaus.mojo:animal-sniffer-annotations:jar:1.14:compile

