WARNING: Your kernel does not support swap limit capabilities or the cgroup is not mounted. Memory limited without swap.
com.homeadvisor.kafka:kafdrop:jar:2.0.4
+- commons-lang:commons-lang:jar:2.6:compile
+- org.apache.curator:curator-recipes:jar:2.10.0:compile
|  \- org.apache.curator:curator-framework:jar:2.10.0:compile
|     \- org.apache.curator:curator-client:jar:2.10.0:compile
|        +- (org.apache.zookeeper:zookeeper:jar:3.4.6:compile - omitted for conflict with 3.4.8)
|        +- (com.google.guava:guava:jar:16.0.1:compile - omitted for conflict with 18.0)
|        \- (org.slf4j:slf4j-api:jar:1.7.21:compile - version managed from 1.6.1; omitted for duplicate)
+- org.apache.curator:curator-x-discovery:jar:2.10.0:compile
|  +- (org.apache.curator:curator-recipes:jar:2.10.0:compile - omitted for duplicate)
|  \- org.codehaus.jackson:jackson-mapper-asl:jar:1.9.13:compile
|     \- org.codehaus.jackson:jackson-core-asl:jar:1.9.13:compile
+- org.apache.zookeeper:zookeeper:jar:3.4.8:compile
|  +- org.slf4j:slf4j-api:jar:1.7.21:compile
|  +- org.slf4j:slf4j-log4j12:jar:1.7.21:compile (version managed from 1.6.1)
|  +- log4j:log4j:jar:1.2.17:compile (version managed from 1.2.16)
|  +- jline:jline:jar:0.9.94:compile
|  \- io.netty:netty:jar:3.7.0.Final:compile
+- org.apache.kafka:kafka_2.9.2:jar:0.8.2.2:compile
|  +- (org.apache.kafka:kafka-clients:jar:0.8.2.2:compile - omitted for duplicate)
|  +- org.scala-lang:scala-library:jar:2.9.2:compile
|  +- com.yammer.metrics:metrics-core:jar:2.2.0:compile
|  |  \- (org.slf4j:slf4j-api:jar:1.7.21:compile - version managed from 1.7.2; omitted for duplicate)
|  +- (org.apache.zookeeper:zookeeper:jar:3.4.6:compile - omitted for conflict with 3.4.8)
|  +- net.sf.jopt-simple:jopt-simple:jar:3.2:compile
|  \- com.101tec:zkclient:jar:0.3:compile
|     +- (org.apache.zookeeper:zookeeper:jar:3.3.1:compile - omitted for conflict with 3.4.8)
|     \- (log4j:log4j:jar:1.2.17:compile - version managed from 1.2.14; omitted for duplicate)
+- org.freemarker:freemarker:jar:2.3.23:compile
+- org.springframework.retry:spring-retry:jar:1.1.3.RELEASE:compile
|  \- (org.springframework:spring-core:jar:4.2.7.RELEASE:compile - version managed from 4.0.4.RELEASE; omitted for duplicate)
+- org.springframework.boot:spring-boot-starter-web:jar:1.3.6.RELEASE:compile
|  +- org.springframework.boot:spring-boot-starter:jar:1.3.6.RELEASE:compile
|  |  +- org.springframework.boot:spring-boot:jar:1.3.6.RELEASE:compile
|  |  |  +- (org.springframework:spring-core:jar:4.2.7.RELEASE:compile - version managed from 4.0.4.RELEASE; omitted for duplicate)
|  |  |  \- (org.springframework:spring-context:jar:4.2.7.RELEASE:compile - omitted for duplicate)
|  |  +- org.springframework.boot:spring-boot-autoconfigure:jar:1.3.6.RELEASE:compile
|  |  |  \- (org.springframework.boot:spring-boot:jar:1.3.6.RELEASE:compile - omitted for duplicate)
|  |  +- (org.springframework:spring-core:jar:4.2.7.RELEASE:compile - version managed from 4.0.4.RELEASE; omitted for duplicate)
|  |  \- org.yaml:snakeyaml:jar:1.16:runtime
|  +- org.springframework.boot:spring-boot-starter-tomcat:jar:1.3.6.RELEASE:compile
|  |  +- org.apache.tomcat.embed:tomcat-embed-core:jar:8.0.36:compile
|  |  +- org.apache.tomcat.embed:tomcat-embed-el:jar:8.0.36:compile
|  |  +- org.apache.tomcat.embed:tomcat-embed-logging-juli:jar:8.0.36:compile
|  |  \- org.apache.tomcat.embed:tomcat-embed-websocket:jar:8.0.36:compile
|  |     \- (org.apache.tomcat.embed:tomcat-embed-core:jar:8.0.36:compile - omitted for duplicate)
|  +- org.springframework.boot:spring-boot-starter-validation:jar:1.3.6.RELEASE:compile
|  |  +- (org.springframework.boot:spring-boot-starter:jar:1.3.6.RELEASE:compile - omitted for duplicate)
|  |  +- (org.apache.tomcat.embed:tomcat-embed-el:jar:8.0.36:compile - omitted for duplicate)
|  |  \- org.hibernate:hibernate-validator:jar:5.2.4.Final:compile
|  |     +- javax.validation:validation-api:jar:1.1.0.Final:compile
|  |     +- org.jboss.logging:jboss-logging:jar:3.3.0.Final:compile (version managed from 3.2.1.Final)
|  |     \- (com.fasterxml:classmate:jar:1.1.0:compile - omitted for conflict with 1.3.3)
|  +- com.fasterxml.jackson.core:jackson-databind:jar:2.6.7:compile
|  |  +- com.fasterxml.jackson.core:jackson-annotations:jar:2.6.7:compile (version managed from 2.6.0)
|  |  \- com.fasterxml.jackson.core:jackson-core:jar:2.6.7:compile
|  +- org.springframework:spring-web:jar:4.2.7.RELEASE:compile
|  |  +- (org.springframework:spring-aop:jar:4.2.7.RELEASE:compile - omitted for duplicate)
|  |  +- (org.springframework:spring-beans:jar:4.2.7.RELEASE:compile - omitted for duplicate)
|  |  +- (org.springframework:spring-context:jar:4.2.7.RELEASE:compile - omitted for duplicate)
|  |  \- (org.springframework:spring-core:jar:4.2.7.RELEASE:compile - version managed from 4.0.4.RELEASE; omitted for duplicate)
|  \- org.springframework:spring-webmvc:jar:4.2.7.RELEASE:compile
|     +- (org.springframework:spring-beans:jar:4.2.7.RELEASE:compile - omitted for duplicate)
|     +- (org.springframework:spring-context:jar:4.2.7.RELEASE:compile - omitted for duplicate)
|     +- (org.springframework:spring-core:jar:4.2.7.RELEASE:compile - version managed from 4.0.4.RELEASE; omitted for duplicate)
|     +- (org.springframework:spring-expression:jar:4.2.7.RELEASE:compile - omitted for duplicate)
|     \- (org.springframework:spring-web:jar:4.2.7.RELEASE:compile - omitted for duplicate)
+- org.springframework.boot:spring-boot-starter-freemarker:jar:1.3.6.RELEASE:compile
|  +- (org.springframework.boot:spring-boot-starter:jar:1.3.6.RELEASE:compile - omitted for duplicate)
|  +- (org.springframework.boot:spring-boot-starter-web:jar:1.3.6.RELEASE:compile - omitted for duplicate)
|  +- (org.freemarker:freemarker:jar:2.3.24-incubating:compile - omitted for conflict with 2.3.23)
|  \- org.springframework:spring-context-support:jar:4.2.7.RELEASE:compile
|     +- (org.springframework:spring-beans:jar:4.2.7.RELEASE:compile - omitted for duplicate)
|     +- (org.springframework:spring-context:jar:4.2.7.RELEASE:compile - omitted for duplicate)
|     \- (org.springframework:spring-core:jar:4.2.7.RELEASE:compile - version managed from 4.0.4.RELEASE; omitted for duplicate)
+- org.springframework.boot:spring-boot-starter-log4j:jar:1.3.6.RELEASE:compile
|  +- org.slf4j:jcl-over-slf4j:jar:1.7.21:compile
|  |  \- (org.slf4j:slf4j-api:jar:1.7.21:compile - version managed from 1.7.2; omitted for duplicate)
|  +- org.slf4j:jul-to-slf4j:jar:1.7.21:compile
|  |  \- (org.slf4j:slf4j-api:jar:1.7.21:compile - version managed from 1.7.2; omitted for duplicate)
|  +- (org.slf4j:slf4j-log4j12:jar:1.7.21:compile - version managed from 1.6.1; omitted for duplicate)
|  \- (log4j:log4j:jar:1.2.17:compile - version managed from 1.2.14; omitted for duplicate)
+- org.springframework.boot:spring-boot-starter-actuator:jar:1.3.6.RELEASE:compile
|  +- (org.springframework.boot:spring-boot-starter:jar:1.3.6.RELEASE:compile - omitted for duplicate)
|  \- org.springframework.boot:spring-boot-actuator:jar:1.3.6.RELEASE:compile
|     +- (org.springframework.boot:spring-boot:jar:1.3.6.RELEASE:compile - omitted for duplicate)
|     +- (org.springframework.boot:spring-boot-autoconfigure:jar:1.3.6.RELEASE:compile - omitted for duplicate)
|     +- (com.fasterxml.jackson.core:jackson-databind:jar:2.6.7:compile - omitted for duplicate)
|     +- (org.springframework:spring-core:jar:4.2.7.RELEASE:compile - version managed from 4.0.4.RELEASE; omitted for duplicate)
|     \- (org.springframework:spring-context:jar:4.2.7.RELEASE:compile - omitted for duplicate)
+- org.springframework:spring-context:jar:4.2.7.RELEASE:compile
|  +- org.springframework:spring-aop:jar:4.2.7.RELEASE:compile
|  |  +- aopalliance:aopalliance:jar:1.0:compile
|  |  +- (org.springframework:spring-beans:jar:4.2.7.RELEASE:compile - omitted for duplicate)
|  |  \- (org.springframework:spring-core:jar:4.2.7.RELEASE:compile - version managed from 4.0.4.RELEASE; omitted for duplicate)
|  +- (org.springframework:spring-beans:jar:4.2.7.RELEASE:compile - omitted for duplicate)
|  +- (org.springframework:spring-core:jar:4.2.7.RELEASE:compile - version managed from 4.0.4.RELEASE; omitted for duplicate)
|  \- org.springframework:spring-expression:jar:4.2.7.RELEASE:compile
|     \- (org.springframework:spring-core:jar:4.2.7.RELEASE:compile - version managed from 4.0.4.RELEASE; omitted for duplicate)
+- org.springframework:spring-core:jar:4.2.7.RELEASE:compile
+- org.springframework:spring-beans:jar:4.2.7.RELEASE:compile
|  \- (org.springframework:spring-core:jar:4.2.7.RELEASE:compile - version managed from 4.0.4.RELEASE; omitted for duplicate)
+- io.springfox:springfox-swagger2:jar:2.7.0:compile
|  +- io.swagger:swagger-annotations:jar:1.5.13:compile
|  +- io.swagger:swagger-models:jar:1.5.13:compile
|  |  +- (com.fasterxml.jackson.core:jackson-annotations:jar:2.6.7:compile - version managed from 2.8.5; omitted for duplicate)
|  |  +- (org.slf4j:slf4j-api:jar:1.7.21:compile - version managed from 1.7.22; omitted for duplicate)
|  |  \- (io.swagger:swagger-annotations:jar:1.5.13:compile - omitted for duplicate)
|  +- io.springfox:springfox-spi:jar:2.7.0:compile
|  |  \- io.springfox:springfox-core:jar:2.7.0:compile
|  |     +- net.bytebuddy:byte-buddy:jar:1.6.14:compile
|  |     +- (com.google.guava:guava:jar:18.0:compile - omitted for conflict with 16.0.1)
|  |     +- (com.fasterxml:classmate:jar:1.3.3:compile - omitted for conflict with 1.1.0)
|  |     +- (org.slf4j:slf4j-api:jar:1.7.21:compile - version managed from 1.7.24; omitted for duplicate)
|  |     +- (org.springframework.plugin:spring-plugin-core:jar:1.2.0.RELEASE:compile - omitted for duplicate)
|  |     \- (org.springframework.plugin:spring-plugin-metadata:jar:1.2.0.RELEASE:compile - omitted for duplicate)
|  +- io.springfox:springfox-schema:jar:2.7.0:compile
|  |  +- (io.springfox:springfox-core:jar:2.7.0:compile - omitted for duplicate)
|  |  \- (io.springfox:springfox-spi:jar:2.7.0:compile - omitted for duplicate)
|  +- io.springfox:springfox-swagger-common:jar:2.7.0:compile
|  |  +- (io.swagger:swagger-annotations:jar:1.5.13:compile - omitted for duplicate)
|  |  +- (io.swagger:swagger-models:jar:1.5.13:compile - omitted for duplicate)
|  |  +- (io.springfox:springfox-spi:jar:2.7.0:compile - omitted for duplicate)
|  |  +- (io.springfox:springfox-schema:jar:2.7.0:compile - omitted for duplicate)
|  |  +- (io.springfox:springfox-spring-web:jar:2.7.0:compile - omitted for duplicate)
|  |  +- (com.google.guava:guava:jar:18.0:compile - omitted for duplicate)
|  |  +- (com.fasterxml:classmate:jar:1.3.3:compile - omitted for duplicate)
|  |  +- (org.slf4j:slf4j-api:jar:1.7.21:compile - version managed from 1.7.24; omitted for duplicate)
|  |  +- (org.springframework.plugin:spring-plugin-core:jar:1.2.0.RELEASE:compile - omitted for duplicate)
|  |  \- (org.springframework.plugin:spring-plugin-metadata:jar:1.2.0.RELEASE:compile - omitted for duplicate)
|  +- io.springfox:springfox-spring-web:jar:2.7.0:compile
|  |  +- org.reflections:reflections:jar:0.9.11:compile
|  |  |  +- (com.google.guava:guava:jar:20.0:compile - omitted for conflict with 18.0)
|  |  |  \- org.javassist:javassist:jar:3.18.1-GA:compile (version managed from 3.21.0-GA)
|  |  +- (com.google.guava:guava:jar:18.0:compile - omitted for duplicate)
|  |  +- (com.fasterxml:classmate:jar:1.3.3:compile - omitted for duplicate)
|  |  +- (org.slf4j:slf4j-api:jar:1.7.21:compile - version managed from 1.7.24; omitted for duplicate)
|  |  +- (org.springframework.plugin:spring-plugin-core:jar:1.2.0.RELEASE:compile - omitted for duplicate)
|  |  +- (org.springframework.plugin:spring-plugin-metadata:jar:1.2.0.RELEASE:compile - omitted for duplicate)
|  |  \- (io.springfox:springfox-spi:jar:2.7.0:compile - omitted for duplicate)
|  +- com.google.guava:guava:jar:18.0:compile
|  +- com.fasterxml:classmate:jar:1.3.3:compile
|  +- (org.slf4j:slf4j-api:jar:1.7.21:compile - version managed from 1.7.24; omitted for duplicate)
|  +- org.springframework.plugin:spring-plugin-core:jar:1.2.0.RELEASE:compile
|  |  +- (org.springframework:spring-beans:jar:4.2.7.RELEASE:compile - version managed from 4.0.9.RELEASE; omitted for duplicate)
|  |  +- (org.springframework:spring-context:jar:4.2.7.RELEASE:compile - version managed from 4.0.9.RELEASE; omitted for duplicate)
|  |  +- (org.springframework:spring-aop:jar:4.2.7.RELEASE:compile - version managed from 4.0.9.RELEASE; omitted for duplicate)
|  |  \- (org.slf4j:slf4j-api:jar:1.7.21:compile - version managed from 1.7.10; omitted for duplicate)
|  +- org.springframework.plugin:spring-plugin-metadata:jar:1.2.0.RELEASE:compile
|  |  +- (org.springframework.plugin:spring-plugin-core:jar:1.2.0.RELEASE:compile - omitted for duplicate)
|  |  \- (org.slf4j:slf4j-api:jar:1.7.21:compile - version managed from 1.7.10; omitted for duplicate)
|  \- org.mapstruct:mapstruct:jar:1.1.0.Final:compile
+- junit:junit:jar:4.11:test
|  \- org.hamcrest:hamcrest-core:jar:1.3:test
+- org.easymock:easymock:jar:3.3.1:test
|  +- cglib:cglib:jar:3.1:test
|  |  \- (org.ow2.asm:asm:jar:4.2:test - omitted for conflict with 5.0.3)
|  +- org.ow2.asm:asm:jar:5.0.3:test
|  \- org.objenesis:objenesis:jar:2.1:test
+- org.codehaus.groovy:groovy-all:jar:2.4.6:test
+- org.spockframework:spock-core:jar:1.0-groovy-2.4:test
|  \- (junit:junit:jar:4.12:test - omitted for conflict with 4.11)
+- org.codehaus.groovy.modules.http-builder:http-builder:jar:0.7.1:test
|  +- org.apache.httpcomponents:httpclient:jar:4.5.2:test (version managed from 4.2.1)
|  |  +- org.apache.httpcomponents:httpcore:jar:4.4.5:test (version managed from 4.4.4)
|  |  \- commons-codec:commons-codec:jar:1.9:test
|  +- net.sf.json-lib:json-lib:jar:jdk15:2.3:test
|  |  +- commons-beanutils:commons-beanutils:jar:1.9.2:test (version managed from 1.8.0)
|  |  |  \- (commons-collections:commons-collections:jar:3.2.2:test - version managed from 3.2.1; omitted for duplicate)
|  |  +- commons-collections:commons-collections:jar:3.2.2:test
|  |  +- (commons-lang:commons-lang:jar:2.4:test - omitted for conflict with 2.6)
|  |  +- commons-logging:commons-logging:jar:1.1.1:test
|  |  \- net.sf.ezmorph:ezmorph:jar:1.0.6:test
|  |     \- (commons-lang:commons-lang:jar:2.3:test - omitted for conflict with 2.6)
|  +- net.sourceforge.nekohtml:nekohtml:jar:1.9.22:test (version managed from 1.9.16)
|  |  \- xerces:xercesImpl:jar:2.11.0:test
|  |     \- xml-apis:xml-apis:jar:1.4.01:test
|  \- xml-resolver:xml-resolver:jar:1.2:test
\- org.apache.kafka:kafka-clients:jar:0.8.2.2:test (scope not updated to compile)
   +- (org.slf4j:slf4j-api:jar:1.7.21:test - version managed from 1.7.6; omitted for duplicate)
   +- org.xerial.snappy:snappy-java:jar:1.1.1.7:test
   \- net.jpountz.lz4:lz4:jar:1.2.0:test

