WARNING: Your kernel does not support swap limit capabilities or the cgroup is not mounted. Memory limited without swap.
com.obsidiandynamics.kafdrop:kafdrop:jar:3.26.0
+- com.google.protobuf:protobuf-java:jar:3.11.1:compile
+- com.google.protobuf:protobuf-java-util:jar:3.11.1:compile
|  +- (com.google.protobuf:protobuf-java:jar:3.11.1:compile - omitted for duplicate)
|  +- com.google.guava:guava:jar:28.1-android:compile
|  |  +- com.google.guava:failureaccess:jar:1.0.1:compile
|  |  +- com.google.guava:listenablefuture:jar:9999.0-empty-to-avoid-conflict-with-guava:compile
|  |  +- com.google.code.findbugs:jsr305:jar:3.0.2:compile
|  |  +- org.checkerframework:checker-compat-qual:jar:2.5.5:compile
|  |  +- (com.google.errorprone:error_prone_annotations:jar:2.3.2:compile - omitted for conflict with 2.3.3)
|  |  +- com.google.j2objc:j2objc-annotations:jar:1.3:compile
|  |  \- org.codehaus.mojo:animal-sniffer-annotations:jar:1.18:compile
|  +- com.google.errorprone:error_prone_annotations:jar:2.3.3:compile
|  \- com.google.code.gson:gson:jar:2.8.5:compile (version managed from 2.8.6)
+- org.apache.commons:commons-lang3:jar:3.9:compile
+- org.springframework.boot:spring-boot-configuration-processor:jar:2.1.8.RELEASE:compile
+- org.projectlombok:lombok:jar:1.18.8:compile
+- org.apache.kafka:kafka-clients:jar:2.3.1:compile
|  +- com.github.luben:zstd-jni:jar:1.4.0-1:compile
|  +- org.lz4:lz4-java:jar:1.6.0:compile
|  +- org.xerial.snappy:snappy-java:jar:1.1.7.3:compile
|  \- org.slf4j:slf4j-api:jar:1.7.28:compile (version managed from 1.7.26)
+- org.freemarker:freemarker:jar:2.3.28:compile
+- io.confluent:kafka-avro-serializer:jar:5.2.2:compile
|  +- (org.apache.avro:avro:jar:1.8.1:compile - omitted for conflict with 1.9.1)
|  +- io.confluent:kafka-schema-registry-client:jar:5.2.2:compile
|  |  +- (org.apache.kafka:kafka-clients:jar:2.0.1:compile - version managed from 2.2.1-cp1; omitted for conflict with 2.3.1)
|  |  +- (io.confluent:common-config:jar:5.2.2:compile - omitted for duplicate)
|  |  +- (org.apache.avro:avro:jar:1.8.1:compile - omitted for duplicate)
|  |  +- (com.fasterxml.jackson.core:jackson-databind:jar:2.9.9.3:compile - version managed from 2.9.8; omitted for duplicate)
|  |  \- (io.confluent:common-utils:jar:5.2.2:compile - omitted for duplicate)
|  +- io.confluent:common-config:jar:5.2.2:compile
|  |  +- (io.confluent:common-utils:jar:5.2.2:compile - omitted for duplicate)
|  |  \- (org.slf4j:slf4j-api:jar:1.7.28:compile - version managed from 1.7.25; omitted for duplicate)
|  \- io.confluent:common-utils:jar:5.2.2:compile
|     +- (org.slf4j:slf4j-api:jar:1.7.28:compile - version managed from 1.7.25; omitted for duplicate)
|     +- org.apache.zookeeper:zookeeper:jar:3.4.13:compile
|     |  +- (org.slf4j:slf4j-api:jar:1.7.28:compile - version managed from 1.7.25; omitted for duplicate)
|     |  +- jline:jline:jar:0.9.94:compile
|     |  +- org.apache.yetus:audience-annotations:jar:0.5.0:compile
|     |  \- io.netty:netty:jar:3.10.6.Final:compile
|     \- com.101tec:zkclient:jar:0.10:compile
|        +- (org.slf4j:slf4j-api:jar:1.7.28:compile - version managed from 1.6.1; omitted for duplicate)
|        \- (org.apache.zookeeper:zookeeper:jar:3.4.8:compile - omitted for conflict with 3.4.13)
+- org.apache.avro:avro:jar:1.9.1:compile
|  +- com.fasterxml.jackson.core:jackson-core:jar:2.9.9:compile
|  +- com.fasterxml.jackson.core:jackson-databind:jar:2.9.9.3:compile
|  |  +- com.fasterxml.jackson.core:jackson-annotations:jar:2.9.0:compile
|  |  \- (com.fasterxml.jackson.core:jackson-core:jar:2.9.9:compile - omitted for duplicate)
|  +- org.apache.commons:commons-compress:jar:1.19:compile
|  \- (org.slf4j:slf4j-api:jar:1.7.28:compile - version managed from 1.7.25; omitted for duplicate)
+- org.springframework.boot:spring-boot-starter-web:jar:2.1.8.RELEASE:compile
|  +- org.springframework.boot:spring-boot-starter:jar:2.1.8.RELEASE:compile
|  |  +- org.springframework.boot:spring-boot:jar:2.1.8.RELEASE:compile
|  |  |  +- (org.springframework:spring-core:jar:5.1.9.RELEASE:compile - omitted for duplicate)
|  |  |  \- (org.springframework:spring-context:jar:5.1.9.RELEASE:compile - omitted for duplicate)
|  |  +- org.springframework.boot:spring-boot-autoconfigure:jar:2.1.8.RELEASE:compile
|  |  |  \- (org.springframework.boot:spring-boot:jar:2.1.8.RELEASE:compile - omitted for duplicate)
|  |  +- javax.annotation:javax.annotation-api:jar:1.3.2:compile
|  |  +- (org.springframework:spring-core:jar:5.1.9.RELEASE:compile - omitted for duplicate)
|  |  \- org.yaml:snakeyaml:jar:1.23:runtime
|  +- org.springframework.boot:spring-boot-starter-json:jar:2.1.8.RELEASE:compile
|  |  +- (org.springframework.boot:spring-boot-starter:jar:2.1.8.RELEASE:compile - omitted for duplicate)
|  |  +- (org.springframework:spring-web:jar:5.1.9.RELEASE:compile - omitted for duplicate)
|  |  +- (com.fasterxml.jackson.core:jackson-databind:jar:2.9.9.3:compile - version managed from 2.9.8; omitted for duplicate)
|  |  +- com.fasterxml.jackson.datatype:jackson-datatype-jdk8:jar:2.9.9:compile
|  |  |  +- (com.fasterxml.jackson.core:jackson-core:jar:2.9.9:compile - omitted for duplicate)
|  |  |  \- (com.fasterxml.jackson.core:jackson-databind:jar:2.9.9.3:compile - version managed from 2.9.9; omitted for duplicate)
|  |  +- com.fasterxml.jackson.datatype:jackson-datatype-jsr310:jar:2.9.9:compile
|  |  |  +- (com.fasterxml.jackson.core:jackson-annotations:jar:2.9.0:compile - omitted for duplicate)
|  |  |  +- (com.fasterxml.jackson.core:jackson-core:jar:2.9.9:compile - omitted for duplicate)
|  |  |  \- (com.fasterxml.jackson.core:jackson-databind:jar:2.9.9.3:compile - version managed from 2.9.9; omitted for duplicate)
|  |  \- com.fasterxml.jackson.module:jackson-module-parameter-names:jar:2.9.9:compile
|  |     +- (com.fasterxml.jackson.core:jackson-core:jar:2.9.9:compile - omitted for duplicate)
|  |     \- (com.fasterxml.jackson.core:jackson-databind:jar:2.9.9.3:compile - version managed from 2.9.9; omitted for duplicate)
|  +- org.hibernate.validator:hibernate-validator:jar:6.0.17.Final:compile
|  |  +- javax.validation:validation-api:jar:2.0.1.Final:compile
|  |  +- (org.jboss.logging:jboss-logging:jar:3.3.3.Final:compile - version managed from 3.4.0.Final; omitted for duplicate)
|  |  \- (com.fasterxml:classmate:jar:1.4.0:compile - version managed from 1.3.4; omitted for duplicate)
|  +- org.springframework:spring-web:jar:5.1.9.RELEASE:compile
|  |  +- (org.springframework:spring-beans:jar:5.1.9.RELEASE:compile - omitted for duplicate)
|  |  \- (org.springframework:spring-core:jar:5.1.9.RELEASE:compile - omitted for duplicate)
|  \- org.springframework:spring-webmvc:jar:5.1.9.RELEASE:compile
|     +- (org.springframework:spring-aop:jar:5.1.9.RELEASE:compile - omitted for duplicate)
|     +- (org.springframework:spring-beans:jar:5.1.9.RELEASE:compile - omitted for duplicate)
|     +- (org.springframework:spring-context:jar:5.1.9.RELEASE:compile - omitted for duplicate)
|     +- (org.springframework:spring-core:jar:5.1.9.RELEASE:compile - omitted for duplicate)
|     +- (org.springframework:spring-expression:jar:5.1.9.RELEASE:compile - omitted for duplicate)
|     \- (org.springframework:spring-web:jar:5.1.9.RELEASE:compile - omitted for duplicate)
+- org.springframework.boot:spring-boot-starter-undertow:jar:2.1.8.RELEASE:compile
|  +- (io.undertow:undertow-core:jar:2.0.26.Final:compile - omitted for duplicate)
|  +- io.undertow:undertow-servlet:jar:2.0.26.Final:compile
|  |  +- (io.undertow:undertow-core:jar:2.0.26.Final:compile - omitted for duplicate)
|  |  \- org.jboss.spec.javax.annotation:jboss-annotations-api_1.2_spec:jar:1.0.2.Final:compile
|  +- io.undertow:undertow-websockets-jsr:jar:2.0.26.Final:compile
|  |  +- (io.undertow:undertow-core:jar:2.0.26.Final:compile - omitted for duplicate)
|  |  +- (io.undertow:undertow-servlet:jar:2.0.26.Final:compile - omitted for duplicate)
|  |  \- org.jboss.spec.javax.websocket:jboss-websocket-api_1.1_spec:jar:1.1.4.Final:compile
|  +- javax.servlet:javax.servlet-api:jar:4.0.1:compile
|  \- org.glassfish:javax.el:jar:3.0.0:compile
+- io.undertow:undertow-core:jar:2.0.26.Final:compile
|  +- org.jboss.logging:jboss-logging:jar:3.3.3.Final:compile
|  +- org.jboss.xnio:xnio-api:jar:3.3.8.Final:compile
|  \- org.jboss.xnio:xnio-nio:jar:3.3.8.Final:runtime
|     \- (org.jboss.xnio:xnio-api:jar:3.3.8.Final:runtime - omitted for duplicate)
+- org.springframework.boot:spring-boot-starter-freemarker:jar:2.1.8.RELEASE:compile
|  +- (org.springframework.boot:spring-boot-starter:jar:2.1.8.RELEASE:compile - omitted for duplicate)
|  +- (org.freemarker:freemarker:jar:2.3.29:compile - omitted for conflict with 2.3.28)
|  \- org.springframework:spring-context-support:jar:5.1.9.RELEASE:compile
|     +- (org.springframework:spring-beans:jar:5.1.9.RELEASE:compile - omitted for duplicate)
|     +- (org.springframework:spring-context:jar:5.1.9.RELEASE:compile - omitted for duplicate)
|     \- (org.springframework:spring-core:jar:5.1.9.RELEASE:compile - omitted for duplicate)
+- org.springframework.boot:spring-boot-starter-log4j2:jar:2.1.8.RELEASE:compile
|  +- org.apache.logging.log4j:log4j-slf4j-impl:jar:2.11.2:compile
|  |  +- (org.slf4j:slf4j-api:jar:1.7.28:compile - version managed from 1.7.25; omitted for duplicate)
|  |  +- org.apache.logging.log4j:log4j-api:jar:2.11.2:compile
|  |  \- (org.apache.logging.log4j:log4j-core:jar:2.11.2:runtime - omitted for duplicate)
|  +- org.apache.logging.log4j:log4j-core:jar:2.11.2:compile
|  |  \- (org.apache.logging.log4j:log4j-api:jar:2.11.2:compile - omitted for duplicate)
|  +- org.apache.logging.log4j:log4j-jul:jar:2.11.2:compile
|  |  \- (org.apache.logging.log4j:log4j-api:jar:2.11.2:compile - omitted for duplicate)
|  \- org.slf4j:jul-to-slf4j:jar:1.7.28:compile
|     \- (org.slf4j:slf4j-api:jar:1.7.28:compile - version managed from 1.7.25; omitted for duplicate)
+- org.springframework.boot:spring-boot-starter-actuator:jar:2.1.8.RELEASE:compile
|  +- (org.springframework.boot:spring-boot-starter:jar:2.1.8.RELEASE:compile - omitted for duplicate)
|  +- org.springframework.boot:spring-boot-actuator-autoconfigure:jar:2.1.8.RELEASE:compile
|  |  +- org.springframework.boot:spring-boot-actuator:jar:2.1.8.RELEASE:compile
|  |  |  \- (org.springframework.boot:spring-boot:jar:2.1.8.RELEASE:compile - omitted for duplicate)
|  |  +- (org.springframework.boot:spring-boot-autoconfigure:jar:2.1.8.RELEASE:compile - omitted for duplicate)
|  |  +- (com.fasterxml.jackson.core:jackson-databind:jar:2.9.9.3:compile - version managed from 2.9.9; omitted for duplicate)
|  |  +- (org.springframework:spring-core:jar:5.1.9.RELEASE:compile - omitted for duplicate)
|  |  +- (org.springframework:spring-context:jar:5.1.9.RELEASE:compile - omitted for duplicate)
|  |  \- (com.fasterxml.jackson.datatype:jackson-datatype-jsr310:jar:2.9.9:runtime - omitted for duplicate)
|  \- io.micrometer:micrometer-core:jar:1.1.6:compile
|     +- org.hdrhistogram:HdrHistogram:jar:2.1.9:compile
|     \- org.latencyutils:LatencyUtils:jar:2.0.3:compile
+- org.springframework:spring-context:jar:5.1.9.RELEASE:compile
|  +- org.springframework:spring-aop:jar:5.1.9.RELEASE:compile
|  |  +- (org.springframework:spring-beans:jar:5.1.9.RELEASE:compile - omitted for duplicate)
|  |  \- (org.springframework:spring-core:jar:5.1.9.RELEASE:compile - omitted for duplicate)
|  +- (org.springframework:spring-beans:jar:5.1.9.RELEASE:compile - omitted for duplicate)
|  +- (org.springframework:spring-core:jar:5.1.9.RELEASE:compile - omitted for duplicate)
|  \- org.springframework:spring-expression:jar:5.1.9.RELEASE:compile
|     \- (org.springframework:spring-core:jar:5.1.9.RELEASE:compile - omitted for duplicate)
+- org.springframework:spring-core:jar:5.1.9.RELEASE:compile
|  \- org.springframework:spring-jcl:jar:5.1.9.RELEASE:compile
+- org.springframework:spring-beans:jar:5.1.9.RELEASE:compile
|  \- (org.springframework:spring-core:jar:5.1.9.RELEASE:compile - omitted for duplicate)
+- io.springfox:springfox-swagger2:jar:2.9.2:compile
|  +- io.swagger:swagger-annotations:jar:1.5.20:compile
|  +- io.swagger:swagger-models:jar:1.5.20:compile
|  |  +- (com.fasterxml.jackson.core:jackson-annotations:jar:2.9.0:compile - version managed from 2.9.5; omitted for duplicate)
|  |  +- (org.slf4j:slf4j-api:jar:1.7.28:compile - version managed from 1.7.22; omitted for duplicate)
|  |  \- (io.swagger:swagger-annotations:jar:1.5.20:compile - omitted for duplicate)
|  +- io.springfox:springfox-spi:jar:2.9.2:compile
|  |  \- io.springfox:springfox-core:jar:2.9.2:compile
|  |     +- net.bytebuddy:byte-buddy:jar:1.9.16:compile (version managed from 1.8.12)
|  |     +- (com.google.guava:guava:jar:20.0:compile - omitted for conflict with 28.1-android)
|  |     +- (com.fasterxml:classmate:jar:1.4.0:compile - version managed from 1.3.4; omitted for duplicate)
|  |     +- (org.slf4j:slf4j-api:jar:1.7.28:compile - version managed from 1.7.25; omitted for duplicate)
|  |     +- (org.springframework.plugin:spring-plugin-core:jar:1.2.0.RELEASE:compile - omitted for duplicate)
|  |     \- (org.springframework.plugin:spring-plugin-metadata:jar:1.2.0.RELEASE:compile - omitted for duplicate)
|  +- io.springfox:springfox-schema:jar:2.9.2:compile
|  |  +- (io.springfox:springfox-core:jar:2.9.2:compile - omitted for duplicate)
|  |  \- (io.springfox:springfox-spi:jar:2.9.2:compile - omitted for duplicate)
|  +- io.springfox:springfox-swagger-common:jar:2.9.2:compile
|  |  +- (io.swagger:swagger-annotations:jar:1.5.20:compile - omitted for duplicate)
|  |  +- (io.swagger:swagger-models:jar:1.5.20:compile - omitted for duplicate)
|  |  +- (io.springfox:springfox-spi:jar:2.9.2:compile - omitted for duplicate)
|  |  +- (io.springfox:springfox-schema:jar:2.9.2:compile - omitted for duplicate)
|  |  +- (io.springfox:springfox-spring-web:jar:2.9.2:compile - omitted for duplicate)
|  |  +- (com.google.guava:guava:jar:20.0:compile - omitted for conflict with 28.1-android)
|  |  +- (com.fasterxml:classmate:jar:1.4.0:compile - version managed from 1.3.4; omitted for duplicate)
|  |  +- (org.slf4j:slf4j-api:jar:1.7.28:compile - version managed from 1.7.25; omitted for duplicate)
|  |  +- (org.springframework.plugin:spring-plugin-core:jar:1.2.0.RELEASE:compile - omitted for duplicate)
|  |  \- (org.springframework.plugin:spring-plugin-metadata:jar:1.2.0.RELEASE:compile - omitted for duplicate)
|  +- io.springfox:springfox-spring-web:jar:2.9.2:compile
|  |  +- (com.google.guava:guava:jar:20.0:compile - omitted for conflict with 28.1-android)
|  |  +- (com.fasterxml:classmate:jar:1.4.0:compile - version managed from 1.3.4; omitted for duplicate)
|  |  +- (org.slf4j:slf4j-api:jar:1.7.28:compile - version managed from 1.7.25; omitted for duplicate)
|  |  +- (org.springframework.plugin:spring-plugin-core:jar:1.2.0.RELEASE:compile - omitted for duplicate)
|  |  +- (org.springframework.plugin:spring-plugin-metadata:jar:1.2.0.RELEASE:compile - omitted for duplicate)
|  |  \- (io.springfox:springfox-spi:jar:2.9.2:compile - omitted for duplicate)
|  +- (com.google.guava:guava:jar:20.0:compile - omitted for conflict with 28.1-android)
|  +- com.fasterxml:classmate:jar:1.4.0:compile
|  +- (org.slf4j:slf4j-api:jar:1.7.28:compile - version managed from 1.7.25; omitted for duplicate)
|  +- org.springframework.plugin:spring-plugin-core:jar:1.2.0.RELEASE:compile
|  |  +- (org.springframework:spring-beans:jar:5.1.9.RELEASE:compile - version managed from 4.0.9.RELEASE; omitted for duplicate)
|  |  +- (org.springframework:spring-context:jar:5.1.9.RELEASE:compile - version managed from 4.0.9.RELEASE; omitted for duplicate)
|  |  +- (org.springframework:spring-aop:jar:5.1.9.RELEASE:compile - version managed from 4.0.9.RELEASE; omitted for duplicate)
|  |  \- (org.slf4j:slf4j-api:jar:1.7.28:compile - version managed from 1.7.10; omitted for duplicate)
|  +- org.springframework.plugin:spring-plugin-metadata:jar:1.2.0.RELEASE:compile
|  |  +- (org.springframework.plugin:spring-plugin-core:jar:1.2.0.RELEASE:compile - omitted for duplicate)
|  |  \- (org.slf4j:slf4j-api:jar:1.7.28:compile - version managed from 1.7.10; omitted for duplicate)
|  \- org.mapstruct:mapstruct:jar:1.2.0.Final:compile
\- junit:junit:jar:4.12:test
   \- org.hamcrest:hamcrest-core:jar:1.3:test

