WARNING: Your kernel does not support swap limit capabilities or the cgroup is not mounted. Memory limited without swap.
com.homeadvisor.kafka:kafdrop:jar:1.1.1
+- commons-lang:commons-lang:jar:2.6:compile
+- org.apache.curator:curator-recipes:jar:2.9.1:compile
|  \- org.apache.curator:curator-framework:jar:2.9.1:compile
|     \- org.apache.curator:curator-client:jar:2.9.1:compile
|        +- (org.apache.zookeeper:zookeeper:jar:3.4.6:compile - omitted for conflict with 3.4.7)
|        +- com.google.guava:guava:jar:16.0.1:compile
|        \- (org.slf4j:slf4j-api:jar:1.7.12:compile - version managed from 1.6.1; omitted for duplicate)
+- org.apache.curator:curator-x-discovery:jar:2.9.1:compile
|  +- (org.apache.curator:curator-recipes:jar:2.9.1:compile - omitted for duplicate)
|  \- org.codehaus.jackson:jackson-mapper-asl:jar:1.9.13:compile
|     \- org.codehaus.jackson:jackson-core-asl:jar:1.9.13:compile
+- org.apache.zookeeper:zookeeper:jar:3.4.7:compile
|  +- org.slf4j:slf4j-api:jar:1.7.12:compile
|  +- org.slf4j:slf4j-log4j12:jar:1.7.12:compile (version managed from 1.6.1)
|  +- log4j:log4j:jar:1.2.17:compile (version managed from 1.2.16)
|  +- jline:jline:jar:0.9.94:compile
|  \- io.netty:netty:jar:3.7.0.Final:compile
+- org.apache.kafka:kafka_2.9.2:jar:0.8.1.1:compile
|  +- org.scala-lang:scala-library:jar:2.9.2:compile
|  +- com.yammer.metrics:metrics-core:jar:2.2.0:compile
|  |  \- (org.slf4j:slf4j-api:jar:1.7.12:compile - version managed from 1.7.2; omitted for duplicate)
|  +- org.xerial.snappy:snappy-java:jar:1.0.5:compile
|  +- (org.apache.zookeeper:zookeeper:jar:3.3.4:compile - omitted for conflict with 3.4.7)
|  +- net.sf.jopt-simple:jopt-simple:jar:3.2:compile
|  \- com.101tec:zkclient:jar:0.3:compile
|     +- (org.apache.zookeeper:zookeeper:jar:3.3.1:compile - omitted for conflict with 3.4.7)
|     \- (log4j:log4j:jar:1.2.17:compile - version managed from 1.2.14; omitted for duplicate)
+- org.freemarker:freemarker:jar:2.3.23:compile
+- org.springframework.boot:spring-boot-starter-web:jar:1.2.5.RELEASE:compile
|  +- org.springframework.boot:spring-boot-starter:jar:1.2.5.RELEASE:compile
|  |  +- org.springframework.boot:spring-boot:jar:1.2.5.RELEASE:compile
|  |  |  +- (org.springframework:spring-core:jar:4.1.7.RELEASE:compile - omitted for duplicate)
|  |  |  \- (org.springframework:spring-context:jar:4.1.7.RELEASE:compile - omitted for duplicate)
|  |  +- org.springframework.boot:spring-boot-autoconfigure:jar:1.2.5.RELEASE:compile
|  |  |  +- (org.springframework.boot:spring-boot:jar:1.2.5.RELEASE:compile - omitted for duplicate)
|  |  |  \- org.yaml:snakeyaml:jar:1.14:compile
|  |  +- (org.springframework:spring-core:jar:4.1.7.RELEASE:compile - omitted for duplicate)
|  |  \- (org.yaml:snakeyaml:jar:1.14:compile - scope updated from runtime; omitted for duplicate)
|  +- org.springframework.boot:spring-boot-starter-tomcat:jar:1.2.5.RELEASE:compile
|  |  +- org.apache.tomcat.embed:tomcat-embed-core:jar:8.0.23:compile
|  |  +- org.apache.tomcat.embed:tomcat-embed-el:jar:8.0.23:compile
|  |  +- org.apache.tomcat.embed:tomcat-embed-logging-juli:jar:8.0.23:compile
|  |  \- org.apache.tomcat.embed:tomcat-embed-websocket:jar:8.0.23:compile
|  |     \- (org.apache.tomcat.embed:tomcat-embed-core:jar:8.0.23:compile - omitted for duplicate)
|  +- com.fasterxml.jackson.core:jackson-databind:jar:2.4.6:compile
|  |  +- com.fasterxml.jackson.core:jackson-annotations:jar:2.4.6:compile (version managed from 2.4.0)
|  |  \- com.fasterxml.jackson.core:jackson-core:jar:2.4.6:compile
|  +- org.hibernate:hibernate-validator:jar:5.1.3.Final:compile
|  |  +- javax.validation:validation-api:jar:1.1.0.Final:compile
|  |  +- org.jboss.logging:jboss-logging:jar:3.1.3.GA:compile
|  |  \- com.fasterxml:classmate:jar:1.0.0:compile
|  +- (org.springframework:spring-core:jar:4.1.7.RELEASE:compile - omitted for duplicate)
|  +- org.springframework:spring-web:jar:4.1.7.RELEASE:compile
|  |  +- (org.springframework:spring-aop:jar:4.1.7.RELEASE:compile - omitted for duplicate)
|  |  +- (org.springframework:spring-beans:jar:4.1.7.RELEASE:compile - omitted for duplicate)
|  |  +- (org.springframework:spring-context:jar:4.1.7.RELEASE:compile - omitted for duplicate)
|  |  \- (org.springframework:spring-core:jar:4.1.7.RELEASE:compile - omitted for duplicate)
|  \- org.springframework:spring-webmvc:jar:4.1.7.RELEASE:compile
|     +- (org.springframework:spring-beans:jar:4.1.7.RELEASE:compile - omitted for duplicate)
|     +- (org.springframework:spring-context:jar:4.1.7.RELEASE:compile - omitted for duplicate)
|     +- (org.springframework:spring-core:jar:4.1.7.RELEASE:compile - omitted for duplicate)
|     +- (org.springframework:spring-expression:jar:4.1.7.RELEASE:compile - omitted for duplicate)
|     \- (org.springframework:spring-web:jar:4.1.7.RELEASE:compile - omitted for duplicate)
+- org.springframework.boot:spring-boot-starter-freemarker:jar:1.2.5.RELEASE:compile
|  +- (org.springframework.boot:spring-boot-starter:jar:1.2.5.RELEASE:compile - omitted for duplicate)
|  +- (org.springframework.boot:spring-boot-starter-web:jar:1.2.5.RELEASE:compile - omitted for duplicate)
|  +- (org.freemarker:freemarker:jar:2.3.22:compile - omitted for conflict with 2.3.23)
|  +- (org.springframework:spring-core:jar:4.1.7.RELEASE:compile - omitted for duplicate)
|  \- org.springframework:spring-context-support:jar:4.1.7.RELEASE:compile
|     +- (org.springframework:spring-beans:jar:4.1.7.RELEASE:compile - omitted for duplicate)
|     +- (org.springframework:spring-context:jar:4.1.7.RELEASE:compile - omitted for duplicate)
|     \- (org.springframework:spring-core:jar:4.1.7.RELEASE:compile - omitted for duplicate)
+- org.springframework.boot:spring-boot-starter-log4j:jar:1.2.5.RELEASE:compile
|  +- org.slf4j:jcl-over-slf4j:jar:1.7.12:compile
|  |  \- (org.slf4j:slf4j-api:jar:1.7.12:compile - version managed from 1.7.2; omitted for duplicate)
|  +- org.slf4j:jul-to-slf4j:jar:1.7.12:compile
|  |  \- (org.slf4j:slf4j-api:jar:1.7.12:compile - version managed from 1.7.2; omitted for duplicate)
|  +- (org.slf4j:slf4j-log4j12:jar:1.7.12:compile - version managed from 1.6.1; omitted for duplicate)
|  \- (log4j:log4j:jar:1.2.17:compile - version managed from 1.2.14; omitted for duplicate)
+- org.springframework.boot:spring-boot-starter-actuator:jar:1.2.5.RELEASE:compile
|  +- (org.springframework.boot:spring-boot-starter:jar:1.2.5.RELEASE:compile - omitted for duplicate)
|  +- org.springframework.boot:spring-boot-actuator:jar:1.2.5.RELEASE:compile
|  |  +- (org.springframework.boot:spring-boot:jar:1.2.5.RELEASE:compile - omitted for duplicate)
|  |  +- (org.springframework.boot:spring-boot-autoconfigure:jar:1.2.5.RELEASE:compile - omitted for duplicate)
|  |  +- (com.fasterxml.jackson.core:jackson-databind:jar:2.4.6:compile - omitted for duplicate)
|  |  +- (org.springframework:spring-core:jar:4.1.7.RELEASE:compile - omitted for duplicate)
|  |  \- (org.springframework:spring-context:jar:4.1.7.RELEASE:compile - omitted for duplicate)
|  \- (org.springframework:spring-core:jar:4.1.7.RELEASE:compile - omitted for duplicate)
+- org.springframework:spring-context:jar:4.1.7.RELEASE:compile
|  +- org.springframework:spring-aop:jar:4.1.7.RELEASE:compile
|  |  +- aopalliance:aopalliance:jar:1.0:compile
|  |  +- (org.springframework:spring-beans:jar:4.1.7.RELEASE:compile - omitted for duplicate)
|  |  \- (org.springframework:spring-core:jar:4.1.7.RELEASE:compile - omitted for duplicate)
|  +- (org.springframework:spring-beans:jar:4.1.7.RELEASE:compile - omitted for duplicate)
|  +- (org.springframework:spring-core:jar:4.1.7.RELEASE:compile - omitted for duplicate)
|  \- org.springframework:spring-expression:jar:4.1.7.RELEASE:compile
|     \- (org.springframework:spring-core:jar:4.1.7.RELEASE:compile - omitted for duplicate)
+- org.springframework:spring-core:jar:4.1.7.RELEASE:compile
+- org.springframework:spring-beans:jar:4.1.7.RELEASE:compile
|  \- (org.springframework:spring-core:jar:4.1.7.RELEASE:compile - omitted for duplicate)
+- junit:junit:jar:4.11:test
|  \- org.hamcrest:hamcrest-core:jar:1.3:test
\- org.easymock:easymock:jar:3.3.1:test
   +- cglib:cglib:jar:3.1:test
   |  \- (org.ow2.asm:asm:jar:4.2:test - omitted for conflict with 5.0.3)
   +- org.ow2.asm:asm:jar:5.0.3:test
   \- org.objenesis:objenesis:jar:2.1:test

