WARNING: Your kernel does not support swap limit capabilities or the cgroup is not mounted. Memory limited without swap.
Traceback (most recent call last):
  File "/home/jdbl/core/Debloat.py", line 80, in depClean
    output = subprocess.check_output(cmd, shell=True)
  File "/usr/lib/python3.7/subprocess.py", line 395, in check_output
    **kwargs).stdout
  File "/usr/lib/python3.7/subprocess.py", line 487, in run
    output=stdout, stderr=stderr)
subprocess.CalledProcessError: Command 'cd /tmp/tmpkeczs_jq/Chronicle-Map; mvn -gs /home/jdbl/core/../maven-proxy.xml se.kth.castor:depclean-maven-plugin:1.1.0:depclean -Dcreate.pom.debloated=true -Dcreate.result.json=true > /home/jdbl/results/OpenHFT_Chronicle-Map/52804cb6bccff00d0f4da90b36e384316ec11bd9/depClean.log 2>&1' returned non-zero exit status 1.
[ERROR] Command 'cd /tmp/tmpkeczs_jq/Chronicle-Map; mvn -gs /home/jdbl/core/../maven-proxy.xml se.kth.castor:depclean-maven-plugin:1.1.0:depclean -Dcreate.pom.debloated=true -Dcreate.result.json=true > /home/jdbl/results/OpenHFT_Chronicle-Map/52804cb6bccff00d0f4da90b36e384316ec11bd9/depClean.log 2>&1' returned non-zero exit status 1.
net.openhft:chronicle-map:bundle:3.15.1
+- net.openhft:chronicle-core:jar:1.15.1:compile
|  +- (org.slf4j:slf4j-api:jar:1.7.25:compile - omitted for duplicate)
|  \- (com.intellij:annotations:jar:12.0:compile - omitted for duplicate)
+- net.openhft:chronicle-values:jar:1.15.0:compile
|  +- (net.openhft:chronicle-bytes:jar:1.15.1:compile - version managed from 1.15.0; omitted for duplicate)
|  +- com.sun.java:tools:jar:1.8.0_275:system
|  +- com.squareup:javapoet:jar:1.5.1:compile
|  +- (com.intellij:annotations:jar:12.0:compile - omitted for duplicate)
|  \- (net.openhft:chronicle-core:jar:1.15.1:compile - version managed from 1.15.0; omitted for duplicate)
+- net.openhft:chronicle-threads:jar:1.15.0:compile
|  +- (net.openhft:affinity:jar:3.1.7:compile - omitted for duplicate)
|  +- (net.openhft:chronicle-core:jar:1.15.1:compile - version managed from 1.15.0; omitted for duplicate)
|  +- (org.slf4j:slf4j-api:jar:1.7.25:compile - omitted for duplicate)
|  \- (com.intellij:annotations:jar:12.0:compile - omitted for duplicate)
+- org.slf4j:slf4j-api:jar:1.7.25:compile
+- com.intellij:annotations:jar:12.0:compile
+- net.openhft:chronicle-wire:jar:1.15.0:compile
|  +- (net.openhft:chronicle-bytes:jar:1.15.1:compile - version managed from 1.15.0; omitted for duplicate)
|  +- (net.openhft:chronicle-threads:jar:1.15.0:compile - omitted for duplicate)
|  \- (com.intellij:annotations:jar:12.0:compile - omitted for duplicate)
+- net.openhft:chronicle-bytes:jar:1.15.1:compile
|  +- (net.openhft:chronicle-core:jar:1.15.1:compile - version managed from 1.15.0; omitted for duplicate)
|  +- (org.slf4j:slf4j-api:jar:1.7.25:compile - omitted for duplicate)
|  \- (com.intellij:annotations:jar:12.0:compile - omitted for duplicate)
+- net.openhft:chronicle-algorithms:jar:1.1.10:compile
|  +- (net.openhft:chronicle-core:jar:1.15.1:compile - version managed from 1.7.16; omitted for duplicate)
|  +- (net.openhft:chronicle-bytes:jar:1.15.1:compile - version managed from 1.7.34; omitted for duplicate)
|  +- (org.slf4j:slf4j-api:jar:1.7.25:compile - version managed from 1.7.14; omitted for duplicate)
|  \- (com.intellij:annotations:jar:12.0:compile - omitted for duplicate)
+- net.java.dev.jna:jna:jar:4.2.1:compile
+- net.java.dev.jna:jna-platform:jar:4.2.1:compile
|  \- (net.java.dev.jna:jna:jar:4.2.1:compile - version managed from 4.4.0; omitted for duplicate)
+- com.thoughtworks.xstream:xstream:jar:1.4.9:compile
|  +- xmlpull:xmlpull:jar:1.1.3.1:compile
|  \- xpp3:xpp3_min:jar:1.1.4c:compile
+- org.codehaus.jettison:jettison:jar:1.3.8:compile
|  \- stax:stax-api:jar:1.0.1:compile
+- org.ops4j.pax.url:pax-url-aether:jar:2.4.5:compile
|  \- org.slf4j:jcl-over-slf4j:jar:1.6.6:compile
|     \- (org.slf4j:slf4j-api:jar:1.7.25:compile - version managed from 1.6.6; omitted for duplicate)
+- junit:junit:jar:4.12:test
|  \- org.hamcrest:hamcrest-core:jar:1.3:test
+- org.slf4j:slf4j-simple:jar:1.7.25:test
|  \- (org.slf4j:slf4j-api:jar:1.7.25:test - version managed from 1.6.6; omitted for duplicate)
+- org.mockito:mockito-core:jar:2.8.47:test
|  +- net.bytebuddy:byte-buddy:jar:1.6.14:test
|  +- net.bytebuddy:byte-buddy-agent:jar:1.6.14:test
|  \- org.objenesis:objenesis:jar:2.5:test
+- org.powermock:powermock-module-junit4:jar:1.6.4:test
|  +- (junit:junit:jar:4.12:test - omitted for duplicate)
|  \- org.powermock:powermock-module-junit4-common:jar:1.6.4:test
|     +- (junit:junit:jar:4.12:test - version managed from 4.4; omitted for duplicate)
|     +- org.powermock:powermock-core:jar:1.6.4:test
|     |  +- (org.powermock:powermock-reflect:jar:1.6.4:test - omitted for duplicate)
|     |  \- org.javassist:javassist:jar:3.20.0-GA:test
|     \- org.powermock:powermock-reflect:jar:1.6.4:test
|        \- (org.objenesis:objenesis:jar:2.1:test - omitted for conflict with 2.5)
+- org.powermock:powermock-api-mockito:jar:1.6.4:test
|  +- (org.mockito:mockito-core:jar:2.8.47:test - version managed from 1.10.19; omitted for duplicate)
|  +- (org.hamcrest:hamcrest-core:jar:1.3:test - omitted for duplicate)
|  \- org.powermock:powermock-api-support:jar:1.6.4:test
|     +- (org.powermock:powermock-core:jar:1.6.4:test - omitted for duplicate)
|     \- (org.powermock:powermock-reflect:jar:1.6.4:test - omitted for duplicate)
+- net.openhft:affinity:jar:3.1.7:test (scope not updated to compile)
|  +- (org.slf4j:slf4j-api:jar:1.7.25:test - version managed from 1.6.6; omitted for duplicate)
|  +- (net.java.dev.jna:jna:jar:4.2.1:test - version managed from 4.4.0; omitted for duplicate)
|  +- (net.java.dev.jna:jna-platform:jar:4.2.1:test - version managed from 4.4.0; omitted for duplicate)
|  \- (com.intellij:annotations:jar:12.0:test - omitted for duplicate)
+- com.google.guava:guava-testlib:jar:19.0:test
|  +- com.google.code.findbugs:jsr305:jar:1.3.9:test
|  +- com.google.errorprone:error_prone_annotations:jar:2.0.2:test
|  +- com.google.guava:guava:jar:19.0:test
|  \- (junit:junit:jar:4.12:test - version managed from 4.8.2; omitted for duplicate)
+- net.openhft:stage-compiler:jar:1.11:provided
|  +- net.openhft:spoon-core:jar:4.4.1:provided
|  |  +- org.eclipse.jdt.core.compiler:ecj:jar:4.4.2:provided
|  |  +- com.martiansoftware:jsap:jar:2.1:provided
|  |  +- log4j:log4j:jar:1.2.17:provided
|  |  \- commons-io:commons-io:jar:1.3.2:provided
|  \- it.unimi.dsi:fastutil:jar:7.0.6:provided
+- net.openhft:zero-allocation-hashing:jar:0.8:test
+- com.samskivert:samskivert:jar:1.9:test
\- org.apache.commons:commons-lang3:jar:3.4:test

