WARNING: Your kernel does not support swap limit capabilities or the cgroup is not mounted. Memory limited without swap.
[ERROR] Command 'cd /tmp/tmpoioy_fkb/IfcPlugins/IfcPlugins; mvn -gs /home/jdbl/core/../maven-proxy.xml se.kth.castor:depclean-maven-plugin:1.1.0:depclean -Dcreate.pom.debloated=true -Dcreate.result.json=true > /home/jdbl/results/opensourceBIM_IfcPlugins/0dfba253af305e88815d590ce01641fb157d3337/depClean.log 2>&1' returned non-zero exit status 1.
org.opensourcebim:ifcplugins:jar:0.0.63
+- org.opensourcebim:shared:jar:1.5.138:compile
|  +- javax.servlet:javax.servlet-api:jar:3.1.0:compile
|  +- commons-cli:commons-cli:jar:1.3.1:compile
|  +- org.eclipse.aether:aether-connector-basic:jar:1.0.2.v20150114:compile
|  |  +- org.eclipse.aether:aether-api:jar:1.0.2.v20150114:compile
|  |  +- org.eclipse.aether:aether-spi:jar:1.0.2.v20150114:compile
|  |  |  \- (org.eclipse.aether:aether-api:jar:1.0.2.v20150114:compile - omitted for duplicate)
|  |  \- org.eclipse.aether:aether-util:jar:1.0.2.v20150114:compile
|  |     \- (org.eclipse.aether:aether-api:jar:1.0.2.v20150114:compile - omitted for duplicate)
|  +- (it.unimi.dsi:fastutil:jar:7.0.13:compile - omitted for conflict with 8.2.2)
|  +- org.javassist:javassist:jar:3.24.1-GA:compile
|  +- com.google.protobuf:protobuf-java:jar:2.6.1:compile
|  +- org.apache.maven:maven-core:jar:3.3.9:compile
|  |  +- org.apache.maven:maven-model:jar:3.3.9:compile
|  |  |  +- (org.codehaus.plexus:plexus-utils:jar:3.0.22:compile - omitted for duplicate)
|  |  |  \- (org.apache.commons:commons-lang3:jar:3.4:compile - omitted for duplicate)
|  |  +- org.apache.maven:maven-settings:jar:3.3.9:compile
|  |  |  \- (org.codehaus.plexus:plexus-utils:jar:3.0.22:compile - omitted for duplicate)
|  |  +- org.apache.maven:maven-settings-builder:jar:3.3.9:compile
|  |  |  +- org.apache.maven:maven-builder-support:jar:3.3.9:compile
|  |  |  |  +- (org.codehaus.plexus:plexus-utils:jar:3.0.22:compile - omitted for duplicate)
|  |  |  |  \- (org.apache.commons:commons-lang3:jar:3.4:compile - omitted for duplicate)
|  |  |  +- (org.codehaus.plexus:plexus-utils:jar:3.0.22:compile - omitted for duplicate)
|  |  |  +- (org.codehaus.plexus:plexus-interpolation:jar:1.21:compile - omitted for duplicate)
|  |  |  +- (org.codehaus.plexus:plexus-component-annotations:jar:1.6:compile - omitted for duplicate)
|  |  |  +- (org.apache.maven:maven-settings:jar:3.3.9:compile - omitted for duplicate)
|  |  |  +- (org.sonatype.plexus:plexus-sec-dispatcher:jar:1.3:compile - omitted for duplicate)
|  |  |  \- (org.apache.commons:commons-lang3:jar:3.4:compile - omitted for duplicate)
|  |  +- org.apache.maven:maven-repository-metadata:jar:3.3.9:compile
|  |  |  \- (org.codehaus.plexus:plexus-utils:jar:3.0.22:compile - omitted for duplicate)
|  |  +- org.apache.maven:maven-artifact:jar:3.3.9:compile
|  |  |  +- (org.codehaus.plexus:plexus-utils:jar:3.0.22:compile - omitted for duplicate)
|  |  |  \- (org.apache.commons:commons-lang3:jar:3.4:compile - omitted for duplicate)
|  |  +- org.apache.maven:maven-plugin-api:jar:3.3.9:compile
|  |  |  +- (org.apache.maven:maven-model:jar:3.3.9:compile - omitted for duplicate)
|  |  |  +- (org.apache.maven:maven-artifact:jar:3.3.9:compile - omitted for duplicate)
|  |  |  \- (org.eclipse.sisu:org.eclipse.sisu.plexus:jar:0.3.2:compile - omitted for duplicate)
|  |  +- org.apache.maven:maven-model-builder:jar:3.3.9:compile
|  |  |  +- (org.codehaus.plexus:plexus-utils:jar:3.0.22:compile - omitted for duplicate)
|  |  |  +- (org.codehaus.plexus:plexus-interpolation:jar:1.21:compile - omitted for duplicate)
|  |  |  +- (org.codehaus.plexus:plexus-component-annotations:jar:1.6:compile - omitted for duplicate)
|  |  |  +- (org.apache.maven:maven-model:jar:3.3.9:compile - omitted for duplicate)
|  |  |  +- (org.apache.maven:maven-artifact:jar:3.3.9:compile - omitted for duplicate)
|  |  |  +- (org.apache.maven:maven-builder-support:jar:3.3.9:compile - omitted for duplicate)
|  |  |  +- (com.google.guava:guava:jar:18.0:compile - omitted for conflict with 26.0-jre)
|  |  |  \- (org.apache.commons:commons-lang3:jar:3.4:compile - omitted for duplicate)
|  |  +- org.apache.maven:maven-aether-provider:jar:3.3.9:compile
|  |  |  +- (org.apache.maven:maven-model:jar:3.3.9:compile - omitted for duplicate)
|  |  |  +- (org.apache.maven:maven-model-builder:jar:3.3.9:compile - omitted for duplicate)
|  |  |  +- (org.apache.maven:maven-repository-metadata:jar:3.3.9:compile - omitted for duplicate)
|  |  |  +- (org.eclipse.aether:aether-api:jar:1.0.2.v20150114:compile - omitted for duplicate)
|  |  |  +- (org.eclipse.aether:aether-spi:jar:1.0.2.v20150114:compile - omitted for duplicate)
|  |  |  +- (org.eclipse.aether:aether-util:jar:1.0.2.v20150114:compile - omitted for duplicate)
|  |  |  +- (org.eclipse.aether:aether-impl:jar:1.0.2.v20150114:compile - omitted for duplicate)
|  |  |  +- (org.codehaus.plexus:plexus-component-annotations:jar:1.6:compile - omitted for duplicate)
|  |  |  +- (org.codehaus.plexus:plexus-utils:jar:3.0.22:compile - omitted for duplicate)
|  |  |  \- (org.apache.commons:commons-lang3:jar:3.4:compile - omitted for duplicate)
|  |  +- org.eclipse.aether:aether-impl:jar:1.0.2.v20150114:compile
|  |  |  +- (org.eclipse.aether:aether-api:jar:1.0.2.v20150114:compile - omitted for duplicate)
|  |  |  +- (org.eclipse.aether:aether-spi:jar:1.0.2.v20150114:compile - omitted for duplicate)
|  |  |  \- (org.eclipse.aether:aether-util:jar:1.0.2.v20150114:compile - omitted for duplicate)
|  |  +- (org.eclipse.aether:aether-api:jar:1.0.2.v20150114:compile - omitted for duplicate)
|  |  +- (org.eclipse.aether:aether-util:jar:1.0.2.v20150114:compile - omitted for duplicate)
|  |  +- org.eclipse.sisu:org.eclipse.sisu.plexus:jar:0.3.2:compile
|  |  |  +- javax.enterprise:cdi-api:jar:1.0:compile
|  |  |  |  +- javax.annotation:jsr250-api:jar:1.0:compile
|  |  |  |  \- (javax.inject:javax.inject:jar:1:compile - omitted for duplicate)
|  |  |  +- org.eclipse.sisu:org.eclipse.sisu.inject:jar:0.3.2:compile
|  |  |  +- (org.codehaus.plexus:plexus-component-annotations:jar:1.5.5:compile - omitted for conflict with 1.6)
|  |  |  +- (org.codehaus.plexus:plexus-classworlds:jar:2.5.2:compile - omitted for duplicate)
|  |  |  \- (org.codehaus.plexus:plexus-utils:jar:3.0.17:compile - omitted for conflict with 3.0.22)
|  |  +- com.google.inject:guice:jar:no_aop:4.0:compile
|  |  |  +- javax.inject:javax.inject:jar:1:compile
|  |  |  +- aopalliance:aopalliance:jar:1.0:compile
|  |  |  \- (com.google.guava:guava:jar:16.0.1:compile - omitted for conflict with 18.0)
|  |  +- org.codehaus.plexus:plexus-interpolation:jar:1.21:compile
|  |  +- org.codehaus.plexus:plexus-utils:jar:3.0.22:compile
|  |  +- org.codehaus.plexus:plexus-classworlds:jar:2.5.2:compile
|  |  +- org.codehaus.plexus:plexus-component-annotations:jar:1.6:compile
|  |  +- org.sonatype.plexus:plexus-sec-dispatcher:jar:1.3:compile
|  |  |  +- (org.codehaus.plexus:plexus-utils:jar:1.5.5:compile - omitted for conflict with 3.0.22)
|  |  |  \- org.sonatype.plexus:plexus-cipher:jar:1.4:compile
|  |  \- org.apache.commons:commons-lang3:jar:3.4:compile
|  +- commons-lang:commons-lang:jar:2.6:compile
|  \- org.opensourcebim:pluginbase:jar:1.5.138:compile
|     +- com.sun.xml.ws:jaxws-ri:pom:2.3.2:compile
|     |  +- jakarta.annotation:jakarta.annotation-api:jar:1.3.4:compile
|     |  +- com.sun.xml.ws:jaxws-rt:jar:2.3.2:compile
|     |  |  +- (jakarta.xml.bind:jakarta.xml.bind-api:jar:2.3.2:compile - omitted for duplicate)
|     |  |  +- (jakarta.xml.ws:jakarta.xml.ws-api:jar:2.3.2:compile - omitted for duplicate)
|     |  |  +- (jakarta.xml.soap:jakarta.xml.soap-api:jar:1.4.1:compile - omitted for duplicate)
|     |  |  +- (jakarta.annotation:jakarta.annotation-api:jar:1.3.4:compile - omitted for duplicate)
|     |  |  +- (jakarta.jws:jakarta.jws-api:jar:1.1.1:compile - omitted for duplicate)
|     |  |  +- org.glassfish.jaxb:jaxb-runtime:jar:2.3.2:compile
|     |  |  |  +- (jakarta.xml.bind:jakarta.xml.bind-api:jar:2.3.2:compile - omitted for duplicate)
|     |  |  |  +- org.glassfish.jaxb:txw2:jar:2.3.2:compile
|     |  |  |  +- com.sun.istack:istack-commons-runtime:jar:3.0.8:compile
|     |  |  |  |  \- (jakarta.activation:jakarta.activation-api:jar:1.2.1:compile - omitted for duplicate)
|     |  |  |  +- (org.jvnet.staxex:stax-ex:jar:1.8.1:compile - omitted for duplicate)
|     |  |  |  +- (com.sun.xml.fastinfoset:FastInfoset:jar:1.2.16:compile - omitted for duplicate)
|     |  |  |  \- (jakarta.activation:jakarta.activation-api:jar:1.2.1:compile - omitted for duplicate)
|     |  |  +- com.sun.xml.ws:policy:jar:2.7.6:compile
|     |  |  +- org.glassfish.gmbal:gmbal:jar:4.0.0:compile
|     |  |  |  +- org.glassfish.external:management-api:jar:3.2.1:compile
|     |  |  |  +- org.glassfish.pfl:pfl-basic:jar:4.0.1:compile
|     |  |  |  +- org.glassfish.pfl:pfl-tf:jar:4.0.1:compile
|     |  |  |  |  +- org.glassfish.pfl:pfl-asm:jar:4.0.1:compile
|     |  |  |  |  \- org.glassfish.pfl:pfl-dynamic:jar:4.0.1:compile
|     |  |  |  |     +- (org.glassfish.pfl:pfl-asm:jar:4.0.1:compile - omitted for duplicate)
|     |  |  |  |     \- (org.glassfish.pfl:pfl-basic:jar:4.0.1:compile - omitted for duplicate)
|     |  |  |  +- org.glassfish.pfl:pfl-basic-tools:jar:4.0.1:compile
|     |  |  |  |  \- (org.glassfish.pfl:pfl-basic:jar:4.0.1:compile - omitted for duplicate)
|     |  |  |  \- org.glassfish.pfl:pfl-tf-tools:jar:4.0.1:compile
|     |  |  |     +- (org.glassfish.pfl:pfl-basic-tools:jar:4.0.1:compile - omitted for duplicate)
|     |  |  |     +- (org.glassfish.pfl:pfl-tf:jar:4.0.1:compile - omitted for duplicate)
|     |  |  |     \- (org.glassfish.pfl:pfl-asm:jar:4.0.1:compile - omitted for duplicate)
|     |  |  +- org.jvnet.staxex:stax-ex:jar:1.8.1:compile
|     |  |  |  +- (jakarta.activation:jakarta.activation-api:jar:1.2.1:compile - omitted for duplicate)
|     |  |  |  \- (jakarta.xml.bind:jakarta.xml.bind-api:jar:2.3.2:compile - omitted for duplicate)
|     |  |  +- com.sun.xml.stream.buffer:streambuffer:jar:1.5.7:compile
|     |  |  |  \- (org.jvnet.staxex:stax-ex:jar:1.8.1:compile - omitted for duplicate)
|     |  |  +- org.jvnet.mimepull:mimepull:jar:1.9.11:compile
|     |  |  +- com.sun.xml.fastinfoset:FastInfoset:jar:1.2.16:compile
|     |  |  +- org.glassfish.ha:ha-api:jar:3.1.12:compile
|     |  |  +- com.sun.xml.messaging.saaj:saaj-impl:jar:1.5.1:compile
|     |  |  |  +- (jakarta.xml.bind:jakarta.xml.bind-api:jar:2.3.2:compile - omitted for duplicate)
|     |  |  |  +- (jakarta.activation:jakarta.activation-api:jar:1.2.1:compile - omitted for duplicate)
|     |  |  |  +- (jakarta.xml.soap:jakarta.xml.soap-api:jar:1.4.1:compile - omitted for duplicate)
|     |  |  |  +- (org.jvnet.mimepull:mimepull:jar:1.9.11:compile - omitted for duplicate)
|     |  |  |  \- (org.jvnet.staxex:stax-ex:jar:1.8.1:compile - omitted for duplicate)
|     |  |  +- com.fasterxml.woodstox:woodstox-core:jar:5.1.0:runtime
|     |  |  |  \- (org.codehaus.woodstox:stax2-api:jar:4.1:runtime - omitted for duplicate)
|     |  |  +- org.codehaus.woodstox:stax2-api:jar:4.1:runtime
|     |  |  \- jakarta.activation:jakarta.activation-api:jar:1.2.1:compile
|     |  +- com.sun.xml.ws:jaxws-tools:jar:2.3.2:compile
|     |  |  +- (com.sun.xml.ws:jaxws-rt:jar:2.3.2:compile - omitted for duplicate)
|     |  |  +- com.sun.xml.bind:jaxb-xjc:jar:2.3.2:compile
|     |  |  +- com.sun.xml.bind:jaxb-jxc:jar:2.3.2:compile
|     |  |  +- (jakarta.xml.ws:jakarta.xml.ws-api:jar:2.3.2:compile - omitted for duplicate)
|     |  |  +- (jakarta.xml.bind:jakarta.xml.bind-api:jar:2.3.2:compile - omitted for duplicate)
|     |  |  +- (jakarta.xml.soap:jakarta.xml.soap-api:jar:1.4.1:compile - omitted for duplicate)
|     |  |  +- (jakarta.jws:jakarta.jws-api:jar:1.1.1:compile - omitted for duplicate)
|     |  |  \- (jakarta.annotation:jakarta.annotation-api:jar:1.3.4:compile - omitted for duplicate)
|     |  +- com.sun.xml.ws:jaxws-eclipselink-plugin:jar:2.3.2:compile
|     |  |  +- jakarta.mail:jakarta.mail-api:jar:1.6.3:compile
|     |  |  +- jakarta.persistence:jakarta.persistence-api:jar:2.2.2:compile
|     |  |  +- org.eclipse.persistence:org.eclipse.persistence.moxy:jar:2.7.4:compile
|     |  |  |  \- org.eclipse.persistence:org.eclipse.persistence.core:jar:2.7.4:compile
|     |  |  |     \- org.eclipse.persistence:org.eclipse.persistence.asm:jar:2.7.4:compile
|     |  |  +- (org.jvnet.staxex:stax-ex:jar:1.8.1:compile - omitted for duplicate)
|     |  |  +- (com.sun.xml.ws:jaxws-rt:jar:2.3.2:compile - omitted for duplicate)
|     |  |  +- (jakarta.xml.ws:jakarta.xml.ws-api:jar:2.3.2:compile - omitted for duplicate)
|     |  |  +- (jakarta.xml.bind:jakarta.xml.bind-api:jar:2.3.2:compile - omitted for duplicate)
|     |  |  +- (jakarta.xml.soap:jakarta.xml.soap-api:jar:1.4.1:compile - omitted for duplicate)
|     |  |  +- (jakarta.jws:jakarta.jws-api:jar:1.1.1:compile - omitted for duplicate)
|     |  |  \- (jakarta.annotation:jakarta.annotation-api:jar:1.3.4:compile - omitted for duplicate)
|     |  +- com.sun.xml.ws:sdo-eclipselink-plugin:jar:2.3.2:compile
|     |  |  +- org.eclipse.persistence:org.eclipse.persistence.sdo:jar:2.7.4:compile
|     |  |  |  +- (org.eclipse.persistence:commonj.sdo:jar:2.1.1:compile - omitted for duplicate)
|     |  |  |  +- (org.eclipse.persistence:org.eclipse.persistence.moxy:jar:2.7.4:compile - omitted for duplicate)
|     |  |  |  \- (org.eclipse.persistence:org.eclipse.persistence.core:jar:2.7.4:compile - omitted for duplicate)
|     |  |  +- org.eclipse.persistence:commonj.sdo:jar:2.1.1:compile
|     |  |  +- (com.sun.xml.ws:jaxws-rt:jar:2.3.2:compile - omitted for duplicate)
|     |  |  +- (jakarta.xml.ws:jakarta.xml.ws-api:jar:2.3.2:compile - omitted for duplicate)
|     |  |  +- (jakarta.xml.bind:jakarta.xml.bind-api:jar:2.3.2:compile - omitted for duplicate)
|     |  |  +- (jakarta.xml.soap:jakarta.xml.soap-api:jar:1.4.1:compile - omitted for duplicate)
|     |  |  +- (jakarta.jws:jakarta.jws-api:jar:1.1.1:compile - omitted for duplicate)
|     |  |  \- (jakarta.annotation:jakarta.annotation-api:jar:1.3.4:compile - omitted for duplicate)
|     |  +- com.sun.xml.ws:release-documentation:zip:docbook:2.3.2:compile
|     |  |  +- (jakarta.xml.ws:jakarta.xml.ws-api:jar:2.3.2:compile - omitted for duplicate)
|     |  |  +- (jakarta.xml.bind:jakarta.xml.bind-api:jar:2.3.2:compile - omitted for duplicate)
|     |  |  +- (jakarta.xml.soap:jakarta.xml.soap-api:jar:1.4.1:compile - omitted for duplicate)
|     |  |  +- (jakarta.jws:jakarta.jws-api:jar:1.1.1:compile - omitted for duplicate)
|     |  |  \- (jakarta.annotation:jakarta.annotation-api:jar:1.3.4:compile - omitted for duplicate)
|     |  +- com.sun.xml.ws:samples:zip:2.3.2:compile
|     |  |  +- (jakarta.xml.ws:jakarta.xml.ws-api:jar:2.3.2:compile - omitted for duplicate)
|     |  |  +- (jakarta.xml.bind:jakarta.xml.bind-api:jar:2.3.2:compile - omitted for duplicate)
|     |  |  +- (jakarta.xml.soap:jakarta.xml.soap-api:jar:1.4.1:compile - omitted for duplicate)
|     |  |  +- (jakarta.jws:jakarta.jws-api:jar:1.1.1:compile - omitted for duplicate)
|     |  |  \- (jakarta.annotation:jakarta.annotation-api:jar:1.3.4:compile - omitted for duplicate)
|     |  +- jakarta.xml.ws:jakarta.xml.ws-api:jar:2.3.2:compile
|     |  |  +- (jakarta.xml.bind:jakarta.xml.bind-api:jar:2.3.2:compile - omitted for duplicate)
|     |  |  +- (jakarta.xml.soap:jakarta.xml.soap-api:jar:1.4.1:compile - omitted for duplicate)
|     |  |  +- (jakarta.annotation:jakarta.annotation-api:jar:1.3.4:compile - omitted for duplicate)
|     |  |  \- (jakarta.jws:jakarta.jws-api:jar:1.1.1:runtime - omitted for duplicate)
|     |  +- jakarta.xml.bind:jakarta.xml.bind-api:jar:2.3.2:compile
|     |  |  \- (jakarta.activation:jakarta.activation-api:jar:1.2.1:compile - omitted for duplicate)
|     |  +- jakarta.xml.soap:jakarta.xml.soap-api:jar:1.4.1:compile
|     |  \- jakarta.jws:jakarta.jws-api:jar:1.1.1:compile
|     +- org.apache.httpcomponents:httpclient:jar:4.5.7:compile
|     |  +- org.apache.httpcomponents:httpcore:jar:4.4.11:compile
|     |  +- commons-logging:commons-logging:jar:1.2:compile
|     |  \- (commons-codec:commons-codec:jar:1.11:compile - omitted for conflict with 1.9)
|     +- org.apache.httpcomponents:httpmime:jar:4.5.7:compile
|     |  \- (org.apache.httpcomponents:httpclient:jar:4.5.7:compile - omitted for duplicate)
|     +- (org.eclipse.aether:aether-api:jar:1.0.2.v20150114:compile - omitted for duplicate)
|     +- org.eclipse.aether:aether-transport-file:jar:1.0.2.v20150114:compile
|     |  +- (org.eclipse.aether:aether-api:jar:1.0.2.v20150114:compile - omitted for duplicate)
|     |  +- (org.eclipse.aether:aether-spi:jar:1.0.2.v20150114:compile - omitted for duplicate)
|     |  \- (org.eclipse.aether:aether-util:jar:1.0.2.v20150114:compile - omitted for duplicate)
|     +- org.eclipse.aether:aether-transport-http:jar:1.0.2.v20150114:compile
|     |  +- (org.eclipse.aether:aether-api:jar:1.0.2.v20150114:compile - omitted for duplicate)
|     |  +- (org.eclipse.aether:aether-spi:jar:1.0.2.v20150114:compile - omitted for duplicate)
|     |  +- (org.eclipse.aether:aether-util:jar:1.0.2.v20150114:compile - omitted for duplicate)
|     |  \- org.slf4j:jcl-over-slf4j:jar:1.6.2:compile
|     |     \- (org.slf4j:slf4j-api:jar:1.6.2:compile - omitted for conflict with 1.7.25)
|     +- (org.eclipse.aether:aether-spi:jar:1.0.2.v20150114:compile - omitted for duplicate)
|     +- (org.eclipse.aether:aether-connector-basic:jar:1.0.2.v20150114:compile - omitted for duplicate)
|     +- (org.eclipse.aether:aether-impl:jar:1.0.2.v20150114:compile - omitted for duplicate)
|     +- (org.apache.maven:maven-repository-metadata:jar:3.3.9:compile - omitted for duplicate)
|     +- (org.apache.maven:maven-aether-provider:jar:3.3.9:compile - omitted for duplicate)
|     +- com.google.guava:guava:jar:26.0-jre:compile
|     |  +- com.google.code.findbugs:jsr305:jar:3.0.2:compile
|     |  +- org.checkerframework:checker-qual:jar:2.5.2:compile
|     |  +- com.google.errorprone:error_prone_annotations:jar:2.1.3:compile
|     |  +- com.google.j2objc:j2objc-annotations:jar:1.1:compile
|     |  \- org.codehaus.mojo:animal-sniffer-annotations:jar:1.14:compile
|     +- com.fasterxml.jackson.core:jackson-core:jar:2.9.8:compile
|     +- com.fasterxml.jackson.core:jackson-databind:jar:2.9.8:compile
|     |  +- com.fasterxml.jackson.core:jackson-annotations:jar:2.9.0:compile
|     |  \- (com.fasterxml.jackson.core:jackson-core:jar:2.9.8:compile - omitted for duplicate)
|     +- org.slf4j:slf4j-api:jar:1.7.25:compile
|     +- commons-io:commons-io:jar:2.4:compile
|     +- com.google.code.gson:gson:jar:2.5:compile
|     +- commons-codec:commons-codec:jar:1.9:compile
|     +- org.eclipse.tycho:org.eclipse.jdt.core:jar:3.14.0.v20171206-0802:compile
|     +- org.eclipse.emf:org.eclipse.emf.common:jar:2.15.0:compile
|     +- org.eclipse.emf:org.eclipse.emf.ecore:jar:2.15.0:compile
|     |  \- (org.eclipse.emf:org.eclipse.emf.common:jar:2.15.0:compile - omitted for duplicate)
|     +- org.eclipse.emf:org.eclipse.emf.ecore.xmi:jar:2.15.0:compile
|     |  \- (org.eclipse.emf:org.eclipse.emf.ecore:jar:2.15.0:compile - omitted for duplicate)
|     +- org.eclipse.emf:org.eclipse.emf.codegen:jar:2.14.0:compile
|     |  +- org.eclipse.platform:org.eclipse.core.runtime:jar:3.19.0:compile
|     |  |  +- org.eclipse.platform:org.eclipse.osgi:jar:3.16.0:compile
|     |  |  +- org.eclipse.platform:org.eclipse.equinox.common:jar:3.13.0:compile
|     |  |  +- org.eclipse.platform:org.eclipse.core.jobs:jar:3.10.800:compile
|     |  |  |  \- (org.eclipse.platform:org.eclipse.equinox.common:jar:3.13.0:compile - omitted for duplicate)
|     |  |  +- org.eclipse.platform:org.eclipse.equinox.registry:jar:3.9.0:compile
|     |  |  |  \- (org.eclipse.platform:org.eclipse.equinox.common:jar:3.13.0:compile - omitted for duplicate)
|     |  |  +- org.eclipse.platform:org.eclipse.equinox.preferences:jar:3.8.0:compile
|     |  |  |  \- (org.eclipse.platform:org.eclipse.equinox.common:jar:3.13.0:compile - omitted for duplicate)
|     |  |  +- org.eclipse.platform:org.eclipse.core.contenttype:jar:3.7.800:compile
|     |  |  |  +- (org.eclipse.platform:org.eclipse.equinox.preferences:jar:3.8.0:compile - omitted for duplicate)
|     |  |  |  +- (org.eclipse.platform:org.eclipse.equinox.registry:jar:3.9.0:compile - omitted for duplicate)
|     |  |  |  \- (org.eclipse.platform:org.eclipse.equinox.common:jar:3.13.0:compile - omitted for duplicate)
|     |  |  \- org.eclipse.platform:org.eclipse.equinox.app:jar:1.5.0:compile
|     |  |     +- (org.eclipse.platform:org.eclipse.equinox.registry:jar:3.9.0:compile - omitted for duplicate)
|     |  |     \- (org.eclipse.platform:org.eclipse.equinox.common:jar:3.13.0:compile - omitted for duplicate)
|     |  +- (org.eclipse.emf:org.eclipse.emf.common:jar:2.15.0:compile - omitted for duplicate)
|     |  +- org.eclipse.platform:org.eclipse.core.resources:jar:3.13.800:compile
|     |  |  +- org.eclipse.platform:org.eclipse.core.expressions:jar:3.7.0:compile
|     |  |  |  \- (org.eclipse.platform:org.eclipse.core.runtime:jar:3.19.0:compile - omitted for duplicate)
|     |  |  +- org.eclipse.platform:org.eclipse.core.filesystem:jar:1.7.700:compile
|     |  |  |  +- (org.eclipse.platform:org.eclipse.equinox.common:jar:3.13.0:compile - omitted for duplicate)
|     |  |  |  +- (org.eclipse.platform:org.eclipse.equinox.registry:jar:3.9.0:compile - omitted for duplicate)
|     |  |  |  \- (org.eclipse.platform:org.eclipse.osgi:jar:3.16.0:compile - omitted for duplicate)
|     |  |  \- (org.eclipse.platform:org.eclipse.core.runtime:jar:3.19.0:compile - omitted for duplicate)
|     |  +- org.eclipse.jdt:org.eclipse.jdt.core:jar:3.23.0:compile
|     |  |  +- (org.eclipse.platform:org.eclipse.core.resources:jar:3.13.800:compile - omitted for duplicate)
|     |  |  +- (org.eclipse.platform:org.eclipse.core.runtime:jar:3.19.0:compile - omitted for duplicate)
|     |  |  +- (org.eclipse.platform:org.eclipse.core.filesystem:jar:1.7.700:compile - omitted for duplicate)
|     |  |  \- (org.eclipse.platform:org.eclipse.text:jar:3.10.300:compile - omitted for duplicate)
|     |  +- org.eclipse.jdt:org.eclipse.jdt.launching:jar:3.18.0:compile
|     |  |  +- (org.eclipse.platform:org.eclipse.core.resources:jar:3.13.800:compile - omitted for duplicate)
|     |  |  +- (org.eclipse.jdt:org.eclipse.jdt.core:jar:3.23.0:compile - omitted for duplicate)
|     |  |  +- (org.eclipse.platform:org.eclipse.debug.core:jar:3.16.0:compile - omitted for duplicate)
|     |  |  +- org.eclipse.jdt:org.eclipse.jdt.debug:jar:3.16.0:compile
|     |  |  |  +- (org.eclipse.platform:org.eclipse.core.resources:jar:3.13.800:compile - omitted for duplicate)
|     |  |  |  +- (org.eclipse.platform:org.eclipse.debug.core:jar:3.16.0:compile - omitted for duplicate)
|     |  |  |  +- (org.eclipse.jdt:org.eclipse.jdt.core:jar:3.23.0:compile - omitted for duplicate)
|     |  |  |  +- (org.eclipse.platform:org.eclipse.core.runtime:jar:3.19.0:compile - omitted for duplicate)
|     |  |  |  \- (org.eclipse.platform:org.eclipse.core.expressions:jar:3.7.0:compile - omitted for duplicate)
|     |  |  +- org.eclipse.platform:org.eclipse.core.variables:jar:3.4.800:compile
|     |  |  |  \- (org.eclipse.platform:org.eclipse.core.runtime:jar:3.19.0:compile - omitted for duplicate)
|     |  |  +- (org.eclipse.platform:org.eclipse.core.runtime:jar:3.19.0:compile - omitted for duplicate)
|     |  |  +- (org.eclipse.platform:org.eclipse.osgi:jar:3.16.0:compile - omitted for duplicate)
|     |  |  \- (org.eclipse.platform:org.eclipse.core.expressions:jar:3.7.0:compile - omitted for duplicate)
|     |  +- org.eclipse.platform:org.eclipse.debug.core:jar:3.16.0:compile
|     |  |  +- (org.eclipse.platform:org.eclipse.core.resources:jar:3.13.800:compile - omitted for duplicate)
|     |  |  +- (org.eclipse.platform:org.eclipse.core.variables:jar:3.4.800:compile - omitted for duplicate)
|     |  |  +- (org.eclipse.platform:org.eclipse.core.runtime:jar:3.19.0:compile - omitted for duplicate)
|     |  |  +- (org.eclipse.platform:org.eclipse.core.filesystem:jar:1.7.700:compile - omitted for duplicate)
|     |  |  \- (org.eclipse.platform:org.eclipse.core.expressions:jar:3.7.0:compile - omitted for duplicate)
|     |  \- org.eclipse.platform:org.eclipse.text:jar:3.10.300:compile
|     |     +- org.eclipse.platform:org.eclipse.core.commands:jar:3.9.700:compile
|     |     |  \- (org.eclipse.platform:org.eclipse.equinox.common:jar:3.13.0:compile - omitted for duplicate)
|     |     +- (org.eclipse.platform:org.eclipse.equinox.common:jar:3.13.0:compile - omitted for duplicate)
|     |     +- (org.eclipse.platform:org.eclipse.equinox.preferences:jar:3.8.0:compile - omitted for duplicate)
|     |     \- (org.eclipse.platform:org.eclipse.core.runtime:jar:3.19.0:compile - omitted for duplicate)
|     +- org.eclipse.emf:org.eclipse.emf.codegen.ecore:jar:2.15.0:compile
|     |  +- (org.eclipse.platform:org.eclipse.core.runtime:jar:3.19.0:compile - omitted for duplicate)
|     |  +- (org.eclipse.platform:org.eclipse.core.resources:jar:3.13.800:compile - omitted for duplicate)
|     |  +- (org.eclipse.jdt:org.eclipse.jdt.core:jar:3.23.0:compile - omitted for duplicate)
|     |  +- (org.eclipse.jdt:org.eclipse.jdt.launching:jar:3.18.0:compile - omitted for duplicate)
|     |  +- (org.eclipse.emf:org.eclipse.emf.ecore:jar:2.15.0:compile - omitted for duplicate)
|     |  +- (org.eclipse.emf:org.eclipse.emf.codegen:jar:2.14.0:compile - omitted for duplicate)
|     |  +- (org.eclipse.emf:org.eclipse.emf.ecore.xmi:jar:2.15.0:compile - omitted for duplicate)
|     |  \- (org.eclipse.platform:org.eclipse.text:jar:3.10.300:compile - omitted for duplicate)
|     +- org.eclipse.birt.runtime:org.eclipse.core.resources:jar:3.8.101.v20130717-0806:compile
|     +- org.opensourcebim:buildingsmartlibrary:jar:1.0.13:compile
|     |  +- org.antlr:antlr-complete:jar:3.5.2:compile
|     |  |  +- org.antlr:antlr:jar:3.5.2:compile
|     |  |  |  +- (org.antlr:antlr-runtime:jar:3.5.2:compile - omitted for duplicate)
|     |  |  |  \- org.antlr:ST4:jar:4.0.8:compile
|     |  |  |     \- (org.antlr:antlr-runtime:jar:3.5.2:compile - omitted for duplicate)
|     |  |  +- org.antlr:antlr-runtime:jar:3.5.2:compile
|     |  |  \- org.antlr:gunit:jar:3.5.2:compile
|     |  |     +- junit:junit:jar:4.10:compile
|     |  |     |  \- org.hamcrest:hamcrest-core:jar:1.1:compile
|     |  |     +- (org.antlr:antlr:jar:3.5.2:compile - omitted for duplicate)
|     |  |     \- org.antlr:stringtemplate:jar:3.2.1:compile
|     |  |        \- antlr:antlr:jar:2.7.7:compile
|     |  +- org.apache.xmlbeans:xmlbeans:jar:2.6.0:compile
|     |  |  \- stax:stax-api:jar:1.0.1:compile
|     |  +- gnu.getopt:java-getopt:jar:1.0.13:compile
|     |  +- (org.slf4j:slf4j-api:jar:1.7.13:compile - omitted for duplicate)
|     |  +- (com.google.guava:guava:jar:19.0:compile - omitted for conflict with 26.0-jre)
|     |  \- (commons-io:commons-io:jar:2.4:compile - omitted for duplicate)
|     \- org.glassfish:javax.json:jar:1.0.4:compile
+- ch.qos.logback:logback-classic:jar:1.2.3:test
|  +- ch.qos.logback:logback-core:jar:1.2.3:test
|  \- (org.slf4j:slf4j-api:jar:1.7.25:compile - scope updated from test; omitted for duplicate)
\- it.unimi.dsi:fastutil:jar:8.2.2:compile

Traceback (most recent call last):
  File "/home/jdbl/core/Debloat.py", line 80, in depClean
    output = subprocess.check_output(cmd, shell=True)
  File "/usr/lib/python3.7/subprocess.py", line 395, in check_output
    **kwargs).stdout
  File "/usr/lib/python3.7/subprocess.py", line 487, in run
    output=stdout, stderr=stderr)
subprocess.CalledProcessError: Command 'cd /tmp/tmpoioy_fkb/IfcPlugins/IfcPlugins; mvn -gs /home/jdbl/core/../maven-proxy.xml se.kth.castor:depclean-maven-plugin:1.1.0:depclean -Dcreate.pom.debloated=true -Dcreate.result.json=true > /home/jdbl/results/opensourceBIM_IfcPlugins/0dfba253af305e88815d590ce01641fb157d3337/depClean.log 2>&1' returned non-zero exit status 1.
