WARNING: Your kernel does not support swap limit capabilities or the cgroup is not mounted. Memory limited without swap.
net.openhft:chronicle-map:jar:1.0.2
+- net.openhft:lang:jar:6.4.6:compile
|  +- (org.slf4j:slf4j-api:jar:1.7.6:compile - omitted for duplicate)
|  +- com.sun.java:tools:jar:1.8.0_275:system
|  \- net.openhft:compiler:jar:2.2.0:compile
|     +- (org.slf4j:slf4j-api:jar:1.7.6:compile - omitted for duplicate)
|     +- (com.sun.java:tools:jar:1.8.0_275:system - omitted for duplicate)
|     \- org.kohsuke.jetbrains:annotations:jar:9.0:compile
+- junit:junit:jar:4.11:test
|  \- org.hamcrest:hamcrest-core:jar:1.3:test
+- org.testng:testng:jar:6.8.8:compile
|  +- org.beanshell:bsh:jar:2.0b4:compile
|  \- com.beust:jcommander:jar:1.27:compile
+- net.openhft:collections:jar:3.2.1:compile
|  +- joda-time:joda-time:jar:2.3:compile
|  +- (com.sun.java:tools:jar:1.8.0_275:system - omitted for duplicate)
|  +- com.intellij:annotations:jar:12.0:compile
|  +- (net.openhft:lang:jar:6.4.6:compile - version managed from 6.4.5; omitted for duplicate)
|  \- (org.slf4j:slf4j-api:jar:1.7.6:compile - omitted for duplicate)
+- org.slf4j:slf4j-api:jar:1.7.6:compile
+- org.slf4j:slf4j-simple:jar:1.7.6:test
|  \- (org.slf4j:slf4j-api:jar:1.7.6:test - omitted for duplicate)
\- org.apache.felix:org.apache.felix.framework:jar:4.2.1:test

