WARNING: Your kernel does not support swap limit capabilities or the cgroup is not mounted. Memory limited without swap.
com.openshift.jenkins:openshift-pipeline:hpi:1.0.34
+- com.squareup.okhttp3:okhttp:jar:3.3.1:compile
|  \- com.squareup.okio:okio:jar:1.8.0:compile
+- org.jboss:jboss-dmr:jar:1.3.0.Final:compile
+- com.openshift:openshift-restclient-java:jar:5.2.0.Final:compile
|  +- (com.squareup.okhttp3:okhttp:jar:3.3.1:compile - omitted for duplicate)
|  +- com.squareup.okhttp3:okhttp-ws:jar:3.3.1:compile
|  |  \- (com.squareup.okhttp3:okhttp:jar:3.3.1:compile - omitted for duplicate)
|  +- (org.yaml:snakeyaml:jar:1.14:compile - omitted for conflict with 1.16)
|  +- (org.jboss:jboss-dmr:jar:1.3.0.Final:compile - omitted for duplicate)
|  +- com.jcraft:jsch:jar:0.1.51:compile
|  +- commons-io:commons-io:jar:1.3.2:compile
|  +- org.apache.commons:commons-compress:jar:1.8.1:compile
|  +- (commons-io:commons-io:jar:2.1:compile - omitted for conflict with 1.3.2)
|  +- org.slf4j:slf4j-api:jar:1.6.4:compile
|  +- org.slf4j:slf4j-log4j12:jar:1.6.4:compile
|  |  +- (org.slf4j:slf4j-api:jar:1.6.4:compile - omitted for duplicate)
|  |  \- (log4j:log4j:jar:1.2.16:compile - omitted for duplicate)
|  +- log4j:log4j:jar:1.2.16:compile
|  +- commons-codec:commons-codec:jar:1.6:compile
|  \- commons-lang:commons-lang:jar:2.6:compile
+- org.yaml:snakeyaml:jar:1.16:compile
+- org.jenkins-ci.main:jenkins-core:jar:1.651:compile
|  +- org.jenkins-ci.plugins.icon-shim:icon-set:jar:1.0.5:compile
|  +- org.jenkins-ci.main:remoting:jar:2.53.3:compile
|  |  \- org.jenkins-ci:constant-pool-scanner:jar:1.2:compile
|  +- org.jenkins-ci.main:cli:jar:1.651:compile
|  |  +- (commons-codec:commons-codec:jar:1.4:compile - omitted for conflict with 1.6)
|  |  +- (org.jenkins-ci.main:remoting:jar:2.53.3:compile - omitted for duplicate)
|  |  +- (org.jvnet.localizer:localizer:jar:1.23:compile - omitted for duplicate)
|  |  \- (org.jenkins-ci:trilead-ssh2:jar:build214-jenkins-1:compile - omitted for conflict with build217-jenkins-8)
|  +- org.jenkins-ci:version-number:jar:1.1:compile
|  +- org.jenkins-ci:crypto-util:jar:1.1:compile
|  |  \- (commons-io:commons-io:jar:1.4:compile - omitted for conflict with 1.3.2)
|  +- org.jvnet.hudson:jtidy:jar:4aug2000r7-dev-hudson-1:compile
|  +- com.google.inject:guice:jar:4.0-beta:compile
|  |  +- javax.inject:javax.inject:jar:1:compile
|  |  +- aopalliance:aopalliance:jar:1.0:compile
|  |  \- (com.google.guava:guava:jar:11.0.1:compile - omitted for duplicate)
|  +- org.jruby.ext.posix:jna-posix:jar:1.0.3-jenkins-1:compile
|  +- com.github.jnr:jnr-posix:jar:3.0.1:compile
|  |  +- com.github.jnr:jnr-ffi:jar:1.0.7:compile
|  |  |  +- com.github.jnr:jffi:jar:1.2.7:compile
|  |  |  +- com.github.jnr:jffi:jar:native:1.2.7:runtime
|  |  |  +- org.ow2.asm:asm:jar:4.0:compile
|  |  |  +- org.ow2.asm:asm-commons:jar:4.0:compile
|  |  |  |  \- (org.ow2.asm:asm-tree:jar:4.0:compile - omitted for duplicate)
|  |  |  +- org.ow2.asm:asm-analysis:jar:4.0:compile
|  |  |  |  \- (org.ow2.asm:asm-tree:jar:4.0:compile - omitted for duplicate)
|  |  |  +- org.ow2.asm:asm-tree:jar:4.0:compile
|  |  |  |  \- (org.ow2.asm:asm:jar:4.0:compile - omitted for duplicate)
|  |  |  +- org.ow2.asm:asm-util:jar:4.0:compile
|  |  |  |  \- (org.ow2.asm:asm-tree:jar:4.0:compile - omitted for duplicate)
|  |  |  \- com.github.jnr:jnr-x86asm:jar:1.0.2:compile
|  |  \- com.github.jnr:jnr-constants:jar:0.8.5:compile
|  +- org.kohsuke:trilead-putty-extension:jar:1.2:compile
|  |  \- (org.jenkins-ci:trilead-ssh2:jar:build214-jenkins-1:compile - omitted for duplicate)
|  +- org.jenkins-ci:trilead-ssh2:jar:build217-jenkins-8:compile
|  +- org.kohsuke.stapler:stapler-groovy:jar:1.239:compile
|  |  +- org.kohsuke.stapler:stapler-jelly:jar:1.239:compile
|  |  |  +- (org.kohsuke.stapler:stapler:jar:1.239:compile - omitted for duplicate)
|  |  |  +- org.jenkins-ci:commons-jelly:jar:1.1-jenkins-20120928:compile
|  |  |  |  +- (org.jenkins-ci:commons-jexl:jar:1.1-jenkins-20111212:compile - omitted for duplicate)
|  |  |  |  +- (commons-beanutils:commons-beanutils:jar:1.7.0:compile - omitted for duplicate)
|  |  |  |  \- (commons-collections:commons-collections:jar:3.2:compile - omitted for conflict with 3.2.1)
|  |  |  \- org.jenkins-ci.dom4j:dom4j:jar:1.6.1-jenkins-4:compile
|  |  \- (org.codehaus.groovy:groovy-all:jar:1.8.3:compile - omitted for conflict with 1.8.9)
|  +- org.kohsuke.stapler:stapler-jrebel:jar:1.239:compile
|  |  \- org.kohsuke.stapler:stapler:jar:1.239:compile
|  |     +- javax.annotation:javax.annotation-api:jar:1.2:compile
|  |     +- commons-discovery:commons-discovery:jar:0.4:compile
|  |     |  \- (commons-logging:commons-logging:jar:1.0.4:compile - omitted for conflict with 1.1.1)
|  |     +- (commons-beanutils:commons-beanutils:jar:1.7.0:compile - omitted for conflict with 1.8.0)
|  |     +- (commons-io:commons-io:jar:1.3.1:compile - omitted for conflict with 1.3.2)
|  |     +- (org.jvnet.localizer:localizer:jar:1.7:compile - omitted for conflict with 1.23)
|  |     +- (org.kohsuke.stapler:json-lib:jar:2.4-jenkins-2:compile - omitted for duplicate)
|  |     +- org.jvnet:tiger-types:jar:1.3:compile
|  |     +- (com.google.guava:guava:jar:14.0:compile - omitted for conflict with 11.0.1)
|  |     +- (org.kohsuke:asm5:jar:5.0.1:compile - omitted for duplicate)
|  |     +- (commons-fileupload:commons-fileupload:jar:1.2.1:compile - omitted for conflict with 1.3.1-jenkins-1)
|  |     +- (com.google.code.findbugs:jsr305:jar:2.0.1:compile - omitted for conflict with 1.3.9)
|  |     \- (com.jcraft:jzlib:jar:1.1.3:compile - omitted for conflict with 1.1.3-kohsuke-1)
|  +- org.kohsuke:windows-package-checker:jar:1.0:compile
|  +- org.kohsuke.stapler:stapler-adjunct-zeroclipboard:jar:1.3.5-1:compile
|  |  \- (org.kohsuke.stapler:stapler:jar:1.140:compile - omitted for conflict with 1.239)
|  +- org.kohsuke.stapler:stapler-adjunct-timeline:jar:1.4:compile
|  |  \- (org.kohsuke.stapler:stapler:jar:1.140:compile - omitted for conflict with 1.239)
|  +- org.kohsuke.stapler:stapler-adjunct-codemirror:jar:1.3:compile
|  |  \- (org.kohsuke.stapler:stapler:jar:1.140:compile - omitted for conflict with 1.239)
|  +- com.infradna.tool:bridge-method-annotation:jar:1.13:compile
|  |  \- (org.jenkins-ci:annotation-indexer:jar:1.4:compile - omitted for conflict with 1.7)
|  +- org.kohsuke.stapler:json-lib:jar:2.4-jenkins-2:compile
|  |  +- (commons-beanutils:commons-beanutils:jar:1.8.0:compile - omitted for conflict with 1.8.3)
|  |  +- (commons-collections:commons-collections:jar:3.2.1:compile - omitted for duplicate)
|  |  +- (commons-lang:commons-lang:jar:2.5:compile - omitted for conflict with 2.6)
|  |  +- commons-logging:commons-logging:jar:1.1.1:compile
|  |  \- net.sf.ezmorph:ezmorph:jar:1.0.6:compile
|  |     \- (commons-lang:commons-lang:jar:2.3:compile - omitted for conflict with 2.6)
|  +- commons-httpclient:commons-httpclient:jar:3.1:compile
|  |  +- (commons-logging:commons-logging:jar:1.0.4:compile - omitted for conflict with 1.1.1)
|  |  \- (commons-codec:commons-codec:jar:1.2:compile - omitted for conflict with 1.6)
|  +- args4j:args4j:jar:2.0.31:compile
|  +- org.jenkins-ci:annotation-indexer:jar:1.7:compile
|  +- org.jenkins-ci:bytecode-compatibility-transformer:jar:1.8:compile
|  |  +- (org.jenkins-ci:annotation-indexer:jar:1.4:compile - omitted for conflict with 1.7)
|  |  +- org.kohsuke:asm5:jar:5.0.1:compile
|  |  +- (org.jenkins-ci:constant-pool-scanner:jar:1.2:compile - omitted for duplicate)
|  |  \- (commons-io:commons-io:jar:2.4:compile - omitted for conflict with 1.3.2)
|  +- org.jenkins-ci:task-reactor:jar:1.4:compile
|  +- org.jvnet.localizer:localizer:jar:1.23:compile
|  +- antlr:antlr:jar:2.7.6:compile
|  +- org.jvnet.hudson:xstream:jar:1.4.7-jenkins-1:compile
|  +- jfree:jfreechart:jar:1.0.9:compile
|  |  \- jfree:jcommon:jar:1.0.12:compile
|  +- org.apache.ant:ant:jar:1.8.4:compile
|  |  \- org.apache.ant:ant-launcher:jar:1.8.4:compile
|  +- (commons-io:commons-io:jar:2.4:compile - omitted for conflict with 1.3.2)
|  +- (commons-lang:commons-lang:jar:2.6:compile - omitted for duplicate)
|  +- commons-digester:commons-digester:jar:2.1:compile
|  |  +- (commons-beanutils:commons-beanutils:jar:1.8.3:compile - omitted for conflict with 1.8.0)
|  |  \- (commons-logging:commons-logging:jar:1.1.1:compile - omitted for duplicate)
|  +- commons-beanutils:commons-beanutils:jar:1.8.3:compile
|  |  \- (commons-logging:commons-logging:jar:1.1.1:compile - omitted for duplicate)
|  +- (org.apache.commons:commons-compress:jar:1.10:compile - omitted for conflict with 1.8.1)
|  +- javax.mail:mail:jar:1.4.4:compile
|  +- org.jvnet.hudson:activation:jar:1.1.1-hudson-1:compile
|  +- jaxen:jaxen:jar:1.1-beta-11:compile
|  +- commons-jelly:commons-jelly-tags-fmt:jar:1.0:compile
|  +- commons-jelly:commons-jelly-tags-xml:jar:1.1:compile
|  |  +- (commons-beanutils:commons-beanutils:jar:1.6:compile - omitted for conflict with 1.8.3)
|  |  +- (commons-collections:commons-collections:jar:2.1:compile - omitted for conflict with 3.2.1)
|  |  +- (commons-logging:commons-logging:jar:1.0.3:compile - omitted for conflict with 1.1.1)
|  |  \- (jaxen:jaxen:jar:1.1-beta-2:compile - omitted for conflict with 1.1-beta-11)
|  +- org.jvnet.hudson:commons-jelly-tags-define:jar:1.0.1-hudson-20071021:compile
|  +- org.jenkins-ci:commons-jexl:jar:1.1-jenkins-20111212:compile
|  |  \- (commons-logging:commons-logging:jar:1.0.3:compile - omitted for conflict with 1.1.1)
|  +- org.acegisecurity:acegi-security:jar:1.0.7:compile
|  |  +- (org.springframework:spring-core:jar:1.2.9:compile - omitted for conflict with 2.5.6.SEC03)
|  |  +- org.springframework:spring-jdbc:jar:1.2.9:compile
|  |  |  +- (commons-logging:commons-logging:jar:1.0.4:compile - omitted for conflict with 1.1.1)
|  |  |  +- (org.springframework:spring-beans:jar:1.2.9:compile - omitted for conflict with 2.5.6.SEC03)
|  |  |  +- (org.springframework:spring-core:jar:1.2.9:compile - omitted for duplicate)
|  |  |  \- org.springframework:spring-dao:jar:1.2.9:compile
|  |  |     +- (commons-logging:commons-logging:jar:1.0.4:compile - omitted for conflict with 1.1.1)
|  |  |     +- (org.springframework:spring-beans:jar:1.2.9:compile - omitted for duplicate)
|  |  |     +- (org.springframework:spring-context:jar:1.2.9:compile - omitted for conflict with 2.5.6.SEC03)
|  |  |     \- (org.springframework:spring-core:jar:1.2.9:compile - omitted for duplicate)
|  |  +- (commons-lang:commons-lang:jar:2.1:compile - omitted for conflict with 2.6)
|  |  +- (commons-logging:commons-logging:jar:1.0.4:compile - omitted for conflict with 1.1.1)
|  |  +- (commons-codec:commons-codec:jar:1.3:compile - omitted for conflict with 1.6)
|  |  +- oro:oro:jar:2.0.8:compile
|  |  +- (commons-collections:commons-collections:jar:3.1:compile - omitted for conflict with 3.2.1)
|  |  \- (log4j:log4j:jar:1.2.9:runtime - omitted for conflict with 1.2.16)
|  +- org.codehaus.groovy:groovy-all:jar:1.8.9:compile
|  +- jline:jline:jar:1.0:compile
|  +- org.fusesource.jansi:jansi:jar:1.9:compile
|  +- org.springframework:spring-webmvc:jar:2.5.6.SEC03:compile
|  |  +- (commons-logging:commons-logging:jar:1.1.1:compile - omitted for duplicate)
|  |  +- org.springframework:spring-beans:jar:2.5.6.SEC03:compile
|  |  |  +- (commons-logging:commons-logging:jar:1.1.1:compile - omitted for duplicate)
|  |  |  \- (org.springframework:spring-core:jar:2.5.6.SEC03:compile - omitted for conflict with 1.2.9)
|  |  +- org.springframework:spring-context:jar:2.5.6.SEC03:compile
|  |  |  +- (aopalliance:aopalliance:jar:1.0:compile - omitted for duplicate)
|  |  |  +- (commons-logging:commons-logging:jar:1.1.1:compile - omitted for duplicate)
|  |  |  +- (org.springframework:spring-beans:jar:2.5.6.SEC03:compile - omitted for duplicate)
|  |  |  \- (org.springframework:spring-core:jar:2.5.6.SEC03:compile - omitted for conflict with 1.2.9)
|  |  +- org.springframework:spring-context-support:jar:2.5.6.SEC03:compile
|  |  |  +- (aopalliance:aopalliance:jar:1.0:compile - omitted for duplicate)
|  |  |  +- (commons-logging:commons-logging:jar:1.1.1:compile - omitted for duplicate)
|  |  |  +- (org.springframework:spring-beans:jar:2.5.6.SEC03:compile - omitted for duplicate)
|  |  |  +- (org.springframework:spring-context:jar:2.5.6.SEC03:compile - omitted for duplicate)
|  |  |  \- (org.springframework:spring-core:jar:2.5.6.SEC03:compile - omitted for conflict with 1.2.9)
|  |  +- (org.springframework:spring-core:jar:2.5.6.SEC03:compile - omitted for conflict with 1.2.9)
|  |  \- org.springframework:spring-web:jar:2.5.6.SEC03:compile
|  |     +- (commons-logging:commons-logging:jar:1.1.1:compile - omitted for duplicate)
|  |     +- (org.springframework:spring-beans:jar:2.5.6.SEC03:compile - omitted for duplicate)
|  |     +- (org.springframework:spring-context:jar:2.5.6.SEC03:compile - omitted for duplicate)
|  |     \- (org.springframework:spring-core:jar:2.5.6.SEC03:compile - omitted for conflict with 1.2.9)
|  +- org.springframework:spring-core:jar:2.5.6.SEC03:compile
|  |  \- (commons-logging:commons-logging:jar:1.1.1:compile - omitted for duplicate)
|  +- org.springframework:spring-aop:jar:2.5.6.SEC03:compile
|  |  +- (aopalliance:aopalliance:jar:1.0:compile - omitted for duplicate)
|  |  +- (commons-logging:commons-logging:jar:1.1.1:compile - omitted for duplicate)
|  |  +- (org.springframework:spring-beans:jar:2.5.6.SEC03:compile - omitted for duplicate)
|  |  \- (org.springframework:spring-core:jar:2.5.6.SEC03:compile - omitted for duplicate)
|  +- xpp3:xpp3:jar:1.1.4c:compile
|  +- javax.servlet:jstl:jar:1.1.0:compile
|  +- org.slf4j:jcl-over-slf4j:jar:1.7.7:compile
|  |  \- (org.slf4j:slf4j-api:jar:1.7.7:compile - omitted for conflict with 1.6.4)
|  +- org.slf4j:log4j-over-slf4j:jar:1.7.7:compile
|  |  \- (org.slf4j:slf4j-api:jar:1.7.7:compile - omitted for conflict with 1.6.4)
|  +- com.sun.xml.txw2:txw2:jar:20110809:compile
|  |  +- javax.xml.stream:stax-api:jar:1.0-2:compile
|  |  \- relaxngDatatype:relaxngDatatype:jar:20020414:compile
|  +- commons-collections:commons-collections:jar:3.2.1:compile
|  +- org.jvnet.winp:winp:jar:1.22:compile
|  +- org.jenkins-ci:memory-monitor:jar:1.9:compile
|  |  \- (net.java.dev.jna:jna:jar:4.1.0:compile - omitted for conflict with 4.2.1)
|  +- org.codehaus.woodstox:wstx-asl:jar:3.2.9:compile
|  |  \- stax:stax-api:jar:1.0.1:compile
|  +- org.jenkins-ci:jmdns:jar:3.4.0-jenkins-3:compile
|  +- net.java.dev.jna:jna:jar:4.2.1:compile
|  +- org.kohsuke:akuma:jar:1.10:compile
|  |  \- (net.java.dev.jna:jna:jar:4.1.0:compile - omitted for conflict with 4.2.1)
|  +- org.kohsuke:libpam4j:jar:1.8:compile
|  |  \- (net.java.dev.jna:jna:jar:4.0.0:compile - omitted for conflict with 4.2.1)
|  +- org.jvnet.libzfs:libzfs:jar:0.5:compile
|  |  \- (net.java.dev.jna:jna:jar:3.0.3-patch-1:compile - omitted for conflict with 4.2.1)
|  +- com.sun.solaris:embedded_su4j:jar:1.1:compile
|  +- net.java.sezpoz:sezpoz:jar:1.9:compile
|  +- org.kohsuke.jinterop:j-interop:jar:2.0.6-kohsuke-1:compile
|  |  \- org.kohsuke.jinterop:j-interopdeps:jar:2.0.6-kohsuke-1:compile
|  |     \- org.samba.jcifs:jcifs:jar:1.2.19:compile
|  +- org.jvnet.robust-http-client:robust-http-client:jar:1.2:compile
|  +- (commons-codec:commons-codec:jar:1.8:compile - omitted for conflict with 1.6)
|  +- org.kohsuke:access-modifier-annotation:jar:1.4:compile
|  |  \- (org.jenkins-ci:annotation-indexer:jar:1.4:compile - omitted for conflict with 1.7)
|  +- commons-fileupload:commons-fileupload:jar:1.3.1-jenkins-1:compile
|  |  \- (commons-io:commons-io:jar:2.2:compile - omitted for conflict with 1.3.2)
|  +- org.mindrot:jbcrypt:jar:0.3m:compile
|  +- com.google.guava:guava:jar:11.0.1:compile
|  |  \- com.google.code.findbugs:jsr305:jar:1.3.9:compile
|  \- com.jcraft:jzlib:jar:1.1.3-kohsuke-1:compile
+- org.jenkins-ci.plugins.workflow:workflow-step-api:jar:1.11:compile
+- org.jenkins-ci.plugins.workflow:workflow-cps:jar:1.11:compile
|  +- (org.jenkins-ci.plugins.workflow:workflow-step-api:jar:1.11:compile - omitted for duplicate)
|  +- org.jenkins-ci.plugins.workflow:workflow-api:jar:1.11:compile
|  |  \- (org.jenkins-ci.plugins.workflow:workflow-step-api:jar:1.11:compile - omitted for duplicate)
|  +- org.jenkins-ci.plugins.workflow:workflow-support:jar:1.11:compile
|  |  +- (org.jenkins-ci.plugins.workflow:workflow-step-api:jar:1.11:compile - omitted for duplicate)
|  |  +- (org.jenkins-ci.plugins.workflow:workflow-api:jar:1.11:compile - omitted for duplicate)
|  |  +- org.jenkins-ci.plugins:durable-task:jar:1.5:compile
|  |  +- (org.jenkins-ci.plugins:script-security:jar:1.15:compile - omitted for duplicate)
|  |  \- org.jboss.marshalling:jboss-marshalling-river:jar:1.4.9.Final:compile
|  |     \- org.jboss.marshalling:jboss-marshalling:jar:1.4.9.Final:compile
|  +- org.jenkins-ci.plugins.workflow:workflow-scm-step:jar:1.11:compile
|  |  \- (org.jenkins-ci.plugins.workflow:workflow-step-api:jar:1.11:compile - omitted for duplicate)
|  +- org.jenkins-ci.plugins:script-security:jar:1.15:compile
|  |  \- org.kohsuke:groovy-sandbox:jar:1.10:compile
|  +- com.cloudbees:groovy-cps:jar:1.5:compile
|  |  \- (com.google.guava:guava:jar:11.0.1:compile - omitted for duplicate)
|  +- org.jenkins-ci.ui:jquery-detached:jar:1.1.1:compile
|  \- org.jenkins-ci.ui:ace-editor:jar:1.0.1:compile
+- org.jenkins-ci.plugins.workflow:workflow-aggregator:jar:1.11:test
|  +- (org.jenkins-ci.plugins.workflow:workflow-step-api:jar:1.11:test - omitted for duplicate)
|  +- (org.jenkins-ci.plugins.workflow:workflow-api:jar:1.11:test - omitted for duplicate)
|  +- (org.jenkins-ci.plugins.workflow:workflow-support:jar:1.11:test - omitted for duplicate)
|  +- org.jenkins-ci.plugins.workflow:workflow-durable-task-step:jar:1.11:test
|  |  +- (org.jenkins-ci.plugins.workflow:workflow-step-api:jar:1.11:test - omitted for duplicate)
|  |  \- (org.jenkins-ci.plugins:durable-task:jar:1.5:test - omitted for duplicate)
|  +- (org.jenkins-ci.plugins.workflow:workflow-scm-step:jar:1.11:test - omitted for duplicate)
|  +- (org.jenkins-ci.plugins.workflow:workflow-cps:jar:1.11:test - omitted for duplicate)
|  +- org.jenkins-ci.plugins.workflow:workflow-cps-global-lib:jar:1.11:test
|  |  +- (org.jenkins-ci.plugins.workflow:workflow-cps:jar:1.11:test - omitted for duplicate)
|  |  \- org.jenkins-ci.plugins:git-server:jar:1.5:test
|  |     \- (org.jenkins-ci.plugins:git-client:jar:1.11.0:test - omitted for conflict with 1.19.0)
|  +- (org.jenkins-ci.plugins.workflow:workflow-job:jar:1.11:compile - scope updated from test; omitted for duplicate)
|  \- org.jenkins-ci.plugins.workflow:workflow-basic-steps:jar:1.11:test
|     +- (org.jenkins-ci.plugins.workflow:workflow-step-api:jar:1.11:test - omitted for duplicate)
|     \- (org.jenkins-ci.plugins:mailer:jar:1.13:compile - scope updated from test; omitted for duplicate)
+- org.jenkins-ci.plugins.workflow:workflow-aggregator:jar:tests:1.11:test
|  +- (org.jenkins-ci.plugins.workflow:workflow-step-api:jar:1.11:test - omitted for duplicate)
|  +- (org.jenkins-ci.plugins.workflow:workflow-api:jar:1.11:test - omitted for duplicate)
|  +- (org.jenkins-ci.plugins.workflow:workflow-support:jar:1.11:test - omitted for duplicate)
|  +- (org.jenkins-ci.plugins.workflow:workflow-durable-task-step:jar:1.11:test - omitted for duplicate)
|  +- (org.jenkins-ci.plugins.workflow:workflow-scm-step:jar:1.11:test - omitted for duplicate)
|  +- (org.jenkins-ci.plugins.workflow:workflow-cps:jar:1.11:test - omitted for duplicate)
|  +- (org.jenkins-ci.plugins.workflow:workflow-cps-global-lib:jar:1.11:test - omitted for duplicate)
|  +- (org.jenkins-ci.plugins.workflow:workflow-job:jar:1.11:test - omitted for duplicate)
|  \- (org.jenkins-ci.plugins.workflow:workflow-basic-steps:jar:1.11:test - omitted for duplicate)
+- org.jenkins-ci.plugins.workflow:workflow-step-api:jar:tests:1.11:test
+- io.fabric8.jenkins.plugins:openshift-sync:jar:0.0.11:compile
|  +- io.fabric8:openshift-client:jar:1.3.99:compile
|  |  \- io.fabric8:kubernetes-client:jar:1.3.99:compile
|  |     +- io.fabric8:kubernetes-model:jar:1.0.52:compile
|  |     |  +- com.fasterxml.jackson.module:jackson-module-jaxb-annotations:jar:2.7.5:compile
|  |     |  |  +- (com.fasterxml.jackson.core:jackson-core:jar:2.7.5:compile - omitted for duplicate)
|  |     |  |  +- (com.fasterxml.jackson.core:jackson-annotations:jar:2.7.0:compile - omitted for duplicate)
|  |     |  |  \- (com.fasterxml.jackson.core:jackson-databind:jar:2.7.5:compile - omitted for duplicate)
|  |     |  \- javax.validation:validation-api:jar:1.1.0.Final:compile
|  |     +- com.squareup.okhttp:okhttp:jar:2.7.5:compile
|  |     |  \- (com.squareup.okio:okio:jar:1.6.0:compile - omitted for conflict with 1.8.0)
|  |     +- com.squareup.okhttp:logging-interceptor:jar:2.7.5:compile
|  |     |  \- (com.squareup.okhttp:okhttp:jar:2.7.5:compile - omitted for duplicate)
|  |     +- com.squareup.okhttp:okhttp-ws:jar:2.7.5:compile
|  |     |  \- (com.squareup.okhttp:okhttp:jar:2.7.5:compile - omitted for duplicate)
|  |     +- (org.slf4j:slf4j-api:jar:1.7.13:compile - omitted for conflict with 1.6.4)
|  |     +- org.slf4j:jul-to-slf4j:jar:1.7.13:compile
|  |     |  \- (org.slf4j:slf4j-api:jar:1.7.13:compile - omitted for conflict with 1.6.4)
|  |     +- com.fasterxml.jackson.dataformat:jackson-dataformat-yaml:jar:2.7.5:compile
|  |     |  +- (com.fasterxml.jackson.core:jackson-core:jar:2.7.5:compile - omitted for duplicate)
|  |     |  \- (org.yaml:snakeyaml:jar:1.15:compile - omitted for conflict with 1.16)
|  |     +- (com.fasterxml.jackson.core:jackson-databind:jar:2.7.5:compile - omitted for conflict with 2.4.0)
|  |     +- (com.fasterxml.jackson.core:jackson-core:jar:2.7.5:compile - omitted for conflict with 2.4.0)
|  |     +- io.fabric8:zjsonpatch:jar:0.2.3:compile
|  |     |  +- (com.fasterxml.jackson.core:jackson-databind:jar:2.3.2:compile - omitted for conflict with 2.7.5)
|  |     |  \- (com.fasterxml.jackson.core:jackson-core:jar:2.3.2:compile - omitted for conflict with 2.7.5)
|  |     \- com.github.mifmif:generex:jar:1.0.1:compile
|  |        \- dk.brics.automaton:automaton:jar:1.11-8:compile
|  +- org.jenkins-ci.plugins:git:jar:2.4.2:compile
|  |  +- joda-time:joda-time:jar:2.9.2:compile
|  |  +- (com.infradna.tool:bridge-method-annotation:jar:1.14:compile - omitted for conflict with 1.13)
|  |  +- org.jenkins-ci.plugins:git-client:jar:1.19.0:compile
|  |  |  +- org.eclipse.jgit:org.eclipse.jgit:jar:3.7.1.201504261725-r:compile
|  |  |  |  +- (com.jcraft:jsch:jar:0.1.50:compile - omitted for conflict with 0.1.51)
|  |  |  |  +- com.googlecode.javaewah:JavaEWAH:jar:0.7.9:compile
|  |  |  |  +- (org.apache.httpcomponents:httpclient:jar:4.1.3:compile - omitted for conflict with 4.4.1)
|  |  |  |  \- (org.slf4j:slf4j-api:jar:1.7.2:compile - omitted for conflict with 1.6.4)
|  |  |  +- org.eclipse.jgit:org.eclipse.jgit.http.server:jar:3.7.1.201504261725-r:compile
|  |  |  |  \- (org.eclipse.jgit:org.eclipse.jgit:jar:3.7.1.201504261725-r:compile - omitted for duplicate)
|  |  |  +- (org.jenkins-ci.plugins:ssh-credentials:jar:1.11:compile - omitted for duplicate)
|  |  |  \- (org.apache.httpcomponents:httpclient:jar:4.4.1:compile - omitted for conflict with 4.5.1)
|  |  +- org.jenkins-ci.plugins:credentials:jar:1.24:compile
|  |  |  +- net.jcip:jcip-annotations:jar:1.0:compile
|  |  |  +- com.github.stephenc.findbugs:findbugs-annotations:jar:1.3.9-1:compile
|  |  |  \- (com.google.code.findbugs:jsr305:jar:1.3.9:compile - omitted for duplicate)
|  |  +- org.jenkins-ci.plugins:ssh-credentials:jar:1.11:compile
|  |  |  \- (org.jenkins-ci.plugins:credentials:jar:1.21:compile - omitted for conflict with 1.24)
|  |  +- org.jenkins-ci.plugins:scm-api:jar:1.0:compile
|  |  |  +- (net.jcip:jcip-annotations:jar:1.0:compile - omitted for duplicate)
|  |  |  \- (com.google.code.findbugs:jsr305:jar:2.0.3:compile - omitted for conflict with 1.3.9)
|  |  +- org.jenkins-ci.plugins:matrix-project:jar:1.0-beta-1:compile
|  |  |  +- org.jenkins-ci.plugins:junit:jar:1.0:compile
|  |  |  \- (org.jenkins-ci.plugins:script-security:jar:1.13:compile - omitted for conflict with 1.15)
|  |  \- org.jenkins-ci.plugins:mailer:jar:1.10:compile
|  +- org.jenkins-ci.plugins.workflow:workflow-job:jar:1.11:compile
|  |  \- (org.jenkins-ci.plugins.workflow:workflow-support:jar:1.15:compile - omitted for conflict with 1.11)
|  +- (org.jenkins-ci.plugins.workflow:workflow-cps:jar:2.0:compile - omitted for conflict with 1.11)
|  +- org.jenkins-ci.plugins.pipeline-stage-view:pipeline-rest-api:jar:1.4:compile
|  |  +- (org.jenkins-ci.plugins.workflow:workflow-job:jar:1.14:compile - omitted for conflict with 1.11)
|  |  +- com.fasterxml.jackson.core:jackson-annotations:jar:2.4.0:compile
|  |  +- com.fasterxml.jackson.core:jackson-core:jar:2.4.0:compile
|  |  \- com.fasterxml.jackson.core:jackson-databind:jar:2.4.0:compile
|  |     +- (com.fasterxml.jackson.core:jackson-annotations:jar:2.4.0:compile - omitted for duplicate)
|  |     \- (com.fasterxml.jackson.core:jackson-core:jar:2.4.0:compile - omitted for duplicate)
|  \- org.csanchez.jenkins.plugins:kubernetes:jar:0.6:compile
|     +- (org.jenkins-ci.plugins:credentials:jar:1.22:compile - omitted for conflict with 1.24)
|     +- (io.fabric8:kubernetes-client:jar:1.3.47:compile - omitted for conflict with 1.3.99)
|     +- org.apache.httpcomponents:httpclient:jar:4.5.1:compile
|     |  +- org.apache.httpcomponents:httpcore:jar:4.2.4:compile
|     |  +- (commons-logging:commons-logging:jar:1.2:compile - omitted for conflict with 1.1.1)
|     |  \- (commons-codec:commons-codec:jar:1.9:compile - omitted for conflict with 1.6)
|     \- (org.jenkins-ci.plugins:durable-task:jar:1.6:compile - omitted for conflict with 1.5)
+- org.jenkins-ci.main:jenkins-war:war:1.580.1:test
+- org.jenkins-ci.main:jenkins-test-harness:jar:1.580.1:test
|  +- org.jenkins-ci.main:jenkins-war:jar:war-for-test:1.580.1:test
|  |  +- (org.jenkins-ci.main:jenkins-core:jar:1.580.1:test - omitted for conflict with 1.651)
|  |  +- (org.jenkins-ci.main:remoting:jar:2.47:test - omitted for conflict with 2.53.3)
|  |  +- org.jenkins-ci.modules:instance-identity:jar:1.4:test
|  |  |  \- org.bouncycastle:bcpkix-jdk15on:jar:1.47:test
|  |  |     \- org.bouncycastle:bcprov-jdk15on:jar:1.47:test
|  |  +- org.jenkins-ci.modules:ssh-cli-auth:jar:1.2:test
|  |  |  \- (org.jenkins-ci.modules:instance-identity:jar:1.2:test - omitted for conflict with 1.4)
|  |  +- org.jenkins-ci.modules:slave-installer:jar:1.3:test
|  |  |  \- (org.jenkins-ci.modules:instance-identity:jar:1.1:test - omitted for conflict with 1.4)
|  |  +- org.jenkins-ci.modules:windows-slave-installer:jar:1.4:test
|  |  |  \- (org.jenkins-ci.modules:slave-installer:jar:1.1:test - omitted for conflict with 1.3)
|  |  +- org.jenkins-ci.modules:launchd-slave-installer:jar:1.2:test
|  |  |  +- (org.jenkins-ci.modules:slave-installer:jar:1.1:test - omitted for conflict with 1.3)
|  |  |  \- (org.jenkins-ci.modules:instance-identity:jar:1.1:test - omitted for conflict with 1.4)
|  |  +- org.jenkins-ci.modules:upstart-slave-installer:jar:1.1:test
|  |  |  \- (org.jenkins-ci.modules:slave-installer:jar:1.1:test - omitted for conflict with 1.3)
|  |  +- org.jenkins-ci.modules:systemd-slave-installer:jar:1.1:test
|  |  |  \- (org.jenkins-ci.modules:slave-installer:jar:1.3:test - omitted for duplicate)
|  |  \- org.slf4j:slf4j-jdk14:jar:1.7.7:test
|  |     \- (org.slf4j:slf4j-api:jar:1.7.7:test - omitted for conflict with 1.6.4)
|  +- org.jenkins-ci.main:maven-plugin:jar:2.5:test
|  |  +- org.jenkins-ci.plugins:javadoc:jar:1.0:test
|  |  +- (org.jenkins-ci.plugins:mailer:jar:1.7:test - omitted for conflict with 1.10)
|  |  +- org.jenkins-ci.main.maven:maven-agent:jar:1.5:test
|  |  |  +- (org.jenkins-ci.main.maven:maven-interceptor:jar:1.5:test - omitted for duplicate)
|  |  |  +- (org.apache.ant:ant:jar:1.9.2:test - omitted for conflict with 1.8.4)
|  |  |  \- (commons-httpclient:commons-httpclient:jar:3.1:test - omitted for duplicate)
|  |  +- org.jenkins-ci.main.maven:maven-interceptor:jar:1.5:test
|  |  |  \- (commons-httpclient:commons-httpclient:jar:3.1:test - omitted for duplicate)
|  |  +- org.jvnet.hudson:maven2.1-interceptor:jar:1.2:test
|  |  +- org.jenkins-ci.main.maven:maven3-agent:jar:1.5:test
|  |  |  +- (org.apache.maven:maven-embedder:jar:3.0.5:test - omitted for conflict with 3.1.0)
|  |  |  \- (org.codehaus.plexus:plexus-classworlds:jar:2.4.2:test - omitted for conflict with 2.5.1)
|  |  +- org.jenkins-ci.main.maven:maven31-agent:jar:1.5:test
|  |  |  +- (org.apache.maven:maven-embedder:jar:3.1.0:test - omitted for conflict with 3.0.5)
|  |  |  +- (org.codehaus.plexus:plexus-classworlds:jar:2.4.2:test - omitted for duplicate)
|  |  |  \- (org.eclipse.sisu:org.eclipse.sisu.plexus:jar:0.0.0.M2a:test - omitted for conflict with 0.0.0.M5)
|  |  +- org.jenkins-ci.main.maven:maven3-interceptor:jar:1.5:test
|  |  |  +- (org.jenkins-ci.main.maven:maven3-interceptor-commons:jar:1.5:test - omitted for duplicate)
|  |  |  +- (org.apache.maven:maven-core:jar:3.0.5:test - omitted for conflict with 3.1.0)
|  |  |  +- (org.apache.maven:maven-embedder:jar:3.0.5:test - omitted for duplicate)
|  |  |  \- (org.apache.maven:maven-aether-provider:jar:3.0.5:test - omitted for conflict with 3.1.0)
|  |  +- org.jenkins-ci.main.maven:maven31-interceptor:jar:1.5:test
|  |  |  +- (org.jenkins-ci.main.maven:maven3-interceptor-commons:jar:1.5:test - omitted for duplicate)
|  |  |  +- (org.apache.maven:maven-core:jar:3.1.0:test - omitted for conflict with 3.0.5)
|  |  |  +- (org.apache.maven:maven-embedder:jar:3.1.0:test - omitted for conflict with 3.0.5)
|  |  |  +- (org.apache.maven:maven-aether-provider:jar:3.1.0:test - omitted for conflict with 3.0.5)
|  |  |  \- (org.eclipse.sisu:org.eclipse.sisu.plexus:jar:0.0.0.M2a:test - omitted for duplicate)
|  |  +- org.jenkins-ci.main.maven:maven3-interceptor-commons:jar:1.5:test
|  |  |  +- (org.apache.maven:maven-core:jar:3.0.5:test - omitted for duplicate)
|  |  |  +- (org.apache.maven:maven-embedder:jar:3.0.5:test - omitted for duplicate)
|  |  |  \- (org.apache.maven:maven-aether-provider:jar:3.0.5:test - omitted for duplicate)
|  |  +- org.apache.maven:maven-core:jar:3.1.0:test
|  |  |  +- org.apache.maven:maven-model:jar:3.1.0:test
|  |  |  |  \- (org.codehaus.plexus:plexus-utils:jar:3.0.10:test - omitted for conflict with 2.0.6)
|  |  |  +- org.apache.maven:maven-settings:jar:3.1.0:test
|  |  |  |  \- (org.codehaus.plexus:plexus-utils:jar:3.0.10:test - omitted for conflict with 2.0.6)
|  |  |  +- org.apache.maven:maven-settings-builder:jar:3.1.0:test
|  |  |  |  +- (org.codehaus.plexus:plexus-utils:jar:3.0.10:test - omitted for conflict with 2.0.6)
|  |  |  |  +- (org.codehaus.plexus:plexus-interpolation:jar:1.16:test - omitted for duplicate)
|  |  |  |  +- (org.codehaus.plexus:plexus-component-annotations:jar:1.5.5:test - omitted for duplicate)
|  |  |  |  +- (org.apache.maven:maven-settings:jar:3.1.0:test - omitted for duplicate)
|  |  |  |  \- (org.sonatype.plexus:plexus-sec-dispatcher:jar:1.3:test - omitted for duplicate)
|  |  |  +- org.apache.maven:maven-repository-metadata:jar:3.1.0:test
|  |  |  |  \- (org.codehaus.plexus:plexus-utils:jar:3.0.10:test - omitted for conflict with 2.0.6)
|  |  |  +- org.apache.maven:maven-artifact:jar:3.1.0:test
|  |  |  |  \- (org.codehaus.plexus:plexus-utils:jar:3.0.10:test - omitted for conflict with 2.0.6)
|  |  |  +- org.apache.maven:maven-plugin-api:jar:3.1.0:test
|  |  |  |  +- (org.apache.maven:maven-model:jar:3.1.0:test - omitted for duplicate)
|  |  |  |  +- (org.apache.maven:maven-artifact:jar:3.1.0:test - omitted for duplicate)
|  |  |  |  \- (org.eclipse.sisu:org.eclipse.sisu.plexus:jar:0.0.0.M2a:test - omitted for duplicate)
|  |  |  +- org.apache.maven:maven-model-builder:jar:3.1.0:test
|  |  |  |  +- (org.codehaus.plexus:plexus-utils:jar:3.0.10:test - omitted for conflict with 2.0.6)
|  |  |  |  +- (org.codehaus.plexus:plexus-interpolation:jar:1.16:test - omitted for duplicate)
|  |  |  |  +- (org.codehaus.plexus:plexus-component-annotations:jar:1.5.5:test - omitted for duplicate)
|  |  |  |  \- (org.apache.maven:maven-model:jar:3.1.0:test - omitted for duplicate)
|  |  |  +- (org.apache.maven:maven-aether-provider:jar:3.1.0:test - omitted for conflict with 3.0.5)
|  |  |  +- (org.eclipse.aether:aether-impl:jar:0.9.0.M2:test - omitted for conflict with 0.9.0.M3)
|  |  |  +- (org.eclipse.aether:aether-api:jar:0.9.0.M2:test - omitted for conflict with 0.9.0.M3)
|  |  |  +- (org.eclipse.aether:aether-util:jar:0.9.0.M2:test - omitted for conflict with 0.9.0.M3)
|  |  |  +- (org.eclipse.sisu:org.eclipse.sisu.plexus:jar:0.0.0.M2a:test - omitted for duplicate)
|  |  |  +- org.codehaus.plexus:plexus-interpolation:jar:1.16:test
|  |  |  +- org.codehaus.plexus:plexus-utils:jar:3.0.10:test
|  |  |  +- (org.codehaus.plexus:plexus-classworlds:jar:2.4.2:test - omitted for duplicate)
|  |  |  +- org.codehaus.plexus:plexus-component-annotations:jar:1.5.5:test
|  |  |  \- org.sonatype.plexus:plexus-sec-dispatcher:jar:1.3:test
|  |  |     +- (org.codehaus.plexus:plexus-utils:jar:1.5.5:test - omitted for conflict with 3.0.10)
|  |  |     \- (org.sonatype.plexus:plexus-cipher:jar:1.4:test - omitted for conflict with 1.7)
|  |  +- org.apache.maven:maven-compat:jar:3.1.0:test
|  |  |  +- (org.apache.maven:maven-model:jar:3.1.0:test - omitted for duplicate)
|  |  |  +- (org.apache.maven:maven-model-builder:jar:3.1.0:test - omitted for duplicate)
|  |  |  +- (org.apache.maven:maven-settings:jar:3.1.0:test - omitted for duplicate)
|  |  |  +- (org.apache.maven:maven-artifact:jar:3.1.0:test - omitted for duplicate)
|  |  |  +- (org.apache.maven:maven-core:jar:3.1.0:test - omitted for duplicate)
|  |  |  +- (org.codehaus.plexus:plexus-utils:jar:3.0.10:test - omitted for duplicate)
|  |  |  +- (org.codehaus.plexus:plexus-interpolation:jar:1.16:test - omitted for duplicate)
|  |  |  +- (org.eclipse.sisu:org.eclipse.sisu.plexus:jar:0.0.0.M2a:test - omitted for duplicate)
|  |  |  +- (org.codehaus.plexus:plexus-component-annotations:jar:1.5.5:test - omitted for duplicate)
|  |  |  \- (org.apache.maven.wagon:wagon-provider-api:jar:2.4:test - omitted for duplicate)
|  |  +- org.apache.maven:maven-aether-provider:jar:3.1.0:test
|  |  |  +- (org.apache.maven:maven-model:jar:3.1.0:test - omitted for duplicate)
|  |  |  +- (org.apache.maven:maven-model-builder:jar:3.1.0:test - omitted for duplicate)
|  |  |  +- (org.apache.maven:maven-repository-metadata:jar:3.1.0:test - omitted for duplicate)
|  |  |  +- (org.eclipse.aether:aether-api:jar:0.9.0.M2:test - omitted for duplicate)
|  |  |  +- (org.eclipse.aether:aether-spi:jar:0.9.0.M2:test - omitted for conflict with 0.9.0.M3)
|  |  |  +- (org.eclipse.aether:aether-util:jar:0.9.0.M2:test - omitted for duplicate)
|  |  |  +- (org.eclipse.aether:aether-impl:jar:0.9.0.M2:test - omitted for duplicate)
|  |  |  +- (org.eclipse.sisu:org.eclipse.sisu.plexus:jar:0.0.0.M2a:test - omitted for duplicate)
|  |  |  +- (org.codehaus.plexus:plexus-component-annotations:jar:1.5.5:test - omitted for duplicate)
|  |  |  \- (org.codehaus.plexus:plexus-utils:jar:3.0.10:test - omitted for duplicate)
|  |  +- org.apache.maven:maven-embedder:jar:3.1.0:test
|  |  |  +- (org.apache.maven:maven-settings:jar:3.1.0:test - omitted for duplicate)
|  |  |  +- (org.apache.maven:maven-core:jar:3.1.0:test - omitted for duplicate)
|  |  |  +- (org.apache.maven:maven-plugin-api:jar:3.1.0:test - omitted for duplicate)
|  |  |  +- (org.apache.maven:maven-model-builder:jar:3.1.0:test - omitted for duplicate)
|  |  |  +- (org.apache.maven:maven-compat:jar:3.1.0:test - omitted for duplicate)
|  |  |  +- (org.codehaus.plexus:plexus-utils:jar:3.0.10:test - omitted for duplicate)
|  |  |  +- (org.codehaus.plexus:plexus-classworlds:jar:2.4.2:test - omitted for duplicate)
|  |  |  +- (org.eclipse.sisu:org.eclipse.sisu.plexus:jar:0.0.0.M2a:test - omitted for duplicate)
|  |  |  +- (org.codehaus.plexus:plexus-component-annotations:jar:1.5.5:test - omitted for duplicate)
|  |  |  +- (org.sonatype.plexus:plexus-sec-dispatcher:jar:1.3:test - omitted for duplicate)
|  |  |  +- org.sonatype.plexus:plexus-cipher:jar:1.7:test
|  |  |  +- (org.slf4j:slf4j-api:jar:1.7.4:test - omitted for conflict with 1.6.4)
|  |  |  \- commons-cli:commons-cli:jar:1.2:test
|  |  +- org.eclipse.aether:aether-api:jar:0.9.0.M3:test
|  |  +- org.eclipse.aether:aether-impl:jar:0.9.0.M3:test
|  |  |  +- (org.eclipse.aether:aether-api:jar:0.9.0.M3:test - omitted for duplicate)
|  |  |  +- (org.eclipse.aether:aether-spi:jar:0.9.0.M3:test - omitted for conflict with 0.9.0.M2)
|  |  |  \- (org.eclipse.aether:aether-util:jar:0.9.0.M3:test - omitted for conflict with 0.9.0.M2)
|  |  +- org.eclipse.aether:aether-spi:jar:0.9.0.M3:test
|  |  |  \- (org.eclipse.aether:aether-api:jar:0.9.0.M3:test - omitted for duplicate)
|  |  +- org.eclipse.aether:aether-util:jar:0.9.0.M3:test
|  |  |  \- (org.eclipse.aether:aether-api:jar:0.9.0.M3:test - omitted for duplicate)
|  |  +- org.eclipse.aether:aether-transport-wagon:jar:0.9.0.M3:test
|  |  |  +- (org.eclipse.aether:aether-api:jar:0.9.0.M3:test - omitted for duplicate)
|  |  |  +- (org.eclipse.aether:aether-spi:jar:0.9.0.M3:test - omitted for duplicate)
|  |  |  +- (org.eclipse.aether:aether-util:jar:0.9.0.M3:test - omitted for duplicate)
|  |  |  \- (org.apache.maven.wagon:wagon-provider-api:jar:1.0:test - omitted for conflict with 2.4)
|  |  +- org.eclipse.sisu:org.eclipse.sisu.plexus:jar:0.0.0.M5:test
|  |  |  +- javax.enterprise:cdi-api:jar:1.0:test
|  |  |  |  +- javax.annotation:jsr250-api:jar:1.0:test
|  |  |  |  \- (javax.inject:javax.inject:jar:1:test - omitted for duplicate)
|  |  |  +- org.eclipse.sisu:org.eclipse.sisu.inject:jar:0.0.0.M5:test
|  |  |  +- (org.codehaus.plexus:plexus-component-annotations:jar:1.5.5:test - omitted for duplicate)
|  |  |  +- (org.codehaus.plexus:plexus-classworlds:jar:2.4:test - omitted for conflict with 2.4.2)
|  |  |  \- (org.codehaus.plexus:plexus-utils:jar:2.1:test - omitted for conflict with 3.0.10)
|  |  +- com.google.inject:guice:jar:no_aop:4.0-beta:test
|  |  |  +- (javax.inject:javax.inject:jar:1:test - omitted for duplicate)
|  |  |  +- (aopalliance:aopalliance:jar:1.0:test - omitted for duplicate)
|  |  |  \- (com.google.guava:guava:jar:11.0.1:test - omitted for duplicate)
|  |  +- org.apache.maven.wagon:wagon-http:jar:2.4:test
|  |  |  +- org.apache.maven.wagon:wagon-http-shared4:jar:2.4:test
|  |  |  |  +- org.jsoup:jsoup:jar:1.7.1:test
|  |  |  |  +- (org.apache.httpcomponents:httpclient:jar:4.2.3:test - omitted for conflict with 4.5.1)
|  |  |  |  +- (org.apache.httpcomponents:httpcore:jar:4.2.3:test - omitted for conflict with 4.2.4)
|  |  |  |  +- (commons-logging:commons-logging:jar:1.1.1:test - omitted for duplicate)
|  |  |  |  +- (commons-io:commons-io:jar:2.0.1:test - omitted for conflict with 1.3.2)
|  |  |  |  \- (org.apache.maven.wagon:wagon-provider-api:jar:2.4:test - omitted for duplicate)
|  |  |  +- (org.apache.httpcomponents:httpclient:jar:4.2.3:test - omitted for conflict with 4.5.1)
|  |  |  +- (org.apache.httpcomponents:httpcore:jar:4.2.3:test - omitted for conflict with 4.2.4)
|  |  |  \- (org.apache.maven.wagon:wagon-provider-api:jar:2.4:test - omitted for duplicate)
|  |  +- (org.apache.httpcomponents:httpclient:jar:4.2.5:test - omitted for conflict with 4.5.1)
|  |  +- (org.apache.httpcomponents:httpcore:jar:4.2.4:compile - scope updated from test; omitted for duplicate)
|  |  +- org.apache.maven.wagon:wagon-file:jar:2.4:test
|  |  |  \- (org.apache.maven.wagon:wagon-provider-api:jar:2.4:test - omitted for duplicate)
|  |  +- org.apache.maven.wagon:wagon-ftp:jar:2.4:test
|  |  |  +- commons-net:commons-net:jar:3.1:test
|  |  |  +- (org.slf4j:slf4j-api:jar:1.7.2:test - omitted for conflict with 1.6.4)
|  |  |  \- (org.apache.maven.wagon:wagon-provider-api:jar:2.4:test - omitted for duplicate)
|  |  +- org.apache.maven.wagon:wagon-ssh:jar:2.4:test
|  |  |  +- (com.jcraft:jsch:jar:0.1.44-1:test - omitted for conflict with 0.1.51)
|  |  |  +- (org.codehaus.plexus:plexus-utils:jar:3.0.8:test - omitted for conflict with 3.0.10)
|  |  |  +- org.apache.maven.wagon:wagon-ssh-common:jar:2.4:test
|  |  |  |  +- (org.codehaus.plexus:plexus-utils:jar:3.0.8:test - omitted for conflict with 3.0.10)
|  |  |  |  +- org.codehaus.plexus:plexus-interactivity-api:jar:1.0-alpha-6:test
|  |  |  |  |  \- (org.codehaus.plexus:plexus-utils:jar:1.4:test - omitted for conflict with 3.0.10)
|  |  |  |  \- (org.apache.maven.wagon:wagon-provider-api:jar:2.4:test - omitted for duplicate)
|  |  |  \- (org.apache.maven.wagon:wagon-provider-api:jar:2.4:test - omitted for duplicate)
|  |  +- org.apache.maven.wagon:wagon-ssh-external:jar:2.4:test
|  |  |  +- (org.codehaus.plexus:plexus-utils:jar:3.0.8:test - omitted for conflict with 3.0.10)
|  |  |  +- (org.apache.maven.wagon:wagon-ssh-common:jar:2.4:test - omitted for duplicate)
|  |  |  \- (org.apache.maven.wagon:wagon-provider-api:jar:2.4:test - omitted for duplicate)
|  |  +- org.apache.maven.wagon:wagon-provider-api:jar:2.4:test
|  |  |  \- (org.codehaus.plexus:plexus-utils:jar:3.0.8:test - omitted for conflict with 3.0.10)
|  |  +- org.apache.maven.reporting:maven-reporting-api:jar:3.0:test
|  |  |  \- org.apache.maven.doxia:doxia-sink-api:jar:1.0:test
|  |  +- org.codehaus.plexus:plexus-classworlds:jar:2.5.1:test
|  |  +- org.jenkins-ci.lib:lib-jenkins-maven-artifact-manager:jar:1.2:test
|  |  |  +- (org.codehaus.plexus:plexus-utils:jar:2.0.5:test - omitted for conflict with 3.0.10)
|  |  |  \- (org.apache.maven.wagon:wagon-provider-api:jar:1.0-beta-7:test - omitted for conflict with 2.4)
|  |  +- org.jenkins-ci.lib:lib-jenkins-maven-embedder:jar:3.11:test
|  |  |  +- (org.apache.maven:maven-core:jar:3.1.0:test - omitted for duplicate)
|  |  |  +- (org.apache.maven:maven-artifact:jar:3.1.0:test - omitted for duplicate)
|  |  |  +- (org.apache.maven:maven-compat:jar:3.1.0:test - omitted for duplicate)
|  |  |  +- (org.apache.maven:maven-embedder:jar:3.1.0:test - omitted for duplicate)
|  |  |  +- (org.apache.maven:maven-aether-provider:jar:3.1.0:test - omitted for duplicate)
|  |  |  +- (org.eclipse.sisu:org.eclipse.sisu.plexus:jar:0.0.0.M2a:test - omitted for conflict with 0.0.0.M5)
|  |  |  +- org.eclipse.aether:aether-connector-wagon:jar:0.9.0.M2:test
|  |  |  |  +- (org.eclipse.aether:aether-api:jar:0.9.0.M2:test - omitted for conflict with 0.9.0.M3)
|  |  |  |  +- (org.eclipse.aether:aether-spi:jar:0.9.0.M2:test - omitted for conflict with 0.9.0.M3)
|  |  |  |  +- (org.eclipse.aether:aether-util:jar:0.9.0.M2:test - omitted for conflict with 0.9.0.M3)
|  |  |  |  \- (org.apache.maven.wagon:wagon-provider-api:jar:1.0:test - omitted for conflict with 2.4)
|  |  |  +- (org.eclipse.aether:aether-api:jar:0.9.0.M2:test - omitted for conflict with 0.9.0.M3)
|  |  |  +- (org.eclipse.aether:aether-impl:jar:0.9.0.M2:test - omitted for conflict with 0.9.0.M3)
|  |  |  +- (org.eclipse.aether:aether-spi:jar:0.9.0.M2:test - omitted for conflict with 0.9.0.M3)
|  |  |  +- (org.eclipse.aether:aether-util:jar:0.9.0.M2:test - omitted for conflict with 0.9.0.M3)
|  |  |  +- (org.apache.ant:ant:jar:1.9.2:test - omitted for conflict with 1.8.4)
|  |  |  \- (org.apache.maven.wagon:wagon-provider-api:jar:2.4:test - omitted for duplicate)
|  |  \- org.apache.maven.wagon:wagon-webdav-jackrabbit:jar:2.4:test
|  |     +- org.apache.maven.wagon:wagon-http-shared:jar:2.4:test
|  |     |  +- (commons-httpclient:commons-httpclient:jar:3.1:test - omitted for duplicate)
|  |     |  +- (commons-logging:commons-logging:jar:1.1.1:test - omitted for duplicate)
|  |     |  +- (commons-lang:commons-lang:jar:2.6:test - omitted for duplicate)
|  |     |  +- (commons-io:commons-io:jar:2.2:test - omitted for conflict with 1.3.2)
|  |     |  \- (org.apache.maven.wagon:wagon-provider-api:jar:2.4:test - omitted for duplicate)
|  |     +- org.apache.jackrabbit:jackrabbit-webdav:jar:2.5.2:test
|  |     |  +- (org.slf4j:slf4j-api:jar:1.6.4:test - omitted for duplicate)
|  |     |  \- (commons-httpclient:commons-httpclient:jar:3.1:test - omitted for duplicate)
|  |     +- (org.slf4j:slf4j-api:jar:1.7.2:test - omitted for conflict with 1.6.4)
|  |     +- (commons-lang:commons-lang:jar:2.6:test - omitted for duplicate)
|  |     +- (commons-io:commons-io:jar:2.2:test - omitted for conflict with 1.3.2)
|  |     +- (commons-httpclient:commons-httpclient:jar:3.1:test - omitted for duplicate)
|  |     \- (org.apache.maven.wagon:wagon-provider-api:jar:2.4:test - omitted for duplicate)
|  +- org.jenkins-ci.plugins:ant:jar:1.2:test
|  +- org.jenkins-ci.plugins:subversion:jar:1.45:test
|  |  \- org.jenkins-ci.svnkit:svnkit:jar:1.7.6-jenkins-1:test
|  |     +- org.tmatesoft.sqljet:sqljet:jar:1.1.0:test
|  |     |  \- org.antlr:antlr-runtime:jar:3.4:test
|  |     \- de.regnis.q.sequence:sequence-library:jar:1.0.1:test
|  +- (org.jenkins-ci.plugins:mailer:jar:1.10:compile - scope updated from test; omitted for duplicate)
|  +- org.jenkins-ci.plugins:matrix-auth:jar:1.0.2:test
|  +- org.jenkins-ci.plugins:antisamy-markup-formatter:jar:1.0:test
|  |  \- org.kohsuke:owasp-html-sanitizer:jar:r88:test
|  +- (org.jenkins-ci.plugins:matrix-project:jar:1.0-beta-1:compile - scope updated from test; omitted for duplicate)
|  +- (org.jenkins-ci.plugins:junit:jar:1.0:compile - scope updated from test; omitted for duplicate)
|  +- org.mortbay.jetty:jetty:jar:6.1.26:test
|  |  +- org.mortbay.jetty:jetty-util:jar:6.1.26:test
|  |  \- org.mortbay.jetty:servlet-api:jar:2.5-20081211:test
|  +- org.jenkins-ci:test-annotations:jar:1.1:test
|  +- org.jvnet.mock-javamail:mock-javamail:jar:1.7:test
|  |  +- (javax.mail:mail:jar:1.4:test - omitted for conflict with 1.4.4)
|  |  \- (junit:junit:jar:3.8:test - omitted for conflict with 4.11)
|  +- junit:junit:jar:4.11:test
|  |  \- org.hamcrest:hamcrest-core:jar:1.3:test
|  +- org.hamcrest:hamcrest-library:jar:1.3:test
|  |  \- (org.hamcrest:hamcrest-core:jar:1.3:test - omitted for duplicate)
|  +- org.jenkins-ci:htmlunit:jar:2.6-jenkins-6:test
|  |  +- (xalan:xalan:jar:2.7.1:test - omitted for duplicate)
|  |  +- (commons-collections:commons-collections:jar:3.2.1:test - omitted for duplicate)
|  |  +- (commons-lang:commons-lang:jar:2.4:test - omitted for conflict with 2.6)
|  |  +- (commons-httpclient:commons-httpclient:jar:3.1:test - omitted for duplicate)
|  |  +- (commons-codec:commons-codec:jar:1.4:test - omitted for conflict with 1.6)
|  |  +- org.jvnet.hudson:htmlunit-core-js:jar:2.6-hudson-1:test
|  |  +- xerces:xercesImpl:jar:2.9.1:test
|  |  +- net.sourceforge.nekohtml:nekohtml:jar:1.9.13:test
|  |  +- net.sourceforge.cssparser:cssparser:jar:0.9.5:test
|  |  |  \- org.w3c.css:sac:jar:1.3:test
|  |  +- (commons-io:commons-io:jar:1.4:test - omitted for conflict with 1.3.2)
|  |  \- (commons-logging:commons-logging:jar:1.1.1:test - omitted for duplicate)
|  +- xalan:xalan:jar:2.7.1:test
|  |  \- xalan:serializer:jar:2.7.1:test
|  |     \- xml-apis:xml-apis:jar:1.3.04:test
|  +- org.jvnet.hudson:embedded-rhino-debugger:jar:1.2:test
|  |  \- (org.jvnet.hudson:htmlunit-core-js:jar:2.6-hudson-1:test - omitted for duplicate)
|  +- org.jvnet.hudson:netx:jar:0.5-hudson-2:test
|  +- org.easymock:easymock:jar:2.4:test
|  +- org.netbeans.modules:org-netbeans-insane:jar:RELEASE72:test
|  +- (com.github.stephenc.findbugs:findbugs-annotations:jar:1.3.9-1:compile - scope updated from test; omitted for duplicate)
|  \- org.codehaus.geb:geb-implicit-assertions:jar:0.7.2:test
+- javax.servlet:servlet-api:jar:2.4:provided
\- org.codehaus.mojo:animal-sniffer-annotations:jar:1.9:provided

