WARNING: Your kernel does not support swap limit capabilities or the cgroup is not mounted. Memory limited without swap.
[ERROR] Command 'cd /tmp/tmpf09wor91/IfcOpenShell-BIMserver-plugin; mvn -gs /home/jdbl/core/../maven-proxy.xml se.kth.castor:depclean-maven-plugin:1.1.0:depclean -Dcreate.pom.debloated=true -Dcreate.result.json=true > /home/jdbl/results/opensourceBIM_IfcOpenShell-BIMserver-plugin/2e4b2f2747d643b1e5b90102684ce305b70114ca/depClean.log 2>&1' returned non-zero exit status 1.
org.opensourcebim:ifcopenshellplugin:jar:0.5.34
\- org.opensourcebim:pluginbase:jar:1.5.113:compile
   +- org.apache.httpcomponents:httpclient:jar:4.5.1:compile
   |  +- org.apache.httpcomponents:httpcore:jar:4.4.3:compile
   |  +- commons-logging:commons-logging:jar:1.2:compile
   |  \- (commons-codec:commons-codec:jar:1.9:compile - omitted for duplicate)
   +- org.apache.httpcomponents:httpmime:jar:4.5.1:compile
   |  \- (org.apache.httpcomponents:httpclient:jar:4.5.1:compile - omitted for duplicate)
   +- org.eclipse.aether:aether-api:jar:1.0.2.v20150114:compile
   +- org.eclipse.aether:aether-transport-file:jar:1.0.2.v20150114:compile
   |  +- (org.eclipse.aether:aether-api:jar:1.0.2.v20150114:compile - omitted for duplicate)
   |  +- (org.eclipse.aether:aether-spi:jar:1.0.2.v20150114:compile - omitted for duplicate)
   |  \- org.eclipse.aether:aether-util:jar:1.0.2.v20150114:compile
   |     \- (org.eclipse.aether:aether-api:jar:1.0.2.v20150114:compile - omitted for duplicate)
   +- org.eclipse.aether:aether-transport-http:jar:1.0.2.v20150114:compile
   |  +- (org.eclipse.aether:aether-api:jar:1.0.2.v20150114:compile - omitted for duplicate)
   |  +- (org.eclipse.aether:aether-spi:jar:1.0.2.v20150114:compile - omitted for duplicate)
   |  +- (org.eclipse.aether:aether-util:jar:1.0.2.v20150114:compile - omitted for duplicate)
   |  \- org.slf4j:jcl-over-slf4j:jar:1.6.2:compile
   |     \- (org.slf4j:slf4j-api:jar:1.6.2:compile - omitted for conflict with 1.7.13)
   +- org.eclipse.aether:aether-spi:jar:1.0.2.v20150114:compile
   |  \- (org.eclipse.aether:aether-api:jar:1.0.2.v20150114:compile - omitted for duplicate)
   +- org.eclipse.aether:aether-connector-basic:jar:1.0.2.v20150114:compile
   |  +- (org.eclipse.aether:aether-api:jar:1.0.2.v20150114:compile - omitted for duplicate)
   |  +- (org.eclipse.aether:aether-spi:jar:1.0.2.v20150114:compile - omitted for duplicate)
   |  \- (org.eclipse.aether:aether-util:jar:1.0.2.v20150114:compile - omitted for duplicate)
   +- org.eclipse.aether:aether-impl:jar:1.0.2.v20150114:compile
   |  +- (org.eclipse.aether:aether-api:jar:1.0.2.v20150114:compile - omitted for duplicate)
   |  +- (org.eclipse.aether:aether-spi:jar:1.0.2.v20150114:compile - omitted for duplicate)
   |  \- (org.eclipse.aether:aether-util:jar:1.0.2.v20150114:compile - omitted for duplicate)
   +- org.apache.maven:maven-repository-metadata:jar:3.3.9:compile
   |  \- org.codehaus.plexus:plexus-utils:jar:3.0.22:compile
   +- org.apache.maven:maven-aether-provider:jar:3.3.9:compile
   |  +- org.apache.maven:maven-model:jar:3.3.9:compile
   |  |  +- (org.codehaus.plexus:plexus-utils:jar:3.0.22:compile - omitted for duplicate)
   |  |  \- (org.apache.commons:commons-lang3:jar:3.4:compile - omitted for duplicate)
   |  +- org.apache.maven:maven-model-builder:jar:3.3.9:compile
   |  |  +- (org.codehaus.plexus:plexus-utils:jar:3.0.22:compile - omitted for duplicate)
   |  |  +- org.codehaus.plexus:plexus-interpolation:jar:1.21:compile
   |  |  +- (org.codehaus.plexus:plexus-component-annotations:jar:1.6:compile - omitted for duplicate)
   |  |  +- (org.apache.maven:maven-model:jar:3.3.9:compile - omitted for duplicate)
   |  |  +- org.apache.maven:maven-artifact:jar:3.3.9:compile
   |  |  |  +- (org.codehaus.plexus:plexus-utils:jar:3.0.22:compile - omitted for duplicate)
   |  |  |  \- (org.apache.commons:commons-lang3:jar:3.4:compile - omitted for duplicate)
   |  |  +- org.apache.maven:maven-builder-support:jar:3.3.9:compile
   |  |  |  +- (org.codehaus.plexus:plexus-utils:jar:3.0.22:compile - omitted for duplicate)
   |  |  |  \- (org.apache.commons:commons-lang3:jar:3.4:compile - omitted for duplicate)
   |  |  +- (com.google.guava:guava:jar:18.0:compile - omitted for conflict with 26.0-jre)
   |  |  \- (org.apache.commons:commons-lang3:jar:3.4:compile - omitted for duplicate)
   |  +- (org.apache.maven:maven-repository-metadata:jar:3.3.9:compile - omitted for duplicate)
   |  +- (org.eclipse.aether:aether-api:jar:1.0.2.v20150114:compile - omitted for duplicate)
   |  +- (org.eclipse.aether:aether-spi:jar:1.0.2.v20150114:compile - omitted for duplicate)
   |  +- (org.eclipse.aether:aether-util:jar:1.0.2.v20150114:compile - omitted for duplicate)
   |  +- (org.eclipse.aether:aether-impl:jar:1.0.2.v20150114:compile - omitted for duplicate)
   |  +- org.codehaus.plexus:plexus-component-annotations:jar:1.6:compile
   |  +- (org.codehaus.plexus:plexus-utils:jar:3.0.22:compile - omitted for duplicate)
   |  \- org.apache.commons:commons-lang3:jar:3.4:compile
   +- com.google.guava:guava:jar:26.0-jre:compile
   |  +- com.google.code.findbugs:jsr305:jar:3.0.2:compile
   |  +- org.checkerframework:checker-qual:jar:2.5.2:compile
   |  +- com.google.errorprone:error_prone_annotations:jar:2.1.3:compile
   |  +- com.google.j2objc:j2objc-annotations:jar:1.1:compile
   |  \- org.codehaus.mojo:animal-sniffer-annotations:jar:1.14:compile
   +- com.fasterxml.jackson.core:jackson-core:jar:2.9.7:compile
   +- com.fasterxml.jackson.core:jackson-databind:jar:2.9.7:compile
   |  +- com.fasterxml.jackson.core:jackson-annotations:jar:2.9.0:compile
   |  \- (com.fasterxml.jackson.core:jackson-core:jar:2.9.7:compile - omitted for duplicate)
   +- org.slf4j:slf4j-api:jar:1.7.13:compile
   +- commons-io:commons-io:jar:2.4:compile
   +- com.google.code.gson:gson:jar:2.5:compile
   +- commons-codec:commons-codec:jar:1.9:compile
   +- org.eclipse.tycho:org.eclipse.jdt.core:jar:3.14.0.v20171206-0802:compile
   +- org.eclipse.emf:org.eclipse.emf.common:jar:2.15.0:compile
   +- org.eclipse.emf:org.eclipse.emf.ecore:jar:2.15.0:compile
   |  \- (org.eclipse.emf:org.eclipse.emf.common:jar:2.15.0:compile - omitted for duplicate)
   +- org.eclipse.emf:org.eclipse.emf.ecore.xmi:jar:2.15.0:compile
   |  \- (org.eclipse.emf:org.eclipse.emf.ecore:jar:2.15.0:compile - omitted for duplicate)
   +- org.eclipse.emf:org.eclipse.emf.codegen:jar:2.14.0:compile
   |  +- org.eclipse.platform:org.eclipse.core.runtime:jar:3.19.0:compile
   |  |  +- org.eclipse.platform:org.eclipse.osgi:jar:3.16.0:compile
   |  |  +- org.eclipse.platform:org.eclipse.equinox.common:jar:3.13.0:compile
   |  |  +- org.eclipse.platform:org.eclipse.core.jobs:jar:3.10.800:compile
   |  |  |  \- (org.eclipse.platform:org.eclipse.equinox.common:jar:3.13.0:compile - omitted for duplicate)
   |  |  +- org.eclipse.platform:org.eclipse.equinox.registry:jar:3.9.0:compile
   |  |  |  \- (org.eclipse.platform:org.eclipse.equinox.common:jar:3.13.0:compile - omitted for duplicate)
   |  |  +- org.eclipse.platform:org.eclipse.equinox.preferences:jar:3.8.0:compile
   |  |  |  \- (org.eclipse.platform:org.eclipse.equinox.common:jar:3.13.0:compile - omitted for duplicate)
   |  |  +- org.eclipse.platform:org.eclipse.core.contenttype:jar:3.7.800:compile
   |  |  |  +- (org.eclipse.platform:org.eclipse.equinox.preferences:jar:3.8.0:compile - omitted for duplicate)
   |  |  |  +- (org.eclipse.platform:org.eclipse.equinox.registry:jar:3.9.0:compile - omitted for duplicate)
   |  |  |  \- (org.eclipse.platform:org.eclipse.equinox.common:jar:3.13.0:compile - omitted for duplicate)
   |  |  \- org.eclipse.platform:org.eclipse.equinox.app:jar:1.5.0:compile
   |  |     +- (org.eclipse.platform:org.eclipse.equinox.registry:jar:3.9.0:compile - omitted for duplicate)
   |  |     \- (org.eclipse.platform:org.eclipse.equinox.common:jar:3.13.0:compile - omitted for duplicate)
   |  +- (org.eclipse.emf:org.eclipse.emf.common:jar:2.15.0:compile - omitted for duplicate)
   |  +- org.eclipse.platform:org.eclipse.core.resources:jar:3.13.800:compile
   |  |  +- org.eclipse.platform:org.eclipse.core.expressions:jar:3.7.0:compile
   |  |  |  \- (org.eclipse.platform:org.eclipse.core.runtime:jar:3.19.0:compile - omitted for duplicate)
   |  |  +- org.eclipse.platform:org.eclipse.core.filesystem:jar:1.7.700:compile
   |  |  |  +- (org.eclipse.platform:org.eclipse.equinox.common:jar:3.13.0:compile - omitted for duplicate)
   |  |  |  +- (org.eclipse.platform:org.eclipse.equinox.registry:jar:3.9.0:compile - omitted for duplicate)
   |  |  |  \- (org.eclipse.platform:org.eclipse.osgi:jar:3.16.0:compile - omitted for duplicate)
   |  |  \- (org.eclipse.platform:org.eclipse.core.runtime:jar:3.19.0:compile - omitted for duplicate)
   |  +- org.eclipse.jdt:org.eclipse.jdt.core:jar:3.23.0:compile
   |  |  +- (org.eclipse.platform:org.eclipse.core.resources:jar:3.13.800:compile - omitted for duplicate)
   |  |  +- (org.eclipse.platform:org.eclipse.core.runtime:jar:3.19.0:compile - omitted for duplicate)
   |  |  +- (org.eclipse.platform:org.eclipse.core.filesystem:jar:1.7.700:compile - omitted for duplicate)
   |  |  \- (org.eclipse.platform:org.eclipse.text:jar:3.10.300:compile - omitted for duplicate)
   |  +- org.eclipse.jdt:org.eclipse.jdt.launching:jar:3.18.0:compile
   |  |  +- (org.eclipse.platform:org.eclipse.core.resources:jar:3.13.800:compile - omitted for duplicate)
   |  |  +- (org.eclipse.jdt:org.eclipse.jdt.core:jar:3.23.0:compile - omitted for duplicate)
   |  |  +- (org.eclipse.platform:org.eclipse.debug.core:jar:3.16.0:compile - omitted for duplicate)
   |  |  +- org.eclipse.jdt:org.eclipse.jdt.debug:jar:3.16.0:compile
   |  |  |  +- (org.eclipse.platform:org.eclipse.core.resources:jar:3.13.800:compile - omitted for duplicate)
   |  |  |  +- (org.eclipse.platform:org.eclipse.debug.core:jar:3.16.0:compile - omitted for duplicate)
   |  |  |  +- (org.eclipse.jdt:org.eclipse.jdt.core:jar:3.23.0:compile - omitted for duplicate)
   |  |  |  +- (org.eclipse.platform:org.eclipse.core.runtime:jar:3.19.0:compile - omitted for duplicate)
   |  |  |  \- (org.eclipse.platform:org.eclipse.core.expressions:jar:3.7.0:compile - omitted for duplicate)
   |  |  +- org.eclipse.platform:org.eclipse.core.variables:jar:3.4.800:compile
   |  |  |  \- (org.eclipse.platform:org.eclipse.core.runtime:jar:3.19.0:compile - omitted for duplicate)
   |  |  +- (org.eclipse.platform:org.eclipse.core.runtime:jar:3.19.0:compile - omitted for duplicate)
   |  |  +- (org.eclipse.platform:org.eclipse.osgi:jar:3.16.0:compile - omitted for duplicate)
   |  |  \- (org.eclipse.platform:org.eclipse.core.expressions:jar:3.7.0:compile - omitted for duplicate)
   |  +- org.eclipse.platform:org.eclipse.debug.core:jar:3.16.0:compile
   |  |  +- (org.eclipse.platform:org.eclipse.core.resources:jar:3.13.800:compile - omitted for duplicate)
   |  |  +- (org.eclipse.platform:org.eclipse.core.variables:jar:3.4.800:compile - omitted for duplicate)
   |  |  +- (org.eclipse.platform:org.eclipse.core.runtime:jar:3.19.0:compile - omitted for duplicate)
   |  |  +- (org.eclipse.platform:org.eclipse.core.filesystem:jar:1.7.700:compile - omitted for duplicate)
   |  |  \- (org.eclipse.platform:org.eclipse.core.expressions:jar:3.7.0:compile - omitted for duplicate)
   |  \- org.eclipse.platform:org.eclipse.text:jar:3.10.300:compile
   |     +- org.eclipse.platform:org.eclipse.core.commands:jar:3.9.700:compile
   |     |  \- (org.eclipse.platform:org.eclipse.equinox.common:jar:3.13.0:compile - omitted for duplicate)
   |     +- (org.eclipse.platform:org.eclipse.equinox.common:jar:3.13.0:compile - omitted for duplicate)
   |     +- (org.eclipse.platform:org.eclipse.equinox.preferences:jar:3.8.0:compile - omitted for duplicate)
   |     \- (org.eclipse.platform:org.eclipse.core.runtime:jar:3.19.0:compile - omitted for duplicate)
   +- org.eclipse.emf:org.eclipse.emf.codegen.ecore:jar:2.15.0:compile
   |  +- (org.eclipse.platform:org.eclipse.core.runtime:jar:3.19.0:compile - omitted for duplicate)
   |  +- (org.eclipse.platform:org.eclipse.core.resources:jar:3.13.800:compile - omitted for duplicate)
   |  +- (org.eclipse.jdt:org.eclipse.jdt.core:jar:3.23.0:compile - omitted for duplicate)
   |  +- (org.eclipse.jdt:org.eclipse.jdt.launching:jar:3.18.0:compile - omitted for duplicate)
   |  +- (org.eclipse.emf:org.eclipse.emf.ecore:jar:2.15.0:compile - omitted for duplicate)
   |  +- (org.eclipse.emf:org.eclipse.emf.codegen:jar:2.14.0:compile - omitted for duplicate)
   |  +- (org.eclipse.emf:org.eclipse.emf.ecore.xmi:jar:2.15.0:compile - omitted for duplicate)
   |  \- (org.eclipse.platform:org.eclipse.text:jar:3.10.300:compile - omitted for duplicate)
   +- org.eclipse.birt.runtime:org.eclipse.core.resources:jar:3.8.101.v20130717-0806:compile
   +- org.opensourcebim:buildingsmartlibrary:jar:1.0.13:compile
   |  +- org.antlr:antlr-complete:jar:3.5.2:compile
   |  |  +- org.antlr:antlr:jar:3.5.2:compile
   |  |  |  +- (org.antlr:antlr-runtime:jar:3.5.2:compile - omitted for duplicate)
   |  |  |  \- org.antlr:ST4:jar:4.0.8:compile
   |  |  |     \- (org.antlr:antlr-runtime:jar:3.5.2:compile - omitted for duplicate)
   |  |  +- org.antlr:antlr-runtime:jar:3.5.2:compile
   |  |  \- org.antlr:gunit:jar:3.5.2:compile
   |  |     +- junit:junit:jar:4.10:compile
   |  |     |  \- org.hamcrest:hamcrest-core:jar:1.1:compile
   |  |     +- (org.antlr:antlr:jar:3.5.2:compile - omitted for duplicate)
   |  |     \- org.antlr:stringtemplate:jar:3.2.1:compile
   |  |        \- antlr:antlr:jar:2.7.7:compile
   |  +- org.apache.xmlbeans:xmlbeans:jar:2.6.0:compile
   |  |  \- stax:stax-api:jar:1.0.1:compile
   |  +- gnu.getopt:java-getopt:jar:1.0.13:compile
   |  +- (org.slf4j:slf4j-api:jar:1.7.13:compile - omitted for duplicate)
   |  +- (com.google.guava:guava:jar:19.0:compile - omitted for conflict with 26.0-jre)
   |  \- (commons-io:commons-io:jar:2.4:compile - omitted for duplicate)
   \- org.glassfish:javax.json:jar:1.0.4:compile

Traceback (most recent call last):
  File "/home/jdbl/core/Debloat.py", line 80, in depClean
    output = subprocess.check_output(cmd, shell=True)
  File "/usr/lib/python3.7/subprocess.py", line 395, in check_output
    **kwargs).stdout
  File "/usr/lib/python3.7/subprocess.py", line 487, in run
    output=stdout, stderr=stderr)
subprocess.CalledProcessError: Command 'cd /tmp/tmpf09wor91/IfcOpenShell-BIMserver-plugin; mvn -gs /home/jdbl/core/../maven-proxy.xml se.kth.castor:depclean-maven-plugin:1.1.0:depclean -Dcreate.pom.debloated=true -Dcreate.result.json=true > /home/jdbl/results/opensourceBIM_IfcOpenShell-BIMserver-plugin/2e4b2f2747d643b1e5b90102684ce305b70114ca/depClean.log 2>&1' returned non-zero exit status 1.
