WARNING: Your kernel does not support swap limit capabilities or the cgroup is not mounted. Memory limited without swap.
net.openhft:chronicle-map:bundle:3.19.31
+- com.intellij:annotations:jar:12.0:compile
+- net.openhft:chronicle-core:jar:2.19.32:compile
|  +- (org.slf4j:slf4j-api:jar:1.7.30:compile - version managed from 1.7.25; omitted for duplicate)
|  \- org.jetbrains:annotations:jar:19.0.0:compile (version managed from 17.0.0)
+- net.openhft:chronicle-values:jar:2.19.30:compile
|  +- net.openhft:chronicle-bytes:jar:2.19.31:compile (version managed from 2.19.30)
|  |  +- (net.openhft:chronicle-core:jar:2.19.32:compile - omitted for duplicate)
|  |  +- (org.slf4j:slf4j-api:jar:1.7.30:compile - omitted for duplicate)
|  |  \- (org.jetbrains:annotations:jar:19.0.0:compile - version managed from 17.0.0; omitted for duplicate)
|  +- com.squareup:javapoet:jar:1.12.1:compile
|  +- (org.jetbrains:annotations:jar:19.0.0:compile - version managed from 17.0.0; omitted for duplicate)
|  +- (net.openhft:chronicle-core:jar:2.19.32:compile - version managed from 2.19.30; omitted for duplicate)
|  \- (com.sun:tools:jar:1.8.0_275:system - omitted for duplicate)
+- net.openhft:chronicle-threads:jar:2.19.31:compile
|  +- (net.openhft:affinity:jar:3.2.3:compile - omitted for duplicate)
|  +- (net.openhft:chronicle-core:jar:2.19.32:compile - version managed from 2.19.31; omitted for duplicate)
|  \- (org.slf4j:slf4j-api:jar:1.7.30:compile - version managed from 1.7.25; omitted for duplicate)
+- org.slf4j:slf4j-api:jar:1.7.30:compile
+- net.openhft:chronicle-wire:jar:2.19.30:compile
|  +- (net.openhft:chronicle-bytes:jar:2.19.31:compile - version managed from 2.19.30; omitted for duplicate)
|  +- (net.openhft:chronicle-threads:jar:2.19.31:compile - version managed from 2.19.30; omitted for duplicate)
|  \- net.openhft:compiler:jar:2.3.5:compile
|     +- (org.slf4j:slf4j-api:jar:1.7.30:compile - version managed from 1.7.25; omitted for duplicate)
|     \- (com.intellij:annotations:jar:12.0:compile - omitted for duplicate)
+- net.openhft:chronicle-algorithms:jar:2.19.0:compile
|  +- (net.openhft:chronicle-core:jar:2.19.32:compile - version managed from 2.19.0; omitted for duplicate)
|  +- (net.openhft:chronicle-bytes:jar:2.19.31:compile - version managed from 2.19.0; omitted for duplicate)
|  \- (org.slf4j:slf4j-api:jar:1.7.30:compile - version managed from 1.7.25; omitted for duplicate)
+- net.java.dev.jna:jna:jar:5.5.0:compile
+- net.java.dev.jna:jna-platform:jar:5.5.0:compile
|  \- (net.java.dev.jna:jna:jar:5.5.0:compile - version managed from 4.2.1; omitted for duplicate)
+- com.thoughtworks.xstream:xstream:jar:1.4.12:compile
|  +- xmlpull:xmlpull:jar:1.1.3.1:compile
|  \- xpp3:xpp3_min:jar:1.1.4c:compile
+- org.codehaus.jettison:jettison:jar:1.4.1:compile
+- org.ops4j.pax.url:pax-url-aether:jar:2.6.2:compile
|  +- org.ops4j.pax.url:pax-url-aether-support:jar:2.6.2:compile
|  |  \- org.apache.maven.resolver:maven-resolver-impl:jar:1.3.1:compile
|  |     +- org.apache.maven.resolver:maven-resolver-api:jar:1.3.1:compile
|  |     +- org.apache.maven.resolver:maven-resolver-spi:jar:1.3.1:compile
|  |     |  \- (org.apache.maven.resolver:maven-resolver-api:jar:1.3.1:compile - omitted for duplicate)
|  |     +- org.apache.maven.resolver:maven-resolver-util:jar:1.3.1:compile
|  |     |  \- (org.apache.maven.resolver:maven-resolver-api:jar:1.3.1:compile - omitted for duplicate)
|  |     \- (org.slf4j:slf4j-api:jar:1.7.30:compile - version managed from 1.7.25; omitted for duplicate)
|  \- org.slf4j:jcl-over-slf4j:jar:1.6.6:compile
|     \- (org.slf4j:slf4j-api:jar:1.7.30:compile - version managed from 1.6.6; omitted for duplicate)
+- net.openhft:jlbh:jar:1.19.30:test
|  +- (net.openhft:affinity:jar:3.2.3:test - omitted for duplicate)
|  +- (net.openhft:chronicle-core:jar:2.19.32:test - version managed from 2.19.31; omitted for duplicate)
|  \- (org.jetbrains:annotations:jar:19.0.0:test - version managed from 17.0.0; omitted for duplicate)
+- junit:junit:jar:4.13:test
|  \- org.hamcrest:hamcrest-core:jar:1.3:test
+- org.slf4j:slf4j-simple:jar:1.7.30:test
|  \- (org.slf4j:slf4j-api:jar:1.7.30:test - version managed from 1.6.6; omitted for duplicate)
+- org.mockito:mockito-core:jar:3.3.3:test
|  +- net.bytebuddy:byte-buddy:jar:1.10.5:test
|  +- net.bytebuddy:byte-buddy-agent:jar:1.10.5:test
|  \- org.objenesis:objenesis:jar:2.6:test
+- org.powermock:powermock-module-junit4:jar:2.0.7:test
|  +- org.powermock:powermock-module-junit4-common:jar:2.0.7:test
|  |  +- org.powermock:powermock-reflect:jar:2.0.7:test
|  |  |  +- (org.objenesis:objenesis:jar:3.0.1:test - omitted for conflict with 2.6)
|  |  |  +- (net.bytebuddy:byte-buddy:jar:1.9.10:test - omitted for conflict with 1.10.5)
|  |  |  \- (net.bytebuddy:byte-buddy-agent:jar:1.9.10:test - omitted for conflict with 1.10.5)
|  |  +- org.powermock:powermock-core:jar:2.0.7:test
|  |  |  +- (org.powermock:powermock-reflect:jar:2.0.7:test - omitted for duplicate)
|  |  |  +- org.javassist:javassist:jar:3.27.0-GA:test
|  |  |  +- (net.bytebuddy:byte-buddy:jar:1.9.10:test - omitted for conflict with 1.10.5)
|  |  |  \- (net.bytebuddy:byte-buddy-agent:jar:1.9.10:test - omitted for conflict with 1.10.5)
|  |  +- (junit:junit:jar:4.13:test - version managed from 4.12; omitted for duplicate)
|  |  \- (org.hamcrest:hamcrest-core:jar:1.3:test - omitted for duplicate)
|  +- (junit:junit:jar:4.13:test - version managed from 4.12; omitted for duplicate)
|  \- (org.hamcrest:hamcrest-core:jar:1.3:test - omitted for duplicate)
+- org.powermock:powermock-api-mockito:jar:1.7.4:test
|  +- org.powermock:powermock-api-mockito-common:jar:1.7.4:test
|  |  +- org.powermock:powermock-api-support:jar:1.7.4:test
|  |  |  +- (org.powermock:powermock-reflect:jar:1.7.4:test - omitted for conflict with 2.0.7)
|  |  |  \- (org.powermock:powermock-core:jar:1.7.4:test - omitted for conflict with 2.0.7)
|  |  \- (org.mockito:mockito-core:jar:3.3.3:test - version managed from 2.8.9; omitted for duplicate)
|  \- (org.mockito:mockito-core:jar:3.3.3:test - version managed from 1.10.19; omitted for duplicate)
+- net.openhft:affinity:jar:3.2.3:test (scope not updated to compile)
|  +- (org.slf4j:slf4j-api:jar:1.7.30:test - version managed from 1.7.25; omitted for duplicate)
|  +- (net.java.dev.jna:jna:jar:5.5.0:test - version managed from 4.2.1; omitted for duplicate)
|  +- (net.java.dev.jna:jna-platform:jar:5.5.0:test - version managed from 4.2.1; omitted for duplicate)
|  \- (org.jetbrains:annotations:jar:19.0.0:test - version managed from 17.0.0; omitted for duplicate)
+- com.google.guava:guava-testlib:jar:19.0:test
|  +- com.google.code.findbugs:jsr305:jar:1.3.9:test
|  +- com.google.errorprone:error_prone_annotations:jar:2.0.2:test
|  +- com.google.guava:guava:jar:19.0:test
|  \- (junit:junit:jar:4.13:test - version managed from 4.8.2; omitted for duplicate)
+- net.openhft:zero-allocation-hashing:jar:0.8:test
+- com.samskivert:samskivert:jar:1.9:test
+- org.apache.commons:commons-lang3:jar:3.10:test
+- io.hawt:hawtio-embedded:jar:2.7.1:test
|  +- org.eclipse.jetty:jetty-webapp:jar:9.4.6.v20170531:test
|  |  +- org.eclipse.jetty:jetty-xml:jar:9.4.6.v20170531:test
|  |  |  \- org.eclipse.jetty:jetty-util:jar:9.4.6.v20170531:test
|  |  \- org.eclipse.jetty:jetty-servlet:jar:9.4.6.v20170531:test
|  |     \- org.eclipse.jetty:jetty-security:jar:9.4.6.v20170531:test
|  |        \- (org.eclipse.jetty:jetty-server:jar:9.4.6.v20170531:test - omitted for duplicate)
|  +- org.eclipse.jetty:jetty-server:jar:9.4.6.v20170531:test
|  |  +- javax.servlet:javax.servlet-api:jar:3.1.0:test
|  |  +- org.eclipse.jetty:jetty-http:jar:9.4.6.v20170531:test
|  |  |  +- (org.eclipse.jetty:jetty-util:jar:9.4.6.v20170531:test - omitted for duplicate)
|  |  |  \- (org.eclipse.jetty:jetty-io:jar:9.4.6.v20170531:test - omitted for duplicate)
|  |  \- org.eclipse.jetty:jetty-io:jar:9.4.6.v20170531:test
|  |     \- (org.eclipse.jetty:jetty-util:jar:9.4.6.v20170531:test - omitted for duplicate)
|  +- (org.slf4j:slf4j-api:jar:1.7.30:test - version managed from 1.7.26; omitted for duplicate)
|  \- (org.slf4j:slf4j-simple:jar:1.7.30:test - version managed from 1.7.26; omitted for duplicate)
+- org.skyscreamer:jsonassert:jar:1.5.0:test
|  \- com.vaadin.external.google:android-json:jar:0.0.20131108.vaadin1:test
+- net.openhft:stage-compiler:jar:1.11:provided
|  +- net.openhft:spoon-core:jar:4.4.1:provided
|  |  +- org.eclipse.jdt.core.compiler:ecj:jar:4.4.2:provided
|  |  +- com.martiansoftware:jsap:jar:2.1:provided
|  |  +- log4j:log4j:jar:1.2.17:provided
|  |  \- commons-io:commons-io:jar:1.3.2:provided
|  \- it.unimi.dsi:fastutil:jar:7.0.6:provided
\- com.sun:tools:jar:1.8.0_275:system

