WARNING: Your kernel does not support swap limit capabilities or the cgroup is not mounted. Memory limited without swap.
net.openhft:chronicle-map:jar:2.0.4a
+- net.openhft:lang:jar:6.4.10:compile
|  +- (org.slf4j:slf4j-api:jar:1.7.6:compile - omitted for duplicate)
|  +- com.sun.java:tools:jar:1.8.0_275:system
|  \- net.openhft:compiler:jar:2.2.0:compile
|     +- (org.slf4j:slf4j-api:jar:1.7.6:compile - omitted for duplicate)
|     +- (com.sun.java:tools:jar:1.8.0_275:system - omitted for duplicate)
|     \- org.kohsuke.jetbrains:annotations:jar:9.0:compile
+- org.slf4j:slf4j-api:jar:1.7.6:compile
+- junit:junit:jar:4.11:test
|  \- org.hamcrest:hamcrest-core:jar:1.3:test
+- org.slf4j:slf4j-simple:jar:1.7.6:test
|  \- (org.slf4j:slf4j-api:jar:1.7.6:test - omitted for duplicate)
+- org.testng:testng:jar:6.8.8:test
|  +- org.beanshell:bsh:jar:2.0b4:test
|  \- com.beust:jcommander:jar:1.27:test
+- org.mockito:mockito-core:jar:1.9.5:test
|  +- (org.hamcrest:hamcrest-core:jar:1.1:test - omitted for conflict with 1.3)
|  \- org.objenesis:objenesis:jar:1.0:test
+- net.openhft:affinity:jar:2.1.0:test
|  +- (org.slf4j:slf4j-api:jar:1.7.6:test - omitted for duplicate)
|  +- net.java.dev.jna:jna:jar:4.1.0:test
|  +- net.java.dev.jna:jna-platform:jar:4.1.0:test
|  |  \- (net.java.dev.jna:jna:jar:4.1.0:test - omitted for duplicate)
|  \- (org.kohsuke.jetbrains:annotations:jar:9.0:compile - scope updated from test; omitted for duplicate)
\- com.google.guava:guava-testlib:jar:16.0.1:test
   +- com.google.code.findbugs:jsr305:jar:1.3.9:test
   +- com.google.guava:guava:jar:16.0.1:test
   +- (junit:junit:jar:4.11:test - version managed from 4.8.2; omitted for duplicate)
   \- org.truth0:truth:jar:0.13:test
      \- (junit:junit:jar:4.11:test - version managed from 4.8.2; omitted for duplicate)

