WARNING: Your kernel does not support swap limit capabilities or the cgroup is not mounted. Memory limited without swap.
net.openhft:chronicle-map:bundle:3.7.0-rc
+- net.openhft:chronicle-core:jar:1.3.6:compile
|  +- (org.slf4j:slf4j-api:jar:1.7.14:compile - omitted for duplicate)
|  \- (com.intellij:annotations:jar:12.0:compile - omitted for duplicate)
+- net.openhft:chronicle-values:jar:1.0.6-alpha:compile
|  +- (net.openhft:chronicle-core:jar:1.3.6:compile - omitted for duplicate)
|  +- (net.openhft:chronicle-bytes:jar:1.2.4:compile - version managed from 1.2.3; omitted for duplicate)
|  +- com.sun.java:tools:jar:1.8.0_275:system
|  \- com.squareup:javapoet:jar:1.5.1:compile
+- net.openhft:chronicle-threads:jar:1.3.0:compile
|  +- (net.openhft:chronicle-core:jar:1.3.6:compile - version managed from 1.3.0; omitted for duplicate)
|  +- (org.slf4j:slf4j-api:jar:1.7.14:compile - omitted for duplicate)
|  \- (com.intellij:annotations:jar:12.0:compile - omitted for duplicate)
+- org.slf4j:slf4j-api:jar:1.7.14:compile
+- com.intellij:annotations:jar:12.0:compile
+- net.openhft:chronicle-wire:jar:1.3.6:compile
|  +- (net.openhft:chronicle-core:jar:1.3.6:compile - version managed from 1.3.1; omitted for duplicate)
|  +- (net.openhft:chronicle-bytes:jar:1.2.4:compile - version managed from 1.2.3; omitted for duplicate)
|  \- (com.intellij:annotations:jar:12.0:compile - omitted for duplicate)
+- net.openhft:chronicle-bytes:jar:1.2.4:compile
|  +- (net.openhft:chronicle-core:jar:1.3.6:compile - version managed from 1.3.1; omitted for duplicate)
|  +- (org.slf4j:slf4j-api:jar:1.7.14:compile - omitted for duplicate)
|  +- (com.intellij:annotations:jar:12.0:compile - omitted for duplicate)
|  \- org.xerial.snappy:snappy-java:jar:1.1.2.1:compile
+- net.openhft:chronicle-algorithms:jar:1.1.7:compile
|  +- (net.openhft:chronicle-core:jar:1.3.6:compile - version managed from 1.3.0; omitted for duplicate)
|  +- (net.openhft:chronicle-bytes:jar:1.2.4:compile - version managed from 1.2.3; omitted for duplicate)
|  +- (org.slf4j:slf4j-api:jar:1.7.14:compile - omitted for duplicate)
|  \- (com.intellij:annotations:jar:12.0:compile - omitted for duplicate)
+- net.java.dev.jna:jna:jar:4.2.1:compile
+- net.java.dev.jna:jna-platform:jar:4.2.1:compile
|  \- (net.java.dev.jna:jna:jar:4.2.1:compile - omitted for duplicate)
+- com.thoughtworks.xstream:xstream:jar:1.4.8:compile
|  +- xmlpull:xmlpull:jar:1.1.3.1:compile
|  \- xpp3:xpp3_min:jar:1.1.4c:compile
+- org.codehaus.jettison:jettison:jar:1.3.7:compile
|  \- stax:stax-api:jar:1.0.1:compile
+- org.ops4j.pax.url:pax-url-aether:jar:2.4.5:compile
|  \- org.slf4j:jcl-over-slf4j:jar:1.6.6:compile
|     \- (org.slf4j:slf4j-api:jar:1.7.14:compile - version managed from 1.6.6; omitted for duplicate)
+- junit:junit:jar:4.12:test
|  \- org.hamcrest:hamcrest-core:jar:1.3:test
+- org.slf4j:slf4j-simple:jar:1.7.14:test
|  \- (org.slf4j:slf4j-api:jar:1.7.14:test - version managed from 1.6.6; omitted for duplicate)
+- org.mockito:mockito-core:jar:2.0.41-beta:test
|  +- net.bytebuddy:byte-buddy:jar:1.0.2:test
|  \- org.objenesis:objenesis:jar:2.1:test
+- org.powermock:powermock-module-junit4:jar:1.6.4:test
|  +- (junit:junit:jar:4.12:test - omitted for duplicate)
|  \- org.powermock:powermock-module-junit4-common:jar:1.6.4:test
|     +- (junit:junit:jar:4.12:test - version managed from 4.4; omitted for duplicate)
|     +- org.powermock:powermock-core:jar:1.6.4:test
|     |  +- (org.powermock:powermock-reflect:jar:1.6.4:test - omitted for duplicate)
|     |  \- org.javassist:javassist:jar:3.20.0-GA:test
|     \- org.powermock:powermock-reflect:jar:1.6.4:test
|        \- (org.objenesis:objenesis:jar:2.1:test - omitted for duplicate)
+- org.powermock:powermock-api-mockito:jar:1.6.4:test
|  +- (org.mockito:mockito-core:jar:2.0.41-beta:test - version managed from 1.10.19; omitted for duplicate)
|  +- (org.hamcrest:hamcrest-core:jar:1.3:test - omitted for duplicate)
|  \- org.powermock:powermock-api-support:jar:1.6.4:test
|     +- (org.powermock:powermock-core:jar:1.6.4:test - omitted for duplicate)
|     \- (org.powermock:powermock-reflect:jar:1.6.4:test - omitted for duplicate)
+- net.openhft:affinity:jar:3.0.2:test
|  +- (org.slf4j:slf4j-api:jar:1.7.14:test - version managed from 1.6.6; omitted for duplicate)
|  +- (net.java.dev.jna:jna:jar:4.2.1:test - omitted for duplicate)
|  +- (net.java.dev.jna:jna-platform:jar:4.2.1:test - omitted for duplicate)
|  \- (com.intellij:annotations:jar:12.0:test - omitted for duplicate)
+- com.google.guava:guava-testlib:jar:19.0:test
|  +- com.google.code.findbugs:jsr305:jar:1.3.9:test
|  +- com.google.errorprone:error_prone_annotations:jar:2.0.2:test
|  +- com.google.guava:guava:jar:19.0:test
|  \- (junit:junit:jar:4.12:test - version managed from 4.8.2; omitted for duplicate)
+- net.openhft:stage-compiler:jar:1.10:provided
|  +- net.openhft:spoon-core:jar:4.4.1:provided
|  |  +- org.eclipse.jdt.core.compiler:ecj:jar:4.4.2:provided
|  |  +- com.martiansoftware:jsap:jar:2.1:provided
|  |  +- log4j:log4j:jar:1.2.17:provided
|  |  \- commons-io:commons-io:jar:1.3.2:provided
|  \- it.unimi.dsi:fastutil:jar:7.0.6:provided
+- net.openhft:zero-allocation-hashing:jar:0.4:test
|  \- (com.intellij:annotations:jar:12.0:test - omitted for duplicate)
\- com.samskivert:samskivert:jar:1.9:test

