WARNING: Your kernel does not support swap limit capabilities or the cgroup is not mounted. Memory limited without swap.
Traceback (most recent call last):
  File "/home/jdbl/core/Debloat.py", line 80, in depClean
    output = subprocess.check_output(cmd, shell=True)
  File "/usr/lib/python3.7/subprocess.py", line 395, in check_output
    **kwargs).stdout
  File "/usr/lib/python3.7/subprocess.py", line 487, in run
    output=stdout, stderr=stderr)
subprocess.CalledProcessError: Command 'cd /tmp/tmp5zqytdye/IfcOpenShell-BIMserver-plugin; mvn -gs /home/jdbl/core/../maven-proxy.xml se.kth.castor:depclean-maven-plugin:1.1.0:depclean -Dcreate.pom.debloated=true -Dcreate.result.json=true > /home/jdbl/results/opensourceBIM_IfcOpenShell-BIMserver-plugin/abccd965a50a9a50749b1d7ffd9bb4165dfab89c/depClean.log 2>&1' returned non-zero exit status 1.
[ERROR] Command 'cd /tmp/tmp5zqytdye/IfcOpenShell-BIMserver-plugin; mvn -gs /home/jdbl/core/../maven-proxy.xml se.kth.castor:depclean-maven-plugin:1.1.0:depclean -Dcreate.pom.debloated=true -Dcreate.result.json=true > /home/jdbl/results/opensourceBIM_IfcOpenShell-BIMserver-plugin/abccd965a50a9a50749b1d7ffd9bb4165dfab89c/depClean.log 2>&1' returned non-zero exit status 1.
org.opensourcebim:ifcopenshellplugin:jar:0.5.1
\- org.opensourcebim:pluginbase:jar:1.5.13:compile
   +- com.google.guava:guava:jar:19.0:compile
   +- com.fasterxml.jackson.core:jackson-core:jar:2.6.4:compile
   +- com.fasterxml.jackson.core:jackson-databind:jar:2.6.4:compile
   |  +- com.fasterxml.jackson.core:jackson-annotations:jar:2.6.0:compile
   |  \- (com.fasterxml.jackson.core:jackson-core:jar:2.6.4:compile - omitted for duplicate)
   +- org.slf4j:slf4j-api:jar:1.7.13:compile
   +- commons-io:commons-io:jar:2.4:compile
   +- com.google.code.gson:gson:jar:2.5:compile
   +- commons-codec:commons-codec:jar:1.9:compile
   +- org.eclipse.tycho:org.eclipse.jdt.core:jar:3.9.1.v20130905-0837:compile
   +- org.eclipse.core:runtime:jar:3.9.100-v20131218-1515:compile
   |  +- org.eclipse:osgi:jar:3.10.0-v20140606-1445:compile
   |  +- org.eclipse.equinox:common:jar:3.6.200-v20130402-1505:compile
   |  +- org.eclipse.core:jobs:jar:3.6.0-v20140424-0053:compile
   |  |  \- (org.eclipse.equinox:common:jar:3.6.200-v20130402-1505:compile - omitted for duplicate)
   |  +- org.eclipse.equinox:registry:jar:3.5.400-v20140428-1507:compile
   |  |  \- (org.eclipse.equinox:common:jar:3.6.200-v20130402-1505:compile - omitted for duplicate)
   |  +- org.eclipse.equinox:preferences:jar:3.5.200-v20140224-1527:compile
   |  |  \- (org.eclipse.equinox:common:jar:3.6.200-v20130402-1505:compile - omitted for duplicate)
   |  +- org.eclipse.core:contenttype:jar:3.4.200-v20140207-1251:compile
   |  |  +- (org.eclipse.equinox:preferences:jar:3.5.200-v20140224-1527:compile - omitted for duplicate)
   |  |  +- (org.eclipse.equinox:registry:jar:3.5.400-v20140428-1507:compile - omitted for duplicate)
   |  |  \- (org.eclipse.equinox:common:jar:3.6.200-v20130402-1505:compile - omitted for duplicate)
   |  \- org.eclipse.equinox:app:jar:1.3.200-v20130910-1609:compile
   |     +- (org.eclipse.equinox:registry:jar:3.5.400-v20140428-1507:compile - omitted for duplicate)
   |     \- (org.eclipse.equinox:common:jar:3.6.200-v20130402-1505:compile - omitted for duplicate)
   +- org.eclipse.emf:org.eclipse.emf.common:jar:2.11.0-v20150805-0538:compile
   +- org.eclipse.emf:org.eclipse.emf.ecore:jar:2.11.1-v20150805-0538:compile
   +- org.eclipse.emf:org.eclipse.emf.ecore.xmi:jar:2.11.1-v20150805-0538:compile
   +- org.eclipse.emf:org.eclipse.emf.codegen:jar:2.11.0-v20150806-0404:compile
   +- org.eclipse.emf:org.eclipse.emf.codegen.ecore:jar:2.11.0-v20150806-0404:compile
   +- org.eclipse.birt.runtime:org.eclipse.core.resources:jar:3.8.101.v20130717-0806:compile
   \- org.opensourcebim:buildingsmartlibrary:jar:1.0.11:compile
      +- org.antlr:antlr-complete:jar:3.5.2:compile
      |  +- org.antlr:antlr:jar:3.5.2:compile
      |  |  +- (org.antlr:antlr-runtime:jar:3.5.2:compile - omitted for duplicate)
      |  |  \- org.antlr:ST4:jar:4.0.8:compile
      |  |     \- (org.antlr:antlr-runtime:jar:3.5.2:compile - omitted for duplicate)
      |  +- org.antlr:antlr-runtime:jar:3.5.2:compile
      |  \- org.antlr:gunit:jar:3.5.2:compile
      |     +- junit:junit:jar:4.10:compile
      |     |  \- org.hamcrest:hamcrest-core:jar:1.1:compile
      |     +- (org.antlr:antlr:jar:3.5.2:compile - omitted for duplicate)
      |     \- org.antlr:stringtemplate:jar:3.2.1:compile
      |        \- antlr:antlr:jar:2.7.7:compile
      +- org.apache.xmlbeans:xmlbeans:jar:2.6.0:compile
      |  \- stax:stax-api:jar:1.0.1:compile
      +- gnu.getopt:java-getopt:jar:1.0.13:compile
      +- (org.slf4j:slf4j-api:jar:1.7.13:compile - omitted for duplicate)
      +- (com.google.guava:guava:jar:19.0:compile - omitted for duplicate)
      \- (commons-io:commons-io:jar:2.4:compile - omitted for duplicate)

