WARNING: Your kernel does not support swap limit capabilities or the cgroup is not mounted. Memory limited without swap.
org.osgl:osgl-tool:jar:1.17.0
+- commons-codec:commons-codec:jar:1.11:test
+- commons-beanutils:commons-beanutils-core:jar:1.8.3:test
|  \- commons-logging:commons-logging:jar:1.1.1:test
+- com.baidu.unbiz:easy-mapper:jar:1.0.4:test
|  +- (org.slf4j:slf4j-api:jar:1.7.7:compile - scope updated from test; omitted for duplicate)
|  +- org.slf4j:slf4j-log4j12:jar:1.7.7:test
|  |  +- (org.slf4j:slf4j-api:jar:1.7.7:test - omitted for duplicate)
|  |  \- log4j:log4j:jar:1.2.17:test
|  \- (org.javassist:javassist:jar:3.18.1-GA:compile - scope updated from test; omitted for duplicate)
+- net.sf.dozer:dozer:jar:5.5.1:test
|  +- commons-beanutils:commons-beanutils:jar:1.9.1:test
|  |  \- commons-collections:commons-collections:jar:3.2.1:test
|  +- (org.apache.commons:commons-lang3:jar:3.2.1:test - omitted for conflict with 3.7)
|  +- (org.slf4j:slf4j-api:jar:1.7.5:test - omitted for conflict with 1.7.7)
|  \- org.slf4j:jcl-over-slf4j:jar:1.7.5:test
|     \- (org.slf4j:slf4j-api:jar:1.7.5:test - omitted for conflict with 1.7.7)
+- org.modelmapper:modelmapper:jar:1.1.0:test
+- cn.hutool:hutool-core:jar:4.0.12:compile
+- ma.glasnost.orika:orika-core:jar:1.5.2:compile
|  +- org.javassist:javassist:jar:3.18.1-GA:compile
|  +- com.thoughtworks.paranamer:paranamer:jar:2.8:compile
|  +- (org.slf4j:slf4j-api:jar:1.7.7:compile - omitted for conflict with 1.7.25)
|  +- com.googlecode.concurrentlinkedhashmap:concurrentlinkedhashmap-lru:jar:1.4.2:compile
|  +- com.carrotsearch:java-sizeof:jar:0.0.4:compile
|  \- org.codehaus.janino:janino:jar:2.7.5:compile
|     \- org.codehaus.janino:commons-compiler:jar:2.7.5:compile
+- org.apache.commons:commons-lang3:jar:3.7:test
+- joda-time:joda-time:jar:2.9.9:test
+- org.osgl:osgl-ut:jar:2.0.0-BETA-1:test
|  +- org.hamcrest:hamcrest-junit:jar:2.0.0.0:test
|  |  +- (junit:junit:jar:4.12:test - omitted for duplicate)
|  |  \- org.hamcrest:java-hamcrest:jar:2.0.0.0:test
|  +- (org.osgl:osgl-version:jar:2.0.0-BETA-1:test - omitted for duplicate)
|  +- (junit:junit:jar:4.12:test - omitted for duplicate)
|  +- (org.mockito:mockito-core:jar:2.9.0:test - omitted for duplicate)
|  \- (org.slf4j:slf4j-api:jar:1.7.25:test - omitted for conflict with 1.7.7)
+- com.carrotsearch:junit-benchmarks:jar:0.7.2:test
+- com.alibaba:fastjson:jar:1.2.47:compile
+- junit:junit:jar:4.12:compile
|  \- org.hamcrest:hamcrest-core:jar:1.3:compile
+- org.mockito:mockito-core:jar:2.9.0:compile
|  +- net.bytebuddy:byte-buddy:jar:1.7.0:runtime
|  +- net.bytebuddy:byte-buddy-agent:jar:1.7.0:runtime
|  \- org.objenesis:objenesis:jar:2.6:runtime
+- org.slf4j:slf4j-api:jar:1.7.25:compile
\- org.osgl:osgl-version:jar:2.0.0-BETA-1:compile
   +- (junit:junit:jar:4.12:compile - omitted for duplicate)
   +- (org.mockito:mockito-core:jar:2.9.0:compile - omitted for duplicate)
   \- (org.slf4j:slf4j-api:jar:1.7.25:compile - omitted for duplicate)

