WARNING: Your kernel does not support swap limit capabilities or the cgroup is not mounted. Memory limited without swap.
org.osgl:osgl-tool:jar:1.12.0
+- commons-codec:commons-codec:jar:1.11:test
+- commons-beanutils:commons-beanutils-core:jar:1.8.3:test
|  \- commons-logging:commons-logging:jar:1.1.1:test
+- joda-time:joda-time:jar:2.9.9:test
+- org.osgl:osgl-ut:jar:2.0.0-BETA-1:test
|  +- org.hamcrest:hamcrest-junit:jar:2.0.0.0:test
|  |  +- (junit:junit:jar:4.12:test - omitted for duplicate)
|  |  \- org.hamcrest:java-hamcrest:jar:2.0.0.0:test
|  +- (org.osgl:osgl-version:jar:2.0.0-BETA-1:test - omitted for duplicate)
|  +- (junit:junit:jar:4.12:test - omitted for duplicate)
|  +- (org.mockito:mockito-core:jar:2.9.0:test - omitted for duplicate)
|  \- (org.slf4j:slf4j-api:jar:1.7.25:test - omitted for duplicate)
+- com.carrotsearch:junit-benchmarks:jar:0.7.2:test
+- com.alibaba:fastjson:jar:1.2.47:compile
+- org.osgl:osgl-storage:jar:1.5.2:provided
|  +- org.osgl:osgl-logging:jar:1.1.2:provided
|  |  +- (junit:junit:jar:4.12:provided - omitted for duplicate)
|  |  +- (org.mockito:mockito-core:jar:2.9.0:provided - omitted for duplicate)
|  |  +- (org.osgl:osgl-version:jar:2.0.0-BETA-1:provided - omitted for duplicate)
|  |  \- (org.osgl:osgl-ut:jar:2.0.0-BETA-1:provided - omitted for duplicate)
|  +- (junit:junit:jar:4.12:provided - omitted for duplicate)
|  +- (org.mockito:mockito-core:jar:2.9.0:provided - omitted for duplicate)
|  +- (org.slf4j:slf4j-api:jar:1.7.25:provided - omitted for duplicate)
|  +- (org.osgl:osgl-version:jar:2.0.0-BETA-1:provided - omitted for duplicate)
|  \- (org.osgl:osgl-ut:jar:2.0.0-BETA-1:provided - omitted for duplicate)
+- junit:junit:jar:4.12:compile
|  \- org.hamcrest:hamcrest-core:jar:1.3:compile
+- org.mockito:mockito-core:jar:2.9.0:compile
|  +- net.bytebuddy:byte-buddy:jar:1.7.0:runtime
|  +- net.bytebuddy:byte-buddy-agent:jar:1.7.0:runtime
|  \- org.objenesis:objenesis:jar:2.6:runtime
+- org.slf4j:slf4j-api:jar:1.7.25:compile
\- org.osgl:osgl-version:jar:2.0.0-BETA-1:compile
   +- (junit:junit:jar:4.12:compile - omitted for duplicate)
   +- (org.mockito:mockito-core:jar:2.9.0:compile - omitted for duplicate)
   \- (org.slf4j:slf4j-api:jar:1.7.25:compile - omitted for duplicate)

