WARNING: Your kernel does not support swap limit capabilities or the cgroup is not mounted. Memory limited without swap.
com.kylenicholls.stash:parameterized-builds:atlassian-plugin:3.0.1
+- com.atlassian.bitbucket.server:bitbucket-api:jar:5.1.0:provided
|  +- com.atlassian.analytics:analytics-api:jar:5.3.3:provided
|  +- com.atlassian.annotations:atlassian-annotations:jar:2.1.0:provided
|  |  \- (com.google.code.findbugs:jsr305:jar:3.0.0:provided - omitted for duplicate)
|  +- com.atlassian.crowd:embedded-crowd-api:jar:2.12.0:provided
|  |  +- (org.apache.commons:commons-lang3:jar:3.5:provided - omitted for duplicate)
|  |  +- (com.google.guava:guava:jar:18.0:provided - omitted for duplicate)
|  |  +- (com.google.code.findbugs:jsr305:jar:3.0.0:provided - omitted for duplicate)
|  |  \- (com.atlassian.annotations:atlassian-annotations:jar:2.1.0:provided - version managed from 1.1.0; omitted for duplicate)
|  +- com.atlassian.event:atlassian-event:jar:3.1.5:provided
|  +- com.atlassian.extras:atlassian-extras-api:jar:3.3.0:provided
|  +- com.atlassian.utils:atlassian-processutils:jar:1.7.9:provided
|  |  \- org.jvnet.winp:winp:jar:1.17-atlassian1:provided
|  +- com.google.code.findbugs:jsr305:jar:3.0.0:provided
|  +- com.google.guava:guava:jar:18.0:provided
|  +- org.apache.commons:commons-lang3:jar:3.5:provided
|  +- org.hibernate:hibernate-validator:jar:5.4.1.Final:provided
|  |  +- javax.validation:validation-api:jar:1.1.0.Final:provided
|  |  +- org.jboss.logging:jboss-logging:jar:3.3.1.Final:provided (version managed from 3.3.0.Final)
|  |  \- com.fasterxml:classmate:jar:1.3.1:provided
|  \- (org.slf4j:slf4j-api:jar:1.7.25:provided - version managed from 1.7.5; omitted for conflict with 1.6.6)
+- com.atlassian.bitbucket.server:bitbucket-branch-api:jar:5.1.0:provided
+- com.atlassian.bitbucket.server:bitbucket-spi:jar:5.1.0:provided
|  +- (com.atlassian.bitbucket.server:bitbucket-api:jar:5.1.0:provided - omitted for duplicate)
|  +- com.atlassian.plugins:atlassian-plugins-core:jar:4.4.8:provided
|  |  +- com.atlassian.plugins:atlassian-plugins-api:jar:4.4.8:provided
|  |  |  +- (dom4j:dom4j:jar:1.6.1:provided - version managed from 1.4; omitted for duplicate)
|  |  |  +- (com.atlassian.event:atlassian-event:jar:3.1.5:provided - version managed from 3.1.3; omitted for duplicate)
|  |  |  +- (com.atlassian.fugue:fugue:jar:2.6.1:provided - version managed from 2.2.1; omitted for duplicate)
|  |  |  +- (com.atlassian.annotations:atlassian-annotations:jar:2.1.0:provided - version managed from 1.1.0; omitted for duplicate)
|  |  |  +- (com.atlassian.util.concurrent:atlassian-util-concurrent:jar:3.0.0:provided - omitted for duplicate)
|  |  |  +- (com.google.code.findbugs:jsr305:jar:3.0.0:provided - omitted for duplicate)
|  |  |  +- (com.google.guava:guava:jar:18.0:provided - omitted for duplicate)
|  |  |  \- (org.slf4j:slf4j-api:jar:1.7.25:provided - version managed from 1.7.10; omitted for duplicate)
|  |  +- (org.slf4j:slf4j-api:jar:1.7.25:provided - version managed from 1.7.10; omitted for duplicate)
|  |  +- (commons-lang:commons-lang:jar:2.6:provided - version managed from 2.5; omitted for duplicate)
|  |  +- commons-collections:commons-collections:jar:3.2.2:provided (version managed from 3.2)
|  |  +- (commons-io:commons-io:jar:2.5:provided - version managed from 1.4; omitted for duplicate)
|  |  +- dom4j:dom4j:jar:1.6.1:provided
|  |  +- (com.atlassian.event:atlassian-event:jar:3.1.5:provided - version managed from 3.1.3; omitted for duplicate)
|  |  +- (com.atlassian.fugue:fugue:jar:2.6.1:provided - version managed from 2.2.1; omitted for duplicate)
|  |  \- (com.atlassian.annotations:atlassian-annotations:jar:2.1.0:provided - version managed from 1.1.0; omitted for duplicate)
|  +- com.atlassian.profiling:atlassian-profiling:jar:2.0:provided
|  |  +- (org.slf4j:slf4j-api:jar:1.7.25:provided - version managed from 1.4.3; omitted for duplicate)
|  |  \- (com.google.guava:guava:jar:18.0:provided - version managed from 10.0.1; omitted for duplicate)
|  +- (com.atlassian.utils:atlassian-processutils:jar:1.7.9:provided - omitted for duplicate)
|  +- (com.google.guava:guava:jar:18.0:provided - version managed from 10.0.1; omitted for duplicate)
|  \- (org.hibernate:hibernate-validator:jar:5.4.1.Final:provided - omitted for duplicate)
+- com.atlassian.bitbucket.server:bitbucket-ssh:jar:5.1.0:provided
|  +- com.atlassian.bitbucket.server:bitbucket-ssh-api:jar:5.1.0:provided
|  +- org.apache.sshd:sshd-core:jar:1.4.0:provided
|  +- org.apache.mina:mina-core:jar:2.0.16:provided
|  |  \- (org.slf4j:slf4j-api:jar:1.7.25:provided - version managed from 1.7.21; omitted for duplicate)
|  \- net.i2p.crypto:eddsa:jar:0.1.0:provided
+- com.atlassian.sal:sal-api:jar:3.1.0:provided
+- com.atlassian.bitbucket.server:bitbucket-util:jar:5.1.0:provided
|  +- (com.atlassian.bitbucket.server:bitbucket-api:jar:5.1.0:provided - omitted for duplicate)
|  +- com.atlassian.fugue:fugue:jar:2.6.1:provided
|  +- com.atlassian.http:atlassian-http:jar:1.1.6:provided
|  |  \- (com.google.guava:guava:jar:18.0:provided - version managed from 11.0.2-atlassian-01; omitted for duplicate)
|  +- (com.atlassian.profiling:atlassian-profiling:jar:2.0:provided - omitted for duplicate)
|  +- com.atlassian.util.concurrent:atlassian-util-concurrent:jar:3.0.0:provided
|  +- com.atlassian.cache:atlassian-cache-api:jar:2.13.3:provided
|  |  +- (com.atlassian.util.concurrent:atlassian-util-concurrent:jar:3.0.0:provided - version managed from 0.0.12; omitted for duplicate)
|  |  +- (com.atlassian.annotations:atlassian-annotations:jar:2.1.0:provided - version managed from 0.7; omitted for duplicate)
|  |  \- com.atlassian.instrumentation:atlassian-instrumentation-core:jar:2.2.2:provided
|  |     \- (com.atlassian.annotations:atlassian-annotations:jar:2.1.0:provided - version managed from 0.7; omitted for duplicate)
|  +- commons-io:commons-io:jar:2.5:provided
|  +- joda-time:joda-time:jar:2.9.4:provided
|  +- (org.apache.commons:commons-lang3:jar:3.5:provided - omitted for duplicate)
|  +- org.codehaus.janino:janino:jar:2.7.8:provided
|  |  \- org.codehaus.janino:commons-compiler:jar:2.7.8:provided
|  \- (org.slf4j:slf4j-api:jar:1.7.25:provided - version managed from 1.7.21; omitted for duplicate)
+- com.atlassian.bitbucket.server:bitbucket-page-objects:jar:5.1.0:provided
|  +- com.atlassian.bitbucket.server:bitbucket-it-common:jar:5.1.0:provided
|  |  +- com.atlassian.plugins:atlassian-dark-features-rest-plugin:jar:0.9.4:provided
|  |  +- (com.atlassian.bitbucket.server:bitbucket-api:jar:5.1.0:provided - omitted for duplicate)
|  |  +- (com.atlassian.bitbucket.server:bitbucket-rest-api:jar:5.1.0:provided - omitted for duplicate)
|  |  +- (com.atlassian.bitbucket.server:bitbucket-rest-model:jar:5.1.0:provided - omitted for duplicate)
|  |  +- com.atlassian.bitbucket.server:bitbucket-test-util:jar:5.1.0:provided
|  |  |  +- (com.atlassian.bitbucket.server:bitbucket-api:jar:5.1.0:provided - omitted for duplicate)
|  |  |  +- com.atlassian.activeobjects:activeobjects-test:jar:1.3.0:provided
|  |  |  |  +- com.atlassian.activeobjects:activeobjects-core:jar:1.3.0:provided
|  |  |  |  |  +- com.atlassian.activeobjects:activeobjects-spi:jar:1.3.0:provided
|  |  |  |  |  \- net.java.dev.activeobjects:activeobjects:jar:1.2.3:provided
|  |  |  |  |     +- (com.google.guava:guava:jar:18.0:provided - version managed from 11.0.2; omitted for duplicate)
|  |  |  |  |     +- (com.google.code.findbugs:jsr305:jar:3.0.0:provided - version managed from 1.3.9; omitted for duplicate)
|  |  |  |  |     +- (org.slf4j:slf4j-api:jar:1.7.25:provided - version managed from 1.5.11; omitted for duplicate)
|  |  |  |  |     \- (commons-lang:commons-lang:jar:2.6:provided - version managed from 2.4; omitted for duplicate)
|  |  |  |  \- net.java.dev.activeobjects:activeobjects-test:jar:1.2.3:provided
|  |  |  |     +- (net.java.dev.activeobjects:activeobjects:jar:1.2.3:provided - omitted for duplicate)
|  |  |  |     +- (junit:junit:jar:4.12:provided - version managed from 4.11; omitted for duplicate)
|  |  |  |     +- (com.google.guava:guava:jar:18.0:provided - version managed from 11.0.2; omitted for duplicate)
|  |  |  |     +- (org.slf4j:slf4j-api:jar:1.7.25:provided - version managed from 1.5.11; omitted for duplicate)
|  |  |  |     \- (commons-lang:commons-lang:jar:2.6:provided - version managed from 2.4; omitted for duplicate)
|  |  |  +- (com.atlassian.sal:sal-api:jar:3.1.0:provided - omitted for duplicate)
|  |  |  +- com.atlassian.sal:sal-test-resources:jar:3.1.0:provided
|  |  |  |  +- (com.atlassian.sal:sal-api:jar:3.1.0:provided - omitted for duplicate)
|  |  |  |  +- com.atlassian.sal:sal-core:jar:3.1.0:provided
|  |  |  |  |  +- com.atlassian.security:atlassian-secure-utils:jar:3.2.10:provided (version managed from 3.2.4)
|  |  |  |  |  |  \- (commons-codec:commons-codec:jar:1.10:provided - version managed from 1.9; omitted for duplicate)
|  |  |  |  |  +- (com.atlassian.sal:sal-api:jar:3.1.0:provided - omitted for duplicate)
|  |  |  |  |  +- (com.atlassian.annotations:atlassian-annotations:jar:2.1.0:provided - version managed from 0.16; omitted for duplicate)
|  |  |  |  |  +- (org.apache.httpcomponents:httpclient:jar:4.5.1:provided - version managed from 4.5; omitted for duplicate)
|  |  |  |  |  +- org.apache.httpcomponents:httpmime:jar:4.5.1:provided (version managed from 4.5)
|  |  |  |  |  |  \- (org.apache.httpcomponents:httpclient:jar:4.5.1:provided - version managed from 4.5; omitted for duplicate)
|  |  |  |  |  +- (org.hamcrest:hamcrest-core:jar:1.3:provided - omitted for duplicate)
|  |  |  |  |  \- (org.hamcrest:hamcrest-library:jar:1.3:provided - omitted for duplicate)
|  |  |  |  +- com.atlassian.sal:sal-spi:jar:3.1.0:provided
|  |  |  |  +- (com.atlassian.fugue:fugue:jar:2.6.1:provided - version managed from 2.2.1; omitted for duplicate)
|  |  |  |  \- (com.google.guava:guava:jar:18.0:provided - version managed from 11.0.2; omitted for duplicate)
|  |  |  +- ch.qos.logback:logback-classic:jar:1.2.1:provided
|  |  |  |  +- ch.qos.logback:logback-core:jar:1.2.1:provided
|  |  |  |  \- (org.slf4j:slf4j-api:jar:1.7.25:provided - version managed from 1.7.22; omitted for duplicate)
|  |  |  +- (com.google.code.gson:gson:jar:2.8.0:provided - version managed from 2.3.1; omitted for conflict with 2.2.2-atlassian-1)
|  |  |  +- (com.google.guava:guava:jar:18.0:provided - version managed from 11.0.2; omitted for duplicate)
|  |  |  +- com.icegreen:greenmail:jar:1.5.3:provided
|  |  |  |  +- com.sun.mail:javax.mail:jar:1.5.6:provided
|  |  |  |  |  \- javax.activation:activation:jar:1.1.1:provided (version managed from 1.1)
|  |  |  |  +- (org.slf4j:slf4j-api:jar:1.7.25:provided - version managed from 1.7.21; omitted for duplicate)
|  |  |  |  \- (junit:junit:jar:4.12:provided - version managed from 4.11; omitted for duplicate)
|  |  |  +- (junit:junit:jar:4.12:provided - version managed from 4.11; omitted for duplicate)
|  |  |  +- org.dbunit:dbunit:jar:2.5.1:provided
|  |  |  |  +- (org.slf4j:slf4j-api:jar:1.7.25:provided - version managed from 1.7.12; omitted for duplicate)
|  |  |  |  +- (junit:junit:jar:4.12:provided - version managed from 4.11; omitted for duplicate)
|  |  |  |  +- (commons-collections:commons-collections:jar:3.2.2:provided - version managed from 3.2.1; omitted for duplicate)
|  |  |  |  \- org.apache.poi:poi-ooxml:jar:3.11:provided
|  |  |  |     +- org.apache.poi:poi:jar:3.11:provided
|  |  |  |     |  \- (commons-codec:commons-codec:jar:1.10:provided - version managed from 1.9; omitted for duplicate)
|  |  |  |     \- org.apache.poi:poi-ooxml-schemas:jar:3.11:provided
|  |  |  |        \- org.apache.xmlbeans:xmlbeans:jar:2.6.0:provided
|  |  |  |           \- stax:stax-api:jar:1.0.1:provided
|  |  |  +- (org.hamcrest:hamcrest-core:jar:1.3:provided - omitted for duplicate)
|  |  |  +- (org.hamcrest:hamcrest-library:jar:1.3:provided - omitted for duplicate)
|  |  |  +- org.hibernate:hibernate-core:jar:5.2.10.Final:provided
|  |  |  |  +- (org.jboss.logging:jboss-logging:jar:3.3.1.Final:provided - version managed from 3.3.0.Final; omitted for duplicate)
|  |  |  |  +- (org.hibernate.javax.persistence:hibernate-jpa-2.1-api:jar:1.0.0.Final:provided - omitted for duplicate)
|  |  |  |  +- antlr:antlr:jar:2.7.7:provided
|  |  |  |  +- org.jboss.spec.javax.transaction:jboss-transaction-api_1.2_spec:jar:1.0.1.Final:provided
|  |  |  |  +- org.jboss:jandex:jar:2.0.3.Final:provided
|  |  |  |  +- (com.fasterxml:classmate:jar:1.3.0:provided - omitted for conflict with 1.3.1)
|  |  |  |  +- (dom4j:dom4j:jar:1.6.1:provided - version managed from 1.4; omitted for duplicate)
|  |  |  |  \- org.hibernate.common:hibernate-commons-annotations:jar:5.0.1.Final:provided
|  |  |  |     \- (org.jboss.logging:jboss-logging:jar:3.3.1.Final:provided - version managed from 3.3.0.Final; omitted for duplicate)
|  |  |  +- org.hibernate.javax.persistence:hibernate-jpa-2.1-api:jar:1.0.0.Final:provided
|  |  |  +- org.liquibase:liquibase-core:jar:3.5.3:provided
|  |  |  |  \- org.yaml:snakeyaml:jar:1.17:provided
|  |  |  +- org.mockito:mockito-core:jar:2.7.9:provided
|  |  |  |  +- net.bytebuddy:byte-buddy:jar:1.6.12:provided (version managed from 1.6.5)
|  |  |  |  +- net.bytebuddy:byte-buddy-agent:jar:1.6.12:provided (version managed from 1.6.5)
|  |  |  |  \- org.objenesis:objenesis:jar:2.5:provided
|  |  |  +- org.slf4j:jcl-over-slf4j:jar:1.7.25:provided
|  |  |  |  \- (org.slf4j:slf4j-api:jar:1.7.25:provided - version managed from 1.7.12; omitted for duplicate)
|  |  |  \- (net.sf.json-lib:json-lib:jar:jdk15:2.4:provided - omitted for duplicate)
|  |  +- (com.atlassian.bitbucket.server:bitbucket-util:jar:5.1.0:provided - omitted for duplicate)
|  |  +- (com.atlassian.plugins.rest:atlassian-rest-common:jar:3.0.19:provided - omitted for duplicate)
|  |  +- (javax.servlet:javax.servlet-api:jar:3.1.0:provided - omitted for duplicate)
|  |  +- (com.google.guava:guava:jar:18.0:provided - version managed from 11.0.2; omitted for duplicate)
|  |  +- (commons-io:commons-io:jar:2.5:provided - version managed from 1.4; omitted for duplicate)
|  |  +- com.jayway.jsonpath:json-path-assert:jar:2.0.0:provided
|  |  |  +- (org.slf4j:slf4j-api:jar:1.7.25:provided - version managed from 1.7.10; omitted for duplicate)
|  |  |  +- (org.hamcrest:hamcrest-core:jar:1.3:provided - omitted for duplicate)
|  |  |  +- com.jayway.jsonpath:json-path:jar:2.0.0:provided
|  |  |  |  +- (org.slf4j:slf4j-api:jar:1.7.25:provided - version managed from 1.7.10; omitted for duplicate)
|  |  |  |  \- net.minidev:json-smart:jar:2.1.1:provided
|  |  |  |     \- net.minidev:asm:jar:1.0.2:provided
|  |  |  |        \- asm:asm:jar:3.3.1:provided
|  |  |  \- (org.hamcrest:hamcrest-library:jar:1.3:provided - omitted for duplicate)
|  |  +- (junit:junit:jar:4.12:provided - version managed from 4.8.2; omitted for conflict with 4.10)
|  |  +- net.sf.json-lib:json-lib:jar:jdk15:2.4:provided
|  |  |  +- commons-beanutils:commons-beanutils:jar:1.9.3:provided (version managed from 1.8.0)
|  |  |  |  \- (commons-collections:commons-collections:jar:3.2.2:provided - version managed from 3.2.1; omitted for duplicate)
|  |  |  +- (commons-collections:commons-collections:jar:3.2.2:provided - version managed from 3.2.1; omitted for duplicate)
|  |  |  +- (commons-lang:commons-lang:jar:2.6:provided - version managed from 2.5; omitted for duplicate)
|  |  |  +- commons-logging:commons-logging:jar:1.1.1:provided
|  |  |  \- net.sf.ezmorph:ezmorph:jar:1.0.6:provided
|  |  |     \- (commons-lang:commons-lang:jar:2.6:provided - version managed from 2.3; omitted for duplicate)
|  |  +- (org.apache.httpcomponents:httpclient:jar:4.5.1:provided - version managed from 4.5; omitted for conflict with 4.1.1)
|  |  +- org.codehaus.groovy:groovy-all:jar:indy:2.4.7:provided
|  |  +- org.slf4j:log4j-over-slf4j:jar:1.7.25:provided
|  |  |  \- (org.slf4j:slf4j-api:jar:1.7.25:provided - version managed from 1.7.10; omitted for duplicate)
|  |  +- com.confluex:confluex-mock-http:jar:0.4.3:provided
|  |  |  +- (org.hamcrest:hamcrest-core:jar:1.3:provided - omitted for duplicate)
|  |  |  +- (org.hamcrest:hamcrest-library:jar:1.3:provided - omitted for duplicate)
|  |  |  +- (org.slf4j:jcl-over-slf4j:jar:1.7.25:provided - version managed from 1.6.1; omitted for duplicate)
|  |  |  +- (org.slf4j:slf4j-api:jar:1.7.25:provided - version managed from 1.6.1; omitted for duplicate)
|  |  |  +- org.mortbay.jetty:jetty:jar:6.1.26:provided
|  |  |  |  \- org.mortbay.jetty:jetty-util:jar:6.1.26:provided
|  |  |  \- (junit:junit:jar:4.12:provided - version managed from 4.9; omitted for duplicate)
|  |  +- com.atlassian.jwt:jwt-api:jar:1.6.1:provided
|  |  |  \- (com.google.code.findbugs:jsr305:jar:3.0.0:provided - version managed from 2.0.1; omitted for duplicate)
|  |  +- com.atlassian.jwt:jwt-core:jar:1.6.1:provided
|  |  |  +- com.nimbusds:nimbus-jose-jwt:jar:3.6:provided
|  |  |  |  +- net.jcip:jcip-annotations:jar:1.0:provided
|  |  |  |  +- (org.bouncycastle:bcprov-jdk15on:jar:1.56:provided - version managed from 1.51; omitted for duplicate)
|  |  |  |  \- (commons-io:commons-io:jar:2.5:provided - version managed from 2.4; omitted for duplicate)
|  |  |  +- (commons-codec:commons-codec:jar:1.10:provided - version managed from 1.4; omitted for duplicate)
|  |  |  +- org.bouncycastle:bcprov-jdk15on:jar:1.56:provided
|  |  |  \- org.bouncycastle:bcpkix-jdk15on:jar:1.56:provided (version managed from 1.51)
|  |  |     \- (org.bouncycastle:bcprov-jdk15on:jar:1.56:provided - version managed from 1.51; omitted for duplicate)
|  |  \- com.atlassian.httpclient:atlassian-httpclient-api:jar:0.23.3:provided
|  |     \- (org.slf4j:slf4j-api:jar:1.7.25:provided - version managed from 1.7.12; omitted for duplicate)
|  +- com.atlassian.integration.jira:jira-integration-page-objects:jar:3.0.11:provided
|  |  +- (com.atlassian.selenium:atlassian-pageobjects-elements:jar:2.4.0:provided - version managed from 2.2.0; omitted for duplicate)
|  |  \- xml-apis:xml-apis:jar:1.4.01:provided
|  +- com.atlassian.selenium:atlassian-pageobjects-elements:jar:2.4.0:provided
|  |  +- com.atlassian.selenium:atlassian-pageobjects-api:jar:2.4.0:provided
|  |  |  +- (commons-lang:commons-lang:jar:2.6:provided - version managed from 2.5; omitted for duplicate)
|  |  |  +- com.google.inject:guice:jar:3.0:provided
|  |  |  |  +- javax.inject:javax.inject:jar:1:provided
|  |  |  |  \- aopalliance:aopalliance:jar:1.0:provided
|  |  |  +- (org.slf4j:slf4j-api:jar:1.7.25:provided - version managed from 1.7.5; omitted for duplicate)
|  |  |  +- (com.atlassian.bundles:jsr305:jar:1.1:provided - omitted for duplicate)
|  |  |  \- (com.atlassian.annotations:atlassian-annotations:jar:2.1.0:provided - version managed from 0.6; omitted for duplicate)
|  |  +- com.atlassian.selenium:atlassian-webdriver-core:jar:2.4.0:provided
|  |  |  +- (com.atlassian.selenium:atlassian-pageobjects-api:jar:2.4.0:provided - omitted for duplicate)
|  |  |  +- com.atlassian.selenium:atlassian-visual-comparison:jar:2.4.0:provided
|  |  |  |  +- org.apache.velocity:velocity:jar:1.6.4-atlassian-9:provided (version managed from 1.6.2)
|  |  |  |  |  +- (commons-collections:commons-collections:jar:3.2.2:provided - version managed from 3.2.1; omitted for duplicate)
|  |  |  |  |  +- (commons-lang:commons-lang:jar:2.6:provided - version managed from 2.4; omitted for duplicate)
|  |  |  |  |  \- oro:oro:jar:2.0.8:provided
|  |  |  |  +- (com.atlassian.bundles:jsr305:jar:1.1:provided - omitted for duplicate)
|  |  |  |  +- (com.atlassian.annotations:atlassian-annotations:jar:2.1.0:provided - version managed from 0.6; omitted for duplicate)
|  |  |  |  \- (junit:junit:jar:4.12:provided - version managed from 4.11; omitted for duplicate)
|  |  |  +- org.seleniumhq.selenium:selenium-java:jar:2.51.0:provided
|  |  |  |  +- org.seleniumhq.selenium:selenium-chrome-driver:jar:2.51.0:provided
|  |  |  |  |  \- org.seleniumhq.selenium:selenium-remote-driver:jar:2.51.0:provided
|  |  |  |  |     +- cglib:cglib-nodep:jar:2.1_3:provided
|  |  |  |  |     +- (com.google.code.gson:gson:jar:2.8.0:provided - version managed from 2.3.1; omitted for duplicate)
|  |  |  |  |     +- (org.seleniumhq.selenium:selenium-api:jar:2.51.0:provided - omitted for duplicate)
|  |  |  |  |     +- (com.google.guava:guava:jar:18.0:provided - version managed from 19.0; omitted for duplicate)
|  |  |  |  |     +- (org.apache.commons:commons-exec:jar:1.3:provided - omitted for duplicate)
|  |  |  |  |     +- (net.java.dev.jna:jna:jar:4.1.0:provided - omitted for duplicate)
|  |  |  |  |     \- (net.java.dev.jna:jna-platform:jar:4.1.0:provided - omitted for duplicate)
|  |  |  |  +- org.seleniumhq.selenium:selenium-edge-driver:jar:2.51.0:provided
|  |  |  |  |  +- (org.seleniumhq.selenium:selenium-remote-driver:jar:2.51.0:provided - omitted for duplicate)
|  |  |  |  |  +- (commons-io:commons-io:jar:2.5:provided - version managed from 2.4; omitted for duplicate)
|  |  |  |  |  \- org.apache.commons:commons-exec:jar:1.3:provided
|  |  |  |  +- org.seleniumhq.selenium:selenium-htmlunit-driver:jar:2.51.0:provided
|  |  |  |  |  +- (org.seleniumhq.selenium:selenium-support:jar:2.51.0:provided - omitted for duplicate)
|  |  |  |  |  +- net.sourceforge.htmlunit:htmlunit:jar:2.18:provided
|  |  |  |  |  |  +- xalan:xalan:jar:2.7.2:provided
|  |  |  |  |  |  |  \- xalan:serializer:jar:2.7.2:provided
|  |  |  |  |  |  |     \- (xml-apis:xml-apis:jar:1.4.01:provided - version managed from 1.3.04; omitted for duplicate)
|  |  |  |  |  |  +- (org.apache.commons:commons-lang3:jar:3.5:provided - version managed from 3.4; omitted for duplicate)
|  |  |  |  |  |  +- (org.apache.httpcomponents:httpmime:jar:4.5.1:provided - version managed from 4.5; omitted for duplicate)
|  |  |  |  |  |  +- (commons-codec:commons-codec:jar:1.10:provided - version managed from 1.4; omitted for duplicate)
|  |  |  |  |  |  +- net.sourceforge.htmlunit:htmlunit-core-js:jar:2.17:provided
|  |  |  |  |  |  +- xerces:xercesImpl:jar:2.11.0:provided
|  |  |  |  |  |  |  \- (xml-apis:xml-apis:jar:1.4.01:provided - version managed from 1.3.04; omitted for duplicate)
|  |  |  |  |  |  +- net.sourceforge.nekohtml:nekohtml:jar:1.9.22:provided
|  |  |  |  |  |  +- net.sourceforge.cssparser:cssparser:jar:0.9.16:provided
|  |  |  |  |  |  |  \- org.w3c.css:sac:jar:1.3:provided
|  |  |  |  |  |  +- (commons-io:commons-io:jar:2.5:provided - version managed from 2.4; omitted for duplicate)
|  |  |  |  |  |  +- (commons-logging:commons-logging:jar:1.2:provided - omitted for conflict with 1.1.1)
|  |  |  |  |  |  \- org.eclipse.jetty.websocket:websocket-client:jar:9.2.12.v20150709:provided
|  |  |  |  |  |     +- org.eclipse.jetty:jetty-util:jar:9.2.12.v20150709:provided
|  |  |  |  |  |     +- org.eclipse.jetty:jetty-io:jar:9.2.12.v20150709:provided
|  |  |  |  |  |     |  \- (org.eclipse.jetty:jetty-util:jar:9.2.12.v20150709:provided - omitted for duplicate)
|  |  |  |  |  |     \- org.eclipse.jetty.websocket:websocket-common:jar:9.2.12.v20150709:provided
|  |  |  |  |  |        +- org.eclipse.jetty.websocket:websocket-api:jar:9.2.12.v20150709:provided
|  |  |  |  |  |        +- (org.eclipse.jetty:jetty-util:jar:9.2.12.v20150709:provided - omitted for duplicate)
|  |  |  |  |  |        \- (org.eclipse.jetty:jetty-io:jar:9.2.12.v20150709:provided - omitted for duplicate)
|  |  |  |  |  \- (commons-collections:commons-collections:jar:3.2.2:provided - version managed from 3.2.1; omitted for duplicate)
|  |  |  |  +- org.seleniumhq.selenium:selenium-firefox-driver:jar:2.51.0:provided
|  |  |  |  |  +- (org.seleniumhq.selenium:selenium-remote-driver:jar:2.51.0:provided - omitted for duplicate)
|  |  |  |  |  +- (commons-io:commons-io:jar:2.5:provided - version managed from 2.4; omitted for duplicate)
|  |  |  |  |  \- (org.apache.commons:commons-exec:jar:1.3:provided - omitted for duplicate)
|  |  |  |  +- org.seleniumhq.selenium:selenium-ie-driver:jar:2.51.0:provided
|  |  |  |  |  +- net.java.dev.jna:jna:jar:4.1.0:provided
|  |  |  |  |  +- net.java.dev.jna:jna-platform:jar:4.1.0:provided
|  |  |  |  |  |  \- (net.java.dev.jna:jna:jar:4.1.0:provided - omitted for duplicate)
|  |  |  |  |  \- (org.seleniumhq.selenium:selenium-remote-driver:jar:2.51.0:provided - omitted for duplicate)
|  |  |  |  +- org.seleniumhq.selenium:selenium-safari-driver:jar:2.51.0:provided
|  |  |  |  |  +- (org.seleniumhq.selenium:selenium-remote-driver:jar:2.51.0:provided - omitted for duplicate)
|  |  |  |  |  \- (org.webbitserver:webbit:jar:0.4.14:provided - omitted for duplicate)
|  |  |  |  +- org.seleniumhq.selenium:selenium-support:jar:2.51.0:provided
|  |  |  |  |  \- (org.seleniumhq.selenium:selenium-remote-driver:jar:2.51.0:provided - omitted for duplicate)
|  |  |  |  +- org.webbitserver:webbit:jar:0.4.14:provided
|  |  |  |  |  \- io.netty:netty:jar:3.5.2.Final:provided
|  |  |  |  \- org.seleniumhq.selenium:selenium-leg-rc:jar:2.51.0:provided
|  |  |  |     \- (org.seleniumhq.selenium:selenium-remote-driver:jar:2.51.0:provided - omitted for duplicate)
|  |  |  +- com.atlassian.browsers:atlassian-browsers-auto:jar:2.8.1:provided
|  |  |  |  +- (commons-io:commons-io:jar:2.5:provided - version managed from 1.4; omitted for duplicate)
|  |  |  |  +- (commons-lang:commons-lang:jar:2.6:provided - version managed from 2.4; omitted for duplicate)
|  |  |  |  +- (com.google.guava:guava:jar:18.0:provided - version managed from 10.0.1; omitted for duplicate)
|  |  |  |  +- (org.slf4j:slf4j-api:jar:1.7.25:provided - version managed from 1.5.8; omitted for duplicate)
|  |  |  |  \- com.atlassian.browsers:atlassian-browsers-linux64:jar:2.8.1:provided
|  |  |  |     +- com.atlassian.browsers:firefox:jar:linux64:44.0.2:provided
|  |  |  |     +- com.atlassian.browsers:chrome:jar:linux64:48.0.2564.103:provided
|  |  |  |     \- com.atlassian.browsers:chrome-profile:jar:linux64:2.21:provided
|  |  |  +- (org.slf4j:slf4j-api:jar:1.7.25:provided - version managed from 1.7.5; omitted for duplicate)
|  |  |  +- (com.atlassian.annotations:atlassian-annotations:jar:2.1.0:provided - version managed from 0.6; omitted for duplicate)
|  |  |  +- (com.atlassian.util.concurrent:atlassian-util-concurrent:jar:3.0.0:provided - version managed from 2.3.0; omitted for duplicate)
|  |  |  +- net.jsourcerer.webdriver:JSErrorCollector:jar:0.6-atlassian-3:provided
|  |  |  |  +- (junit:junit:jar:4.12:provided - version managed from 4.8.2; omitted for duplicate)
|  |  |  |  \- (org.seleniumhq.selenium:selenium-firefox-driver:jar:2.51.0:provided - omitted for duplicate)
|  |  |  \- (com.atlassian.fugue:fugue:jar:2.6.1:provided - version managed from 2.2.0; omitted for duplicate)
|  |  +- org.seleniumhq.selenium:selenium-api:jar:2.51.0:provided
|  |  |  +- (com.google.guava:guava:jar:18.0:provided - version managed from 19.0; omitted for duplicate)
|  |  |  +- (com.google.code.gson:gson:jar:2.8.0:provided - version managed from 2.3.1; omitted for duplicate)
|  |  |  \- (org.apache.httpcomponents:httpclient:jar:4.5.1:provided - version managed from 4.5; omitted for duplicate)
|  |  +- (commons-lang:commons-lang:jar:2.6:provided - version managed from 2.5; omitted for duplicate)
|  |  +- com.atlassian.bundles:jsr305:jar:1.1:provided
|  |  |  \- (com.google.code.findbugs:jsr305:jar:3.0.0:provided - version managed from 1.3.9; omitted for duplicate)
|  |  \- (org.slf4j:slf4j-api:jar:1.7.25:provided - version managed from 1.7.5; omitted for duplicate)
|  +- org.springframework:spring-web:jar:4.3.8.RELEASE:provided
|  |  +- org.springframework:spring-aop:jar:4.3.8.RELEASE:provided
|  |  |  +- (org.springframework:spring-beans:jar:4.3.8.RELEASE:provided - omitted for duplicate)
|  |  |  \- (org.springframework:spring-core:jar:4.3.8.RELEASE:provided - omitted for duplicate)
|  |  +- org.springframework:spring-beans:jar:4.3.8.RELEASE:provided
|  |  |  \- (org.springframework:spring-core:jar:4.3.8.RELEASE:provided - omitted for duplicate)
|  |  +- org.springframework:spring-context:jar:4.3.8.RELEASE:provided
|  |  |  +- (org.springframework:spring-aop:jar:4.3.8.RELEASE:provided - omitted for duplicate)
|  |  |  +- (org.springframework:spring-beans:jar:4.3.8.RELEASE:provided - omitted for duplicate)
|  |  |  +- (org.springframework:spring-core:jar:4.3.8.RELEASE:provided - omitted for duplicate)
|  |  |  \- org.springframework:spring-expression:jar:4.3.8.RELEASE:provided
|  |  |     \- (org.springframework:spring-core:jar:4.3.8.RELEASE:provided - omitted for duplicate)
|  |  \- org.springframework:spring-core:jar:4.3.8.RELEASE:provided
|  \- org.hamcrest:hamcrest-library:jar:1.3:provided
|     \- (org.hamcrest:hamcrest-core:jar:1.3:provided - version managed from 1.1; omitted for duplicate)
+- com.atlassian.plugins.rest:atlassian-rest-common:jar:3.0.19:provided
|  \- com.atlassian.plugins.rest:com.atlassian.jersey-library:pom:3.0.19:provided
|     +- (javax.ws.rs:jsr311-api:jar:1.1:provided - omitted for conflict with 1.1.1)
|     +- com.sun.jersey:jersey-core:jar:1.8-atlassian-16:provided
|     +- com.sun.jersey:jersey-server:jar:1.8-atlassian-16:provided
|     |  +- (com.sun.jersey:jersey-core:jar:1.8-atlassian-16:provided - omitted for duplicate)
|     |  \- (org.ow2.asm:asm:jar:5.0.3:provided - omitted for duplicate)
|     +- (org.ow2.asm:asm:jar:5.0.3:provided - omitted for duplicate)
|     +- com.sun.jersey:jersey-client:jar:1.8-atlassian-16:provided
|     |  \- (com.sun.jersey:jersey-core:jar:1.8-atlassian-16:provided - omitted for duplicate)
|     +- com.sun.jersey:jersey-json:jar:1.8-atlassian-16:provided
|     |  +- (com.sun.jersey:jersey-core:jar:1.8-atlassian-16:provided - omitted for duplicate)
|     |  +- org.codehaus.jettison:jettison:jar:1.1:provided
|     |  +- (org.codehaus.jackson:jackson-core-asl:jar:1.9.13-atlassian-2:provided - version managed from 1.7.1; omitted for duplicate)
|     |  +- (org.codehaus.jackson:jackson-mapper-asl:jar:1.9.13-atlassian-2:provided - version managed from 1.7.1; omitted for duplicate)
|     |  +- (org.codehaus.jackson:jackson-jaxrs:jar:1.7.1:provided - omitted for conflict with 1.9.13-atlassian-2)
|     |  \- (org.codehaus.jackson:jackson-xc:jar:1.7.1:provided - omitted for conflict with 1.9.13-atlassian-2)
|     +- org.codehaus.jackson:jackson-core-asl:jar:1.9.13-atlassian-2:provided
|     +- org.codehaus.jackson:jackson-mapper-asl:jar:1.9.13-atlassian-2:provided
|     |  \- (org.codehaus.jackson:jackson-core-asl:jar:1.9.13-atlassian-2:provided - version managed from 1.7.1; omitted for duplicate)
|     +- org.codehaus.jackson:jackson-jaxrs:jar:1.9.13-atlassian-2:provided
|     |  +- (org.codehaus.jackson:jackson-core-asl:jar:1.9.13-atlassian-2:provided - version managed from 1.7.1; omitted for duplicate)
|     |  \- (org.codehaus.jackson:jackson-mapper-asl:jar:1.9.13-atlassian-2:provided - version managed from 1.7.1; omitted for duplicate)
|     +- org.codehaus.jackson:jackson-xc:jar:1.9.13-atlassian-2:provided
|     |  +- (org.codehaus.jackson:jackson-core-asl:jar:1.9.13-atlassian-2:provided - version managed from 1.7.1; omitted for duplicate)
|     |  \- (org.codehaus.jackson:jackson-mapper-asl:jar:1.9.13-atlassian-2:provided - version managed from 1.7.1; omitted for duplicate)
|     \- commons-fileupload:commons-fileupload:jar:1.3.2:provided
+- com.atlassian.plugins.rest:atlassian-rest-module:jar:3.0.19:provided
|  +- (com.atlassian.plugins.rest:atlassian-rest-common:jar:3.0.19:provided - omitted for duplicate)
|  +- com.atlassian.plugins.rest:atlassian-rest-doclet:jar:3.0.19:provided
|  |  +- com.sun.jersey.contribs:wadl-resourcedoc-doclet:jar:1.8-atlassian-16:provided
|  |  |  \- (com.sun.jersey:jersey-server:jar:1.8-atlassian-16:provided - omitted for duplicate)
|  |  \- com.atlassian.jersey:atlassian-jersey-restdoc:jar:1.0.3:provided
|  |     +- (com.atlassian.plugins.rest:atlassian-rest-common:jar:3.0.19:provided - version managed from 2.9.2-m01; omitted for duplicate)
|  |     +- (com.google.guava:guava:jar:18.0:provided - version managed from 10.0.1; omitted for duplicate)
|  |     +- (commons-lang:commons-lang:jar:2.6:provided - version managed from 2.5; omitted for duplicate)
|  |     \- (com.sun.jersey.contribs:wadl-resourcedoc-doclet:jar:1.8-atlassian-8:provided - omitted for conflict with 1.8-atlassian-16)
|  +- cglib:cglib:jar:3.1:provided
|  |  \- (org.ow2.asm:asm:jar:4.2:provided - omitted for conflict with 5.0.3)
|  +- org.ow2.asm:asm:jar:5.0.3:provided
|  \- (org.hibernate:hibernate-validator:jar:5.4.1.Final:provided - version managed from 4.0.2.GA; omitted for duplicate)
+- com.atlassian.plugins:atlassian-plugins-webfragment:jar:4.1.0:provided
|  +- com.atlassian.plugins:atlassian-plugins-webfragment-api:jar:4.1.0:provided
|  \- (com.google.guava:guava:jar:18.0:provided - version managed from 10.0.1; omitted for duplicate)
+- com.atlassian.bitbucket.server:bitbucket-rest-model:jar:5.1.0:provided
|  \- com.atlassian.bitbucket.server:bitbucket-rest-api:jar:5.1.0:provided
+- com.atlassian.bitbucket.server:bitbucket-web-common:jar:5.1.0:provided
|  +- (com.atlassian.bitbucket.server:bitbucket-api:jar:5.1.0:provided - omitted for duplicate)
|  +- (com.atlassian.bitbucket.server:bitbucket-spi:jar:5.1.0:provided - omitted for duplicate)
|  +- (com.atlassian.http:atlassian-http:jar:1.1.6:provided - omitted for duplicate)
|  +- (com.atlassian.plugins:atlassian-plugins-core:jar:4.4.8:provided - omitted for duplicate)
|  +- (com.atlassian.plugins:atlassian-plugins-webfragment-api:jar:4.1.0:provided - omitted for duplicate)
|  \- com.atlassian.plugins:atlassian-plugins-webresource-api:jar:3.5.39:provided
+- javax.servlet:javax.servlet-api:jar:3.1.0:provided
+- com.atlassian.templaterenderer:atlassian-template-renderer-api:jar:1.3.0:provided
+- com.atlassian.soy:soy-template-renderer-api:jar:1.1.1:provided
+- junit:junit:jar:4.10:test
|  \- org.hamcrest:hamcrest-core:jar:1.3:test
+- commons-lang:commons-lang:jar:2.6:provided
+- javax.ws.rs:jsr311-api:jar:1.1.1:provided
+- com.google.code.gson:gson:jar:2.2.2-atlassian-1:compile
+- org.mockito:mockito-all:jar:1.8.5:test
+- org.slf4j:slf4j-api:jar:1.6.6:provided
\- org.apache.httpcomponents:httpclient:jar:4.1.1:test
   +- org.apache.httpcomponents:httpcore:jar:4.4.4:test (version managed from 4.1)
   \- commons-codec:commons-codec:jar:1.10:test (version managed from 1.4)

