WARNING: Your kernel does not support swap limit capabilities or the cgroup is not mounted. Memory limited without swap.
[ERROR] Command 'cd /tmp/tmp343rpvsn/personium-core; mvn -gs /home/jdbl/core/../maven-proxy.xml se.kth.castor:depclean-maven-plugin:1.1.0:depclean -Dcreate.pom.debloated=true -Dcreate.result.json=true > /home/jdbl/results/personium_personium-core/1c2584662a3e773e65038f2a4835e61c861e1302/depClean.log 2>&1' returned non-zero exit status 1.
io.personium:personium-core:war:1.7.3
+- io.personium:personium-lib-common:jar:1.4.16:compile
|  +- commons-lang:commons-lang:jar:2.6:compile
|  +- commons-codec:commons-codec:jar:1.6:compile
|  +- (commons-io:commons-io:jar:2.4:compile - omitted for duplicate)
|  +- joda-time:joda-time:jar:2.9.9:compile
|  \- (ch.qos.logback:logback-classic:jar:1.2.3:compile - omitted for duplicate)
+- io.personium:personium-lib-es-adapter:jar:1.5.1:compile
|  +- org.slf4j:jcl-over-slf4j:jar:1.7.25:compile
|  |  \- (org.slf4j:slf4j-api:jar:1.7.25:compile - omitted for duplicate)
|  +- (com.googlecode.json-simple:json-simple:jar:1.1:compile - omitted for duplicate)
|  +- (commons-lang:commons-lang:jar:2.6:compile - omitted for duplicate)
|  +- org.elasticsearch:elasticsearch:jar:2.4.1:compile
|  |  +- org.apache.lucene:lucene-core:jar:5.5.2:compile
|  |  +- org.apache.lucene:lucene-backward-codecs:jar:5.5.2:compile
|  |  |  \- (org.apache.lucene:lucene-core:jar:5.5.2:compile - omitted for duplicate)
|  |  +- org.apache.lucene:lucene-analyzers-common:jar:5.5.2:compile
|  |  |  \- (org.apache.lucene:lucene-core:jar:5.5.2:compile - omitted for duplicate)
|  |  +- org.apache.lucene:lucene-queries:jar:5.5.2:compile
|  |  |  \- (org.apache.lucene:lucene-core:jar:5.5.2:compile - omitted for duplicate)
|  |  +- org.apache.lucene:lucene-memory:jar:5.5.2:compile
|  |  |  \- (org.apache.lucene:lucene-core:jar:5.5.2:compile - omitted for duplicate)
|  |  +- org.apache.lucene:lucene-highlighter:jar:5.5.2:compile
|  |  |  +- (org.apache.lucene:lucene-analyzers-common:jar:5.5.2:compile - omitted for duplicate)
|  |  |  +- (org.apache.lucene:lucene-core:jar:5.5.2:compile - omitted for duplicate)
|  |  |  +- (org.apache.lucene:lucene-join:jar:5.5.2:compile - omitted for duplicate)
|  |  |  +- (org.apache.lucene:lucene-memory:jar:5.5.2:compile - omitted for duplicate)
|  |  |  \- (org.apache.lucene:lucene-queries:jar:5.5.2:compile - omitted for duplicate)
|  |  +- org.apache.lucene:lucene-queryparser:jar:5.5.2:compile
|  |  |  +- (org.apache.lucene:lucene-core:jar:5.5.2:compile - omitted for duplicate)
|  |  |  +- (org.apache.lucene:lucene-queries:jar:5.5.2:compile - omitted for duplicate)
|  |  |  \- org.apache.lucene:lucene-sandbox:jar:5.5.2:compile
|  |  +- org.apache.lucene:lucene-suggest:jar:5.5.2:compile
|  |  |  +- (org.apache.lucene:lucene-analyzers-common:jar:5.5.2:compile - omitted for duplicate)
|  |  |  +- (org.apache.lucene:lucene-core:jar:5.5.2:compile - omitted for duplicate)
|  |  |  +- org.apache.lucene:lucene-misc:jar:5.5.2:compile
|  |  |  \- (org.apache.lucene:lucene-queries:jar:5.5.2:compile - omitted for duplicate)
|  |  +- org.apache.lucene:lucene-join:jar:5.5.2:compile
|  |  |  +- (org.apache.lucene:lucene-core:jar:5.5.2:compile - omitted for duplicate)
|  |  |  \- org.apache.lucene:lucene-grouping:jar:5.5.2:compile
|  |  +- org.apache.lucene:lucene-spatial:jar:5.5.2:compile
|  |  |  +- (org.apache.lucene:lucene-core:jar:5.5.2:compile - omitted for duplicate)
|  |  |  +- (org.apache.lucene:lucene-misc:jar:5.5.2:compile - omitted for duplicate)
|  |  |  +- (org.apache.lucene:lucene-queries:jar:5.5.2:compile - omitted for duplicate)
|  |  |  +- org.apache.lucene:lucene-spatial3d:jar:5.5.2:compile
|  |  |  \- com.spatial4j:spatial4j:jar:0.5:compile
|  |  +- (com.google.guava:guava:jar:18.0:compile - omitted for conflict with 24.1-jre)
|  |  +- org.elasticsearch:securesm:jar:1.0:compile
|  |  +- com.carrotsearch:hppc:jar:0.7.1:compile
|  |  +- (joda-time:joda-time:jar:2.9.4:compile - omitted for conflict with 2.9.9)
|  |  +- org.joda:joda-convert:jar:1.2:compile
|  |  +- (com.fasterxml.jackson.core:jackson-core:jar:2.8.1:compile - omitted for conflict with 2.9.5)
|  |  +- com.fasterxml.jackson.dataformat:jackson-dataformat-smile:jar:2.8.1:compile
|  |  |  \- (com.fasterxml.jackson.core:jackson-core:jar:2.8.1:compile - omitted for duplicate)
|  |  +- com.fasterxml.jackson.dataformat:jackson-dataformat-yaml:jar:2.8.1:compile
|  |  |  +- (com.fasterxml.jackson.core:jackson-core:jar:2.8.1:compile - omitted for duplicate)
|  |  |  \- (org.yaml:snakeyaml:jar:1.15:compile - omitted for duplicate)
|  |  +- com.fasterxml.jackson.dataformat:jackson-dataformat-cbor:jar:2.8.1:compile
|  |  |  \- (com.fasterxml.jackson.core:jackson-core:jar:2.8.1:compile - omitted for duplicate)
|  |  +- org.yaml:snakeyaml:jar:1.15:compile
|  |  +- io.netty:netty:jar:3.10.6.Final:compile
|  |  +- com.ning:compress-lzf:jar:1.0.2:compile
|  |  +- com.tdunning:t-digest:jar:3.0:compile
|  |  +- org.hdrhistogram:HdrHistogram:jar:2.1.6:compile
|  |  +- commons-cli:commons-cli:jar:1.3.1:compile
|  |  \- com.twitter:jsr166e:jar:1.1.0:compile
|  \- org.elasticsearch.plugin:delete-by-query:jar:2.4.1:compile
+- io.personium:personium-plugin-base:jar:1.0.6:compile
|  +- (org.slf4j:jcl-over-slf4j:jar:1.7.25:compile - omitted for duplicate)
|  +- org.slf4j:slf4j-api:jar:1.7.25:compile
|  +- org.apache.httpcomponents:httpclient-cache:jar:4.5.5:compile
|  |  \- (org.apache.httpcomponents:httpclient:jar:4.5.5:compile - omitted for duplicate)
|  +- (org.apache.httpcomponents:httpclient:jar:4.5.5:compile - omitted for duplicate)
|  +- (com.googlecode.json-simple:json-simple:jar:1.1:compile - omitted for duplicate)
|  \- (commons-lang:commons-lang:jar:2.6:compile - omitted for duplicate)
+- io.personium:personium-plugins:jar:1.0.5:compile
|  +- (io.personium:personium-plugin-base:jar:1.0.6:compile - omitted for duplicate)
|  +- (org.slf4j:jcl-over-slf4j:jar:1.7.25:compile - omitted for duplicate)
|  +- (org.slf4j:slf4j-api:jar:1.7.25:compile - omitted for duplicate)
|  \- (com.googlecode.json-simple:json-simple:jar:1.1:compile - omitted for duplicate)
+- org.glassfish.jersey.containers:jersey-container-servlet:jar:2.27:compile
|  +- org.glassfish.jersey.containers:jersey-container-servlet-core:jar:2.27:compile
|  |  +- org.glassfish.hk2.external:javax.inject:jar:2.5.0-b42:compile
|  |  +- (org.glassfish.jersey.core:jersey-common:jar:2.27:compile - omitted for duplicate)
|  |  +- (org.glassfish.jersey.core:jersey-server:jar:2.27:compile - omitted for duplicate)
|  |  \- (javax.ws.rs:javax.ws.rs-api:jar:2.1:compile - omitted for duplicate)
|  +- org.glassfish.jersey.core:jersey-common:jar:2.27:compile
|  |  +- (javax.ws.rs:javax.ws.rs-api:jar:2.1:compile - omitted for duplicate)
|  |  +- javax.annotation:javax.annotation-api:jar:1.2:compile
|  |  +- (org.glassfish.hk2.external:javax.inject:jar:2.5.0-b42:compile - omitted for duplicate)
|  |  \- org.glassfish.hk2:osgi-resource-locator:jar:1.0.1:compile
|  +- org.glassfish.jersey.core:jersey-server:jar:2.27:compile
|  |  +- (org.glassfish.jersey.core:jersey-common:jar:2.27:compile - omitted for duplicate)
|  |  +- org.glassfish.jersey.core:jersey-client:jar:2.27:compile
|  |  |  +- (javax.ws.rs:javax.ws.rs-api:jar:2.1:compile - omitted for duplicate)
|  |  |  +- (org.glassfish.jersey.core:jersey-common:jar:2.27:compile - omitted for duplicate)
|  |  |  \- (org.glassfish.hk2.external:javax.inject:jar:2.5.0-b42:compile - omitted for duplicate)
|  |  +- (javax.ws.rs:javax.ws.rs-api:jar:2.1:compile - omitted for duplicate)
|  |  +- org.glassfish.jersey.media:jersey-media-jaxb:jar:2.27:compile
|  |  |  +- (org.glassfish.jersey.core:jersey-common:jar:2.27:compile - omitted for duplicate)
|  |  |  +- (org.glassfish.hk2.external:javax.inject:jar:2.5.0-b42:compile - omitted for duplicate)
|  |  |  \- (org.glassfish.hk2:osgi-resource-locator:jar:1.0.1:compile - omitted for duplicate)
|  |  +- (javax.annotation:javax.annotation-api:jar:1.2:compile - omitted for duplicate)
|  |  +- (org.glassfish.hk2.external:javax.inject:jar:2.5.0-b42:compile - omitted for duplicate)
|  |  \- javax.validation:validation-api:jar:1.1.0.Final:compile
|  \- javax.ws.rs:javax.ws.rs-api:jar:2.1:compile
+- org.glassfish.jersey.inject:jersey-hk2:jar:2.27:compile
|  +- (org.glassfish.jersey.core:jersey-common:jar:2.27:compile - omitted for duplicate)
|  \- org.glassfish.hk2:hk2-locator:jar:2.5.0-b42:compile
|     +- (org.glassfish.hk2.external:javax.inject:jar:2.5.0-b42:compile - omitted for duplicate)
|     +- org.glassfish.hk2.external:aopalliance-repackaged:jar:2.5.0-b42:compile
|     +- org.glassfish.hk2:hk2-api:jar:2.5.0-b42:compile
|     |  +- javax.inject:javax.inject:jar:1:compile
|     |  +- (org.glassfish.hk2:hk2-utils:jar:2.5.0-b42:compile - omitted for duplicate)
|     |  \- (org.glassfish.hk2.external:aopalliance-repackaged:jar:2.5.0-b42:compile - omitted for duplicate)
|     +- org.glassfish.hk2:hk2-utils:jar:2.5.0-b42:compile
|     |  +- (javax.annotation:javax.annotation-api:jar:1.2:compile - omitted for duplicate)
|     |  \- (javax.inject:javax.inject:jar:1:compile - omitted for duplicate)
|     +- (javax.annotation:javax.annotation-api:jar:1.2:compile - omitted for duplicate)
|     \- org.javassist:javassist:jar:3.22.0-CR2:compile
+- org.glassfish.jersey.media:jersey-media-moxy:jar:2.27:compile
|  +- (org.glassfish.jersey.core:jersey-common:jar:2.27:compile - omitted for duplicate)
|  +- org.glassfish.jersey.ext:jersey-entity-filtering:jar:2.27:compile
|  |  \- (javax.ws.rs:javax.ws.rs-api:jar:2.1:compile - omitted for duplicate)
|  \- org.eclipse.persistence:org.eclipse.persistence.moxy:jar:2.6.4:compile
|     +- org.eclipse.persistence:org.eclipse.persistence.core:jar:2.6.4:compile
|     |  +- org.eclipse.persistence:org.eclipse.persistence.asm:jar:2.6.4:compile
|     |  \- (org.glassfish:javax.json:jar:1.0.4:compile - omitted for duplicate)
|     +- (javax.validation:validation-api:jar:1.1.0.Final:compile - omitted for duplicate)
|     \- org.glassfish:javax.json:jar:1.0.4:compile
+- javax.servlet:javax.servlet-api:jar:3.1.0:compile
+- org.apache.httpcomponents:httpclient:jar:4.5.5:compile
|  +- org.apache.httpcomponents:httpcore:jar:4.4.9:compile
|  \- (commons-codec:commons-codec:jar:1.10:compile - omitted for conflict with 1.6)
+- com.googlecode.json-simple:json-simple:jar:1.1:compile
+- spy:spymemcached:jar:2.8.1:compile
+- org.odata4j:odata4j-core:jar:0.6.0:compile
|  +- org.core4j:core4j:jar:0.5:compile
|  \- (joda-time:joda-time:jar:1.6:compile - omitted for conflict with 2.9.9)
+- ch.qos.logback:logback-classic:jar:1.2.3:compile
|  +- ch.qos.logback:logback-core:jar:1.2.3:compile
|  \- (org.slf4j:slf4j-api:jar:1.7.25:compile - omitted for duplicate)
+- org.apache.commons:commons-compress:jar:1.18:compile
+- commons-io:commons-io:jar:2.4:compile
+- com.fasterxml.jackson.core:jackson-databind:jar:2.9.5:compile
|  +- com.fasterxml.jackson.core:jackson-annotations:jar:2.9.0:compile
|  \- com.fasterxml.jackson.core:jackson-core:jar:2.9.5:compile
+- org.apache.activemq:activemq-client:jar:5.15.6:compile
|  +- (org.slf4j:slf4j-api:jar:1.7.25:compile - omitted for duplicate)
|  +- org.apache.geronimo.specs:geronimo-jms_1.1_spec:jar:1.1.1:compile
|  +- org.fusesource.hawtbuf:hawtbuf:jar:1.11:compile
|  \- org.apache.geronimo.specs:geronimo-j2ee-management_1.1_spec:jar:1.0.1:compile
+- org.apache.kafka:kafka-clients:jar:1.1.0:compile
|  +- org.lz4:lz4-java:jar:1.4:compile
|  +- org.xerial.snappy:snappy-java:jar:1.1.7.1:compile
|  \- (org.slf4j:slf4j-api:jar:1.7.25:compile - omitted for duplicate)
+- javax.websocket:javax.websocket-api:jar:1.1:compile
+- com.google.guava:guava:jar:24.1-jre:compile
|  +- com.google.code.findbugs:jsr305:jar:1.3.9:compile
|  +- org.checkerframework:checker-compat-qual:jar:2.0.0:compile
|  +- com.google.errorprone:error_prone_annotations:jar:2.1.3:compile
|  +- com.google.j2objc:j2objc-annotations:jar:1.1:compile
|  \- org.codehaus.mojo:animal-sniffer-annotations:jar:1.14:compile
+- junit:junit:jar:4.12:test
|  \- org.hamcrest:hamcrest-core:jar:1.3:test
+- org.glassfish.jersey.test-framework.providers:jersey-test-framework-provider-grizzly2:jar:2.25.1:test
|  +- (org.glassfish.jersey.test-framework:jersey-test-framework-core:jar:2.25.1:test - omitted for duplicate)
|  +- org.glassfish.jersey.containers:jersey-container-grizzly2-http:jar:2.25.1:test
|  |  +- (org.glassfish.hk2.external:javax.inject:jar:2.5.0-b32:test - omitted for conflict with 2.5.0-b42)
|  |  +- org.glassfish.grizzly:grizzly-http-server:jar:2.3.28:test
|  |  |  \- org.glassfish.grizzly:grizzly-http:jar:2.3.28:test
|  |  |     \- org.glassfish.grizzly:grizzly-framework:jar:2.3.28:test
|  |  +- (org.glassfish.jersey.core:jersey-common:jar:2.25.1:test - omitted for conflict with 2.27)
|  |  +- (org.glassfish.jersey.core:jersey-server:jar:2.25.1:test - omitted for conflict with 2.27)
|  |  \- (javax.ws.rs:javax.ws.rs-api:jar:2.0.1:test - omitted for conflict with 2.1)
|  +- (org.glassfish.jersey.containers:jersey-container-grizzly2-servlet:jar:2.25.1:test - omitted for duplicate)
|  \- (junit:junit:jar:4.12:test - omitted for duplicate)
+- org.glassfish.jersey.test-framework:jersey-test-framework-core:jar:2.25.1:test
|  +- (org.glassfish.jersey.core:jersey-server:jar:2.25.1:test - omitted for conflict with 2.27)
|  +- (org.glassfish.jersey.containers:jersey-container-servlet-core:jar:2.25.1:test - omitted for conflict with 2.27)
|  +- (javax.servlet:javax.servlet-api:jar:3.0.1:test - omitted for conflict with 3.1.0)
|  \- (junit:junit:jar:4.12:test - omitted for duplicate)
+- org.glassfish.jersey.containers:jersey-container-grizzly2-servlet:jar:2.25.1:test
|  +- (javax.servlet:javax.servlet-api:jar:3.0.1:test - omitted for conflict with 3.1.0)
|  +- (org.glassfish.jersey.containers:jersey-container-servlet:jar:2.25.1:test - omitted for conflict with 2.27)
|  +- (org.glassfish.jersey.containers:jersey-container-grizzly2-http:jar:2.25.1:test - omitted for duplicate)
|  +- org.glassfish.grizzly:grizzly-http-servlet:jar:2.3.28:test
|  |  \- (org.glassfish.grizzly:grizzly-http-server:jar:2.3.28:test - omitted for duplicate)
|  +- (org.glassfish.jersey.core:jersey-common:jar:2.25.1:test - omitted for conflict with 2.27)
|  +- (org.glassfish.jersey.core:jersey-server:jar:2.25.1:test - omitted for conflict with 2.27)
|  \- (javax.ws.rs:javax.ws.rs-api:jar:2.0.1:test - omitted for conflict with 2.1)
+- org.glassfish.jersey.bundles.repackaged:jersey-guava:jar:2.25.1:test
+- org.powermock:powermock-module-junit4:jar:1.7.4:test
|  +- org.powermock:powermock-module-junit4-common:jar:1.7.4:test
|  |  +- org.powermock:powermock-reflect:jar:1.7.4:test
|  |  |  \- (org.objenesis:objenesis:jar:2.4:test - omitted for conflict with 2.1)
|  |  +- org.powermock:powermock-core:jar:1.7.4:test
|  |  |  +- (org.powermock:powermock-reflect:jar:1.7.4:test - omitted for duplicate)
|  |  |  +- (org.javassist:javassist:jar:3.21.0-GA:test - omitted for conflict with 3.22.0-CR2)
|  |  |  \- (org.mockito:mockito-core:jar:2.8.9:test - omitted for duplicate)
|  |  +- (junit:junit:jar:4.12:test - omitted for duplicate)
|  |  \- (org.hamcrest:hamcrest-core:jar:1.3:test - omitted for duplicate)
|  +- (junit:junit:jar:4.12:test - omitted for duplicate)
|  \- (org.hamcrest:hamcrest-core:jar:1.3:test - omitted for duplicate)
+- org.mockito:mockito-all:jar:1.10.19:test
+- org.powermock:powermock-api-mockito:jar:1.7.4:test
|  +- org.powermock:powermock-api-mockito-common:jar:1.7.4:test
|  |  +- org.powermock:powermock-api-support:jar:1.7.4:test
|  |  |  +- (org.powermock:powermock-reflect:jar:1.7.4:test - omitted for duplicate)
|  |  |  \- (org.powermock:powermock-core:jar:1.7.4:test - omitted for duplicate)
|  |  \- (org.mockito:mockito-core:jar:2.8.9:test - omitted for conflict with 1.10.19)
|  \- org.mockito:mockito-core:jar:1.10.19:test
|     +- (org.hamcrest:hamcrest-core:jar:1.1:test - omitted for conflict with 1.3)
|     \- org.objenesis:objenesis:jar:2.1:test
+- org.easytesting:fest-assert:jar:1.4:test
|  \- org.easytesting:fest-util:jar:1.1.6:test
+- org.apache.activemq:activemq-broker:jar:5.15.6:test
|  +- (org.apache.activemq:activemq-client:jar:5.15.6:test - omitted for duplicate)
|  +- org.apache.activemq:activemq-openwire-legacy:jar:5.15.6:test
|  |  \- (org.apache.activemq:activemq-client:jar:5.15.6:test - omitted for duplicate)
|  +- (com.google.guava:guava:jar:18.0:test - omitted for conflict with 24.1-jre)
|  \- (com.fasterxml.jackson.core:jackson-databind:jar:2.9.6:test - omitted for conflict with 2.9.5)
+- org.springframework.kafka:spring-kafka-test:jar:2.1.5.RELEASE:test
|  +- org.springframework:spring-context:jar:5.0.4.RELEASE:test
|  |  +- org.springframework:spring-aop:jar:5.0.4.RELEASE:test
|  |  |  +- (org.springframework:spring-beans:jar:5.0.4.RELEASE:test - omitted for duplicate)
|  |  |  \- (org.springframework:spring-core:jar:5.0.4.RELEASE:test - omitted for duplicate)
|  |  +- org.springframework:spring-beans:jar:5.0.4.RELEASE:test
|  |  |  \- (org.springframework:spring-core:jar:5.0.4.RELEASE:test - omitted for duplicate)
|  |  +- org.springframework:spring-core:jar:5.0.4.RELEASE:test
|  |  |  \- org.springframework:spring-jcl:jar:5.0.4.RELEASE:test
|  |  \- org.springframework:spring-expression:jar:5.0.4.RELEASE:test
|  |     \- (org.springframework:spring-core:jar:5.0.4.RELEASE:test - omitted for duplicate)
|  +- org.springframework:spring-test:jar:5.0.4.RELEASE:test
|  |  \- (org.springframework:spring-core:jar:5.0.4.RELEASE:test - omitted for duplicate)
|  +- org.springframework.retry:spring-retry:jar:1.2.2.RELEASE:test
|  |  \- (org.springframework:spring-core:jar:4.3.13.RELEASE:test - omitted for conflict with 5.0.4.RELEASE)
|  +- (org.apache.kafka:kafka_2.11:jar:1.0.1:test - omitted for conflict with 1.1.0)
|  +- (org.apache.kafka:kafka_2.11:jar:test:1.0.1:test - omitted for conflict with 1.1.0)
|  +- (junit:junit:jar:4.12:test - omitted for duplicate)
|  \- (org.mockito:mockito-core:jar:2.15.0:test - omitted for conflict with 1.10.19)
+- org.apache.kafka:kafka-clients:jar:test:1.1.0:test
|  +- (org.lz4:lz4-java:jar:1.4:test - omitted for duplicate)
|  +- (org.xerial.snappy:snappy-java:jar:1.1.7.1:test - omitted for duplicate)
|  \- (org.slf4j:slf4j-api:jar:1.7.25:test - omitted for duplicate)
+- org.apache.kafka:kafka_2.11:jar:1.1.0:test
|  +- (org.apache.kafka:kafka-clients:jar:1.1.0:test - omitted for duplicate)
|  +- (com.fasterxml.jackson.core:jackson-databind:jar:2.9.4:test - omitted for conflict with 2.9.5)
|  +- net.sf.jopt-simple:jopt-simple:jar:5.0.4:test
|  +- com.yammer.metrics:metrics-core:jar:2.2.0:test
|  |  \- (org.slf4j:slf4j-api:jar:1.7.2:test - omitted for conflict with 1.7.25)
|  +- org.scala-lang:scala-library:jar:2.11.12:test
|  +- org.scala-lang:scala-reflect:jar:2.11.12:test
|  |  \- (org.scala-lang:scala-library:jar:2.11.12:test - omitted for duplicate)
|  +- com.typesafe.scala-logging:scala-logging_2.11:jar:3.7.2:test
|  |  +- (org.scala-lang:scala-library:jar:2.11.11:test - omitted for conflict with 2.11.12)
|  |  +- (org.scala-lang:scala-reflect:jar:2.11.11:test - omitted for conflict with 2.11.12)
|  |  \- (org.slf4j:slf4j-api:jar:1.7.25:test - omitted for duplicate)
|  +- (org.slf4j:slf4j-api:jar:1.7.25:test - omitted for duplicate)
|  +- com.101tec:zkclient:jar:0.10:test
|  |  \- (org.slf4j:slf4j-api:jar:1.6.1:test - omitted for conflict with 1.7.25)
|  \- org.apache.zookeeper:zookeeper:jar:3.4.10:test
|     \- (org.slf4j:slf4j-api:jar:1.6.1:test - omitted for conflict with 1.7.25)
\- org.apache.kafka:kafka_2.11:jar:test:1.1.0:test
   +- (org.apache.kafka:kafka-clients:jar:1.1.0:test - omitted for duplicate)
   +- (com.fasterxml.jackson.core:jackson-databind:jar:2.9.4:test - omitted for conflict with 2.9.5)
   +- (net.sf.jopt-simple:jopt-simple:jar:5.0.4:test - omitted for duplicate)
   +- (com.yammer.metrics:metrics-core:jar:2.2.0:test - omitted for duplicate)
   +- (org.scala-lang:scala-library:jar:2.11.12:test - omitted for duplicate)
   +- (org.scala-lang:scala-reflect:jar:2.11.12:test - omitted for duplicate)
   +- (com.typesafe.scala-logging:scala-logging_2.11:jar:3.7.2:test - omitted for duplicate)
   +- (org.slf4j:slf4j-api:jar:1.7.25:test - omitted for duplicate)
   +- (com.101tec:zkclient:jar:0.10:test - omitted for duplicate)
   \- (org.apache.zookeeper:zookeeper:jar:3.4.10:test - omitted for duplicate)

Traceback (most recent call last):
  File "/home/jdbl/core/Debloat.py", line 80, in depClean
    output = subprocess.check_output(cmd, shell=True)
  File "/usr/lib/python3.7/subprocess.py", line 395, in check_output
    **kwargs).stdout
  File "/usr/lib/python3.7/subprocess.py", line 487, in run
    output=stdout, stderr=stderr)
subprocess.CalledProcessError: Command 'cd /tmp/tmp343rpvsn/personium-core; mvn -gs /home/jdbl/core/../maven-proxy.xml se.kth.castor:depclean-maven-plugin:1.1.0:depclean -Dcreate.pom.debloated=true -Dcreate.result.json=true > /home/jdbl/results/personium_personium-core/1c2584662a3e773e65038f2a4835e61c861e1302/depClean.log 2>&1' returned non-zero exit status 1.
