WARNING: Your kernel does not support swap limit capabilities or the cgroup is not mounted. Memory limited without swap.
[ERROR] Command 'cd /tmp/tmp1i5dr65e/rhino; mvn -gs /home/jdbl/core/../maven-proxy.xml se.kth.castor:depclean-maven-plugin:1.1.0:depclean -Dcreate.pom.debloated=true -Dcreate.result.json=true > /home/jdbl/results/PLOS_rhino/d977c69e609c67c6da24c264626e779f508f0e4c/depClean.log 2>&1' returned non-zero exit status 1.
org.ambraproject:rhino:war:2.2.0
+- com.google.code.findbugs:jsr305:jar:3.0.0:compile
+- commons-io:commons-io:jar:2.4:compile
+- commons-fileupload:commons-fileupload:jar:1.3.1:compile
|  \- (commons-io:commons-io:jar:2.2:compile - omitted for conflict with 2.4)
+- org.apache.commons:commons-lang3:jar:3.4:compile
+- commons-configuration:commons-configuration:jar:1.6:compile
|  +- commons-collections:commons-collections:jar:3.2.1:compile
|  +- commons-lang:commons-lang:jar:2.4:compile
|  +- commons-logging:commons-logging:jar:1.1.1:compile
|  +- commons-digester:commons-digester:jar:1.8:compile
|  |  +- commons-beanutils:commons-beanutils:jar:1.7.0:compile
|  |  |  \- (commons-logging:commons-logging:jar:1.0.3:compile - omitted for conflict with 1.1.1)
|  |  \- (commons-logging:commons-logging:jar:1.1:compile - omitted for conflict with 1.1.1)
|  \- commons-beanutils:commons-beanutils-core:jar:1.8.0:compile
|     \- (commons-logging:commons-logging:jar:1.1.1:compile - omitted for duplicate)
+- com.google.guava:guava:jar:21.0:compile
+- com.google.code.gson:gson:jar:2.2.2:compile
+- org.hibernate:hibernate-core:jar:3.6.3.Final:compile
|  +- antlr:antlr:jar:2.7.6:compile
|  +- (commons-collections:commons-collections:jar:3.1:compile - omitted for conflict with 3.2.1)
|  +- dom4j:dom4j:jar:1.6.1:compile
|  +- org.hibernate:hibernate-commons-annotations:jar:3.2.0.Final:compile
|  |  \- (org.slf4j:slf4j-api:jar:1.5.8:compile - omitted for conflict with 1.6.1)
|  +- (org.hibernate.javax.persistence:hibernate-jpa-2.0-api:jar:1.0.0.Final:compile - omitted for conflict with 1.0.1.Final)
|  +- javax.transaction:jta:jar:1.1:compile
|  \- (org.slf4j:slf4j-api:jar:1.6.1:compile - omitted for duplicate)
+- org.hibernate:hibernate-entitymanager:jar:3.6.3.Final:compile
|  +- (org.hibernate:hibernate-core:jar:3.6.3.Final:compile - omitted for duplicate)
|  +- (cglib:cglib:jar:2.2:compile - omitted for conflict with 2.2.2)
|  +- javassist:javassist:jar:3.12.0.GA:compile
|  +- (org.hibernate.javax.persistence:hibernate-jpa-2.0-api:jar:1.0.0.Final:compile - omitted for duplicate)
|  \- (org.slf4j:slf4j-api:jar:1.6.1:compile - omitted for duplicate)
+- org.ambraproject:rhombat:jar:1.0.2:compile
|  +- (org.slf4j:slf4j-api:jar:1.6.6:compile - omitted for conflict with 1.6.1)
|  +- (org.slf4j:jcl-over-slf4j:jar:1.6.6:runtime - omitted for conflict with 1.6.1)
|  +- (org.slf4j:slf4j-log4j12:jar:1.6.6:runtime - omitted for conflict with 1.6.1)
|  +- (log4j:log4j:jar:1.2.15:runtime - omitted for duplicate)
|  +- (com.google.code.gson:gson:jar:2.2.4:compile - omitted for conflict with 2.2.2)
|  +- (com.google.guava:guava:jar:15.0:compile - omitted for conflict with 21.0)
|  \- spy:spymemcached:jar:2.8.1:compile
+- org.yaml:snakeyaml:jar:1.13:compile
+- org.testng:testng:jar:6.9.10:test
|  +- com.beust:jcommander:jar:1.48:test
|  \- org.beanshell:bsh:jar:2.0b4:test
+- org.springframework:spring-test:jar:4.1.6.RELEASE:compile
|  \- org.springframework:spring-core:jar:4.1.6.RELEASE:compile
|     \- (commons-logging:commons-logging:jar:1.2:compile - omitted for conflict with 1.1.1)
+- org.mockito:mockito-core:jar:2.3.0:compile
|  +- net.bytebuddy:byte-buddy:jar:1.5.5:runtime
|  +- net.bytebuddy:byte-buddy-agent:jar:1.5.5:runtime
|  \- org.objenesis:objenesis:jar:2.4:runtime
+- org.plos:content-repo-library:jar:1.6.0:compile
|  +- (com.google.guava:guava:jar:18.0:compile - omitted for conflict with 21.0)
|  +- org.aspectj:aspectjweaver:jar:1.8.2:compile
|  +- (commons-io:commons-io:jar:2.4:compile - omitted for duplicate)
|  +- (org.slf4j:slf4j-api:jar:1.7.7:compile - omitted for conflict with 1.6.1)
|  +- (org.slf4j:jcl-over-slf4j:jar:1.7.7:runtime - omitted for conflict with 1.6.6)
|  +- (org.slf4j:slf4j-log4j12:jar:1.7.7:runtime - omitted for conflict with 1.6.6)
|  +- org.apache.httpcomponents:httpclient:jar:4.3.3:compile
|  |  +- org.apache.httpcomponents:httpcore:jar:4.3.2:compile
|  |  +- (commons-logging:commons-logging:jar:1.1.3:compile - omitted for conflict with 1.1.1)
|  |  \- commons-codec:commons-codec:jar:1.6:compile
|  +- (com.google.code.gson:gson:jar:2.2.4:compile - omitted for conflict with 2.2.2)
|  +- javax.ws.rs:javax.ws.rs-api:jar:2.0:compile
|  +- org.apache.httpcomponents:httpmime:jar:4.3.3:compile
|  |  \- (org.apache.httpcomponents:httpclient:jar:4.3.3:compile - omitted for duplicate)
|  \- (org.apache.commons:commons-lang3:jar:3.0:compile - omitted for conflict with 3.4)
+- cglib:cglib:jar:2.2.2:compile
|  \- asm:asm:jar:3.3.1:compile
+- net.sf.saxon:Saxon-HE:jar:9.6.0-4:compile
+- commons-dbcp:commons-dbcp:jar:1.4:compile
|  \- commons-pool:commons-pool:jar:1.5.4:compile
+- org.hsqldb:hsqldb:jar:2.3.2:compile
+- org.springframework:spring-context:jar:4.1.6.RELEASE:compile
|  +- org.springframework:spring-aop:jar:4.1.6.RELEASE:compile
|  |  +- aopalliance:aopalliance:jar:1.0:compile
|  |  +- (org.springframework:spring-beans:jar:4.1.6.RELEASE:compile - omitted for duplicate)
|  |  \- (org.springframework:spring-core:jar:4.1.6.RELEASE:compile - omitted for duplicate)
|  +- org.springframework:spring-beans:jar:4.1.6.RELEASE:compile
|  |  \- (org.springframework:spring-core:jar:4.1.6.RELEASE:compile - omitted for duplicate)
|  +- (org.springframework:spring-core:jar:4.1.6.RELEASE:compile - omitted for duplicate)
|  \- org.springframework:spring-expression:jar:4.1.6.RELEASE:compile
|     \- (org.springframework:spring-core:jar:4.1.6.RELEASE:compile - omitted for duplicate)
+- org.springframework:spring-webmvc:jar:4.1.6.RELEASE:compile
|  +- (org.springframework:spring-beans:jar:4.1.6.RELEASE:compile - omitted for duplicate)
|  +- (org.springframework:spring-context:jar:4.1.6.RELEASE:compile - omitted for duplicate)
|  +- (org.springframework:spring-core:jar:4.1.6.RELEASE:compile - omitted for duplicate)
|  +- (org.springframework:spring-expression:jar:4.1.6.RELEASE:compile - omitted for duplicate)
|  \- org.springframework:spring-web:jar:4.1.6.RELEASE:compile
|     +- (org.springframework:spring-aop:jar:4.1.6.RELEASE:compile - omitted for duplicate)
|     +- (org.springframework:spring-beans:jar:4.1.6.RELEASE:compile - omitted for duplicate)
|     +- (org.springframework:spring-context:jar:4.1.6.RELEASE:compile - omitted for duplicate)
|     \- (org.springframework:spring-core:jar:4.1.6.RELEASE:compile - omitted for duplicate)
+- org.springframework:spring-orm:jar:4.1.6.RELEASE:compile
|  +- (org.springframework:spring-beans:jar:4.1.6.RELEASE:compile - omitted for duplicate)
|  +- (org.springframework:spring-core:jar:4.1.6.RELEASE:compile - omitted for duplicate)
|  +- org.springframework:spring-jdbc:jar:4.1.6.RELEASE:compile
|  |  +- (org.springframework:spring-beans:jar:4.1.6.RELEASE:compile - omitted for duplicate)
|  |  +- (org.springframework:spring-core:jar:4.1.6.RELEASE:compile - omitted for duplicate)
|  |  \- (org.springframework:spring-tx:jar:4.1.6.RELEASE:compile - omitted for duplicate)
|  \- org.springframework:spring-tx:jar:4.1.6.RELEASE:compile
|     +- (org.springframework:spring-beans:jar:4.1.6.RELEASE:compile - omitted for duplicate)
|     \- (org.springframework:spring-core:jar:4.1.6.RELEASE:compile - omitted for duplicate)
+- org.springframework:spring-context-support:jar:4.1.6.RELEASE:compile
|  +- (org.springframework:spring-beans:jar:4.1.6.RELEASE:compile - omitted for duplicate)
|  +- (org.springframework:spring-context:jar:4.1.6.RELEASE:compile - omitted for duplicate)
|  \- (org.springframework:spring-core:jar:4.1.6.RELEASE:compile - omitted for duplicate)
+- org.aspectj:aspectjrt:jar:1.6.9:compile
+- org.slf4j:slf4j-api:jar:1.6.1:compile
+- org.slf4j:jcl-over-slf4j:jar:1.6.1:runtime
|  \- (org.slf4j:slf4j-api:jar:1.6.1:runtime - omitted for duplicate)
+- org.slf4j:slf4j-log4j12:jar:1.6.1:runtime
|  +- (org.slf4j:slf4j-api:jar:1.6.1:runtime - omitted for duplicate)
|  \- (log4j:log4j:jar:1.2.16:runtime - omitted for conflict with 1.2.15)
+- log4j:log4j:jar:1.2.15:runtime
+- org.hibernate.javax.persistence:hibernate-jpa-2.0-api:jar:1.0.1.Final:compile
+- javax.inject:javax.inject:jar:1:compile
+- javax.servlet:javax.servlet-api:jar:3.1.0:provided
+- javax.servlet.jsp:jsp-api:jar:2.1:provided
+- javax.servlet:jstl:jar:1.2:compile
+- org.apache.camel:camel-core:jar:2.10.4:compile
|  \- (org.slf4j:slf4j-api:jar:1.6.6:compile - omitted for conflict with 1.6.1)
+- org.apache.camel:camel-jms:jar:2.10.4:runtime (scope not updated to compile)
|  +- (org.apache.camel:camel-core:jar:2.10.4:runtime - omitted for duplicate)
|  +- (org.apache.camel:camel-spring:jar:2.10.4:runtime - omitted for duplicate)
|  +- org.springframework:spring-jms:jar:3.0.7.RELEASE:runtime
|  |  +- (aopalliance:aopalliance:jar:1.0:runtime - omitted for duplicate)
|  |  +- (org.springframework:spring-aop:jar:3.0.7.RELEASE:runtime - omitted for conflict with 4.1.6.RELEASE)
|  |  +- (org.springframework:spring-beans:jar:3.0.7.RELEASE:runtime - omitted for conflict with 4.1.6.RELEASE)
|  |  +- (org.springframework:spring-context:jar:3.0.7.RELEASE:runtime - omitted for conflict with 4.1.6.RELEASE)
|  |  +- (org.springframework:spring-core:jar:3.0.7.RELEASE:runtime - omitted for conflict with 4.1.6.RELEASE)
|  |  \- (org.springframework:spring-tx:jar:3.0.7.RELEASE:runtime - omitted for conflict with 4.1.6.RELEASE)
|  +- (org.springframework:spring-core:jar:3.0.7.RELEASE:runtime - omitted for conflict with 4.1.6.RELEASE)
|  +- (org.springframework:spring-context:jar:3.0.7.RELEASE:runtime - omitted for conflict with 4.1.6.RELEASE)
|  +- (org.springframework:spring-tx:jar:3.0.7.RELEASE:runtime - omitted for conflict with 4.1.6.RELEASE)
|  \- (org.springframework:spring-beans:jar:3.0.7.RELEASE:runtime - omitted for conflict with 4.1.6.RELEASE)
+- org.apache.camel:camel-spring:jar:2.10.4:compile
|  +- (org.apache.camel:camel-core:jar:2.10.4:compile - omitted for duplicate)
|  +- (org.springframework:spring-context:jar:3.0.7.RELEASE:compile - omitted for conflict with 4.1.6.RELEASE)
|  +- (org.springframework:spring-aop:jar:3.0.7.RELEASE:compile - omitted for conflict with 4.1.6.RELEASE)
|  \- (org.springframework:spring-tx:jar:3.0.7.RELEASE:compile - omitted for conflict with 4.1.6.RELEASE)
+- org.apache.activemq:activemq-camel:jar:5.2.0:compile
|  +- commons-logging:commons-logging-api:jar:1.1:compile
|  +- (org.apache.camel:camel-jms:jar:1.5.0:compile - omitted for conflict with 2.10.4)
|  +- org.apache.activemq:activemq-core:jar:5.2.0:compile
|  |  +- (commons-logging:commons-logging-api:jar:1.1:compile - omitted for duplicate)
|  |  +- (org.apache.camel:camel-core:jar:1.5.0:compile - omitted for conflict with 2.10.4)
|  |  +- org.apache.geronimo.specs:geronimo-jms_1.1_spec:jar:1.1.1:compile
|  |  +- org.apache.activemq:activeio-core:jar:3.1.0:compile
|  |  |  +- (commons-logging:commons-logging:jar:1.1:compile - omitted for conflict with 1.1.1)
|  |  |  \- backport-util-concurrent:backport-util-concurrent:jar:2.1:compile
|  |  \- org.apache.geronimo.specs:geronimo-j2ee-management_1.0_spec:jar:1.0:compile
|  \- org.apache.activemq:activemq-pool:jar:5.2.0:compile
|     +- (commons-logging:commons-logging-api:jar:1.1:compile - omitted for duplicate)
|     +- (org.apache.activemq:activemq-core:jar:5.2.0:compile - omitted for duplicate)
|     +- org.apache.geronimo.specs:geronimo-jta_1.0.1B_spec:jar:1.0.1:compile
|     +- (commons-pool:commons-pool:jar:1.4:compile - omitted for conflict with 1.5.4)
|     \- (org.springframework:spring-beans:jar:2.5.5:compile - omitted for conflict with 4.1.6.RELEASE)
+- net.sf.ehcache:ehcache:jar:2.7.0:compile
|  \- (org.slf4j:slf4j-api:jar:1.6.6:compile - omitted for conflict with 1.6.1)
+- junit:junit:jar:4.7:test
+- xmlunit:xmlunit:jar:1.3:test
\- com.mangofactory:swagger-springmvc:jar:0.8.8:compile
   +- com.wordnik:swagger-core_2.10:jar:1.3.5:compile
   |  +- (commons-lang:commons-lang:jar:2.4:compile - omitted for duplicate)
   |  +- (org.slf4j:slf4j-api:jar:1.6.3:compile - omitted for conflict with 1.6.1)
   |  +- com.fasterxml.jackson.module:jackson-module-scala_2.10:jar:2.1.5:compile
   |  |  +- org.scala-lang:scala-library:jar:2.10.0:compile
   |  |  +- com.fasterxml.jackson.core:jackson-core:jar:2.1.5:compile
   |  |  +- (com.fasterxml.jackson.core:jackson-annotations:jar:2.1.5:compile - omitted for duplicate)
   |  |  +- com.fasterxml.jackson.core:jackson-databind:jar:2.1.5:compile
   |  |  |  +- (com.fasterxml.jackson.core:jackson-annotations:jar:2.1.5:compile - omitted for duplicate)
   |  |  |  \- (com.fasterxml.jackson.core:jackson-core:jar:2.1.5:compile - omitted for duplicate)
   |  |  +- com.thoughtworks.paranamer:paranamer:jar:2.3:compile
   |  |  +- (com.google.guava:guava:jar:13.0.1:compile - omitted for conflict with 21.0)
   |  |  \- org.scala-lang:scala-reflect:jar:2.10.0:compile
   |  |     \- (org.scala-lang:scala-library:jar:2.10.0:compile - omitted for duplicate)
   |  +- com.fasterxml.jackson.core:jackson-annotations:jar:2.1.5:compile
   |  +- com.fasterxml.jackson.module:jackson-module-jsonSchema:jar:2.1.0:compile
   |  |  +- (com.fasterxml.jackson.core:jackson-databind:jar:2.1.0:compile - omitted for conflict with 2.1.5)
   |  |  +- (com.fasterxml.jackson.core:jackson-core:jar:2.1.0:compile - omitted for conflict with 2.1.5)
   |  |  \- (com.fasterxml.jackson.core:jackson-annotations:jar:2.1.0:compile - omitted for conflict with 2.1.5)
   |  +- com.fasterxml.jackson.jaxrs:jackson-jaxrs-json-provider:jar:2.0.0:compile
   |  |  +- (com.fasterxml.jackson.core:jackson-core:jar:2.0.0:compile - omitted for conflict with 2.1.5)
   |  |  +- (com.fasterxml.jackson.core:jackson-databind:jar:2.0.0:compile - omitted for conflict with 2.1.5)
   |  |  +- com.fasterxml.jackson.module:jackson-module-jaxb-annotations:jar:2.0.0:compile
   |  |  |  +- (com.fasterxml.jackson.core:jackson-core:jar:2.0.0:compile - omitted for conflict with 2.1.5)
   |  |  |  \- (com.fasterxml.jackson.core:jackson-databind:jar:2.0.0:compile - omitted for conflict with 2.1.5)
   |  |  \- javax.ws.rs:jsr311-api:jar:1.1.1:compile
   |  +- com.wordnik:swagger-annotations:jar:1.3.5:compile
   |  +- org.json4s:json4s-ext_2.10:jar:3.2.5:compile
   |  |  +- (org.scala-lang:scala-library:jar:2.10.0:compile - omitted for duplicate)
   |  |  +- joda-time:joda-time:jar:2.1:compile
   |  |  \- org.joda:joda-convert:jar:1.2:compile
   |  +- org.json4s:json4s-native_2.10:jar:3.2.5:compile
   |  |  +- org.json4s:json4s-core_2.10:jar:3.2.5:compile
   |  |  |  +- org.json4s:json4s-ast_2.10:jar:3.2.5:compile
   |  |  |  |  \- (org.scala-lang:scala-library:jar:2.10.0:compile - omitted for duplicate)
   |  |  |  +- (org.scala-lang:scala-library:jar:2.10.0:compile - omitted for duplicate)
   |  |  |  +- (com.thoughtworks.paranamer:paranamer:jar:2.5.6:compile - omitted for conflict with 2.3)
   |  |  |  \- org.scala-lang:scalap:jar:2.10.0:compile
   |  |  |     \- org.scala-lang:scala-compiler:jar:2.10.0:compile
   |  |  |        +- (org.scala-lang:scala-library:jar:2.10.0:compile - omitted for duplicate)
   |  |  |        \- (org.scala-lang:scala-reflect:jar:2.10.0:compile - omitted for duplicate)
   |  |  \- (org.scala-lang:scala-library:jar:2.10.0:compile - omitted for duplicate)
   |  \- org.json4s:json4s-jackson_2.10:jar:3.2.5:compile
   |     +- (org.json4s:json4s-core_2.10:jar:3.2.5:compile - omitted for duplicate)
   |     +- (org.scala-lang:scala-library:jar:2.10.0:compile - omitted for duplicate)
   |     \- (com.fasterxml.jackson.core:jackson-databind:jar:2.2.2:compile - omitted for conflict with 2.1.5)
   +- (org.springframework:spring-webmvc:jar:3.2.7.RELEASE:compile - omitted for conflict with 4.1.6.RELEASE)
   +- (org.springframework:spring-web:jar:3.2.7.RELEASE:compile - omitted for conflict with 4.1.6.RELEASE)
   +- (cglib:cglib:jar:2.2:compile - omitted for conflict with 2.2.2)
   +- (com.google.guava:guava:jar:15.0:compile - omitted for conflict with 21.0)
   +- com.mangofactory.swagger:swagger-models:jar:0.8.8:compile
   |  +- (org.springframework:spring-context:jar:3.2.7.RELEASE:compile - omitted for conflict with 4.1.6.RELEASE)
   |  +- (org.springframework:spring-beans:jar:3.2.7.RELEASE:compile - omitted for conflict with 4.1.6.RELEASE)
   |  +- (com.fasterxml:classmate:jar:1.0.0:compile - omitted for duplicate)
   |  +- (com.wordnik:swagger-core_2.10:jar:1.3.5:compile - omitted for duplicate)
   |  \- cglib:cglib-nodep:jar:3.1:compile
   \- com.fasterxml:classmate:jar:1.0.0:compile

Traceback (most recent call last):
  File "/home/jdbl/core/Debloat.py", line 80, in depClean
    output = subprocess.check_output(cmd, shell=True)
  File "/usr/lib/python3.7/subprocess.py", line 395, in check_output
    **kwargs).stdout
  File "/usr/lib/python3.7/subprocess.py", line 487, in run
    output=stdout, stderr=stderr)
subprocess.CalledProcessError: Command 'cd /tmp/tmp1i5dr65e/rhino; mvn -gs /home/jdbl/core/../maven-proxy.xml se.kth.castor:depclean-maven-plugin:1.1.0:depclean -Dcreate.pom.debloated=true -Dcreate.result.json=true > /home/jdbl/results/PLOS_rhino/d977c69e609c67c6da24c264626e779f508f0e4c/depClean.log 2>&1' returned non-zero exit status 1.
