WARNING: Your kernel does not support swap limit capabilities or the cgroup is not mounted. Memory limited without swap.
[ERROR] Command 'cd /tmp/tmpy7i2_9y_/rhino; mvn -gs /home/jdbl/core/../maven-proxy.xml se.kth.castor:depclean-maven-plugin:1.1.0:depclean -Dcreate.pom.debloated=true -Dcreate.result.json=true > /home/jdbl/results/PLOS_rhino/6667468497ded082a60b578c83eec12e134650cf/depClean.log 2>&1' returned non-zero exit status 1.
org.ambraproject:rhino:war:0.4.3
+- commons-io:commons-io:jar:2.4:compile
+- com.google.guava:guava:jar:15.0:compile
+- com.google.code.gson:gson:jar:2.2.2:compile
+- org.ambraproject:rhombat:jar:1.0.1:compile
|  +- (org.slf4j:slf4j-api:jar:1.6.6:compile - omitted for conflict with 1.6.1)
|  +- (org.slf4j:jcl-over-slf4j:jar:1.6.6:runtime - omitted for conflict with 1.6.1)
|  +- (org.slf4j:slf4j-log4j12:jar:1.6.6:compile - scope updated from runtime; omitted for duplicate)
|  +- (log4j:log4j:jar:1.2.15:compile - scope updated from runtime; omitted for duplicate)
|  +- (com.google.code.gson:gson:jar:2.2.4:compile - omitted for conflict with 2.2.2)
|  +- (com.google.guava:guava:jar:15.0:compile - omitted for duplicate)
|  \- spy:spymemcached:jar:2.8.1:compile
+- org.yaml:snakeyaml:jar:1.13:compile
+- org.ambraproject:ambra-base:jar:2.9.12:compile
|  +- org.ambraproject:ambra-models:jar:2.9.12:compile
|  |  +- org.hibernate:hibernate-core:jar:3.6.3.Final:compile
|  |  |  +- antlr:antlr:jar:2.7.6:compile
|  |  |  +- (commons-collections:commons-collections:jar:3.1:compile - omitted for conflict with 3.2)
|  |  |  +- (dom4j:dom4j:jar:1.6.1:compile - omitted for duplicate)
|  |  |  +- org.hibernate:hibernate-commons-annotations:jar:3.2.0.Final:compile
|  |  |  |  \- (org.slf4j:slf4j-api:jar:1.5.8:compile - omitted for conflict with 1.6.6)
|  |  |  +- org.hibernate.javax.persistence:hibernate-jpa-2.0-api:jar:1.0.0.Final:compile
|  |  |  +- javax.transaction:jta:jar:1.1:compile
|  |  |  \- (org.slf4j:slf4j-api:jar:1.6.1:compile - omitted for conflict with 1.6.6)
|  |  +- javassist:javassist:jar:3.12.0.GA:compile
|  |  +- (org.slf4j:slf4j-log4j12:jar:1.6.6:compile - omitted for conflict with 1.5.11)
|  |  +- commons-lang:commons-lang:jar:2.4:compile
|  |  +- (org.ambraproject:conf-helper:jar:2.9.12:compile - omitted for duplicate)
|  |  \- org.springframework:spring-orm:jar:3.2.2.RELEASE:compile
|  |     +- (aopalliance:aopalliance:jar:1.0:compile - omitted for duplicate)
|  |     +- (org.springframework:spring-beans:jar:3.2.2.RELEASE:compile - omitted for duplicate)
|  |     +- (org.springframework:spring-core:jar:3.2.2.RELEASE:compile - omitted for duplicate)
|  |     +- org.springframework:spring-jdbc:jar:3.2.2.RELEASE:compile
|  |     |  +- (org.springframework:spring-beans:jar:3.2.2.RELEASE:compile - omitted for duplicate)
|  |     |  +- (org.springframework:spring-core:jar:3.2.2.RELEASE:compile - omitted for duplicate)
|  |     |  \- (org.springframework:spring-tx:jar:3.2.2.RELEASE:compile - omitted for duplicate)
|  |     \- (org.springframework:spring-tx:jar:3.2.2.RELEASE:compile - omitted for duplicate)
|  +- org.ambraproject:ambra-password-service:jar:2.9.12:compile
|  |  +- commons-math:commons-math:jar:1.1:compile
|  |  |  +- (commons-logging:commons-logging:jar:1.0.3:compile - omitted for conflict with 1.0.4)
|  |  |  \- commons-discovery:commons-discovery:jar:0.2:compile
|  |  |     \- (commons-logging:commons-logging:jar:1.0.3:compile - omitted for duplicate)
|  |  \- (com.google.guava:guava:jar:15.0:compile - omitted for duplicate)
|  +- (org.ambraproject:file-store:jar:1.1.0:compile - omitted for duplicate)
|  +- org.ambraproject:conf-helper:jar:2.9.12:compile
|  |  +- (commons-configuration:commons-configuration:jar:1.6:compile - omitted for duplicate)
|  |  +- commons-collections:commons-collections:jar:3.2:compile
|  |  +- (org.springframework:spring-core:jar:3.2.2.RELEASE:compile - omitted for duplicate)
|  |  +- (org.springframework:spring-beans:jar:3.2.2.RELEASE:compile - omitted for conflict with 2.5.6.SEC01)
|  |  \- (org.slf4j:slf4j-log4j12:jar:1.6.1:compile - omitted for conflict with 1.6.6)
|  +- org.ambraproject:dom-ranges-helper:jar:2.9.12:compile
|  +- org.ambraproject:ambra-emailer:jar:2.9.12:compile
|  |  +- (org.freemarker:freemarker:jar:2.3.19:compile - omitted for duplicate)
|  |  +- (org.slf4j:slf4j-log4j12:jar:1.6.1:compile - omitted for conflict with 1.6.6)
|  |  +- (org.springframework:spring-beans:jar:3.2.2.RELEASE:compile - omitted for conflict with 2.5.6.SEC01)
|  |  +- (org.springframework:spring-core:jar:3.2.2.RELEASE:compile - omitted for duplicate)
|  |  +- (org.springframework:spring-context:jar:3.2.2.RELEASE:compile - omitted for conflict with 2.5.6.SEC01)
|  |  +- org.springframework:spring-context-support:jar:3.2.2.RELEASE:compile
|  |  |  +- (org.springframework:spring-beans:jar:3.2.2.RELEASE:compile - omitted for conflict with 2.5.6.SEC01)
|  |  |  +- (org.springframework:spring-context:jar:3.2.2.RELEASE:compile - omitted for conflict with 2.5.6.SEC01)
|  |  |  \- (org.springframework:spring-core:jar:3.2.2.RELEASE:compile - omitted for duplicate)
|  |  +- (org.springframework:spring-webmvc:jar:3.2.2.RELEASE:compile - omitted for duplicate)
|  |  \- javax.mail:mail:jar:1.4:compile
|  |     \- (javax.activation:activation:jar:1.1:compile - omitted for duplicate)
|  +- net.tanesha.recaptcha4j:recaptcha4j:jar:0.0.7:compile
|  +- com.googlecode.jcsv:jcsv:jar:1.4.0:compile
|  +- org.jdom:jdom:jar:1.1:compile
|  +- rome:rome:jar:1.0:compile
|  |  \- jdom:jdom:jar:1.0:compile
|  +- org.apache.poi:poi-scratchpad:jar:3.8:compile
|  |  \- org.apache.poi:poi:jar:3.8:compile
|  |     \- (commons-codec:commons-codec:jar:1.5:compile - omitted for duplicate)
|  +- cas:casclient:jar:2.1.1:compile
|  |  \- commons-logging:commons-logging:jar:1.0.4:compile
|  +- net.sf.ehcache:ehcache:jar:1.5.0:compile
|  |  +- backport-util-concurrent:backport-util-concurrent:jar:3.1:compile
|  |  +- (commons-collections:commons-collections:jar:3.2:compile - omitted for duplicate)
|  |  \- net.sf.jsr107cache:jsr107cache:jar:1.0:compile
|  +- it.unibo.cs:unibo-xpointer:jar:1.2-t1:compile
|  |  \- gnu-regexp:gnu-regexp:jar:1.1.4:compile
|  +- org.ambraproject:entity-resolver:jar:2.9.12:compile
|  |  +- (org.slf4j:slf4j-log4j12:jar:1.6.1:compile - omitted for conflict with 1.6.6)
|  |  \- (commons-io:commons-io:jar:1.4:compile - omitted for conflict with 2.4)
|  +- org.apache.struts:struts2-core:jar:2.3.15.1:compile
|  |  +- org.apache.struts.xwork:xwork-core:jar:2.3.15.1:compile
|  |  |  +- (org.apache.commons:commons-lang3:jar:3.1:compile - omitted for duplicate)
|  |  |  +- (ognl:ognl:jar:3.0.6:compile - omitted for duplicate)
|  |  |  +- (asm:asm:jar:3.3:compile - omitted for conflict with 3.3.1)
|  |  |  \- asm:asm-commons:jar:3.3:compile
|  |  |     \- asm:asm-tree:jar:3.3:compile
|  |  |        \- (asm:asm:jar:3.3:compile - omitted for duplicate)
|  |  +- (org.freemarker:freemarker:jar:2.3.19:compile - omitted for duplicate)
|  |  +- ognl:ognl:jar:3.0.6:compile
|  |  |  \- (javassist:javassist:jar:3.11.0.GA:compile - omitted for conflict with 3.12.0.GA)
|  |  +- (commons-fileupload:commons-fileupload:jar:1.3:compile - omitted for conflict with 1.1.1)
|  |  \- (commons-io:commons-io:jar:2.0.1:compile - omitted for conflict with 2.4)
|  +- net.sourceforge.findbugs:jsr305:jar:1.3.2:compile
|  +- commons-fileupload:commons-fileupload:jar:1.1.1:compile
|  |  \- (commons-io:commons-io:jar:1.1:compile - omitted for conflict with 2.4)
|  +- org.apache.httpcomponents:httpclient:jar:4.2.1:compile
|  |  +- org.apache.httpcomponents:httpcore:jar:4.2.1:compile
|  |  +- (commons-logging:commons-logging:jar:1.1.1:compile - omitted for conflict with 1.0.4)
|  |  \- (commons-codec:commons-codec:jar:1.6:compile - omitted for conflict with 1.5)
|  +- org.apache.httpcomponents:httpmime:jar:4.2.1:compile
|  |  \- (org.apache.httpcomponents:httpcore:jar:4.2.1:compile - omitted for duplicate)
|  +- commons-httpclient:commons-httpclient:jar:3.1:compile
|  |  +- (commons-logging:commons-logging:jar:1.0.4:compile - omitted for duplicate)
|  |  \- (commons-codec:commons-codec:jar:1.2:compile - omitted for conflict with 1.5)
|  +- (commons-io:commons-io:jar:1.4:compile - omitted for conflict with 2.4)
|  +- oro:oro:jar:2.0.8:compile
|  +- com.thoughtworks.xstream:xstream:jar:1.3:compile
|  |  \- xpp3:xpp3_min:jar:1.1.4c:compile
|  +- org.apache.struts:struts2-json-plugin:jar:2.3.15.1:compile
|  |  +- org.apache.commons:commons-lang3:jar:3.1:compile
|  |  \- (org.apache.struts:struts2-core:jar:2.3.15.1:compile - omitted for duplicate)
|  +- (com.google.code.gson:gson:jar:1.4:compile - omitted for conflict with 2.2.2)
|  +- javax.activation:activation:jar:1.1:compile
|  +- (net.sf.saxon:saxon:jar:9.3:compile - omitted for duplicate)
|  +- opensymphony:oscore:jar:2.2.4:compile
|  +- commons-configuration:commons-configuration:jar:1.6:compile
|  |  +- (commons-collections:commons-collections:jar:3.2.1:compile - omitted for conflict with 3.2)
|  |  +- (commons-lang:commons-lang:jar:2.4:compile - omitted for duplicate)
|  |  +- commons-digester:commons-digester:jar:1.8:compile
|  |  |  \- commons-beanutils:commons-beanutils:jar:1.7.0:compile
|  |  \- commons-beanutils:commons-beanutils-core:jar:1.8.0:compile
|  +- org.freemarker:freemarker:jar:2.3.19:compile
|  +- org.apache.solr:solr-solrj:jar:4.1.0:compile
|  |  +- org.apache.zookeeper:zookeeper:jar:3.4.5:compile
|  |  |  \- (org.slf4j:slf4j-api:jar:1.6.1:compile - omitted for conflict with 1.6.6)
|  |  +- (commons-io:commons-io:jar:2.1:compile - omitted for conflict with 2.4)
|  |  +- (org.apache.httpcomponents:httpclient:jar:4.1.3:compile - omitted for conflict with 4.2.1)
|  |  +- (org.apache.httpcomponents:httpmime:jar:4.1.3:compile - omitted for conflict with 4.2.1)
|  |  +- org.codehaus.woodstox:wstx-asl:jar:3.2.7:runtime
|  |  \- (org.slf4j:slf4j-api:jar:1.6.4:compile - omitted for conflict with 1.6.6)
|  +- org.springframework:spring-aop:jar:3.2.2.RELEASE:compile
|  |  +- aopalliance:aopalliance:jar:1.0:compile
|  |  +- (org.springframework:spring-beans:jar:3.2.2.RELEASE:compile - omitted for conflict with 2.5.6.SEC01)
|  |  \- (org.springframework:spring-core:jar:3.2.2.RELEASE:compile - omitted for duplicate)
|  +- org.springframework:spring-beans:jar:3.2.2.RELEASE:compile
|  |  \- (org.springframework:spring-core:jar:3.2.2.RELEASE:compile - omitted for duplicate)
|  +- (org.springframework:spring-context:jar:3.2.2.RELEASE:compile - omitted for duplicate)
|  +- org.springframework:spring-core:jar:3.2.2.RELEASE:compile
|  +- org.springframework:spring-tx:jar:3.2.2.RELEASE:compile
|  |  +- (aopalliance:aopalliance:jar:1.0:compile - omitted for duplicate)
|  |  +- (org.springframework:spring-beans:jar:3.2.2.RELEASE:compile - omitted for duplicate)
|  |  \- (org.springframework:spring-core:jar:3.2.2.RELEASE:compile - omitted for duplicate)
|  +- org.springframework:spring-web:jar:3.2.2.RELEASE:compile
|  |  +- (aopalliance:aopalliance:jar:1.0:compile - omitted for duplicate)
|  |  +- (org.springframework:spring-aop:jar:3.2.2.RELEASE:compile - omitted for duplicate)
|  |  +- (org.springframework:spring-beans:jar:3.2.2.RELEASE:compile - omitted for duplicate)
|  |  +- (org.springframework:spring-context:jar:3.2.2.RELEASE:compile - omitted for duplicate)
|  |  \- (org.springframework:spring-core:jar:3.2.2.RELEASE:compile - omitted for duplicate)
|  +- xerces:xercesImpl:jar:2.9.1:compile
|  |  \- (xml-apis:xml-apis:jar:1.3.04:compile - omitted for duplicate)
|  +- org.apache.xmlrpc:xmlrpc-client:jar:3.1.3:compile
|  |  \- (org.apache.xmlrpc:xmlrpc-common:jar:3.1.3:compile - omitted for duplicate)
|  +- org.apache.xmlrpc:xmlrpc-common:jar:3.1.3:compile
|  |  \- org.apache.ws.commons.util:ws-commons-util:jar:1.0.2:compile
|  |     +- (junit:junit:jar:3.8.1:compile - omitted for duplicate)
|  |     \- (xml-apis:xml-apis:jar:1.0.b2:compile - omitted for conflict with 1.3.04)
|  +- org.apache.xmlrpc:xmlrpc-server:jar:3.1.3:compile
|  |  +- (commons-logging:commons-logging:jar:1.1:compile - omitted for conflict with 1.0.4)
|  |  \- (org.apache.xmlrpc:xmlrpc-common:jar:3.1.3:compile - omitted for duplicate)
|  +- org.im4java:im4java:jar:1.2.0:compile
|  \- (com.google.guava:guava:jar:15.0:compile - omitted for duplicate)
+- org.ambraproject:ambra-queue:jar:2.9.12:compile
|  +- (org.ambraproject:ambra-base:jar:2.9.12:compile - omitted for duplicate)
|  +- (org.ambraproject:ambra-models:jar:2.9.12:compile - omitted for duplicate)
|  +- (org.apache.camel:camel-core:jar:2.10.4:compile - omitted for duplicate)
|  +- (org.apache.camel:camel-jms:jar:2.10.4:compile - omitted for duplicate)
|  +- org.apache.camel:camel-mail:jar:2.10.4:compile
|  |  +- (org.apache.camel:camel-core:jar:2.10.4:compile - omitted for duplicate)
|  |  \- (javax.mail:mail:jar:1.4.5:compile - omitted for conflict with 1.4)
|  +- (org.apache.camel:camel-spring:jar:2.10.4:compile - omitted for duplicate)
|  +- org.apache.camel:camel-quartz:jar:2.10.4:compile
|  |  +- (org.apache.camel:camel-core:jar:2.10.4:compile - omitted for duplicate)
|  |  +- org.quartz-scheduler:quartz:jar:1.8.5:compile
|  |  |  +- (javax.transaction:jta:jar:1.1:compile - omitted for duplicate)
|  |  |  \- (org.slf4j:slf4j-api:jar:1.6.0:compile - omitted for conflict with 1.6.6)
|  |  +- (commons-collections:commons-collections:jar:3.2.1:compile - omitted for conflict with 3.2)
|  |  \- (org.slf4j:slf4j-api:jar:1.6.6:compile - omitted for duplicate)
|  +- org.apache.xbean:xbean-spring:jar:3.5:compile
|  |  \- (commons-logging:commons-logging:jar:1.0.3:compile - omitted for conflict with 1.0.4)
|  +- (org.springframework:spring-core:jar:3.2.2.RELEASE:compile - omitted for duplicate)
|  +- (org.springframework:spring-aop:jar:3.2.2.RELEASE:compile - omitted for duplicate)
|  +- (org.springframework:spring-beans:jar:3.2.2.RELEASE:compile - omitted for duplicate)
|  +- (org.springframework:spring-context:jar:3.2.2.RELEASE:compile - omitted for duplicate)
|  \- org.apache.camel:camel-freemarker:jar:2.10.4:compile
|     +- (org.apache.camel:camel-core:jar:2.10.4:compile - omitted for duplicate)
|     \- (org.freemarker:freemarker:jar:2.3.19:compile - omitted for duplicate)
+- org.ambraproject:file-store:jar:1.1.0:compile
|  +- com.guba:mogileFS-client:jar:1.1.0.1:compile
|  +- (commons-pool:commons-pool:jar:1.5.4:compile - scope updated from runtime; omitted for duplicate)
|  +- (org.springframework:spring-context:jar:2.5.6.SEC01:compile - omitted for conflict with 3.2.2.RELEASE)
|  +- xml-apis:xml-apis:jar:1.3.04:compile
|  +- org.testng:testng:jar:5.14.9:compile
|  |  +- (junit:junit:jar:3.8.1:compile - omitted for conflict with 4.7)
|  |  +- org.beanshell:bsh:jar:2.0b4:compile
|  |  +- com.google.inject:guice:jar:2.0:compile
|  |  |  \- (aopalliance:aopalliance:jar:1.0:compile - omitted for duplicate)
|  |  +- com.beust:jcommander:jar:1.12:compile
|  |  \- (org.yaml:snakeyaml:jar:1.6:compile - omitted for conflict with 1.13)
|  +- dom4j:dom4j:jar:1.6.1:compile
|  |  \- (xml-apis:xml-apis:jar:1.0.b2:compile - omitted for conflict with 1.3.04)
|  +- (org.springframework:spring-aop:jar:2.5.6.SEC01:compile - omitted for conflict with 3.2.2.RELEASE)
|  +- (org.slf4j:slf4j-api:jar:1.5.11:compile - omitted for conflict with 1.6.6)
|  +- (org.springframework:spring-beans:jar:2.5.6.SEC01:compile - omitted for conflict with 3.2.2.RELEASE)
|  +- (org.slf4j:slf4j-log4j12:jar:1.5.11:compile - omitted for conflict with 1.6.1)
|  \- commons-codec:commons-codec:jar:1.5:compile
+- org.ambraproject:ambra-base:jar:tests:2.9.12:test
|  +- (org.ambraproject:ambra-models:jar:2.9.12:test - omitted for duplicate)
|  +- (org.ambraproject:ambra-password-service:jar:2.9.12:test - omitted for duplicate)
|  +- (org.ambraproject:file-store:jar:1.1.0:test - omitted for duplicate)
|  +- (org.ambraproject:conf-helper:jar:2.9.12:test - omitted for duplicate)
|  +- (org.ambraproject:dom-ranges-helper:jar:2.9.12:test - omitted for duplicate)
|  +- (org.ambraproject:ambra-emailer:jar:2.9.12:test - omitted for duplicate)
|  +- (net.tanesha.recaptcha4j:recaptcha4j:jar:0.0.7:test - omitted for duplicate)
|  +- (com.googlecode.jcsv:jcsv:jar:1.4.0:test - omitted for duplicate)
|  +- (org.jdom:jdom:jar:1.1:test - omitted for duplicate)
|  +- (rome:rome:jar:1.0:test - omitted for duplicate)
|  +- (org.apache.poi:poi-scratchpad:jar:3.8:test - omitted for duplicate)
|  +- (cas:casclient:jar:2.1.1:test - omitted for duplicate)
|  +- (net.sf.ehcache:ehcache:jar:1.5.0:test - omitted for duplicate)
|  +- (it.unibo.cs:unibo-xpointer:jar:1.2-t1:test - omitted for duplicate)
|  +- (org.ambraproject:entity-resolver:jar:2.9.12:test - omitted for duplicate)
|  +- (org.apache.struts:struts2-core:jar:2.3.15.1:test - omitted for duplicate)
|  +- (net.sourceforge.findbugs:jsr305:jar:1.3.2:test - omitted for duplicate)
|  +- (commons-fileupload:commons-fileupload:jar:1.1.1:test - omitted for duplicate)
|  +- (org.apache.httpcomponents:httpclient:jar:4.2.1:test - omitted for duplicate)
|  +- (org.apache.httpcomponents:httpmime:jar:4.2.1:test - omitted for duplicate)
|  +- (commons-httpclient:commons-httpclient:jar:3.1:test - omitted for duplicate)
|  +- (commons-io:commons-io:jar:1.4:test - omitted for conflict with 2.4)
|  +- (oro:oro:jar:2.0.8:test - omitted for duplicate)
|  +- (com.thoughtworks.xstream:xstream:jar:1.3:test - omitted for duplicate)
|  +- (org.apache.struts:struts2-json-plugin:jar:2.3.15.1:test - omitted for duplicate)
|  +- (com.google.code.gson:gson:jar:1.4:test - omitted for conflict with 2.2.2)
|  +- (javax.activation:activation:jar:1.1:test - omitted for duplicate)
|  +- (net.sf.saxon:saxon:jar:9.3:test - omitted for duplicate)
|  +- (opensymphony:oscore:jar:2.2.4:test - omitted for duplicate)
|  +- (commons-configuration:commons-configuration:jar:1.6:test - omitted for duplicate)
|  +- (org.freemarker:freemarker:jar:2.3.19:test - omitted for duplicate)
|  +- org.mortbay.jetty:jetty-util:jar:6.1.21:test
|  +- (org.apache.solr:solr-solrj:jar:4.1.0:test - omitted for duplicate)
|  +- (org.springframework:spring-aop:jar:3.2.2.RELEASE:test - omitted for duplicate)
|  +- (org.springframework:spring-beans:jar:3.2.2.RELEASE:test - omitted for duplicate)
|  +- (org.springframework:spring-context:jar:3.2.2.RELEASE:test - omitted for duplicate)
|  +- (org.springframework:spring-core:jar:3.2.2.RELEASE:test - omitted for duplicate)
|  +- (org.springframework:spring-tx:jar:3.2.2.RELEASE:test - omitted for duplicate)
|  +- (org.springframework:spring-web:jar:3.2.2.RELEASE:test - omitted for duplicate)
|  +- (xerces:xercesImpl:jar:2.9.1:test - omitted for duplicate)
|  +- (org.apache.xmlrpc:xmlrpc-client:jar:3.1.3:test - omitted for duplicate)
|  +- (org.apache.xmlrpc:xmlrpc-common:jar:3.1.3:test - omitted for duplicate)
|  +- (org.apache.xmlrpc:xmlrpc-server:jar:3.1.3:test - omitted for duplicate)
|  +- (org.im4java:im4java:jar:1.2.0:test - omitted for duplicate)
|  \- (com.google.guava:guava:jar:15.0:test - omitted for duplicate)
+- cglib:cglib:jar:2.2.2:compile
|  \- asm:asm:jar:3.3.1:compile
+- net.sf.saxon:saxon:jar:9.3:compile
+- commons-dbcp:commons-dbcp:jar:1.4:compile
|  \- commons-pool:commons-pool:jar:1.5.4:compile
+- hsqldb:hsqldb:jar:1.8.0.1:compile
+- org.springframework:spring-context:jar:3.2.2.RELEASE:compile
|  +- (org.springframework:spring-aop:jar:3.2.2.RELEASE:compile - omitted for duplicate)
|  +- (org.springframework:spring-beans:jar:3.2.2.RELEASE:compile - omitted for duplicate)
|  +- (org.springframework:spring-core:jar:3.2.2.RELEASE:compile - omitted for duplicate)
|  \- org.springframework:spring-expression:jar:3.2.2.RELEASE:compile
|     \- (org.springframework:spring-core:jar:3.2.2.RELEASE:compile - omitted for duplicate)
+- org.springframework:spring-webmvc:jar:3.2.2.RELEASE:compile
|  +- (org.springframework:spring-beans:jar:3.2.2.RELEASE:compile - omitted for duplicate)
|  +- (org.springframework:spring-context:jar:3.2.2.RELEASE:compile - omitted for duplicate)
|  +- (org.springframework:spring-core:jar:3.2.2.RELEASE:compile - omitted for duplicate)
|  +- (org.springframework:spring-expression:jar:3.2.2.RELEASE:compile - omitted for duplicate)
|  \- (org.springframework:spring-web:jar:3.2.2.RELEASE:compile - omitted for duplicate)
+- org.springframework:spring-test:jar:3.2.2.RELEASE:compile
|  \- (org.springframework:spring-core:jar:3.2.2.RELEASE:compile - omitted for duplicate)
+- org.aspectj:aspectjrt:jar:1.6.9:compile
+- org.slf4j:slf4j-api:jar:1.6.1:compile
+- org.slf4j:jcl-over-slf4j:jar:1.6.1:runtime
|  \- (org.slf4j:slf4j-api:jar:1.6.1:runtime - omitted for duplicate)
+- org.slf4j:slf4j-log4j12:jar:1.6.1:runtime (scope not updated to compile)
|  +- (org.slf4j:slf4j-api:jar:1.6.1:runtime - omitted for duplicate)
|  \- (log4j:log4j:jar:1.2.16:runtime - omitted for conflict with 1.2.15)
+- log4j:log4j:jar:1.2.15:runtime
+- javax.inject:javax.inject:jar:1:compile
+- javax.servlet:servlet-api:jar:2.5:provided
+- javax.servlet.jsp:jsp-api:jar:2.1:provided
+- javax.servlet:jstl:jar:1.2:compile
+- org.apache.camel:camel-core:jar:2.10.4:compile
|  \- (org.slf4j:slf4j-api:jar:1.6.6:compile - omitted for conflict with 1.6.1)
+- org.apache.camel:camel-jms:jar:2.10.4:runtime (scope not updated to compile)
|  +- (org.apache.camel:camel-core:jar:2.10.4:runtime - omitted for duplicate)
|  +- (org.apache.camel:camel-spring:jar:2.10.4:runtime - omitted for duplicate)
|  +- org.springframework:spring-jms:jar:3.0.7.RELEASE:runtime
|  |  +- (aopalliance:aopalliance:jar:1.0:runtime - omitted for duplicate)
|  |  +- (org.springframework:spring-aop:jar:3.0.7.RELEASE:runtime - omitted for conflict with 3.2.2.RELEASE)
|  |  +- (org.springframework:spring-beans:jar:3.0.7.RELEASE:runtime - omitted for conflict with 3.2.2.RELEASE)
|  |  +- (org.springframework:spring-context:jar:3.0.7.RELEASE:runtime - omitted for conflict with 3.2.2.RELEASE)
|  |  +- (org.springframework:spring-core:jar:3.0.7.RELEASE:runtime - omitted for conflict with 3.2.2.RELEASE)
|  |  \- (org.springframework:spring-tx:jar:3.0.7.RELEASE:runtime - omitted for conflict with 3.2.2.RELEASE)
|  +- (org.springframework:spring-core:jar:3.0.7.RELEASE:runtime - omitted for conflict with 3.2.2.RELEASE)
|  +- (org.springframework:spring-context:jar:3.0.7.RELEASE:runtime - omitted for conflict with 3.2.2.RELEASE)
|  +- (org.springframework:spring-tx:jar:3.0.7.RELEASE:runtime - omitted for conflict with 3.2.2.RELEASE)
|  \- (org.springframework:spring-beans:jar:3.0.7.RELEASE:runtime - omitted for conflict with 3.2.2.RELEASE)
+- org.apache.camel:camel-spring:jar:2.10.4:compile
|  +- (org.apache.camel:camel-core:jar:2.10.4:compile - omitted for duplicate)
|  +- (org.springframework:spring-context:jar:3.0.7.RELEASE:compile - omitted for conflict with 3.2.2.RELEASE)
|  +- (org.springframework:spring-aop:jar:3.0.7.RELEASE:compile - omitted for conflict with 3.2.2.RELEASE)
|  \- (org.springframework:spring-tx:jar:3.0.7.RELEASE:compile - omitted for conflict with 3.2.2.RELEASE)
+- org.apache.activemq:activemq-camel:jar:5.2.0:compile
|  +- commons-logging:commons-logging-api:jar:1.1:compile
|  +- (org.apache.camel:camel-jms:jar:1.5.0:compile - omitted for conflict with 2.10.4)
|  +- org.apache.activemq:activemq-core:jar:5.2.0:compile
|  |  +- (commons-logging:commons-logging-api:jar:1.1:compile - omitted for duplicate)
|  |  +- (org.apache.camel:camel-core:jar:1.5.0:compile - omitted for conflict with 2.10.4)
|  |  +- org.apache.geronimo.specs:geronimo-jms_1.1_spec:jar:1.1.1:compile
|  |  +- org.apache.activemq:activeio-core:jar:3.1.0:compile
|  |  |  +- (commons-logging:commons-logging:jar:1.1:compile - omitted for conflict with 1.0.4)
|  |  |  \- (backport-util-concurrent:backport-util-concurrent:jar:2.1:compile - omitted for conflict with 3.1)
|  |  \- org.apache.geronimo.specs:geronimo-j2ee-management_1.0_spec:jar:1.0:compile
|  \- org.apache.activemq:activemq-pool:jar:5.2.0:compile
|     +- (commons-logging:commons-logging-api:jar:1.1:compile - omitted for duplicate)
|     +- (org.apache.activemq:activemq-core:jar:5.2.0:compile - omitted for duplicate)
|     +- org.apache.geronimo.specs:geronimo-jta_1.0.1B_spec:jar:1.0.1:compile
|     +- (commons-pool:commons-pool:jar:1.4:compile - omitted for conflict with 1.5.4)
|     \- (org.springframework:spring-beans:jar:2.5.5:compile - omitted for conflict with 3.2.2.RELEASE)
+- junit:junit:jar:4.7:test (scope not updated to compile)
\- xmlunit:xmlunit:jar:1.3:test

Traceback (most recent call last):
  File "/home/jdbl/core/Debloat.py", line 80, in depClean
    output = subprocess.check_output(cmd, shell=True)
  File "/usr/lib/python3.7/subprocess.py", line 395, in check_output
    **kwargs).stdout
  File "/usr/lib/python3.7/subprocess.py", line 487, in run
    output=stdout, stderr=stderr)
subprocess.CalledProcessError: Command 'cd /tmp/tmpy7i2_9y_/rhino; mvn -gs /home/jdbl/core/../maven-proxy.xml se.kth.castor:depclean-maven-plugin:1.1.0:depclean -Dcreate.pom.debloated=true -Dcreate.result.json=true > /home/jdbl/results/PLOS_rhino/6667468497ded082a60b578c83eec12e134650cf/depClean.log 2>&1' returned non-zero exit status 1.
