WARNING: Your kernel does not support swap limit capabilities or the cgroup is not mounted. Memory limited without swap.
io.agi.core:agief:jar:Downloading1(from)
+- org.apache.commons:commons-dbcp2:jar:2.1.1:compile
|  +- org.apache.commons:commons-pool2:jar:2.4.2:compile
|  \- commons-logging:commons-logging:jar:1.2:compile
+- org.json:json:jar:20160212:compile
+- com.google.code.gson:gson:jar:2.6.2:compile
+- org.postgresql:postgresql:jar:9.2-1002-jdbc4:compile
+- com.couchbase.client:java-client:jar:2.1.6:compile
|  \- com.couchbase.client:core-io:jar:1.1.6:compile
|     \- io.reactivex:rxjava:jar:1.0.4:compile
+- org.apache.logging.log4j:log4j-api:jar:2.7:compile
+- org.apache.logging.log4j:log4j-core:jar:2.7:compile
|  \- (org.apache.logging.log4j:log4j-api:jar:2.7:compile - omitted for duplicate)
+- org.apache.logging.log4j:log4j-iostreams:jar:2.7:compile
|  \- (org.apache.logging.log4j:log4j-api:jar:2.7:compile - omitted for duplicate)
+- org.apache.commons:commons-lang3:jar:3.4:compile
+- commons-fileupload:commons-fileupload:jar:1.3:compile
|  \- commons-io:commons-io:jar:2.2:compile
+- javax.servlet:servlet-api:jar:2.5:compile
+- tw.edu.ntu.csie:libsvm:jar:3.17:compile
+- de.bwaldvogel:liblinear:jar:1.95:compile
+- junit:junit:jar:4.12:compile
|  \- org.hamcrest:hamcrest-core:jar:1.3:compile
+- net.lingala.zip4j:zip4j:jar:1.3.2:compile
\- io.logz.log4j2:logzio-log4j2-appender:jar:1.0.5:compile
   +- com.google.guava:guava:jar:20.0:compile
   +- io.logz.sender:logzio-sender:jar:1.0.7:compile
   |  +- com.bluejeans.common:bigqueue:jar:1.7.0.4:compile
   |  +- (com.google.guava:guava:jar:20.0:compile - omitted for duplicate)
   |  +- (com.google.code.gson:gson:jar:2.6.2:compile - omitted for duplicate)
   |  \- org.slf4j:slf4j-api:jar:1.7.5:compile
   +- (org.apache.logging.log4j:log4j-api:jar:2.8.2:compile - omitted for conflict with 2.7)
   \- (org.apache.logging.log4j:log4j-core:jar:2.8.2:compile - omitted for conflict with 2.7)

