WARNING: Your kernel does not support swap limit capabilities or the cgroup is not mounted. Memory limited without swap.
com.proofpoint.event:event-collector:jar:1.14.34
+- com.proofpoint.platform:jmx-http-rpc-experimental:jar:0.60:compile
|  +- (com.proofpoint.platform:discovery-experimental:jar:0.60:compile - omitted for duplicate)
|  +- (com.proofpoint.platform:http-server:jar:0.60:compile - omitted for duplicate)
|  +- (com.google.inject:guice:jar:3.0:compile - omitted for duplicate)
|  \- (org.codehaus.jackson:jackson-mapper-asl:jar:1.9.5:compile - omitted for duplicate)
+- com.amazonaws:aws-java-sdk:jar:1.2.15:compile
|  +- commons-logging:commons-logging:jar:1.1.1:compile
|  +- (commons-codec:commons-codec:jar:1.3:compile - omitted for conflict with 1.5)
|  \- (org.codehaus.jackson:jackson-core-asl:jar:1.9.5:compile - omitted for duplicate)
+- org.iq80.snappy:snappy:jar:0.1:compile
+- commons-codec:commons-codec:jar:1.5:compile
+- javax.validation:validation-api:jar:1.0.0.GA:compile
+- com.google.inject:guice:jar:3.0:compile
|  +- (javax.inject:javax.inject:jar:1:compile - omitted for duplicate)
|  \- aopalliance:aopalliance:jar:1.0:compile
+- com.proofpoint.platform:bootstrap:jar:0.60:compile
|  +- (com.proofpoint.platform:log:jar:0.60:compile - omitted for duplicate)
|  +- (com.proofpoint.platform:configuration:jar:0.60:compile - omitted for duplicate)
|  +- (com.proofpoint.platform:jmx:jar:0.60:compile - omitted for duplicate)
|  \- (com.proofpoint.platform:testing:jar:0.60:test - scope managed from compile; omitted for duplicate)
+- com.proofpoint.platform:discovery-experimental:jar:0.60:compile
|  +- com.proofpoint.platform:http-client-experimental:jar:0.60:compile
|  |  +- org.apache.httpcomponents:httpclient:jar:4.2-beta1:compile
|  |  |  +- (org.apache.httpcomponents:httpcore:jar:4.2-beta1:compile - omitted for duplicate)
|  |  |  +- (commons-logging:commons-logging:jar:1.1.1:compile - omitted for duplicate)
|  |  |  \- (commons-codec:commons-codec:jar:1.4:compile - omitted for conflict with 1.5)
|  |  +- org.apache.httpcomponents:httpcore:jar:4.2-beta1:compile
|  |  +- (com.proofpoint.platform:configuration:jar:0.60:compile - omitted for duplicate)
|  |  +- (com.proofpoint.platform:json:jar:0.60:compile - omitted for duplicate)
|  |  +- (com.proofpoint.platform:stats:jar:0.60:compile - omitted for duplicate)
|  |  +- (com.proofpoint.platform:log:jar:0.60:compile - omitted for duplicate)
|  |  +- (com.proofpoint.platform:units:jar:0.60:compile - omitted for duplicate)
|  |  +- (javax.validation:validation-api:jar:1.0.0.GA:compile - omitted for duplicate)
|  |  +- (com.google.code.findbugs:jsr305:jar:1.3.9:compile - omitted for duplicate)
|  |  +- (javax.inject:javax.inject:jar:1:compile - omitted for duplicate)
|  |  +- (org.weakref:jmxutils:jar:1.8:compile - omitted for duplicate)
|  |  +- (com.google.inject:guice:jar:3.0:compile - omitted for duplicate)
|  |  +- (com.google.guava:guava:jar:11.0.2:compile - omitted for duplicate)
|  |  \- (org.testng:testng:jar:6.2.1:test - scope managed from compile; omitted for duplicate)
|  +- (com.proofpoint.platform:configuration:jar:0.60:compile - omitted for duplicate)
|  +- (com.proofpoint.platform:node:jar:0.60:compile - omitted for duplicate)
|  +- com.proofpoint.platform:stats:jar:0.60:compile
|  |  +- (com.proofpoint.platform:units:jar:0.60:compile - omitted for duplicate)
|  |  +- (org.weakref:jmxutils:jar:1.8:compile - omitted for duplicate)
|  |  \- org.apache.commons:commons-math:jar:2.2:compile
|  +- (com.proofpoint.platform:json:jar:0.60:compile - omitted for duplicate)
|  +- (com.google.inject:guice:jar:3.0:compile - omitted for duplicate)
|  +- (com.google.guava:guava:jar:11.0.2:compile - omitted for duplicate)
|  \- (com.sun.jersey:jersey-core:jar:1.9.1:compile - omitted for duplicate)
+- com.proofpoint.platform:log:jar:0.60:compile
|  +- (com.proofpoint.platform:configuration:jar:0.60:compile - omitted for duplicate)
|  +- org.slf4j:log4j-over-slf4j:jar:1.6.2:compile
|  |  \- (org.slf4j:slf4j-api:jar:1.6.2:compile - omitted for duplicate)
|  +- org.slf4j:jul-to-slf4j:jar:1.6.2:compile
|  |  \- (org.slf4j:slf4j-api:jar:1.6.2:compile - omitted for duplicate)
|  +- org.slf4j:slf4j-api:jar:1.6.2:compile
|  +- ch.qos.logback:logback-classic:jar:0.9.30:compile
|  |  +- ch.qos.logback:logback-core:jar:0.9.30:compile
|  |  \- (org.slf4j:slf4j-api:jar:1.6.2:compile - omitted for duplicate)
|  +- (com.google.inject:guice:jar:3.0:compile - omitted for duplicate)
|  +- (com.google.guava:guava:jar:11.0.2:compile - omitted for duplicate)
|  \- (org.weakref:jmxutils:jar:1.8:compile - omitted for duplicate)
+- com.proofpoint.platform:http-server:jar:0.60:compile
|  +- (com.proofpoint.platform:log:jar:0.60:compile - omitted for duplicate)
|  +- (com.proofpoint.platform:node:jar:0.60:compile - omitted for duplicate)
|  +- (com.proofpoint.platform:configuration:jar:0.60:compile - omitted for duplicate)
|  +- (com.proofpoint.platform:discovery-experimental:jar:0.60:compile - omitted for duplicate)
|  +- (com.proofpoint.platform:event-experimental:jar:0.60:compile - omitted for duplicate)
|  +- (com.google.guava:guava:jar:11.0.2:compile - omitted for duplicate)
|  +- commons-lang:commons-lang:jar:2.6:compile
|  +- (com.google.inject:guice:jar:3.0:compile - omitted for duplicate)
|  +- com.google.inject.extensions:guice-servlet:jar:3.0:compile
|  |  \- (com.google.inject:guice:jar:3.0:compile - omitted for duplicate)
|  +- (com.google.code.findbugs:jsr305:jar:1.3.9:compile - omitted for duplicate)
|  +- org.eclipse.jetty:jetty-server:jar:8.1.1.v20120215:compile
|  |  +- org.eclipse.jetty.orbit:javax.servlet:jar:3.0.0.v201112011016:compile
|  |  +- org.eclipse.jetty:jetty-continuation:jar:8.1.1.v20120215:compile
|  |  \- org.eclipse.jetty:jetty-http:jar:8.1.1.v20120215:compile
|  |     \- org.eclipse.jetty:jetty-io:jar:8.1.1.v20120215:compile
|  |        \- (org.eclipse.jetty:jetty-util:jar:8.1.1.v20120215:compile - omitted for duplicate)
|  +- org.eclipse.jetty:jetty-util:jar:8.1.1.v20120215:compile
|  +- org.eclipse.jetty:jetty-servlet:jar:8.1.1.v20120215:compile
|  |  \- (org.eclipse.jetty:jetty-security:jar:8.1.1.v20120215:compile - omitted for duplicate)
|  +- org.eclipse.jetty:jetty-servlets:jar:8.1.1.v20120215:compile
|  |  +- (org.eclipse.jetty:jetty-continuation:jar:8.1.1.v20120215:compile - omitted for duplicate)
|  |  +- org.eclipse.jetty:jetty-client:jar:8.1.1.v20120215:compile
|  |  |  \- (org.eclipse.jetty:jetty-http:jar:8.1.1.v20120215:compile - omitted for duplicate)
|  |  \- (org.eclipse.jetty:jetty-util:jar:8.1.1.v20120215:compile - omitted for duplicate)
|  +- org.eclipse.jetty:jetty-security:jar:8.1.1.v20120215:compile
|  |  \- (org.eclipse.jetty:jetty-server:jar:8.1.1.v20120215:compile - omitted for duplicate)
|  +- org.eclipse.jetty:jetty-jmx:jar:8.1.1.v20120215:compile
|  |  \- (org.eclipse.jetty:jetty-util:jar:8.1.1.v20120215:compile - omitted for duplicate)
|  +- (joda-time:joda-time:jar:2.0:compile - omitted for duplicate)
|  +- (com.proofpoint.platform:stats:jar:0.60:compile - omitted for duplicate)
|  \- com.proofpoint.platform:trace-token:jar:0.60:compile
|     \- (com.google.inject:guice:jar:3.0:compile - omitted for duplicate)
+- com.proofpoint.platform:jaxrs:jar:0.60:compile
|  +- (com.proofpoint.platform:http-server:jar:0.60:compile - omitted for duplicate)
|  +- org.apache.bval:bval-jsr303:jar:0.3-incubating:compile
|  |  +- org.apache.bval:bval-core:jar:0.3-incubating:compile
|  |  |  +- (commons-lang:commons-lang:jar:2.4:compile - omitted for conflict with 2.6)
|  |  |  +- (org.slf4j:slf4j-api:jar:1.6.1:compile - omitted for conflict with 1.6.2)
|  |  |  \- commons-beanutils:commons-beanutils-core:jar:1.8.3:compile
|  |  \- (org.slf4j:slf4j-api:jar:1.6.1:compile - omitted for conflict with 1.6.2)
|  +- (com.google.inject:guice:jar:3.0:compile - omitted for duplicate)
|  +- (com.google.inject.extensions:guice-servlet:jar:3.0:compile - omitted for duplicate)
|  +- com.sun.jersey.contribs:jersey-guice:jar:1.9.1:compile
|  |  +- (javax.inject:javax.inject:jar:1:compile - omitted for duplicate)
|  |  +- (com.google.inject:guice:jar:3.0:compile - omitted for duplicate)
|  |  +- (com.google.inject.extensions:guice-servlet:jar:3.0:compile - omitted for duplicate)
|  |  \- (com.sun.jersey:jersey-server:jar:1.9.1:compile - omitted for duplicate)
|  +- com.sun.jersey:jersey-server:jar:1.9.1:compile
|  |  +- asm:asm:jar:3.1:compile
|  |  \- (com.sun.jersey:jersey-core:jar:1.9.1:compile - omitted for duplicate)
|  +- org.codehaus.jackson:jackson-jaxrs:jar:1.9.5:compile
|  |  +- (org.codehaus.jackson:jackson-core-asl:jar:1.9.5:compile - omitted for duplicate)
|  |  \- (org.codehaus.jackson:jackson-mapper-asl:jar:1.9.5:compile - omitted for duplicate)
|  +- (org.codehaus.jackson:jackson-core-asl:jar:1.9.5:compile - omitted for duplicate)
|  \- (com.proofpoint.platform:json:jar:0.60:compile - omitted for duplicate)
+- com.proofpoint.platform:jmx:jar:0.60:compile
|  +- (com.proofpoint.platform:log:jar:0.60:compile - omitted for duplicate)
|  +- (com.proofpoint.platform:experimental:jar:0.60:compile - omitted for duplicate)
|  +- (com.proofpoint.platform:configuration:jar:0.60:compile - omitted for duplicate)
|  +- (org.weakref:jmxutils:jar:1.8:compile - omitted for duplicate)
|  \- com.google.inject.extensions:guice-multibindings:jar:3.0:compile
|     \- (com.google.inject:guice:jar:3.0:compile - omitted for duplicate)
+- com.proofpoint.platform:json:jar:0.60:compile
|  +- (com.google.inject:guice:jar:3.0:compile - omitted for duplicate)
|  +- (com.google.inject.extensions:guice-multibindings:jar:3.0:compile - omitted for duplicate)
|  +- (org.codehaus.jackson:jackson-mapper-asl:jar:1.9.5:compile - omitted for duplicate)
|  \- (com.google.guava:guava:jar:11.0.2:compile - omitted for duplicate)
+- com.proofpoint.platform:units:jar:0.60:compile
|  +- (javax.validation:validation-api:jar:1.0.0.GA:compile - omitted for duplicate)
|  +- (org.apache.bval:bval-jsr303:jar:0.3-incubating:compile - omitted for duplicate)
|  \- (com.google.guava:guava:jar:11.0.2:compile - omitted for duplicate)
+- org.codehaus.jackson:jackson-core-asl:jar:1.9.5:compile
+- org.codehaus.jackson:jackson-mapper-asl:jar:1.9.5:compile
|  \- (org.codehaus.jackson:jackson-core-asl:jar:1.9.5:compile - omitted for duplicate)
+- com.proofpoint.platform:experimental:jar:0.60:compile
|  +- (com.proofpoint.platform:discovery-experimental:jar:0.60:compile - omitted for duplicate)
|  +- (com.proofpoint.platform:json:jar:0.60:compile - omitted for duplicate)
|  +- (com.google.inject:guice:jar:3.0:compile - omitted for duplicate)
|  +- (org.codehaus.jackson:jackson-mapper-asl:jar:1.9.5:compile - omitted for duplicate)
|  +- (com.google.guava:guava:jar:11.0.2:compile - omitted for duplicate)
|  \- (org.apache.bval:bval-jsr303:jar:0.3-incubating:compile - omitted for duplicate)
+- com.proofpoint.platform:node:jar:0.60:compile
|  +- (com.proofpoint.platform:log:jar:0.60:compile - omitted for duplicate)
|  +- (com.proofpoint.platform:configuration:jar:0.60:compile - omitted for duplicate)
|  +- (com.google.guava:guava:jar:11.0.2:compile - omitted for duplicate)
|  +- (com.google.inject:guice:jar:3.0:compile - omitted for duplicate)
|  +- (org.weakref:jmxutils:jar:1.8:compile - omitted for duplicate)
|  \- (com.google.inject.extensions:guice-multibindings:jar:3.0:compile - omitted for duplicate)
+- com.proofpoint.platform:configuration:jar:0.60:compile
|  +- (javax.validation:validation-api:jar:1.0.0.GA:compile - omitted for duplicate)
|  +- (org.apache.bval:bval-jsr303:jar:0.3-incubating:compile - omitted for duplicate)
|  +- (com.google.guava:guava:jar:11.0.2:compile - omitted for duplicate)
|  +- (com.google.inject:guice:jar:3.0:compile - omitted for duplicate)
|  \- cglib:cglib-nodep:jar:2.2.2:compile
+- com.proofpoint.platform:event-experimental:jar:0.60:compile
|  +- (com.proofpoint.platform:http-client-experimental:jar:0.60:compile - omitted for duplicate)
|  +- (com.proofpoint.platform:discovery-experimental:jar:0.60:compile - omitted for duplicate)
|  +- (com.proofpoint.platform:configuration:jar:0.60:compile - omitted for duplicate)
|  +- (com.proofpoint.platform:node:jar:0.60:compile - omitted for duplicate)
|  +- (com.proofpoint.platform:stats:jar:0.60:compile - omitted for duplicate)
|  +- (com.proofpoint.platform:json:jar:0.60:compile - omitted for duplicate)
|  +- (com.google.inject:guice:jar:3.0:compile - omitted for duplicate)
|  +- (joda-time:joda-time:jar:2.0:compile - omitted for duplicate)
|  \- (com.google.guava:guava:jar:11.0.2:compile - omitted for duplicate)
+- com.ning:async-http-client:jar:1.6.5:compile
|  +- org.jboss.netty:netty:jar:3.2.5.Final:compile
|  \- (org.slf4j:slf4j-api:jar:1.6.2:compile - omitted for duplicate)
+- org.weakref:jmxutils:jar:1.8:compile
+- com.google.guava:guava:jar:11.0.2:compile
|  \- (com.google.code.findbugs:jsr305:jar:1.3.9:compile - omitted for duplicate)
+- joda-time:joda-time:jar:2.0:compile
+- com.sun.jersey:jersey-core:jar:1.9.1:compile
+- javax.inject:javax.inject:jar:1:compile
+- com.google.code.findbugs:jsr305:jar:1.3.9:compile
+- com.proofpoint.platform:launcher:tar.gz:bin:0.60:compile
+- org.testng:testng:jar:6.2.1:test
|  +- junit:junit:jar:3.8.1:test
|  +- org.beanshell:bsh:jar:2.0b4:test
|  +- com.beust:jcommander:jar:1.12:test
|  \- org.yaml:snakeyaml:jar:1.6:test
+- org.logicalshift:serial-executor-service:jar:1.1:test
|  \- (com.google.guava:guava:jar:11.0.2:test - version managed from 12.0; omitted for duplicate)
\- com.proofpoint.platform:testing:jar:0.60:test
   +- (com.google.guava:guava:jar:11.0.2:test - version managed from 12.0; omitted for duplicate)
   \- (org.testng:testng:jar:6.2.1:test - scope managed from compile; omitted for duplicate)

