WARNING: Your kernel does not support swap limit capabilities or the cgroup is not mounted. Memory limited without swap.
com.proofpoint.event:event-collector:jar:1.14.85
+- com.amazonaws:aws-java-sdk:jar:1.5.4:compile
|  +- commons-logging:commons-logging:jar:1.1.1:compile
|  +- org.apache.httpcomponents:httpclient:jar:4.2:compile
|  |  +- org.apache.httpcomponents:httpcore:jar:4.2:compile
|  |  +- (commons-logging:commons-logging:jar:1.1.1:compile - omitted for duplicate)
|  |  \- (commons-codec:commons-codec:jar:1.6:compile - omitted for conflict with 1.3)
|  +- (commons-codec:commons-codec:jar:1.3:compile - omitted for conflict with 1.5)
|  +- org.codehaus.jackson:jackson-core-asl:jar:1.8.9:compile
|  \- org.codehaus.jackson:jackson-mapper-asl:jar:1.8.9:compile
|     \- (org.codehaus.jackson:jackson-core-asl:jar:1.8.9:compile - omitted for duplicate)
+- org.iq80.snappy:snappy:jar:0.1:compile
+- commons-codec:commons-codec:jar:1.5:compile
+- javax.validation:validation-api:jar:1.1.0.Final:compile
+- com.google.inject:guice:jar:3.0:compile
|  +- (javax.inject:javax.inject:jar:1:compile - omitted for duplicate)
|  \- aopalliance:aopalliance:jar:1.0:compile
+- com.proofpoint.platform:bootstrap:jar:1.02:compile
|  +- (com.proofpoint.platform:log:jar:1.02:compile - omitted for duplicate)
|  +- (com.proofpoint.platform:configuration:jar:1.02:compile - omitted for duplicate)
|  +- (com.proofpoint.platform:node:jar:1.02:compile - omitted for duplicate)
|  +- (com.google.guava:guava:jar:16.0.1:compile - version managed from 12.0; omitted for duplicate)
|  \- (com.google.inject:guice:jar:3.0:compile - omitted for duplicate)
+- com.proofpoint.platform:discovery:jar:1.02:compile
|  +- (com.proofpoint.platform:log:jar:1.02:compile - omitted for duplicate)
|  +- (com.proofpoint.platform:configuration:jar:1.02:compile - omitted for duplicate)
|  +- com.proofpoint.platform:concurrent:jar:1.02:compile
|  |  +- (com.proofpoint.platform:units:jar:1.02:compile - omitted for duplicate)
|  |  +- (com.proofpoint.platform:log:jar:1.02:compile - omitted for duplicate)
|  |  +- (com.google.guava:guava:jar:16.0.1:compile - omitted for duplicate)
|  |  \- (org.weakref:jmxutils:jar:1.18:compile - omitted for duplicate)
|  +- (com.proofpoint.platform:units:jar:1.02:compile - omitted for duplicate)
|  +- com.proofpoint.platform:http-client:jar:1.02:compile
|  |  +- org.eclipse.jetty:jetty-client:jar:9.1.4.v20140401:compile
|  |  |  +- (org.eclipse.jetty:jetty-http:jar:9.1.4.v20140401:compile - omitted for duplicate)
|  |  |  \- (org.eclipse.jetty:jetty-io:jar:9.1.4.v20140401:compile - omitted for duplicate)
|  |  +- (org.eclipse.jetty:jetty-io:jar:9.1.4.v20140401:compile - omitted for duplicate)
|  |  +- (org.eclipse.jetty:jetty-util:jar:9.1.4.v20140401:compile - omitted for duplicate)
|  |  +- (org.eclipse.jetty:jetty-http:jar:9.1.4.v20140401:compile - omitted for duplicate)
|  |  +- (com.proofpoint.platform:concurrent:jar:1.02:compile - omitted for duplicate)
|  |  +- (com.proofpoint.platform:json:jar:1.02:compile - omitted for duplicate)
|  |  +- (com.proofpoint.platform:log:jar:1.02:compile - omitted for duplicate)
|  |  +- (com.proofpoint.platform:units:jar:1.02:compile - omitted for duplicate)
|  |  +- (com.proofpoint.platform:stats:jar:1.02:compile - omitted for duplicate)
|  |  +- (com.proofpoint.platform:configuration:jar:1.02:compile - omitted for duplicate)
|  |  +- (com.proofpoint.platform:testing:jar:1.02:compile - omitted for duplicate)
|  |  +- (com.proofpoint.platform:trace-token:jar:1.02:compile - omitted for duplicate)
|  |  +- (javax.validation:validation-api:jar:1.1.0.Final:compile - omitted for duplicate)
|  |  +- (javax.inject:javax.inject:jar:1:compile - omitted for duplicate)
|  |  +- (org.weakref:jmxutils:jar:1.18:compile - omitted for duplicate)
|  |  +- (com.google.inject:guice:jar:3.0:compile - omitted for duplicate)
|  |  +- (com.google.inject.extensions:guice-multibindings:jar:3.0:compile - omitted for duplicate)
|  |  +- (com.google.guava:guava:jar:16.0.1:compile - version managed from 12.0; omitted for duplicate)
|  |  \- (com.google.code.findbugs:annotations:jar:2.0.3:compile - omitted for duplicate)
|  +- (com.proofpoint.platform:json:jar:1.02:compile - omitted for duplicate)
|  +- (com.proofpoint.platform:node:jar:1.02:compile - omitted for duplicate)
|  +- com.proofpoint.platform:reporting:jar:1.02:compile
|  |  +- (org.weakref:jmxutils:jar:1.18:compile - omitted for duplicate)
|  |  +- (com.google.guava:guava:jar:16.0.1:compile - version managed from 12.0; omitted for duplicate)
|  |  +- (com.google.inject:guice:jar:3.0:compile - omitted for duplicate)
|  |  +- (com.google.inject.extensions:guice-multibindings:jar:3.0:compile - omitted for duplicate)
|  |  \- (com.google.code.findbugs:annotations:jar:2.0.3:compile - omitted for duplicate)
|  +- (com.google.inject:guice:jar:3.0:compile - omitted for duplicate)
|  +- (com.google.guava:guava:jar:16.0.1:compile - version managed from 12.0; omitted for duplicate)
|  +- (com.fasterxml.jackson.core:jackson-annotations:jar:2.2.2:compile - omitted for duplicate)
|  +- (javax.validation:validation-api:jar:1.1.0.Final:compile - omitted for duplicate)
|  +- (javax.inject:javax.inject:jar:1:compile - omitted for duplicate)
|  +- com.google.inject.extensions:guice-multibindings:jar:3.0:compile
|  |  \- (com.google.inject:guice:jar:3.0:compile - omitted for duplicate)
|  \- (org.weakref:jmxutils:jar:1.18:compile - omitted for duplicate)
+- com.proofpoint.platform:log:jar:1.02:compile
|  +- (com.proofpoint.platform:configuration:jar:1.02:compile - omitted for duplicate)
|  +- (com.proofpoint.platform:units:jar:1.02:compile - omitted for duplicate)
|  +- (com.proofpoint.platform:testing:jar:1.02:compile - omitted for duplicate)
|  +- org.slf4j:jul-to-slf4j:jar:1.7.5:compile
|  |  \- (org.slf4j:slf4j-api:jar:1.7.5:compile - version managed from 1.7.6; omitted for duplicate)
|  +- org.slf4j:log4j-over-slf4j:jar:1.7.5:runtime
|  |  \- (org.slf4j:slf4j-api:jar:1.7.5:runtime - version managed from 1.7.6; omitted for duplicate)
|  +- org.slf4j:slf4j-api:jar:1.7.5:compile
|  +- ch.qos.logback:logback-classic:jar:1.1.1:compile
|  |  +- (ch.qos.logback:logback-core:jar:1.1.1:compile - omitted for duplicate)
|  |  \- (org.slf4j:slf4j-api:jar:1.7.5:compile - version managed from 1.7.6; omitted for duplicate)
|  +- ch.qos.logback:logback-core:jar:1.1.1:compile
|  +- (com.google.inject:guice:jar:3.0:compile - omitted for duplicate)
|  +- (com.google.guava:guava:jar:16.0.1:compile - version managed from 12.0; omitted for duplicate)
|  \- (org.weakref:jmxutils:jar:1.18:compile - omitted for duplicate)
+- com.proofpoint.platform:http-server:jar:1.02:compile
|  +- (com.proofpoint.platform:log:jar:1.02:compile - omitted for duplicate)
|  +- (com.proofpoint.platform:configuration:jar:1.02:compile - omitted for duplicate)
|  +- (com.proofpoint.platform:units:jar:1.02:compile - omitted for duplicate)
|  +- (com.proofpoint.platform:event:jar:1.02:compile - omitted for duplicate)
|  +- com.proofpoint.platform:trace-token:jar:1.02:compile
|  |  +- (com.proofpoint.platform:log:jar:1.02:compile - omitted for duplicate)
|  |  \- (com.google.inject:guice:jar:3.0:compile - omitted for duplicate)
|  +- (com.proofpoint.platform:discovery:jar:1.02:compile - omitted for duplicate)
|  +- (com.proofpoint.platform:node:jar:1.02:compile - omitted for duplicate)
|  +- (com.proofpoint.platform:json:jar:1.02:compile - omitted for duplicate)
|  +- com.proofpoint.platform:stats:jar:1.02:compile
|  |  +- (com.proofpoint.platform:reporting:jar:1.02:compile - omitted for duplicate)
|  |  +- (com.proofpoint.platform:units:jar:1.02:compile - omitted for duplicate)
|  |  +- (org.weakref:jmxutils:jar:1.18:compile - omitted for duplicate)
|  |  +- org.apache.commons:commons-math:jar:2.2:compile
|  |  +- (com.google.guava:guava:jar:16.0.1:compile - version managed from 12.0; omitted for duplicate)
|  |  +- (com.fasterxml.jackson.core:jackson-annotations:jar:2.2.2:compile - omitted for duplicate)
|  |  +- (com.google.code.findbugs:annotations:jar:2.0.3:compile - omitted for duplicate)
|  |  \- org.openjdk.jol:jol-core:jar:0.1:compile
|  +- (com.proofpoint.platform:testing:jar:1.02:compile - omitted for duplicate)
|  +- (javax.inject:javax.inject:jar:1:compile - omitted for duplicate)
|  +- (com.google.inject.extensions:guice-multibindings:jar:3.0:compile - omitted for duplicate)
|  +- (org.weakref:jmxutils:jar:1.18:compile - omitted for duplicate)
|  +- (javax.validation:validation-api:jar:1.1.0.Final:compile - omitted for duplicate)
|  +- (com.google.guava:guava:jar:16.0.1:compile - version managed from 12.0; omitted for duplicate)
|  +- org.eclipse.jetty:jetty-http:jar:9.1.4.v20140401:compile
|  |  \- (org.eclipse.jetty:jetty-util:jar:9.1.4.v20140401:compile - omitted for duplicate)
|  +- org.eclipse.jetty:jetty-io:jar:9.1.4.v20140401:compile
|  |  \- (org.eclipse.jetty:jetty-util:jar:9.1.4.v20140401:compile - omitted for duplicate)
|  +- javax.servlet:javax.servlet-api:jar:3.1.0:compile
|  +- commons-lang:commons-lang:jar:2.6:compile
|  +- (com.google.inject:guice:jar:3.0:compile - omitted for duplicate)
|  +- (com.google.code.findbugs:annotations:jar:2.0.3:compile - omitted for duplicate)
|  +- org.eclipse.jetty:jetty-server:jar:9.1.4.v20140401:compile
|  |  +- (javax.servlet:javax.servlet-api:jar:3.1.0:compile - omitted for duplicate)
|  |  +- (org.eclipse.jetty:jetty-http:jar:9.1.4.v20140401:compile - omitted for duplicate)
|  |  \- (org.eclipse.jetty:jetty-io:jar:9.1.4.v20140401:compile - omitted for duplicate)
|  +- org.eclipse.jetty:jetty-util:jar:9.1.4.v20140401:compile
|  +- org.eclipse.jetty:jetty-servlet:jar:9.1.4.v20140401:compile
|  |  \- (org.eclipse.jetty:jetty-security:jar:9.1.4.v20140401:compile - omitted for duplicate)
|  +- org.eclipse.jetty:jetty-servlets:jar:9.1.4.v20140401:compile
|  |  +- org.eclipse.jetty:jetty-continuation:jar:9.1.4.v20140401:compile
|  |  +- (org.eclipse.jetty:jetty-http:jar:9.1.4.v20140401:compile - omitted for duplicate)
|  |  +- (org.eclipse.jetty:jetty-util:jar:9.1.4.v20140401:compile - omitted for duplicate)
|  |  \- (org.eclipse.jetty:jetty-io:jar:9.1.4.v20140401:compile - omitted for duplicate)
|  +- org.eclipse.jetty:jetty-security:jar:9.1.4.v20140401:compile
|  |  \- (org.eclipse.jetty:jetty-server:jar:9.1.4.v20140401:compile - omitted for duplicate)
|  +- org.eclipse.jetty:jetty-jmx:jar:9.1.4.v20140401:compile
|  |  \- (org.eclipse.jetty:jetty-util:jar:9.1.4.v20140401:compile - omitted for duplicate)
|  \- (joda-time:joda-time:jar:2.1:compile - omitted for duplicate)
+- com.proofpoint.platform:jaxrs:jar:1.02:compile
|  +- (com.proofpoint.platform:http-server:jar:1.02:compile - omitted for duplicate)
|  +- (com.google.guava:guava:jar:16.0.1:compile - version managed from 12.0; omitted for duplicate)
|  +- (com.proofpoint.platform:log:jar:1.02:compile - omitted for duplicate)
|  +- (com.proofpoint.platform:node:jar:1.02:compile - omitted for duplicate)
|  +- (com.proofpoint.platform:json:jar:1.02:compile - omitted for duplicate)
|  +- (javax.validation:validation-api:jar:1.1.0.Final:compile - omitted for duplicate)
|  +- (com.sun.jersey:jersey-core:jar:1.17.1:compile - omitted for duplicate)
|  +- (javax.servlet:javax.servlet-api:jar:3.1.0:compile - omitted for duplicate)
|  +- org.apache.bval:bval-jsr303:jar:0.5:compile
|  |  +- org.apache.bval:bval-core:jar:0.5:compile
|  |  |  +- (org.apache.commons:commons-lang3:jar:3.1:compile - omitted for duplicate)
|  |  |  \- commons-beanutils:commons-beanutils-core:jar:1.8.3:compile
|  |  \- org.apache.commons:commons-lang3:jar:3.1:compile
|  +- (com.google.inject:guice:jar:3.0:compile - omitted for duplicate)
|  +- com.google.inject.extensions:guice-servlet:jar:3.0:compile
|  |  \- (com.google.inject:guice:jar:3.0:compile - omitted for duplicate)
|  +- com.sun.jersey.contribs:jersey-guice:jar:1.17.1:compile
|  |  +- (javax.inject:javax.inject:jar:1:compile - omitted for duplicate)
|  |  +- (com.google.inject:guice:jar:3.0:compile - omitted for duplicate)
|  |  +- (com.google.inject.extensions:guice-servlet:jar:3.0:compile - omitted for duplicate)
|  |  \- com.sun.jersey:jersey-servlet:jar:1.17.1:compile
|  |     \- (com.sun.jersey:jersey-server:jar:1.17.1:compile - omitted for duplicate)
|  +- com.sun.jersey:jersey-server:jar:1.17.1:compile
|  |  \- (com.sun.jersey:jersey-core:jar:1.17.1:compile - omitted for duplicate)
|  +- (com.fasterxml.jackson.core:jackson-core:jar:2.2.2:compile - omitted for duplicate)
|  \- (com.fasterxml.jackson.core:jackson-databind:jar:2.2.2:compile - omitted for duplicate)
+- com.proofpoint.platform:jmx:jar:1.02:compile
|  +- (com.proofpoint.platform:log:jar:1.02:compile - omitted for duplicate)
|  +- (com.proofpoint.platform:configuration:jar:1.02:compile - omitted for duplicate)
|  +- (com.proofpoint.platform:discovery:jar:1.02:compile - omitted for duplicate)
|  +- (org.weakref:jmxutils:jar:1.18:compile - omitted for duplicate)
|  +- (com.google.guava:guava:jar:16.0.1:compile - version managed from 12.0; omitted for duplicate)
|  +- (com.google.inject:guice:jar:3.0:compile - omitted for duplicate)
|  \- (com.google.inject.extensions:guice-multibindings:jar:3.0:compile - omitted for duplicate)
+- com.proofpoint.platform:json:jar:1.02:compile
|  +- (com.google.inject:guice:jar:3.0:compile - omitted for duplicate)
|  +- (com.google.inject.extensions:guice-multibindings:jar:3.0:compile - omitted for duplicate)
|  +- (com.fasterxml.jackson.core:jackson-annotations:jar:2.2.2:compile - omitted for duplicate)
|  +- (com.fasterxml.jackson.core:jackson-core:jar:2.2.2:compile - omitted for duplicate)
|  +- (com.fasterxml.jackson.core:jackson-databind:jar:2.2.2:compile - omitted for duplicate)
|  +- com.fasterxml.jackson.datatype:jackson-datatype-guava:jar:2.2.2:compile
|  |  +- (com.fasterxml.jackson.core:jackson-databind:jar:2.2.2:compile - omitted for duplicate)
|  |  +- (com.fasterxml.jackson.core:jackson-core:jar:2.2.2:compile - omitted for duplicate)
|  |  \- (com.google.guava:guava:jar:16.0.1:compile - version managed from 12.0; omitted for duplicate)
|  +- com.fasterxml.jackson.datatype:jackson-datatype-joda:jar:2.2.2:compile
|  |  +- (com.fasterxml.jackson.core:jackson-core:jar:2.2.2:compile - omitted for duplicate)
|  |  +- (com.fasterxml.jackson.core:jackson-databind:jar:2.2.2:compile - omitted for duplicate)
|  |  \- (joda-time:joda-time:jar:2.1:compile - omitted for duplicate)
|  +- (javax.inject:javax.inject:jar:1:compile - omitted for duplicate)
|  \- (com.google.guava:guava:jar:16.0.1:compile - version managed from 12.0; omitted for duplicate)
+- com.proofpoint.platform:units:jar:1.02:compile
|  +- (javax.validation:validation-api:jar:1.1.0.Final:compile - omitted for duplicate)
|  \- (com.google.guava:guava:jar:16.0.1:compile - version managed from 12.0; omitted for duplicate)
+- com.fasterxml.jackson.core:jackson-annotations:jar:2.2.2:compile
+- com.fasterxml.jackson.core:jackson-core:jar:2.2.2:compile
+- com.fasterxml.jackson.core:jackson-databind:jar:2.2.2:compile
|  +- (com.fasterxml.jackson.core:jackson-annotations:jar:2.2.2:compile - omitted for duplicate)
|  \- (com.fasterxml.jackson.core:jackson-core:jar:2.2.2:compile - omitted for duplicate)
+- com.proofpoint.platform:node:jar:1.02:compile
|  +- (com.proofpoint.platform:configuration:jar:1.02:compile - omitted for duplicate)
|  +- (com.google.guava:guava:jar:16.0.1:compile - version managed from 12.0; omitted for duplicate)
|  +- (com.google.inject:guice:jar:3.0:compile - omitted for duplicate)
|  +- (org.weakref:jmxutils:jar:1.18:compile - omitted for duplicate)
|  \- (javax.validation:validation-api:jar:1.1.0.Final:compile - omitted for duplicate)
+- com.proofpoint.platform:configuration:jar:1.02:compile
|  +- (javax.validation:validation-api:jar:1.1.0.Final:compile - omitted for duplicate)
|  +- (org.apache.bval:bval-jsr303:jar:0.5:compile - omitted for duplicate)
|  +- (com.google.guava:guava:jar:16.0.1:compile - version managed from 12.0; omitted for duplicate)
|  +- (com.google.code.findbugs:annotations:jar:2.0.3:compile - omitted for duplicate)
|  +- (com.google.inject:guice:jar:3.0:compile - omitted for duplicate)
|  +- cglib:cglib-nodep:jar:2.2.2:compile
|  \- (com.proofpoint.platform:testing:jar:1.02:compile - omitted for duplicate)
+- com.proofpoint.platform:event:jar:1.02:compile
|  +- (com.proofpoint.platform:log:jar:1.02:compile - omitted for duplicate)
|  +- (com.proofpoint.platform:node:jar:1.02:compile - omitted for duplicate)
|  +- (com.proofpoint.platform:configuration:jar:1.02:compile - omitted for duplicate)
|  +- (com.proofpoint.platform:http-client:jar:1.02:compile - omitted for duplicate)
|  +- (com.proofpoint.platform:discovery:jar:1.02:compile - omitted for duplicate)
|  +- (com.proofpoint.platform:json:jar:1.02:compile - omitted for duplicate)
|  +- (com.proofpoint.platform:testing:jar:1.02:compile - omitted for duplicate)
|  +- (com.proofpoint.platform:units:jar:1.02:compile - omitted for duplicate)
|  +- (com.google.inject:guice:jar:3.0:compile - omitted for duplicate)
|  +- (joda-time:joda-time:jar:2.1:compile - omitted for duplicate)
|  +- (com.google.guava:guava:jar:16.0.1:compile - version managed from 12.0; omitted for duplicate)
|  +- (com.fasterxml.jackson.core:jackson-core:jar:2.2.2:compile - omitted for duplicate)
|  +- (com.fasterxml.jackson.core:jackson-databind:jar:2.2.2:compile - omitted for duplicate)
|  +- (javax.inject:javax.inject:jar:1:compile - omitted for duplicate)
|  +- (org.weakref:jmxutils:jar:1.18:compile - omitted for duplicate)
|  +- (com.google.inject.extensions:guice-multibindings:jar:3.0:compile - omitted for duplicate)
|  +- (javax.validation:validation-api:jar:1.1.0.Final:compile - omitted for duplicate)
|  \- (org.mockito:mockito-core:jar:1.9.5:compile - omitted for duplicate)
+- com.proofpoint.platform:jmx-http:jar:1.02:compile
|  +- (com.proofpoint.platform:discovery:jar:1.02:compile - omitted for duplicate)
|  +- (com.proofpoint.platform:http-server:jar:1.02:compile - omitted for duplicate)
|  +- (com.proofpoint.platform:json:jar:1.02:compile - omitted for duplicate)
|  +- (com.google.inject:guice:jar:3.0:compile - omitted for duplicate)
|  +- (com.fasterxml.jackson.core:jackson-annotations:jar:2.2.2:compile - omitted for duplicate)
|  +- (com.fasterxml.jackson.core:jackson-core:jar:2.2.2:compile - omitted for duplicate)
|  +- (com.fasterxml.jackson.core:jackson-databind:jar:2.2.2:compile - omitted for duplicate)
|  +- (com.sun.jersey:jersey-core:jar:1.17.1:compile - omitted for duplicate)
|  \- (com.google.guava:guava:jar:16.0.1:compile - version managed from 12.0; omitted for duplicate)
+- org.weakref:jmxutils:jar:1.18:compile
+- com.google.guava:guava:jar:16.0.1:compile
+- joda-time:joda-time:jar:2.1:compile
+- com.sun.jersey:jersey-core:jar:1.17.1:compile
+- javax.inject:javax.inject:jar:1:compile
+- com.google.code.findbugs:annotations:jar:2.0.3:compile
+- com.proofpoint.platform:launcher:tar.gz:bin:1.02:compile
|  +- io.airlift:airline:jar:0.4:compile
|  |  +- (javax.inject:javax.inject:jar:1:compile - omitted for duplicate)
|  |  \- (com.google.guava:guava:jar:16.0.1:compile - version managed from 10.0; omitted for duplicate)
|  +- com.github.jnr:jnr-posix:jar:2.0:compile
|  +- com.github.jnr:jnr-ffi:jar:0.6.0:compile
|  |  +- com.github.jnr:jffi:jar:1.0.11:compile
|  |  +- com.github.jnr:jffi:jar:native:1.0.11:runtime
|  |  +- asm:asm:jar:3.2:compile
|  |  +- asm:asm-commons:jar:3.2:compile
|  |  |  \- (asm:asm-tree:jar:3.2:compile - omitted for duplicate)
|  |  +- asm:asm-analysis:jar:3.2:compile
|  |  |  \- (asm:asm-tree:jar:3.2:compile - omitted for duplicate)
|  |  +- asm:asm-tree:jar:3.2:compile
|  |  |  \- (asm:asm:jar:3.2:compile - omitted for duplicate)
|  |  +- asm:asm-util:jar:3.2:compile
|  |  |  \- (asm:asm-tree:jar:3.2:compile - omitted for duplicate)
|  |  \- com.github.jnr:jnr-x86asm:jar:1.0.1:compile
|  \- com.github.jnr:jnr-constants:jar:0.8.2:compile
+- org.testng:testng:jar:6.8.7:test (scope not updated to compile)
|  +- org.beanshell:bsh:jar:2.0b4:test
|  +- com.beust:jcommander:jar:1.27:test
|  \- org.yaml:snakeyaml:jar:1.12:test
+- com.proofpoint.platform:testing:jar:1.02:test (scope not updated to compile)
|  +- (com.google.guava:guava:jar:16.0.1:test - version managed from 10.0; omitted for duplicate)
|  +- (org.testng:testng:jar:6.8.7:test - omitted for duplicate)
|  +- (com.google.code.findbugs:annotations:jar:2.0.3:test - omitted for duplicate)
|  +- (javax.validation:validation-api:jar:1.1.0.Final:test - omitted for duplicate)
|  \- (org.apache.bval:bval-jsr303:jar:0.5:test - omitted for duplicate)
+- org.mockito:mockito-core:jar:1.9.5:test (scope not updated to compile)
|  +- org.hamcrest:hamcrest-core:jar:1.3:test (version managed from 1.1)
|  \- org.objenesis:objenesis:jar:1.3:test (version managed from 1.0)
\- com.proofpoint.platform:reporting-client:jar:1.02:compile
   +- (com.proofpoint.platform:discovery:jar:1.02:compile - omitted for duplicate)
   +- (com.proofpoint.platform:http-client:jar:1.02:compile - omitted for duplicate)
   +- (com.proofpoint.platform:node:jar:1.02:compile - omitted for duplicate)
   +- (com.proofpoint.platform:reporting:jar:1.02:compile - omitted for duplicate)
   +- (com.proofpoint.platform:stats:jar:1.02:compile - omitted for duplicate)
   +- (org.weakref:jmxutils:jar:1.18:compile - omitted for duplicate)
   +- (com.google.guava:guava:jar:16.0.1:compile - version managed from 10.0; omitted for duplicate)
   +- (com.google.inject:guice:jar:3.0:compile - omitted for duplicate)
   \- (com.google.inject.extensions:guice-multibindings:jar:3.0:compile - omitted for duplicate)

