WARNING: Your kernel does not support swap limit capabilities or the cgroup is not mounted. Memory limited without swap.
org.swrlapi:swrlapi-drools:jar:1.0
+- net.sourceforge.owlapi:owlapi-distribution:jar:3.4.10:compile
|  +- net.sourceforge.owlapi:owlapi-apibinding:jar:3.4.10:compile
|  |  +- (net.sourceforge.owlapi:owlapi-api:jar:3.4.10:compile - omitted for duplicate)
|  |  +- (net.sourceforge.owlapi:owlapi-impl:jar:3.4.10:compile - omitted for duplicate)
|  |  +- (net.sourceforge.owlapi:owlapi-parsers:jar:3.4.10:compile - omitted for duplicate)
|  |  +- (net.sourceforge.owlapi:owlapi-oboformat:jar:3.4.10:compile - omitted for duplicate)
|  |  +- (net.sourceforge.owlapi:owlapi-tools:jar:3.4.10:compile - omitted for duplicate)
|  |  \- org.apache.felix:org.osgi.core:jar:1.4.0:compile
|  +- net.sourceforge.owlapi:owlapi-api:jar:3.4.10:compile
|  +- net.sourceforge.owlapi:owlapi-tools:jar:3.4.10:compile
|  |  \- (net.sourceforge.owlapi:owlapi-api:jar:3.4.10:compile - omitted for duplicate)
|  +- net.sourceforge.owlapi:owlapi-impl:jar:3.4.10:compile
|  |  \- (net.sourceforge.owlapi:owlapi-api:jar:3.4.10:compile - omitted for duplicate)
|  +- net.sourceforge.owlapi:owlapi-parsers:jar:3.4.10:compile
|  |  \- (net.sourceforge.owlapi:owlapi-api:jar:3.4.10:compile - omitted for duplicate)
|  +- net.sourceforge.owlapi:owlapi-oboformat:jar:3.4.10:compile
|  |  +- (net.sourceforge.owlapi:owlapi-api:jar:3.4.10:compile - omitted for duplicate)
|  |  \- (net.sourceforge.owlapi:owlapi-parsers:jar:3.4.10:compile - omitted for duplicate)
|  \- net.sourceforge.owlapi:owlapi-contract:jar:3.4.10:compile
|     \- (net.sourceforge.owlapi:owlapi-apibinding:jar:3.4.10:compile - omitted for duplicate)
+- log4j:log4j:jar:1.2.16:compile
+- junit:junit:jar:3.8.1:test
+- org.drools:drools-compiler:jar:5.4.0.Final:compile
|  +- (org.drools:drools-core:jar:5.4.0.Final:compile - omitted for duplicate)
|  +- (org.antlr:antlr-runtime:jar:3.3:compile - omitted for duplicate)
|  +- org.antlr:antlr:jar:3.3:compile
|  |  \- (org.antlr:antlr-runtime:jar:3.3:compile - omitted for duplicate)
|  +- org.antlr:stringtemplate:jar:3.2.1:compile
|  |  \- (antlr:antlr:jar:2.7.7:compile - omitted for duplicate)
|  +- antlr:antlr:jar:2.7.7:compile
|  +- org.eclipse.jdt.core.compiler:ecj:jar:3.5.1:compile
|  \- (org.mvel:mvel2:jar:2.1.0.drools16:compile - omitted for conflict with 2.1.0.drools8)
+- org.drools:drools-core:jar:5.4.0.Final:compile
|  +- (org.mvel:mvel2:jar:2.1.0.drools16:compile - omitted for duplicate)
|  +- (org.drools:knowledge-api:jar:5.4.0.Final:compile - omitted for duplicate)
|  \- (org.drools:knowledge-internal-api:jar:5.4.0.Final:compile - omitted for duplicate)
+- org.drools:knowledge-api:jar:5.4.0.Final:compile
+- org.drools:knowledge-internal-api:jar:5.4.0.Final:compile
|  \- (org.drools:knowledge-api:jar:5.4.0.Final:compile - omitted for duplicate)
+- org.antlr:antlr-runtime:jar:3.3:compile
|  \- (org.antlr:stringtemplate:jar:3.2.1:compile - omitted for duplicate)
+- org.eclipse.tycho:org.eclipse.jdt.core:jar:3.7.0.v_B61:compile
\- org.mvel:mvel2:jar:2.1.0.drools8:compile

