WARNING: Your kernel does not support swap limit capabilities or the cgroup is not mounted. Memory limited without swap.
edu.stanford.swrl:swrltab-plugin:bundle:2.0.8
+- edu.stanford.swrl:swrlapi:jar:2.0.8:compile
|  +- com.google.guava:guava:jar:18.0:compile
|  +- com.google.code.findbugs:jsr305:jar:3.0.2:compile
|  +- org.scijava:jep:jar:2.4.2:compile
|  |  \- gov.nist.math:jama:jar:1.0.3:compile
|  \- org.hamcrest:hamcrest-core:jar:1.3:compile
+- edu.stanford.swrl:swrlapi-drools-engine:jar:2.0.8:compile
+- edu.stanford.protege:protege-common:jar:5.5.0:compile
|  \- edu.stanford.protege:protege-launcher:jar:5.5.0:compile
|     +- org.apache.felix:org.apache.felix.main:jar:5.4.0:compile
|     |  \- org.apache.felix:org.apache.felix.framework:jar:5.4.0:compile
|     +- ch.qos.logback:logback-core:jar:1.1.3:compile
|     +- ch.qos.logback:logback-classic:jar:1.1.3:compile
|     +- org.slf4j:log4j-over-slf4j:jar:1.7.12:compile
|     +- org.slf4j:jul-to-slf4j:jar:1.7.12:compile
|     +- org.apache.servicemix.bundles:org.apache.servicemix.bundles.aopalliance:jar:1.0_6:compile
|     \- org.apache.maven:maven-artifact:jar:3.3.9:compile
|        +- org.codehaus.plexus:plexus-utils:jar:3.0.22:compile
|        \- org.apache.commons:commons-lang3:jar:3.4:compile
+- edu.stanford.protege:protege-editor-core:jar:5.5.0:compile
+- edu.stanford.protege:protege-editor-owl:jar:5.5.0:compile
|  +- com.googlecode.mdock:mdock:jar:2.0.1:compile
|  +- org.eclipse.jgit:org.eclipse.jgit:jar:4.8.0.201706111038-r:compile
|  |  \- com.jcraft:jsch:jar:0.1.54:compile
|  \- com.googlecode.javaewah:JavaEWAH:jar:1.1.6:compile
+- net.sourceforge.owlapi:owlapi-osgidistribution:jar:4.5.9:compile
|  +- com.fasterxml.jackson.core:jackson-core:jar:2.9.8:compile
|  +- com.fasterxml.jackson.core:jackson-databind:jar:2.9.8:compile
|  +- com.fasterxml.jackson.core:jackson-annotations:jar:2.9.8:compile
|  +- org.tukaani:xz:jar:1.6:compile
|  +- org.slf4j:jcl-over-slf4j:jar:1.7.22:compile
|  +- org.openrdf.sesame:sesame-model:jar:2.7.16:compile
|  +- org.openrdf.sesame:sesame-util:jar:2.7.16:compile
|  +- org.openrdf.sesame:sesame-rio-api:jar:2.7.16:compile
|  +- org.openrdf.sesame:sesame-rio-languages:jar:2.7.16:compile
|  +- org.openrdf.sesame:sesame-rio-datatypes:jar:2.7.16:compile
|  +- org.openrdf.sesame:sesame-rio-binary:jar:2.7.16:compile
|  +- org.openrdf.sesame:sesame-rio-n3:jar:2.7.16:compile
|  +- org.openrdf.sesame:sesame-rio-nquads:jar:2.7.16:compile
|  +- org.openrdf.sesame:sesame-rio-ntriples:jar:2.7.16:compile
|  +- org.openrdf.sesame:sesame-rio-rdfjson:jar:2.7.16:compile
|  +- org.openrdf.sesame:sesame-rio-rdfxml:jar:2.7.16:compile
|  +- org.openrdf.sesame:sesame-rio-trix:jar:2.7.16:compile
|  +- org.openrdf.sesame:sesame-rio-turtle:jar:2.7.16:compile
|  +- org.openrdf.sesame:sesame-rio-trig:jar:2.7.16:compile
|  +- com.github.jsonld-java:jsonld-java-sesame:jar:0.5.1:compile
|  +- com.github.jsonld-java:jsonld-java:jar:0.12.0:compile
|  |  +- org.apache.httpcomponents:httpclient-osgi:jar:4.5.5:compile
|  |  |  +- org.apache.httpcomponents:httpmime:jar:4.5.5:compile
|  |  |  \- org.apache.httpcomponents:fluent-hc:jar:4.5.5:compile
|  |  \- org.apache.httpcomponents:httpcore-osgi:jar:4.4.9:compile
|  |     \- org.apache.httpcomponents:httpcore-nio:jar:4.4.9:compile
|  +- org.apache.httpcomponents:httpclient:jar:4.5.2:compile
|  +- org.apache.httpcomponents:httpclient-cache:jar:4.5.2:compile
|  +- org.apache.httpcomponents:httpcore:jar:4.4.5:compile
|  +- commons-logging:commons-logging:jar:1.2:compile
|  +- commons-io:commons-io:jar:2.5:compile
|  +- com.github.vsonnier:hppcrt:jar:0.7.5:compile
|  +- com.github.ben-manes.caffeine:caffeine:jar:2.5.6:compile
|  +- org.semarglproject:semargl-sesame:jar:0.7:compile
|  +- org.semarglproject:semargl-core:jar:0.7:compile
|  +- org.semarglproject:semargl-rdfa:jar:0.7:compile
|  +- org.semarglproject:semargl-rdf:jar:0.7:compile
|  \- org.apache.servicemix.bundles:org.apache.servicemix.bundles.javax-inject:jar:1_2:compile
+- org.apache.geronimo.bundles:axis:jar:1.4_2:compile
+- javax.xml.bind:jaxb-api:jar:2.1:compile
|  +- javax.xml.stream:stax-api:jar:1.0-2:compile
|  \- javax.activation:activation:jar:1.1:compile
+- org.drools:drools-core:jar:7.0.0.Final:compile
+- org.drools:drools-compiler:jar:7.0.0.Final:compile
|  +- com.thoughtworks.xstream:xstream:jar:1.4.9:compile
|  |  +- xmlpull:xmlpull:jar:1.1.3.1:compile
|  |  \- xpp3:xpp3_min:jar:1.1.4c:compile
|  \- com.google.protobuf:protobuf-java:jar:2.6.0:compile
+- org.kie:kie-api:jar:7.0.0.Final:compile
+- org.kie:kie-internal:jar:7.0.0.Final:compile
+- org.antlr:antlr-runtime:jar:3.5.2:compile
+- org.mvel:mvel2:jar:2.4.0.Final:compile
+- org.apache.geronimo.bundles:commons-discovery:jar:0.4_1:compile
+- commons-codec:commons-codec:jar:1.9:compile
+- org.eclipse.jdt.core.compiler:ecj:jar:4.6.1:compile
+- org.eclipse.equinox:org.eclipse.equinox.registry:jar:3.5.101:compile
|  \- org.eclipse.equinox:org.eclipse.equinox.common:jar:3.6.0:compile
+- org.checkerframework:checker:jar:1.9.13:compile
+- org.checkerframework:checker-qual:jar:1.9.13:compile
+- org.checkerframework:jdk8:jar:1.9.13:compile
+- org.slf4j:slf4j-api:jar:1.7.25:compile
\- org.slf4j:slf4j-log4j12:jar:1.7.25:test
   \- log4j:log4j:jar:1.2.17:test

