WARNING: Your kernel does not support swap limit capabilities or the cgroup is not mounted. Memory limited without swap.
edu.stanford.swrl:swrlapi:bundle:1.0.0
+- net.sourceforge.owlapi:owlapi-osgidistribution:jar:4.1.0-RC2:compile
|  +- com.fasterxml.jackson.core:jackson-core:jar:2.5.1:compile
|  +- com.fasterxml.jackson.core:jackson-databind:jar:2.5.1:compile
|  |  +- (com.fasterxml.jackson.core:jackson-annotations:jar:2.5.0:compile - omitted for conflict with 2.5.1)
|  |  \- (com.fasterxml.jackson.core:jackson-core:jar:2.5.1:compile - omitted for duplicate)
|  +- com.fasterxml.jackson.core:jackson-annotations:jar:2.5.1:compile
|  +- org.openrdf.sesame:sesame-model:jar:2.7.12:compile
|  |  \- org.openrdf.sesame:sesame-util:jar:2.7.12:compile
|  |     \- (org.slf4j:slf4j-api:jar:1.6.1:compile - omitted for conflict with 1.7.7)
|  +- org.openrdf.sesame:sesame-rio-api:jar:2.7.12:compile
|  |  +- (org.openrdf.sesame:sesame-model:jar:2.7.12:compile - omitted for duplicate)
|  |  \- (org.openrdf.sesame:sesame-util:jar:2.7.12:compile - omitted for duplicate)
|  +- org.openrdf.sesame:sesame-rio-languages:jar:2.7.12:compile
|  |  +- (org.openrdf.sesame:sesame-model:jar:2.7.12:compile - omitted for duplicate)
|  |  +- (org.openrdf.sesame:sesame-rio-api:jar:2.7.12:compile - omitted for duplicate)
|  |  \- (org.openrdf.sesame:sesame-util:jar:2.7.12:compile - omitted for duplicate)
|  +- org.openrdf.sesame:sesame-rio-datatypes:jar:2.7.12:compile
|  |  +- (org.openrdf.sesame:sesame-model:jar:2.7.12:compile - omitted for duplicate)
|  |  +- (org.openrdf.sesame:sesame-rio-api:jar:2.7.12:compile - omitted for duplicate)
|  |  \- (org.openrdf.sesame:sesame-util:jar:2.7.12:compile - omitted for duplicate)
|  +- org.openrdf.sesame:sesame-rio-binary:jar:2.7.12:compile
|  |  +- (org.openrdf.sesame:sesame-model:jar:2.7.12:compile - omitted for duplicate)
|  |  +- (org.openrdf.sesame:sesame-rio-api:jar:2.7.12:compile - omitted for duplicate)
|  |  \- (org.openrdf.sesame:sesame-util:jar:2.7.12:compile - omitted for duplicate)
|  +- org.openrdf.sesame:sesame-rio-n3:jar:2.7.12:compile
|  |  +- (org.openrdf.sesame:sesame-model:jar:2.7.12:compile - omitted for duplicate)
|  |  +- (org.openrdf.sesame:sesame-rio-api:jar:2.7.12:compile - omitted for duplicate)
|  |  +- (org.openrdf.sesame:sesame-rio-turtle:jar:2.7.12:compile - omitted for duplicate)
|  |  +- (org.openrdf.sesame:sesame-rio-datatypes:jar:2.7.12:runtime - omitted for duplicate)
|  |  \- (org.openrdf.sesame:sesame-rio-languages:jar:2.7.12:runtime - omitted for duplicate)
|  +- org.openrdf.sesame:sesame-rio-nquads:jar:2.7.12:compile
|  |  +- (org.openrdf.sesame:sesame-model:jar:2.7.12:compile - omitted for duplicate)
|  |  +- (org.openrdf.sesame:sesame-rio-api:jar:2.7.12:compile - omitted for duplicate)
|  |  +- (org.openrdf.sesame:sesame-rio-ntriples:jar:2.7.12:compile - omitted for duplicate)
|  |  +- (org.openrdf.sesame:sesame-rio-datatypes:jar:2.7.12:runtime - omitted for duplicate)
|  |  +- (org.openrdf.sesame:sesame-rio-languages:jar:2.7.12:runtime - omitted for duplicate)
|  |  \- commons-io:commons-io:jar:2.4:compile
|  +- org.openrdf.sesame:sesame-rio-ntriples:jar:2.7.12:compile
|  |  +- (org.openrdf.sesame:sesame-model:jar:2.7.12:compile - omitted for duplicate)
|  |  +- (org.openrdf.sesame:sesame-rio-api:jar:2.7.12:compile - omitted for duplicate)
|  |  +- (org.openrdf.sesame:sesame-rio-datatypes:jar:2.7.12:runtime - omitted for duplicate)
|  |  +- (org.openrdf.sesame:sesame-rio-languages:jar:2.7.12:runtime - omitted for duplicate)
|  |  \- (commons-io:commons-io:jar:2.4:compile - omitted for duplicate)
|  +- org.openrdf.sesame:sesame-rio-rdfjson:jar:2.7.12:compile
|  |  +- (org.openrdf.sesame:sesame-model:jar:2.7.12:compile - omitted for duplicate)
|  |  +- (org.openrdf.sesame:sesame-rio-api:jar:2.7.12:compile - omitted for duplicate)
|  |  +- (org.openrdf.sesame:sesame-rio-datatypes:jar:2.7.12:runtime - omitted for duplicate)
|  |  +- (org.openrdf.sesame:sesame-rio-languages:jar:2.7.12:runtime - omitted for duplicate)
|  |  +- (org.openrdf.sesame:sesame-util:jar:2.7.12:compile - omitted for duplicate)
|  |  +- (com.fasterxml.jackson.core:jackson-core:jar:2.2.1:compile - omitted for conflict with 2.5.1)
|  |  \- (commons-io:commons-io:jar:2.4:compile - omitted for duplicate)
|  +- org.openrdf.sesame:sesame-rio-rdfxml:jar:2.7.12:compile
|  |  +- (org.openrdf.sesame:sesame-model:jar:2.7.12:compile - omitted for duplicate)
|  |  +- (org.openrdf.sesame:sesame-rio-api:jar:2.7.12:compile - omitted for duplicate)
|  |  +- (org.openrdf.sesame:sesame-rio-datatypes:jar:2.7.12:runtime - omitted for duplicate)
|  |  +- (org.openrdf.sesame:sesame-rio-languages:jar:2.7.12:runtime - omitted for duplicate)
|  |  +- (org.openrdf.sesame:sesame-util:jar:2.7.12:compile - omitted for duplicate)
|  |  \- (commons-io:commons-io:jar:2.4:compile - omitted for duplicate)
|  +- org.openrdf.sesame:sesame-rio-trix:jar:2.7.12:compile
|  |  +- (org.openrdf.sesame:sesame-model:jar:2.7.12:compile - omitted for duplicate)
|  |  +- (org.openrdf.sesame:sesame-rio-api:jar:2.7.12:compile - omitted for duplicate)
|  |  +- (org.openrdf.sesame:sesame-rio-datatypes:jar:2.7.12:runtime - omitted for duplicate)
|  |  +- (org.openrdf.sesame:sesame-rio-languages:jar:2.7.12:runtime - omitted for duplicate)
|  |  +- (org.openrdf.sesame:sesame-util:jar:2.7.12:compile - omitted for duplicate)
|  |  \- (commons-io:commons-io:jar:2.4:compile - omitted for duplicate)
|  +- org.openrdf.sesame:sesame-rio-turtle:jar:2.7.12:compile
|  |  +- (org.openrdf.sesame:sesame-model:jar:2.7.12:compile - omitted for duplicate)
|  |  +- (org.openrdf.sesame:sesame-rio-api:jar:2.7.12:compile - omitted for duplicate)
|  |  +- (org.openrdf.sesame:sesame-rio-datatypes:jar:2.7.12:runtime - omitted for duplicate)
|  |  +- (org.openrdf.sesame:sesame-rio-languages:jar:2.7.12:runtime - omitted for duplicate)
|  |  +- (org.openrdf.sesame:sesame-util:jar:2.7.12:compile - omitted for duplicate)
|  |  \- (commons-io:commons-io:jar:2.4:compile - omitted for duplicate)
|  +- org.openrdf.sesame:sesame-rio-trig:jar:2.7.12:compile
|  |  +- (org.openrdf.sesame:sesame-model:jar:2.7.12:compile - omitted for duplicate)
|  |  +- (org.openrdf.sesame:sesame-rio-api:jar:2.7.12:compile - omitted for duplicate)
|  |  +- (org.openrdf.sesame:sesame-rio-turtle:jar:2.7.12:compile - omitted for duplicate)
|  |  +- (org.openrdf.sesame:sesame-rio-datatypes:jar:2.7.12:runtime - omitted for duplicate)
|  |  +- (org.openrdf.sesame:sesame-rio-languages:jar:2.7.12:runtime - omitted for duplicate)
|  |  \- (org.openrdf.sesame:sesame-util:jar:2.7.12:compile - omitted for duplicate)
|  +- com.github.jsonld-java:jsonld-java-sesame:jar:0.5.0:compile
|  |  +- com.github.jsonld-java:jsonld-java:jar:0.5.0:compile
|  |  |  +- (com.fasterxml.jackson.core:jackson-core:jar:2.3.3:compile - omitted for conflict with 2.5.1)
|  |  |  +- (com.fasterxml.jackson.core:jackson-databind:jar:2.3.3:compile - omitted for conflict with 2.5.1)
|  |  |  +- (org.slf4j:slf4j-api:jar:1.7.7:compile - omitted for conflict with 1.6.1)
|  |  |  +- org.apache.httpcomponents:httpclient-cache:jar:4.2.5:compile
|  |  |  |  \- (org.apache.httpcomponents:httpclient:jar:4.2.5:compile - omitted for duplicate)
|  |  |  +- org.apache.httpcomponents:httpclient:jar:4.2.5:compile
|  |  |  |  +- org.apache.httpcomponents:httpcore:jar:4.2.4:compile
|  |  |  |  \- commons-codec:commons-codec:jar:1.6:compile
|  |  |  \- org.slf4j:jcl-over-slf4j:jar:1.7.7:runtime
|  |  |     \- (org.slf4j:slf4j-api:jar:1.7.7:runtime - omitted for conflict with 1.6.1)
|  |  +- (org.openrdf.sesame:sesame-model:jar:2.7.12:compile - omitted for duplicate)
|  |  \- (org.openrdf.sesame:sesame-rio-api:jar:2.7.12:compile - omitted for duplicate)
|  +- org.semarglproject:semargl-sesame:jar:0.6.1:compile
|  |  +- org.semarglproject:semargl-core:jar:0.6.1:compile
|  |  +- org.semarglproject:semargl-rdfa:jar:0.6.1:compile
|  |  |  +- (org.semarglproject:semargl-core:jar:0.6.1:compile - omitted for duplicate)
|  |  |  \- org.semarglproject:semargl-rdf:jar:0.6.1:compile
|  |  |     \- (org.semarglproject:semargl-core:jar:0.6.1:compile - omitted for duplicate)
|  |  \- (org.openrdf.sesame:sesame-rio-api:jar:2.7.5:compile - omitted for conflict with 2.7.12)
|  +- com.google.guava:guava:jar:18.0:compile
|  +- com.google.inject:guice:jar:4.0-beta:compile
|  |  +- javax.inject:javax.inject:jar:1:compile
|  |  +- aopalliance:aopalliance:jar:1.0:compile
|  |  \- (com.google.guava:guava:jar:11.0.1:compile - omitted for conflict with 18.0)
|  +- com.google.inject.extensions:guice-assistedinject:jar:4.0-beta:compile
|  |  \- (com.google.inject:guice:jar:4.0-beta:compile - omitted for duplicate)
|  +- com.google.inject.extensions:guice-multibindings:jar:4.0-beta:compile
|  |  \- (com.google.inject:guice:jar:4.0-beta:compile - omitted for duplicate)
|  +- com.google.code.findbugs:jsr305:jar:2.0.1:compile
|  +- org.slf4j:slf4j-api:jar:1.7.7:compile
|  +- org.apache.directory.studio:org.apache.commons.io:jar:2.4:compile
|  |  \- (commons-io:commons-io:jar:2.4:compile - omitted for duplicate)
|  \- net.sf.trove4j:trove4j:jar:3.0.3:compile
+- org.apache.geronimo.bundles:axis:jar:1.4_1:compile
+- org.apache.geronimo.bundles:commons-discovery:jar:0.4_1:test
+- org.nfunk:jep:jar:2.4.0:compile
+- edu.washington.cs.types.checker:checker-framework:jar:1.7.5:compile
+- junit:junit:jar:4.11:test
|  \- org.hamcrest:hamcrest-core:jar:1.3:test
\- org.slf4j:slf4j-log4j12:jar:1.6.1:test
   +- (org.slf4j:slf4j-api:jar:1.6.1:test - omitted for conflict with 1.7.7)
   \- log4j:log4j:jar:1.2.16:test

