WARNING: Your kernel does not support swap limit capabilities or the cgroup is not mounted. Memory limited without swap.
edu.stanford.swrl:swrlapi-drools-engine:bundle:2.0.7
+- edu.stanford.swrl:swrlapi:jar:2.0.7:compile
|  +- org.apache.geronimo.bundles:axis:jar:1.4_2:compile
|  +- org.apache.geronimo.bundles:commons-discovery:jar:0.4_1:compile
|  +- org.scijava:jep:jar:2.4.2:compile
|  |  \- gov.nist.math:jama:jar:1.0.3:compile
|  \- org.hamcrest:hamcrest-core:jar:1.3:compile
+- net.sourceforge.owlapi:owlapi-osgidistribution:jar:4.5.9:compile
|  +- com.fasterxml.jackson.core:jackson-core:jar:2.9.8:compile
|  +- com.fasterxml.jackson.core:jackson-databind:jar:2.9.8:compile
|  +- com.fasterxml.jackson.core:jackson-annotations:jar:2.9.8:compile
|  +- org.tukaani:xz:jar:1.6:compile
|  +- org.slf4j:jcl-over-slf4j:jar:1.7.22:compile
|  +- org.openrdf.sesame:sesame-model:jar:2.7.16:compile
|  +- org.openrdf.sesame:sesame-util:jar:2.7.16:compile
|  +- org.openrdf.sesame:sesame-rio-api:jar:2.7.16:compile
|  +- org.openrdf.sesame:sesame-rio-languages:jar:2.7.16:compile
|  +- org.openrdf.sesame:sesame-rio-datatypes:jar:2.7.16:compile
|  +- org.openrdf.sesame:sesame-rio-binary:jar:2.7.16:compile
|  +- org.openrdf.sesame:sesame-rio-n3:jar:2.7.16:compile
|  +- org.openrdf.sesame:sesame-rio-nquads:jar:2.7.16:compile
|  +- org.openrdf.sesame:sesame-rio-ntriples:jar:2.7.16:compile
|  +- org.openrdf.sesame:sesame-rio-rdfjson:jar:2.7.16:compile
|  +- org.openrdf.sesame:sesame-rio-rdfxml:jar:2.7.16:compile
|  +- org.openrdf.sesame:sesame-rio-trix:jar:2.7.16:compile
|  +- org.openrdf.sesame:sesame-rio-turtle:jar:2.7.16:compile
|  +- org.openrdf.sesame:sesame-rio-trig:jar:2.7.16:compile
|  +- com.github.jsonld-java:jsonld-java-sesame:jar:0.5.1:compile
|  +- com.github.jsonld-java:jsonld-java:jar:0.12.0:compile
|  |  +- org.apache.httpcomponents:httpclient-osgi:jar:4.5.5:compile
|  |  |  +- org.apache.httpcomponents:httpmime:jar:4.5.5:compile
|  |  |  \- org.apache.httpcomponents:fluent-hc:jar:4.5.5:compile
|  |  \- org.apache.httpcomponents:httpcore-osgi:jar:4.4.9:compile
|  |     \- org.apache.httpcomponents:httpcore-nio:jar:4.4.9:compile
|  +- org.apache.httpcomponents:httpclient:jar:4.5.2:compile
|  +- org.apache.httpcomponents:httpclient-cache:jar:4.5.2:compile
|  +- org.apache.httpcomponents:httpcore:jar:4.4.5:compile
|  +- commons-codec:commons-codec:jar:1.9:compile
|  +- commons-logging:commons-logging:jar:1.2:compile
|  +- commons-io:commons-io:jar:2.5:compile
|  +- com.github.vsonnier:hppcrt:jar:0.7.5:compile
|  +- com.github.ben-manes.caffeine:caffeine:jar:2.5.6:compile
|  +- org.semarglproject:semargl-sesame:jar:0.7:compile
|  +- org.semarglproject:semargl-core:jar:0.7:compile
|  +- org.semarglproject:semargl-rdfa:jar:0.7:compile
|  +- org.semarglproject:semargl-rdf:jar:0.7:compile
|  \- org.apache.servicemix.bundles:org.apache.servicemix.bundles.javax-inject:jar:1_2:compile
+- org.drools:drools-core:jar:7.0.0.Final:compile
|  \- org.mvel:mvel2:jar:2.4.0.Final:compile
+- org.drools:drools-compiler:jar:7.0.0.Final:compile
|  +- org.antlr:antlr-runtime:jar:3.5.2:compile
|  +- org.eclipse.jdt.core.compiler:ecj:jar:4.6.1:compile
|  +- com.thoughtworks.xstream:xstream:jar:1.4.9:compile
|  |  +- xmlpull:xmlpull:jar:1.1.3.1:compile
|  |  \- xpp3:xpp3_min:jar:1.1.4c:compile
|  \- com.google.protobuf:protobuf-java:jar:2.6.0:compile
+- org.kie:kie-api:jar:7.0.0.Final:compile
+- org.kie:kie-internal:jar:7.0.0.Final:compile
+- org.checkerframework:checker:jar:1.9.13:compile
+- org.checkerframework:checker-qual:jar:1.9.13:compile
+- org.checkerframework:jdk8:jar:1.9.13:compile
+- com.google.code.findbugs:jsr305:jar:3.0.2:compile
+- com.google.guava:guava:jar:18.0:compile
+- junit:junit:jar:4.12:test
+- org.slf4j:slf4j-api:jar:1.7.25:compile
\- org.slf4j:slf4j-log4j12:jar:1.7.25:test
   \- log4j:log4j:jar:1.2.17:test

