WARNING: Your kernel does not support swap limit capabilities or the cgroup is not mounted. Memory limited without swap.
OpenJDK 64-Bit Server VM warning: Insufficient space for shared memory file:
   201
Try using the -Djava.io.tmpdir= option to select an alternate temp location.

[ERROR] Command 'cd /tmp/tmp8mahu0oy/maven-git-versioning-extension; mvn -gs /home/jdbl/core/../maven-proxy.xml se.kth.castor:depclean-maven-plugin:1.1.0:depclean -Dcreate.pom.debloated=true -Dcreate.result.json=true > /home/jdbl/results/qoomon_maven-git-versioning-extension/547875fc04decc3d2cb3e8cf7aaeb0412ef2692f/depClean.log 2>&1' returned non-zero exit status 1.
com.qoomon:maven-branch-versioning-extension:maven-plugin:2.3.2
+- org.apache.maven:maven-core:jar:3.3.9:provided
|  +- (org.apache.maven:maven-model:jar:3.3.9:compile - scope updated from provided; omitted for duplicate)
|  +- org.apache.maven:maven-settings:jar:3.3.9:provided
|  |  \- (org.codehaus.plexus:plexus-utils:jar:3.0.22:provided - omitted for duplicate)
|  +- org.apache.maven:maven-settings-builder:jar:3.3.9:provided
|  |  +- org.apache.maven:maven-builder-support:jar:3.3.9:provided
|  |  |  +- (org.codehaus.plexus:plexus-utils:jar:3.0.22:provided - omitted for duplicate)
|  |  |  \- (org.apache.commons:commons-lang3:jar:3.4:provided - omitted for duplicate)
|  |  +- (org.codehaus.plexus:plexus-utils:jar:3.0.22:provided - omitted for duplicate)
|  |  +- (org.codehaus.plexus:plexus-interpolation:jar:1.21:provided - omitted for duplicate)
|  |  +- (org.codehaus.plexus:plexus-component-annotations:jar:1.6:provided - omitted for duplicate)
|  |  +- (org.apache.maven:maven-settings:jar:3.3.9:provided - omitted for duplicate)
|  |  +- (org.sonatype.plexus:plexus-sec-dispatcher:jar:1.3:provided - omitted for duplicate)
|  |  \- (org.apache.commons:commons-lang3:jar:3.4:provided - omitted for duplicate)
|  +- org.apache.maven:maven-repository-metadata:jar:3.3.9:provided
|  |  \- (org.codehaus.plexus:plexus-utils:jar:3.0.22:provided - omitted for duplicate)
|  +- (org.apache.maven:maven-artifact:jar:3.3.9:compile - scope updated from provided; omitted for duplicate)
|  +- (org.apache.maven:maven-plugin-api:jar:3.3.9:provided - omitted for duplicate)
|  +- org.apache.maven:maven-model-builder:jar:3.3.9:provided
|  |  +- (org.codehaus.plexus:plexus-utils:jar:3.0.22:provided - omitted for duplicate)
|  |  +- (org.codehaus.plexus:plexus-interpolation:jar:1.21:provided - omitted for duplicate)
|  |  +- (org.codehaus.plexus:plexus-component-annotations:jar:1.6:provided - omitted for duplicate)
|  |  +- (org.apache.maven:maven-model:jar:3.3.9:provided - omitted for duplicate)
|  |  +- (org.apache.maven:maven-artifact:jar:3.3.9:provided - omitted for duplicate)
|  |  +- (org.apache.maven:maven-builder-support:jar:3.3.9:provided - omitted for duplicate)
|  |  +- (com.google.guava:guava:jar:18.0:provided - omitted for conflict with 19.0)
|  |  \- (org.apache.commons:commons-lang3:jar:3.4:provided - omitted for duplicate)
|  +- org.apache.maven:maven-aether-provider:jar:3.3.9:provided
|  |  +- (org.apache.maven:maven-model:jar:3.3.9:provided - omitted for duplicate)
|  |  +- (org.apache.maven:maven-model-builder:jar:3.3.9:provided - omitted for duplicate)
|  |  +- (org.apache.maven:maven-repository-metadata:jar:3.3.9:provided - omitted for duplicate)
|  |  +- (org.eclipse.aether:aether-api:jar:1.0.2.v20150114:provided - omitted for duplicate)
|  |  +- org.eclipse.aether:aether-spi:jar:1.0.2.v20150114:provided
|  |  |  \- (org.eclipse.aether:aether-api:jar:1.0.2.v20150114:provided - omitted for duplicate)
|  |  +- (org.eclipse.aether:aether-util:jar:1.0.2.v20150114:provided - omitted for duplicate)
|  |  +- (org.eclipse.aether:aether-impl:jar:1.0.2.v20150114:provided - omitted for duplicate)
|  |  +- (org.codehaus.plexus:plexus-component-annotations:jar:1.6:provided - omitted for duplicate)
|  |  +- (org.codehaus.plexus:plexus-utils:jar:3.0.22:provided - omitted for duplicate)
|  |  \- (org.apache.commons:commons-lang3:jar:3.4:provided - omitted for duplicate)
|  +- org.eclipse.aether:aether-impl:jar:1.0.2.v20150114:provided
|  |  +- (org.eclipse.aether:aether-api:jar:1.0.2.v20150114:provided - omitted for duplicate)
|  |  +- (org.eclipse.aether:aether-spi:jar:1.0.2.v20150114:provided - omitted for duplicate)
|  |  \- (org.eclipse.aether:aether-util:jar:1.0.2.v20150114:provided - omitted for duplicate)
|  +- org.eclipse.aether:aether-api:jar:1.0.2.v20150114:provided
|  +- org.eclipse.aether:aether-util:jar:1.0.2.v20150114:provided
|  |  \- (org.eclipse.aether:aether-api:jar:1.0.2.v20150114:provided - omitted for duplicate)
|  +- (org.eclipse.sisu:org.eclipse.sisu.plexus:jar:0.3.2:compile - scope updated from provided; omitted for duplicate)
|  +- com.google.inject:guice:jar:no_aop:4.0:provided
|  |  +- (javax.inject:javax.inject:jar:1:compile - scope updated from provided; omitted for duplicate)
|  |  +- aopalliance:aopalliance:jar:1.0:provided
|  |  \- (com.google.guava:guava:jar:16.0.1:provided - omitted for conflict with 18.0)
|  +- org.codehaus.plexus:plexus-interpolation:jar:1.21:provided
|  +- (org.codehaus.plexus:plexus-utils:jar:3.0.22:compile - scope updated from provided; omitted for duplicate)
|  +- (org.codehaus.plexus:plexus-classworlds:jar:2.5.2:compile - scope updated from provided; omitted for duplicate)
|  +- (org.codehaus.plexus:plexus-component-annotations:jar:1.6:compile - scope updated from provided; omitted for duplicate)
|  +- org.sonatype.plexus:plexus-sec-dispatcher:jar:1.3:provided
|  |  +- (org.codehaus.plexus:plexus-utils:jar:1.5.5:provided - omitted for conflict with 3.0.22)
|  |  \- org.sonatype.plexus:plexus-cipher:jar:1.4:provided
|  \- (org.apache.commons:commons-lang3:jar:3.4:compile - scope updated from provided; omitted for duplicate)
+- org.apache.maven:maven-plugin-api:jar:3.3.9:compile
|  +- org.apache.maven:maven-model:jar:3.3.9:compile
|  |  +- org.codehaus.plexus:plexus-utils:jar:3.0.22:compile
|  |  \- org.apache.commons:commons-lang3:jar:3.4:compile
|  +- org.apache.maven:maven-artifact:jar:3.3.9:compile
|  |  +- (org.codehaus.plexus:plexus-utils:jar:3.0.22:compile - omitted for duplicate)
|  |  \- (org.apache.commons:commons-lang3:jar:3.4:compile - omitted for duplicate)
|  \- org.eclipse.sisu:org.eclipse.sisu.plexus:jar:0.3.2:compile
|     +- javax.enterprise:cdi-api:jar:1.0:compile
|     |  +- javax.annotation:jsr250-api:jar:1.0:compile
|     |  \- javax.inject:javax.inject:jar:1:compile
|     +- org.eclipse.sisu:org.eclipse.sisu.inject:jar:0.3.2:compile
|     +- org.codehaus.plexus:plexus-component-annotations:jar:1.6:compile
|     +- org.codehaus.plexus:plexus-classworlds:jar:2.5.2:compile
|     \- (org.codehaus.plexus:plexus-utils:jar:3.0.17:compile - omitted for conflict with 3.0.22)
+- org.apache.maven.plugin-tools:maven-plugin-annotations:jar:3.5:provided
|  \- (org.apache.maven:maven-artifact:jar:3.0:provided - omitted for conflict with 3.3.9)
+- org.apache.maven.enforcer:enforcer-api:jar:1.4.1:compile
|  +- (org.apache.maven:maven-plugin-api:jar:2.2.1:compile - omitted for conflict with 3.3.9)
|  \- org.codehaus.plexus:plexus-container-default:jar:1.0-alpha-9:compile
|     +- (junit:junit:jar:3.8.1:compile - omitted for conflict with 4.12)
|     +- (org.codehaus.plexus:plexus-utils:jar:1.0.4:compile - omitted for conflict with 3.0.22)
|     \- classworlds:classworlds:jar:1.1-alpha-2:compile
+- org.eclipse.jgit:org.eclipse.jgit:jar:4.5.0.201609210915-r:compile
|  +- com.jcraft:jsch:jar:0.1.53:compile
|  +- com.googlecode.javaewah:JavaEWAH:jar:0.7.9:compile
|  +- org.apache.httpcomponents:httpclient:jar:4.3.6:compile
|  |  +- org.apache.httpcomponents:httpcore:jar:4.3.3:compile
|  |  +- commons-logging:commons-logging:jar:1.1.3:compile
|  |  \- commons-codec:commons-codec:jar:1.6:compile
|  \- org.slf4j:slf4j-api:jar:1.7.2:compile
+- com.google.guava:guava:jar:19.0:compile
+- org.apache.maven.plugin-testing:maven-plugin-testing-harness:jar:3.3.0:test
|  +- commons-io:commons-io:jar:2.2:test
|  \- org.codehaus.plexus:plexus-archiver:jar:2.2:test
|     +- (org.codehaus.plexus:plexus-container-default:jar:1.0-alpha-9-stable-1:test - omitted for conflict with 1.0-alpha-9)
|     +- (org.codehaus.plexus:plexus-utils:jar:3.0.7:test - omitted for conflict with 3.0.22)
|     \- org.codehaus.plexus:plexus-io:jar:2.0.4:test
|        \- (org.codehaus.plexus:plexus-utils:jar:3.0:test - omitted for conflict with 3.0.22)
+- org.apache.maven:maven-compat:jar:3.3.9:test
|  +- (org.apache.maven:maven-model:jar:3.3.9:test - omitted for duplicate)
|  +- (org.apache.maven:maven-model-builder:jar:3.3.9:test - omitted for duplicate)
|  +- (org.apache.maven:maven-settings:jar:3.3.9:test - omitted for duplicate)
|  +- (org.apache.maven:maven-artifact:jar:3.3.9:test - omitted for duplicate)
|  +- (org.apache.maven:maven-core:jar:3.3.9:test - omitted for duplicate)
|  +- (org.codehaus.plexus:plexus-utils:jar:3.0.22:compile - scope updated from test; omitted for duplicate)
|  +- (org.codehaus.plexus:plexus-interpolation:jar:1.21:test - omitted for duplicate)
|  +- (org.eclipse.sisu:org.eclipse.sisu.plexus:jar:0.3.2:test - omitted for duplicate)
|  +- (org.codehaus.plexus:plexus-component-annotations:jar:1.6:compile - scope updated from test; omitted for duplicate)
|  \- org.apache.maven.wagon:wagon-provider-api:jar:2.10:test
|     \- (org.codehaus.plexus:plexus-utils:jar:3.0.15:test - omitted for conflict with 3.0.22)
+- junit:junit:jar:4.12:test (scope not updated to compile)
|  \- org.hamcrest:hamcrest-core:jar:1.3:test
\- org.assertj:assertj-core:jar:3.5.2:test
Traceback (most recent call last):
  File "/home/jdbl/core/Debloat.py", line 80, in depClean
    output = subprocess.check_output(cmd, shell=True)
  File "/usr/lib/python3.7/subprocess.py", line 395, in check_output
    **kwargs).stdout
  File "/usr/lib/python3.7/subprocess.py", line 487, in run
    output=stdout, stderr=stderr)
subprocess.CalledProcessError: Command 'cd /tmp/tmp8mahu0oy/maven-git-versioning-extension; mvn -gs /home/jdbl/core/../maven-proxy.xml se.kth.castor:depclean-maven-plugin:1.1.0:depclean -Dcreate.pom.debloated=true -Dcreate.result.json=true > /home/jdbl/results/qoomon_maven-git-versioning-extension/547875fc04decc3d2cb3e8cf7aaeb0412ef2692f/depClean.log 2>&1' returned non-zero exit status 1.

