WARNING: Your kernel does not support swap limit capabilities or the cgroup is not mounted. Memory limited without swap.
fr.brouillard.oss:jgitver-maven-plugin:maven-plugin:0.0.1
+- org.apache.maven:maven-plugin-api:jar:2.0:compile
+- org.apache.maven.plugin-tools:maven-plugin-annotations:jar:3.2:provided
|  \- org.apache.maven:maven-artifact:jar:3.0:provided
|     \- (org.codehaus.plexus:plexus-utils:jar:2.0.4:provided - omitted for conflict with 3.0.8)
+- org.codehaus.plexus:plexus-utils:jar:3.0.8:compile
+- org.apache.maven:maven-core:jar:3.2.5:provided
|  +- org.apache.maven:maven-model:jar:3.2.5:provided
|  |  \- (org.codehaus.plexus:plexus-utils:jar:3.0.20:provided - omitted for conflict with 3.0.8)
|  +- org.apache.maven:maven-settings:jar:3.2.5:provided
|  |  \- (org.codehaus.plexus:plexus-utils:jar:3.0.20:provided - omitted for conflict with 3.0.8)
|  +- org.apache.maven:maven-settings-builder:jar:3.2.5:provided
|  |  +- (org.codehaus.plexus:plexus-utils:jar:3.0.20:provided - omitted for conflict with 3.0.8)
|  |  +- (org.codehaus.plexus:plexus-interpolation:jar:1.21:provided - omitted for duplicate)
|  |  +- (org.codehaus.plexus:plexus-component-annotations:jar:1.5.5:provided - omitted for duplicate)
|  |  +- (org.apache.maven:maven-settings:jar:3.2.5:provided - omitted for duplicate)
|  |  \- (org.sonatype.plexus:plexus-sec-dispatcher:jar:1.3:provided - omitted for duplicate)
|  +- org.apache.maven:maven-repository-metadata:jar:3.2.5:provided
|  |  \- (org.codehaus.plexus:plexus-utils:jar:3.0.20:provided - omitted for conflict with 3.0.8)
|  +- (org.apache.maven:maven-artifact:jar:3.2.5:provided - omitted for conflict with 3.0)
|  +- (org.apache.maven:maven-plugin-api:jar:3.2.5:provided - omitted for conflict with 2.0)
|  +- org.apache.maven:maven-model-builder:jar:3.2.5:provided
|  |  +- (org.codehaus.plexus:plexus-utils:jar:3.0.20:provided - omitted for conflict with 3.0.8)
|  |  +- (org.codehaus.plexus:plexus-interpolation:jar:1.21:provided - omitted for duplicate)
|  |  +- (org.codehaus.plexus:plexus-component-annotations:jar:1.5.5:provided - omitted for duplicate)
|  |  \- (org.apache.maven:maven-model:jar:3.2.5:provided - omitted for duplicate)
|  +- org.apache.maven:maven-aether-provider:jar:3.2.5:provided
|  |  +- (org.apache.maven:maven-model:jar:3.2.5:provided - omitted for duplicate)
|  |  +- (org.apache.maven:maven-model-builder:jar:3.2.5:provided - omitted for duplicate)
|  |  +- (org.apache.maven:maven-repository-metadata:jar:3.2.5:provided - omitted for duplicate)
|  |  +- (org.eclipse.aether:aether-api:jar:1.0.0.v20140518:provided - omitted for duplicate)
|  |  +- org.eclipse.aether:aether-spi:jar:1.0.0.v20140518:provided
|  |  |  \- (org.eclipse.aether:aether-api:jar:1.0.0.v20140518:provided - omitted for duplicate)
|  |  +- (org.eclipse.aether:aether-util:jar:1.0.0.v20140518:provided - omitted for duplicate)
|  |  +- (org.eclipse.aether:aether-impl:jar:1.0.0.v20140518:provided - omitted for duplicate)
|  |  +- (org.codehaus.plexus:plexus-component-annotations:jar:1.5.5:provided - omitted for duplicate)
|  |  \- (org.codehaus.plexus:plexus-utils:jar:3.0.20:provided - omitted for conflict with 3.0.8)
|  +- org.eclipse.aether:aether-impl:jar:1.0.0.v20140518:provided
|  |  +- (org.eclipse.aether:aether-api:jar:1.0.0.v20140518:provided - omitted for duplicate)
|  |  +- (org.eclipse.aether:aether-spi:jar:1.0.0.v20140518:provided - omitted for duplicate)
|  |  \- (org.eclipse.aether:aether-util:jar:1.0.0.v20140518:provided - omitted for duplicate)
|  +- org.eclipse.aether:aether-api:jar:1.0.0.v20140518:provided
|  +- org.eclipse.aether:aether-util:jar:1.0.0.v20140518:provided
|  |  \- (org.eclipse.aether:aether-api:jar:1.0.0.v20140518:provided - omitted for duplicate)
|  +- org.eclipse.sisu:org.eclipse.sisu.plexus:jar:0.3.0.M1:provided
|  |  +- javax.enterprise:cdi-api:jar:1.0:provided
|  |  |  +- javax.annotation:jsr250-api:jar:1.0:provided
|  |  |  \- (javax.inject:javax.inject:jar:1:provided - omitted for duplicate)
|  |  +- org.eclipse.sisu:org.eclipse.sisu.inject:jar:0.3.0.M1:provided
|  |  +- (org.codehaus.plexus:plexus-component-annotations:jar:1.5.5:provided - omitted for duplicate)
|  |  +- (org.codehaus.plexus:plexus-classworlds:jar:2.5.1:provided - omitted for conflict with 2.5.2)
|  |  \- (org.codehaus.plexus:plexus-utils:jar:2.1:provided - omitted for conflict with 3.0.8)
|  +- org.sonatype.sisu:sisu-guice:jar:no_aop:3.2.3:provided
|  |  +- javax.inject:javax.inject:jar:1:provided
|  |  +- aopalliance:aopalliance:jar:1.0:provided
|  |  \- com.google.guava:guava:jar:16.0.1:provided
|  +- org.codehaus.plexus:plexus-interpolation:jar:1.21:provided
|  +- (org.codehaus.plexus:plexus-utils:jar:3.0.20:provided - omitted for conflict with 3.0.8)
|  +- org.codehaus.plexus:plexus-classworlds:jar:2.5.2:provided
|  +- (org.codehaus.plexus:plexus-component-annotations:jar:1.5.5:provided - omitted for duplicate)
|  \- org.sonatype.plexus:plexus-sec-dispatcher:jar:1.3:provided
|     +- (org.codehaus.plexus:plexus-utils:jar:1.5.5:provided - omitted for conflict with 3.0.8)
|     \- org.sonatype.plexus:plexus-cipher:jar:1.4:provided
+- org.codehaus.plexus:plexus-component-annotations:jar:1.5.5:provided
+- fr.brouillard.oss:jgitver:jar:0.0.1:compile
|  \- org.eclipse.jgit:org.eclipse.jgit:jar:4.3.0.201604071810-r:compile
|     +- com.jcraft:jsch:jar:0.1.53:compile
|     +- com.googlecode.javaewah:JavaEWAH:jar:0.7.9:compile
|     +- org.apache.httpcomponents:httpclient:jar:4.3.6:compile
|     |  +- org.apache.httpcomponents:httpcore:jar:4.3.3:compile
|     |  +- commons-logging:commons-logging:jar:1.1.3:compile
|     |  \- commons-codec:commons-codec:jar:1.6:compile
|     \- org.slf4j:slf4j-api:jar:1.7.2:compile
\- junit:junit:jar:4.8.2:test

