WARNING: Your kernel does not support swap limit capabilities or the cgroup is not mounted. Memory limited without swap.
com.qoomon:maven-git-versioning-extension:maven-plugin:2.0.1
+- org.simpleframework:simple-xml:jar:2.7.1:compile
|  +- stax:stax-api:jar:1.0.1:compile
|  +- stax:stax:jar:1.2.0:compile
|  |  \- (stax:stax-api:jar:1.0.1:compile - omitted for duplicate)
|  \- xpp3:xpp3:jar:1.1.3.3:compile
+- org.apache.maven:maven-core:jar:3.5.0:provided
|  +- (org.apache.maven:maven-model:jar:3.5.0:compile - scope updated from provided; omitted for duplicate)
|  +- org.apache.maven:maven-settings:jar:3.5.0:provided
|  |  \- (org.codehaus.plexus:plexus-utils:jar:3.0.24:provided - omitted for duplicate)
|  +- org.apache.maven:maven-settings-builder:jar:3.5.0:provided
|  |  +- org.apache.maven:maven-builder-support:jar:3.5.0:provided
|  |  |  +- (org.codehaus.plexus:plexus-utils:jar:3.0.24:provided - omitted for duplicate)
|  |  |  \- (org.apache.commons:commons-lang3:jar:3.5:provided - omitted for duplicate)
|  |  +- (org.codehaus.plexus:plexus-utils:jar:3.0.24:provided - omitted for duplicate)
|  |  +- (org.codehaus.plexus:plexus-interpolation:jar:1.24:provided - omitted for duplicate)
|  |  +- (org.codehaus.plexus:plexus-component-annotations:jar:1.7.1:provided - omitted for duplicate)
|  |  +- (org.apache.maven:maven-settings:jar:3.5.0:provided - omitted for duplicate)
|  |  +- (org.sonatype.plexus:plexus-sec-dispatcher:jar:1.4:provided - omitted for duplicate)
|  |  \- (org.apache.commons:commons-lang3:jar:3.5:provided - omitted for duplicate)
|  +- org.apache.maven:maven-repository-metadata:jar:3.5.0:provided
|  |  \- (org.codehaus.plexus:plexus-utils:jar:3.0.24:provided - omitted for duplicate)
|  +- (org.apache.maven:maven-artifact:jar:3.5.0:compile - scope updated from provided; omitted for duplicate)
|  +- (org.apache.maven:maven-plugin-api:jar:3.5.0:provided - omitted for duplicate)
|  +- org.apache.maven:maven-model-builder:jar:3.5.0:provided
|  |  +- (org.codehaus.plexus:plexus-utils:jar:3.0.24:provided - omitted for duplicate)
|  |  +- (org.codehaus.plexus:plexus-interpolation:jar:1.24:provided - omitted for duplicate)
|  |  +- (org.codehaus.plexus:plexus-component-annotations:jar:1.7.1:provided - omitted for duplicate)
|  |  +- (org.apache.maven:maven-model:jar:3.5.0:provided - omitted for duplicate)
|  |  +- (org.apache.maven:maven-artifact:jar:3.5.0:provided - omitted for duplicate)
|  |  +- (org.apache.maven:maven-builder-support:jar:3.5.0:provided - omitted for duplicate)
|  |  +- com.google.guava:guava:jar:20.0:provided
|  |  \- (org.apache.commons:commons-lang3:jar:3.5:provided - omitted for duplicate)
|  +- org.apache.maven:maven-resolver-provider:jar:3.5.0:provided
|  |  +- (org.apache.maven:maven-model:jar:3.5.0:provided - omitted for duplicate)
|  |  +- (org.apache.maven:maven-model-builder:jar:3.5.0:provided - omitted for duplicate)
|  |  +- (org.apache.maven:maven-repository-metadata:jar:3.5.0:provided - omitted for duplicate)
|  |  +- (org.apache.maven.resolver:maven-resolver-api:jar:1.0.3:provided - omitted for duplicate)
|  |  +- (org.apache.maven.resolver:maven-resolver-spi:jar:1.0.3:provided - omitted for duplicate)
|  |  +- (org.apache.maven.resolver:maven-resolver-util:jar:1.0.3:provided - omitted for duplicate)
|  |  +- (org.apache.maven.resolver:maven-resolver-impl:jar:1.0.3:provided - omitted for duplicate)
|  |  +- (org.codehaus.plexus:plexus-component-annotations:jar:1.7.1:provided - omitted for duplicate)
|  |  +- (org.codehaus.plexus:plexus-utils:jar:3.0.24:provided - omitted for duplicate)
|  |  \- (org.apache.commons:commons-lang3:jar:3.5:provided - omitted for duplicate)
|  +- org.apache.maven.resolver:maven-resolver-impl:jar:1.0.3:provided
|  |  +- (org.apache.maven.resolver:maven-resolver-api:jar:1.0.3:provided - omitted for duplicate)
|  |  +- (org.apache.maven.resolver:maven-resolver-spi:jar:1.0.3:provided - omitted for duplicate)
|  |  \- (org.apache.maven.resolver:maven-resolver-util:jar:1.0.3:provided - omitted for duplicate)
|  +- org.apache.maven.resolver:maven-resolver-api:jar:1.0.3:provided
|  +- org.apache.maven.resolver:maven-resolver-spi:jar:1.0.3:provided
|  |  \- (org.apache.maven.resolver:maven-resolver-api:jar:1.0.3:provided - omitted for duplicate)
|  +- org.apache.maven.resolver:maven-resolver-util:jar:1.0.3:provided
|  |  \- (org.apache.maven.resolver:maven-resolver-api:jar:1.0.3:provided - omitted for duplicate)
|  +- org.apache.maven.shared:maven-shared-utils:jar:3.1.0:provided
|  |  \- (commons-io:commons-io:jar:2.5:provided - omitted for conflict with 2.2)
|  +- (org.eclipse.sisu:org.eclipse.sisu.plexus:jar:0.3.3:compile - scope updated from provided; omitted for duplicate)
|  +- com.google.inject:guice:jar:no_aop:4.0:provided
|  |  +- (javax.inject:javax.inject:jar:1:compile - scope updated from provided; omitted for duplicate)
|  |  +- aopalliance:aopalliance:jar:1.0:provided
|  |  \- (com.google.guava:guava:jar:16.0.1:provided - omitted for conflict with 20.0)
|  +- org.codehaus.plexus:plexus-interpolation:jar:1.24:provided
|  +- (org.codehaus.plexus:plexus-utils:jar:3.0.24:compile - scope updated from provided; omitted for duplicate)
|  +- (org.codehaus.plexus:plexus-classworlds:jar:2.5.2:compile - scope updated from provided; omitted for duplicate)
|  +- (org.codehaus.plexus:plexus-component-annotations:jar:1.7.1:compile - scope updated from provided; omitted for duplicate)
|  +- org.sonatype.plexus:plexus-sec-dispatcher:jar:1.4:provided
|  |  +- (org.codehaus.plexus:plexus-utils:jar:1.5.5:provided - omitted for conflict with 3.0.24)
|  |  \- org.sonatype.plexus:plexus-cipher:jar:1.4:provided
|  \- (org.apache.commons:commons-lang3:jar:3.5:compile - scope updated from provided; omitted for duplicate)
+- org.apache.maven:maven-plugin-api:jar:3.5.0:compile
|  +- org.apache.maven:maven-model:jar:3.5.0:compile
|  |  +- org.codehaus.plexus:plexus-utils:jar:3.0.24:compile
|  |  \- org.apache.commons:commons-lang3:jar:3.5:compile
|  +- org.apache.maven:maven-artifact:jar:3.5.0:compile
|  |  +- (org.codehaus.plexus:plexus-utils:jar:3.0.24:compile - omitted for duplicate)
|  |  \- (org.apache.commons:commons-lang3:jar:3.5:compile - omitted for duplicate)
|  \- org.eclipse.sisu:org.eclipse.sisu.plexus:jar:0.3.3:compile
|     +- javax.enterprise:cdi-api:jar:1.0:compile
|     |  +- javax.annotation:jsr250-api:jar:1.0:compile
|     |  \- javax.inject:javax.inject:jar:1:compile
|     +- org.eclipse.sisu:org.eclipse.sisu.inject:jar:0.3.3:compile
|     +- org.codehaus.plexus:plexus-component-annotations:jar:1.7.1:compile
|     +- org.codehaus.plexus:plexus-classworlds:jar:2.5.2:compile
|     \- (org.codehaus.plexus:plexus-utils:jar:3.0.17:compile - omitted for conflict with 3.0.24)
+- org.apache.maven.plugin-tools:maven-plugin-annotations:jar:3.5:provided
|  \- (org.apache.maven:maven-artifact:jar:3.0:provided - omitted for conflict with 3.5.0)
+- org.eclipse.jgit:org.eclipse.jgit:jar:4.9.0.201710071750-r:compile
|  +- com.jcraft:jsch:jar:0.1.54:compile
|  +- com.googlecode.javaewah:JavaEWAH:jar:1.1.6:compile
|  +- org.apache.httpcomponents:httpclient:jar:4.3.6:compile
|  |  +- org.apache.httpcomponents:httpcore:jar:4.3.3:compile
|  |  +- commons-logging:commons-logging:jar:1.1.3:compile
|  |  \- commons-codec:commons-codec:jar:1.6:compile
|  \- org.slf4j:slf4j-api:jar:1.7.2:compile
+- org.apache.maven.plugin-testing:maven-plugin-testing-harness:jar:3.3.0:test
|  +- commons-io:commons-io:jar:2.2:test
|  \- org.codehaus.plexus:plexus-archiver:jar:2.2:test
|     +- org.codehaus.plexus:plexus-container-default:jar:1.0-alpha-9-stable-1:test
|     |  +- (junit:junit:jar:3.8.1:test - omitted for conflict with 4.12)
|     |  +- (org.codehaus.plexus:plexus-utils:jar:1.0.4:test - omitted for conflict with 3.0.24)
|     |  \- classworlds:classworlds:jar:1.1-alpha-2:test
|     +- (org.codehaus.plexus:plexus-utils:jar:3.0.7:test - omitted for conflict with 3.0.24)
|     \- org.codehaus.plexus:plexus-io:jar:2.0.4:test
|        \- (org.codehaus.plexus:plexus-utils:jar:3.0:test - omitted for conflict with 3.0.24)
+- org.apache.maven:maven-compat:jar:3.5.0:test
|  +- (org.apache.maven:maven-model:jar:3.5.0:test - omitted for duplicate)
|  +- (org.apache.maven:maven-model-builder:jar:3.5.0:test - omitted for duplicate)
|  +- (org.apache.maven:maven-settings:jar:3.5.0:test - omitted for duplicate)
|  +- (org.apache.maven:maven-artifact:jar:3.5.0:test - omitted for duplicate)
|  +- (org.apache.maven:maven-core:jar:3.5.0:test - omitted for duplicate)
|  +- (org.apache.maven:maven-resolver-provider:jar:3.5.0:test - omitted for duplicate)
|  +- (org.apache.maven.resolver:maven-resolver-api:jar:1.0.3:test - omitted for duplicate)
|  +- (org.apache.maven.resolver:maven-resolver-util:jar:1.0.3:test - omitted for duplicate)
|  +- (org.apache.maven.resolver:maven-resolver-impl:jar:1.0.3:test - omitted for duplicate)
|  +- (org.codehaus.plexus:plexus-utils:jar:3.0.24:compile - scope updated from test; omitted for duplicate)
|  +- (org.codehaus.plexus:plexus-interpolation:jar:1.24:test - omitted for duplicate)
|  +- (org.eclipse.sisu:org.eclipse.sisu.plexus:jar:0.3.3:test - omitted for duplicate)
|  +- (org.codehaus.plexus:plexus-component-annotations:jar:1.7.1:compile - scope updated from test; omitted for duplicate)
|  \- org.apache.maven.wagon:wagon-provider-api:jar:2.12:test
|     \- (org.codehaus.plexus:plexus-utils:jar:3.0.24:test - omitted for duplicate)
+- junit:junit:jar:4.12:test
|  \- org.hamcrest:hamcrest-core:jar:1.3:test
\- org.assertj:assertj-core:jar:3.8.0:test

