WARNING: Your kernel does not support swap limit capabilities or the cgroup is not mounted. Memory limited without swap.
com.qoomon:maven-branch-versioning-extension:maven-plugin:2.3.0
+- org.apache.maven:maven-plugin-api:jar:2.0:compile
+- org.apache.maven.plugin-tools:maven-plugin-annotations:jar:3.2:provided
|  \- org.apache.maven:maven-artifact:jar:3.0:provided
|     \- (org.codehaus.plexus:plexus-utils:jar:2.0.4:provided - omitted for conflict with 3.0.22)
+- org.apache.maven:maven-core:jar:3.3.9:provided
|  +- org.apache.maven:maven-model:jar:3.3.9:provided
|  |  +- (org.codehaus.plexus:plexus-utils:jar:3.0.22:provided - omitted for conflict with 2.0.4)
|  |  \- (org.apache.commons:commons-lang3:jar:3.4:provided - omitted for duplicate)
|  +- org.apache.maven:maven-settings:jar:3.3.9:provided
|  |  \- (org.codehaus.plexus:plexus-utils:jar:3.0.22:provided - omitted for conflict with 2.0.4)
|  +- org.apache.maven:maven-settings-builder:jar:3.3.9:provided
|  |  +- org.apache.maven:maven-builder-support:jar:3.3.9:provided
|  |  |  +- (org.codehaus.plexus:plexus-utils:jar:3.0.22:provided - omitted for conflict with 2.0.4)
|  |  |  \- (org.apache.commons:commons-lang3:jar:3.4:provided - omitted for duplicate)
|  |  +- (org.codehaus.plexus:plexus-utils:jar:3.0.22:provided - omitted for conflict with 2.0.4)
|  |  +- (org.codehaus.plexus:plexus-interpolation:jar:1.21:provided - omitted for duplicate)
|  |  +- (org.codehaus.plexus:plexus-component-annotations:jar:1.6:provided - omitted for duplicate)
|  |  +- (org.apache.maven:maven-settings:jar:3.3.9:provided - omitted for duplicate)
|  |  +- (org.sonatype.plexus:plexus-sec-dispatcher:jar:1.3:provided - omitted for duplicate)
|  |  \- (org.apache.commons:commons-lang3:jar:3.4:provided - omitted for duplicate)
|  +- org.apache.maven:maven-repository-metadata:jar:3.3.9:provided
|  |  \- (org.codehaus.plexus:plexus-utils:jar:3.0.22:provided - omitted for conflict with 2.0.4)
|  +- (org.apache.maven:maven-artifact:jar:3.3.9:provided - omitted for conflict with 3.0)
|  +- (org.apache.maven:maven-plugin-api:jar:3.3.9:provided - omitted for conflict with 2.0)
|  +- org.apache.maven:maven-model-builder:jar:3.3.9:provided
|  |  +- (org.codehaus.plexus:plexus-utils:jar:3.0.22:provided - omitted for conflict with 2.0.4)
|  |  +- (org.codehaus.plexus:plexus-interpolation:jar:1.21:provided - omitted for duplicate)
|  |  +- (org.codehaus.plexus:plexus-component-annotations:jar:1.6:provided - omitted for duplicate)
|  |  +- (org.apache.maven:maven-model:jar:3.3.9:provided - omitted for duplicate)
|  |  +- (org.apache.maven:maven-artifact:jar:3.3.9:provided - omitted for conflict with 3.0)
|  |  +- (org.apache.maven:maven-builder-support:jar:3.3.9:provided - omitted for duplicate)
|  |  +- (com.google.guava:guava:jar:18.0:provided - omitted for conflict with 19.0)
|  |  \- (org.apache.commons:commons-lang3:jar:3.4:provided - omitted for duplicate)
|  +- org.apache.maven:maven-aether-provider:jar:3.3.9:provided
|  |  +- (org.apache.maven:maven-model:jar:3.3.9:provided - omitted for duplicate)
|  |  +- (org.apache.maven:maven-model-builder:jar:3.3.9:provided - omitted for duplicate)
|  |  +- (org.apache.maven:maven-repository-metadata:jar:3.3.9:provided - omitted for duplicate)
|  |  +- (org.eclipse.aether:aether-api:jar:1.0.2.v20150114:provided - omitted for duplicate)
|  |  +- org.eclipse.aether:aether-spi:jar:1.0.2.v20150114:provided
|  |  |  \- (org.eclipse.aether:aether-api:jar:1.0.2.v20150114:provided - omitted for duplicate)
|  |  +- (org.eclipse.aether:aether-util:jar:1.0.2.v20150114:provided - omitted for duplicate)
|  |  +- (org.eclipse.aether:aether-impl:jar:1.0.2.v20150114:provided - omitted for duplicate)
|  |  +- (org.codehaus.plexus:plexus-component-annotations:jar:1.6:provided - omitted for duplicate)
|  |  +- (org.codehaus.plexus:plexus-utils:jar:3.0.22:provided - omitted for conflict with 2.0.4)
|  |  \- (org.apache.commons:commons-lang3:jar:3.4:provided - omitted for duplicate)
|  +- org.eclipse.aether:aether-impl:jar:1.0.2.v20150114:provided
|  |  +- (org.eclipse.aether:aether-api:jar:1.0.2.v20150114:provided - omitted for duplicate)
|  |  +- (org.eclipse.aether:aether-spi:jar:1.0.2.v20150114:provided - omitted for duplicate)
|  |  \- (org.eclipse.aether:aether-util:jar:1.0.2.v20150114:provided - omitted for duplicate)
|  +- org.eclipse.aether:aether-api:jar:1.0.2.v20150114:provided
|  +- org.eclipse.aether:aether-util:jar:1.0.2.v20150114:provided
|  |  \- (org.eclipse.aether:aether-api:jar:1.0.2.v20150114:provided - omitted for duplicate)
|  +- org.eclipse.sisu:org.eclipse.sisu.plexus:jar:0.3.2:provided
|  |  +- javax.enterprise:cdi-api:jar:1.0:provided
|  |  |  +- javax.annotation:jsr250-api:jar:1.0:provided
|  |  |  \- (javax.inject:javax.inject:jar:1:provided - omitted for duplicate)
|  |  +- org.eclipse.sisu:org.eclipse.sisu.inject:jar:0.3.2:provided
|  |  +- (org.codehaus.plexus:plexus-component-annotations:jar:1.5.5:provided - omitted for conflict with 1.6)
|  |  +- (org.codehaus.plexus:plexus-classworlds:jar:2.5.2:provided - omitted for duplicate)
|  |  \- (org.codehaus.plexus:plexus-utils:jar:3.0.17:provided - omitted for conflict with 2.0.4)
|  +- com.google.inject:guice:jar:no_aop:4.0:provided
|  |  +- javax.inject:javax.inject:jar:1:provided
|  |  +- aopalliance:aopalliance:jar:1.0:provided
|  |  \- (com.google.guava:guava:jar:16.0.1:provided - omitted for conflict with 18.0)
|  +- org.codehaus.plexus:plexus-interpolation:jar:1.21:provided
|  +- org.codehaus.plexus:plexus-utils:jar:3.0.22:provided
|  +- org.codehaus.plexus:plexus-classworlds:jar:2.5.2:provided
|  +- org.codehaus.plexus:plexus-component-annotations:jar:1.6:provided
|  +- org.sonatype.plexus:plexus-sec-dispatcher:jar:1.3:provided
|  |  +- (org.codehaus.plexus:plexus-utils:jar:1.5.5:provided - omitted for conflict with 3.0.22)
|  |  \- org.sonatype.plexus:plexus-cipher:jar:1.4:provided
|  \- org.apache.commons:commons-lang3:jar:3.4:provided
+- org.eclipse.jgit:org.eclipse.jgit:jar:4.5.0.201609210915-r:compile
|  +- com.jcraft:jsch:jar:0.1.53:compile
|  +- com.googlecode.javaewah:JavaEWAH:jar:0.7.9:compile
|  +- org.apache.httpcomponents:httpclient:jar:4.3.6:compile
|  |  +- org.apache.httpcomponents:httpcore:jar:4.3.3:compile
|  |  +- commons-logging:commons-logging:jar:1.1.3:compile
|  |  \- commons-codec:commons-codec:jar:1.6:compile
|  \- org.slf4j:slf4j-api:jar:1.7.2:compile
+- com.google.guava:guava:jar:19.0:compile
+- junit:junit:jar:4.8.2:test
\- org.assertj:assertj-core:jar:3.5.2:test

