WARNING: Your kernel does not support swap limit capabilities or the cgroup is not mounted. Memory limited without swap.
me.qoomon:maven-git-versioning-extension:maven-plugin:5.2.1
+- me.qoomon:git-versioning:jar:1.0.0:compile
|  +- org.eclipse.jgit:org.eclipse.jgit:jar:5.2.1.201812262042-r:compile
|  |  +- com.jcraft:jsch:jar:0.1.54:compile
|  |  +- com.jcraft:jzlib:jar:1.1.1:compile
|  |  +- com.googlecode.javaewah:JavaEWAH:jar:1.1.6:compile
|  |  \- org.slf4j:slf4j-api:jar:1.7.2:compile
|  \- (me.qoomon:unchecked-exceptions:jar:1.0.0:compile - omitted for duplicate)
+- com.fasterxml.jackson.dataformat:jackson-dataformat-xml:jar:2.9.9:compile
|  +- com.fasterxml.jackson.core:jackson-core:jar:2.9.9:compile
|  +- com.fasterxml.jackson.core:jackson-annotations:jar:2.9.0:compile
|  +- com.fasterxml.jackson.core:jackson-databind:jar:2.9.9:compile
|  |  +- (com.fasterxml.jackson.core:jackson-annotations:jar:2.9.0:compile - omitted for duplicate)
|  |  \- (com.fasterxml.jackson.core:jackson-core:jar:2.9.9:compile - omitted for duplicate)
|  +- com.fasterxml.jackson.module:jackson-module-jaxb-annotations:jar:2.9.9:compile
|  |  +- (com.fasterxml.jackson.core:jackson-annotations:jar:2.9.0:compile - omitted for duplicate)
|  |  +- (com.fasterxml.jackson.core:jackson-core:jar:2.9.9:compile - omitted for duplicate)
|  |  \- (com.fasterxml.jackson.core:jackson-databind:jar:2.9.9:compile - omitted for duplicate)
|  +- org.codehaus.woodstox:stax2-api:jar:3.1.4:compile
|  \- com.fasterxml.woodstox:woodstox-core:jar:5.1.0:compile
|     \- (org.codehaus.woodstox:stax2-api:jar:4.1:compile - omitted for conflict with 3.1.4)
+- de.pdark:decentxml:jar:1.4:compile
+- me.qoomon:unchecked-exceptions:jar:1.0.0:compile
+- org.apache.maven:maven-core:jar:3.6.3:provided
|  +- (org.apache.maven:maven-model:jar:3.6.3:compile - scope updated from provided; omitted for duplicate)
|  +- org.apache.maven:maven-settings:jar:3.6.3:provided
|  |  \- (org.codehaus.plexus:plexus-utils:jar:3.2.1:provided - omitted for duplicate)
|  +- org.apache.maven:maven-settings-builder:jar:3.6.3:provided
|  |  +- (org.apache.maven:maven-builder-support:jar:3.6.3:provided - omitted for duplicate)
|  |  +- (javax.inject:javax.inject:jar:1:provided - omitted for duplicate)
|  |  +- org.codehaus.plexus:plexus-interpolation:jar:1.25:provided
|  |  +- (org.codehaus.plexus:plexus-utils:jar:3.2.1:provided - omitted for duplicate)
|  |  +- (org.apache.maven:maven-settings:jar:3.6.3:provided - omitted for duplicate)
|  |  \- org.sonatype.plexus:plexus-sec-dispatcher:jar:1.4:provided
|  |     +- (org.codehaus.plexus:plexus-utils:jar:1.5.5:provided - omitted for conflict with 3.2.1)
|  |     \- org.sonatype.plexus:plexus-cipher:jar:1.4:provided
|  +- org.apache.maven:maven-builder-support:jar:3.6.3:provided
|  +- org.apache.maven:maven-repository-metadata:jar:3.6.3:provided
|  |  \- (org.codehaus.plexus:plexus-utils:jar:3.2.1:provided - omitted for duplicate)
|  +- (org.apache.maven:maven-artifact:jar:3.6.3:compile - scope updated from provided; omitted for duplicate)
|  +- (org.apache.maven:maven-plugin-api:jar:3.6.3:provided - omitted for duplicate)
|  +- org.apache.maven:maven-model-builder:jar:3.6.3:provided
|  |  +- (org.codehaus.plexus:plexus-utils:jar:3.2.1:provided - omitted for duplicate)
|  |  +- (org.codehaus.plexus:plexus-interpolation:jar:1.25:provided - omitted for duplicate)
|  |  +- (javax.inject:javax.inject:jar:1:provided - omitted for duplicate)
|  |  +- (org.apache.maven:maven-model:jar:3.6.3:provided - omitted for duplicate)
|  |  +- (org.apache.maven:maven-artifact:jar:3.6.3:provided - omitted for duplicate)
|  |  +- (org.apache.maven:maven-builder-support:jar:3.6.3:provided - omitted for duplicate)
|  |  \- (org.eclipse.sisu:org.eclipse.sisu.inject:jar:0.3.4:provided - omitted for duplicate)
|  +- org.apache.maven:maven-resolver-provider:jar:3.6.3:provided
|  |  +- (org.apache.maven:maven-model:jar:3.6.3:provided - omitted for duplicate)
|  |  +- (org.apache.maven:maven-model-builder:jar:3.6.3:provided - omitted for duplicate)
|  |  +- (org.apache.maven:maven-repository-metadata:jar:3.6.3:provided - omitted for duplicate)
|  |  +- (org.apache.maven.resolver:maven-resolver-api:jar:1.4.1:provided - omitted for duplicate)
|  |  +- (org.apache.maven.resolver:maven-resolver-spi:jar:1.4.1:provided - omitted for duplicate)
|  |  +- (org.apache.maven.resolver:maven-resolver-util:jar:1.4.1:provided - omitted for duplicate)
|  |  +- (org.apache.maven.resolver:maven-resolver-impl:jar:1.4.1:provided - omitted for duplicate)
|  |  +- (org.codehaus.plexus:plexus-utils:jar:3.2.1:provided - omitted for duplicate)
|  |  +- (javax.inject:javax.inject:jar:1:provided - omitted for duplicate)
|  |  \- (org.slf4j:slf4j-api:jar:1.7.29:provided - omitted for conflict with 1.7.2)
|  +- org.apache.maven.resolver:maven-resolver-impl:jar:1.4.1:provided
|  |  +- (org.apache.maven.resolver:maven-resolver-api:jar:1.4.1:provided - omitted for duplicate)
|  |  +- (org.apache.maven.resolver:maven-resolver-spi:jar:1.4.1:provided - omitted for duplicate)
|  |  +- (org.apache.maven.resolver:maven-resolver-util:jar:1.4.1:provided - omitted for duplicate)
|  |  \- (org.slf4j:slf4j-api:jar:1.7.25:provided - omitted for conflict with 1.7.2)
|  +- org.apache.maven.resolver:maven-resolver-api:jar:1.4.1:provided
|  +- org.apache.maven.resolver:maven-resolver-spi:jar:1.4.1:provided
|  |  \- (org.apache.maven.resolver:maven-resolver-api:jar:1.4.1:provided - omitted for duplicate)
|  +- org.apache.maven.resolver:maven-resolver-util:jar:1.4.1:provided
|  |  \- (org.apache.maven.resolver:maven-resolver-api:jar:1.4.1:provided - omitted for duplicate)
|  +- (org.apache.maven.shared:maven-shared-utils:jar:3.2.1:provided - omitted for duplicate)
|  +- (org.eclipse.sisu:org.eclipse.sisu.plexus:jar:0.3.4:compile - scope updated from provided; omitted for duplicate)
|  +- (org.eclipse.sisu:org.eclipse.sisu.inject:jar:0.3.4:compile - scope updated from provided; omitted for duplicate)
|  +- com.google.inject:guice:jar:no_aop:4.2.1:provided
|  |  +- (javax.inject:javax.inject:jar:1:provided - omitted for duplicate)
|  |  +- aopalliance:aopalliance:jar:1.0:provided
|  |  \- com.google.guava:guava:jar:25.1-android:provided
|  |     +- com.google.code.findbugs:jsr305:jar:3.0.2:provided
|  |     +- org.checkerframework:checker-compat-qual:jar:2.0.0:provided
|  |     +- com.google.errorprone:error_prone_annotations:jar:2.1.3:provided
|  |     +- com.google.j2objc:j2objc-annotations:jar:1.1:provided
|  |     \- org.codehaus.mojo:animal-sniffer-annotations:jar:1.14:provided
|  +- (javax.inject:javax.inject:jar:1:compile - scope updated from provided; omitted for duplicate)
|  +- (org.codehaus.plexus:plexus-utils:jar:3.2.1:compile - scope updated from provided; omitted for duplicate)
|  +- (org.codehaus.plexus:plexus-classworlds:jar:2.6.0:compile - scope updated from provided; omitted for duplicate)
|  +- (org.codehaus.plexus:plexus-component-annotations:jar:2.1.0:compile - scope updated from provided; omitted for duplicate)
|  \- (org.apache.commons:commons-lang3:jar:3.8.1:compile - scope updated from provided; omitted for duplicate)
+- org.apache.maven:maven-plugin-api:jar:3.6.3:compile
|  +- org.apache.maven:maven-model:jar:3.6.3:compile
|  |  \- (org.codehaus.plexus:plexus-utils:jar:3.2.1:compile - omitted for duplicate)
|  +- org.apache.maven:maven-artifact:jar:3.6.3:compile
|  |  +- (org.codehaus.plexus:plexus-utils:jar:3.2.1:compile - omitted for duplicate)
|  |  \- org.apache.commons:commons-lang3:jar:3.8.1:compile
|  +- org.eclipse.sisu:org.eclipse.sisu.plexus:jar:0.3.4:compile
|  |  +- javax.enterprise:cdi-api:jar:1.0:compile
|  |  |  +- javax.annotation:jsr250-api:jar:1.0:compile
|  |  |  \- javax.inject:javax.inject:jar:1:compile
|  |  +- org.eclipse.sisu:org.eclipse.sisu.inject:jar:0.3.4:compile
|  |  +- org.codehaus.plexus:plexus-component-annotations:jar:2.1.0:compile
|  |  +- (org.codehaus.plexus:plexus-classworlds:jar:2.6.0:compile - omitted for duplicate)
|  |  \- (org.codehaus.plexus:plexus-utils:jar:3.0.17:compile - omitted for conflict with 3.2.1)
|  +- org.codehaus.plexus:plexus-utils:jar:3.2.1:compile
|  \- org.codehaus.plexus:plexus-classworlds:jar:2.6.0:compile
+- org.apache.maven.shared:maven-shared-utils:jar:3.2.1:compile
|  \- commons-io:commons-io:jar:2.5:compile
+- org.apache.maven.plugin-tools:maven-plugin-annotations:jar:3.6.0:provided
|  \- (org.apache.maven:maven-artifact:jar:3.0:provided - omitted for conflict with 3.6.3)
+- org.junit.jupiter:junit-jupiter-api:jar:5.4.0:test
|  +- org.apiguardian:apiguardian-api:jar:1.0.0:test
|  +- org.opentest4j:opentest4j:jar:1.1.1:test
|  \- org.junit.platform:junit-platform-commons:jar:1.4.0:test
|     \- (org.apiguardian:apiguardian-api:jar:1.0.0:test - omitted for duplicate)
+- org.junit.jupiter:junit-jupiter-engine:jar:5.4.0:test
|  +- (org.apiguardian:apiguardian-api:jar:1.0.0:test - omitted for duplicate)
|  +- org.junit.platform:junit-platform-engine:jar:1.4.0:test
|  |  +- (org.apiguardian:apiguardian-api:jar:1.0.0:test - omitted for duplicate)
|  |  +- (org.opentest4j:opentest4j:jar:1.1.1:test - omitted for duplicate)
|  |  \- (org.junit.platform:junit-platform-commons:jar:1.4.0:test - omitted for duplicate)
|  \- (org.junit.jupiter:junit-jupiter-api:jar:5.4.0:test - omitted for duplicate)
+- org.assertj:assertj-core:jar:3.11.1:test
\- org.apache.maven.shared:maven-verifier:jar:1.6:test
   +- (org.apache.maven.shared:maven-shared-utils:jar:0.8:test - omitted for conflict with 3.2.1)
   \- junit:junit:jar:3.8.2:test

