WARNING: Your kernel does not support swap limit capabilities or the cgroup is not mounted. Memory limited without swap.
io.hgraphdb:hgraphdb:jar:0.4.15
+- org.apache.hbase:hbase-client:jar:1.2.1:compile
|  +- org.apache.hbase:hbase-annotations:jar:1.2.1:compile
|  |  +- (com.github.stephenc.findbugs:findbugs-annotations:jar:1.3.9-1:compile - omitted for duplicate)
|  |  +- log4j:log4j:jar:1.2.17:compile
|  |  \- (junit:junit:jar:4.12:compile - omitted for duplicate)
|  +- org.apache.hbase:hbase-common:jar:1.2.1:compile
|  |  +- (org.apache.hbase:hbase-protocol:jar:1.2.1:compile - omitted for duplicate)
|  |  +- (org.apache.hbase:hbase-annotations:jar:1.2.1:compile - omitted for duplicate)
|  |  +- (com.google.guava:guava:jar:12.0.1:compile - omitted for duplicate)
|  |  +- (commons-logging:commons-logging:jar:1.2:compile - omitted for duplicate)
|  |  +- (commons-codec:commons-codec:jar:1.9:compile - omitted for duplicate)
|  |  +- (commons-lang:commons-lang:jar:2.6:compile - omitted for duplicate)
|  |  +- commons-collections:commons-collections:jar:3.2.1:compile
|  |  +- (commons-io:commons-io:jar:2.4:compile - omitted for duplicate)
|  |  +- (com.google.protobuf:protobuf-java:jar:2.5.0:compile - omitted for duplicate)
|  |  +- org.mortbay.jetty:jetty-util:jar:6.1.26:compile
|  |  +- (org.apache.htrace:htrace-core:jar:3.1.0-incubating:compile - omitted for duplicate)
|  |  +- (org.apache.hadoop:hadoop-common:jar:2.5.1:compile - omitted for duplicate)
|  |  +- (org.apache.hadoop:hadoop-mapreduce-client-core:jar:2.5.1:compile - omitted for duplicate)
|  |  +- (com.github.stephenc.findbugs:findbugs-annotations:jar:1.3.9-1:compile - omitted for duplicate)
|  |  +- (log4j:log4j:jar:1.2.17:compile - omitted for duplicate)
|  |  \- (junit:junit:jar:4.12:compile - omitted for duplicate)
|  +- org.apache.hbase:hbase-protocol:jar:1.2.1:compile
|  |  +- (org.apache.hbase:hbase-annotations:jar:1.2.1:compile - omitted for duplicate)
|  |  +- (com.google.protobuf:protobuf-java:jar:2.5.0:compile - omitted for duplicate)
|  |  +- (commons-logging:commons-logging:jar:1.2:compile - omitted for duplicate)
|  |  +- (com.github.stephenc.findbugs:findbugs-annotations:jar:1.3.9-1:compile - omitted for duplicate)
|  |  +- (log4j:log4j:jar:1.2.17:compile - omitted for duplicate)
|  |  \- (junit:junit:jar:4.12:compile - omitted for duplicate)
|  +- commons-codec:commons-codec:jar:1.9:compile
|  +- commons-io:commons-io:jar:2.4:compile
|  +- commons-lang:commons-lang:jar:2.6:compile
|  +- commons-logging:commons-logging:jar:1.2:compile
|  +- com.google.guava:guava:jar:12.0.1:compile
|  |  \- com.google.code.findbugs:jsr305:jar:1.3.9:compile
|  +- com.google.protobuf:protobuf-java:jar:2.5.0:compile
|  +- io.netty:netty-all:jar:4.0.23.Final:compile
|  +- org.apache.zookeeper:zookeeper:jar:3.4.6:compile
|  |  +- (org.slf4j:slf4j-api:jar:1.6.1:compile - omitted for conflict with 1.7.21)
|  |  +- org.slf4j:slf4j-log4j12:jar:1.7.5:compile
|  |  |  +- (org.slf4j:slf4j-api:jar:1.6.1:compile - omitted for duplicate)
|  |  |  \- (log4j:log4j:jar:1.2.16:compile - omitted for conflict with 1.2.17)
|  |  \- (log4j:log4j:jar:1.2.16:compile - omitted for conflict with 1.2.17)
|  +- org.apache.htrace:htrace-core:jar:3.1.0-incubating:compile
|  +- org.codehaus.jackson:jackson-mapper-asl:jar:1.9.13:compile
|  |  \- org.codehaus.jackson:jackson-core-asl:jar:1.9.13:compile
|  +- org.jruby.jcodings:jcodings:jar:1.0.8:compile
|  +- org.jruby.joni:joni:jar:2.1.2:compile
|  |  \- (org.jruby.jcodings:jcodings:jar:1.0.8:compile - omitted for duplicate)
|  +- com.yammer.metrics:metrics-core:jar:2.2.0:compile
|  |  \- (org.slf4j:slf4j-api:jar:1.7.2:compile - omitted for conflict with 1.6.1)
|  +- (org.apache.hadoop:hadoop-auth:jar:2.5.1:compile - omitted for duplicate)
|  +- (org.apache.hadoop:hadoop-common:jar:2.5.1:compile - omitted for duplicate)
|  +- (org.apache.hadoop:hadoop-mapreduce-client-core:jar:2.5.1:compile - omitted for duplicate)
|  +- com.github.stephenc.findbugs:findbugs-annotations:jar:1.3.9-1:compile
|  \- (junit:junit:jar:4.12:compile - omitted for duplicate)
+- org.apache.tinkerpop:gremlin-core:jar:3.2.4:compile
|  +- org.apache.tinkerpop:gremlin-shaded:jar:3.2.4:compile
|  +- commons-configuration:commons-configuration:jar:1.10:compile
|  |  \- (commons-lang:commons-lang:jar:2.6:compile - omitted for duplicate)
|  +- org.yaml:snakeyaml:jar:1.15:compile
|  +- org.javatuples:javatuples:jar:1.2:compile
|  +- com.carrotsearch:hppc:jar:0.7.1:compile
|  +- com.jcabi:jcabi-manifests:jar:1.1:compile
|  |  \- com.jcabi:jcabi-log:jar:0.14:compile
|  +- org.slf4j:slf4j-api:jar:1.7.21:compile
|  \- org.slf4j:jcl-over-slf4j:jar:1.7.21:compile
|     \- (org.slf4j:slf4j-api:jar:1.7.21:compile - omitted for duplicate)
+- org.apache.tinkerpop:gremlin-groovy:jar:3.2.4:compile
|  +- (org.apache.tinkerpop:gremlin-core:jar:3.2.4:compile - omitted for duplicate)
|  +- org.apache.ivy:ivy:jar:2.3.0:compile
|  +- org.codehaus.groovy:groovy:jar:indy:2.4.8:compile
|  +- org.codehaus.groovy:groovy-groovysh:jar:indy:2.4.8:compile
|  |  +- org.codehaus.groovy:groovy:jar:2.4.8:compile
|  |  +- org.codehaus.groovy:groovy-console:jar:2.4.8:compile
|  |  |  +- (org.codehaus.groovy:groovy:jar:2.4.8:compile - omitted for duplicate)
|  |  |  +- org.codehaus.groovy:groovy-templates:jar:2.4.8:compile
|  |  |  |  +- (org.codehaus.groovy:groovy:jar:2.4.8:compile - omitted for duplicate)
|  |  |  |  \- org.codehaus.groovy:groovy-xml:jar:2.4.8:compile
|  |  |  |     \- (org.codehaus.groovy:groovy:jar:2.4.8:compile - omitted for duplicate)
|  |  |  \- org.codehaus.groovy:groovy-swing:jar:2.4.8:compile
|  |  |     \- (org.codehaus.groovy:groovy:jar:2.4.8:compile - omitted for duplicate)
|  |  \- jline:jline:jar:2.12:compile
|  +- org.codehaus.groovy:groovy-json:jar:indy:2.4.8:compile
|  |  \- (org.codehaus.groovy:groovy:jar:2.4.8:compile - omitted for duplicate)
|  +- org.codehaus.groovy:groovy-jsr223:jar:indy:2.4.8:compile
|  |  \- (org.codehaus.groovy:groovy:jar:2.4.8:compile - omitted for duplicate)
|  +- com.github.jeremyh:jBCrypt:jar:jbcrypt-0.4:compile
|  \- org.apache.commons:commons-lang3:jar:3.3.1:compile
+- com.esotericsoftware:kryo:jar:4.0.0:compile
|  +- com.esotericsoftware:reflectasm:jar:1.11.3:compile
|  |  \- org.ow2.asm:asm:jar:5.0.4:compile
|  +- com.esotericsoftware:minlog:jar:1.3.0:compile
|  \- org.objenesis:objenesis:jar:2.2:compile
+- com.google.cloud.bigtable:bigtable-hbase-1.2:jar:0.9.4:compile
|  +- (org.apache.hbase:hbase-client:jar:1.2.1:compile - omitted for duplicate)
|  \- (commons-lang:commons-lang:jar:2.6:compile - omitted for duplicate)
+- io.netty:netty-tcnative-boringssl-static:jar:1.1.33.Fork19:compile
+- org.apache.giraph:giraph-core:jar:1.2.0-hadoop2:provided
|  +- com.facebook.nifty:nifty-client:jar:0.14.0:provided
|  |  +- com.facebook.nifty:nifty-core:jar:0.14.0:provided
|  |  |  +- javax.inject:javax.inject:jar:1:provided
|  |  |  +- (com.google.inject:guice:jar:3.0:provided - omitted for duplicate)
|  |  |  +- com.google.inject.extensions:guice-multibindings:jar:3.0:provided
|  |  |  |  \- (com.google.inject:guice:jar:3.0:provided - omitted for duplicate)
|  |  |  +- (io.airlift:units:jar:0.91:provided - omitted for duplicate)
|  |  |  +- (io.netty:netty:jar:3.7.0.Final:provided - omitted for conflict with 3.6.2.Final)
|  |  |  +- (org.slf4j:slf4j-api:jar:1.7.5:provided - omitted for conflict with 1.7.21)
|  |  |  \- (com.google.code.findbugs:annotations:jar:2.0.2:provided - omitted for duplicate)
|  |  +- com.google.inject:guice:jar:3.0:provided
|  |  |  +- (javax.inject:javax.inject:jar:1:provided - omitted for duplicate)
|  |  |  \- aopalliance:aopalliance:jar:1.0:provided
|  |  +- (com.google.code.findbugs:annotations:jar:2.0.2:provided - omitted for duplicate)
|  |  +- io.airlift:units:jar:0.91:provided
|  |  |  \- javax.validation:validation-api:jar:1.1.0.Final:provided
|  |  +- (io.netty:netty:jar:3.7.0.Final:provided - omitted for conflict with 3.6.2.Final)
|  |  \- (org.slf4j:slf4j-api:jar:1.7.5:provided - omitted for conflict with 1.7.21)
|  +- com.facebook.swift:swift-annotations:jar:0.14.0:provided
|  +- com.facebook.swift:swift-codec:jar:0.14.0:provided
|  |  +- (com.facebook.swift:swift-annotations:jar:0.14.0:provided - omitted for duplicate)
|  |  +- (com.thoughtworks.paranamer:paranamer:jar:2.5.2:compile - scope updated from provided; omitted for duplicate)
|  |  \- (com.google.code.findbugs:annotations:jar:2.0.2:provided - omitted for duplicate)
|  +- com.facebook.swift:swift-service:jar:0.14.0:provided
|  |  +- (com.facebook.swift:swift-annotations:jar:0.14.0:provided - omitted for duplicate)
|  |  +- (com.facebook.swift:swift-codec:jar:0.14.0:provided - omitted for duplicate)
|  |  +- (com.facebook.nifty:nifty-client:jar:0.14.0:provided - omitted for duplicate)
|  |  +- (com.facebook.nifty:nifty-core:jar:0.14.0:provided - omitted for duplicate)
|  |  +- io.airlift:configuration:jar:0.91:provided
|  |  |  +- (javax.validation:validation-api:jar:1.1.0.Final:provided - omitted for duplicate)
|  |  |  +- org.apache.bval:bval-jsr303:jar:0.5:provided
|  |  |  |  +- org.apache.bval:bval-core:jar:0.5:provided
|  |  |  |  |  \- (org.apache.commons:commons-lang3:jar:3.1:provided - omitted for conflict with 3.3.1)
|  |  |  |  \- (org.apache.commons:commons-lang3:jar:3.1:provided - omitted for conflict with 3.3.1)
|  |  |  +- (com.google.inject:guice:jar:3.0:provided - omitted for duplicate)
|  |  |  \- cglib:cglib-nodep:jar:2.2.2:provided
|  |  +- io.airlift:stats:jar:0.91:provided
|  |  |  +- (io.airlift:units:jar:0.91:provided - omitted for duplicate)
|  |  |  +- (org.weakref:jmxutils:jar:1.16:provided - omitted for duplicate)
|  |  |  +- com.fasterxml.jackson.core:jackson-annotations:jar:2.1.4:provided
|  |  |  +- (com.google.code.findbugs:annotations:jar:2.0.2:provided - omitted for duplicate)
|  |  |  +- io.airlift:slice:jar:0.5:provided
|  |  |  \- org.openjdk.jol:jol-core:jar:0.1:provided
|  |  +- (io.airlift:units:jar:0.91:provided - omitted for duplicate)
|  |  +- (org.slf4j:slf4j-api:jar:1.7.5:provided - omitted for conflict with 1.7.21)
|  |  +- (io.netty:netty:jar:3.7.0.Final:provided - omitted for conflict with 3.6.2.Final)
|  |  +- (com.google.code.findbugs:annotations:jar:2.0.2:provided - omitted for duplicate)
|  |  \- org.weakref:jmxutils:jar:1.16:provided
|  +- com.facebook.thirdparty.yourkit-api:yjp-controller-api-redist:jar:11.0.10:provided
|  +- com.google.code.findbugs:annotations:jar:2.0.2:provided
|  +- (com.google.guava:guava:jar:18.0:provided - omitted for conflict with 12.0.1)
|  +- (com.yammer.metrics:metrics-core:jar:2.2.0:provided - omitted for duplicate)
|  +- (commons-cli:commons-cli:jar:1.2:compile - scope updated from provided; omitted for duplicate)
|  +- (commons-io:commons-io:jar:2.1:provided - omitted for conflict with 2.4)
|  +- (org.apache.commons:commons-lang3:jar:3.4:provided - omitted for conflict with 3.3.1)
|  +- (log4j:log4j:jar:1.2.17:compile - scope updated from provided; omitted for duplicate)
|  +- (io.netty:netty-all:jar:4.0.14.Final:provided - omitted for conflict with 4.0.23.Final)
|  +- net.iharder:base64:jar:2.3.8:provided
|  +- it.unimi.dsi:fastutil:jar:6.5.4:provided
|  +- (org.apache.zookeeper:zookeeper:jar:3.4.5:provided - omitted for conflict with 3.4.6)
|  +- (org.codehaus.jackson:jackson-core-asl:jar:1.9.2:compile - scope updated from provided; omitted for duplicate)
|  +- (org.codehaus.jackson:jackson-mapper-asl:jar:1.9.2:provided - omitted for conflict with 1.9.13)
|  +- org.jodah:typetools:jar:0.2.1:provided
|  +- org.json:json:jar:20090211:provided
|  +- org.python:jython:jar:2.5.3:provided
|  +- (com.esotericsoftware:kryo:jar:3.0.1:provided - omitted for conflict with 4.0.0)
|  +- de.javakaffee:kryo-serializers:jar:0.29:provided
|  |  \- (com.esotericsoftware:kryo:jar:3.0.1:provided - omitted for conflict with 4.0.0)
|  +- (org.objenesis:objenesis:jar:2.1:provided - omitted for conflict with 2.2)
|  \- (org.slf4j:slf4j-api:jar:1.7.5:provided - omitted for conflict with 1.7.21)
+- org.apache.hbase:hbase-server:jar:1.2.1:provided
|  +- (org.apache.hbase:hbase-common:jar:1.2.1:provided - omitted for duplicate)
|  +- (org.apache.hbase:hbase-protocol:jar:1.2.1:provided - omitted for duplicate)
|  +- org.apache.hbase:hbase-procedure:jar:1.2.1:provided
|  |  +- org.apache.hbase:hbase-common:jar:tests:1.2.1:provided
|  |  |  +- (org.apache.hbase:hbase-protocol:jar:1.2.1:provided - omitted for duplicate)
|  |  |  +- (org.apache.hbase:hbase-annotations:jar:1.2.1:provided - omitted for duplicate)
|  |  |  +- (com.google.guava:guava:jar:12.0.1:provided - omitted for duplicate)
|  |  |  +- (commons-logging:commons-logging:jar:1.2:provided - omitted for duplicate)
|  |  |  +- (commons-codec:commons-codec:jar:1.9:provided - omitted for duplicate)
|  |  |  +- (commons-lang:commons-lang:jar:2.6:provided - omitted for duplicate)
|  |  |  +- (commons-collections:commons-collections:jar:3.2.2:provided - omitted for duplicate)
|  |  |  +- (commons-io:commons-io:jar:2.4:provided - omitted for duplicate)
|  |  |  +- (com.google.protobuf:protobuf-java:jar:2.5.0:provided - omitted for duplicate)
|  |  |  +- (org.mortbay.jetty:jetty-util:jar:6.1.26:provided - omitted for duplicate)
|  |  |  +- (org.apache.htrace:htrace-core:jar:3.1.0-incubating:provided - omitted for duplicate)
|  |  |  +- (org.apache.hadoop:hadoop-common:jar:2.5.1:provided - omitted for duplicate)
|  |  |  +- (org.apache.hadoop:hadoop-mapreduce-client-core:jar:2.5.1:provided - omitted for duplicate)
|  |  |  +- (com.github.stephenc.findbugs:findbugs-annotations:jar:1.3.9-1:provided - omitted for duplicate)
|  |  |  +- (log4j:log4j:jar:1.2.17:provided - omitted for duplicate)
|  |  |  \- (junit:junit:jar:4.12:provided - omitted for duplicate)
|  |  +- (org.apache.hbase:hbase-protocol:jar:1.2.1:provided - omitted for duplicate)
|  |  +- (org.apache.hbase:hbase-common:jar:1.2.1:provided - omitted for duplicate)
|  |  +- (com.google.guava:guava:jar:12.0.1:provided - omitted for duplicate)
|  |  +- (commons-logging:commons-logging:jar:1.2:provided - omitted for duplicate)
|  |  +- (org.apache.hadoop:hadoop-common:jar:2.5.1:provided - omitted for duplicate)
|  |  +- (com.github.stephenc.findbugs:findbugs-annotations:jar:1.3.9-1:provided - omitted for duplicate)
|  |  +- (log4j:log4j:jar:1.2.17:provided - omitted for duplicate)
|  |  \- (junit:junit:jar:4.12:provided - omitted for duplicate)
|  +- (org.apache.hbase:hbase-client:jar:1.2.1:provided - omitted for duplicate)
|  +- org.apache.hbase:hbase-prefix-tree:jar:1.2.1:provided
|  |  +- (org.apache.hbase:hbase-common:jar:tests:1.2.1:provided - omitted for duplicate)
|  |  +- (org.apache.hbase:hbase-common:jar:1.2.1:provided - omitted for duplicate)
|  |  +- (org.apache.hbase:hbase-hadoop-compat:jar:1.2.1:provided - omitted for duplicate)
|  |  +- (org.apache.hbase:hbase-hadoop2-compat:jar:1.2.1:provided - omitted for duplicate)
|  |  +- (com.google.guava:guava:jar:12.0.1:provided - omitted for duplicate)
|  |  +- (commons-logging:commons-logging:jar:1.2:provided - omitted for duplicate)
|  |  +- (io.netty:netty-all:jar:4.0.23.Final:provided - omitted for duplicate)
|  |  +- (org.apache.hadoop:hadoop-common:jar:2.5.1:provided - omitted for duplicate)
|  |  +- (com.github.stephenc.findbugs:findbugs-annotations:jar:1.3.9-1:provided - omitted for duplicate)
|  |  +- (log4j:log4j:jar:1.2.17:provided - omitted for duplicate)
|  |  \- (junit:junit:jar:4.12:provided - omitted for duplicate)
|  +- (commons-httpclient:commons-httpclient:jar:3.1:compile - scope updated from provided; omitted for duplicate)
|  +- (commons-codec:commons-codec:jar:1.9:provided - omitted for duplicate)
|  +- (commons-collections:commons-collections:jar:3.2.2:compile - scope updated from provided; omitted for duplicate)
|  +- org.apache.hbase:hbase-hadoop-compat:jar:1.2.1:provided
|  |  +- (commons-logging:commons-logging:jar:1.2:provided - omitted for duplicate)
|  |  +- (org.apache.commons:commons-math:jar:2.2:provided - omitted for duplicate)
|  |  +- (com.github.stephenc.findbugs:findbugs-annotations:jar:1.3.9-1:provided - omitted for duplicate)
|  |  +- (log4j:log4j:jar:1.2.17:provided - omitted for duplicate)
|  |  \- (junit:junit:jar:4.12:provided - omitted for duplicate)
|  +- org.apache.hbase:hbase-hadoop2-compat:jar:1.2.1:provided
|  |  +- (org.apache.hbase:hbase-annotations:jar:1.2.1:provided - omitted for duplicate)
|  |  +- (org.apache.hbase:hbase-hadoop-compat:jar:1.2.1:provided - omitted for duplicate)
|  |  +- (org.apache.commons:commons-math:jar:2.2:provided - omitted for duplicate)
|  |  +- (org.apache.hadoop:hadoop-mapreduce-client-core:jar:2.5.1:provided - omitted for duplicate)
|  |  +- (org.apache.hadoop:hadoop-common:jar:2.5.1:provided - omitted for duplicate)
|  |  +- (com.yammer.metrics:metrics-core:jar:2.2.0:provided - omitted for duplicate)
|  |  +- (commons-lang:commons-lang:jar:2.6:provided - omitted for duplicate)
|  |  +- (commons-logging:commons-logging:jar:1.2:provided - omitted for duplicate)
|  |  +- (com.google.guava:guava:jar:12.0.1:provided - omitted for duplicate)
|  |  +- (com.github.stephenc.findbugs:findbugs-annotations:jar:1.3.9-1:provided - omitted for duplicate)
|  |  +- (log4j:log4j:jar:1.2.17:provided - omitted for duplicate)
|  |  \- (junit:junit:jar:4.12:provided - omitted for duplicate)
|  +- (com.yammer.metrics:metrics-core:jar:2.2.0:provided - omitted for duplicate)
|  +- (com.google.guava:guava:jar:12.0.1:provided - omitted for duplicate)
|  +- (com.google.protobuf:protobuf-java:jar:2.5.0:provided - omitted for duplicate)
|  +- com.sun.jersey:jersey-core:jar:1.9:provided
|  +- com.sun.jersey:jersey-server:jar:1.9:provided
|  |  +- asm:asm:jar:3.1:provided
|  |  \- (com.sun.jersey:jersey-core:jar:1.9:provided - omitted for duplicate)
|  +- (commons-cli:commons-cli:jar:1.2:compile - scope updated from provided; omitted for duplicate)
|  +- (commons-io:commons-io:jar:2.4:provided - omitted for duplicate)
|  +- (commons-lang:commons-lang:jar:2.6:provided - omitted for duplicate)
|  +- (commons-logging:commons-logging:jar:1.2:provided - omitted for duplicate)
|  +- org.apache.commons:commons-math:jar:2.2:provided
|  +- (log4j:log4j:jar:1.2.17:compile - scope updated from provided; omitted for duplicate)
|  +- (org.apache.zookeeper:zookeeper:jar:3.4.6:provided - omitted for duplicate)
|  +- org.mortbay.jetty:jetty:jar:6.1.26:provided
|  |  \- (org.mortbay.jetty:jetty-util:jar:6.1.26:provided - omitted for duplicate)
|  +- (org.mortbay.jetty:jetty-util:jar:6.1.26:compile - scope updated from provided; omitted for duplicate)
|  +- org.mortbay.jetty:jetty-sslengine:jar:6.1.26:provided
|  |  \- (org.mortbay.jetty:jetty:jar:6.1.26:provided - omitted for duplicate)
|  +- org.mortbay.jetty:jsp-2.1:jar:6.1.14:provided
|  |  \- (org.mortbay.jetty:jsp-api-2.1:jar:6.1.14:provided - omitted for duplicate)
|  +- org.mortbay.jetty:jsp-api-2.1:jar:6.1.14:provided
|  |  \- (org.mortbay.jetty:servlet-api-2.5:jar:6.1.14:provided - omitted for duplicate)
|  +- org.mortbay.jetty:servlet-api-2.5:jar:6.1.14:provided
|  +- (org.codehaus.jackson:jackson-core-asl:jar:1.9.13:compile - scope updated from provided; omitted for duplicate)
|  +- (org.codehaus.jackson:jackson-mapper-asl:jar:1.9.13:provided - omitted for duplicate)
|  +- org.codehaus.jackson:jackson-jaxrs:jar:1.9.13:provided
|  |  +- (org.codehaus.jackson:jackson-core-asl:jar:1.9.13:provided - omitted for duplicate)
|  |  \- (org.codehaus.jackson:jackson-mapper-asl:jar:1.9.13:provided - omitted for duplicate)
|  +- tomcat:jasper-compiler:jar:5.5.23:provided
|  +- tomcat:jasper-runtime:jar:5.5.23:provided
|  |  \- (commons-el:commons-el:jar:1.0:provided - omitted for duplicate)
|  +- org.jamon:jamon-runtime:jar:2.4.1:provided
|  +- (io.netty:netty-all:jar:4.0.23.Final:provided - omitted for duplicate)
|  +- (org.apache.htrace:htrace-core:jar:3.1.0-incubating:provided - omitted for duplicate)
|  +- com.lmax:disruptor:jar:3.3.0:provided
|  +- org.owasp.esapi:esapi:jar:2.1.0:provided
|  |  +- (commons-configuration:commons-configuration:jar:1.5:provided - omitted for conflict with 1.10)
|  |  +- commons-beanutils:commons-beanutils-core:jar:1.7.0:provided
|  |  |  +- (commons-logging:commons-logging:jar:1.0:provided - omitted for conflict with 1.2)
|  |  |  \- (commons-collections:commons-collections:jar:2.0:provided - omitted for conflict with 3.2.1)
|  |  +- commons-fileupload:commons-fileupload:jar:1.2:provided
|  |  +- (commons-collections:commons-collections:jar:3.2:provided - omitted for conflict with 3.2.1)
|  |  +- (log4j:log4j:jar:1.2.16:provided - omitted for conflict with 1.2.17)
|  |  +- xom:xom:jar:1.2.5:provided
|  |  |  +- xml-apis:xml-apis:jar:1.3.03:provided
|  |  |  \- xalan:xalan:jar:2.7.0:provided
|  |  |     \- (xml-apis:xml-apis:jar:1.0.b2:provided - omitted for conflict with 1.3.03)
|  |  +- org.beanshell:bsh-core:jar:2.0b4:provided
|  |  \- org.owasp.antisamy:antisamy:jar:1.4.3:provided
|  |     +- org.apache.xmlgraphics:batik-css:jar:1.7:provided
|  |     |  +- org.apache.xmlgraphics:batik-ext:jar:1.7:provided
|  |     |  |  \- (xml-apis:xml-apis:jar:1.3.04:provided - omitted for conflict with 1.3.03)
|  |     |  +- org.apache.xmlgraphics:batik-util:jar:1.7:provided
|  |     |  +- (xml-apis:xml-apis:jar:1.3.04:provided - omitted for conflict with 1.3.03)
|  |     |  \- xml-apis:xml-apis-ext:jar:1.3.04:provided
|  |     +- net.sourceforge.nekohtml:nekohtml:jar:1.9.12:provided
|  |     \- (commons-httpclient:commons-httpclient:jar:3.1:provided - omitted for duplicate)
|  +- (org.apache.hadoop:hadoop-common:jar:2.5.1:provided - omitted for duplicate)
|  +- (org.apache.hadoop:hadoop-auth:jar:2.5.1:provided - omitted for duplicate)
|  +- org.apache.hadoop:hadoop-client:jar:2.5.1:provided
|  |  +- (org.apache.hadoop:hadoop-common:jar:2.5.1:provided - omitted for duplicate)
|  |  +- (org.apache.hadoop:hadoop-hdfs:jar:2.5.1:provided - omitted for duplicate)
|  |  +- org.apache.hadoop:hadoop-mapreduce-client-app:jar:2.5.1:provided
|  |  |  +- org.apache.hadoop:hadoop-mapreduce-client-common:jar:2.5.1:provided
|  |  |  |  +- (org.apache.hadoop:hadoop-yarn-common:jar:2.5.1:provided - omitted for duplicate)
|  |  |  |  +- org.apache.hadoop:hadoop-yarn-client:jar:2.5.1:provided
|  |  |  |  |  +- (com.google.guava:guava:jar:11.0.2:provided - omitted for conflict with 12.0.1)
|  |  |  |  |  +- (commons-logging:commons-logging:jar:1.1.3:provided - omitted for conflict with 1.2)
|  |  |  |  |  +- (commons-lang:commons-lang:jar:2.6:provided - omitted for duplicate)
|  |  |  |  |  +- (commons-cli:commons-cli:jar:1.2:provided - omitted for duplicate)
|  |  |  |  |  +- (log4j:log4j:jar:1.2.17:provided - omitted for duplicate)
|  |  |  |  |  +- (org.mortbay.jetty:jetty-util:jar:6.1.26:provided - omitted for duplicate)
|  |  |  |  |  +- com.sun.jersey:jersey-client:jar:1.9:provided
|  |  |  |  |  |  \- (com.sun.jersey:jersey-core:jar:1.9:provided - omitted for duplicate)
|  |  |  |  |  +- (org.apache.hadoop:hadoop-yarn-api:jar:2.5.1:provided - omitted for duplicate)
|  |  |  |  |  \- (org.apache.hadoop:hadoop-yarn-common:jar:2.5.1:provided - omitted for duplicate)
|  |  |  |  +- (org.apache.hadoop:hadoop-mapreduce-client-core:jar:2.5.1:provided - omitted for duplicate)
|  |  |  |  +- org.apache.hadoop:hadoop-yarn-server-common:jar:2.5.1:provided
|  |  |  |  |  +- (org.apache.hadoop:hadoop-yarn-api:jar:2.5.1:provided - omitted for duplicate)
|  |  |  |  |  +- (org.apache.hadoop:hadoop-yarn-common:jar:2.5.1:provided - omitted for duplicate)
|  |  |  |  |  +- (com.google.guava:guava:jar:11.0.2:provided - omitted for conflict with 12.0.1)
|  |  |  |  |  +- (commons-logging:commons-logging:jar:1.1.3:provided - omitted for conflict with 1.2)
|  |  |  |  |  +- (com.google.protobuf:protobuf-java:jar:2.5.0:provided - omitted for duplicate)
|  |  |  |  |  +- (org.apache.zookeeper:zookeeper:jar:3.4.6:provided - omitted for duplicate)
|  |  |  |  |  \- (org.fusesource.leveldbjni:leveldbjni-all:jar:1.8:provided - omitted for duplicate)
|  |  |  |  +- (com.google.protobuf:protobuf-java:jar:2.5.0:provided - omitted for duplicate)
|  |  |  |  +- (org.slf4j:slf4j-api:jar:1.7.5:provided - omitted for conflict with 1.7.21)
|  |  |  |  \- (org.slf4j:slf4j-log4j12:jar:1.7.5:provided - omitted for conflict with 1.7.5)
|  |  |  +- org.apache.hadoop:hadoop-mapreduce-client-shuffle:jar:2.5.1:provided
|  |  |  |  +- (org.apache.hadoop:hadoop-yarn-server-common:jar:2.5.1:provided - omitted for duplicate)
|  |  |  |  +- (org.apache.hadoop:hadoop-mapreduce-client-common:jar:2.5.1:provided - omitted for duplicate)
|  |  |  |  +- org.fusesource.leveldbjni:leveldbjni-all:jar:1.8:provided
|  |  |  |  +- (com.google.protobuf:protobuf-java:jar:2.5.0:provided - omitted for duplicate)
|  |  |  |  +- (org.slf4j:slf4j-api:jar:1.7.5:provided - omitted for conflict with 1.7.21)
|  |  |  |  \- (org.slf4j:slf4j-log4j12:jar:1.7.5:provided - omitted for conflict with 1.7.5)
|  |  |  +- (com.google.protobuf:protobuf-java:jar:2.5.0:provided - omitted for duplicate)
|  |  |  +- (org.slf4j:slf4j-api:jar:1.7.5:provided - omitted for conflict with 1.7.21)
|  |  |  \- (org.slf4j:slf4j-log4j12:jar:1.7.5:provided - omitted for conflict with 1.7.5)
|  |  +- (org.apache.hadoop:hadoop-yarn-api:jar:2.5.1:compile - scope updated from provided; omitted for duplicate)
|  |  +- (org.apache.hadoop:hadoop-mapreduce-client-core:jar:2.5.1:provided - omitted for duplicate)
|  |  +- org.apache.hadoop:hadoop-mapreduce-client-jobclient:jar:2.5.1:provided
|  |  |  +- (org.apache.hadoop:hadoop-mapreduce-client-common:jar:2.5.1:provided - omitted for duplicate)
|  |  |  +- (org.apache.hadoop:hadoop-mapreduce-client-shuffle:jar:2.5.1:provided - omitted for duplicate)
|  |  |  +- (com.google.protobuf:protobuf-java:jar:2.5.0:provided - omitted for duplicate)
|  |  |  +- (org.slf4j:slf4j-api:jar:1.7.5:provided - omitted for conflict with 1.7.21)
|  |  |  \- (org.slf4j:slf4j-log4j12:jar:1.7.5:provided - omitted for conflict with 1.7.5)
|  |  \- (org.apache.hadoop:hadoop-annotations:jar:2.5.1:provided - omitted for duplicate)
|  +- (org.apache.hadoop:hadoop-mapreduce-client-core:jar:2.5.1:provided - omitted for duplicate)
|  +- org.apache.hadoop:hadoop-hdfs:jar:2.5.1:provided
|  |  +- (com.google.guava:guava:jar:11.0.2:provided - omitted for conflict with 12.0.1)
|  |  +- (org.mortbay.jetty:jetty:jar:6.1.26:provided - omitted for duplicate)
|  |  +- (org.mortbay.jetty:jetty-util:jar:6.1.26:provided - omitted for duplicate)
|  |  +- (com.sun.jersey:jersey-core:jar:1.9:provided - omitted for duplicate)
|  |  +- (com.sun.jersey:jersey-server:jar:1.9:provided - omitted for duplicate)
|  |  +- (commons-cli:commons-cli:jar:1.2:provided - omitted for duplicate)
|  |  +- (commons-codec:commons-codec:jar:1.4:provided - omitted for conflict with 1.9)
|  |  +- (commons-io:commons-io:jar:2.4:provided - omitted for duplicate)
|  |  +- (commons-lang:commons-lang:jar:2.6:provided - omitted for duplicate)
|  |  +- (commons-logging:commons-logging:jar:1.1.3:provided - omitted for conflict with 1.2)
|  |  +- commons-daemon:commons-daemon:jar:1.0.13:provided
|  |  +- (log4j:log4j:jar:1.2.17:provided - omitted for duplicate)
|  |  +- (com.google.protobuf:protobuf-java:jar:2.5.0:provided - omitted for duplicate)
|  |  +- (org.codehaus.jackson:jackson-core-asl:jar:1.9.13:provided - omitted for duplicate)
|  |  +- (org.codehaus.jackson:jackson-mapper-asl:jar:1.9.13:provided - omitted for duplicate)
|  |  +- (tomcat:jasper-runtime:jar:5.5.23:provided - omitted for duplicate)
|  |  \- (xmlenc:xmlenc:jar:0.52:provided - omitted for duplicate)
|  +- (com.github.stephenc.findbugs:findbugs-annotations:jar:1.3.9-1:provided - omitted for duplicate)
|  \- (junit:junit:jar:4.12:provided - omitted for duplicate)
+- org.apache.hadoop:hadoop-auth:jar:2.5.1:provided (scope not updated to compile)
|  +- (org.slf4j:slf4j-api:jar:1.7.5:provided - omitted for conflict with 1.7.21)
|  +- (commons-codec:commons-codec:jar:1.4:provided - omitted for conflict with 1.9)
|  +- (log4j:log4j:jar:1.2.17:compile - scope updated from provided; omitted for duplicate)
|  +- (org.slf4j:slf4j-log4j12:jar:1.7.5:compile - scope updated from provided; omitted for duplicate)
|  +- org.apache.httpcomponents:httpclient:jar:4.2.5:provided
|  |  +- org.apache.httpcomponents:httpcore:jar:4.2.4:provided
|  |  +- (commons-logging:commons-logging:jar:1.1.1:provided - omitted for conflict with 1.2)
|  |  \- (commons-codec:commons-codec:jar:1.6:provided - omitted for conflict with 1.9)
|  \- org.apache.directory.server:apacheds-kerberos-codec:jar:2.0.0-M15:provided
|     +- org.apache.directory.server:apacheds-i18n:jar:2.0.0-M15:provided
|     |  \- (org.slf4j:slf4j-api:jar:1.7.5:provided - omitted for conflict with 1.7.21)
|     +- org.apache.directory.api:api-asn1-api:jar:1.0.0-M20:provided
|     |  \- (org.slf4j:slf4j-api:jar:1.7.5:provided - omitted for conflict with 1.7.21)
|     +- org.apache.directory.api:api-util:jar:1.0.0-M20:provided
|     |  \- (org.slf4j:slf4j-api:jar:1.7.5:provided - omitted for conflict with 1.7.21)
|     \- (org.slf4j:slf4j-api:jar:1.7.5:provided - omitted for conflict with 1.7.21)
+- org.apache.hadoop:hadoop-common:jar:2.5.1:provided (scope not updated to compile)
|  +- org.apache.hadoop:hadoop-annotations:jar:2.5.1:provided
|  |  \- jdk.tools:jdk.tools:jar:1.6:system
|  +- (com.google.guava:guava:jar:11.0.2:provided - omitted for conflict with 12.0.1)
|  +- commons-cli:commons-cli:jar:1.2:provided
|  +- org.apache.commons:commons-math3:jar:3.1.1:provided
|  +- xmlenc:xmlenc:jar:0.52:provided
|  +- commons-httpclient:commons-httpclient:jar:3.1:provided
|  |  +- (commons-logging:commons-logging:jar:1.0.4:provided - omitted for conflict with 1.2)
|  |  \- (commons-codec:commons-codec:jar:1.2:provided - omitted for conflict with 1.9)
|  +- (commons-codec:commons-codec:jar:1.4:provided - omitted for conflict with 1.9)
|  +- (commons-io:commons-io:jar:2.4:provided - omitted for duplicate)
|  +- commons-net:commons-net:jar:3.1:provided
|  +- (commons-collections:commons-collections:jar:3.2.1:compile - scope updated from provided; omitted for duplicate)
|  +- javax.servlet:servlet-api:jar:2.5:provided
|  +- (org.mortbay.jetty:jetty:jar:6.1.26:provided - omitted for duplicate)
|  +- (org.mortbay.jetty:jetty-util:jar:6.1.26:compile - scope updated from provided; omitted for duplicate)
|  +- (com.sun.jersey:jersey-core:jar:1.9:provided - omitted for duplicate)
|  +- com.sun.jersey:jersey-json:jar:1.9:provided
|  |  +- org.codehaus.jettison:jettison:jar:1.1:provided
|  |  +- com.sun.xml.bind:jaxb-impl:jar:2.2.3-1:provided
|  |  |  \- (javax.xml.bind:jaxb-api:jar:2.2.2:provided - omitted for duplicate)
|  |  +- (org.codehaus.jackson:jackson-core-asl:jar:1.8.3:provided - omitted for conflict with 1.9.13)
|  |  +- (org.codehaus.jackson:jackson-mapper-asl:jar:1.8.3:provided - omitted for conflict with 1.9.13)
|  |  +- (org.codehaus.jackson:jackson-jaxrs:jar:1.8.3:provided - omitted for conflict with 1.9.13)
|  |  +- org.codehaus.jackson:jackson-xc:jar:1.8.3:provided
|  |  |  +- (org.codehaus.jackson:jackson-core-asl:jar:1.8.3:provided - omitted for conflict with 1.9.13)
|  |  |  \- (org.codehaus.jackson:jackson-mapper-asl:jar:1.8.3:provided - omitted for conflict with 1.9.13)
|  |  \- (com.sun.jersey:jersey-core:jar:1.9:provided - omitted for duplicate)
|  +- (com.sun.jersey:jersey-server:jar:1.9:provided - omitted for duplicate)
|  +- (tomcat:jasper-compiler:jar:5.5.23:provided - omitted for duplicate)
|  +- (tomcat:jasper-runtime:jar:5.5.23:provided - omitted for duplicate)
|  +- javax.servlet.jsp:jsp-api:jar:2.1:provided
|  +- commons-el:commons-el:jar:1.0:provided
|  |  \- (commons-logging:commons-logging:jar:1.0.3:provided - omitted for conflict with 1.2)
|  +- (commons-logging:commons-logging:jar:1.1.3:provided - omitted for conflict with 1.2)
|  +- (log4j:log4j:jar:1.2.17:compile - scope updated from provided; omitted for duplicate)
|  +- net.java.dev.jets3t:jets3t:jar:0.9.0:provided
|  |  +- (commons-codec:commons-codec:jar:1.4:provided - omitted for conflict with 1.9)
|  |  +- (commons-logging:commons-logging:jar:1.1.1:provided - omitted for conflict with 1.2)
|  |  +- (org.apache.httpcomponents:httpclient:jar:4.1.2:provided - omitted for conflict with 4.2.5)
|  |  +- (org.apache.httpcomponents:httpcore:jar:4.1.2:provided - omitted for conflict with 4.2.4)
|  |  \- com.jamesmurty.utils:java-xmlbuilder:jar:0.4:provided
|  +- (commons-lang:commons-lang:jar:2.6:provided - omitted for duplicate)
|  +- (commons-configuration:commons-configuration:jar:1.6:provided - omitted for conflict with 1.10)
|  +- (org.slf4j:slf4j-api:jar:1.7.5:provided - omitted for conflict with 1.7.21)
|  +- (org.slf4j:slf4j-log4j12:jar:1.7.5:compile - scope updated from provided; omitted for duplicate)
|  +- (org.codehaus.jackson:jackson-core-asl:jar:1.9.13:compile - scope updated from provided; omitted for duplicate)
|  +- (org.codehaus.jackson:jackson-mapper-asl:jar:1.9.13:provided - omitted for duplicate)
|  +- org.apache.avro:avro:jar:1.7.4:provided
|  |  +- (org.codehaus.jackson:jackson-core-asl:jar:1.8.8:provided - omitted for conflict with 1.9.13)
|  |  +- (org.codehaus.jackson:jackson-mapper-asl:jar:1.8.8:provided - omitted for conflict with 1.9.13)
|  |  +- com.thoughtworks.paranamer:paranamer:jar:2.3:provided
|  |  +- org.xerial.snappy:snappy-java:jar:1.0.4.1:provided
|  |  +- (org.apache.commons:commons-compress:jar:1.4.1:provided - omitted for duplicate)
|  |  \- (org.slf4j:slf4j-api:jar:1.6.4:provided - omitted for conflict with 1.7.21)
|  +- (com.google.protobuf:protobuf-java:jar:2.5.0:provided - omitted for duplicate)
|  +- (org.apache.hadoop:hadoop-auth:jar:2.5.1:provided - omitted for duplicate)
|  +- com.jcraft:jsch:jar:0.1.42:provided
|  +- (com.google.code.findbugs:jsr305:jar:1.3.9:compile - scope updated from provided; omitted for duplicate)
|  +- (org.apache.zookeeper:zookeeper:jar:3.4.6:provided - omitted for duplicate)
|  \- org.apache.commons:commons-compress:jar:1.4.1:provided
|     \- org.tukaani:xz:jar:1.0:provided
+- org.apache.hadoop:hadoop-mapreduce-client-core:jar:2.5.1:provided (scope not updated to compile)
|  +- org.apache.hadoop:hadoop-yarn-common:jar:2.5.1:provided
|  |  +- org.apache.hadoop:hadoop-yarn-api:jar:2.5.1:provided
|  |  |  +- (commons-lang:commons-lang:jar:2.6:provided - omitted for duplicate)
|  |  |  +- (com.google.guava:guava:jar:11.0.2:provided - omitted for conflict with 12.0.1)
|  |  |  +- (commons-logging:commons-logging:jar:1.1.3:provided - omitted for conflict with 1.2)
|  |  |  +- (org.apache.hadoop:hadoop-annotations:jar:2.5.1:provided - omitted for duplicate)
|  |  |  \- (com.google.protobuf:protobuf-java:jar:2.5.0:provided - omitted for duplicate)
|  |  +- javax.xml.bind:jaxb-api:jar:2.2.2:provided
|  |  |  +- javax.xml.stream:stax-api:jar:1.0-2:provided
|  |  |  \- javax.activation:activation:jar:1.1:provided
|  |  +- (org.apache.commons:commons-compress:jar:1.4.1:provided - omitted for duplicate)
|  |  +- (commons-lang:commons-lang:jar:2.6:provided - omitted for duplicate)
|  |  +- (javax.servlet:servlet-api:jar:2.5:provided - omitted for duplicate)
|  |  +- (commons-codec:commons-codec:jar:1.4:provided - omitted for conflict with 1.9)
|  |  +- (com.sun.jersey:jersey-core:jar:1.9:provided - omitted for duplicate)
|  |  +- (org.codehaus.jackson:jackson-core-asl:jar:1.9.13:provided - omitted for duplicate)
|  |  +- (org.codehaus.jackson:jackson-mapper-asl:jar:1.9.13:provided - omitted for duplicate)
|  |  +- (org.codehaus.jackson:jackson-jaxrs:jar:1.9.13:provided - omitted for duplicate)
|  |  +- (org.codehaus.jackson:jackson-xc:jar:1.9.13:provided - omitted for conflict with 1.8.3)
|  |  +- (com.google.guava:guava:jar:11.0.2:provided - omitted for conflict with 12.0.1)
|  |  +- (commons-logging:commons-logging:jar:1.1.3:provided - omitted for conflict with 1.2)
|  |  +- (commons-cli:commons-cli:jar:1.2:provided - omitted for duplicate)
|  |  +- (org.slf4j:slf4j-api:jar:1.7.5:provided - omitted for conflict with 1.7.21)
|  |  +- (org.apache.hadoop:hadoop-annotations:jar:2.5.1:provided - omitted for duplicate)
|  |  +- (com.google.inject.extensions:guice-servlet:jar:3.0:provided - omitted for duplicate)
|  |  +- (com.google.protobuf:protobuf-java:jar:2.5.0:provided - omitted for duplicate)
|  |  +- (commons-io:commons-io:jar:2.4:provided - omitted for duplicate)
|  |  +- (com.google.inject:guice:jar:3.0:provided - omitted for duplicate)
|  |  +- (com.sun.jersey:jersey-server:jar:1.9:provided - omitted for duplicate)
|  |  +- (com.sun.jersey:jersey-json:jar:1.9:provided - omitted for duplicate)
|  |  +- com.sun.jersey.contribs:jersey-guice:jar:1.9:provided
|  |  |  +- (javax.inject:javax.inject:jar:1:provided - omitted for duplicate)
|  |  |  +- (com.google.inject:guice:jar:3.0:provided - omitted for duplicate)
|  |  |  +- (com.google.inject.extensions:guice-servlet:jar:3.0:provided - omitted for duplicate)
|  |  |  \- (com.sun.jersey:jersey-server:jar:1.9:provided - omitted for duplicate)
|  |  \- (log4j:log4j:jar:1.2.17:provided - omitted for duplicate)
|  +- (com.google.protobuf:protobuf-java:jar:2.5.0:provided - omitted for duplicate)
|  +- (org.apache.avro:avro:jar:1.7.4:provided - omitted for duplicate)
|  +- (org.slf4j:slf4j-api:jar:1.7.5:provided - omitted for conflict with 1.7.21)
|  +- (org.slf4j:slf4j-log4j12:jar:1.7.5:compile - scope updated from provided; omitted for duplicate)
|  +- (org.apache.hadoop:hadoop-annotations:jar:2.5.1:provided - omitted for duplicate)
|  +- com.google.inject.extensions:guice-servlet:jar:3.0:provided
|  |  \- (com.google.inject:guice:jar:3.0:provided - omitted for duplicate)
|  \- io.netty:netty:jar:3.6.2.Final:provided
+- org.apache.tinkerpop:gremlin-test:jar:3.2.4:test
|  +- (org.apache.tinkerpop:gremlin-core:jar:3.2.4:test - omitted for duplicate)
|  +- com.carrotsearch:junit-benchmarks:jar:0.7.2:test
|  +- com.h2database:h2:jar:1.3.171:test
|  +- (commons-io:commons-io:jar:2.4:test - omitted for duplicate)
|  +- (junit:junit:jar:4.12:test - omitted for duplicate)
|  +- org.mockito:mockito-core:jar:1.9.5:test
|  |  \- (org.objenesis:objenesis:jar:1.0:test - omitted for conflict with 2.2)
|  \- org.hamcrest:hamcrest-all:jar:1.3:test
+- org.apache.tinkerpop:gremlin-groovy-test:jar:3.2.4:test
|  +- (org.apache.tinkerpop:gremlin-test:jar:3.2.4:test - omitted for duplicate)
|  \- (org.apache.tinkerpop:gremlin-groovy:jar:3.2.4:test - omitted for duplicate)
\- junit:junit:jar:4.12:test (scope not updated to compile)
   \- org.hamcrest:hamcrest-core:jar:1.3:test

