WARNING: Your kernel does not support swap limit capabilities or the cgroup is not mounted. Memory limited without swap.
de.redsix:pdfcompare:jar:1.1.32
+- org.apache.pdfbox:pdfbox:jar:2.0.10:compile
|  +- org.apache.pdfbox:fontbox:jar:2.0.10:compile
|  |  \- (commons-logging:commons-logging:jar:1.2:compile - omitted for duplicate)
|  \- commons-logging:commons-logging:jar:1.2:compile
+- com.typesafe:config:jar:1.3.3:compile
+- org.slf4j:slf4j-api:jar:1.7.25:compile
+- ch.qos.logback:logback-classic:jar:1.2.3:compile
|  +- ch.qos.logback:logback-core:jar:1.2.3:compile
|  \- (org.slf4j:slf4j-api:jar:1.7.25:compile - omitted for duplicate)
+- org.junit.platform:junit-platform-launcher:jar:1.2.0:test
|  +- org.apiguardian:apiguardian-api:jar:1.0.0:test
|  \- org.junit.platform:junit-platform-engine:jar:1.2.0:test
|     +- (org.apiguardian:apiguardian-api:jar:1.0.0:test - omitted for duplicate)
|     +- (org.junit.platform:junit-platform-commons:jar:1.2.0:test - omitted for duplicate)
|     \- (org.opentest4j:opentest4j:jar:1.1.0:test - omitted for duplicate)
+- org.junit.jupiter:junit-jupiter-engine:jar:5.2.0:test
|  +- (org.apiguardian:apiguardian-api:jar:1.0.0:test - omitted for duplicate)
|  +- (org.junit.platform:junit-platform-engine:jar:1.2.0:test - omitted for duplicate)
|  \- (org.junit.jupiter:junit-jupiter-api:jar:5.2.0:test - omitted for duplicate)
+- org.junit.jupiter:junit-jupiter-api:jar:5.2.0:test
|  +- (org.apiguardian:apiguardian-api:jar:1.0.0:test - omitted for duplicate)
|  +- org.opentest4j:opentest4j:jar:1.1.0:test
|  \- org.junit.platform:junit-platform-commons:jar:1.2.0:test
|     \- (org.apiguardian:apiguardian-api:jar:1.0.0:test - omitted for duplicate)
+- org.hamcrest:hamcrest-core:jar:1.3:test
\- org.mockito:mockito-core:jar:2.19.0:test
   +- net.bytebuddy:byte-buddy:jar:1.8.10:test
   +- net.bytebuddy:byte-buddy-agent:jar:1.8.10:test
   \- org.objenesis:objenesis:jar:2.6:test

