WARNING: Your kernel does not support swap limit capabilities or the cgroup is not mounted. Memory limited without swap.
com.restfb:restfb:jar:1.6.16
+- junit:junit:jar:4.11:test (scope not updated to compile)
|  \- org.hamcrest:hamcrest-core:jar:1.3:test
+- org.apache.maven.plugins:maven-failsafe-plugin:maven-plugin:2.17:compile
|  +- org.apache.maven:maven-plugin-api:jar:2.0.9:compile
|  +- org.apache.maven.surefire:maven-surefire-common:jar:2.17:compile
|  |  +- (org.apache.maven:maven-plugin-api:jar:2.0.9:compile - omitted for duplicate)
|  |  +- (org.apache.maven.plugin-tools:maven-plugin-annotations:jar:3.2:compile - omitted for duplicate)
|  |  +- (org.apache.maven.surefire:surefire-api:jar:2.17:compile - omitted for duplicate)
|  |  +- org.apache.maven.surefire:surefire-booter:jar:2.17:compile
|  |  |  \- (org.apache.maven.surefire:surefire-api:jar:2.17:compile - omitted for duplicate)
|  |  +- org.apache.maven:maven-artifact:jar:2.0.9:compile
|  |  |  \- org.codehaus.plexus:plexus-utils:jar:1.5.1:compile
|  |  +- org.apache.maven:maven-plugin-descriptor:jar:2.0.9:compile
|  |  |  +- (org.apache.maven:maven-plugin-api:jar:2.0.9:compile - omitted for duplicate)
|  |  |  +- (org.apache.maven:maven-artifact:jar:2.0.9:compile - omitted for duplicate)
|  |  |  \- org.codehaus.plexus:plexus-container-default:jar:1.0-alpha-9-stable-1:compile
|  |  |     +- (junit:junit:jar:3.8.1:compile - omitted for conflict with 4.11)
|  |  |     +- (org.codehaus.plexus:plexus-utils:jar:1.0.4:compile - omitted for conflict with 1.5.1)
|  |  |     \- (classworlds:classworlds:jar:1.1-alpha-2:compile - omitted for conflict with 1.1)
|  |  +- org.apache.maven:maven-project:jar:2.0.9:compile
|  |  |  +- org.apache.maven:maven-settings:jar:2.0.9:compile
|  |  |  |  +- (org.apache.maven:maven-model:jar:2.0.9:compile - omitted for duplicate)
|  |  |  |  +- (org.codehaus.plexus:plexus-utils:jar:1.5.1:compile - omitted for duplicate)
|  |  |  |  \- (org.codehaus.plexus:plexus-container-default:jar:1.0-alpha-9-stable-1:compile - omitted for duplicate)
|  |  |  +- org.apache.maven:maven-profile:jar:2.0.9:compile
|  |  |  |  +- (org.apache.maven:maven-model:jar:2.0.9:compile - omitted for duplicate)
|  |  |  |  +- (org.codehaus.plexus:plexus-utils:jar:1.5.1:compile - omitted for duplicate)
|  |  |  |  \- (org.codehaus.plexus:plexus-container-default:jar:1.0-alpha-9-stable-1:compile - omitted for duplicate)
|  |  |  +- (org.apache.maven:maven-model:jar:2.0.9:compile - omitted for duplicate)
|  |  |  +- org.apache.maven:maven-artifact-manager:jar:2.0.9:compile
|  |  |  |  +- (org.apache.maven:maven-repository-metadata:jar:2.0.9:compile - omitted for duplicate)
|  |  |  |  +- (org.codehaus.plexus:plexus-utils:jar:1.5.1:compile - omitted for duplicate)
|  |  |  |  +- (org.apache.maven:maven-artifact:jar:2.0.9:compile - omitted for duplicate)
|  |  |  |  +- (org.codehaus.plexus:plexus-container-default:jar:1.0-alpha-9-stable-1:compile - omitted for duplicate)
|  |  |  |  \- (org.apache.maven.wagon:wagon-provider-api:jar:1.0-beta-2:compile - omitted for duplicate)
|  |  |  +- org.apache.maven:maven-plugin-registry:jar:2.0.9:compile
|  |  |  |  +- (org.codehaus.plexus:plexus-utils:jar:1.5.1:compile - omitted for duplicate)
|  |  |  |  \- (org.codehaus.plexus:plexus-container-default:jar:1.0-alpha-9-stable-1:compile - omitted for duplicate)
|  |  |  +- (org.codehaus.plexus:plexus-utils:jar:1.5.1:compile - omitted for duplicate)
|  |  |  +- (org.apache.maven:maven-artifact:jar:2.0.9:compile - omitted for duplicate)
|  |  |  \- (org.codehaus.plexus:plexus-container-default:jar:1.0-alpha-9-stable-1:compile - omitted for duplicate)
|  |  +- org.apache.maven:maven-model:jar:2.0.9:compile
|  |  |  \- (org.codehaus.plexus:plexus-utils:jar:1.5.1:compile - omitted for duplicate)
|  |  +- org.apache.maven:maven-core:jar:2.0.9:compile
|  |  |  +- (org.apache.maven:maven-settings:jar:2.0.9:compile - omitted for duplicate)
|  |  |  +- org.apache.maven:maven-plugin-parameter-documenter:jar:2.0.9:compile
|  |  |  |  +- (org.codehaus.plexus:plexus-utils:jar:1.5.1:compile - omitted for duplicate)
|  |  |  |  \- (org.codehaus.plexus:plexus-container-default:jar:1.0-alpha-9-stable-1:compile - omitted for duplicate)
|  |  |  +- org.apache.maven.reporting:maven-reporting-api:jar:2.0.9:compile
|  |  |  +- (org.apache.maven:maven-profile:jar:2.0.9:compile - omitted for duplicate)
|  |  |  +- (org.apache.maven:maven-model:jar:2.0.9:compile - omitted for duplicate)
|  |  |  +- (org.apache.maven:maven-artifact:jar:2.0.9:compile - omitted for duplicate)
|  |  |  +- org.apache.maven.wagon:wagon-provider-api:jar:1.0-beta-2:compile
|  |  |  |  \- (org.codehaus.plexus:plexus-utils:jar:1.0.4:compile - omitted for conflict with 1.5.1)
|  |  |  +- (org.codehaus.plexus:plexus-container-default:jar:1.0-alpha-9-stable-1:compile - omitted for duplicate)
|  |  |  +- org.apache.maven:maven-repository-metadata:jar:2.0.9:compile
|  |  |  |  \- (org.codehaus.plexus:plexus-utils:jar:1.5.1:compile - omitted for duplicate)
|  |  |  +- org.apache.maven:maven-error-diagnostics:jar:2.0.9:compile
|  |  |  |  \- (org.codehaus.plexus:plexus-container-default:jar:1.0-alpha-9-stable-1:compile - omitted for duplicate)
|  |  |  +- (org.apache.maven:maven-project:jar:2.0.9:compile - omitted for duplicate)
|  |  |  +- (org.apache.maven:maven-plugin-api:jar:2.0.9:compile - omitted for duplicate)
|  |  |  +- (org.apache.maven:maven-plugin-descriptor:jar:2.0.9:compile - omitted for duplicate)
|  |  |  +- (org.apache.maven:maven-artifact-manager:jar:2.0.9:compile - omitted for duplicate)
|  |  |  +- org.apache.maven:maven-monitor:jar:2.0.9:compile
|  |  |  +- (org.codehaus.plexus:plexus-utils:jar:1.5.1:compile - omitted for duplicate)
|  |  |  \- classworlds:classworlds:jar:1.1:compile
|  |  +- org.apache.maven:maven-toolchain:jar:2.0.9:compile
|  |  |  +- (org.apache.maven:maven-core:jar:2.0.9:compile - omitted for duplicate)
|  |  |  \- (org.apache.maven:maven-artifact:jar:2.0.9:compile - omitted for duplicate)
|  |  \- org.apache.commons:commons-lang3:jar:3.1:compile
|  +- org.apache.maven.surefire:surefire-api:jar:2.17:compile
|  \- org.apache.maven.plugin-tools:maven-plugin-annotations:jar:3.2:compile
|     \- (org.apache.maven:maven-artifact:jar:3.0:compile - omitted for conflict with 2.0.9)
\- org.projectlombok:lombok:jar:1.14.4:provided

