WARNING: Your kernel does not support swap limit capabilities or the cgroup is not mounted. Memory limited without swap.
Traceback (most recent call last):
  File "/home/jdbl/core/Debloat.py", line 80, in depClean
    output = subprocess.check_output(cmd, shell=True)
  File "/usr/lib/python3.7/subprocess.py", line 395, in check_output
    **kwargs).stdout
  File "/usr/lib/python3.7/subprocess.py", line 487, in run
    output=stdout, stderr=stderr)
subprocess.CalledProcessError: Command 'cd /tmp/tmpd88i4ou5/consul-client; mvn -gs /home/jdbl/core/../maven-proxy.xml se.kth.castor:depclean-maven-plugin:1.1.0:depclean -Dcreate.pom.debloated=true -Dcreate.result.json=true > /home/jdbl/results/rickfast_consul-client/9aa9bcabba8dc98aa3ad447cd85a11f6c7fc83f9/depClean.log 2>&1' returned non-zero exit status 1.
[ERROR] Command 'cd /tmp/tmpd88i4ou5/consul-client; mvn -gs /home/jdbl/core/../maven-proxy.xml se.kth.castor:depclean-maven-plugin:1.1.0:depclean -Dcreate.pom.debloated=true -Dcreate.result.json=true > /home/jdbl/results/rickfast_consul-client/9aa9bcabba8dc98aa3ad447cd85a11f6c7fc83f9/depClean.log 2>&1' returned non-zero exit status 1.
com.orbitz.consul:consul-client:jar:0.12.2
+- com.squareup.retrofit2:retrofit:jar:2.0.2:compile
|  \- com.squareup.okhttp3:okhttp:jar:3.2.0:compile
|     \- com.squareup.okio:okio:jar:1.6.0:compile
+- com.squareup.retrofit2:converter-jackson:jar:2.0.2:compile
|  +- (com.squareup.retrofit2:retrofit:jar:2.0.2:compile - omitted for duplicate)
|  \- (com.fasterxml.jackson.core:jackson-databind:jar:2.7.2:compile - omitted for conflict with 2.7.4)
+- com.google.guava:guava:jar:19.0:compile
+- com.fasterxml.jackson.core:jackson-annotations:jar:2.7.4:compile
+- com.fasterxml.jackson.core:jackson-core:jar:2.7.4:compile
+- com.fasterxml.jackson.core:jackson-databind:jar:2.7.4:compile
|  +- (com.fasterxml.jackson.core:jackson-annotations:jar:2.7.0:compile - omitted for conflict with 2.7.4)
|  \- (com.fasterxml.jackson.core:jackson-core:jar:2.7.4:compile - omitted for duplicate)
+- com.fasterxml.jackson.datatype:jackson-datatype-guava:jar:2.7.4:compile
|  +- (com.fasterxml.jackson.core:jackson-databind:jar:2.7.4:compile - omitted for duplicate)
|  +- (com.fasterxml.jackson.core:jackson-core:jar:2.7.4:compile - omitted for duplicate)
|  \- (com.google.guava:guava:jar:16.0:compile - omitted for conflict with 19.0)
+- org.apache.commons:commons-lang3:jar:3.4:compile
+- org.immutables:value:jar:2.1.19:provided
+- org.slf4j:slf4j-api:jar:1.7.21:compile
+- junit:junit:jar:4.12:test
|  \- org.hamcrest:hamcrest-core:jar:1.3:test
\- org.mockito:mockito-all:jar:1.10.19:test

