WARNING: Your kernel does not support swap limit capabilities or the cgroup is not mounted. Memory limited without swap.
[ERROR] Command 'cd /tmp/tmpsgt3t7v5/consul-client; mvn -gs /home/jdbl/core/../maven-proxy.xml se.kth.castor:depclean-maven-plugin:1.1.0:depclean -Dcreate.pom.debloated=true -Dcreate.result.json=true > /home/jdbl/results/rickfast_consul-client/b0fcb03d685c1913ca9d03cb1c8d95d3b682a81a/depClean.log 2>&1' returned non-zero exit status 1.
com.orbitz.consul:consul-client:jar:0.12.7
+- com.squareup.retrofit2:retrofit:jar:2.1.0:compile
|  \- com.squareup.okhttp3:okhttp:jar:3.3.0:compile
|     \- com.squareup.okio:okio:jar:1.8.0:compile
+- com.squareup.retrofit2:converter-jackson:jar:2.0.2:compile
|  +- (com.squareup.retrofit2:retrofit:jar:2.0.2:compile - omitted for conflict with 2.1.0)
|  \- (com.fasterxml.jackson.core:jackson-databind:jar:2.7.2:compile - omitted for conflict with 2.7.4)
+- com.google.guava:guava:jar:19.0:compile
+- com.fasterxml.jackson.core:jackson-annotations:jar:2.7.4:compile
+- com.fasterxml.jackson.core:jackson-core:jar:2.7.4:compile
+- com.fasterxml.jackson.core:jackson-databind:jar:2.7.4:compile
|  +- (com.fasterxml.jackson.core:jackson-annotations:jar:2.7.0:compile - omitted for conflict with 2.7.4)
|  \- (com.fasterxml.jackson.core:jackson-core:jar:2.7.4:compile - omitted for duplicate)
+- com.fasterxml.jackson.datatype:jackson-datatype-guava:jar:2.7.4:compile
|  +- (com.fasterxml.jackson.core:jackson-databind:jar:2.7.4:compile - omitted for duplicate)
|  +- (com.fasterxml.jackson.core:jackson-core:jar:2.7.4:compile - omitted for duplicate)
|  \- (com.google.guava:guava:jar:16.0:compile - omitted for conflict with 19.0)
+- org.apache.commons:commons-lang3:jar:3.4:compile
+- org.immutables:value:jar:2.1.19:provided
+- org.slf4j:slf4j-api:jar:1.7.21:compile
+- junit:junit:jar:4.12:test
|  \- org.hamcrest:hamcrest-core:jar:1.3:test
+- org.mockito:mockito-all:jar:1.10.19:test
\- com.pszymczyk.consul:embedded-consul:jar:0.1.8:test
   +- org.apache.ant:ant:jar:1.9.4:test
   |  \- org.apache.ant:ant-launcher:jar:1.9.4:test
   +- org.codehaus.groovy:groovy-all:jar:2.4.7:test
   +- org.codehaus.groovy.modules.http-builder:http-builder:jar:0.7:test
   |  +- org.apache.httpcomponents:httpclient:jar:4.2.1:test
   |  |  +- org.apache.httpcomponents:httpcore:jar:4.2.1:test
   |  |  +- commons-logging:commons-logging:jar:1.1.1:test
   |  |  \- commons-codec:commons-codec:jar:1.6:test
   |  +- net.sf.json-lib:json-lib:jar:jdk15:2.3:test
   |  |  +- commons-beanutils:commons-beanutils:jar:1.8.0:test
   |  |  |  \- (commons-logging:commons-logging:jar:1.1.1:test - omitted for duplicate)
   |  |  +- commons-collections:commons-collections:jar:3.2.1:test
   |  |  +- commons-lang:commons-lang:jar:2.4:test
   |  |  +- (commons-logging:commons-logging:jar:1.1.1:test - omitted for duplicate)
   |  |  \- net.sf.ezmorph:ezmorph:jar:1.0.6:test
   |  |     \- (commons-lang:commons-lang:jar:2.3:test - omitted for conflict with 2.4)
   |  +- net.sourceforge.nekohtml:nekohtml:jar:1.9.16:test
   |  |  \- xerces:xercesImpl:jar:2.9.1:test
   |  |     \- xml-apis:xml-apis:jar:1.3.04:test
   |  \- xml-resolver:xml-resolver:jar:1.2:test
   \- (org.slf4j:slf4j-api:jar:1.7.2:test - omitted for conflict with 1.7.21)

Traceback (most recent call last):
  File "/home/jdbl/core/Debloat.py", line 80, in depClean
    output = subprocess.check_output(cmd, shell=True)
  File "/usr/lib/python3.7/subprocess.py", line 395, in check_output
    **kwargs).stdout
  File "/usr/lib/python3.7/subprocess.py", line 487, in run
    output=stdout, stderr=stderr)
subprocess.CalledProcessError: Command 'cd /tmp/tmpsgt3t7v5/consul-client; mvn -gs /home/jdbl/core/../maven-proxy.xml se.kth.castor:depclean-maven-plugin:1.1.0:depclean -Dcreate.pom.debloated=true -Dcreate.result.json=true > /home/jdbl/results/rickfast_consul-client/b0fcb03d685c1913ca9d03cb1c8d95d3b682a81a/depClean.log 2>&1' returned non-zero exit status 1.
