WARNING: Your kernel does not support swap limit capabilities or the cgroup is not mounted. Memory limited without swap.
Traceback (most recent call last):
  File "/home/jdbl/core/Debloat.py", line 80, in depClean
    output = subprocess.check_output(cmd, shell=True)
  File "/usr/lib/python3.7/subprocess.py", line 395, in check_output
    **kwargs).stdout
  File "/usr/lib/python3.7/subprocess.py", line 487, in run
    output=stdout, stderr=stderr)
subprocess.CalledProcessError: Command 'cd /tmp/tmpg5k5s3bq/consul-client; mvn -gs /home/jdbl/core/../maven-proxy.xml se.kth.castor:depclean-maven-plugin:1.1.0:depclean -Dcreate.pom.debloated=true -Dcreate.result.json=true > /home/jdbl/results/rickfast_consul-client/5661528526ed22a978bb49a1e8dc32a24b8a7069/depClean.log 2>&1' returned non-zero exit status 1.
[ERROR] Command 'cd /tmp/tmpg5k5s3bq/consul-client; mvn -gs /home/jdbl/core/../maven-proxy.xml se.kth.castor:depclean-maven-plugin:1.1.0:depclean -Dcreate.pom.debloated=true -Dcreate.result.json=true > /home/jdbl/results/rickfast_consul-client/5661528526ed22a978bb49a1e8dc32a24b8a7069/depClean.log 2>&1' returned non-zero exit status 1.
com.orbitz.consul:consul-client:jar:0.11.3
+- com.squareup.retrofit2:retrofit:jar:2.0.0:compile
|  \- com.squareup.okhttp3:okhttp:jar:3.2.0:compile
|     \- com.squareup.okio:okio:jar:1.6.0:compile
+- com.squareup.retrofit2:converter-jackson:jar:2.0.0:compile
|  +- (com.squareup.retrofit2:retrofit:jar:2.0.0:compile - omitted for duplicate)
|  \- (com.fasterxml.jackson.core:jackson-databind:jar:2.7.2:compile - omitted for conflict with 2.6.3)
+- com.google.guava:guava:jar:18.0:compile
+- com.fasterxml.jackson.core:jackson-annotations:jar:2.6.3:compile
+- com.fasterxml.jackson.core:jackson-core:jar:2.6.3:compile
+- com.fasterxml.jackson.core:jackson-databind:jar:2.6.3:compile
|  +- (com.fasterxml.jackson.core:jackson-annotations:jar:2.6.0:compile - omitted for conflict with 2.6.3)
|  \- (com.fasterxml.jackson.core:jackson-core:jar:2.6.3:compile - omitted for duplicate)
+- com.fasterxml.jackson.datatype:jackson-datatype-guava:jar:2.6.3:compile
|  +- (com.fasterxml.jackson.core:jackson-databind:jar:2.6.3:compile - omitted for duplicate)
|  +- (com.fasterxml.jackson.core:jackson-core:jar:2.6.3:compile - omitted for duplicate)
|  \- (com.google.guava:guava:jar:15.0:compile - omitted for conflict with 18.0)
+- org.apache.commons:commons-lang3:jar:3.2.1:compile
+- org.immutables:value:jar:2.1.12:provided
+- org.slf4j:slf4j-api:jar:1.7.12:compile
+- junit:junit:jar:4.12:test
|  \- org.hamcrest:hamcrest-core:jar:1.3:test
\- org.mockito:mockito-all:jar:1.9.5:test

