WARNING: Your kernel does not support swap limit capabilities or the cgroup is not mounted. Memory limited without swap.
Traceback (most recent call last):
  File "/home/jdbl/core/Debloat.py", line 80, in depClean
    output = subprocess.check_output(cmd, shell=True)
  File "/usr/lib/python3.7/subprocess.py", line 395, in check_output
    **kwargs).stdout
  File "/usr/lib/python3.7/subprocess.py", line 487, in run
    output=stdout, stderr=stderr)
subprocess.CalledProcessError: Command 'cd /tmp/tmp1et95t3l/consul-client; mvn -gs /home/jdbl/core/../maven-proxy.xml se.kth.castor:depclean-maven-plugin:1.1.0:depclean -Dcreate.pom.debloated=true -Dcreate.result.json=true > /home/jdbl/results/rickfast_consul-client/6c4ee3e1a9c91f9e875b74d66b2bb6197fb382f6/depClean.log 2>&1' returned non-zero exit status 1.
[ERROR] Command 'cd /tmp/tmp1et95t3l/consul-client; mvn -gs /home/jdbl/core/../maven-proxy.xml se.kth.castor:depclean-maven-plugin:1.1.0:depclean -Dcreate.pom.debloated=true -Dcreate.result.json=true > /home/jdbl/results/rickfast_consul-client/6c4ee3e1a9c91f9e875b74d66b2bb6197fb382f6/depClean.log 2>&1' returned non-zero exit status 1.
com.orbitz.consul:consul-client:jar:1.3.9
+- com.squareup.retrofit2:retrofit:jar:2.5.0:compile
|  \- (com.squareup.okhttp3:okhttp:jar:3.12.0:compile - omitted for conflict with 3.12.2)
+- com.squareup.retrofit2:converter-jackson:jar:2.5.0:compile
|  +- (com.squareup.retrofit2:retrofit:jar:2.5.0:compile - omitted for duplicate)
|  \- (com.fasterxml.jackson.core:jackson-databind:jar:2.9.4:compile - omitted for conflict with 2.9.10)
+- com.squareup.okhttp3:okhttp:jar:3.12.2:compile
|  \- com.squareup.okio:okio:jar:1.15.0:compile
+- com.google.guava:guava:jar:27.1-jre:compile
|  +- com.google.guava:failureaccess:jar:1.0.1:compile
|  +- com.google.guava:listenablefuture:jar:9999.0-empty-to-avoid-conflict-with-guava:compile
|  +- (com.google.code.findbugs:jsr305:jar:3.0.2:compile - omitted for conflict with 1.3.9)
|  +- org.checkerframework:checker-qual:jar:2.5.2:compile
|  +- com.google.errorprone:error_prone_annotations:jar:2.2.0:compile
|  +- com.google.j2objc:j2objc-annotations:jar:1.1:compile
|  \- org.codehaus.mojo:animal-sniffer-annotations:jar:1.17:compile
+- com.google.code.findbugs:jsr305:jar:1.3.9:compile
+- com.fasterxml.jackson.core:jackson-annotations:jar:2.9.10:compile
+- com.fasterxml.jackson.core:jackson-core:jar:2.9.10:compile
+- com.fasterxml.jackson.core:jackson-databind:jar:2.9.10:compile
|  +- (com.fasterxml.jackson.core:jackson-annotations:jar:2.9.10:compile - omitted for duplicate)
|  \- (com.fasterxml.jackson.core:jackson-core:jar:2.9.10:compile - omitted for duplicate)
+- com.fasterxml.jackson.datatype:jackson-datatype-jdk8:jar:2.9.10:compile
|  +- (com.fasterxml.jackson.core:jackson-core:jar:2.9.10:compile - omitted for duplicate)
|  \- (com.fasterxml.jackson.core:jackson-databind:jar:2.9.10:compile - omitted for duplicate)
+- com.fasterxml.jackson.datatype:jackson-datatype-guava:jar:2.9.10:compile
|  +- (com.google.guava:guava:jar:18.0:compile - omitted for conflict with 27.1-jre)
|  +- (com.fasterxml.jackson.core:jackson-core:jar:2.9.10:compile - omitted for duplicate)
|  \- (com.fasterxml.jackson.core:jackson-databind:jar:2.9.10:compile - omitted for duplicate)
+- org.apache.commons:commons-lang3:jar:3.8.1:compile
+- org.immutables:value:jar:2.7.5:provided
+- org.slf4j:slf4j-api:jar:1.7.26:compile
+- ch.qos.logback:logback-classic:jar:1.2.3:test
|  +- ch.qos.logback:logback-core:jar:1.2.3:test
|  \- (org.slf4j:slf4j-api:jar:1.7.25:test - omitted for conflict with 1.7.26)
+- junit:junit:jar:4.12:test
|  \- org.hamcrest:hamcrest-core:jar:1.3:test
+- org.mockito:mockito-all:jar:1.10.19:test
+- pl.pragmatists:JUnitParams:jar:1.1.1:test
|  \- (junit:junit:jar:4.12:test - omitted for duplicate)
+- commons-codec:commons-codec:jar:1.12:test
\- com.squareup.retrofit2:retrofit-mock:jar:2.5.0:test
   \- (com.squareup.retrofit2:retrofit:jar:2.5.0:test - omitted for duplicate)

