WARNING: Your kernel does not support swap limit capabilities or the cgroup is not mounted. Memory limited without swap.
com.rarchives.ripme:ripme:jar:1.7.94
+- org.junit.jupiter:junit-jupiter-api:jar:5.6.2:test
|  +- org.apiguardian:apiguardian-api:jar:1.1.0:test
|  +- org.opentest4j:opentest4j:jar:1.2.0:test
|  \- org.junit.platform:junit-platform-commons:jar:1.6.2:test
|     \- (org.apiguardian:apiguardian-api:jar:1.1.0:test - omitted for duplicate)
+- org.junit.jupiter:junit-jupiter-engine:jar:5.6.2:test
|  +- (org.apiguardian:apiguardian-api:jar:1.1.0:test - omitted for duplicate)
|  +- org.junit.platform:junit-platform-engine:jar:1.6.2:test
|  |  +- (org.apiguardian:apiguardian-api:jar:1.1.0:test - omitted for duplicate)
|  |  +- (org.opentest4j:opentest4j:jar:1.2.0:test - omitted for duplicate)
|  |  \- (org.junit.platform:junit-platform-commons:jar:1.6.2:test - omitted for duplicate)
|  \- (org.junit.jupiter:junit-jupiter-api:jar:5.6.2:test - omitted for duplicate)
+- org.junit.vintage:junit-vintage-engine:jar:5.6.2:test
|  +- (org.apiguardian:apiguardian-api:jar:1.1.0:test - omitted for duplicate)
|  +- (org.junit.platform:junit-platform-engine:jar:1.6.2:test - omitted for duplicate)
|  \- junit:junit:jar:4.13:test
|     \- org.hamcrest:hamcrest-core:jar:1.3:test
+- org.jsoup:jsoup:jar:1.8.1:compile
+- org.graalvm.js:js:jar:20.1.0:compile
|  +- org.graalvm.regex:regex:jar:20.1.0:compile
|  |  \- (org.graalvm.truffle:truffle-api:jar:20.1.0:compile - omitted for duplicate)
|  +- org.graalvm.truffle:truffle-api:jar:20.1.0:compile
|  |  \- (org.graalvm.sdk:graal-sdk:jar:20.1.0:compile - omitted for duplicate)
|  +- org.graalvm.sdk:graal-sdk:jar:20.1.0:compile
|  +- org.ow2.asm:asm:jar:7.1:compile
|  +- org.ow2.asm:asm-tree:jar:7.1:compile
|  |  \- (org.ow2.asm:asm:jar:7.1:compile - omitted for duplicate)
|  +- org.ow2.asm:asm-analysis:jar:7.1:compile
|  |  \- (org.ow2.asm:asm-tree:jar:7.1:compile - omitted for duplicate)
|  +- org.ow2.asm:asm-commons:jar:7.1:compile
|  |  +- (org.ow2.asm:asm:jar:7.1:compile - omitted for duplicate)
|  |  +- (org.ow2.asm:asm-tree:jar:7.1:compile - omitted for duplicate)
|  |  \- (org.ow2.asm:asm-analysis:jar:7.1:compile - omitted for duplicate)
|  +- org.ow2.asm:asm-util:jar:7.1:compile
|  |  +- (org.ow2.asm:asm:jar:7.1:compile - omitted for duplicate)
|  |  +- (org.ow2.asm:asm-tree:jar:7.1:compile - omitted for duplicate)
|  |  \- (org.ow2.asm:asm-analysis:jar:7.1:compile - omitted for duplicate)
|  \- com.ibm.icu:icu4j:jar:66.1:compile
+- org.json:json:jar:20190722:compile
+- commons-configuration:commons-configuration:jar:1.7:compile
|  +- commons-collections:commons-collections:jar:3.2.1:compile
|  +- commons-lang:commons-lang:jar:2.6:compile
|  +- commons-logging:commons-logging:jar:1.1.1:compile
|  +- commons-digester:commons-digester:jar:1.8.1:compile
|  |  +- (commons-beanutils:commons-beanutils:jar:1.8.0:compile - omitted for conflict with 1.8.3)
|  |  \- (commons-logging:commons-logging:jar:1.1.1:compile - omitted for duplicate)
|  \- commons-beanutils:commons-beanutils:jar:1.8.3:compile
|     \- (commons-logging:commons-logging:jar:1.1.1:compile - omitted for duplicate)
+- log4j:log4j:jar:1.2.17:compile
+- commons-cli:commons-cli:jar:1.2:compile
+- commons-io:commons-io:jar:1.3.2:compile
+- org.apache.httpcomponents:httpclient:jar:4.3.6:compile
|  +- org.apache.httpcomponents:httpcore:jar:4.3.3:compile
|  +- (commons-logging:commons-logging:jar:1.1.3:compile - omitted for conflict with 1.1.1)
|  \- commons-codec:commons-codec:jar:1.6:compile
\- org.apache.httpcomponents:httpmime:jar:4.3.3:compile
   \- (org.apache.httpcomponents:httpclient:jar:4.3.3:compile - omitted for conflict with 4.3.6)

