WARNING: Your kernel does not support swap limit capabilities or the cgroup is not mounted. Memory limited without swap.
de.robotricker:transportpipes:jar:5.0.0
+- org.spigotmc:spigot-api:jar:1.14-R0.1-SNAPSHOT:provided
|  \- com.google.guava:guava:jar:21.0:provided
+- com.comphenix.protocol:ProtocolLib-API:jar:4.4.0-SNAPSHOT:provided
+- com.comphenix.packetwrapper:PacketWrapper:jar:1.13-R0.1-SNAPSHOT:compile
+- ch.jalu:injector:jar:1.0:compile
|  +- javax.inject:javax.inject:jar:1:compile
|  \- javax.annotation:javax.annotation-api:jar:1.3.1:compile
+- org.apache.commons:commons-lang3:jar:3.8:compile
+- com.logisticscraft:logistics-api:jar:0.0.5-SNAPSHOT:provided
+- io.sentry:sentry:jar:1.7.9:compile
|  \- com.fasterxml.jackson.core:jackson-core:jar:2.8.7:compile
+- co.aikar:acf-paper:jar:0.5.0-SNAPSHOT:compile
+- org.slf4j:slf4j-simple:jar:1.7.25:compile
|  \- org.slf4j:slf4j-api:jar:1.7.25:compile
+- com.github.Querz:NBT:jar:3.0:compile
+- com.griefcraft.lwc:Modern-LWC:jar:2.1.2:provided
|  +- org.bstats:bstats-bukkit:jar:1.4:provided
|  +- commons-io:commons-io:jar:2.4:provided
|  \- (com.google.guava:guava:jar:23.0:provided - omitted for conflict with 21.0)
\- fr.xephi:authme:jar:5.4.0:provided
   \- de.mkammerer:argon2-jvm-nolibs:jar:2.2:provided
      \- net.java.dev.jna:jna:jar:4.2.1:provided

