WARNING: Your kernel does not support swap limit capabilities or the cgroup is not mounted. Memory limited without swap.
com.github.rockylomo:rxlib:jar:1.0.15
+- com.google.guava:guava:jar:23.0:compile
|  +- com.google.code.findbugs:jsr305:jar:1.3.9:compile
|  +- com.google.errorprone:error_prone_annotations:jar:2.0.18:compile
|  +- com.google.j2objc:j2objc-annotations:jar:1.1:compile
|  \- org.codehaus.mojo:animal-sniffer-annotations:jar:1.14:compile
+- org.projectlombok:lombok:jar:1.16.18:provided
+- org.apache.commons:commons-lang3:jar:3.6:compile
+- org.slf4j:slf4j-api:jar:1.7.25:compile
+- ch.qos.logback:logback-classic:jar:1.2.3:compile
|  +- ch.qos.logback:logback-core:jar:1.2.3:compile
|  \- (org.slf4j:slf4j-api:jar:1.7.25:compile - omitted for duplicate)
+- org.yaml:snakeyaml:jar:1.18:compile
+- cglib:cglib:jar:3.2.5:compile
|  +- org.ow2.asm:asm:jar:5.2:compile
|  \- org.apache.ant:ant:jar:1.9.6:compile
|     \- org.apache.ant:ant-launcher:jar:1.9.6:compile
+- org.json:json:jar:20170516:compile
+- com.alibaba:fastjson:jar:1.2.37:compile
+- com.github.stuxuhai:jpinyin:jar:1.1.8:compile
+- org.springframework:spring-core:jar:4.3.10.RELEASE:compile
|  \- commons-logging:commons-logging:jar:1.2:compile
+- org.springframework:spring-context:jar:4.3.10.RELEASE:compile
|  +- org.springframework:spring-aop:jar:4.3.10.RELEASE:compile
|  |  +- (org.springframework:spring-beans:jar:4.3.10.RELEASE:compile - omitted for duplicate)
|  |  \- (org.springframework:spring-core:jar:4.3.10.RELEASE:compile - omitted for duplicate)
|  +- org.springframework:spring-beans:jar:4.3.10.RELEASE:compile
|  |  \- (org.springframework:spring-core:jar:4.3.10.RELEASE:compile - omitted for duplicate)
|  +- (org.springframework:spring-core:jar:4.3.10.RELEASE:compile - omitted for duplicate)
|  \- org.springframework:spring-expression:jar:4.3.10.RELEASE:compile
|     \- (org.springframework:spring-core:jar:4.3.10.RELEASE:compile - omitted for duplicate)
+- javax.servlet:javax.servlet-api:jar:3.1.0:compile
+- javax.validation:validation-api:jar:2.0.0.Final:compile
\- org.aspectj:aspectjrt:jar:1.8.10:compile

