WARNING: Your kernel does not support swap limit capabilities or the cgroup is not mounted. Memory limited without swap.
unsupported Java version "11", defaulting to 1.7
WARNING: An illegal reflective access operation has occurred
WARNING: Illegal reflective access by org.jruby.util.io.FilenoUtil (file:/home/jdbl/.m2/repository/org/jruby/jruby-core/9.1.8.0/jruby-core-9.1.8.0.jar) to method sun.nio.ch.SelChImpl.getFD()
WARNING: Please consider reporting this to the maintainers of org.jruby.util.io.FilenoUtil
WARNING: Use --illegal-access=warn to enable warnings of further illegal reflective access operations
WARNING: All illegal access operations will be denied in a future release
unsupported Java version "11", defaulting to 1.7
WARNING: An illegal reflective access operation has occurred
WARNING: Illegal reflective access by org.jruby.util.io.FilenoUtil (file:/home/jdbl/.m2/repository/org/jruby/jruby-core/9.1.8.0/jruby-core-9.1.8.0.jar) to method sun.nio.ch.SelChImpl.getFD()
WARNING: Please consider reporting this to the maintainers of org.jruby.util.io.FilenoUtil
WARNING: Use --illegal-access=warn to enable warnings of further illegal reflective access operations
WARNING: All illegal access operations will be denied in a future release
ruby-processing:rp5extras:jar:1.5.0
+- org.jruby:jruby:pom:9.1.17.0:compile
|  +- org.jruby:jruby-core:jar:9.1.17.0:compile
|  |  +- com.github.jnr:jnr-netdb:jar:1.1.6:compile
|  |  +- com.github.jnr:jnr-enxio:jar:0.16:compile
|  |  |  \- (com.github.jnr:jnr-constants:jar:0.9.8:compile - omitted for conflict with 0.9.9)
|  |  +- com.github.jnr:jnr-x86asm:jar:1.0.2:compile
|  |  +- com.github.jnr:jnr-unixsocket:jar:0.17:compile
|  |  |  +- (com.github.jnr:jnr-constants:jar:0.9.8:compile - omitted for duplicate)
|  |  |  +- (com.github.jnr:jnr-enxio:jar:0.16:compile - omitted for duplicate)
|  |  |  \- (com.github.jnr:jnr-posix:jar:3.0.35:compile - omitted for conflict with 3.0.44)
|  |  +- com.github.jnr:jnr-posix:jar:3.0.44:compile
|  |  |  \- (com.github.jnr:jnr-constants:jar:0.9.9:compile - omitted for conflict with 0.9.8)
|  |  +- com.github.jnr:jnr-constants:jar:0.9.9:compile
|  |  +- com.github.jnr:jffi:jar:1.2.16:compile
|  |  +- com.github.jnr:jffi:jar:native:1.2.16:compile
|  |  +- org.jruby.joni:joni:jar:2.1.15:compile
|  |  |  \- (org.jruby.jcodings:jcodings:jar:1.0.27:compile - omitted for duplicate)
|  |  +- org.jruby.extras:bytelist:jar:1.0.15:compile
|  |  |  \- (org.jruby.jcodings:jcodings:jar:1.0.18:compile - omitted for conflict with 1.0.27)
|  |  +- org.jruby.jcodings:jcodings:jar:1.0.27:compile
|  |  +- org.jruby:dirgra:jar:0.3:compile
|  |  +- com.headius:invokebinder:jar:1.10:compile
|  |  +- com.headius:options:jar:1.4:compile
|  |  +- com.headius:unsafe-fences:jar:1.0:compile
|  |  +- com.jcraft:jzlib:jar:1.1.3:compile
|  |  +- com.martiansoftware:nailgun-server:jar:0.9.1:compile
|  |  +- joda-time:joda-time:jar:2.8.2:compile
|  |  \- com.headius:modulator:jar:1.0:compile
|  \- org.jruby:jruby-stdlib:jar:9.1.17.0:compile
+- org.processing:core:jar:3.3.7:compile
\- org.processing:video:jar:3.0.2:compile
   +- (org.processing:core:jar:3.0:compile - omitted for conflict with 3.3.7)
   +- com.googlecode.gstreamer-java:gstreamer-java:jar:1.5:compile
   |  +- (net.java.dev.jna:jna:jar:3.4.0:compile - omitted for conflict with 4.0.0)
   |  +- net.java.dev.jna:platform:jar:3.4.0:compile
   |  +- com.apple:AppleJavaExtensions:jar:1.4:compile
   |  \- org.eclipse.swt.gtk.linux:x86_64:jar:3.3.0-v3346:compile
   \- net.java.dev.jna:jna:jar:4.0.0:compile

