WARNING: Your kernel does not support swap limit capabilities or the cgroup is not mounted. Memory limited without swap.
ruby-processing:jruby_art:jar:2.2.1
+- org.jruby:jruby:pom:9.2.8.0:compile
|  +- org.jruby:jruby-core:jar:9.2.8.0:compile
|  |  +- com.github.jnr:jnr-netdb:jar:1.1.6:compile
|  |  +- com.github.jnr:jnr-enxio:jar:0.21:compile
|  |  +- com.github.jnr:jnr-unixsocket:jar:0.23:compile
|  |  +- com.github.jnr:jnr-posix:jar:3.0.50:compile
|  |  +- com.github.jnr:jnr-constants:jar:0.9.12:compile
|  |  +- com.github.jnr:jffi:jar:1.2.19:compile
|  |  +- com.github.jnr:jffi:jar:native:1.2.19:compile
|  |  +- org.jruby.joni:joni:jar:2.1.29:compile
|  |  +- org.jruby.jcodings:jcodings:jar:1.0.44:compile
|  |  +- org.jruby:dirgra:jar:0.3:compile
|  |  +- com.headius:invokebinder:jar:1.11:compile
|  |  +- com.headius:options:jar:1.4:compile
|  |  +- com.jcraft:jzlib:jar:1.1.3:compile
|  |  +- com.martiansoftware:nailgun-server:jar:0.9.1:compile
|  |  +- joda-time:joda-time:jar:2.10.1:compile
|  |  +- com.headius:backport9:jar:1.3:compile
|  |  \- javax.annotation:javax.annotation-api:jar:1.3.1:compile
|  \- org.jruby:jruby-stdlib:jar:9.2.8.0:compile
+- org.jogamp.jogl:jogl-all:jar:2.3.2:compile
+- org.jogamp.gluegen:gluegen-rt-main:jar:2.3.2:compile
|  +- org.jogamp.gluegen:gluegen-rt:jar:2.3.2:compile
|  +- org.jogamp.gluegen:gluegen-rt:jar:natives-android-aarch64:2.3.2:compile
|  +- org.jogamp.gluegen:gluegen-rt:jar:natives-android-armv6:2.3.2:compile
|  +- org.jogamp.gluegen:gluegen-rt:jar:natives-linux-amd64:2.3.2:compile
|  +- org.jogamp.gluegen:gluegen-rt:jar:natives-linux-armv6:2.3.2:compile
|  +- org.jogamp.gluegen:gluegen-rt:jar:natives-linux-armv6hf:2.3.2:compile
|  +- org.jogamp.gluegen:gluegen-rt:jar:natives-linux-i586:2.3.2:compile
|  +- org.jogamp.gluegen:gluegen-rt:jar:natives-macosx-universal:2.3.2:compile
|  +- org.jogamp.gluegen:gluegen-rt:jar:natives-solaris-amd64:2.3.2:compile
|  +- org.jogamp.gluegen:gluegen-rt:jar:natives-solaris-i586:2.3.2:compile
|  +- org.jogamp.gluegen:gluegen-rt:jar:natives-windows-amd64:2.3.2:compile
|  \- org.jogamp.gluegen:gluegen-rt:jar:natives-windows-i586:2.3.2:compile
\- org.processing:video:jar:3.0.2:compile
   +- org.processing:core:jar:3.0:compile
   +- com.googlecode.gstreamer-java:gstreamer-java:jar:1.5:compile
   |  +- net.java.dev.jna:platform:jar:3.4.0:compile
   |  +- com.apple:AppleJavaExtensions:jar:1.4:compile
   |  \- org.eclipse.swt.gtk.linux:x86_64:jar:3.3.0-v3346:compile
   \- net.java.dev.jna:jna:jar:4.0.0:compile

