WARNING: Your kernel does not support swap limit capabilities or the cgroup is not mounted. Memory limited without swap.
ruby-processing:rp5extras:jar:1.7.0
+- org.jruby:jruby:pom:9.2.6.0:compile
|  +- org.jruby:jruby-core:jar:9.2.6.0:compile
|  |  +- com.github.jnr:jnr-netdb:jar:1.1.6:compile
|  |  +- com.github.jnr:jnr-enxio:jar:0.19:compile
|  |  |  \- (com.github.jnr:jnr-constants:jar:0.9.11:compile - omitted for conflict with 0.9.12)
|  |  +- com.github.jnr:jnr-unixsocket:jar:0.20:compile
|  |  |  +- (com.github.jnr:jnr-constants:jar:0.9.11:compile - omitted for duplicate)
|  |  |  +- (com.github.jnr:jnr-enxio:jar:0.18:compile - omitted for conflict with 0.19)
|  |  |  \- (com.github.jnr:jnr-posix:jar:3.0.46:compile - omitted for conflict with 3.0.49)
|  |  +- com.github.jnr:jnr-posix:jar:3.0.49:compile
|  |  |  \- (com.github.jnr:jnr-constants:jar:0.9.9:compile - omitted for conflict with 0.9.11)
|  |  +- com.github.jnr:jnr-constants:jar:0.9.12:compile
|  |  +- com.github.jnr:jffi:jar:1.2.18:compile
|  |  +- com.github.jnr:jffi:jar:native:1.2.18:compile
|  |  +- org.jruby.joni:joni:jar:2.1.25:compile
|  |  |  \- (org.jruby.jcodings:jcodings:jar:1.0.41:compile - omitted for duplicate)
|  |  +- org.jruby.jcodings:jcodings:jar:1.0.41:compile
|  |  +- org.jruby:dirgra:jar:0.3:compile
|  |  +- com.headius:invokebinder:jar:1.11:compile
|  |  +- com.headius:options:jar:1.4:compile
|  |  +- com.jcraft:jzlib:jar:1.1.3:compile
|  |  +- com.martiansoftware:nailgun-server:jar:0.9.1:compile
|  |  +- joda-time:joda-time:jar:2.9.9:compile
|  |  +- com.headius:modulator:jar:1.0:compile
|  |  \- com.headius:backport9:jar:1.1:compile
|  \- org.jruby:jruby-stdlib:jar:9.2.6.0:compile
+- org.processing:core:jar:3.3.7:compile
\- org.processing:video:jar:3.0.2:compile
   +- (org.processing:core:jar:3.0:compile - omitted for conflict with 3.3.7)
   +- com.googlecode.gstreamer-java:gstreamer-java:jar:1.5:compile
   |  +- (net.java.dev.jna:jna:jar:3.4.0:compile - omitted for conflict with 4.0.0)
   |  +- net.java.dev.jna:platform:jar:3.4.0:compile
   |  +- com.apple:AppleJavaExtensions:jar:1.4:compile
   |  \- org.eclipse.swt.gtk.linux:x86_64:jar:3.3.0-v3346:compile
   \- net.java.dev.jna:jna:jar:4.0.0:compile

