WARNING: Your kernel does not support swap limit capabilities or the cgroup is not mounted. Memory limited without swap.
fatal: the remote end hung up unexpectedly
fatal: early EOF
fatal: index-pack failed
fatal: reference is not a tree: 012bcf4d1edd1fce7f9d655a079e3f6bd732ce43
org.rythmengine:rythm-engine:jar:1.4.1-SNAPSHOT
+- org.eclipse.jdt.core.compiler:ecj:jar:4.6.1:compile
+- com.stevesoft.pat:pat:jar:1.5.3:compile
+- org.apache.commons:commons-lang3:jar:3.4:compile
+- commons-io:commons-io:jar:2.4:compile
+- com.alibaba:fastjson:jar:1.2.75:compile
+- org.mvel:mvel2:jar:2.4.12.Final:compile
+- joda-time:joda-time:jar:2.9.3:provided
+- com.google.code.gson:gson:jar:2.6.2:provided
+- com.google.appengine:appengine-api-1.0-sdk:jar:1.9.37:provided
+- junit:junit:jar:4.13.1:test (scope not updated to compile)
|  \- org.hamcrest:hamcrest-core:jar:1.3:test
+- javax.servlet:servlet-api:jar:2.3:provided
+- commons-logging:commons-logging:jar:1.1:provided
|  +- log4j:log4j:jar:1.2.12:provided
|  +- logkit:logkit:jar:1.0.1:provided
|  +- avalon-framework:avalon-framework:jar:4.1.3:provided
|  \- (javax.servlet:servlet-api:jar:2.3:provided - omitted for duplicate)
+- net.sf.ehcache:ehcache:jar:2.10.2:provided
|  \- (org.slf4j:slf4j-api:jar:1.7.7:provided - omitted for conflict with 1.7.25)
+- net.spy:spymemcached:jar:2.12.1:provided
+- org.mockito:mockito-core:jar:2.9.0:compile
|  +- net.bytebuddy:byte-buddy:jar:1.7.0:runtime
|  +- net.bytebuddy:byte-buddy-agent:jar:1.7.0:runtime
|  \- org.objenesis:objenesis:jar:2.6:runtime
+- org.slf4j:slf4j-api:jar:1.7.25:compile
+- org.osgl:osgl-version:jar:2.0.0-BETA-4-JAVA7:compile
|  +- (junit:junit:jar:4.12:compile - omitted for conflict with 4.13.1)
|  +- (org.mockito:mockito-core:jar:2.9.0:compile - omitted for duplicate)
|  +- (org.slf4j:slf4j-api:jar:1.7.25:compile - omitted for duplicate)
|  +- (org.osgl:osgl-version:jar:2.0.0-BETA-1:compile - omitted for conflict with 2.0.0-BETA-4-JAVA7)
|  +- (org.osgl:osgl-version:jar:2.0.0-BETA-4:compile - omitted for cycle)
|  \- (org.osgl:osgl-ut:jar:2.0.0-BETA-4-JAVA7:compile - omitted for duplicate)
\- org.osgl:osgl-ut:jar:2.0.0-BETA-4-JAVA7:compile
   +- org.hamcrest:hamcrest-junit:jar:2.0.0.0:compile
   |  +- (junit:junit:jar:4.12:compile - omitted for conflict with 4.13.1)
   |  \- org.hamcrest:java-hamcrest:jar:2.0.0.0:compile
   +- (org.osgl:osgl-version:jar:2.0.0-BETA-4:compile - omitted for conflict with 2.0.0-BETA-4-JAVA7)
   +- (junit:junit:jar:4.12:compile - omitted for conflict with 4.13.1)
   +- (org.mockito:mockito-core:jar:2.9.0:compile - omitted for duplicate)
   +- (org.slf4j:slf4j-api:jar:1.7.25:compile - omitted for duplicate)
   \- (org.osgl:osgl-ut:jar:2.0.0-BETA-1:compile - omitted for conflict with 2.0.0-BETA-4-JAVA7)

