WARNING: Your kernel does not support swap limit capabilities or the cgroup is not mounted. Memory limited without swap.
org.rythmengine:rythm-engine:jar:1.1.5
+- org.eclipse.jdt.core.compiler:ecj:jar:4.4.2:compile
+- com.stevesoft.pat:pat:jar:1.5.3:compile
+- org.apache.commons:commons-lang3:jar:3.3.2:compile
+- com.alibaba:fastjson:jar:1.1.39:compile
+- org.mvel:mvel2:jar:2.1.5.Final:compile
+- joda-time:joda-time:jar:2.3:provided
+- com.google.code.gson:gson:jar:2.2.2:provided
+- com.google.appengine:appengine-api-1.0-sdk:jar:1.8.1:provided
+- junit:junit:jar:4.10:test
|  \- org.hamcrest:hamcrest-core:jar:1.1:test
+- javax.servlet:servlet-api:jar:2.3:provided
+- commons-logging:commons-logging:jar:1.1:provided
|  +- log4j:log4j:jar:1.2.12:provided
|  +- logkit:logkit:jar:1.0.1:provided
|  +- avalon-framework:avalon-framework:jar:4.1.3:provided
|  \- (javax.servlet:servlet-api:jar:2.3:provided - omitted for duplicate)
+- net.sf.ehcache:ehcache:jar:2.7.0:provided
|  \- org.slf4j:slf4j-api:jar:1.6.6:provided
\- net.spy:spymemcached:jar:2.10.3:provided

