WARNING: Your kernel does not support swap limit capabilities or the cgroup is not mounted. Memory limited without swap.
com.massivecraft:Factions:jar:1.6.9.5-U0.2.1-1.4-BETA
+- org.spigotmc:spigot-api:jar:1.13-R0.1-SNAPSHOT:provided
|  +- commons-lang:commons-lang:jar:2.6:provided
|  +- com.googlecode.json-simple:json-simple:jar:1.1.1:provided
|  \- org.yaml:snakeyaml:jar:1.21:provided
+- net.milkbowl.vault:VaultAPI:jar:1.6:provided
+- com.sk89q:worldguard:jar:6.1.1-SNAPSHOT:provided
+- com.sk89q.worldedit:worldedit-bukkit:jar:6.1.1-SNAPSHOT:provided
|  \- com.sk89q.worldedit:worldedit-core:jar:6.1.1-SNAPSHOT:provided
+- net.ess3:EssentialsX:jar:2.15.0.1:system
+- net.ess3:EssentialsXChat:jar:2.0.1:provided
|  \- (net.ess3:EssentialsX:jar:2.0.1:provided - omitted for conflict with 2.15.0.1)
+- mkremins:fanciful:jar:0.4.0-SNAPSHOT:compile
+- org.dynmap:dynmap:jar:2.0:provided
+- com.google.guava:guava:jar:10.0.1:provided
+- com.google.code.gson:gson:jar:2.6.2:compile
+- me.clip:placeholderapi:jar:2.8.4:provided
+- be.maximvdw:MVdWPlaceholderAPI:jar:2.2.3-SNAPSHOT:provided
+- net.coreprotect:coreprotect:jar:2.15.0:provided
|  +- org.bukkit:bukkit:jar:1.13-R0.1-SNAPSHOT:provided
|  |  +- (commons-lang:commons-lang:jar:2.6:provided - omitted for duplicate)
|  |  +- (com.googlecode.json-simple:json-simple:jar:1.1.1:provided - omitted for duplicate)
|  |  +- (com.google.guava:guava:jar:21.0:provided - omitted for conflict with 10.0.1)
|  |  +- (com.google.code.gson:gson:jar:2.8.0:provided - omitted for conflict with 2.6.2)
|  |  \- (org.yaml:snakeyaml:jar:1.21:provided - omitted for duplicate)
|  \- (com.sk89q.worldedit:worldedit-bukkit:jar:7.0.0-SNAPSHOT:provided - omitted for conflict with 6.1.1-SNAPSHOT)
\- com.github.SkriptLang:Skript:jar:dev37c:provided

