WARNING: Your kernel does not support swap limit capabilities or the cgroup is not mounted. Memory limited without swap.
com.massivecraft:Factions:jar:1.6.9.5-U0.2.1-2.0.6-STABLE
+- me.lucko:commodore:jar:1.3:compile
|  \- (com.mojang:brigadier:jar:1.0.14:compile - omitted for duplicate)
+- com.mojang:brigadier:jar:1.0.14:compile
|  \- (com.google.guava:guava:jar:21.0:compile - omitted for conflict with 28.0-jre)
+- com.github.stefvanschie.inventoryframework:IF:jar:0.5.8:compile
|  \- org.jetbrains:annotations:jar:13.0:compile
+- org.spigotmc:spigot-api:jar:1.13-R0.1-SNAPSHOT:provided
|  +- commons-lang:commons-lang:jar:2.6:provided
|  +- com.googlecode.json-simple:json-simple:jar:1.1.1:provided
|  \- org.yaml:snakeyaml:jar:1.21:provided
+- org.ocpsoft.prettytime:prettytime:jar:4.0.0.Final:compile
+- net.milkbowl.vault:VaultAPI:jar:1.6:provided
+- com.sk89q:worldguard:jar:6.1.1-SNAPSHOT:provided
+- net.dv8tion:JDA:jar:3.8.3_463:compile
|  +- com.google.code.findbugs:jsr305:jar:3.0.2:compile
|  +- (org.jetbrains:annotations:jar:16.0.1:compile - omitted for conflict with 13.0)
|  +- org.slf4j:slf4j-api:jar:1.7.25:compile
|  +- com.neovisionaries:nv-websocket-client:jar:2.5:compile
|  +- com.squareup.okhttp3:okhttp:jar:3.13.0:compile
|  |  \- com.squareup.okio:okio:jar:1.17.2:compile
|  +- org.apache.commons:commons-collections4:jar:4.1:runtime
|  +- org.json:json:jar:20160810:runtime
|  \- net.sf.trove4j:trove4j:jar:3.0.3:runtime
+- com.sk89q.worldedit:worldedit-bukkit:jar:6.1.1-SNAPSHOT:provided
|  \- com.sk89q.worldedit:worldedit-core:jar:6.1.1-SNAPSHOT:provided
+- net.ess3:EssentialsX:jar:2.15.0.1:system
+- net.ess3:EssentialsXChat:jar:2.0.1:provided
|  \- (net.ess3:EssentialsX:jar:2.0.1:provided - omitted for conflict with 2.15.0.1)
+- mkremins:fanciful:jar:0.4.0-SNAPSHOT:compile
+- org.dynmap:dynmap:jar:2.0:provided
+- com.google.guava:guava:jar:28.0-jre:provided (scope not updated to compile)
|  +- com.google.guava:failureaccess:jar:1.0.1:provided
|  +- com.google.guava:listenablefuture:jar:9999.0-empty-to-avoid-conflict-with-guava:provided
|  +- org.checkerframework:checker-qual:jar:2.8.1:provided
|  +- com.google.errorprone:error_prone_annotations:jar:2.3.2:provided
|  +- com.google.j2objc:j2objc-annotations:jar:1.3:provided
|  \- org.codehaus.mojo:animal-sniffer-annotations:jar:1.17:provided
+- com.google.code.gson:gson:jar:2.8.5:compile
+- me.clip:placeholderapi:jar:2.8.5:provided
+- be.maximvdw:MVdWPlaceholderAPI:jar:3.0.1-SNAPSHOT:system
+- net.coreprotect:coreprotect:jar:2.15.0:provided
|  +- org.bukkit:bukkit:jar:1.13-R0.1-SNAPSHOT:provided
|  |  +- (commons-lang:commons-lang:jar:2.6:provided - omitted for duplicate)
|  |  +- (com.googlecode.json-simple:json-simple:jar:1.1.1:provided - omitted for duplicate)
|  |  +- (com.google.guava:guava:jar:21.0:provided - omitted for conflict with 28.0-jre)
|  |  +- (com.google.code.gson:gson:jar:2.8.0:provided - omitted for conflict with 2.8.5)
|  |  \- (org.yaml:snakeyaml:jar:1.21:provided - omitted for duplicate)
|  \- (com.sk89q.worldedit:worldedit-bukkit:jar:7.0.0-SNAPSHOT:provided - omitted for conflict with 6.1.1-SNAPSHOT)
+- com.github.SkriptLang:Skript:jar:dev37c:provided
+- me.rayzr522:jsonmessage:jar:1.0.0:compile
+- org.codemc.worldguardwrapper:worldguardwrapper:jar:1.1.6-SNAPSHOT:compile
\- com.jagrosh:jda-utilities-commons:jar:2.1:compile

