WARNING: Your kernel does not support swap limit capabilities or the cgroup is not mounted. Memory limited without swap.
br.com.swconsultoria:java-nfe:jar:4.00.11
+- br.com.swconsultoria:java_certificado:jar:2.2:compile
|  +- commons-httpclient:commons-httpclient:jar:3.1:compile
|  |  +- (commons-logging:commons-logging:jar:1.0.4:compile - omitted for conflict with 1.1.1)
|  |  \- commons-codec:commons-codec:jar:1.2:compile
|  \- org.bouncycastle:bcprov-jdk16:jar:1.46:compile
+- org.ini4j:ini4j:jar:0.5.4:compile
+- org.apache.httpcomponents:httpcore:jar:4.4.6:compile
+- com.sun.xml.bind:jaxb-impl:jar:2.3.1:compile
+- com.sun.xml.bind:jaxb-xjc:jar:2.3.1:compile
+- com.sun.xml.bind:jaxb-core:jar:2.3.0.1:compile
+- org.apache.axis2:axis2-kernel:jar:1.7.5:compile
|  +- (org.apache.ws.commons.axiom:axiom-api:jar:1.2.20:compile - omitted for duplicate)
|  +- org.apache.ws.commons.axiom:axiom-impl:jar:1.2.20:runtime
|  |  +- (org.apache.ws.commons.axiom:axiom-api:jar:1.2.20:runtime - omitted for duplicate)
|  |  +- org.codehaus.woodstox:woodstox-core-asl:jar:4.2.0:runtime
|  |  |  \- org.codehaus.woodstox:stax2-api:jar:3.1.1:runtime
|  |  \- (commons-logging:commons-logging:jar:1.2:runtime - omitted for conflict with 1.0.4)
|  +- org.apache.geronimo.specs:geronimo-ws-metadata_2.0_spec:jar:1.1.2:compile
|  +- org.apache.geronimo.specs:geronimo-jta_1.1_spec:jar:1.1:compile
|  +- javax.servlet:servlet-api:jar:2.3:compile
|  +- commons-fileupload:commons-fileupload:jar:1.3.1:compile
|  |  \- (commons-io:commons-io:jar:2.2:compile - omitted for conflict with 2.1)
|  +- wsdl4j:wsdl4j:jar:1.6.2:compile
|  +- org.apache.ws.xmlschema:xmlschema-core:jar:2.2.1:compile
|  +- org.apache.neethi:neethi:jar:3.0.3:compile
|  +- org.apache.woden:woden-core:jar:1.0M10:compile
|  |  +- (org.apache.ws.xmlschema:xmlschema-core:jar:2.2.1:compile - omitted for duplicate)
|  |  \- (commons-logging:commons-logging:jar:1.1.1:compile - omitted for conflict with 1.0.4)
|  +- commons-logging:commons-logging:jar:1.1.1:compile
|  +- javax.ws.rs:jsr311-api:jar:1.1.1:compile
|  \- commons-io:commons-io:jar:2.1:compile
+- org.apache.axis2:axis2-adb:jar:1.7.5:compile
|  +- (org.apache.axis2:axis2-kernel:jar:1.7.5:compile - omitted for duplicate)
|  +- org.apache.ws.commons.axiom:axiom-dom:jar:1.2.20:runtime
|  |  +- (org.apache.ws.commons.axiom:axiom-api:jar:1.2.20:runtime - omitted for duplicate)
|  |  +- (org.codehaus.woodstox:woodstox-core-asl:jar:4.2.0:runtime - omitted for duplicate)
|  |  \- (commons-logging:commons-logging:jar:1.2:runtime - omitted for conflict with 1.1.1)
|  \- org.apache.geronimo.specs:geronimo-activation_1.1_spec:jar:1.0.2:compile
+- org.apache.axis2:axis2-jaxws:jar:1.7.5:compile
|  +- org.apache.geronimo.specs:geronimo-annotation_1.0_spec:jar:1.1:compile
|  +- org.apache.geronimo.specs:geronimo-jaxws_2.2_spec:jar:1.0:compile
|  +- (org.apache.axis2:axis2-kernel:jar:1.7.5:compile - omitted for duplicate)
|  +- org.apache.axis2:axis2-saaj:jar:1.7.5:compile
|  |  +- org.apache.geronimo.specs:geronimo-saaj_1.3_spec:jar:1.0.1:compile
|  |  +- (org.apache.ws.commons.axiom:axiom-dom:jar:1.2.20:runtime - omitted for duplicate)
|  |  \- (org.apache.axis2:axis2-kernel:jar:1.7.5:compile - omitted for duplicate)
|  +- org.apache.axis2:axis2-metadata:jar:1.7.5:compile
|  |  +- (org.apache.axis2:axis2-kernel:jar:1.7.5:compile - omitted for duplicate)
|  |  +- (org.apache.geronimo.specs:geronimo-jaxws_2.2_spec:jar:1.0:compile - omitted for duplicate)
|  |  +- (org.apache.axis2:axis2-saaj:jar:1.7.5:compile - omitted for duplicate)
|  |  +- (xml-resolver:xml-resolver:jar:1.2:compile - omitted for duplicate)
|  |  +- (com.sun.xml.bind:jaxb-impl:jar:2.2.6:compile - omitted for conflict with 2.3.1)
|  |  +- (com.sun.xml.bind:jaxb-xjc:jar:2.2.6:compile - omitted for conflict with 2.3.1)
|  |  +- (javax.xml.bind:jaxb-api:jar:2.2.6:compile - omitted for duplicate)
|  |  \- com.sun.xml.ws:jaxws-tools:jar:2.1.3:compile
|  +- org.apache.geronimo.specs:geronimo-javamail_1.4_spec:jar:1.6:compile
|  +- xml-resolver:xml-resolver:jar:1.2:compile
|  +- (com.sun.xml.bind:jaxb-impl:jar:2.2.6:compile - omitted for conflict with 2.3.1)
|  +- (com.sun.xml.bind:jaxb-xjc:jar:2.2.6:compile - omitted for conflict with 2.3.1)
|  +- xalan:xalan:jar:2.7.0:compile
|  +- javax.xml.bind:jaxb-api:jar:2.2.6:compile
|  +- (commons-io:commons-io:jar:2.1:compile - omitted for duplicate)
|  \- (org.apache.axis2:axis2-transport-http:jar:1.7.5:compile - omitted for duplicate)
+- org.apache.axis2:axis2-transport-http:jar:1.7.5:compile
|  +- (org.apache.axis2:axis2-kernel:jar:1.7.5:compile - omitted for duplicate)
|  +- org.apache.httpcomponents:httpclient:jar:4.5.2:compile
|  |  +- (org.apache.httpcomponents:httpcore:jar:4.4.4:compile - omitted for conflict with 4.4.6)
|  |  +- (commons-logging:commons-logging:jar:1.2:compile - omitted for conflict with 1.1.1)
|  |  \- (commons-codec:commons-codec:jar:1.9:compile - omitted for conflict with 1.2)
|  \- (commons-httpclient:commons-httpclient:jar:3.1:compile - omitted for duplicate)
+- org.apache.axis2:axis2-transport-local:jar:1.7.5:compile
|  \- (org.apache.axis2:axis2-kernel:jar:1.7.5:compile - omitted for duplicate)
+- org.apache.ws.commons.axiom:axiom-api:jar:1.2.20:compile
|  +- (org.apache.geronimo.specs:geronimo-activation_1.1_spec:jar:1.1:compile - omitted for conflict with 1.0.2)
|  +- (commons-logging:commons-logging:jar:1.2:compile - omitted for conflict with 1.1.1)
|  +- jaxen:jaxen:jar:1.1.6:compile
|  +- org.apache.geronimo.specs:geronimo-stax-api_1.0_spec:jar:1.0.1:compile
|  \- org.apache.james:apache-mime4j-core:jar:0.7.2:compile
+- org.junit.jupiter:junit-jupiter-engine:jar:5.3.1:test
|  +- org.apiguardian:apiguardian-api:jar:1.0.0:test
|  +- org.junit.platform:junit-platform-engine:jar:1.3.1:test
|  |  +- (org.apiguardian:apiguardian-api:jar:1.0.0:test - omitted for duplicate)
|  |  +- org.junit.platform:junit-platform-commons:jar:1.3.1:test
|  |  |  \- (org.apiguardian:apiguardian-api:jar:1.0.0:test - omitted for duplicate)
|  |  \- org.opentest4j:opentest4j:jar:1.1.1:test
|  \- org.junit.jupiter:junit-jupiter-api:jar:5.3.1:test
|     +- (org.apiguardian:apiguardian-api:jar:1.0.0:test - omitted for duplicate)
|     +- (org.opentest4j:opentest4j:jar:1.1.1:test - omitted for duplicate)
|     \- (org.junit.platform:junit-platform-commons:jar:1.3.1:test - omitted for duplicate)
\- org.jmockit:jmockit:jar:1.24:test

