WARNING: Your kernel does not support swap limit capabilities or the cgroup is not mounted. Memory limited without swap.
quickdt:quickdt:jar:0.1.7
+- net.sf.supercsv:super-csv:jar:2.1.0:compile
+- org.apache.commons:commons-math3:jar:3.2:compile
+- com.twitter.common:stats-util:jar:0.0.15:compile
|  +- com.twitter.common:util:jar:0.0.44:compile
|  |  +- com.twitter.common:util-executor-service-shutdown:jar:0.0.13:compile
|  |  |  +- (com.twitter.common:base:jar:0.0.39:compile - omitted for duplicate)
|  |  |  +- (com.twitter.common:quantity:jar:0.0.31:compile - omitted for duplicate)
|  |  |  +- (com.google.guava:guava:jar:12.0:compile - omitted for duplicate)
|  |  |  \- (javax.inject:javax.inject:jar:1:compile - omitted for duplicate)
|  |  +- com.twitter.common:jdk-logging:jar:0.0.18:compile
|  |  |  +- (com.google.guava:guava:jar:12.0:compile - omitted for duplicate)
|  |  |  \- (javax.inject:javax.inject:jar:1:compile - omitted for duplicate)
|  |  +- com.twitter.common:base:jar:0.0.39:compile
|  |  |  +- (com.twitter.common:quantity:jar:0.0.31:compile - omitted for duplicate)
|  |  |  +- com.twitter.common:util-system-mocks:jar:0.0.27:compile
|  |  |  |  +- (com.google.guava:guava:jar:12.0:compile - omitted for duplicate)
|  |  |  |  \- (javax.inject:javax.inject:jar:1:compile - omitted for duplicate)
|  |  |  +- (commons-lang:commons-lang:jar:2.4:compile - omitted for duplicate)
|  |  |  +- (com.google.guava:guava:jar:12.0:compile - omitted for duplicate)
|  |  |  \- (javax.inject:javax.inject:jar:1:compile - omitted for duplicate)
|  |  +- com.twitter.common:collections:jar:0.0.35:compile
|  |  |  +- (commons-lang:commons-lang:jar:2.4:compile - omitted for duplicate)
|  |  |  +- (com.google.guava:guava:jar:12.0:compile - omitted for duplicate)
|  |  |  +- (javax.inject:javax.inject:jar:1:compile - omitted for duplicate)
|  |  |  \- (com.google.code.findbugs:jsr305:jar:1.3.9:compile - omitted for duplicate)
|  |  +- com.twitter.common:quantity:jar:0.0.31:compile
|  |  |  +- (com.twitter.common:collections:jar:0.0.35:compile - omitted for duplicate)
|  |  |  +- (com.google.guava:guava:jar:12.0:compile - omitted for duplicate)
|  |  |  \- (javax.inject:javax.inject:jar:1:compile - omitted for duplicate)
|  |  +- com.twitter.common:stats:jar:0.0.44:compile
|  |  |  +- com.twitter.common:stat-registry:jar:0.0.2:compile
|  |  |  |  \- com.twitter.common:stat:jar:0.0.2:compile
|  |  |  +- com.twitter.common:stats-provider:jar:0.0.23:compile
|  |  |  |  +- (com.twitter.common:stat:jar:0.0.2:compile - omitted for duplicate)
|  |  |  |  +- (com.google.guava:guava:jar:12.0:compile - omitted for duplicate)
|  |  |  |  \- (javax.inject:javax.inject:jar:1:compile - omitted for duplicate)
|  |  |  +- com.twitter.common:application-action:jar:0.0.27:compile
|  |  |  |  +- (com.twitter.common:base:jar:0.0.39:compile - omitted for duplicate)
|  |  |  |  +- com.twitter.common:net-util:jar:0.0.30:compile
|  |  |  |  |  +- (com.twitter.common:base:jar:0.0.39:compile - omitted for duplicate)
|  |  |  |  |  +- (com.twitter.common:collections:jar:0.0.35:compile - omitted for duplicate)
|  |  |  |  |  +- commons-codec:commons-codec:jar:1.4:compile
|  |  |  |  |  +- (commons-lang:commons-lang:jar:2.4:compile - omitted for duplicate)
|  |  |  |  |  +- (com.google.guava:guava:jar:12.0:compile - omitted for duplicate)
|  |  |  |  |  \- (javax.inject:javax.inject:jar:1:compile - omitted for duplicate)
|  |  |  |  +- (commons-lang:commons-lang:jar:2.4:compile - omitted for duplicate)
|  |  |  |  +- (com.google.guava:guava:jar:12.0:compile - omitted for duplicate)
|  |  |  |  +- (javax.inject:javax.inject:jar:1:compile - omitted for duplicate)
|  |  |  |  \- com.google.inject:guice:jar:3.0:compile
|  |  |  |     +- (javax.inject:javax.inject:jar:1:compile - omitted for duplicate)
|  |  |  |     \- aopalliance:aopalliance:jar:1.0:compile
|  |  |  +- (com.twitter.common:base:jar:0.0.39:compile - omitted for duplicate)
|  |  |  +- (com.twitter.common:collections:jar:0.0.35:compile - omitted for duplicate)
|  |  |  +- (com.twitter.common:quantity:jar:0.0.31:compile - omitted for duplicate)
|  |  |  +- com.twitter.common:util-sampler:jar:0.0.22:compile
|  |  |  |  +- (com.twitter.common:util-system-mocks:jar:0.0.27:compile - omitted for duplicate)
|  |  |  |  +- (com.google.guava:guava:jar:12.0:compile - omitted for duplicate)
|  |  |  |  \- (javax.inject:javax.inject:jar:1:compile - omitted for duplicate)
|  |  |  +- (com.google.guava:guava:jar:12.0:compile - omitted for duplicate)
|  |  |  +- (javax.inject:javax.inject:jar:1:compile - omitted for duplicate)
|  |  |  \- (com.google.code.findbugs:jsr305:jar:1.3.9:compile - omitted for duplicate)
|  |  +- commons-lang:commons-lang:jar:2.4:compile
|  |  +- (com.google.guava:guava:jar:12.0:compile - omitted for duplicate)
|  |  +- (javax.inject:javax.inject:jar:1:compile - omitted for duplicate)
|  |  \- com.google.code.findbugs:jsr305:jar:1.3.9:compile
|  +- (com.google.guava:guava:jar:12.0:compile - omitted for conflict with 15.0)
|  \- javax.inject:javax.inject:jar:1:compile
+- org.slf4j:slf4j-api:jar:1.7.6:compile
+- ch.qos.logback:logback-core:jar:1.1.1:compile
+- org.mockito:mockito-all:jar:1.9.5:compile
+- ch.qos.logback:logback-classic:jar:1.1.1:compile
|  +- (ch.qos.logback:logback-core:jar:1.1.1:compile - omitted for duplicate)
|  \- (org.slf4j:slf4j-api:jar:1.7.6:compile - omitted for duplicate)
+- com.google.guava:guava:jar:15.0:compile
+- org.javatuples:javatuples:jar:1.2:compile
+- org.testng:testng:jar:6.8.7:test
|  +- junit:junit:jar:4.10:test
|  |  \- org.hamcrest:hamcrest-core:jar:1.1:test
|  +- org.beanshell:bsh:jar:2.0b4:test
|  +- com.beust:jcommander:jar:1.27:test
|  \- org.yaml:snakeyaml:jar:1.12:test
\- com.googlecode.json-simple:json-simple:jar:1.1.1:test
   \- (junit:junit:jar:4.10:test - omitted for duplicate)

