WARNING: Your kernel does not support swap limit capabilities or the cgroup is not mounted. Memory limited without swap.
com.scireum:sirius-db:jar:1.7.1
+- com.scireum:sirius-kernel:jar:3.3.3:compile
|  +- com.typesafe:config:jar:1.0.2:compile
|  +- com.google.guava:guava:jar:19.0:compile
|  +- log4j:log4j:jar:1.2.17:compile
|  +- com.google.code.findbugs:jsr305:jar:2.0.2:compile
|  \- org.fusesource:sigar:jar:1.6.4:compile
|     \- (log4j:log4j:jar:1.2.15:compile - omitted for conflict with 1.2.17)
+- com.scireum:sirius-kernel:test-jar:tests:12.9.1:test
|  +- (com.typesafe:config:jar:1.3.1:test - omitted for conflict with 1.0.2)
|  +- (com.google.guava:guava:jar:21.0:test - omitted for conflict with 19.0)
|  +- (log4j:log4j:jar:1.2.17:test - omitted for duplicate)
|  +- (com.google.code.findbugs:jsr305:jar:3.0.1:test - omitted for conflict with 2.0.2)
|  +- org.slf4j:slf4j-log4j12:jar:1.7.5:test
|  |  +- org.slf4j:slf4j-api:jar:1.7.5:test
|  |  \- (log4j:log4j:jar:1.2.17:test - omitted for duplicate)
|  \- com.palantir.docker.compose:docker-compose-rule-core:jar:0.34.0:test
|     +- com.jayway.awaitility:awaitility:jar:1.6.5:test
|     |  +- (org.hamcrest:hamcrest-library:jar:1.3:test - omitted for duplicate)
|     |  +- (org.hamcrest:hamcrest-core:jar:1.3:test - omitted for duplicate)
|     |  +- cglib:cglib-nodep:jar:3.1:test
|     |  \- (org.objenesis:objenesis:jar:2.1:test - omitted for conflict with 1.0)
|     +- com.github.zafarkhaja:java-semver:jar:0.9.0:test
|     +- (com.google.guava:guava:jar:18.0:test - omitted for conflict with 19.0)
|     +- (commons-io:commons-io:jar:2.4:test - omitted for duplicate)
|     +- joda-time:joda-time:jar:2.9.1:test
|     +- org.apache.commons:commons-lang3:jar:3.0:test
|     +- org.hamcrest:hamcrest-all:jar:1.3:test
|     +- (org.hamcrest:hamcrest-core:jar:1.3:test - omitted for duplicate)
|     \- (org.slf4j:slf4j-api:jar:1.7.12:test - omitted for conflict with 1.7.5)
+- org.apache.commons:commons-dbcp2:jar:2.1:compile
|  +- org.apache.commons:commons-pool2:jar:2.3:compile
|  \- commons-logging:commons-logging:jar:1.2:compile
+- org.hsqldb:hsqldb:jar:2.3.2:compile
+- org.mongodb:mongo-java-driver:jar:2.12.4:compile
+- redis.clients:jedis:jar:2.8.1:compile
|  \- (org.apache.commons:commons-pool2:jar:2.4.2:compile - omitted for conflict with 2.3)
+- junit:junit:jar:4.11:test
|  \- org.hamcrest:hamcrest-core:jar:1.3:test
+- com.googlecode.junit-toolbox:junit-toolbox:jar:2.0:test
|  +- commons-io:commons-io:jar:2.4:test
|  +- (junit:junit:jar:4.11:test - omitted for duplicate)
|  +- org.hamcrest:hamcrest-library:jar:1.3:test
|  |  \- (org.hamcrest:hamcrest-core:jar:1.3:test - omitted for duplicate)
|  \- org.mockito:mockito-core:jar:1.9.5:test
|     \- (org.objenesis:objenesis:jar:1.0:test - omitted for conflict with 2.1)
+- org.spockframework:spock-core:jar:0.7-groovy-2.0:test
|  +- junit:junit-dep:jar:4.10:test
|  |  \- (org.hamcrest:hamcrest-core:jar:1.1:test - omitted for conflict with 1.3)
|  +- org.codehaus.groovy:groovy-all:jar:2.0.5:test
|  \- (org.hamcrest:hamcrest-core:jar:1.3:test - omitted for duplicate)
+- cglib:cglib:jar:3.1:test
|  \- org.ow2.asm:asm:jar:4.2:test
\- org.objenesis:objenesis:jar:2.1:test

