WARNING: Your kernel does not support swap limit capabilities or the cgroup is not mounted. Memory limited without swap.
com.scireum:sirius-web:jar:4.0
+- com.scireum:sirius-kernel:jar:2.16:compile
|  +- com.typesafe:config:jar:1.0.2:compile
|  +- com.google.guava:guava:jar:19.0:compile
|  +- log4j:log4j:jar:1.2.17:compile
|  +- com.google.code.findbugs:jsr305:jar:2.0.2:compile
|  \- org.fusesource:sigar:jar:1.6.4:compile
|     \- (log4j:log4j:jar:1.2.15:compile - omitted for conflict with 1.2.17)
+- com.scireum:sirius-kernel:test-jar:tests:12.9.1:test
|  +- (com.typesafe:config:jar:1.3.1:test - omitted for conflict with 1.0.2)
|  +- (com.google.guava:guava:jar:21.0:test - omitted for conflict with 19.0)
|  +- (log4j:log4j:jar:1.2.17:test - omitted for duplicate)
|  +- (com.google.code.findbugs:jsr305:jar:3.0.1:test - omitted for conflict with 2.0.2)
|  +- (org.slf4j:slf4j-log4j12:jar:1.7.5:test - omitted for duplicate)
|  \- com.palantir.docker.compose:docker-compose-rule-core:jar:0.34.0:test
|     +- com.jayway.awaitility:awaitility:jar:1.6.5:test
|     |  +- (org.hamcrest:hamcrest-library:jar:1.3:test - omitted for duplicate)
|     |  +- (org.hamcrest:hamcrest-core:jar:1.3:test - omitted for duplicate)
|     |  +- cglib:cglib-nodep:jar:3.1:test
|     |  \- (org.objenesis:objenesis:jar:2.1:test - omitted for conflict with 1.0)
|     +- com.github.zafarkhaja:java-semver:jar:0.9.0:test
|     +- (com.google.guava:guava:jar:18.0:test - omitted for conflict with 19.0)
|     +- (commons-io:commons-io:jar:2.4:test - omitted for duplicate)
|     +- joda-time:joda-time:jar:2.9.1:test
|     +- (org.apache.commons:commons-lang3:jar:3.0:test - omitted for conflict with 3.1)
|     +- org.hamcrest:hamcrest-all:jar:1.3:test
|     +- (org.hamcrest:hamcrest-core:jar:1.3:test - omitted for duplicate)
|     \- (org.slf4j:slf4j-api:jar:1.7.12:test - omitted for conflict with 1.7.5)
+- com.scireum:sirius-ipl:jar:1.3:compile
+- io.netty:netty-all:jar:4.0.34.Final:compile
+- com.scireum:server-sass:jar:3.0:compile
|  \- com.scireum:parsii:jar:2.0:compile
+- org.rythmengine:rythm-engine:jar:1.0:compile
|  +- org.eclipse.jdt.core.compiler:ecj:jar:4.3.1:compile
|  +- com.stevesoft.pat:pat:jar:1.5.3:compile
|  +- org.apache.commons:commons-lang3:jar:3.1:compile
|  +- com.alibaba:fastjson:jar:1.1.37:compile
|  \- org.mvel:mvel2:jar:2.1.5.Final:compile
+- com.ning:async-http-client:jar:1.9.32:compile
|  +- io.netty:netty:jar:3.10.5.Final:compile
|  \- org.slf4j:slf4j-api:jar:1.7.12:compile
+- org.slf4j:slf4j-log4j12:jar:1.7.5:compile
|  +- (org.slf4j:slf4j-api:jar:1.7.5:compile - omitted for conflict with 1.7.12)
|  \- (log4j:log4j:jar:1.2.17:compile - omitted for duplicate)
+- com.google.zxing:core:jar:2.2:compile
+- com.google.zxing:javase:jar:2.2:compile
|  \- (com.google.zxing:core:jar:2.2:compile - omitted for duplicate)
+- javax.mail:mail:jar:1.4.7:compile
|  \- javax.activation:activation:jar:1.1:compile
+- org.apache.velocity:velocity:jar:1.7:compile
|  \- commons-lang:commons-lang:jar:2.4:compile
+- commons-collections:commons-collections:jar:3.2.2:compile
+- org.xhtmlrenderer:flying-saucer-pdf:jar:9.0.4:compile
|  +- com.lowagie:itext:jar:2.1.7:compile
|  \- org.xhtmlrenderer:flying-saucer-core:jar:9.0.4:compile
+- org.apache.poi:poi:jar:3.9:compile
|  \- commons-codec:commons-codec:jar:1.5:compile
+- org.apache.poi:poi-ooxml:jar:3.9:compile
|  +- (org.apache.poi:poi:jar:3.9:compile - omitted for duplicate)
|  +- org.apache.poi:poi-ooxml-schemas:jar:3.9:compile
|  |  \- org.apache.xmlbeans:xmlbeans:jar:2.3.0:compile
|  |     \- stax:stax-api:jar:1.0.1:compile
|  \- dom4j:dom4j:jar:1.6.1:compile
|     \- xml-apis:xml-apis:jar:1.0.b2:compile
+- junit:junit:jar:4.11:test
|  \- org.hamcrest:hamcrest-core:jar:1.3:test
+- com.googlecode.junit-toolbox:junit-toolbox:jar:2.0:test
|  +- commons-io:commons-io:jar:2.4:test
|  +- (junit:junit:jar:4.11:test - omitted for duplicate)
|  +- org.hamcrest:hamcrest-library:jar:1.3:test
|  |  \- (org.hamcrest:hamcrest-core:jar:1.3:test - omitted for duplicate)
|  \- org.mockito:mockito-core:jar:1.9.5:test
|     \- (org.objenesis:objenesis:jar:1.0:test - omitted for conflict with 2.1)
+- org.spockframework:spock-core:jar:0.7-groovy-2.0:test
|  +- junit:junit-dep:jar:4.10:test
|  |  \- (org.hamcrest:hamcrest-core:jar:1.1:test - omitted for conflict with 1.3)
|  +- org.codehaus.groovy:groovy-all:jar:2.0.5:test
|  \- (org.hamcrest:hamcrest-core:jar:1.3:test - omitted for duplicate)
+- cglib:cglib:jar:3.1:test
|  \- org.ow2.asm:asm:jar:4.2:test
\- org.objenesis:objenesis:jar:2.1:test

