WARNING: Your kernel does not support swap limit capabilities or the cgroup is not mounted. Memory limited without swap.
com.scireum:sirius-web:jar:18.9.2
+- com.scireum:sirius-kernel:jar:11.5:compile
|  +- com.typesafe:config:jar:1.3.1:compile
|  +- com.google.guava:guava:jar:21.0:compile
|  +- log4j:log4j:jar:1.2.17:compile
|  +- com.google.code.findbugs:jsr305:jar:3.0.1:compile
|  +- org.fusesource:sigar:jar:1.6.4:compile
|  |  \- (log4j:log4j:jar:1.2.15:compile - omitted for conflict with 1.2.17)
|  \- org.slf4j:slf4j-log4j12:jar:1.7.5:compile
|     +- (org.slf4j:slf4j-api:jar:1.7.5:compile - omitted for conflict with 1.7.12)
|     \- (log4j:log4j:jar:1.2.17:compile - omitted for duplicate)
+- com.scireum:sirius-kernel:test-jar:tests:11.5:test
|  +- (com.typesafe:config:jar:1.3.1:test - omitted for duplicate)
|  +- (com.google.guava:guava:jar:21.0:test - omitted for duplicate)
|  +- (log4j:log4j:jar:1.2.17:test - omitted for duplicate)
|  +- (com.google.code.findbugs:jsr305:jar:3.0.1:test - omitted for duplicate)
|  +- (org.fusesource:sigar:jar:1.6.4:test - omitted for duplicate)
|  \- (org.slf4j:slf4j-log4j12:jar:1.7.5:test - omitted for duplicate)
+- com.scireum:sirius-ipl:jar:1.3:compile
+- io.netty:netty-all:jar:4.1.13.Final:compile
+- com.scireum:server-sass:jar:4.2.1:compile
|  +- com.scireum:parsii:jar:3.1:compile
|  \- org.jetbrains.kotlin:kotlin-stdlib-jre8:jar:1.1.4-3:compile
|     +- org.jetbrains.kotlin:kotlin-stdlib:jar:1.1.4-3:compile
|     |  \- org.jetbrains:annotations:jar:13.0:compile
|     \- org.jetbrains.kotlin:kotlin-stdlib-jre7:jar:1.1.4-3:compile
|        \- (org.jetbrains.kotlin:kotlin-stdlib:jar:1.1.4-3:compile - omitted for duplicate)
+- com.alibaba:fastjson:jar:1.2.47:compile
+- com.ning:async-http-client:jar:1.9.40:compile
|  +- io.netty:netty:jar:3.10.6.Final:compile
|  \- org.slf4j:slf4j-api:jar:1.7.12:compile
+- com.google.zxing:core:jar:3.3.2:compile
+- com.google.zxing:javase:jar:3.3.2:compile
|  +- (com.google.zxing:core:jar:3.3.2:compile - omitted for duplicate)
|  +- com.beust:jcommander:jar:1.72:compile
|  \- com.github.jai-imageio:jai-imageio-core:jar:1.3.1:runtime
+- javax.mail:mail:jar:1.4.7:compile
|  \- javax.activation:activation:jar:1.1:compile
+- net.markenwerk:utils-mail-dkim:jar:1.1.7:compile
|  +- net.iharder:base64:jar:2.3.9:compile
|  +- net.markenwerk:utils-data-fetcher:jar:4.0.1:compile
|  |  \- net.markenwerk:commons-nulls:jar:1.0.2:compile
|  \- com.sun.mail:javax.mail:jar:1.5.5:compile
|     \- (javax.activation:activation:jar:1.1:compile - omitted for duplicate)
+- org.xhtmlrenderer:flying-saucer-pdf:jar:9.1.13:compile
|  +- com.lowagie:itext:jar:2.1.7:compile
|  +- org.bouncycastle:bcmail-jdk14:jar:1.59:compile
|  |  +- (org.bouncycastle:bcprov-jdk14:jar:1.59:compile - omitted for duplicate)
|  |  \- org.bouncycastle:bcpkix-jdk14:jar:1.59:compile
|  |     \- (org.bouncycastle:bcprov-jdk14:jar:1.59:compile - omitted for duplicate)
|  +- org.bouncycastle:bctsp-jdk14:jar:1.46:compile
|  |  +- (org.bouncycastle:bcprov-jdk14:jar:1.46:compile - omitted for conflict with 1.59)
|  |  \- (org.bouncycastle:bcmail-jdk14:jar:1.46:compile - omitted for conflict with 1.59)
|  +- org.bouncycastle:bcprov-jdk14:jar:1.59:compile
|  \- org.xhtmlrenderer:flying-saucer-core:jar:9.1.13:compile
+- org.apache.poi:poi:jar:3.9:compile
|  \- commons-codec:commons-codec:jar:1.5:compile
+- org.apache.poi:poi-ooxml:jar:3.9:compile
|  +- (org.apache.poi:poi:jar:3.9:compile - omitted for duplicate)
|  +- org.apache.poi:poi-ooxml-schemas:jar:3.9:compile
|  |  \- org.apache.xmlbeans:xmlbeans:jar:2.3.0:compile
|  |     \- stax:stax-api:jar:1.0.1:compile
|  \- dom4j:dom4j:jar:1.6.1:compile
|     \- xml-apis:xml-apis:jar:1.0.b2:compile
+- junit:junit:jar:4.12:test
|  \- org.hamcrest:hamcrest-core:jar:1.3:test
+- com.googlecode.junit-toolbox:junit-toolbox:jar:2.2:test
|  +- commons-io:commons-io:jar:2.4:test
|  +- (junit:junit:jar:4.12:test - omitted for duplicate)
|  +- org.hamcrest:hamcrest-library:jar:1.3:test
|  |  \- (org.hamcrest:hamcrest-core:jar:1.3:test - omitted for duplicate)
|  \- org.mockito:mockito-core:jar:1.9.5:test
|     \- (org.objenesis:objenesis:jar:1.0:test - omitted for conflict with 2.5.1)
+- org.spockframework:spock-core:jar:1.1-groovy-2.4:test
|  +- org.codehaus.groovy:groovy-all:jar:2.4.9:test
|  \- (junit:junit:jar:4.12:test - omitted for duplicate)
+- cglib:cglib:jar:3.2.5:test
|  +- org.ow2.asm:asm:jar:6.0_ALPHA:test
|  \- org.apache.ant:ant:jar:1.9.6:test
|     \- org.apache.ant:ant-launcher:jar:1.9.6:test
+- org.objenesis:objenesis:jar:2.5.1:test
\- com.palantir.docker.compose:docker-compose-rule-junit4:jar:0.31.1:test
   +- com.palantir.docker.compose:docker-compose-rule-core:jar:0.31.1:test
   |  +- (org.slf4j:slf4j-api:jar:1.7.12:test - omitted for duplicate)
   |  +- org.apache.commons:commons-lang3:jar:3.0:test
   |  +- (commons-io:commons-io:jar:2.4:test - omitted for duplicate)
   |  +- (com.google.guava:guava:jar:18.0:test - omitted for conflict with 21.0)
   |  +- joda-time:joda-time:jar:2.9.1:test
   |  +- com.github.zafarkhaja:java-semver:jar:0.9.0:test
   |  \- com.jayway.awaitility:awaitility:jar:1.6.5:test
   |     +- (org.hamcrest:hamcrest-library:jar:1.3:test - omitted for duplicate)
   |     +- (org.hamcrest:hamcrest-core:jar:1.3:test - omitted for duplicate)
   |     +- cglib:cglib-nodep:jar:3.1:test
   |     \- (org.objenesis:objenesis:jar:2.1:test - omitted for conflict with 2.5.1)
   \- (junit:junit:jar:4.12:test - omitted for duplicate)

