WARNING: Your kernel does not support swap limit capabilities or the cgroup is not mounted. Memory limited without swap.
com.scireum:sirius-kernel:jar:5.0.3
+- com.typesafe:config:jar:1.3.1:compile
+- com.google.guava:guava:jar:21.0:compile
+- log4j:log4j:jar:1.2.17:compile
+- com.google.code.findbugs:jsr305:jar:3.0.1:compile
+- org.fusesource:sigar:jar:1.6.4:compile
|  \- (log4j:log4j:jar:1.2.15:compile - omitted for conflict with 1.2.17)
+- junit:junit:jar:4.12:test
|  \- org.hamcrest:hamcrest-core:jar:1.3:test
+- com.googlecode.junit-toolbox:junit-toolbox:jar:2.2:test
|  +- commons-io:commons-io:jar:2.4:test
|  +- (junit:junit:jar:4.12:test - omitted for duplicate)
|  +- org.hamcrest:hamcrest-library:jar:1.3:test
|  |  \- (org.hamcrest:hamcrest-core:jar:1.3:test - omitted for duplicate)
|  \- org.mockito:mockito-core:jar:1.9.5:test
|     \- (org.objenesis:objenesis:jar:1.0:test - omitted for conflict with 2.5.1)
+- org.spockframework:spock-core:jar:0.7-groovy-2.0:test
|  +- junit:junit-dep:jar:4.10:test
|  |  \- (org.hamcrest:hamcrest-core:jar:1.1:test - omitted for conflict with 1.3)
|  +- org.codehaus.groovy:groovy-all:jar:2.0.5:test
|  \- (org.hamcrest:hamcrest-core:jar:1.3:test - omitted for duplicate)
+- cglib:cglib:jar:3.2.4:test
|  +- org.ow2.asm:asm:jar:6.0_ALPHA:test
|  \- org.apache.ant:ant:jar:1.9.6:test
|     \- org.apache.ant:ant-launcher:jar:1.9.6:test
\- org.objenesis:objenesis:jar:2.5.1:test

