WARNING: Your kernel does not support swap limit capabilities or the cgroup is not mounted. Memory limited without swap.
com.scireum:sirius-kernel:jar:11.4
+- com.typesafe:config:jar:1.3.1:compile
+- com.google.guava:guava:jar:21.0:compile
+- log4j:log4j:jar:1.2.17:compile
+- com.google.code.findbugs:jsr305:jar:3.0.1:compile
+- org.fusesource:sigar:jar:1.6.4:compile
|  \- (log4j:log4j:jar:1.2.15:compile - omitted for conflict with 1.2.17)
+- org.slf4j:slf4j-log4j12:jar:1.7.5:compile
|  +- org.slf4j:slf4j-api:jar:1.7.5:compile
|  \- (log4j:log4j:jar:1.2.17:compile - omitted for duplicate)
+- junit:junit:jar:4.12:test
|  \- org.hamcrest:hamcrest-core:jar:1.3:test
+- com.googlecode.junit-toolbox:junit-toolbox:jar:2.2:test
|  +- commons-io:commons-io:jar:2.4:test
|  +- (junit:junit:jar:4.12:test - omitted for duplicate)
|  +- org.hamcrest:hamcrest-library:jar:1.3:test
|  |  \- (org.hamcrest:hamcrest-core:jar:1.3:test - omitted for duplicate)
|  \- org.mockito:mockito-core:jar:1.9.5:test
|     \- (org.objenesis:objenesis:jar:1.0:test - omitted for conflict with 2.5.1)
+- org.spockframework:spock-core:jar:1.1-groovy-2.4:test
|  +- org.codehaus.groovy:groovy-all:jar:2.4.9:test
|  \- (junit:junit:jar:4.12:test - omitted for duplicate)
+- cglib:cglib:jar:3.2.5:test
|  +- org.ow2.asm:asm:jar:6.0_ALPHA:test
|  \- org.apache.ant:ant:jar:1.9.6:test
|     \- org.apache.ant:ant-launcher:jar:1.9.6:test
+- org.objenesis:objenesis:jar:2.5.1:test
\- com.palantir.docker.compose:docker-compose-rule-junit4:jar:0.31.1:test
   +- com.palantir.docker.compose:docker-compose-rule-core:jar:0.31.1:test
   |  +- (org.slf4j:slf4j-api:jar:1.7.12:test - omitted for conflict with 1.7.5)
   |  +- org.apache.commons:commons-lang3:jar:3.0:test
   |  +- (commons-io:commons-io:jar:2.4:test - omitted for duplicate)
   |  +- (com.google.guava:guava:jar:18.0:test - omitted for conflict with 21.0)
   |  +- joda-time:joda-time:jar:2.9.1:test
   |  +- com.github.zafarkhaja:java-semver:jar:0.9.0:test
   |  \- com.jayway.awaitility:awaitility:jar:1.6.5:test
   |     +- (org.hamcrest:hamcrest-library:jar:1.3:test - omitted for duplicate)
   |     +- (org.hamcrest:hamcrest-core:jar:1.3:test - omitted for duplicate)
   |     +- cglib:cglib-nodep:jar:3.1:test
   |     \- (org.objenesis:objenesis:jar:2.1:test - omitted for conflict with 2.5.1)
   \- (junit:junit:jar:4.12:test - omitted for duplicate)

