WARNING: Your kernel does not support swap limit capabilities or the cgroup is not mounted. Memory limited without swap.
org.kuali.maven.wagons:maven-s3-wagon:jar:1.1.13
+- junit:junit:jar:4.10:test
|  \- org.hamcrest:hamcrest-core:jar:1.1:test
+- com.amazonaws:aws-java-sdk:jar:1.3.8:compile
+- org.codehaus.jackson:jackson-mapper-asl:jar:1.9.6:compile
|  \- org.codehaus.jackson:jackson-core-asl:jar:1.9.6:compile
+- org.apache.httpcomponents:httpclient:jar:4.2-beta1:compile
|  +- org.apache.httpcomponents:httpcore:jar:4.2-beta1:compile
|  \- commons-codec:commons-codec:jar:1.4:compile
+- org.apache.maven.wagon:wagon-provider-api:jar:2.2:compile
|  \- org.codehaus.plexus:plexus-utils:jar:3.0:compile
+- commons-io:commons-io:jar:2.3:compile
+- commons-lang:commons-lang:jar:2.6:compile
+- org.kuali.common:kuali-threads:jar:1.0.9:compile
|  +- org.slf4j:slf4j-api:jar:1.6.4:compile
|  \- (org.slf4j:slf4j-log4j12:jar:1.6.4:runtime - omitted for duplicate)
+- org.slf4j:slf4j-log4j12:jar:1.6.4:compile
|  +- (org.slf4j:slf4j-api:jar:1.6.4:compile - omitted for duplicate)
|  \- log4j:log4j:jar:1.2.16:compile
\- org.slf4j:jcl-over-slf4j:jar:1.6.4:compile
   \- (org.slf4j:slf4j-api:jar:1.6.4:compile - omitted for duplicate)

