WARNING: Your kernel does not support swap limit capabilities or the cgroup is not mounted. Memory limited without swap.
me.shadorc.shadbot:shadbot:jar:3.0.3
+- com.discord4j:discord4j-core:jar:3.0.0:compile
|  +- com.discord4j:discord4j-rest:jar:3.0.0:compile
|  |  +- com.discord4j:discord4j-common:jar:3.0.0:compile
|  |  |  +- io.projectreactor.netty:reactor-netty:jar:0.8.5.RELEASE:compile
|  |  |  |  +- io.netty:netty-codec-http:jar:4.1.33.Final:compile
|  |  |  |  |  +- io.netty:netty-common:jar:4.1.33.Final:compile
|  |  |  |  |  +- io.netty:netty-buffer:jar:4.1.33.Final:compile
|  |  |  |  |  |  \- (io.netty:netty-common:jar:4.1.33.Final:compile - omitted for duplicate)
|  |  |  |  |  +- io.netty:netty-transport:jar:4.1.33.Final:compile
|  |  |  |  |  |  +- (io.netty:netty-common:jar:4.1.33.Final:compile - omitted for duplicate)
|  |  |  |  |  |  +- (io.netty:netty-buffer:jar:4.1.33.Final:compile - omitted for duplicate)
|  |  |  |  |  |  \- io.netty:netty-resolver:jar:4.1.33.Final:compile
|  |  |  |  |  |     \- (io.netty:netty-common:jar:4.1.33.Final:compile - omitted for duplicate)
|  |  |  |  |  \- io.netty:netty-codec:jar:4.1.33.Final:compile
|  |  |  |  |     +- (io.netty:netty-common:jar:4.1.33.Final:compile - omitted for duplicate)
|  |  |  |  |     +- (io.netty:netty-buffer:jar:4.1.33.Final:compile - omitted for duplicate)
|  |  |  |  |     \- (io.netty:netty-transport:jar:4.1.33.Final:compile - omitted for duplicate)
|  |  |  |  +- io.netty:netty-codec-http2:jar:4.1.33.Final:compile
|  |  |  |  |  +- (io.netty:netty-common:jar:4.1.33.Final:compile - omitted for duplicate)
|  |  |  |  |  +- (io.netty:netty-buffer:jar:4.1.33.Final:compile - omitted for duplicate)
|  |  |  |  |  +- (io.netty:netty-transport:jar:4.1.33.Final:compile - omitted for duplicate)
|  |  |  |  |  +- (io.netty:netty-codec:jar:4.1.33.Final:compile - omitted for duplicate)
|  |  |  |  |  +- (io.netty:netty-handler:jar:4.1.33.Final:compile - omitted for duplicate)
|  |  |  |  |  \- (io.netty:netty-codec-http:jar:4.1.33.Final:compile - omitted for duplicate)
|  |  |  |  +- io.netty:netty-handler:jar:4.1.33.Final:compile
|  |  |  |  |  +- (io.netty:netty-common:jar:4.1.33.Final:compile - omitted for duplicate)
|  |  |  |  |  +- (io.netty:netty-buffer:jar:4.1.33.Final:compile - omitted for duplicate)
|  |  |  |  |  +- (io.netty:netty-transport:jar:4.1.33.Final:compile - omitted for duplicate)
|  |  |  |  |  \- (io.netty:netty-codec:jar:4.1.33.Final:compile - omitted for duplicate)
|  |  |  |  +- io.netty:netty-handler-proxy:jar:4.1.33.Final:compile
|  |  |  |  |  +- (io.netty:netty-common:jar:4.1.33.Final:compile - omitted for duplicate)
|  |  |  |  |  +- (io.netty:netty-buffer:jar:4.1.33.Final:compile - omitted for duplicate)
|  |  |  |  |  +- (io.netty:netty-transport:jar:4.1.33.Final:compile - omitted for duplicate)
|  |  |  |  |  +- (io.netty:netty-codec:jar:4.1.33.Final:compile - omitted for duplicate)
|  |  |  |  |  +- io.netty:netty-codec-socks:jar:4.1.33.Final:compile
|  |  |  |  |  |  +- (io.netty:netty-common:jar:4.1.33.Final:compile - omitted for duplicate)
|  |  |  |  |  |  +- (io.netty:netty-buffer:jar:4.1.33.Final:compile - omitted for duplicate)
|  |  |  |  |  |  +- (io.netty:netty-transport:jar:4.1.33.Final:compile - omitted for duplicate)
|  |  |  |  |  |  \- (io.netty:netty-codec:jar:4.1.33.Final:compile - omitted for duplicate)
|  |  |  |  |  \- (io.netty:netty-codec-http:jar:4.1.33.Final:compile - omitted for duplicate)
|  |  |  |  +- io.netty:netty-transport-native-epoll:jar:linux-x86_64:4.1.33.Final:compile
|  |  |  |  |  +- (io.netty:netty-common:jar:4.1.33.Final:compile - omitted for duplicate)
|  |  |  |  |  +- (io.netty:netty-buffer:jar:4.1.33.Final:compile - omitted for duplicate)
|  |  |  |  |  +- (io.netty:netty-transport:jar:4.1.33.Final:compile - omitted for duplicate)
|  |  |  |  |  \- io.netty:netty-transport-native-unix-common:jar:4.1.33.Final:compile
|  |  |  |  |     +- (io.netty:netty-common:jar:4.1.33.Final:compile - omitted for duplicate)
|  |  |  |  |     +- (io.netty:netty-buffer:jar:4.1.33.Final:compile - omitted for duplicate)
|  |  |  |  |     \- (io.netty:netty-transport:jar:4.1.33.Final:compile - omitted for duplicate)
|  |  |  |  \- (io.projectreactor:reactor-core:jar:3.2.6.RELEASE:compile - omitted for conflict with 3.2.5.RELEASE)
|  |  |  +- (com.fasterxml.jackson.core:jackson-databind:jar:2.9.8:compile - omitted for conflict with 2.9.4)
|  |  |  \- com.fasterxml.jackson.datatype:jackson-datatype-jdk8:jar:2.9.8:compile
|  |  |     +- (com.fasterxml.jackson.core:jackson-core:jar:2.9.8:compile - omitted for duplicate)
|  |  |     \- (com.fasterxml.jackson.core:jackson-databind:jar:2.9.8:compile - omitted for duplicate)
|  |  \- io.projectreactor.addons:reactor-extra:jar:3.2.2.RELEASE:compile
|  |     \- io.projectreactor:reactor-core:jar:3.2.5.RELEASE:compile
|  |        \- org.reactivestreams:reactive-streams:jar:1.0.2:compile
|  +- com.discord4j:discord4j-gateway:jar:3.0.0:compile
|  |  +- (com.discord4j:discord4j-common:jar:3.0.0:compile - omitted for duplicate)
|  |  \- (io.projectreactor.addons:reactor-extra:jar:3.2.2.RELEASE:compile - omitted for duplicate)
|  +- com.discord4j:discord4j-voice:jar:3.0.0:compile
|  |  +- (com.discord4j:discord4j-common:jar:3.0.0:compile - omitted for duplicate)
|  |  \- com.discord4j:simple-fsm:jar:1.0.1:compile
|  \- com.discord4j:stores-jdk:jar:1.0.0:compile
|     \- com.discord4j:stores-common:jar:1.0.0:compile
|        +- com.discord4j:stores-api:jar:1.0.0:compile
|        |  +- (io.projectreactor:reactor-core:jar:3.2.6.RELEASE:compile - omitted for conflict with 3.2.5.RELEASE)
|        |  \- com.austinv11.servicer:Servicer:jar:1.0.0:compile
|        \- (commons-codec:commons-codec:jar:1.12:compile - omitted for conflict with 1.10)
+- ch.qos.logback:logback-classic:jar:1.3.0-alpha4:compile
|  +- ch.qos.logback:logback-core:jar:1.3.0-alpha4:compile
|  +- org.slf4j:slf4j-api:jar:1.8.0-beta1:compile
|  \- com.sun.mail:javax.mail:jar:1.6.0:runtime
|     \- javax.activation:activation:jar:1.1:runtime
+- org.json:json:jar:20180813:compile
+- com.sedmelluq:lavaplayer:jar:1.3.10:compile
|  +- com.sedmelluq:lavaplayer-common:jar:1.0.6:compile
|  |  +- (org.slf4j:slf4j-api:jar:1.7.25:runtime - omitted for conflict with 1.8.0-beta1)
|  |  \- (commons-io:commons-io:jar:2.6:runtime - omitted for duplicate)
|  +- com.sedmelluq:lavaplayer-natives:jar:1.2.55:compile
|  +- (org.slf4j:slf4j-api:jar:1.7.25:compile - omitted for conflict with 1.8.0-beta1)
|  +- org.apache.httpcomponents:httpclient:jar:4.5.5:compile
|  |  +- org.apache.httpcomponents:httpcore:jar:4.4.9:compile
|  |  +- commons-logging:commons-logging:jar:1.2:compile
|  |  \- commons-codec:commons-codec:jar:1.10:compile
|  +- commons-io:commons-io:jar:2.6:compile
|  +- com.fasterxml.jackson.core:jackson-core:jar:2.9.4:compile
|  +- com.fasterxml.jackson.core:jackson-databind:jar:2.9.4:compile
|  |  +- com.fasterxml.jackson.core:jackson-annotations:jar:2.9.0:compile
|  |  \- (com.fasterxml.jackson.core:jackson-core:jar:2.9.4:compile - omitted for duplicate)
|  +- org.jsoup:jsoup:jar:1.11.2:compile
|  \- net.iharder:base64:jar:2.3.9:compile
+- net.aksingh:owm-japis:jar:2.5.2.3:compile
|  +- com.google.code.gson:gson:jar:2.8.5:compile
|  +- com.squareup.retrofit2:retrofit:jar:2.4.0:compile
|  |  \- com.squareup.okhttp3:okhttp:jar:3.10.0:compile
|  |     \- com.squareup.okio:okio:jar:1.14.0:compile
|  +- com.squareup.retrofit2:converter-gson:jar:2.4.0:compile
|  |  +- (com.squareup.retrofit2:retrofit:jar:2.4.0:compile - omitted for duplicate)
|  |  \- (com.google.code.gson:gson:jar:2.8.2:compile - omitted for conflict with 2.8.5)
|  +- org.jetbrains.kotlin:kotlin-stdlib:jar:1.2.71:compile
|  |  +- org.jetbrains.kotlin:kotlin-stdlib-common:jar:1.2.71:compile
|  |  \- org.jetbrains:annotations:jar:13.0:compile
|  \- org.jetbrains.kotlin:kotlin-stdlib-jdk8:jar:1.2.71:compile
|     +- (org.jetbrains.kotlin:kotlin-stdlib:jar:1.2.71:compile - omitted for duplicate)
|     \- org.jetbrains.kotlin:kotlin-stdlib-jdk7:jar:1.2.71:compile
|        \- (org.jetbrains.kotlin:kotlin-stdlib:jar:1.2.71:compile - omitted for duplicate)
+- com.ivkos:wallhaven4j:jar:1.3.0:compile
|  +- com.google.guava:guava:jar:19.0:compile
|  +- (com.google.code.gson:gson:jar:2.7:compile - omitted for conflict with 2.8.5)
|  +- (org.jsoup:jsoup:jar:1.9.2:compile - omitted for conflict with 1.11.2)
|  +- joda-time:joda-time:jar:2.9.4:compile
|  +- com.google.inject:guice:jar:4.1.0:compile
|  |  +- javax.inject:javax.inject:jar:1:compile
|  |  +- aopalliance:aopalliance:jar:1.0:compile
|  |  \- (com.google.guava:guava:jar:19.0:compile - omitted for duplicate)
|  +- com.google.inject.extensions:guice-assistedinject:jar:4.1.0:compile
|  |  \- (com.google.inject:guice:jar:4.1.0:compile - omitted for duplicate)
|  \- (org.apache.httpcomponents:httpclient:jar:4.5.2:compile - omitted for conflict with 4.5.5)
+- commons-cli:commons-cli:jar:1.4:compile
+- org.reflections:reflections:jar:0.9.11:compile
|  +- (com.google.guava:guava:jar:20.0:compile - omitted for conflict with 19.0)
|  \- org.javassist:javassist:jar:3.21.0-GA:compile
+- org.apache.commons:commons-lang3:jar:3.8.1:compile
+- com.github.vladimir-bukhtoyarov:bucket4j-core:jar:4.3.0:compile
\- com.fathzer:javaluator:jar:3.0.2:compile

