WARNING: Your kernel does not support swap limit capabilities or the cgroup is not mounted. Memory limited without swap.
me.shadorc.shadbot:shadbot:jar:2.1.0
+- discord4j:Discord4J:jar:2.12.2:compile
+- org.slf4j:slf4j-log4j12:jar:1.7.25:compile
|  +- org.slf4j:slf4j-api:jar:1.7.25:compile
|  \- log4j:log4j:jar:1.2.17:compile
+- org.twitter4j:twitter4j-core:jar:4.0.6:compile
+- com.sedmelluq:lavaplayer:jar:1.2.56:compile
|  +- com.sedmelluq:lavaplayer-common:jar:1.0.6:runtime
|  |  +- (org.slf4j:slf4j-api:jar:1.7.25:runtime - omitted for duplicate)
|  |  \- (commons-io:commons-io:jar:2.6:runtime - omitted for duplicate)
|  +- com.sedmelluq:lavaplayer-natives:jar:1.2.55:runtime
|  +- (org.slf4j:slf4j-api:jar:1.7.25:runtime - omitted for duplicate)
|  +- (org.apache.httpcomponents:httpclient:jar:4.5.5:compile - scope updated from runtime; omitted for duplicate)
|  +- commons-io:commons-io:jar:2.6:runtime
|  +- com.fasterxml.jackson.core:jackson-core:jar:2.9.4:runtime
|  +- com.fasterxml.jackson.core:jackson-databind:jar:2.9.4:runtime
|  |  +- com.fasterxml.jackson.core:jackson-annotations:jar:2.9.0:runtime
|  |  \- (com.fasterxml.jackson.core:jackson-core:jar:2.9.4:runtime - omitted for duplicate)
|  +- (org.jsoup:jsoup:jar:1.11.2:compile - scope updated from runtime; omitted for duplicate)
|  \- net.iharder:base64:jar:2.3.9:runtime
+- openweathermap:owm-japis:jar:2.5.0.5:compile
+- shadorc:overwatch4j:jar:0.2.1:compile
+- com.ivkos:wallhaven4j:jar:1.3.0:compile
|  +- com.google.guava:guava:jar:19.0:compile
|  +- com.google.code.gson:gson:jar:2.7:compile
|  +- org.jsoup:jsoup:jar:1.11.2:compile
|  +- joda-time:joda-time:jar:2.9.4:compile
|  +- com.google.inject:guice:jar:4.1.0:compile
|  |  +- javax.inject:javax.inject:jar:1:compile
|  |  +- aopalliance:aopalliance:jar:1.0:compile
|  |  \- (com.google.guava:guava:jar:19.0:compile - omitted for duplicate)
|  +- com.google.inject.extensions:guice-assistedinject:jar:4.1.0:compile
|  |  \- (com.google.inject:guice:jar:4.1.0:compile - omitted for duplicate)
|  \- org.apache.httpcomponents:httpclient:jar:4.5.5:compile
|     +- org.apache.httpcomponents:httpcore:jar:4.4.4:compile
|     +- commons-logging:commons-logging:jar:1.2:compile
|     \- commons-codec:commons-codec:jar:1.9:compile
+- commons-cli:commons-cli:jar:1.4:compile
\- org.reflections:reflections:jar:0.9.11:compile
   +- (com.google.guava:guava:jar:20.0:compile - omitted for conflict with 19.0)
   \- org.javassist:javassist:jar:3.21.0-GA:compile

