WARNING: Your kernel does not support swap limit capabilities or the cgroup is not mounted. Memory limited without swap.
de.simonsator:BungeecordPartyAndFriends:jar:1.0.35
\- net.md-5:bungeecord-api:jar:1.10-SNAPSHOT:compile
   +- net.md-5:bungeecord-chat:jar:1.10-SNAPSHOT:compile
   |  +- com.google.code.gson:gson:jar:2.3.1:compile
   |  \- (com.google.guava:guava:jar:18.0:compile - omitted for duplicate)
   +- net.md-5:bungeecord-config:jar:1.10-SNAPSHOT:compile
   |  +- org.yaml:snakeyaml:jar:1.14:compile
   |  \- (com.google.guava:guava:jar:18.0:compile - omitted for duplicate)
   +- net.md-5:bungeecord-event:jar:1.10-SNAPSHOT:compile
   |  \- (com.google.guava:guava:jar:18.0:compile - omitted for duplicate)
   +- net.md-5:bungeecord-protocol:jar:1.10-SNAPSHOT:compile
   |  +- (net.md-5:bungeecord-chat:jar:1.10-SNAPSHOT:compile - omitted for duplicate)
   |  +- io.netty:netty-codec:jar:4.1.5.Final:compile
   |  |  \- io.netty:netty-transport:jar:4.1.5.Final:compile
   |  |     +- io.netty:netty-buffer:jar:4.1.5.Final:compile
   |  |     |  \- io.netty:netty-common:jar:4.1.5.Final:compile
   |  |     \- io.netty:netty-resolver:jar:4.1.5.Final:compile
   |  |        \- (io.netty:netty-common:jar:4.1.5.Final:compile - omitted for duplicate)
   |  +- net.sf.trove4j:trove4j:jar:3.0.3:compile
   |  \- (com.google.guava:guava:jar:18.0:compile - omitted for duplicate)
   \- com.google.guava:guava:jar:18.0:compile

