WARNING: Your kernel does not support swap limit capabilities or the cgroup is not mounted. Memory limited without swap.
de.simonsator:BungeecordPartyAndFriends:jar:1.0.43
\- net.md-5:bungeecord-api:jar:LATEST:provided
   +- net.md-5:bungeecord-chat:jar:1.16-R0.5-SNAPSHOT:provided
   |  +- com.google.code.gson:gson:jar:2.8.0:provided
   |  \- (com.google.guava:guava:jar:21.0:provided - omitted for duplicate)
   +- net.md-5:bungeecord-config:jar:1.16-R0.5-SNAPSHOT:provided
   |  \- (com.google.guava:guava:jar:21.0:provided - omitted for duplicate)
   +- net.md-5:bungeecord-event:jar:1.16-R0.5-SNAPSHOT:provided
   |  \- (com.google.guava:guava:jar:21.0:provided - omitted for duplicate)
   +- net.md-5:bungeecord-protocol:jar:1.16-R0.5-SNAPSHOT:provided
   |  +- net.md-5:brigadier:jar:1.0.16-SNAPSHOT:provided
   |  +- (net.md-5:bungeecord-chat:jar:1.16-R0.5-SNAPSHOT:provided - omitted for duplicate)
   |  +- io.netty:netty-codec:jar:4.1.58.Final:provided
   |  |  +- (io.netty:netty-common:jar:4.1.58.Final:provided - omitted for duplicate)
   |  |  +- (io.netty:netty-buffer:jar:4.1.58.Final:provided - omitted for duplicate)
   |  |  \- (io.netty:netty-transport:jar:4.1.58.Final:provided - omitted for duplicate)
   |  +- net.sf.trove4j:core:jar:3.1.0:provided
   |  +- se.llbit:jo-nbt:jar:1.3.0:provided
   |  \- (com.google.guava:guava:jar:21.0:provided - omitted for duplicate)
   +- io.netty:netty-transport-native-unix-common:jar:4.1.58.Final:provided
   |  +- io.netty:netty-common:jar:4.1.58.Final:provided
   |  +- io.netty:netty-buffer:jar:4.1.58.Final:provided
   |  |  \- (io.netty:netty-common:jar:4.1.58.Final:provided - omitted for duplicate)
   |  \- io.netty:netty-transport:jar:4.1.58.Final:provided
   |     +- (io.netty:netty-common:jar:4.1.58.Final:provided - omitted for duplicate)
   |     +- (io.netty:netty-buffer:jar:4.1.58.Final:provided - omitted for duplicate)
   |     \- io.netty:netty-resolver:jar:4.1.58.Final:provided
   |        \- (io.netty:netty-common:jar:4.1.58.Final:provided - omitted for duplicate)
   +- org.yaml:snakeyaml:jar:1.27:provided
   \- com.google.guava:guava:jar:21.0:provided

