WARNING: Your kernel does not support swap limit capabilities or the cgroup is not mounted. Memory limited without swap.
de.simonsator:BungeecordPartyAndFriends:jar:1.0.49
+- net.md-5:bungeecord-api:jar:1.10-SNAPSHOT:provided
|  +- net.md-5:bungeecord-chat:jar:1.10-SNAPSHOT:provided
|  |  +- com.google.code.gson:gson:jar:2.3.1:provided
|  |  \- (com.google.guava:guava:jar:18.0:provided - omitted for duplicate)
|  +- net.md-5:bungeecord-config:jar:1.10-SNAPSHOT:provided
|  |  +- org.yaml:snakeyaml:jar:1.14:provided
|  |  \- (com.google.guava:guava:jar:18.0:provided - omitted for duplicate)
|  +- net.md-5:bungeecord-event:jar:1.10-SNAPSHOT:provided
|  |  \- (com.google.guava:guava:jar:18.0:provided - omitted for duplicate)
|  +- net.md-5:bungeecord-protocol:jar:1.10-SNAPSHOT:provided
|  |  +- (net.md-5:bungeecord-chat:jar:1.10-SNAPSHOT:provided - omitted for duplicate)
|  |  +- io.netty:netty-codec:jar:4.1.5.Final:provided
|  |  |  \- io.netty:netty-transport:jar:4.1.5.Final:provided
|  |  |     +- io.netty:netty-buffer:jar:4.1.5.Final:provided
|  |  |     |  \- io.netty:netty-common:jar:4.1.5.Final:provided
|  |  |     \- io.netty:netty-resolver:jar:4.1.5.Final:provided
|  |  |        \- (io.netty:netty-common:jar:4.1.5.Final:provided - omitted for duplicate)
|  |  +- net.sf.trove4j:trove4j:jar:3.0.3:provided
|  |  \- (com.google.guava:guava:jar:18.0:provided - omitted for duplicate)
|  \- com.google.guava:guava:jar:18.0:provided
\- net.md-5:bungeecord-api:javadoc:javadoc:1.10-SNAPSHOT:provided
   +- (net.md-5:bungeecord-chat:jar:1.10-SNAPSHOT:provided - omitted for duplicate)
   +- (net.md-5:bungeecord-config:jar:1.10-SNAPSHOT:provided - omitted for duplicate)
   +- (net.md-5:bungeecord-event:jar:1.10-SNAPSHOT:provided - omitted for duplicate)
   +- (net.md-5:bungeecord-protocol:jar:1.10-SNAPSHOT:provided - omitted for duplicate)
   \- (com.google.guava:guava:jar:18.0:provided - omitted for duplicate)

