WARNING: Your kernel does not support swap limit capabilities or the cgroup is not mounted. Memory limited without swap.
com.smartling:smartling-api-sdk:jar:4.0.24
+- org.apache.commons:commons-lang3:jar:3.1:compile
+- org.apache.httpcomponents:httpclient:jar:4.5.5:compile
|  +- org.apache.httpcomponents:httpcore:jar:4.4.9:compile
|  \- commons-codec:commons-codec:jar:1.10:compile
+- org.apache.httpcomponents:httpmime:jar:4.5.5:compile
+- commons-io:commons-io:jar:2.0.1:compile
+- commons-logging:commons-logging:jar:1.2:compile
+- com.google.code.gson:gson:jar:2.4:compile
+- junit:junit:jar:4.12:test
|  \- org.hamcrest:hamcrest-core:jar:1.3:test
+- org.mockito:mockito-all:jar:1.10.8:test
+- org.powermock:powermock-module-junit4:jar:1.6.1:test
|  \- org.powermock:powermock-module-junit4-common:jar:1.6.1:test
|     +- org.powermock:powermock-core:jar:1.6.1:test
|     |  +- (org.powermock:powermock-reflect:jar:1.6.1:test - omitted for duplicate)
|     |  \- org.javassist:javassist:jar:3.18.2-GA:test
|     \- org.powermock:powermock-reflect:jar:1.6.1:test
|        \- org.objenesis:objenesis:jar:2.1:test
+- org.powermock:powermock-api-mockito:jar:1.6.1:test
|  \- org.powermock:powermock-api-support:jar:1.6.1:test
+- org.jmockit:jmockit:jar:1.22:test
+- commons-collections:commons-collections:jar:3.2.1:compile
+- com.smartling:public-api-commons:jar:1.3.0-RELEASE:compile
\- org.bitbucket.b_c:jose4j:jar:0.4.4:compile
   \- org.slf4j:slf4j-api:jar:1.7.6:compile

