WARNING: Your kernel does not support swap limit capabilities or the cgroup is not mounted. Memory limited without swap.
com.sothawo:mapjfx:jar:2.5.0
+- org.slf4j:slf4j-api:jar:1.7.25:compile
+- org.openjfx:javafx-web:jar:11:compile
|  +- org.openjfx:javafx-web:jar:linux:11:compile
|  |  +- (org.openjfx:javafx-web:jar:linux:11:compile - omitted for cycle)
|  |  +- (org.openjfx:javafx-web:jar:linux:11:compile - omitted for duplicate)
|  |  +- (org.openjfx:javafx-controls:jar:11:compile - omitted for duplicate)
|  |  \- (org.openjfx:javafx-media:jar:11:compile - omitted for duplicate)
|  +- org.openjfx:javafx-controls:jar:11:compile
|  |  +- org.openjfx:javafx-controls:jar:linux:11:compile
|  |  |  +- (org.openjfx:javafx-controls:jar:linux:11:compile - omitted for cycle)
|  |  |  +- (org.openjfx:javafx-controls:jar:linux:11:compile - omitted for duplicate)
|  |  |  \- (org.openjfx:javafx-graphics:jar:11:compile - omitted for duplicate)
|  |  \- org.openjfx:javafx-graphics:jar:11:compile
|  |     +- org.openjfx:javafx-graphics:jar:linux:11:compile
|  |     |  +- (org.openjfx:javafx-graphics:jar:linux:11:compile - omitted for cycle)
|  |     |  +- (org.openjfx:javafx-graphics:jar:linux:11:compile - omitted for duplicate)
|  |     |  \- (org.openjfx:javafx-base:jar:11:compile - omitted for duplicate)
|  |     \- org.openjfx:javafx-base:jar:11:compile
|  |        \- org.openjfx:javafx-base:jar:linux:11:compile
|  |           +- (org.openjfx:javafx-base:jar:linux:11:compile - omitted for cycle)
|  |           \- (org.openjfx:javafx-base:jar:linux:11:compile - omitted for duplicate)
|  \- org.openjfx:javafx-media:jar:11:compile
|     +- org.openjfx:javafx-media:jar:linux:11:compile
|     |  +- (org.openjfx:javafx-media:jar:linux:11:compile - omitted for cycle)
|     |  +- (org.openjfx:javafx-media:jar:linux:11:compile - omitted for duplicate)
|     |  \- (org.openjfx:javafx-graphics:jar:11:compile - omitted for duplicate)
|     \- (org.openjfx:javafx-graphics:jar:11:compile - omitted for duplicate)
+- ch.qos.logback:logback-classic:jar:1.2.3:provided
|  +- ch.qos.logback:logback-core:jar:1.2.3:provided
|  \- (org.slf4j:slf4j-api:jar:1.7.25:provided - omitted for duplicate)
\- junit:junit:jar:4.12:test
   \- org.hamcrest:hamcrest-core:jar:1.3:test

