WARNING: Your kernel does not support swap limit capabilities or the cgroup is not mounted. Memory limited without swap.
com.spotify:docker-client:jar:8.8.4
+- org.slf4j:slf4j-api:jar:1.7.22:compile
+- com.google.guava:guava:jar:20.0:compile
+- com.fasterxml.jackson.jaxrs:jackson-jaxrs-json-provider:jar:2.8.8:compile
|  +- com.fasterxml.jackson.jaxrs:jackson-jaxrs-base:jar:2.8.8:compile
|  |  +- (com.fasterxml.jackson.core:jackson-core:jar:2.8.8:compile - omitted for duplicate)
|  |  \- (com.fasterxml.jackson.core:jackson-databind:jar:2.8.8:compile - omitted for duplicate)
|  +- com.fasterxml.jackson.core:jackson-core:jar:2.8.8:compile
|  +- (com.fasterxml.jackson.core:jackson-databind:jar:2.8.8:compile - omitted for duplicate)
|  \- com.fasterxml.jackson.module:jackson-module-jaxb-annotations:jar:2.8.8:compile
|     +- (com.fasterxml.jackson.core:jackson-core:jar:2.8.8:compile - omitted for duplicate)
|     +- (com.fasterxml.jackson.core:jackson-annotations:jar:2.8.0:compile - omitted for duplicate)
|     \- (com.fasterxml.jackson.core:jackson-databind:jar:2.8.8:compile - omitted for duplicate)
+- com.fasterxml.jackson.datatype:jackson-datatype-guava:jar:2.8.8:compile
|  +- (com.fasterxml.jackson.core:jackson-databind:jar:2.8.8:compile - omitted for duplicate)
|  +- (com.fasterxml.jackson.core:jackson-core:jar:2.8.8:compile - omitted for duplicate)
|  \- (com.google.guava:guava:jar:16.0:compile - omitted for conflict with 20.0)
+- com.fasterxml.jackson.core:jackson-databind:jar:2.8.8:compile
|  +- com.fasterxml.jackson.core:jackson-annotations:jar:2.8.0:compile
|  \- (com.fasterxml.jackson.core:jackson-core:jar:2.8.8:compile - omitted for duplicate)
+- org.glassfish.jersey.core:jersey-client:jar:2.22.2:compile
|  +- javax.ws.rs:javax.ws.rs-api:jar:2.0.1:compile
|  +- org.glassfish.jersey.core:jersey-common:jar:2.22.2:compile
|  |  +- (javax.ws.rs:javax.ws.rs-api:jar:2.0.1:compile - omitted for duplicate)
|  |  +- javax.annotation:javax.annotation-api:jar:1.2:compile
|  |  +- org.glassfish.jersey.bundles.repackaged:jersey-guava:jar:2.22.2:compile
|  |  +- (org.glassfish.hk2:hk2-api:jar:2.4.0-b34:compile - omitted for duplicate)
|  |  +- (org.glassfish.hk2.external:javax.inject:jar:2.4.0-b34:compile - omitted for duplicate)
|  |  +- (org.glassfish.hk2:hk2-locator:jar:2.4.0-b34:compile - omitted for duplicate)
|  |  \- org.glassfish.hk2:osgi-resource-locator:jar:1.0.1:compile
|  +- org.glassfish.hk2:hk2-api:jar:2.4.0-b34:compile
|  |  +- org.glassfish.hk2:hk2-utils:jar:2.4.0-b34:compile
|  |  \- org.glassfish.hk2.external:aopalliance-repackaged:jar:2.4.0-b34:compile
|  +- org.glassfish.hk2.external:javax.inject:jar:2.4.0-b34:compile
|  \- org.glassfish.hk2:hk2-locator:jar:2.4.0-b34:compile
|     +- (org.glassfish.hk2.external:javax.inject:jar:2.4.0-b34:compile - omitted for duplicate)
|     +- (org.glassfish.hk2.external:aopalliance-repackaged:jar:2.4.0-b34:compile - omitted for duplicate)
|     +- (org.glassfish.hk2:hk2-api:jar:2.4.0-b34:compile - omitted for duplicate)
|     +- (org.glassfish.hk2:hk2-utils:jar:2.4.0-b34:compile - omitted for duplicate)
|     \- org.javassist:javassist:jar:3.18.1-GA:compile
+- org.glassfish.jersey.connectors:jersey-apache-connector:jar:2.22.2:compile
|  +- (org.apache.httpcomponents:httpclient:jar:4.5:compile - omitted for duplicate)
|  +- (org.glassfish.jersey.core:jersey-common:jar:2.22.2:compile - omitted for duplicate)
|  +- (org.glassfish.jersey.core:jersey-client:jar:2.22.2:compile - omitted for duplicate)
|  \- (javax.ws.rs:javax.ws.rs-api:jar:2.0.1:compile - omitted for duplicate)
+- org.glassfish.jersey.media:jersey-media-json-jackson:jar:2.22.2:compile
|  +- (org.glassfish.jersey.core:jersey-common:jar:2.22.2:compile - omitted for duplicate)
|  +- org.glassfish.jersey.ext:jersey-entity-filtering:jar:2.22.2:compile
|  |  \- (javax.ws.rs:javax.ws.rs-api:jar:2.0.1:compile - omitted for duplicate)
|  +- (com.fasterxml.jackson.jaxrs:jackson-jaxrs-base:jar:2.5.4:compile - omitted for conflict with 2.8.8)
|  +- (com.fasterxml.jackson.jaxrs:jackson-jaxrs-json-provider:jar:2.5.4:compile - omitted for conflict with 2.8.8)
|  \- (com.fasterxml.jackson.core:jackson-annotations:jar:2.5.4:compile - omitted for conflict with 2.8.0)
+- org.apache.commons:commons-compress:jar:1.9:compile
+- commons-io:commons-io:jar:2.5:compile
+- org.apache.httpcomponents:httpclient:jar:4.5:compile
|  +- (org.apache.httpcomponents:httpcore:jar:4.4.1:compile - omitted for conflict with 4.4.5)
|  +- commons-logging:commons-logging:jar:1.2:compile
|  \- commons-codec:commons-codec:jar:1.9:compile
+- org.apache.httpcomponents:httpcore:jar:4.4.5:compile
+- com.github.jnr:jnr-unixsocket:jar:0.8:compile
|  +- com.github.jnr:jnr-ffi:jar:2.0.3:compile
|  |  +- com.github.jnr:jffi:jar:1.2.9:compile
|  |  +- com.github.jnr:jffi:jar:native:1.2.9:runtime
|  |  +- org.ow2.asm:asm:jar:5.0.3:compile
|  |  +- org.ow2.asm:asm-commons:jar:5.0.3:compile
|  |  |  \- (org.ow2.asm:asm-tree:jar:5.0.3:compile - omitted for duplicate)
|  |  +- org.ow2.asm:asm-analysis:jar:5.0.3:compile
|  |  |  \- (org.ow2.asm:asm-tree:jar:5.0.3:compile - omitted for duplicate)
|  |  +- org.ow2.asm:asm-tree:jar:5.0.3:compile
|  |  |  \- (org.ow2.asm:asm:jar:5.0.3:compile - omitted for duplicate)
|  |  +- org.ow2.asm:asm-util:jar:5.0.3:compile
|  |  |  \- (org.ow2.asm:asm-tree:jar:5.0.3:compile - omitted for duplicate)
|  |  \- com.github.jnr:jnr-x86asm:jar:1.0.2:compile
|  +- com.github.jnr:jnr-constants:jar:0.8.7:compile
|  +- com.github.jnr:jnr-enxio:jar:0.9:compile
|  |  +- (com.github.jnr:jnr-constants:jar:0.8.7:compile - omitted for duplicate)
|  |  \- (com.github.jnr:jnr-ffi:jar:2.0.3:compile - omitted for duplicate)
|  \- com.github.jnr:jnr-posix:jar:3.0.12:compile
|     +- (com.github.jnr:jnr-ffi:jar:2.0.3:compile - omitted for duplicate)
|     \- (com.github.jnr:jnr-constants:jar:0.8.7:compile - omitted for duplicate)
+- commons-lang:commons-lang:jar:2.6:compile
+- org.bouncycastle:bcpkix-jdk15on:jar:1.52:compile
|  \- org.bouncycastle:bcprov-jdk15on:jar:1.52:compile
+- com.google.auto.value:auto-value:jar:1.3:provided
+- com.google.code.findbugs:jsr305:jar:3.0.1:provided (scope not updated to compile)
+- com.google.code.findbugs:annotations:jar:3.0.1:provided
|  +- net.jcip:jcip-annotations:jar:1.0:provided
|  \- (com.google.code.findbugs:jsr305:jar:3.0.1:provided - omitted for duplicate)
+- com.google.auth:google-auth-library-oauth2-http:jar:0.6.0:compile
|  +- com.google.auth:google-auth-library-credentials:jar:0.6.0:compile
|  +- com.google.http-client:google-http-client:jar:1.19.0:compile
|  |  +- (com.google.code.findbugs:jsr305:jar:1.3.9:compile - omitted for conflict with 3.0.1)
|  |  \- (org.apache.httpcomponents:httpclient:jar:4.0.1:compile - omitted for conflict with 4.5)
|  \- com.google.http-client:google-http-client-jackson2:jar:1.19.0:compile
|     +- (com.google.http-client:google-http-client:jar:1.19.0:compile - omitted for duplicate)
|     \- (com.fasterxml.jackson.core:jackson-core:jar:2.1.3:compile - omitted for conflict with 2.8.8)
+- junit:junit:jar:4.12:test
|  \- org.hamcrest:hamcrest-core:jar:1.3:test
+- org.mockito:mockito-core:jar:1.10.19:test
|  +- (org.hamcrest:hamcrest-core:jar:1.1:test - omitted for conflict with 1.3)
|  \- org.objenesis:objenesis:jar:2.1:test
+- org.hamcrest:hamcrest-library:jar:1.3:test
|  \- (org.hamcrest:hamcrest-core:jar:1.3:test - omitted for duplicate)
+- ch.qos.logback:logback-classic:jar:1.2.1:compile
|  +- ch.qos.logback:logback-core:jar:1.2.1:compile
|  \- (org.slf4j:slf4j-api:jar:1.7.22:compile - omitted for duplicate)
+- com.google.jimfs:jimfs:jar:1.0:test
|  \- (com.google.guava:guava:jar:16.0.1:test - omitted for conflict with 20.0)
+- joda-time:joda-time:jar:2.8.2:test
+- org.awaitility:awaitility:jar:2.0.0:test
|  +- (org.hamcrest:hamcrest-library:jar:1.3:test - omitted for duplicate)
|  +- (org.hamcrest:hamcrest-core:jar:1.3:test - omitted for duplicate)
|  +- cglib:cglib-nodep:jar:3.1:test
|  \- (org.objenesis:objenesis:jar:2.1:test - omitted for duplicate)
\- com.squareup.okhttp3:mockwebserver:jar:3.8.0:test
   +- com.squareup.okhttp3:okhttp:jar:3.8.0:test
   |  \- com.squareup.okio:okio:jar:1.13.0:test
   +- (org.bouncycastle:bcprov-jdk15on:jar:1.50:test - omitted for conflict with 1.52)
   \- (junit:junit:jar:4.12:test - omitted for duplicate)

