WARNING: Your kernel does not support swap limit capabilities or the cgroup is not mounted. Memory limited without swap.
com.spotify:docker-client:jar:4.0.6
+- org.slf4j:slf4j-api:jar:1.7.12:compile
+- com.google.guava:guava:jar:18.0:compile
+- com.fasterxml.jackson.jaxrs:jackson-jaxrs-json-provider:jar:2.6.0:compile
|  +- com.fasterxml.jackson.jaxrs:jackson-jaxrs-base:jar:2.6.0:compile
|  |  +- (com.fasterxml.jackson.core:jackson-core:jar:2.6.0:compile - omitted for duplicate)
|  |  \- (com.fasterxml.jackson.core:jackson-databind:jar:2.6.0:compile - omitted for duplicate)
|  +- com.fasterxml.jackson.core:jackson-core:jar:2.6.0:compile
|  +- (com.fasterxml.jackson.core:jackson-databind:jar:2.6.0:compile - omitted for duplicate)
|  \- com.fasterxml.jackson.module:jackson-module-jaxb-annotations:jar:2.6.0:compile
|     +- (com.fasterxml.jackson.core:jackson-core:jar:2.6.0:compile - omitted for duplicate)
|     \- (com.fasterxml.jackson.core:jackson-databind:jar:2.6.0:compile - omitted for duplicate)
+- com.fasterxml.jackson.datatype:jackson-datatype-guava:jar:2.6.0:compile
|  +- (com.fasterxml.jackson.core:jackson-databind:jar:2.6.0:compile - omitted for duplicate)
|  +- (com.fasterxml.jackson.core:jackson-core:jar:2.6.0:compile - omitted for duplicate)
|  \- (com.google.guava:guava:jar:15.0:compile - omitted for conflict with 18.0)
+- com.fasterxml.jackson.core:jackson-databind:jar:2.6.0:compile
|  +- com.fasterxml.jackson.core:jackson-annotations:jar:2.6.0:compile
|  \- (com.fasterxml.jackson.core:jackson-core:jar:2.6.0:compile - omitted for duplicate)
+- org.glassfish.jersey.core:jersey-client:jar:2.19:compile
|  +- javax.ws.rs:javax.ws.rs-api:jar:2.0.1:compile
|  +- org.glassfish.jersey.core:jersey-common:jar:2.19:compile
|  |  +- (javax.ws.rs:javax.ws.rs-api:jar:2.0.1:compile - omitted for duplicate)
|  |  +- javax.annotation:javax.annotation-api:jar:1.2:compile
|  |  +- org.glassfish.jersey.bundles.repackaged:jersey-guava:jar:2.19:compile
|  |  +- (org.glassfish.hk2:hk2-api:jar:2.4.0-b25:compile - omitted for duplicate)
|  |  +- (org.glassfish.hk2.external:javax.inject:jar:2.4.0-b25:compile - omitted for duplicate)
|  |  +- (org.glassfish.hk2:hk2-locator:jar:2.4.0-b25:compile - omitted for duplicate)
|  |  \- org.glassfish.hk2:osgi-resource-locator:jar:1.0.1:compile
|  +- org.glassfish.hk2:hk2-api:jar:2.4.0-b25:compile
|  |  +- org.glassfish.hk2:hk2-utils:jar:2.4.0-b25:compile
|  |  \- org.glassfish.hk2.external:aopalliance-repackaged:jar:2.4.0-b25:compile
|  +- org.glassfish.hk2.external:javax.inject:jar:2.4.0-b25:compile
|  \- org.glassfish.hk2:hk2-locator:jar:2.4.0-b25:compile
|     +- (org.glassfish.hk2.external:javax.inject:jar:2.4.0-b25:compile - omitted for duplicate)
|     +- (org.glassfish.hk2.external:aopalliance-repackaged:jar:2.4.0-b25:compile - omitted for duplicate)
|     +- (org.glassfish.hk2:hk2-api:jar:2.4.0-b25:compile - omitted for duplicate)
|     +- (org.glassfish.hk2:hk2-utils:jar:2.4.0-b25:compile - omitted for duplicate)
|     \- org.javassist:javassist:jar:3.18.1-GA:compile
+- org.glassfish.jersey.connectors:jersey-apache-connector:jar:2.19:compile
|  +- (org.apache.httpcomponents:httpclient:jar:4.4.1:compile - omitted for conflict with 4.5)
|  +- (org.glassfish.jersey.core:jersey-common:jar:2.19:compile - omitted for duplicate)
|  +- (org.glassfish.jersey.core:jersey-client:jar:2.19:compile - omitted for duplicate)
|  \- (javax.ws.rs:javax.ws.rs-api:jar:2.0.1:compile - omitted for duplicate)
+- org.glassfish.jersey.media:jersey-media-json-jackson:jar:2.19:compile
|  +- (org.glassfish.jersey.core:jersey-common:jar:2.19:compile - omitted for duplicate)
|  +- org.glassfish.jersey.ext:jersey-entity-filtering:jar:2.19:compile
|  |  \- (javax.ws.rs:javax.ws.rs-api:jar:2.0.1:compile - omitted for duplicate)
|  +- (com.fasterxml.jackson.jaxrs:jackson-jaxrs-base:jar:2.5.1:compile - omitted for conflict with 2.6.0)
|  +- (com.fasterxml.jackson.jaxrs:jackson-jaxrs-json-provider:jar:2.5.1:compile - omitted for conflict with 2.6.0)
|  \- (com.fasterxml.jackson.core:jackson-annotations:jar:2.5.1:compile - omitted for conflict with 2.6.0)
+- org.apache.commons:commons-compress:jar:1.9:compile
+- org.apache.httpcomponents:httpclient:jar:4.5:compile
|  +- org.apache.httpcomponents:httpcore:jar:4.4.1:compile
|  +- commons-logging:commons-logging:jar:1.2:compile
|  \- commons-codec:commons-codec:jar:1.9:compile
+- com.github.jnr:jnr-unixsocket:jar:0.8:compile
|  +- com.github.jnr:jnr-ffi:jar:2.0.3:compile
|  |  +- com.github.jnr:jffi:jar:1.2.9:compile
|  |  +- com.github.jnr:jffi:jar:native:1.2.9:runtime
|  |  +- org.ow2.asm:asm:jar:5.0.3:compile
|  |  +- org.ow2.asm:asm-commons:jar:5.0.3:compile
|  |  |  \- (org.ow2.asm:asm-tree:jar:5.0.3:compile - omitted for duplicate)
|  |  +- org.ow2.asm:asm-analysis:jar:5.0.3:compile
|  |  |  \- (org.ow2.asm:asm-tree:jar:5.0.3:compile - omitted for duplicate)
|  |  +- org.ow2.asm:asm-tree:jar:5.0.3:compile
|  |  |  \- (org.ow2.asm:asm:jar:5.0.3:compile - omitted for duplicate)
|  |  +- org.ow2.asm:asm-util:jar:5.0.3:compile
|  |  |  \- (org.ow2.asm:asm-tree:jar:5.0.3:compile - omitted for duplicate)
|  |  \- com.github.jnr:jnr-x86asm:jar:1.0.2:compile
|  +- com.github.jnr:jnr-constants:jar:0.8.7:compile
|  +- com.github.jnr:jnr-enxio:jar:0.9:compile
|  |  +- (com.github.jnr:jnr-constants:jar:0.8.7:compile - omitted for duplicate)
|  |  \- (com.github.jnr:jnr-ffi:jar:2.0.3:compile - omitted for duplicate)
|  \- com.github.jnr:jnr-posix:jar:3.0.12:compile
|     +- (com.github.jnr:jnr-ffi:jar:2.0.3:compile - omitted for duplicate)
|     \- (com.github.jnr:jnr-constants:jar:0.8.7:compile - omitted for duplicate)
+- commons-lang:commons-lang:jar:2.6:compile
+- org.bouncycastle:bcpkix-jdk15on:jar:1.52:compile
|  \- org.bouncycastle:bcprov-jdk15on:jar:1.52:compile
+- junit:junit:jar:4.12:test
|  \- org.hamcrest:hamcrest-core:jar:1.3:test
+- org.mockito:mockito-core:jar:1.10.19:test
|  +- (org.hamcrest:hamcrest-core:jar:1.1:test - omitted for conflict with 1.3)
|  \- org.objenesis:objenesis:jar:2.1:test
+- org.hamcrest:hamcrest-library:jar:1.3:test
|  \- (org.hamcrest:hamcrest-core:jar:1.3:test - omitted for duplicate)
+- com.spotify:logging:jar:2.1.1:test
|  +- (org.slf4j:slf4j-api:jar:1.7.5:test - omitted for conflict with 1.7.12)
|  +- ch.qos.logback:logback-classic:jar:1.0.13:test
|  |  +- (ch.qos.logback:logback-core:jar:1.0.13:test - omitted for duplicate)
|  |  \- (org.slf4j:slf4j-api:jar:1.7.5:test - omitted for conflict with 1.7.12)
|  +- ch.qos.logback:logback-core:jar:1.0.13:test
|  +- (com.google.guava:guava:jar:17.0:test - omitted for conflict with 18.0)
|  +- uk.co.flamingpenguin.jewelcli:jewelcli:jar:0.6:test
|  \- net.kencochrane.raven:raven-logback:jar:4.1.2:test
|     +- net.kencochrane.raven:raven:jar:4.1.2:test
|     |  +- (org.slf4j:slf4j-api:jar:1.7.5:test - omitted for conflict with 1.7.12)
|     |  +- (com.google.guava:guava:jar:15.0:test - omitted for conflict with 18.0)
|     |  \- (com.fasterxml.jackson.core:jackson-core:jar:2.3.0:test - omitted for conflict with 2.6.0)
|     +- (org.slf4j:slf4j-api:jar:1.7.5:test - omitted for conflict with 1.7.12)
|     +- (ch.qos.logback:logback-core:jar:1.0.13:test - omitted for duplicate)
|     +- (ch.qos.logback:logback-classic:jar:1.0.13:test - omitted for duplicate)
|     \- (com.google.guava:guava:jar:15.0:test - omitted for conflict with 18.0)
+- com.google.jimfs:jimfs:jar:1.0:test
|  \- (com.google.guava:guava:jar:16.0.1:test - omitted for conflict with 18.0)
\- joda-time:joda-time:jar:2.8.2:test

