WARNING: Your kernel does not support swap limit capabilities or the cgroup is not mounted. Memory limited without swap.
com.spotify:docker-client:jar:2.6.4
+- org.slf4j:slf4j-api:jar:1.7.6:compile
+- com.google.guava:guava:jar:17.0:compile
+- com.fasterxml.jackson.jaxrs:jackson-jaxrs-json-provider:jar:2.2.3:compile
|  +- com.fasterxml.jackson.jaxrs:jackson-jaxrs-base:jar:2.2.3:compile
|  |  +- (com.fasterxml.jackson.core:jackson-core:jar:2.2.3:compile - omitted for duplicate)
|  |  \- (com.fasterxml.jackson.core:jackson-databind:jar:2.2.3:compile - omitted for duplicate)
|  +- com.fasterxml.jackson.core:jackson-core:jar:2.2.3:compile
|  +- (com.fasterxml.jackson.core:jackson-databind:jar:2.2.3:compile - omitted for duplicate)
|  \- com.fasterxml.jackson.module:jackson-module-jaxb-annotations:jar:2.2.3:compile
|     +- (com.fasterxml.jackson.core:jackson-core:jar:2.2.3:compile - omitted for duplicate)
|     \- (com.fasterxml.jackson.core:jackson-databind:jar:2.2.3:compile - omitted for duplicate)
+- com.fasterxml.jackson.dataformat:jackson-dataformat-yaml:jar:2.2.3:compile
|  \- (com.fasterxml.jackson.core:jackson-core:jar:2.2.3:compile - omitted for duplicate)
+- com.fasterxml.jackson.datatype:jackson-datatype-guava:jar:2.2.3:compile
|  +- (com.fasterxml.jackson.core:jackson-databind:jar:2.2.3:compile - omitted for duplicate)
|  +- (com.fasterxml.jackson.core:jackson-core:jar:2.2.3:compile - omitted for duplicate)
|  \- (com.google.guava:guava:jar:14.0.1:compile - omitted for conflict with 17.0)
+- com.fasterxml.jackson.core:jackson-databind:jar:2.2.3:compile
|  +- com.fasterxml.jackson.core:jackson-annotations:jar:2.2.3:compile
|  \- (com.fasterxml.jackson.core:jackson-core:jar:2.2.3:compile - omitted for duplicate)
+- org.glassfish.jersey.core:jersey-client:jar:2.13:compile
|  +- org.glassfish.jersey.core:jersey-common:jar:2.13:compile
|  |  +- (javax.ws.rs:javax.ws.rs-api:jar:2.0.1:compile - omitted for duplicate)
|  |  +- javax.annotation:javax.annotation-api:jar:1.2:compile
|  |  +- org.glassfish.jersey.bundles.repackaged:jersey-guava:jar:2.13:compile
|  |  +- (org.glassfish.hk2:hk2-api:jar:2.3.0-b10:compile - omitted for duplicate)
|  |  +- (org.glassfish.hk2.external:javax.inject:jar:2.3.0-b10:compile - omitted for duplicate)
|  |  +- (org.glassfish.hk2:hk2-locator:jar:2.3.0-b10:compile - omitted for duplicate)
|  |  \- org.glassfish.hk2:osgi-resource-locator:jar:1.0.1:compile
|  +- javax.ws.rs:javax.ws.rs-api:jar:2.0.1:compile
|  +- org.glassfish.hk2:hk2-api:jar:2.3.0-b10:compile
|  |  +- org.glassfish.hk2:hk2-utils:jar:2.3.0-b10:compile
|  |  \- org.glassfish.hk2.external:aopalliance-repackaged:jar:2.3.0-b10:compile
|  +- org.glassfish.hk2.external:javax.inject:jar:2.3.0-b10:compile
|  \- org.glassfish.hk2:hk2-locator:jar:2.3.0-b10:compile
|     +- (org.glassfish.hk2.external:javax.inject:jar:2.3.0-b10:compile - omitted for duplicate)
|     +- (org.glassfish.hk2.external:aopalliance-repackaged:jar:2.3.0-b10:compile - omitted for duplicate)
|     +- (org.glassfish.hk2:hk2-api:jar:2.3.0-b10:compile - omitted for duplicate)
|     +- (org.glassfish.hk2:hk2-utils:jar:2.3.0-b10:compile - omitted for duplicate)
|     \- org.javassist:javassist:jar:3.18.1-GA:compile
+- org.glassfish.jersey.connectors:jersey-apache-connector:jar:2.13:compile
|  +- (org.apache.httpcomponents:httpclient:jar:4.3.1:compile - omitted for conflict with 4.3.5)
|  +- (org.glassfish.jersey.core:jersey-common:jar:2.13:compile - omitted for duplicate)
|  +- (org.glassfish.jersey.core:jersey-client:jar:2.13:compile - omitted for duplicate)
|  \- (javax.ws.rs:javax.ws.rs-api:jar:2.0.1:compile - omitted for duplicate)
+- org.glassfish.jersey.media:jersey-media-json-jackson:jar:2.13:compile
|  +- (org.glassfish.jersey.core:jersey-common:jar:2.13:compile - omitted for duplicate)
|  +- (com.fasterxml.jackson.jaxrs:jackson-jaxrs-base:jar:2.3.2:compile - omitted for conflict with 2.2.3)
|  +- (com.fasterxml.jackson.jaxrs:jackson-jaxrs-json-provider:jar:2.3.2:compile - omitted for conflict with 2.2.3)
|  \- (com.fasterxml.jackson.core:jackson-annotations:jar:2.3.2:compile - omitted for conflict with 2.2.3)
+- org.apache.commons:commons-compress:jar:1.8.1:compile
+- org.apache.httpcomponents:httpclient:jar:4.3.5:compile
|  +- org.apache.httpcomponents:httpcore:jar:4.3.2:compile
|  +- commons-logging:commons-logging:jar:1.1.3:compile
|  \- commons-codec:commons-codec:jar:1.6:compile
+- de.gesellix:unix-socket-factory:jar:2014-09-26T18-52-33:compile
|  +- org.codehaus.groovy:groovy-all:jar:2.3.6:runtime
|  \- org.codehaus.groovy.modules.http-builder:http-builder:jar:0.7.1:runtime
|     +- (org.apache.httpcomponents:httpclient:jar:4.2.1:runtime - omitted for conflict with 4.3.5)
|     +- net.sf.json-lib:json-lib:jar:jdk15:2.3:runtime
|     |  +- commons-beanutils:commons-beanutils:jar:1.8.0:runtime
|     |  |  \- (commons-logging:commons-logging:jar:1.1.1:runtime - omitted for conflict with 1.1.3)
|     |  +- commons-collections:commons-collections:jar:3.2.1:runtime
|     |  +- commons-lang:commons-lang:jar:2.4:runtime
|     |  +- (commons-logging:commons-logging:jar:1.1.1:runtime - omitted for conflict with 1.1.3)
|     |  \- net.sf.ezmorph:ezmorph:jar:1.0.6:runtime
|     |     \- (commons-lang:commons-lang:jar:2.3:runtime - omitted for conflict with 2.4)
|     +- net.sourceforge.nekohtml:nekohtml:jar:1.9.16:runtime
|     |  \- xerces:xercesImpl:jar:2.9.1:runtime
|     |     \- xml-apis:xml-apis:jar:1.3.04:runtime
|     \- xml-resolver:xml-resolver:jar:1.2:runtime
+- org.bouncycastle:bcpkix-jdk15on:jar:1.51:compile
|  \- org.bouncycastle:bcprov-jdk15on:jar:1.51:compile
+- junit:junit:jar:4.11:test
|  \- org.hamcrest:hamcrest-core:jar:1.3:test
\- org.hamcrest:hamcrest-library:jar:1.3:test
   \- (org.hamcrest:hamcrest-core:jar:1.3:test - omitted for duplicate)

