WARNING: Your kernel does not support swap limit capabilities or the cgroup is not mounted. Memory limited without swap.
com.spotify:docker-client:jar:2.4.3
+- org.slf4j:slf4j-api:jar:1.7.6:compile
+- com.google.guava:guava:jar:17.0:compile
+- com.fasterxml.jackson.jaxrs:jackson-jaxrs-json-provider:jar:2.2.3:compile
|  +- com.fasterxml.jackson.jaxrs:jackson-jaxrs-base:jar:2.2.3:compile
|  |  +- (com.fasterxml.jackson.core:jackson-core:jar:2.2.3:compile - omitted for duplicate)
|  |  \- (com.fasterxml.jackson.core:jackson-databind:jar:2.2.3:compile - omitted for duplicate)
|  +- com.fasterxml.jackson.core:jackson-core:jar:2.2.3:compile
|  +- (com.fasterxml.jackson.core:jackson-databind:jar:2.2.3:compile - omitted for duplicate)
|  \- com.fasterxml.jackson.module:jackson-module-jaxb-annotations:jar:2.2.3:compile
|     +- (com.fasterxml.jackson.core:jackson-core:jar:2.2.3:compile - omitted for duplicate)
|     \- (com.fasterxml.jackson.core:jackson-databind:jar:2.2.3:compile - omitted for duplicate)
+- com.fasterxml.jackson.dataformat:jackson-dataformat-yaml:jar:2.2.3:compile
|  \- (com.fasterxml.jackson.core:jackson-core:jar:2.2.3:compile - omitted for duplicate)
+- com.fasterxml.jackson.datatype:jackson-datatype-guava:jar:2.2.3:compile
|  +- (com.fasterxml.jackson.core:jackson-databind:jar:2.2.3:compile - omitted for duplicate)
|  +- (com.fasterxml.jackson.core:jackson-core:jar:2.2.3:compile - omitted for duplicate)
|  \- (com.google.guava:guava:jar:14.0.1:compile - omitted for conflict with 17.0)
+- com.fasterxml.jackson.core:jackson-databind:jar:2.2.3:compile
|  +- com.fasterxml.jackson.core:jackson-annotations:jar:2.2.3:compile
|  \- (com.fasterxml.jackson.core:jackson-core:jar:2.2.3:compile - omitted for duplicate)
+- com.sun.jersey:jersey-client:jar:1.18.1:compile
|  \- (com.sun.jersey:jersey-core:jar:1.18.1:compile - omitted for duplicate)
+- com.sun.jersey:jersey-core:jar:1.18.1:compile
+- org.apache.commons:commons-compress:jar:1.8.1:compile
+- junit:junit:jar:4.11:test
|  \- org.hamcrest:hamcrest-core:jar:1.3:test
\- org.hamcrest:hamcrest-library:jar:1.3:test
   \- (org.hamcrest:hamcrest-core:jar:1.3:test - omitted for duplicate)

