WARNING: Your kernel does not support swap limit capabilities or the cgroup is not mounted. Memory limited without swap.
org.springframework.data:spring-data-couchbase:jar:4.0.0.M4
+- org.springframework:spring-context:jar:5.2.4.RELEASE:compile
|  +- org.springframework:spring-aop:jar:5.2.4.RELEASE:compile
|  +- org.springframework:spring-beans:jar:5.2.4.RELEASE:compile
|  +- org.springframework:spring-core:jar:5.2.4.RELEASE:compile
|  |  \- org.springframework:spring-jcl:jar:5.2.4.RELEASE:compile
|  \- org.springframework:spring-expression:jar:5.2.4.RELEASE:compile
+- org.springframework:spring-web:jar:5.2.4.RELEASE:compile
+- org.springframework:spring-tx:jar:5.2.4.RELEASE:compile
+- org.springframework.data:spring-data-commons:jar:2.3.0.M4:compile
+- com.couchbase.client:java-client:jar:2.7.13:compile
|  \- com.couchbase.client:core-io:jar:1.7.13:compile
|     \- io.opentracing:opentracing-api:jar:0.31.0:compile
+- org.springframework:spring-test:jar:5.2.4.RELEASE:test
+- org.hibernate:hibernate-validator:jar:5.2.4.Final:test
|  +- org.jboss.logging:jboss-logging:jar:3.2.1.Final:test
|  \- com.fasterxml:classmate:jar:1.1.0:test
+- org.apache.httpcomponents:httpclient:jar:4.3.6:test
|  +- org.apache.httpcomponents:httpcore:jar:4.3.3:test
|  +- commons-logging:commons-logging:jar:1.1.3:test
|  \- commons-codec:commons-codec:jar:1.6:test
+- com.fasterxml.jackson.core:jackson-databind:jar:2.10.3:compile
|  +- com.fasterxml.jackson.core:jackson-annotations:jar:2.10.3:compile
|  \- com.fasterxml.jackson.core:jackson-core:jar:2.10.3:compile
+- joda-time:joda-time:jar:2.10.5:compile (optional) 
+- io.projectreactor:reactor-core:jar:3.3.3.RELEASE:compile (optional) 
|  \- org.reactivestreams:reactive-streams:jar:1.0.3:compile (optional) 
+- io.reactivex:rxjava:jar:1.3.8:compile (optional) 
+- io.reactivex:rxjava-reactive-streams:jar:1.2.1:compile (optional) 
+- io.reactivex.rxjava2:rxjava:jar:2.2.18:compile (optional) 
+- com.couchbase.client:encryption:jar:1.0.0:compile
+- org.testcontainers:testcontainers:jar:1.13.0:test
|  +- junit:junit:jar:4.12:test
|  |  \- org.hamcrest:hamcrest-core:jar:1.3:test
|  +- org.jetbrains:annotations:jar:17.0.0:compile
|  +- org.apache.commons:commons-compress:jar:1.20:test
|  +- javax.xml.bind:jaxb-api:jar:2.3.1:test
|  |  \- javax.activation:javax.activation-api:jar:1.2.0:test
|  +- org.rnorth.duct-tape:duct-tape:jar:1.0.8:test
|  +- org.rnorth.visible-assertions:visible-assertions:jar:2.1.2:test
|  +- org.rnorth:tcp-unix-socket-proxy:jar:1.0.2:test
|  |  +- com.kohlschutter.junixsocket:junixsocket-native-common:jar:2.0.4:test
|  |  |  \- org.scijava:native-lib-loader:jar:2.0.2:test
|  |  \- com.kohlschutter.junixsocket:junixsocket-common:jar:2.0.4:test
|  \- net.java.dev.jna:jna-platform:jar:5.5.0:test
|     \- net.java.dev.jna:jna:jar:5.5.0:test
+- javax.validation:validation-api:jar:1.1.0.Final:compile (optional) 
+- org.apache.geronimo.specs:geronimo-jcdi_2.0_spec:jar:1.0.1:test
+- javax.interceptor:javax.interceptor-api:jar:1.2.1:test
+- javax.enterprise:cdi-api:jar:1.0:provided (optional) 
|  +- org.jboss.interceptor:jboss-interceptor-api:jar:1.1:provided (optional) 
|  +- javax.annotation:jsr250-api:jar:1.0:provided (optional) 
|  \- javax.inject:javax.inject:jar:1:provided (optional) 
+- javax.annotation:javax.annotation-api:jar:1.3.2:test
+- org.apache.openwebbeans:openwebbeans-se:jar:2.0.15:test
|  \- org.apache.openwebbeans:openwebbeans-impl:jar:2.0.15:test
|     +- org.apache.xbean:xbean-finder-shaded:jar:4.16:test
|     +- org.apache.xbean:xbean-asm7-shaded:jar:4.16:test
|     \- org.apache.openwebbeans:openwebbeans-spi:jar:2.0.15:test
+- org.jetbrains.kotlin:kotlin-stdlib:jar:1.3.70:compile (optional) 
|  \- org.jetbrains.kotlin:kotlin-stdlib-common:jar:1.3.70:compile
+- org.jetbrains.kotlin:kotlin-reflect:jar:1.3.70:compile (optional) 
+- org.jetbrains.kotlin:kotlin-test:jar:1.3.70:test
|  \- org.jetbrains.kotlin:kotlin-test-common:jar:1.3.70:test
+- org.junit.jupiter:junit-jupiter:jar:5.6.0:test
|  +- org.junit.jupiter:junit-jupiter-api:jar:5.6.0:test
|  |  +- org.opentest4j:opentest4j:jar:1.2.0:test
|  |  \- org.junit.platform:junit-platform-commons:jar:1.6.0:test
|  +- org.junit.jupiter:junit-jupiter-params:jar:5.6.0:test
|  \- org.junit.jupiter:junit-jupiter-engine:jar:5.6.0:test
+- org.junit.vintage:junit-vintage-engine:jar:5.6.0:test
|  +- org.apiguardian:apiguardian-api:jar:1.1.0:test
|  \- org.junit.platform:junit-platform-engine:jar:1.6.0:test
+- org.mockito:mockito-core:jar:3.3.0:test
|  +- net.bytebuddy:byte-buddy:jar:1.10.5:test
|  +- net.bytebuddy:byte-buddy-agent:jar:1.10.5:test
|  \- org.objenesis:objenesis:jar:2.6:test
+- org.mockito:mockito-junit-jupiter:jar:3.3.0:test
+- org.assertj:assertj-core:jar:3.15.0:test
+- org.slf4j:slf4j-api:jar:1.7.26:compile
+- ch.qos.logback:logback-classic:jar:1.2.3:test
|  \- ch.qos.logback:logback-core:jar:1.2.3:test
\- org.projectlombok:lombok:jar:1.18.12:compile (optional) 

