WARNING: Your kernel does not support swap limit capabilities or the cgroup is not mounted. Memory limited without swap.
org.springframework.data:spring-data-solr:jar:1.5.0.M1
+- org.springframework:spring-context:jar:4.1.6.RELEASE:compile
|  +- org.springframework:spring-aop:jar:4.1.6.RELEASE:compile
|  |  +- aopalliance:aopalliance:jar:1.0:compile
|  |  +- (org.springframework:spring-beans:jar:4.1.6.RELEASE:compile - omitted for duplicate)
|  |  \- (org.springframework:spring-core:jar:4.1.6.RELEASE:compile - omitted for duplicate)
|  +- org.springframework:spring-beans:jar:4.1.6.RELEASE:compile
|  |  \- (org.springframework:spring-core:jar:4.1.6.RELEASE:compile - omitted for duplicate)
|  +- org.springframework:spring-core:jar:4.1.6.RELEASE:compile
|  \- org.springframework:spring-expression:jar:4.1.6.RELEASE:compile
|     \- (org.springframework:spring-core:jar:4.1.6.RELEASE:compile - omitted for duplicate)
+- org.springframework:spring-tx:jar:4.1.6.RELEASE:compile
|  +- (org.springframework:spring-beans:jar:4.1.6.RELEASE:compile - omitted for duplicate)
|  \- (org.springframework:spring-core:jar:4.1.6.RELEASE:compile - omitted for duplicate)
+- org.springframework.data:spring-data-commons:jar:1.11.0.M1:compile
|  +- (org.springframework:spring-core:jar:4.1.6.RELEASE:compile - omitted for duplicate)
|  +- (org.springframework:spring-beans:jar:4.1.6.RELEASE:compile - omitted for duplicate)
|  +- (org.slf4j:slf4j-api:jar:1.7.12:compile - omitted for duplicate)
|  \- (org.slf4j:jcl-over-slf4j:jar:1.7.12:runtime - omitted for duplicate)
+- org.apache.commons:commons-lang3:jar:3.1:compile
+- commons-collections:commons-collections:jar:3.2.1:compile
+- org.apache.httpcomponents:httpclient:jar:4.2.2:compile
|  +- org.apache.httpcomponents:httpcore:jar:4.2.2:compile
|  \- commons-codec:commons-codec:jar:1.6:compile
+- org.apache.httpcomponents:httpmime:jar:4.2.2:compile
|  \- (org.apache.httpcomponents:httpcore:jar:4.2.2:compile - omitted for duplicate)
+- org.apache.httpcomponents:httpclient-cache:jar:4.2.2:compile
|  \- (org.apache.httpcomponents:httpclient:jar:4.2.2:compile - omitted for duplicate)
+- joda-time:joda-time:jar:2.8:compile
+- org.apache.solr:solr-solrj:jar:4.10.1:compile
|  +- commons-io:commons-io:jar:2.4:compile (version managed from 2.3)
|  +- (org.apache.httpcomponents:httpcore:jar:4.3:compile - omitted for conflict with 4.2.2)
|  +- org.apache.zookeeper:zookeeper:jar:3.4.6:compile
|  +- org.codehaus.woodstox:wstx-asl:jar:3.2.7:compile
|  \- org.noggit:noggit:jar:0.5:compile
+- org.apache.solr:solr-core:jar:4.10.1:compile
|  +- org.apache.lucene:lucene-analyzers-common:jar:4.10.1:compile
|  +- org.apache.lucene:lucene-analyzers-kuromoji:jar:4.10.1:compile
|  +- org.apache.lucene:lucene-analyzers-phonetic:jar:4.10.1:compile
|  +- org.apache.lucene:lucene-codecs:jar:4.10.1:compile
|  +- org.apache.lucene:lucene-core:jar:4.10.1:compile
|  +- org.apache.lucene:lucene-expressions:jar:4.10.1:compile
|  +- org.apache.lucene:lucene-grouping:jar:4.10.1:compile
|  +- org.apache.lucene:lucene-highlighter:jar:4.10.1:compile
|  +- org.apache.lucene:lucene-join:jar:4.10.1:compile
|  +- org.apache.lucene:lucene-memory:jar:4.10.1:compile
|  +- org.apache.lucene:lucene-misc:jar:4.10.1:compile
|  +- org.apache.lucene:lucene-queries:jar:4.10.1:compile
|  +- org.apache.lucene:lucene-queryparser:jar:4.10.1:compile
|  +- org.apache.lucene:lucene-spatial:jar:4.10.1:compile
|  +- org.apache.lucene:lucene-suggest:jar:4.10.1:compile
|  +- (org.apache.solr:solr-solrj:jar:4.10.1:compile - omitted for duplicate)
|  +- com.carrotsearch:hppc:jar:0.5.2:compile
|  +- com.google.guava:guava:jar:14.0.1:compile
|  +- com.google.protobuf:protobuf-java:jar:2.5.0:compile
|  +- com.googlecode.concurrentlinkedhashmap:concurrentlinkedhashmap-lru:jar:1.2:compile
|  +- com.spatial4j:spatial4j:jar:0.4.1:compile
|  +- commons-cli:commons-cli:jar:1.2:compile
|  +- (commons-codec:commons-codec:jar:1.9:compile - omitted for conflict with 1.6)
|  +- commons-configuration:commons-configuration:jar:1.6:compile
|  +- commons-fileupload:commons-fileupload:jar:1.2.1:compile
|  +- (commons-io:commons-io:jar:2.4:compile - version managed from 2.3; omitted for duplicate)
|  +- commons-lang:commons-lang:jar:2.6:compile
|  +- dom4j:dom4j:jar:1.6.1:compile
|  +- (joda-time:joda-time:jar:2.2:compile - omitted for conflict with 2.8)
|  +- log4j:log4j:jar:1.2.17:compile
|  +- org.antlr:antlr-runtime:jar:3.5:compile
|  +- org.apache.hadoop:hadoop-annotations:jar:2.2.0:compile
|  +- org.apache.hadoop:hadoop-auth:jar:2.2.0:compile
|  +- org.apache.hadoop:hadoop-common:jar:2.2.0:compile
|  |  \- (org.apache.zookeeper:zookeeper:jar:3.4.5:compile - omitted for conflict with 3.4.6)
|  +- org.apache.hadoop:hadoop-hdfs:jar:2.2.0:compile
|  +- (org.apache.httpcomponents:httpclient:jar:4.3.1:compile - omitted for conflict with 4.2.2)
|  +- (org.apache.httpcomponents:httpcore:jar:4.3:compile - omitted for conflict with 4.2.2)
|  +- (org.apache.httpcomponents:httpmime:jar:4.3.1:compile - omitted for conflict with 4.2.2)
|  +- (org.apache.zookeeper:zookeeper:jar:3.4.6:compile - omitted for duplicate)
|  +- (org.codehaus.woodstox:wstx-asl:jar:3.2.7:compile - omitted for duplicate)
|  +- org.eclipse.jetty:jetty-continuation:jar:8.1.10.v20130312:compile
|  +- org.eclipse.jetty:jetty-deploy:jar:8.1.10.v20130312:compile
|  +- org.eclipse.jetty:jetty-http:jar:8.1.10.v20130312:compile
|  +- org.eclipse.jetty:jetty-io:jar:8.1.10.v20130312:compile
|  +- org.eclipse.jetty:jetty-jmx:jar:8.1.10.v20130312:compile
|  +- org.eclipse.jetty:jetty-security:jar:8.1.10.v20130312:compile
|  +- org.eclipse.jetty:jetty-server:jar:8.1.10.v20130312:compile
|  +- org.eclipse.jetty:jetty-servlet:jar:8.1.10.v20130312:compile
|  +- org.eclipse.jetty:jetty-util:jar:8.1.10.v20130312:compile
|  +- org.eclipse.jetty:jetty-webapp:jar:8.1.10.v20130312:compile
|  +- org.eclipse.jetty:jetty-xml:jar:8.1.10.v20130312:compile
|  +- org.eclipse.jetty.orbit:javax.servlet:jar:3.0.0.v201112011016:compile
|  +- (org.noggit:noggit:jar:0.5:compile - omitted for duplicate)
|  +- org.ow2.asm:asm:jar:4.1:compile
|  +- org.ow2.asm:asm-commons:jar:4.1:compile
|  +- org.restlet.jee:org.restlet:jar:2.1.1:compile
|  \- org.restlet.jee:org.restlet.ext.servlet:jar:2.1.1:compile
+- javax.enterprise:cdi-api:jar:1.0:provided
|  +- org.jboss.interceptor:jboss-interceptor-api:jar:1.1:provided
|  +- javax.annotation:jsr250-api:jar:1.0:provided
|  \- javax.inject:javax.inject:jar:1:provided
+- org.apache.openwebbeans.test:cditest-owb:jar:1.2.8:test
|  +- org.apache.openwebbeans.test:cditest:jar:1.2.8:test
|  +- org.apache.geronimo.specs:geronimo-jcdi_1.0_spec:jar:1.0:test
|  +- org.apache.geronimo.specs:geronimo-atinject_1.0_spec:jar:1.0:test
|  +- org.apache.openwebbeans:openwebbeans-spi:jar:1.2.8:test
|  \- org.apache.openwebbeans:openwebbeans-impl:jar:1.2.8:test
|     +- org.apache.xbean:xbean-finder-shaded:jar:4.1:test
|     |  \- (org.apache.xbean:xbean-asm5-shaded:jar:4.1:test - omitted for duplicate)
|     +- org.apache.xbean:xbean-asm5-shaded:jar:4.1:test
|     \- (org.apache.openwebbeans:openwebbeans-spi:jar:1.2.8:test - omitted for duplicate)
+- org.springframework:spring-jdbc:jar:4.1.6.RELEASE:test
|  +- (org.springframework:spring-beans:jar:4.1.6.RELEASE:test - omitted for duplicate)
|  +- (org.springframework:spring-core:jar:4.1.6.RELEASE:test - omitted for duplicate)
|  \- (org.springframework:spring-tx:jar:4.1.6.RELEASE:test - omitted for duplicate)
+- com.h2database:h2:jar:1.3.168:test
+- javax.servlet:servlet-api:jar:3.0-alpha-1:test
+- com.fasterxml.jackson.core:jackson-databind:jar:2.5.1:compile
|  +- com.fasterxml.jackson.core:jackson-annotations:jar:2.5.0:compile
|  \- com.fasterxml.jackson.core:jackson-core:jar:2.5.1:compile
+- org.hamcrest:hamcrest-library:jar:1.3:test
|  \- (org.hamcrest:hamcrest-core:jar:1.3:test - omitted for duplicate)
+- org.hamcrest:hamcrest-core:jar:1.3:test
+- junit:junit:jar:4.12:test
|  \- (org.hamcrest:hamcrest-core:jar:1.3:test - omitted for duplicate)
+- org.mockito:mockito-core:jar:1.10.19:test
|  +- (org.hamcrest:hamcrest-core:jar:1.1:test - omitted for conflict with 1.3)
|  \- org.objenesis:objenesis:jar:2.1:test
+- org.springframework:spring-test:jar:4.1.6.RELEASE:test
|  \- (org.springframework:spring-core:jar:4.1.6.RELEASE:test - omitted for duplicate)
+- org.slf4j:slf4j-api:jar:1.7.12:compile
+- org.slf4j:jcl-over-slf4j:jar:1.7.12:runtime
|  \- (org.slf4j:slf4j-api:jar:1.7.12:runtime - omitted for duplicate)
\- ch.qos.logback:logback-classic:jar:1.1.3:test
   +- ch.qos.logback:logback-core:jar:1.1.3:test
   \- (org.slf4j:slf4j-api:jar:1.7.7:test - omitted for conflict with 1.7.12)

