WARNING: Your kernel does not support swap limit capabilities or the cgroup is not mounted. Memory limited without swap.
org.springframework.data:spring-data-jpa:jar:2.3.0.M1
+- org.springframework.data:spring-data-commons:jar:2.3.0.M1:compile
+- org.springframework:spring-orm:jar:5.2.3.RELEASE:compile
|  \- org.springframework:spring-jdbc:jar:5.2.3.RELEASE:compile
+- org.springframework:spring-context:jar:5.2.3.RELEASE:compile
|  \- org.springframework:spring-expression:jar:5.2.3.RELEASE:compile
+- org.springframework:spring-aop:jar:5.2.3.RELEASE:compile
+- org.springframework:spring-tx:jar:5.2.3.RELEASE:compile
+- org.springframework:spring-beans:jar:5.2.3.RELEASE:compile
+- org.springframework:spring-instrument:jar:5.2.3.RELEASE:provided
+- org.springframework:spring-core:jar:5.2.3.RELEASE:compile
|  \- org.springframework:spring-jcl:jar:5.2.3.RELEASE:compile
+- org.aspectj:aspectjrt:jar:1.9.5:compile
+- org.aspectj:aspectjweaver:jar:1.9.5:test
+- org.springframework:spring-aspects:jar:5.2.3.RELEASE:compile (optional) 
+- org.hsqldb:hsqldb:jar:2.4.1:test
+- joda-time:joda-time:jar:2.10.5:compile (optional) 
+- org.threeten:threetenbp:jar:1.4.1:compile (optional) 
+- org.eclipse.persistence:org.eclipse.persistence.jpa:jar:2.7.5:compile (optional) 
|  +- org.eclipse.persistence:jakarta.persistence:jar:2.2.3:compile (optional) 
|  +- org.eclipse.persistence:org.eclipse.persistence.asm:jar:2.7.5:compile (optional) 
|  +- org.eclipse.persistence:org.eclipse.persistence.antlr:jar:2.7.5:compile (optional) 
|  +- org.eclipse.persistence:org.eclipse.persistence.jpa.jpql:jar:2.7.5:compile (optional) 
|  \- org.eclipse.persistence:org.eclipse.persistence.core:jar:2.7.5:compile (optional) 
+- org.hibernate:hibernate-core:jar:5.4.8.Final:compile (optional) 
|  +- org.jboss.logging:jboss-logging:jar:3.3.2.Final:compile
|  +- javax.persistence:javax.persistence-api:jar:2.2:compile (optional) 
|  +- org.javassist:javassist:jar:3.24.0-GA:compile
|  +- net.bytebuddy:byte-buddy:jar:1.10.2:compile
|  +- antlr:antlr:jar:2.7.7:compile (optional) 
|  +- org.jboss.spec.javax.transaction:jboss-transaction-api_1.2_spec:jar:1.1.1.Final:compile (optional) 
|  +- org.jboss:jandex:jar:2.0.5.Final:compile (optional) 
|  +- com.fasterxml:classmate:jar:1.3.4:compile (optional) 
|  +- javax.activation:javax.activation-api:jar:1.2.0:compile
|  +- org.dom4j:dom4j:jar:2.1.1:compile (optional) 
|  +- org.hibernate.common:hibernate-commons-annotations:jar:5.1.0.Final:compile (optional) 
|  +- javax.xml.bind:jaxb-api:jar:2.3.1:compile
|  \- org.glassfish.jaxb:jaxb-runtime:jar:2.3.1:compile
|     +- org.glassfish.jaxb:txw2:jar:2.3.1:compile
|     +- com.sun.istack:istack-commons-runtime:jar:3.0.7:compile
|     +- org.jvnet.staxex:stax-ex:jar:1.8:compile
|     \- com.sun.xml.fastinfoset:FastInfoset:jar:1.2.15:compile
+- org.hibernate:hibernate-jpamodelgen:jar:5.4.8.Final:provided
+- com.querydsl:querydsl-apt:jar:jpa:4.2.2:provided
|  \- com.querydsl:querydsl-codegen:jar:4.2.2:provided
|     +- com.mysema.codegen:codegen:jar:0.6.8:provided
|     |  \- org.eclipse.jdt.core.compiler:ecj:jar:4.3.1:provided
|     \- org.reflections:reflections:jar:0.9.9:provided
|        \- com.google.code.findbugs:annotations:jar:2.0.1:provided
+- com.querydsl:querydsl-jpa:jar:4.2.2:compile (optional) 
|  +- com.querydsl:querydsl-core:jar:4.2.2:compile
|  |  +- com.google.guava:guava:jar:18.0:compile
|  |  +- com.google.code.findbugs:jsr305:jar:1.3.9:compile
|  |  +- com.mysema.commons:mysema-commons-lang:jar:0.2.4:compile
|  |  \- com.infradna.tool:bridge-method-annotation:jar:1.13:compile
|  \- javax.inject:javax.inject:jar:1:compile
+- org.apache.geronimo.specs:geronimo-jcdi_2.0_spec:jar:1.0.1:test
+- javax.interceptor:javax.interceptor-api:jar:1.2.1:test
+- javax.enterprise:cdi-api:jar:1.0:provided (optional) 
|  +- org.jboss.interceptor:jboss-interceptor-api:jar:1.1:provided (optional) 
|  \- javax.annotation:jsr250-api:jar:1.0:provided (optional) 
+- javax.annotation:javax.annotation-api:jar:1.3.2:test
+- org.apache.openwebbeans:openwebbeans-se:jar:2.0.11:test
|  \- org.apache.openwebbeans:openwebbeans-impl:jar:2.0.11:test
|     +- org.apache.xbean:xbean-finder-shaded:jar:4.13:test
|     +- org.apache.xbean:xbean-asm7-shaded:jar:4.13:test
|     \- org.apache.openwebbeans:openwebbeans-spi:jar:2.0.11:test
+- org.junit.jupiter:junit-jupiter:jar:5.5.2:test
|  +- org.junit.jupiter:junit-jupiter-api:jar:5.5.2:test
|  |  +- org.opentest4j:opentest4j:jar:1.2.0:test
|  |  \- org.junit.platform:junit-platform-commons:jar:1.5.2:test
|  +- org.junit.jupiter:junit-jupiter-params:jar:5.5.2:test
|  \- org.junit.jupiter:junit-jupiter-engine:jar:5.5.2:test
+- org.junit.vintage:junit-vintage-engine:jar:5.5.2:test
|  +- org.apiguardian:apiguardian-api:jar:1.1.0:test
|  +- org.junit.platform:junit-platform-engine:jar:1.5.2:test
|  \- junit:junit:jar:4.12:test
|     \- org.hamcrest:hamcrest-core:jar:1.3:test
+- org.mockito:mockito-core:jar:2.19.1:test
|  +- net.bytebuddy:byte-buddy-agent:jar:1.8.13:test
|  \- org.objenesis:objenesis:jar:2.6:test
+- org.mockito:mockito-junit-jupiter:jar:2.19.1:test
+- org.assertj:assertj-core:jar:3.14.0:test
+- org.springframework:spring-test:jar:5.2.3.RELEASE:test
+- org.slf4j:slf4j-api:jar:1.7.26:compile
+- ch.qos.logback:logback-classic:jar:1.2.3:test
|  \- ch.qos.logback:logback-core:jar:1.2.3:test
\- org.projectlombok:lombok:jar:1.18.10:compile (optional) 

