WARNING: Your kernel does not support swap limit capabilities or the cgroup is not mounted. Memory limited without swap.
org.springframework.data:spring-data-commons:jar:1.10.0.RELEASE
+- org.springframework:spring-core:jar:4.0.9.RELEASE:compile
+- org.springframework:spring-beans:jar:4.0.9.RELEASE:compile
|  \- (org.springframework:spring-core:jar:4.0.9.RELEASE:compile - omitted for duplicate)
+- org.springframework:spring-context:jar:4.0.9.RELEASE:compile
|  +- org.springframework:spring-aop:jar:4.0.9.RELEASE:compile
|  |  +- aopalliance:aopalliance:jar:1.0:compile
|  |  +- (org.springframework:spring-beans:jar:4.0.9.RELEASE:compile - omitted for duplicate)
|  |  \- (org.springframework:spring-core:jar:4.0.9.RELEASE:compile - omitted for duplicate)
|  +- (org.springframework:spring-beans:jar:4.0.9.RELEASE:compile - omitted for duplicate)
|  +- (org.springframework:spring-core:jar:4.0.9.RELEASE:compile - omitted for duplicate)
|  \- (org.springframework:spring-expression:jar:4.0.9.RELEASE:compile - omitted for duplicate)
+- org.springframework:spring-expression:jar:4.0.9.RELEASE:compile
|  \- (org.springframework:spring-core:jar:4.0.9.RELEASE:compile - omitted for duplicate)
+- org.springframework:spring-tx:jar:4.0.9.RELEASE:compile
|  +- (org.springframework:spring-beans:jar:4.0.9.RELEASE:compile - omitted for duplicate)
|  \- (org.springframework:spring-core:jar:4.0.9.RELEASE:compile - omitted for duplicate)
+- org.springframework:spring-oxm:jar:4.0.9.RELEASE:compile
|  +- (org.springframework:spring-beans:jar:4.0.9.RELEASE:compile - omitted for duplicate)
|  \- (org.springframework:spring-core:jar:4.0.9.RELEASE:compile - omitted for duplicate)
+- com.fasterxml.jackson.core:jackson-databind:jar:2.5.1:compile
|  +- com.fasterxml.jackson.core:jackson-annotations:jar:2.5.0:compile
|  \- com.fasterxml.jackson.core:jackson-core:jar:2.5.1:compile
+- org.springframework:spring-web:jar:4.0.9.RELEASE:compile
|  +- (org.springframework:spring-aop:jar:4.0.9.RELEASE:compile - omitted for duplicate)
|  +- (org.springframework:spring-beans:jar:4.0.9.RELEASE:compile - omitted for duplicate)
|  +- (org.springframework:spring-context:jar:4.0.9.RELEASE:compile - omitted for duplicate)
|  \- (org.springframework:spring-core:jar:4.0.9.RELEASE:compile - omitted for duplicate)
+- javax.servlet:javax.servlet-api:jar:3.0.1:provided
+- javax.annotation:jsr250-api:jar:1.0:compile
+- joda-time:joda-time:jar:2.7:compile
+- org.threeten:threetenbp:jar:1.2:compile
+- com.mysema.querydsl:querydsl-core:jar:3.6.2:compile
|  +- (com.google.guava:guava:jar:18.0:compile - omitted for conflict with 17.0)
|  +- com.google.code.findbugs:jsr305:jar:1.3.9:compile
|  +- com.mysema.commons:mysema-commons-lang:jar:0.2.4:compile
|  \- com.infradna.tool:bridge-method-annotation:jar:1.13:compile
+- com.mysema.querydsl:querydsl-apt:jar:3.6.2:provided (scope not updated to compile)
|  \- (com.mysema.querydsl:querydsl-codegen:jar:3.6.2:compile - scope updated from provided; omitted for duplicate)
+- com.mysema.querydsl:querydsl-collections:jar:3.6.2:compile
|  +- com.mysema.querydsl:querydsl-codegen:jar:3.6.2:compile
|  |  +- (com.mysema.querydsl:querydsl-core:jar:3.6.2:compile - omitted for duplicate)
|  |  +- com.mysema.codegen:codegen:jar:0.6.5:compile
|  |  |  +- (com.google.guava:guava:jar:18.0:compile - omitted for duplicate)
|  |  |  \- org.eclipse.jdt.core.compiler:ecj:jar:4.3.1:compile
|  |  \- javax.inject:javax.inject:jar:1:compile
|  +- (com.mysema.querydsl:querydsl-apt:jar:3.6.2:compile - omitted for duplicate)
|  \- (org.slf4j:slf4j-api:jar:1.6.1:compile - omitted for conflict with 1.7.10)
+- javax.ejb:ejb-api:jar:3.0:compile
+- javax.enterprise:cdi-api:jar:1.0:provided
|  +- org.jboss.interceptor:jboss-interceptor-api:jar:1.1:provided
|  +- (javax.annotation:jsr250-api:jar:1.0:provided - omitted for duplicate)
|  \- (javax.inject:javax.inject:jar:1:compile - scope updated from provided; omitted for duplicate)
+- com.google.guava:guava:jar:17.0:compile
+- javax.el:el-api:jar:1.0:test
+- org.apache.openwebbeans.test:cditest-owb:jar:1.2.7:test
|  +- org.apache.openwebbeans.test:cditest:jar:1.2.7:test
|  +- org.apache.geronimo.specs:geronimo-jcdi_1.0_spec:jar:1.0:test
|  +- org.apache.geronimo.specs:geronimo-atinject_1.0_spec:jar:1.0:test
|  +- org.apache.openwebbeans:openwebbeans-spi:jar:1.2.7:test
|  \- org.apache.openwebbeans:openwebbeans-impl:jar:1.2.7:test
|     +- org.apache.xbean:xbean-finder-shaded:jar:4.1:test
|     |  \- (org.apache.xbean:xbean-asm5-shaded:jar:4.1:test - omitted for duplicate)
|     +- org.apache.xbean:xbean-asm5-shaded:jar:4.1:test
|     \- (org.apache.openwebbeans:openwebbeans-spi:jar:1.2.7:test - omitted for duplicate)
+- org.springframework.hateoas:spring-hateoas:jar:0.17.0.RELEASE:compile
|  +- (org.springframework:spring-aop:jar:4.0.9.RELEASE:compile - omitted for duplicate)
|  +- (org.springframework:spring-beans:jar:4.0.9.RELEASE:compile - omitted for duplicate)
|  +- (org.springframework:spring-context:jar:4.0.9.RELEASE:compile - omitted for duplicate)
|  +- (org.springframework:spring-core:jar:4.0.9.RELEASE:compile - omitted for duplicate)
|  +- (org.springframework:spring-web:jar:4.0.9.RELEASE:compile - omitted for duplicate)
|  +- (org.springframework:spring-webmvc:jar:4.0.9.RELEASE:compile - omitted for duplicate)
|  +- org.objenesis:objenesis:jar:2.1:compile
|  \- (org.slf4j:slf4j-api:jar:1.7.10:compile - omitted for conflict with 1.6.1)
+- org.springframework:spring-webmvc:jar:4.0.9.RELEASE:compile
|  +- (org.springframework:spring-beans:jar:4.0.9.RELEASE:compile - omitted for duplicate)
|  +- (org.springframework:spring-context:jar:4.0.9.RELEASE:compile - omitted for duplicate)
|  +- (org.springframework:spring-core:jar:4.0.9.RELEASE:compile - omitted for duplicate)
|  +- (org.springframework:spring-expression:jar:4.0.9.RELEASE:compile - omitted for duplicate)
|  \- (org.springframework:spring-web:jar:4.0.9.RELEASE:compile - omitted for duplicate)
+- com.sun.xml.bind:jaxb-impl:jar:2.2.3U1:test
|  \- javax.xml.bind:jaxb-api:jar:2.2.2:test
|     +- javax.xml.stream:stax-api:jar:1.0-2:test
|     \- javax.activation:activation:jar:1.1:test
+- xmlunit:xmlunit:jar:1.3:test
+- org.codehaus.groovy:groovy-all:jar:1.8.6:test
+- org.hamcrest:hamcrest-library:jar:1.3:test
|  \- (org.hamcrest:hamcrest-core:jar:1.3:test - omitted for duplicate)
+- org.hamcrest:hamcrest-core:jar:1.3:test
+- junit:junit:jar:4.12:test
|  \- (org.hamcrest:hamcrest-core:jar:1.3:test - omitted for duplicate)
+- org.mockito:mockito-core:jar:1.10.19:test
|  +- (org.hamcrest:hamcrest-core:jar:1.1:test - omitted for conflict with 1.3)
|  \- (org.objenesis:objenesis:jar:2.1:test - omitted for duplicate)
+- org.springframework:spring-test:jar:4.0.9.RELEASE:test
|  \- (org.springframework:spring-core:jar:4.0.9.RELEASE:test - omitted for duplicate)
+- org.slf4j:slf4j-api:jar:1.7.10:compile
+- org.slf4j:jcl-over-slf4j:jar:1.7.10:runtime
|  \- (org.slf4j:slf4j-api:jar:1.7.10:runtime - omitted for duplicate)
\- ch.qos.logback:logback-classic:jar:1.1.2:test
   +- ch.qos.logback:logback-core:jar:1.1.2:test
   \- (org.slf4j:slf4j-api:jar:1.7.6:test - omitted for conflict with 1.7.10)

