WARNING: Your kernel does not support swap limit capabilities or the cgroup is not mounted. Memory limited without swap.
org.springframework.data:spring-data-solr:jar:3.0.0.M4
+- org.springframework:spring-context:jar:5.0.0.RC2:compile
|  +- org.springframework:spring-aop:jar:5.0.0.RC2:compile
|  +- org.springframework:spring-beans:jar:5.0.0.RC2:compile
|  +- org.springframework:spring-core:jar:5.0.0.RC2:compile
|  |  \- org.springframework:spring-jcl:jar:5.0.0.RC2:compile
|  \- org.springframework:spring-expression:jar:5.0.0.RC2:compile
+- org.springframework:spring-tx:jar:5.0.0.RC2:compile
+- org.springframework.data:spring-data-commons:jar:2.0.0.M4:compile
+- org.apache.commons:commons-lang3:jar:3.1:compile
+- joda-time:joda-time:jar:2.9.9:compile (optional) 
+- org.apache.solr:solr-solrj:jar:6.5.0:compile
|  +- commons-io:commons-io:jar:2.5:compile
|  +- org.apache.httpcomponents:httpclient:jar:4.4.1:compile
|  +- org.apache.httpcomponents:httpcore:jar:4.4.1:compile
|  +- org.apache.httpcomponents:httpmime:jar:4.4.1:compile
|  +- org.apache.zookeeper:zookeeper:jar:3.4.6:compile
|  \- org.noggit:noggit:jar:0.6:compile
+- org.apache.solr:solr-core:jar:6.5.0:compile (optional) 
|  +- org.apache.lucene:lucene-analyzers-common:jar:6.5.0:compile
|  +- org.apache.lucene:lucene-analyzers-kuromoji:jar:6.5.0:compile
|  +- org.apache.lucene:lucene-analyzers-phonetic:jar:6.5.0:compile
|  +- org.apache.lucene:lucene-backward-codecs:jar:6.5.0:compile
|  +- org.apache.lucene:lucene-classification:jar:6.5.0:compile
|  +- org.apache.lucene:lucene-codecs:jar:6.5.0:compile
|  +- org.apache.lucene:lucene-core:jar:6.5.0:compile
|  +- org.apache.lucene:lucene-expressions:jar:6.5.0:compile
|  +- org.apache.lucene:lucene-grouping:jar:6.5.0:compile
|  +- org.apache.lucene:lucene-highlighter:jar:6.5.0:compile
|  +- org.apache.lucene:lucene-join:jar:6.5.0:compile
|  +- org.apache.lucene:lucene-memory:jar:6.5.0:compile
|  +- org.apache.lucene:lucene-misc:jar:6.5.0:compile
|  +- org.apache.lucene:lucene-queries:jar:6.5.0:compile
|  +- org.apache.lucene:lucene-queryparser:jar:6.5.0:compile
|  +- org.apache.lucene:lucene-sandbox:jar:6.5.0:compile
|  +- org.apache.lucene:lucene-spatial-extras:jar:6.5.0:compile
|  +- org.apache.lucene:lucene-suggest:jar:6.5.0:compile
|  +- com.carrotsearch:hppc:jar:0.7.1:compile
|  +- com.fasterxml.jackson.core:jackson-annotations:jar:2.5.4:compile
|  +- com.fasterxml.jackson.dataformat:jackson-dataformat-smile:jar:2.5.4:compile
|  +- com.github.ben-manes.caffeine:caffeine:jar:2.4.0:compile
|  +- com.google.guava:guava:jar:14.0.1:compile
|  +- com.google.protobuf:protobuf-java:jar:3.1.0:compile
|  +- com.tdunning:t-digest:jar:3.1:compile
|  +- commons-cli:commons-cli:jar:1.2:compile
|  +- commons-codec:commons-codec:jar:1.10:compile
|  +- commons-collections:commons-collections:jar:3.2.2:compile
|  +- commons-configuration:commons-configuration:jar:1.6:compile
|  +- commons-fileupload:commons-fileupload:jar:1.3.2:compile
|  +- commons-lang:commons-lang:jar:2.6:compile
|  +- dom4j:dom4j:jar:1.6.1:compile
|  +- info.ganglia.gmetric4j:gmetric4j:jar:1.0.7:compile
|  +- io.dropwizard.metrics:metrics-core:jar:3.1.2:compile
|  +- io.dropwizard.metrics:metrics-ganglia:jar:3.1.2:compile
|  +- io.dropwizard.metrics:metrics-graphite:jar:3.1.2:compile
|  +- io.dropwizard.metrics:metrics-jetty9:jar:3.1.2:compile
|  +- io.dropwizard.metrics:metrics-jvm:jar:3.1.2:compile
|  +- javax.servlet:javax.servlet-api:jar:3.1.0:compile
|  +- log4j:log4j:jar:1.2.17:compile
|  +- net.hydromatic:eigenbase-properties:jar:1.1.5:compile
|  +- org.antlr:antlr4-runtime:jar:4.5.1-1:compile
|  +- org.apache.calcite:calcite-core:jar:1.11.0:compile
|  +- org.apache.calcite:calcite-linq4j:jar:1.11.0:compile
|  +- org.apache.calcite.avatica:avatica-core:jar:1.9.0:compile
|  +- org.apache.commons:commons-exec:jar:1.3:compile
|  +- org.apache.curator:curator-client:jar:2.8.0:compile
|  +- org.apache.curator:curator-framework:jar:2.8.0:compile
|  +- org.apache.curator:curator-recipes:jar:2.8.0:compile
|  +- org.apache.hadoop:hadoop-annotations:jar:2.7.2:compile
|  +- org.apache.hadoop:hadoop-auth:jar:2.7.2:compile
|  +- org.apache.hadoop:hadoop-common:jar:2.7.2:compile
|  +- org.apache.hadoop:hadoop-hdfs:jar:2.7.2:compile
|  +- org.apache.htrace:htrace-core:jar:3.2.0-incubating:compile
|  +- org.codehaus.jackson:jackson-core-asl:jar:1.9.13:compile
|  +- org.codehaus.jackson:jackson-mapper-asl:jar:1.9.13:compile
|  +- org.codehaus.janino:commons-compiler:jar:2.7.6:compile
|  +- org.codehaus.janino:janino:jar:2.7.6:compile
|  +- org.codehaus.woodstox:stax2-api:jar:3.1.4:compile
|  +- org.codehaus.woodstox:woodstox-core-asl:jar:4.4.1:compile
|  +- org.eclipse.jetty:jetty-continuation:jar:9.3.14.v20161028:compile
|  +- org.eclipse.jetty:jetty-deploy:jar:9.3.14.v20161028:compile
|  +- org.eclipse.jetty:jetty-http:jar:9.3.14.v20161028:compile
|  +- org.eclipse.jetty:jetty-io:jar:9.3.14.v20161028:compile
|  +- org.eclipse.jetty:jetty-jmx:jar:9.3.14.v20161028:compile
|  +- org.eclipse.jetty:jetty-rewrite:jar:9.3.14.v20161028:compile
|  +- org.eclipse.jetty:jetty-security:jar:9.3.14.v20161028:compile
|  +- org.eclipse.jetty:jetty-server:jar:9.3.14.v20161028:compile
|  +- org.eclipse.jetty:jetty-servlet:jar:9.3.14.v20161028:compile
|  +- org.eclipse.jetty:jetty-servlets:jar:9.3.14.v20161028:compile
|  +- org.eclipse.jetty:jetty-util:jar:9.3.14.v20161028:compile
|  +- org.eclipse.jetty:jetty-webapp:jar:9.3.14.v20161028:compile
|  +- org.eclipse.jetty:jetty-xml:jar:9.3.14.v20161028:compile
|  +- org.locationtech.spatial4j:spatial4j:jar:0.6:compile
|  +- org.ow2.asm:asm:jar:5.1:compile
|  +- org.ow2.asm:asm-commons:jar:5.1:compile
|  +- org.restlet.jee:org.restlet:jar:2.3.0:compile
|  +- org.restlet.jee:org.restlet.ext.servlet:jar:2.3.0:compile
|  \- org.slf4j:jcl-over-slf4j:jar:1.7.7:compile
+- org.apache.solr:solr-langid:jar:6.5.0:test
|  +- com.adobe.xmp:xmpcore:jar:5.1.2:test
|  +- com.cybozu.labs:langdetect:jar:1.1-20120112:test
|  +- com.drewnoakes:metadata-extractor:jar:2.8.1:test
|  +- com.fasterxml.jackson.core:jackson-core:jar:2.5.4:compile
|  +- com.googlecode.juniversalchardet:juniversalchardet:jar:1.0.3:test
|  +- com.googlecode.mp4parser:isoparser:jar:1.1.18:test
|  +- com.healthmarketscience.jackcess:jackcess:jar:2.1.3:test
|  +- com.ibm.icu:icu4j:jar:56.1:test
|  +- com.pff:java-libpst:jar:0.8.1:test
|  +- de.l3s.boilerpipe:boilerpipe:jar:1.1.0:test
|  +- jdom:jdom:jar:1.0:test
|  +- net.arnx:jsonic:jar:1.2.7:test
|  +- net.sourceforge.jmatio:jmatio:jar:1.0:test
|  +- org.apache.commons:commons-compress:jar:1.11:test
|  +- org.apache.james:apache-mime4j-core:jar:0.7.2:test
|  +- org.apache.james:apache-mime4j-dom:jar:0.7.2:test
|  +- org.apache.pdfbox:fontbox:jar:2.0.1:test
|  +- org.apache.pdfbox:jempbox:jar:1.8.12:test
|  +- org.apache.pdfbox:pdfbox:jar:2.0.1:test
|  +- org.apache.pdfbox:pdfbox-tools:jar:2.0.1:test
|  +- org.apache.poi:poi:jar:3.15-beta1:test
|  +- org.apache.poi:poi-ooxml:jar:3.15-beta1:test
|  +- org.apache.poi:poi-ooxml-schemas:jar:3.15-beta1:test
|  +- org.apache.poi:poi-scratchpad:jar:3.15-beta1:test
|  +- org.apache.tika:tika-core:jar:1.13:test
|  +- org.apache.tika:tika-java7:jar:1.13:test
|  +- org.apache.tika:tika-parsers:jar:1.13:test
|  +- org.apache.tika:tika-xmp:jar:1.13:test
|  +- org.apache.xmlbeans:xmlbeans:jar:2.6.0:test
|  +- org.aspectj:aspectjrt:jar:1.8.0:test
|  +- org.bouncycastle:bcmail-jdk15:jar:1.45:test
|  +- org.bouncycastle:bcprov-jdk15:jar:1.45:test
|  +- org.ccil.cowan.tagsoup:tagsoup:jar:1.2.1:test
|  +- org.gagravarr:vorbis-java-core:jar:0.8:test
|  +- org.gagravarr:vorbis-java-tika:jar:0.8:test
|  +- org.tukaani:xz:jar:1.5:test
|  +- rome:rome:jar:1.0:test
|  \- xerces:xercesImpl:jar:2.9.1:test
+- javax.enterprise:cdi-api:jar:1.0:provided (optional) 
|  +- org.jboss.interceptor:jboss-interceptor-api:jar:1.1:provided (optional) 
|  +- javax.annotation:jsr250-api:jar:1.0:provided (optional) 
|  \- javax.inject:javax.inject:jar:1:provided (optional) 
+- org.apache.openwebbeans.test:cditest-owb:jar:1.2.8:test
|  +- org.apache.openwebbeans.test:cditest:jar:1.2.8:test
|  +- org.apache.geronimo.specs:geronimo-jcdi_1.0_spec:jar:1.0:test
|  +- org.apache.geronimo.specs:geronimo-atinject_1.0_spec:jar:1.0:test
|  +- org.apache.openwebbeans:openwebbeans-spi:jar:1.2.8:test
|  \- org.apache.openwebbeans:openwebbeans-impl:jar:1.2.8:test
|     +- org.apache.xbean:xbean-finder-shaded:jar:4.1:test
|     \- org.apache.xbean:xbean-asm5-shaded:jar:4.1:test
+- org.springframework:spring-jdbc:jar:5.0.0.RC2:test
+- com.h2database:h2:jar:1.3.168:test
+- javax.servlet:servlet-api:jar:3.0-alpha-1:test
+- com.fasterxml.jackson.core:jackson-databind:jar:2.9.0.pr3:compile
+- org.hamcrest:hamcrest-library:jar:1.3:test
+- org.hamcrest:hamcrest-core:jar:1.3:test
+- junit:junit:jar:4.12:test
+- org.mockito:mockito-core:jar:2.8.9:test
|  +- net.bytebuddy:byte-buddy:jar:1.6.14:test
|  +- net.bytebuddy:byte-buddy-agent:jar:1.6.14:test
|  \- org.objenesis:objenesis:jar:2.5:test
+- org.assertj:assertj-core:jar:3.8.0:test
+- org.springframework:spring-test:jar:5.0.0.RC2:test
+- org.slf4j:slf4j-api:jar:1.7.25:compile
+- ch.qos.logback:logback-classic:jar:1.2.2:test
|  \- ch.qos.logback:logback-core:jar:1.2.2:test
\- org.projectlombok:lombok:jar:1.16.16:compile (optional) 

