WARNING: Your kernel does not support swap limit capabilities or the cgroup is not mounted. Memory limited without swap.
org.springframework.data:spring-data-commons:jar:2.0.0.M4
+- org.springframework:spring-core:jar:5.0.0.RC2:compile
|  \- org.springframework:spring-jcl:jar:5.0.0.RC2:compile
+- org.springframework:spring-beans:jar:5.0.0.RC2:compile
+- org.springframework:spring-context:jar:5.0.0.RC2:compile (optional) 
|  \- org.springframework:spring-aop:jar:5.0.0.RC2:compile (optional) 
+- org.springframework:spring-expression:jar:5.0.0.RC2:compile (optional) 
+- org.springframework:spring-tx:jar:5.0.0.RC2:compile (optional) 
+- org.springframework:spring-oxm:jar:5.0.0.RC2:compile (optional) 
+- com.fasterxml.jackson.core:jackson-databind:jar:2.9.0.pr3:compile (optional) 
|  +- com.fasterxml.jackson.core:jackson-annotations:jar:2.9.0.pr3:compile (optional) 
|  \- com.fasterxml.jackson.core:jackson-core:jar:2.9.0.pr3:compile (optional) 
+- org.springframework:spring-web:jar:5.0.0.RC2:compile (optional) 
+- javax.servlet:javax.servlet-api:jar:3.0.1:provided
+- javax.annotation:jsr250-api:jar:1.0:compile (optional) 
+- joda-time:joda-time:jar:2.9.9:compile (optional) 
+- org.threeten:threetenbp:jar:1.3.5:compile (optional) 
+- io.projectreactor:reactor-core:jar:3.1.0.M2:compile (optional) 
|  \- org.reactivestreams:reactive-streams:jar:1.0.0:compile (optional) 
+- io.reactivex:rxjava:jar:1.3.0:compile (optional) 
+- io.reactivex:rxjava-reactive-streams:jar:1.2.1:compile (optional) 
+- io.reactivex.rxjava2:rxjava:jar:2.1.0:compile (optional) 
+- com.querydsl:querydsl-core:jar:4.1.4:compile (optional) 
|  +- com.google.code.findbugs:jsr305:jar:1.3.9:compile (optional) 
|  +- com.mysema.commons:mysema-commons-lang:jar:0.2.4:compile (optional) 
|  \- com.infradna.tool:bridge-method-annotation:jar:1.13:compile (optional) 
+- com.querydsl:querydsl-apt:jar:4.1.4:provided
|  +- com.querydsl:querydsl-codegen:jar:4.1.4:compile
|  |  +- com.mysema.codegen:codegen:jar:0.6.8:compile
|  |  |  \- org.eclipse.jdt.core.compiler:ecj:jar:4.3.1:compile
|  |  \- org.reflections:reflections:jar:0.9.9:compile
|  |     +- org.javassist:javassist:jar:3.18.2-GA:compile
|  |     \- com.google.code.findbugs:annotations:jar:2.0.1:compile
|  \- javax.jdo:jdo-api:jar:3.0.1:provided
|     \- javax.transaction:jta:jar:1.1:provided
+- com.querydsl:querydsl-collections:jar:4.1.4:compile (optional) 
+- javax.ejb:ejb-api:jar:3.0:compile (optional) 
+- javax.enterprise:cdi-api:jar:1.0:provided (optional) 
|  +- org.jboss.interceptor:jboss-interceptor-api:jar:1.1:provided (optional) 
|  \- javax.inject:javax.inject:jar:1:compile
+- com.google.guava:guava:jar:19.0:compile (optional) 
+- io.javaslang:javaslang:jar:2.0.4:compile (optional) 
|  \- io.javaslang:javaslang-match:jar:2.0.4:compile (optional) 
+- io.vavr:vavr:jar:0.9.0:compile (optional) 
|  \- io.vavr:vavr-match:jar:0.9.0:compile (optional) 
+- javax.el:el-api:jar:1.0:test
+- org.apache.openwebbeans.test:cditest-owb:jar:1.2.8:test
|  +- org.apache.openwebbeans.test:cditest:jar:1.2.8:test
|  +- org.apache.geronimo.specs:geronimo-jcdi_1.0_spec:jar:1.0:test
|  +- org.apache.geronimo.specs:geronimo-atinject_1.0_spec:jar:1.0:test
|  +- org.apache.openwebbeans:openwebbeans-spi:jar:1.2.8:test
|  \- org.apache.openwebbeans:openwebbeans-impl:jar:1.2.8:test
|     +- org.apache.xbean:xbean-finder-shaded:jar:4.1:test
|     \- org.apache.xbean:xbean-asm5-shaded:jar:4.1:test
+- org.springframework.hateoas:spring-hateoas:jar:0.23.0.RELEASE:compile (optional) 
+- org.springframework:spring-webmvc:jar:5.0.0.RC2:compile (optional) 
+- com.sun.xml.bind:jaxb-impl:jar:2.2.3U1:test
|  \- javax.xml.bind:jaxb-api:jar:2.2.2:test
|     +- javax.xml.stream:stax-api:jar:1.0-2:test
|     \- javax.activation:activation:jar:1.1:test
+- xmlunit:xmlunit:jar:1.6:test
+- org.codehaus.groovy:groovy-all:jar:2.4.4:test
+- org.scala-lang:scala-library:jar:2.11.7:compile (optional) 
+- javax.transaction:javax.transaction-api:jar:1.2:test
+- com.jayway.jsonpath:json-path:jar:2.2.0:compile (optional) 
|  \- net.minidev:json-smart:jar:2.2.1:compile (optional) 
|     \- net.minidev:accessors-smart:jar:1.1:compile (optional) 
|        \- org.ow2.asm:asm:jar:5.0.3:compile (optional) 
+- org.xmlbeam:xmlprojector:jar:1.4.8:compile (optional) 
+- org.hamcrest:hamcrest-library:jar:1.3:test
+- org.hamcrest:hamcrest-core:jar:1.3:test
+- junit:junit:jar:4.12:test
+- org.mockito:mockito-core:jar:2.8.9:test
|  +- net.bytebuddy:byte-buddy:jar:1.6.14:test
|  +- net.bytebuddy:byte-buddy-agent:jar:1.6.14:test
|  \- org.objenesis:objenesis:jar:2.5:test
+- org.assertj:assertj-core:jar:3.8.0:test
+- org.springframework:spring-test:jar:5.0.0.RC2:test
+- org.slf4j:slf4j-api:jar:1.7.25:compile
+- ch.qos.logback:logback-classic:jar:1.2.2:test
|  \- ch.qos.logback:logback-core:jar:1.2.2:test
\- org.projectlombok:lombok:jar:1.16.16:compile (optional) 

