WARNING: Your kernel does not support swap limit capabilities or the cgroup is not mounted. Memory limited without swap.
org.springframework.data:spring-data-couchbase:jar:3.2.0.M3
+- org.springframework:spring-context:jar:5.2.0.M1:compile
|  +- org.springframework:spring-aop:jar:5.2.0.M1:compile
|  +- org.springframework:spring-beans:jar:5.2.0.M1:compile
|  +- org.springframework:spring-core:jar:5.2.0.M1:compile
|  |  \- org.springframework:spring-jcl:jar:5.2.0.M1:compile
|  \- org.springframework:spring-expression:jar:5.2.0.M1:compile
+- org.springframework:spring-web:jar:5.2.0.M1:compile
+- org.springframework:spring-tx:jar:5.2.0.M1:compile
+- org.springframework.data:spring-data-commons:jar:2.2.0.M3:compile
+- com.couchbase.client:java-client:jar:2.7.4:compile
|  \- com.couchbase.client:core-io:jar:1.7.4:compile
|     \- io.opentracing:opentracing-api:jar:0.31.0:compile
+- org.springframework:spring-test:jar:5.2.0.M1:test
+- org.hibernate:hibernate-validator:jar:5.2.4.Final:test
|  +- org.jboss.logging:jboss-logging:jar:3.2.1.Final:test
|  \- com.fasterxml:classmate:jar:1.1.0:test
+- org.apache.httpcomponents:httpclient:jar:4.3.3:test
|  +- org.apache.httpcomponents:httpcore:jar:4.3.2:test
|  +- commons-logging:commons-logging:jar:1.1.3:test
|  \- commons-codec:commons-codec:jar:1.6:test
+- com.fasterxml.jackson.core:jackson-databind:jar:2.9.8:compile
|  +- com.fasterxml.jackson.core:jackson-annotations:jar:2.9.0:compile
|  \- com.fasterxml.jackson.core:jackson-core:jar:2.9.8:compile
+- joda-time:joda-time:jar:2.10.1:compile (optional) 
+- io.projectreactor:reactor-core:jar:3.2.8.RELEASE:compile (optional) 
|  \- org.reactivestreams:reactive-streams:jar:1.0.2:compile (optional) 
+- io.reactivex:rxjava:jar:1.3.8:compile (optional) 
+- io.reactivex:rxjava-reactive-streams:jar:1.2.1:compile (optional) 
+- io.reactivex.rxjava2:rxjava:jar:2.2.8:compile (optional) 
+- com.couchbase.client:encryption:jar:1.0.0:compile
+- org.testcontainers:testcontainers:jar:1.6.0:test
|  +- com.kohlschutter.junixsocket:junixsocket-common:jar:2.0.4:test
|  +- com.kohlschutter.junixsocket:junixsocket-native-common:jar:2.0.4:test
|  +- org.scijava:native-lib-loader:jar:2.0.2:test
|  +- org.apache.commons:commons-compress:jar:1.12:test
|  +- commons-lang:commons-lang:jar:2.6:test
|  +- commons-io:commons-io:jar:2.5:test
|  +- org.slf4j:jcl-over-slf4j:jar:1.7.21:test
|  +- javax.xml.bind:jaxb-api:jar:2.3.0:test
|  +- org.rnorth:tcp-unix-socket-proxy:jar:1.0.1:test
|  +- org.zeroturnaround:zt-exec:jar:1.8:test
|  +- org.rnorth.duct-tape:duct-tape:jar:1.0.6:test
|  +- org.jetbrains:annotations:jar:13.0:compile
|  +- org.slf4j:slf4j-ext:jar:1.7.25:test
|  +- org.rnorth.visible-assertions:visible-assertions:jar:2.1.0:test
|  \- net.java.dev.jna:jna:jar:4.5.0:test
+- javax.validation:validation-api:jar:1.1.0.Final:compile (optional) 
+- org.apache.geronimo.specs:geronimo-jcdi_2.0_spec:jar:1.0.1:test
+- javax.interceptor:javax.interceptor-api:jar:1.2.1:test
+- javax.enterprise:cdi-api:jar:1.0:provided (optional) 
|  +- org.jboss.interceptor:jboss-interceptor-api:jar:1.1:provided (optional) 
|  +- javax.annotation:jsr250-api:jar:1.0:provided (optional) 
|  \- javax.inject:javax.inject:jar:1:provided (optional) 
+- javax.annotation:javax.annotation-api:jar:1.3:test
+- org.apache.openwebbeans:openwebbeans-se:jar:2.0.10:test
|  \- org.apache.openwebbeans:openwebbeans-impl:jar:2.0.10:test
|     +- org.apache.xbean:xbean-finder-shaded:jar:4.12:test
|     +- org.apache.xbean:xbean-asm7-shaded:jar:4.12:test
|     \- org.apache.openwebbeans:openwebbeans-spi:jar:2.0.10:test
+- org.jetbrains.kotlin:kotlin-stdlib:jar:1.3.21:compile (optional) 
|  \- org.jetbrains.kotlin:kotlin-stdlib-common:jar:1.3.21:compile
+- org.jetbrains.kotlin:kotlin-reflect:jar:1.3.21:compile (optional) 
+- org.jetbrains.kotlin:kotlin-test:jar:1.3.21:test
|  \- org.jetbrains.kotlin:kotlin-test-common:jar:1.3.21:test
+- org.hamcrest:hamcrest-library:jar:1.3:test
+- org.hamcrest:hamcrest-core:jar:1.3:test
+- junit:junit:jar:4.12:test
+- org.mockito:mockito-core:jar:2.26.0:test
|  +- net.bytebuddy:byte-buddy:jar:1.9.10:test
|  +- net.bytebuddy:byte-buddy-agent:jar:1.9.10:test
|  \- org.objenesis:objenesis:jar:2.6:test
+- org.assertj:assertj-core:jar:3.12.2:test
+- org.slf4j:slf4j-api:jar:1.7.26:compile
+- ch.qos.logback:logback-classic:jar:1.2.3:test
|  \- ch.qos.logback:logback-core:jar:1.2.3:test
\- org.projectlombok:lombok:jar:1.18.6:compile (optional) 

