WARNING: Your kernel does not support swap limit capabilities or the cgroup is not mounted. Memory limited without swap.
OpenJDK 64-Bit Server VM warning: Insufficient space for shared memory file:
   262
Try using the -Djava.io.tmpdir= option to select an alternate temp location.

[ERROR] Command 'cd /tmp/tmpn8wdv7tz/spring-data-solr; mvn -gs /home/jdbl/core/../maven-proxy.xml se.kth.castor:depclean-maven-plugin:1.1.0:depclean -Dcreate.pom.debloated=true -Dcreate.result.json=true > /home/jdbl/results/spring-projects_spring-data-solr/2f53c342a6aad469532988ae8e76bc51b0937003/depClean.log 2>&1' returned non-zero exit status 1.
org.springframework.data:spring-data-solr:jar:2.0.0.RC1
+- org.springframework:spring-context:jar:4.2.5.RELEASE:compile
|  +- org.springframework:spring-aop:jar:4.2.5.RELEASE:compile
|  |  +- aopalliance:aopalliance:jar:1.0:compile
|  |  +- (org.springframework:spring-beans:jar:4.2.5.RELEASE:compile - omitted for duplicate)
|  |  \- (org.springframework:spring-core:jar:4.2.5.RELEASE:compile - omitted for duplicate)
|  +- org.springframework:spring-beans:jar:4.2.5.RELEASE:compile
|  |  \- (org.springframework:spring-core:jar:4.2.5.RELEASE:compile - omitted for duplicate)
|  +- org.springframework:spring-core:jar:4.2.5.RELEASE:compile
|  \- org.springframework:spring-expression:jar:4.2.5.RELEASE:compile
|     \- (org.springframework:spring-core:jar:4.2.5.RELEASE:compile - omitted for duplicate)
+- org.springframework:spring-tx:jar:4.2.5.RELEASE:compile
|  +- (org.springframework:spring-beans:jar:4.2.5.RELEASE:compile - omitted for duplicate)
|  \- (org.springframework:spring-core:jar:4.2.5.RELEASE:compile - omitted for duplicate)
+- org.springframework.data:spring-data-commons:jar:1.12.0.RC1:compile
|  +- (org.springframework:spring-core:jar:4.2.5.RELEASE:compile - omitted for duplicate)
|  +- (org.springframework:spring-beans:jar:4.2.5.RELEASE:compile - omitted for duplicate)
|  +- (org.slf4j:slf4j-api:jar:1.7.19:compile - omitted for duplicate)
|  \- (org.slf4j:jcl-over-slf4j:jar:1.7.19:compile - scope updated from runtime; omitted for duplicate)
+- org.apache.commons:commons-lang3:jar:3.1:compile
+- joda-time:joda-time:jar:2.9.2:compile
+- org.apache.solr:solr-solrj:jar:5.5.0:compile
|  +- commons-io:commons-io:jar:2.4:compile
|  +- org.apache.httpcomponents:httpclient:jar:4.4.1:compile
|  +- org.apache.httpcomponents:httpcore:jar:4.4.1:compile
|  +- org.apache.httpcomponents:httpmime:jar:4.4.1:compile
|  +- org.apache.zookeeper:zookeeper:jar:3.4.6:compile
|  +- org.codehaus.woodstox:stax2-api:jar:3.1.4:compile
|  +- org.codehaus.woodstox:woodstox-core-asl:jar:4.4.1:compile
|  \- org.noggit:noggit:jar:0.6:compile
+- org.apache.solr:solr-core:jar:5.5.0:compile
|  +- org.apache.lucene:lucene-analyzers-common:jar:5.5.0:compile
|  +- org.apache.lucene:lucene-analyzers-kuromoji:jar:5.5.0:compile
|  +- org.apache.lucene:lucene-analyzers-phonetic:jar:5.5.0:compile
|  +- org.apache.lucene:lucene-backward-codecs:jar:5.5.0:compile
|  +- org.apache.lucene:lucene-codecs:jar:5.5.0:compile
|  +- org.apache.lucene:lucene-core:jar:5.5.0:compile
|  +- org.apache.lucene:lucene-expressions:jar:5.5.0:compile
|  +- org.apache.lucene:lucene-grouping:jar:5.5.0:compile
|  +- org.apache.lucene:lucene-highlighter:jar:5.5.0:compile
|  +- org.apache.lucene:lucene-join:jar:5.5.0:compile
|  +- org.apache.lucene:lucene-memory:jar:5.5.0:compile
|  +- org.apache.lucene:lucene-misc:jar:5.5.0:compile
|  +- org.apache.lucene:lucene-queries:jar:5.5.0:compile
|  +- org.apache.lucene:lucene-queryparser:jar:5.5.0:compile
|  +- org.apache.lucene:lucene-sandbox:jar:5.5.0:compile
|  +- org.apache.lucene:lucene-spatial:jar:5.5.0:compile
|  +- org.apache.lucene:lucene-suggest:jar:5.5.0:compile
|  +- (org.apache.solr:solr-solrj:jar:5.5.0:compile - omitted for duplicate)
|  +- com.carrotsearch:hppc:jar:0.7.1:compile
|  +- com.fasterxml.jackson.dataformat:jackson-dataformat-smile:jar:2.5.4:compile
|  +- com.google.guava:guava:jar:14.0.1:compile
|  +- com.google.protobuf:protobuf-java:jar:2.5.0:compile
|  +- com.googlecode.concurrentlinkedhashmap:concurrentlinkedhashmap-lru:jar:1.2:compile
|  +- com.spatial4j:spatial4j:jar:0.5:compile
|  +- com.tdunning:t-digest:jar:3.1:compile
|  +- commons-cli:commons-cli:jar:1.2:compile
|  +- commons-codec:commons-codec:jar:1.10:compile
|  +- commons-collections:commons-collections:jar:3.2.2:compile
|  +- commons-configuration:commons-configuration:jar:1.6:compile
|  +- commons-fileupload:commons-fileupload:jar:1.2.1:compile
|  +- (commons-io:commons-io:jar:2.4:compile - omitted for duplicate)
|  +- commons-lang:commons-lang:jar:2.6:compile
|  +- dom4j:dom4j:jar:1.6.1:compile
|  +- javax.servlet:javax.servlet-api:jar:3.1.0:compile
|  +- (joda-time:joda-time:jar:2.2:compile - omitted for conflict with 2.9.2)
|  +- log4j:log4j:jar:1.2.17:compile
|  +- org.antlr:antlr4-runtime:jar:4.5.1-1:compile
|  +- org.apache.commons:commons-exec:jar:1.3:compile
|  +- org.apache.hadoop:hadoop-annotations:jar:2.6.0:compile
|  +- org.apache.hadoop:hadoop-auth:jar:2.6.0:compile
|  |  \- (org.apache.zookeeper:zookeeper:jar:3.4.6:compile - omitted for duplicate)
|  +- org.apache.hadoop:hadoop-common:jar:2.6.0:compile
|  |  \- (org.apache.zookeeper:zookeeper:jar:3.4.6:compile - omitted for duplicate)
|  +- org.apache.hadoop:hadoop-hdfs:jar:2.6.0:compile
|  +- (org.apache.httpcomponents:httpclient:jar:4.4.1:compile - omitted for duplicate)
|  +- (org.apache.httpcomponents:httpcore:jar:4.4.1:compile - omitted for duplicate)
|  +- (org.apache.httpcomponents:httpmime:jar:4.4.1:compile - omitted for duplicate)
|  +- (org.apache.zookeeper:zookeeper:jar:3.4.6:compile - omitted for duplicate)
|  +- (org.codehaus.woodstox:stax2-api:jar:3.1.4:compile - omitted for duplicate)
|  +- (org.codehaus.woodstox:woodstox-core-asl:jar:4.4.1:compile - omitted for duplicate)
|  +- org.eclipse.jetty:jetty-continuation:jar:9.2.13.v20150730:compile
|  +- org.eclipse.jetty:jetty-deploy:jar:9.2.13.v20150730:compile
|  +- org.eclipse.jetty:jetty-http:jar:9.2.13.v20150730:compile
|  +- org.eclipse.jetty:jetty-io:jar:9.2.13.v20150730:compile
|  +- org.eclipse.jetty:jetty-jmx:jar:9.2.13.v20150730:compile
|  +- org.eclipse.jetty:jetty-rewrite:jar:9.2.13.v20150730:compile
|  +- org.eclipse.jetty:jetty-security:jar:9.2.13.v20150730:compile
|  +- org.eclipse.jetty:jetty-server:jar:9.2.13.v20150730:compile
|  +- org.eclipse.jetty:jetty-servlet:jar:9.2.13.v20150730:compile
|  +- org.eclipse.jetty:jetty-servlets:jar:9.2.13.v20150730:compile
|  +- org.eclipse.jetty:jetty-util:jar:9.2.13.v20150730:compile
|  +- org.eclipse.jetty:jetty-webapp:jar:9.2.13.v20150730:compile
|  +- org.eclipse.jetty:jetty-xml:jar:9.2.13.v20150730:compile
|  +- org.htrace:htrace-core:jar:3.0.4:compile
|  +- (org.noggit:noggit:jar:0.6:compile - omitted for duplicate)
|  +- org.ow2.asm:asm:jar:5.0.4:compile
|  +- org.ow2.asm:asm-commons:jar:5.0.4:compile
|  +- org.restlet.jee:org.restlet:jar:2.3.0:compile
|  +- org.restlet.jee:org.restlet.ext.servlet:jar:2.3.0:compile
|  \- (org.slf4j:jcl-over-slf4j:jar:1.7.19:compile - omitted for duplicate)
+- javax.enterprise:cdi-api:jar:1.0:provided
|  +- org.jboss.interceptor:jboss-interceptor-api:jar:1.1:provided
|  +- javax.annotation:jsr250-api:jar:1.0:provided
|  \- javax.inject:javax.inject:jar:1:provided
+- org.apache.openwebbeans.test:cditest-owb:jar:1.2.8:test
|  +- org.apache.openwebbeans.test:cditest:jar:1.2.8:test
|  +- org.apache.geronimo.specs:geronimo-jcdi_1.0_spec:jar:1.0:test
|  +- org.apache.geronimo.specs:geronimo-atinject_1.0_spec:jar:1.0:test
|  +- org.apache.openwebbeans:openwebbeans-spi:jar:1.2.8:test
|  \- org.apache.openwebbeans:openwebbeans-impl:jar:1.2.8:test
|     +- org.apache.xbean:xbean-finder-shaded:jar:4.1:test
|     |  \- (org.apache.xbean:xbean-asm5-shaded:jar:4.1:test - omitted for duplicate)
|     +- org.apache.xbean:xbean-asm5-shaded:jar:4.1:test
|     \- (org.apache.openwebbeans:openwebbeans-spi:jar:1.2.8:test - omitted for duplicate)
+- org.springframework:spring-jdbc:jar:4.2.5.RELEASE:test
|  +- (org.springframework:spring-beans:jar:4.2.5.RELEASE:test - omitted for duplicate)
|  +- (org.springframework:spring-core:jar:4.2.5.RELEASE:test - omitted for duplicate)
|  \- (org.springframework:spring-tx:jar:4.2.5.RELEASE:test - omitted for duplicate)
+- com.h2database:h2:jar:1.3.168:test
+- javax.servlet:servlet-api:jar:3.0-alpha-1:test
+- com.fasterxml.jackson.core:jackson-databind:jar:2.6.5:compile
|  +- com.fasterxml.jackson.core:jackson-annotations:jar:2.6.0:compile
|  \- com.fasterxml.jackson.core:jackson-core:jar:2.6.5:compile
+- org.hamcrest:hamcrest-library:jar:1.3:test
|  \- (org.hamcrest:hamcrest-core:jar:1.3:test - omitted for duplicate)
+- org.hamcrest:hamcrest-core:jar:1.3:test
+- junit:junit:jar:4.12:test
|  \- (org.hamcrest:hamcrest-core:jar:1.3:test - omitted for duplicate)
+- org.mockito:mockito-core:jar:1.10.19:test
|  +- (org.hamcrest:hamcrest-core:jar:1.1:test - omitted for conflict with 1.3)
|  \- org.objenesis:objenesis:jar:2.1:test
+- org.springframework:spring-test:jar:4.2.5.RELEASE:test
|  \- (org.springframework:spring-core:jar:4.2.5.RELEASE:test - omitted for duplicate)
+- org.slf4j:slf4j-api:jar:1.7.19:compile
+- org.slf4j:jcl-over-slf4j:jar:1.7.19:runtime (scope not updated to compile)
|  \- (org.slf4j:slf4j-api:jar:1.7.19:runtime - omitted for duplicate)
+- ch.qos.logback:logback-classic:jar:1.1.6:test
|  +- ch.qos.logback:logback-core:jar:1.1.6:test
|  \- (org.slf4j:slf4j-api:jar:1.7.18:test - omitted for conflict with 1.7.19)
\- org.projectlombok:lombok:jar:1.16.8:compile

Traceback (most recent call last):
  File "/home/jdbl/core/Debloat.py", line 80, in depClean
    output = subprocess.check_output(cmd, shell=True)
  File "/usr/lib/python3.7/subprocess.py", line 395, in check_output
    **kwargs).stdout
  File "/usr/lib/python3.7/subprocess.py", line 487, in run
    output=stdout, stderr=stderr)
subprocess.CalledProcessError: Command 'cd /tmp/tmpn8wdv7tz/spring-data-solr; mvn -gs /home/jdbl/core/../maven-proxy.xml se.kth.castor:depclean-maven-plugin:1.1.0:depclean -Dcreate.pom.debloated=true -Dcreate.result.json=true > /home/jdbl/results/spring-projects_spring-data-solr/2f53c342a6aad469532988ae8e76bc51b0937003/depClean.log 2>&1' returned non-zero exit status 1.
