WARNING: Your kernel does not support swap limit capabilities or the cgroup is not mounted. Memory limited without swap.
org.springframework.data:spring-data-couchbase:jar:1.3.0.RELEASE
+- org.springframework:spring-context:jar:4.0.9.RELEASE:compile
|  +- org.springframework:spring-aop:jar:4.0.9.RELEASE:compile
|  |  +- aopalliance:aopalliance:jar:1.0:compile
|  |  +- (org.springframework:spring-beans:jar:4.0.9.RELEASE:compile - omitted for duplicate)
|  |  \- (org.springframework:spring-core:jar:4.0.9.RELEASE:compile - omitted for duplicate)
|  +- org.springframework:spring-beans:jar:4.0.9.RELEASE:compile
|  |  \- (org.springframework:spring-core:jar:4.0.9.RELEASE:compile - omitted for duplicate)
|  +- org.springframework:spring-core:jar:4.0.9.RELEASE:compile
|  |  \- commons-logging:commons-logging:jar:1.1.3:compile
|  \- org.springframework:spring-expression:jar:4.0.9.RELEASE:compile
|     \- (org.springframework:spring-core:jar:4.0.9.RELEASE:compile - omitted for duplicate)
+- org.springframework:spring-web:jar:4.0.9.RELEASE:compile
|  +- (org.springframework:spring-aop:jar:4.0.9.RELEASE:compile - omitted for duplicate)
|  +- (org.springframework:spring-beans:jar:4.0.9.RELEASE:compile - omitted for duplicate)
|  +- (org.springframework:spring-context:jar:4.0.9.RELEASE:compile - omitted for duplicate)
|  \- (org.springframework:spring-core:jar:4.0.9.RELEASE:compile - omitted for duplicate)
+- org.springframework:spring-tx:jar:4.0.9.RELEASE:compile
|  +- (org.springframework:spring-beans:jar:4.0.9.RELEASE:compile - omitted for duplicate)
|  \- (org.springframework:spring-core:jar:4.0.9.RELEASE:compile - omitted for duplicate)
+- org.springframework.data:spring-data-commons:jar:1.10.0.RELEASE:compile
|  +- (org.springframework:spring-core:jar:4.0.9.RELEASE:compile - omitted for duplicate)
|  +- (org.springframework:spring-beans:jar:4.0.9.RELEASE:compile - omitted for duplicate)
|  +- (org.slf4j:slf4j-api:jar:1.7.10:compile - omitted for duplicate)
|  \- (org.slf4j:jcl-over-slf4j:jar:1.7.10:runtime - omitted for duplicate)
+- com.couchbase.client:couchbase-client:jar:1.4.7:compile
|  +- io.netty:netty:jar:3.5.5.Final:compile
|  +- org.codehaus.jettison:jettison:jar:1.1:compile
|  |  \- stax:stax-api:jar:1.0.1:compile
|  +- commons-codec:commons-codec:jar:1.5:compile
|  +- net.spy:spymemcached:jar:2.11.6:compile
|  +- org.apache.httpcomponents:httpcore:jar:4.3:compile
|  \- org.apache.httpcomponents:httpcore-nio:jar:4.3:compile
|     \- (org.apache.httpcomponents:httpcore:jar:4.3:compile - omitted for duplicate)
+- org.springframework:spring-test:jar:4.0.9.RELEASE:test
|  \- (org.springframework:spring-core:jar:4.0.9.RELEASE:test - omitted for duplicate)
+- org.hibernate:hibernate-validator:jar:4.2.0.Final:test
|  +- (javax.validation:validation-api:jar:1.0.0.GA:test - omitted for duplicate)
|  \- (org.slf4j:slf4j-api:jar:1.6.1:test - omitted for conflict with 1.7.10)
+- org.apache.httpcomponents:httpclient:jar:4.3.3:test
|  +- (org.apache.httpcomponents:httpcore:jar:4.3.2:test - omitted for conflict with 4.3)
|  +- (commons-logging:commons-logging:jar:1.1.3:compile - scope updated from test; omitted for duplicate)
|  \- (commons-codec:commons-codec:jar:1.6:test - omitted for conflict with 1.5)
+- com.fasterxml.jackson.core:jackson-databind:jar:2.3.2:compile
|  +- com.fasterxml.jackson.core:jackson-annotations:jar:2.3.0:compile
|  \- com.fasterxml.jackson.core:jackson-core:jar:2.3.2:compile
+- joda-time:joda-time:jar:2.7:compile
+- javax.validation:validation-api:jar:1.0.0.GA:compile
+- javax.enterprise:cdi-api:jar:1.0:provided
|  +- org.jboss.interceptor:jboss-interceptor-api:jar:1.1:provided
|  +- javax.annotation:jsr250-api:jar:1.0:provided
|  \- javax.inject:javax.inject:jar:1:provided
+- org.apache.openwebbeans.test:cditest-owb:jar:1.2.7:test
|  +- org.apache.openwebbeans.test:cditest:jar:1.2.7:test
|  +- org.apache.geronimo.specs:geronimo-jcdi_1.0_spec:jar:1.0:test
|  +- org.apache.geronimo.specs:geronimo-atinject_1.0_spec:jar:1.0:test
|  +- org.apache.openwebbeans:openwebbeans-spi:jar:1.2.7:test
|  \- org.apache.openwebbeans:openwebbeans-impl:jar:1.2.7:test
|     +- org.apache.xbean:xbean-finder-shaded:jar:4.1:test
|     |  \- (org.apache.xbean:xbean-asm5-shaded:jar:4.1:test - omitted for duplicate)
|     +- org.apache.xbean:xbean-asm5-shaded:jar:4.1:test
|     \- (org.apache.openwebbeans:openwebbeans-spi:jar:1.2.7:test - omitted for duplicate)
+- javax.servlet:servlet-api:jar:3.0-alpha-1:test
+- org.hamcrest:hamcrest-library:jar:1.3:test
|  \- (org.hamcrest:hamcrest-core:jar:1.3:test - omitted for duplicate)
+- org.hamcrest:hamcrest-core:jar:1.3:test
+- junit:junit:jar:4.12:test
|  \- (org.hamcrest:hamcrest-core:jar:1.3:test - omitted for duplicate)
+- org.mockito:mockito-core:jar:1.10.19:test
|  +- (org.hamcrest:hamcrest-core:jar:1.1:test - omitted for conflict with 1.3)
|  \- org.objenesis:objenesis:jar:2.1:test
+- org.slf4j:slf4j-api:jar:1.7.10:compile
+- org.slf4j:jcl-over-slf4j:jar:1.7.10:runtime
|  \- (org.slf4j:slf4j-api:jar:1.7.10:runtime - omitted for duplicate)
\- ch.qos.logback:logback-classic:jar:1.1.2:test
   +- ch.qos.logback:logback-core:jar:1.1.2:test
   \- (org.slf4j:slf4j-api:jar:1.7.6:test - omitted for conflict with 1.7.10)

