WARNING: Your kernel does not support swap limit capabilities or the cgroup is not mounted. Memory limited without swap.
org.springframework.data:spring-data-jpa:jar:1.10.0.RELEASE
+- org.springframework.data:spring-data-commons:jar:1.12.0.RELEASE:compile
|  +- (org.springframework:spring-core:jar:4.2.5.RELEASE:compile - omitted for duplicate)
|  +- (org.springframework:spring-beans:jar:4.2.5.RELEASE:compile - omitted for duplicate)
|  +- (org.slf4j:slf4j-api:jar:1.7.19:compile - omitted for duplicate)
|  \- (org.slf4j:jcl-over-slf4j:jar:1.7.19:runtime - omitted for duplicate)
+- org.springframework:spring-orm:jar:4.2.5.RELEASE:compile
|  +- (org.springframework:spring-beans:jar:4.2.5.RELEASE:compile - omitted for duplicate)
|  +- (org.springframework:spring-core:jar:4.2.5.RELEASE:compile - omitted for duplicate)
|  +- org.springframework:spring-jdbc:jar:4.2.5.RELEASE:compile
|  |  +- (org.springframework:spring-beans:jar:4.2.5.RELEASE:compile - omitted for duplicate)
|  |  +- (org.springframework:spring-core:jar:4.2.5.RELEASE:compile - omitted for duplicate)
|  |  \- (org.springframework:spring-tx:jar:4.2.5.RELEASE:compile - omitted for duplicate)
|  \- (org.springframework:spring-tx:jar:4.2.5.RELEASE:compile - omitted for duplicate)
+- org.springframework:spring-context:jar:4.2.5.RELEASE:compile
|  +- (org.springframework:spring-aop:jar:4.2.5.RELEASE:compile - omitted for duplicate)
|  +- (org.springframework:spring-beans:jar:4.2.5.RELEASE:compile - omitted for duplicate)
|  +- (org.springframework:spring-core:jar:4.2.5.RELEASE:compile - omitted for duplicate)
|  \- org.springframework:spring-expression:jar:4.2.5.RELEASE:compile
|     \- (org.springframework:spring-core:jar:4.2.5.RELEASE:compile - omitted for duplicate)
+- org.springframework:spring-aop:jar:4.2.5.RELEASE:compile
|  +- aopalliance:aopalliance:jar:1.0:compile
|  +- (org.springframework:spring-beans:jar:4.2.5.RELEASE:compile - omitted for duplicate)
|  \- (org.springframework:spring-core:jar:4.2.5.RELEASE:compile - omitted for duplicate)
+- org.springframework:spring-tx:jar:4.2.5.RELEASE:compile
|  +- (org.springframework:spring-beans:jar:4.2.5.RELEASE:compile - omitted for duplicate)
|  \- (org.springframework:spring-core:jar:4.2.5.RELEASE:compile - omitted for duplicate)
+- org.springframework:spring-beans:jar:4.2.5.RELEASE:compile
|  \- (org.springframework:spring-core:jar:4.2.5.RELEASE:compile - omitted for duplicate)
+- org.springframework:spring-instrument:jar:4.2.5.RELEASE:provided
+- org.springframework:spring-core:jar:4.2.5.RELEASE:compile
+- org.aspectj:aspectjrt:jar:1.8.9:compile
+- org.aspectj:aspectjweaver:jar:1.8.9:test (scope not updated to compile)
+- org.springframework:spring-aspects:jar:4.2.5.RELEASE:compile
|  \- (org.aspectj:aspectjweaver:jar:1.8.8:compile - omitted for conflict with 1.8.9)
+- org.hsqldb:hsqldb:jar:2.2.8:test
+- joda-time:joda-time:jar:2.9.2:compile
+- org.threeten:threetenbp:jar:1.3.1:compile
+- org.eclipse.persistence:org.eclipse.persistence.jpa:jar:2.6.2:compile
|  +- org.eclipse.persistence:javax.persistence:jar:2.1.1:compile
|  +- org.eclipse.persistence:org.eclipse.persistence.asm:jar:2.6.2:compile
|  +- org.eclipse.persistence:org.eclipse.persistence.antlr:jar:2.6.2:compile
|  +- org.glassfish:javax.json:jar:1.0.4:compile
|  +- org.eclipse.persistence:org.eclipse.persistence.jpa.jpql:jar:2.6.2:compile
|  \- org.eclipse.persistence:org.eclipse.persistence.core:jar:2.6.2:compile
|     +- (org.eclipse.persistence:org.eclipse.persistence.asm:jar:2.6.2:compile - omitted for duplicate)
|     \- (org.glassfish:javax.json:jar:1.0.4:compile - omitted for duplicate)
+- org.hibernate:hibernate-entitymanager:jar:3.6.10.Final:compile
|  +- org.hibernate:hibernate-core:jar:3.6.10.Final:compile
|  |  +- antlr:antlr:jar:2.7.6:compile
|  |  +- commons-collections:commons-collections:jar:3.1:compile
|  |  +- dom4j:dom4j:jar:1.6.1:compile
|  |  +- org.hibernate:hibernate-commons-annotations:jar:3.2.0.Final:compile
|  |  |  \- (org.slf4j:slf4j-api:jar:1.5.8:compile - omitted for conflict with 1.7.19)
|  |  +- (org.hibernate.javax.persistence:hibernate-jpa-2.0-api:jar:1.0.1.Final:compile - omitted for duplicate)
|  |  +- javax.transaction:jta:jar:1.1:compile
|  |  \- (org.slf4j:slf4j-api:jar:1.6.1:compile - omitted for conflict with 1.7.19)
|  +- cglib:cglib:jar:2.2:compile
|  |  \- asm:asm:jar:3.1:compile
|  +- javassist:javassist:jar:3.12.0.GA:compile
|  +- org.hibernate.javax.persistence:hibernate-jpa-2.0-api:jar:1.0.1.Final:compile
|  \- (org.slf4j:slf4j-api:jar:1.6.1:compile - omitted for conflict with 1.7.19)
+- org.apache.openjpa:openjpa-persistence-jdbc:jar:2.4.1:compile
|  +- org.apache.openjpa:openjpa-jdbc:jar:2.4.1:compile
|  |  \- org.apache.openjpa:openjpa-kernel:jar:2.4.1:compile
|  |     +- org.apache.openjpa:openjpa-lib:jar:2.4.1:compile
|  |     |  +- commons-lang:commons-lang:jar:2.4:compile
|  |     |  +- (commons-collections:commons-collections:jar:3.2.2:compile - omitted for conflict with 3.1)
|  |     |  \- net.sourceforge.serp:serp:jar:1.15.1:compile
|  |     +- org.apache.geronimo.specs:geronimo-jms_1.1_spec:jar:1.1.1:compile
|  |     +- org.apache.geronimo.specs:geronimo-jta_1.1_spec:jar:1.1.1:compile
|  |     +- commons-pool:commons-pool:jar:1.5.4:compile
|  |     \- org.apache.xbean:xbean-asm5-shaded:jar:4.1:compile
|  \- org.apache.openjpa:openjpa-persistence:jar:2.4.1:compile
|     +- (org.apache.openjpa:openjpa-kernel:jar:2.4.1:compile - omitted for duplicate)
|     \- org.apache.geronimo.specs:geronimo-jpa_2.0_spec:jar:1.1:compile
+- com.querydsl:querydsl-apt:jar:4.1.0:provided
|  \- com.querydsl:querydsl-codegen:jar:4.1.0:provided
|     +- (com.querydsl:querydsl-core:jar:4.1.0:provided - omitted for duplicate)
|     +- com.mysema.codegen:codegen:jar:0.6.8:provided
|     |  +- (com.google.guava:guava:jar:18.0:provided - omitted for duplicate)
|     |  \- org.eclipse.jdt.core.compiler:ecj:jar:4.3.1:provided
|     +- (javax.inject:javax.inject:jar:1:provided - omitted for duplicate)
|     \- org.reflections:reflections:jar:0.9.9:provided
|        +- (com.google.guava:guava:jar:15.0:provided - omitted for conflict with 18.0)
|        +- org.javassist:javassist:jar:3.18.2-GA:provided
|        \- com.google.code.findbugs:annotations:jar:2.0.1:provided
+- com.querydsl:querydsl-jpa:jar:4.1.0:compile
|  +- com.querydsl:querydsl-core:jar:4.1.0:compile
|  |  +- (com.google.guava:guava:jar:18.0:compile - omitted for conflict with 17.0)
|  |  +- com.google.code.findbugs:jsr305:jar:1.3.9:compile
|  |  +- com.mysema.commons:mysema-commons-lang:jar:0.2.4:compile
|  |  \- com.infradna.tool:bridge-method-annotation:jar:1.13:compile
|  \- (org.slf4j:slf4j-api:jar:1.6.1:compile - omitted for conflict with 1.7.19)
+- javax.enterprise:cdi-api:jar:1.0:provided
|  +- org.jboss.interceptor:jboss-interceptor-api:jar:1.1:provided
|  +- javax.annotation:jsr250-api:jar:1.0:provided
|  \- javax.inject:javax.inject:jar:1:provided
+- javax.el:el-api:jar:1.0:test
+- org.apache.openwebbeans.test:cditest-owb:jar:1.2.8:test
|  +- org.apache.openwebbeans.test:cditest:jar:1.2.8:test
|  +- org.apache.geronimo.specs:geronimo-jcdi_1.0_spec:jar:1.0:test
|  +- org.apache.geronimo.specs:geronimo-atinject_1.0_spec:jar:1.0:test
|  +- org.apache.openwebbeans:openwebbeans-spi:jar:1.2.8:test
|  \- org.apache.openwebbeans:openwebbeans-impl:jar:1.2.8:test
|     +- org.apache.xbean:xbean-finder-shaded:jar:4.1:test
|     |  \- (org.apache.xbean:xbean-asm5-shaded:jar:4.1:test - omitted for conflict with 4.1)
|     +- (org.apache.xbean:xbean-asm5-shaded:jar:4.1:compile - scope updated from test; omitted for duplicate)
|     \- (org.apache.openwebbeans:openwebbeans-spi:jar:1.2.8:test - omitted for duplicate)
+- javax.servlet:javax.servlet-api:jar:3.0.1:test
+- com.google.guava:guava:jar:17.0:test (scope not updated to compile)
+- org.hamcrest:hamcrest-library:jar:1.3:test
|  \- (org.hamcrest:hamcrest-core:jar:1.3:test - omitted for duplicate)
+- org.hamcrest:hamcrest-core:jar:1.3:test
+- junit:junit:jar:4.12:test
|  \- (org.hamcrest:hamcrest-core:jar:1.3:test - omitted for duplicate)
+- org.mockito:mockito-core:jar:1.10.19:test
|  +- (org.hamcrest:hamcrest-core:jar:1.1:test - omitted for conflict with 1.3)
|  \- org.objenesis:objenesis:jar:2.1:test
+- org.springframework:spring-test:jar:4.2.5.RELEASE:test
|  \- (org.springframework:spring-core:jar:4.2.5.RELEASE:test - omitted for duplicate)
+- org.slf4j:slf4j-api:jar:1.7.19:compile
+- org.slf4j:jcl-over-slf4j:jar:1.7.19:runtime
|  \- (org.slf4j:slf4j-api:jar:1.7.19:runtime - omitted for duplicate)
+- ch.qos.logback:logback-classic:jar:1.1.6:test
|  +- ch.qos.logback:logback-core:jar:1.1.6:test
|  \- (org.slf4j:slf4j-api:jar:1.7.18:test - omitted for conflict with 1.7.19)
\- org.projectlombok:lombok:jar:1.16.8:compile

