WARNING: Your kernel does not support swap limit capabilities or the cgroup is not mounted. Memory limited without swap.
org.springframework.data:spring-data-jpa:jar:2.2.0.RC3
+- org.springframework.data:spring-data-commons:jar:2.2.0.RC3:compile
+- org.springframework:spring-orm:jar:5.2.0.RC2:compile
|  \- org.springframework:spring-jdbc:jar:5.2.0.RC2:compile
+- org.springframework:spring-context:jar:5.2.0.RC2:compile
|  \- org.springframework:spring-expression:jar:5.2.0.RC2:compile
+- org.springframework:spring-aop:jar:5.2.0.RC2:compile
+- org.springframework:spring-tx:jar:5.2.0.RC2:compile
+- org.springframework:spring-beans:jar:5.2.0.RC2:compile
+- org.springframework:spring-instrument:jar:5.2.0.RC2:provided
+- org.springframework:spring-core:jar:5.2.0.RC2:compile
|  \- org.springframework:spring-jcl:jar:5.2.0.RC2:compile
+- org.aspectj:aspectjrt:jar:1.9.3:compile
+- org.aspectj:aspectjweaver:jar:1.9.3:test
+- org.springframework:spring-aspects:jar:5.2.0.RC2:compile (optional) 
+- org.hsqldb:hsqldb:jar:2.4.1:test
+- joda-time:joda-time:jar:2.10.3:compile (optional) 
+- org.threeten:threetenbp:jar:1.4.0:compile (optional) 
+- org.eclipse.persistence:org.eclipse.persistence.jpa:jar:2.6.5:compile (optional) 
|  +- org.eclipse.persistence:javax.persistence:jar:2.1.1:compile (optional) 
|  +- org.eclipse.persistence:org.eclipse.persistence.asm:jar:2.6.5:compile (optional) 
|  +- org.eclipse.persistence:org.eclipse.persistence.antlr:jar:2.6.5:compile (optional) 
|  +- org.glassfish:javax.json:jar:1.0.4:compile (optional) 
|  +- org.eclipse.persistence:org.eclipse.persistence.jpa.jpql:jar:2.6.5:compile (optional) 
|  \- org.eclipse.persistence:org.eclipse.persistence.core:jar:2.6.5:compile (optional) 
+- org.hibernate:hibernate-core:jar:5.2.17.Final:compile (optional) 
|  +- org.jboss.logging:jboss-logging:jar:3.3.1.Final:compile
|  +- org.hibernate.javax.persistence:hibernate-jpa-2.1-api:jar:1.0.0.Final:compile (optional) 
|  +- org.javassist:javassist:jar:3.22.0-GA:compile
|  +- antlr:antlr:jar:2.7.7:compile (optional) 
|  +- org.jboss.spec.javax.transaction:jboss-transaction-api_1.2_spec:jar:1.0.1.Final:compile (optional) 
|  +- org.jboss:jandex:jar:2.0.3.Final:compile (optional) 
|  +- com.fasterxml:classmate:jar:1.3.0:compile (optional) 
|  +- dom4j:dom4j:jar:1.6.1:compile (optional) 
|  \- org.hibernate.common:hibernate-commons-annotations:jar:5.0.1.Final:compile (optional) 
+- org.hibernate:hibernate-jpamodelgen:jar:5.2.17.Final:provided
+- com.querydsl:querydsl-apt:jar:jpa:4.2.1:provided
|  \- com.querydsl:querydsl-codegen:jar:4.2.1:provided
|     +- com.mysema.codegen:codegen:jar:0.6.8:provided
|     |  \- org.eclipse.jdt.core.compiler:ecj:jar:4.3.1:provided
|     \- org.reflections:reflections:jar:0.9.9:provided
|        \- com.google.code.findbugs:annotations:jar:2.0.1:provided
+- com.querydsl:querydsl-jpa:jar:4.2.1:compile (optional) 
|  +- com.querydsl:querydsl-core:jar:4.2.1:compile
|  |  +- com.google.guava:guava:jar:18.0:compile
|  |  +- com.google.code.findbugs:jsr305:jar:1.3.9:compile
|  |  +- com.mysema.commons:mysema-commons-lang:jar:0.2.4:compile
|  |  \- com.infradna.tool:bridge-method-annotation:jar:1.13:compile
|  \- javax.inject:javax.inject:jar:1:compile
+- org.apache.geronimo.specs:geronimo-jcdi_2.0_spec:jar:1.0.1:test
+- javax.interceptor:javax.interceptor-api:jar:1.2.1:test
+- javax.enterprise:cdi-api:jar:1.0:provided (optional) 
|  +- org.jboss.interceptor:jboss-interceptor-api:jar:1.1:provided (optional) 
|  \- javax.annotation:jsr250-api:jar:1.0:provided (optional) 
+- javax.annotation:javax.annotation-api:jar:1.3:test
+- org.apache.openwebbeans:openwebbeans-se:jar:2.0.11:test
|  \- org.apache.openwebbeans:openwebbeans-impl:jar:2.0.11:test
|     +- org.apache.xbean:xbean-finder-shaded:jar:4.13:test
|     +- org.apache.xbean:xbean-asm7-shaded:jar:4.13:test
|     \- org.apache.openwebbeans:openwebbeans-spi:jar:2.0.11:test
+- org.hamcrest:hamcrest-library:jar:1.3:test
+- org.hamcrest:hamcrest-core:jar:1.3:test
+- junit:junit:jar:4.12:test
+- org.mockito:mockito-core:jar:2.19.1:test
|  +- net.bytebuddy:byte-buddy:jar:1.8.13:test
|  +- net.bytebuddy:byte-buddy-agent:jar:1.8.13:test
|  \- org.objenesis:objenesis:jar:2.6:test
+- org.assertj:assertj-core:jar:3.13.2:test
+- org.springframework:spring-test:jar:5.2.0.RC2:test
+- org.slf4j:slf4j-api:jar:1.7.26:compile
+- ch.qos.logback:logback-classic:jar:1.2.3:test
|  \- ch.qos.logback:logback-core:jar:1.2.3:test
\- org.projectlombok:lombok:jar:1.18.8:compile (optional) 

