WARNING: Your kernel does not support swap limit capabilities or the cgroup is not mounted. Memory limited without swap.
org.springframework.data:spring-data-couchbase:jar:3.0.0.RC3
+- org.springframework:spring-context:jar:5.0.0.RC4:compile
|  +- org.springframework:spring-aop:jar:5.0.0.RC4:compile
|  +- org.springframework:spring-beans:jar:5.0.0.RC4:compile
|  +- org.springframework:spring-core:jar:5.0.0.RC4:compile
|  |  \- org.springframework:spring-jcl:jar:5.0.0.RC4:compile
|  \- org.springframework:spring-expression:jar:5.0.0.RC4:compile
+- org.springframework:spring-web:jar:5.0.0.RC4:compile
+- org.springframework:spring-tx:jar:5.0.0.RC4:compile
+- org.springframework.data:spring-data-commons:jar:2.0.0.RC3:compile
+- com.couchbase.client:java-client:jar:2.4.6:compile
|  \- com.couchbase.client:core-io:jar:1.4.6:compile
+- org.springframework:spring-test:jar:5.0.0.RC4:test
+- org.hibernate:hibernate-validator:jar:5.2.4.Final:test
|  +- org.jboss.logging:jboss-logging:jar:3.2.1.Final:test
|  \- com.fasterxml:classmate:jar:1.1.0:test
+- org.apache.httpcomponents:httpclient:jar:4.3.3:test
|  +- org.apache.httpcomponents:httpcore:jar:4.3.2:test
|  +- commons-logging:commons-logging:jar:1.1.3:test
|  \- commons-codec:commons-codec:jar:1.6:test
+- com.fasterxml.jackson.core:jackson-databind:jar:2.9.1:compile
|  +- com.fasterxml.jackson.core:jackson-annotations:jar:2.9.0:compile
|  \- com.fasterxml.jackson.core:jackson-core:jar:2.9.1:compile
+- joda-time:joda-time:jar:2.9.9:compile (optional) 
+- io.projectreactor:reactor-core:jar:3.1.0.RC1:compile (optional) 
|  \- org.reactivestreams:reactive-streams:jar:1.0.1:compile (optional) 
+- io.reactivex:rxjava:jar:1.3.1:compile (optional) 
+- io.reactivex:rxjava-reactive-streams:jar:1.2.1:compile (optional) 
+- javax.validation:validation-api:jar:1.1.0.Final:compile (optional) 
+- javax.enterprise:cdi-api:jar:1.0:provided (optional) 
|  +- org.jboss.interceptor:jboss-interceptor-api:jar:1.1:provided (optional) 
|  +- javax.annotation:jsr250-api:jar:1.0:provided (optional) 
|  \- javax.inject:javax.inject:jar:1:provided (optional) 
+- org.apache.openwebbeans.test:cditest-owb:jar:1.2.8:test
|  +- org.apache.openwebbeans.test:cditest:jar:1.2.8:test
|  +- org.apache.geronimo.specs:geronimo-jcdi_1.0_spec:jar:1.0:test
|  +- org.apache.geronimo.specs:geronimo-atinject_1.0_spec:jar:1.0:test
|  +- org.apache.openwebbeans:openwebbeans-spi:jar:1.2.8:test
|  \- org.apache.openwebbeans:openwebbeans-impl:jar:1.2.8:test
|     +- org.apache.xbean:xbean-finder-shaded:jar:4.1:test
|     \- org.apache.xbean:xbean-asm5-shaded:jar:4.1:test
+- javax.servlet:servlet-api:jar:3.0-alpha-1:test
+- org.hamcrest:hamcrest-library:jar:1.3:test
+- org.hamcrest:hamcrest-core:jar:1.3:test
+- junit:junit:jar:4.12:test
+- org.mockito:mockito-core:jar:2.8.47:test
|  +- net.bytebuddy:byte-buddy:jar:1.6.14:test
|  +- net.bytebuddy:byte-buddy-agent:jar:1.6.14:test
|  \- org.objenesis:objenesis:jar:2.5:test
+- org.assertj:assertj-core:jar:3.8.0:test
+- org.slf4j:slf4j-api:jar:1.7.25:compile
+- ch.qos.logback:logback-classic:jar:1.2.3:test
|  \- ch.qos.logback:logback-core:jar:1.2.3:test
\- org.projectlombok:lombok:jar:1.16.18:compile (optional) 

