WARNING: Your kernel does not support swap limit capabilities or the cgroup is not mounted. Memory limited without swap.
Autorank:Autorank:jar:4.2.7
+- org.spigotmc:spigot-api:jar:1.14.4-R0.1-SNAPSHOT:compile
|  +- commons-lang:commons-lang:jar:2.6:compile
|  +- com.google.guava:guava:jar:21.0:compile
|  +- com.google.code.gson:gson:jar:2.8.0:compile
|  +- net.md-5:bungeecord-chat:jar:1.13-SNAPSHOT:compile
|  |  +- (com.google.code.gson:gson:jar:2.8.0:compile - omitted for duplicate)
|  |  \- (com.google.guava:guava:jar:20.0:compile - omitted for conflict with 21.0)
|  \- org.yaml:snakeyaml:jar:1.23:compile
+- org.bukkit:bukkit:jar:1.14.4-R0.1-SNAPSHOT:compile
|  +- (commons-lang:commons-lang:jar:2.6:compile - omitted for duplicate)
|  +- (com.google.guava:guava:jar:21.0:compile - omitted for duplicate)
|  +- (com.google.code.gson:gson:jar:2.8.0:compile - omitted for duplicate)
|  \- (org.yaml:snakeyaml:jar:1.23:compile - omitted for duplicate)
+- GroupManager:GroupManager:jar:0.2.0:provided
|  +- (commons-lang:commons-lang:jar:2.6:provided - omitted for duplicate)
|  +- com.googlecode.json-simple:json-simple:jar:1.1.1:provided
|  |  \- (junit:junit:jar:4.10:provided - omitted for conflict with 4.12)
|  +- (com.google.guava:guava:jar:21.0:provided - omitted for duplicate)
|  +- (com.google.code.gson:gson:jar:2.8.0:provided - omitted for duplicate)
|  +- (org.yaml:snakeyaml:jar:1.23:provided - omitted for duplicate)
|  \- (net.md-5:bungeecord-chat:jar:1.13-SNAPSHOT:provided - omitted for duplicate)
+- com.platymuus:bukkit-permissions:jar:2.5:provided
|  \- (org.bukkit:bukkit:jar:1.9-R0.1-SNAPSHOT:provided - omitted for conflict with 1.14.4-R0.1-SNAPSHOT)
+- me.staartvin:PluginLibrary:jar:1.2.1-SNAPSHOT-10:provided
|  +- (org.spigotmc:spigot-api:jar:1.14.4-R0.1-SNAPSHOT:provided - omitted for duplicate)
|  +- (org.bukkit:bukkit:jar:1.14.4-R0.1-SNAPSHOT:provided - omitted for duplicate)
|  +- (me.staartvin.Statz:Statz:jar:1.5.3:provided - omitted for conflict with 1.5.3-SNAPSHOT-3)
|  +- com.savagefactions:SavageFactions:jar:2.5:provided
|  |  \- (org.jetbrains:annotations:jar:13.0:provided - omitted for conflict with 16.0.2)
|  +- com.massivecraft.massivecore:MassiveCore:jar:2.14.0:provided
|  +- com.massivecraft.factions:Factions:jar:2.14.0:provided
|  +- (net.milkbowl.vault:VaultAPI:jar:1.7:provided - omitted for duplicate)
|  +- Jobs:jobs:jar:4.14.3:provided
|  +- afkTerminator:afkTerminator:jar:3.0.8:provided
|  +- com.gmail.nossr50.mcMMO:mcMMO:jar:2.1.111:provided
|  |  +- org.apache.maven.scm:maven-scm-provider-gitexe:jar:1.8.1:provided
|  |  |  +- regexp:regexp:jar:1.3:provided
|  |  |  +- commons-io:commons-io:jar:2.2:provided
|  |  |  +- (commons-lang:commons-lang:jar:2.6:provided - omitted for duplicate)
|  |  |  +- org.apache.maven.scm:maven-scm-provider-git-commons:jar:1.8.1:provided
|  |  |  |  +- (regexp:regexp:jar:1.3:provided - omitted for duplicate)
|  |  |  |  +- (org.apache.maven.scm:maven-scm-api:jar:1.8.1:provided - omitted for duplicate)
|  |  |  |  \- (org.codehaus.plexus:plexus-utils:jar:3.0.7:provided - omitted for duplicate)
|  |  |  +- org.apache.maven.scm:maven-scm-api:jar:1.8.1:provided
|  |  |  |  \- (org.codehaus.plexus:plexus-utils:jar:3.0.7:provided - omitted for duplicate)
|  |  |  \- org.codehaus.plexus:plexus-utils:jar:3.0.7:provided
|  |  +- org.bstats:bstats-bukkit:jar:1.4:provided
|  |  +- com.sk89q.worldguard:worldguard-core:jar:7.0.1-SNAPSHOT:provided
|  |  |  +- com.sk89q.worldguard.worldguard-libs:core:jar:7.0.1-SNAPSHOT:provided
|  |  |  +- com.sk89q.worldedit:worldedit-core:jar:7.0.1-SNAPSHOT:provided
|  |  |  |  +- (com.google.guava:guava:jar:21.0:provided - omitted for duplicate)
|  |  |  |  +- com.sk89q.worldedit.worldedit-libs:core:jar:7.0.1-SNAPSHOT:provided
|  |  |  |  +- de.schlichtherle:truezip:jar:6.8.3:provided
|  |  |  |  +- org.mozilla:rhino:jar:1.7.11:provided
|  |  |  |  +- (org.yaml:snakeyaml:jar:1.9:provided - omitted for conflict with 1.23)
|  |  |  |  +- com.google.code.findbugs:jsr305:jar:1.3.9:provided
|  |  |  |  +- (com.google.code.gson:gson:jar:2.8.0:provided - omitted for duplicate)
|  |  |  |  \- (org.slf4j:slf4j-api:jar:1.7.26:provided - omitted for conflict with 1.7.25)
|  |  |  \- org.flywaydb:flyway-core:jar:3.0:provided
|  |  +- com.sk89q.worldguard:worldguard-legacy:jar:7.0.0-SNAPSHOT:provided
|  |  |  +- com.sk89q.worldedit:worldedit-bukkit:jar:7.0.0-SNAPSHOT:provided
|  |  |  |  +- (com.sk89q.worldedit:worldedit-core:jar:7.0.0-SNAPSHOT:provided - omitted for conflict with 7.0.1-SNAPSHOT)
|  |  |  |  +- com.sk89q.worldedit.worldedit-libs:bukkit:jar:7.0.0-SNAPSHOT:provided
|  |  |  |  +- org.apache.logging.log4j:log4j-slf4j-impl:jar:2.8.1:provided
|  |  |  |  |  +- (org.slf4j:slf4j-api:jar:1.7.24:provided - omitted for conflict with 1.7.26)
|  |  |  |  |  \- org.apache.logging.log4j:log4j-api:jar:2.8.1:provided
|  |  |  |  \- (org.bstats:bstats-bukkit:jar:1.4:provided - omitted for duplicate)
|  |  |  +- (com.sk89q.worldguard:worldguard-core:jar:7.0.0-SNAPSHOT:provided - omitted for conflict with 7.0.1-SNAPSHOT)
|  |  |  +- com.sk89q:commandbook:jar:2.3:provided
|  |  |  \- (org.bstats:bstats-bukkit:jar:1.4:provided - omitted for duplicate)
|  |  \- org.apache.tomcat:tomcat-jdbc:jar:7.0.52:provided
|  |     \- org.apache.tomcat:tomcat-juli:jar:7.0.52:provided
|  +- com.wasteofplastic:acidisland:jar:3.0.9.4:provided
|  +- com.wasteofplastic:askyblock:jar:3.0.9.4:provided
|  +- BattleLevels:BattleLevels:jar:8.2.2:provided
|  +- net.ess3:EssentialsX:jar:2.17.1:provided
|  +- nl.lolmewn.stats:Stats:jar:5.3.3:provided
|  |  +- mysql:mysql-connector-java:jar:5.1.46:provided
|  |  +- com.rabbitmq:amqp-client:jar:5.3.0:provided
|  |  |  \- org.slf4j:slf4j-api:jar:1.7.25:provided
|  |  +- io.reactivex.rxjava2:rxjava:jar:2.2.0:provided
|  |  |  \- org.reactivestreams:reactive-streams:jar:1.0.2:provided
|  |  +- com.github.akarnokd:rxjava2-extensions:jar:0.20.0:provided
|  |  |  +- (org.reactivestreams:reactive-streams:jar:1.0.2:provided - omitted for duplicate)
|  |  |  \- (io.reactivex.rxjava2:rxjava:jar:2.2.0:provided - omitted for duplicate)
|  |  +- com.zaxxer:HikariCP:jar:3.1.0:provided
|  |  |  \- (org.slf4j:slf4j-api:jar:1.7.25:provided - omitted for duplicate)
|  |  +- (net.md-5:bungeecord-chat:jar:1.13-SNAPSHOT:provided - omitted for duplicate)
|  |  \- (org.bstats:bstats-bukkit:jar:1.4:provided - omitted for duplicate)
|  +- RPGme:RPGme:jar:1.0.2:provided
|  +- RoyalCommands:RoyalCommands:jar:4.1.1:provided
|  +- me.staartvin.autorank:Autorank:jar:4.2.6:provided
|  +- me.ryanhamshire:GriefPrevention:jar:16.12.0:provided
|  +- OnTime:OnTime:jar:4.1.4:provided
|  +- com.hm.achievement:advanced-achievements-plugin:jar:5.13.1:provided
|  +- com.github.rlf:uSkyBlock-API:jar:2.8.5:provided
|  |  \- (org.jetbrains:annotations:jar:17.0.0:provided - omitted for conflict with 13.0)
|  +- me.blackvein.quests:quests-main:jar:3.8.1:provided
|  +- com.leonardobishop:quests:jar:2.6:provided
|  +- org.black_ixx:PlayerPoints:jar:2.1.5:provided
|  \- com.vexsoftware:nuvotifier:jar:2.5.3:provided
+- me.staartvin.Statz:Statz:jar:1.5.3-SNAPSHOT-3:provided
|  +- (org.bukkit:bukkit:jar:1.14.4-R0.1-SNAPSHOT:provided - omitted for duplicate)
|  +- (nl.lolmewn.stats:Stats:jar:5.3.3:provided - omitted for duplicate)
|  +- (net.milkbowl.vault:VaultAPI:jar:1.7:provided - omitted for duplicate)
|  +- (me.staartvin.Statz:Statz:jar:1.5.3:provided - omitted for cycle)
|  +- (me.staartvin:PluginLibrary:jar:1.2.1-SNAPSHOT-10:provided - omitted for duplicate)
|  \- org.jetbrains:annotations:jar:16.0.2:provided
+- net.milkbowl.vault:VaultAPI:jar:1.7:provided
|  \- (org.bukkit:bukkit:jar:1.13.1-R0.1-SNAPSHOT:provided - omitted for conflict with 1.14.4-R0.1-SNAPSHOT)
+- me.lucko.luckperms:luckperms-api:jar:4.1:provided
+- junit:junit:jar:4.12:test
|  \- org.hamcrest:hamcrest-core:jar:1.3:test
+- org.hamcrest:java-hamcrest:jar:2.0.0.0:test
\- org.mockito:mockito-core:jar:2.7.1:test
   +- net.bytebuddy:byte-buddy:jar:1.6.5:test
   +- net.bytebuddy:byte-buddy-agent:jar:1.6.5:test
   \- org.objenesis:objenesis:jar:2.5:test

