WARNING: Your kernel does not support swap limit capabilities or the cgroup is not mounted. Memory limited without swap.
ru.taximaxim.dbreplicator2:dbreplicator2:jar:1.5.1.9999
+- junit:junit:jar:4.11:compile
|  \- org.hamcrest:hamcrest-core:jar:1.3:compile
+- log4j:log4j:jar:1.2.17:compile
+- commons-cli:commons-cli:jar:1.2:compile
+- com.zaxxer:HikariCP:jar:2.4.1:compile
|  \- (org.slf4j:slf4j-api:jar:1.7.12:compile - omitted for conflict with 1.7.5)
+- com.h2database:h2:jar:1.3.173:compile
+- org.slf4j:slf4j-api:jar:1.7.5:compile
+- org.quartz-scheduler:quartz:jar:2.2.1:compile
|  +- c3p0:c3p0:jar:0.9.1.1:compile
|  \- (org.slf4j:slf4j-api:jar:1.6.6:compile - omitted for conflict with 1.7.5)
\- org.hibernate:hibernate-core:jar:4.3.10.Final:compile
   +- org.jboss.logging:jboss-logging:jar:3.1.3.GA:compile
   +- org.jboss.logging:jboss-logging-annotations:jar:1.2.0.Beta1:compile
   +- org.jboss.spec.javax.transaction:jboss-transaction-api_1.2_spec:jar:1.0.0.Final:compile
   +- dom4j:dom4j:jar:1.6.1:compile
   |  \- xml-apis:xml-apis:jar:1.0.b2:compile
   +- org.hibernate.common:hibernate-commons-annotations:jar:4.0.5.Final:compile
   |  +- (org.jboss.logging:jboss-logging:jar:3.1.3.GA:compile - omitted for duplicate)
   |  \- (org.jboss.logging:jboss-logging-annotations:jar:1.2.0.Beta1:compile - omitted for duplicate)
   +- org.hibernate.javax.persistence:hibernate-jpa-2.1-api:jar:1.0.0.Final:compile
   +- org.javassist:javassist:jar:3.18.1-GA:compile
   +- antlr:antlr:jar:2.7.7:compile
   \- org.jboss:jandex:jar:1.1.0.Final:compile

