WARNING: Your kernel does not support swap limit capabilities or the cgroup is not mounted. Memory limited without swap.
ru.taximaxim.dbreplicator2:dbreplicator2:jar:0.3.1.2146p
+- junit:junit:jar:4.11:compile
|  \- org.hamcrest:hamcrest-core:jar:1.3:compile
+- log4j:log4j:jar:1.2.17:compile
+- commons-cli:commons-cli:jar:1.2:compile
+- com.jolbox:bonecp:jar:0.7.1.RELEASE:compile
|  +- com.google.guava:guava:jar:r08:compile
|  \- org.slf4j:slf4j-api:jar:1.5.10:compile
+- org.slf4j:slf4j-log4j12:jar:1.5.5:compile
|  +- (org.slf4j:slf4j-api:jar:1.5.5:compile - omitted for conflict with 1.5.10)
|  \- (log4j:log4j:jar:1.2.14:compile - omitted for conflict with 1.2.17)
+- com.h2database:h2:jar:1.3.173:compile
\- org.hibernate:hibernate-core:jar:4.2.6.Final:compile
   +- antlr:antlr:jar:2.7.7:compile
   +- org.jboss.logging:jboss-logging:jar:3.1.0.GA:compile
   +- dom4j:dom4j:jar:1.6.1:compile
   +- org.jboss.spec.javax.transaction:jboss-transaction-api_1.1_spec:jar:1.0.1.Final:compile
   +- org.hibernate.javax.persistence:hibernate-jpa-2.0-api:jar:1.0.1.Final:compile
   +- org.hibernate.common:hibernate-commons-annotations:jar:4.0.2.Final:compile
   |  \- (org.jboss.logging:jboss-logging:jar:3.1.0.CR2:compile - omitted for conflict with 3.1.0.GA)
   \- org.javassist:javassist:jar:3.15.0-GA:compile

