WARNING: Your kernel does not support swap limit capabilities or the cgroup is not mounted. Memory limited without swap.
Traceback (most recent call last):
  File "/home/jdbl/core/Debloat.py", line 80, in depClean
    output = subprocess.check_output(cmd, shell=True)
  File "/usr/lib/python3.7/subprocess.py", line 395, in check_output
    **kwargs).stdout
  File "/usr/lib/python3.7/subprocess.py", line 487, in run
    output=stdout, stderr=stderr)
subprocess.CalledProcessError: Command 'cd /tmp/tmphht8uq6m/dbreplicator2; mvn -gs /home/jdbl/core/../maven-proxy.xml se.kth.castor:depclean-maven-plugin:1.1.0:depclean -Dcreate.pom.debloated=true -Dcreate.result.json=true > /home/jdbl/results/technology16_dbreplicator2/1b1aaf5b8b59daa2f5a8cf12531e894b5c6d231f/depClean.log 2>&1' returned non-zero exit status 1.
[ERROR] Command 'cd /tmp/tmphht8uq6m/dbreplicator2; mvn -gs /home/jdbl/core/../maven-proxy.xml se.kth.castor:depclean-maven-plugin:1.1.0:depclean -Dcreate.pom.debloated=true -Dcreate.result.json=true > /home/jdbl/results/technology16_dbreplicator2/1b1aaf5b8b59daa2f5a8cf12531e894b5c6d231f/depClean.log 2>&1' returned non-zero exit status 1.
ru.taximaxim.dbreplicator2:dbreplicator2:jar:1.5.5.10347b
+- junit:junit:jar:4.12:compile
|  \- org.hamcrest:hamcrest-core:jar:1.3:compile
+- log4j:log4j:jar:1.2.17:compile
+- commons-cli:commons-cli:jar:1.2:compile
+- com.zaxxer:HikariCP:jar:2.4.1:compile
|  \- org.slf4j:slf4j-api:jar:1.7.12:compile
+- com.h2database:h2:jar:1.3.173:compile
+- org.quartz-scheduler:quartz:jar:2.2.1:compile
|  +- c3p0:c3p0:jar:0.9.1.1:compile
|  \- (org.slf4j:slf4j-api:jar:1.6.6:compile - omitted for conflict with 1.7.12)
\- org.hibernate:hibernate-core:jar:4.3.11.Final:compile
   +- org.jboss.logging:jboss-logging:jar:3.1.3.GA:compile
   +- org.jboss.logging:jboss-logging-annotations:jar:1.2.0.Beta1:compile
   +- org.jboss.spec.javax.transaction:jboss-transaction-api_1.2_spec:jar:1.0.0.Final:compile
   +- dom4j:dom4j:jar:1.6.1:compile
   |  \- xml-apis:xml-apis:jar:1.0.b2:compile
   +- org.hibernate.common:hibernate-commons-annotations:jar:4.0.5.Final:compile
   |  +- (org.jboss.logging:jboss-logging:jar:3.1.3.GA:compile - omitted for duplicate)
   |  \- (org.jboss.logging:jboss-logging-annotations:jar:1.2.0.Beta1:compile - omitted for duplicate)
   +- org.hibernate.javax.persistence:hibernate-jpa-2.1-api:jar:1.0.0.Final:compile
   +- org.javassist:javassist:jar:3.18.1-GA:compile
   +- antlr:antlr:jar:2.7.7:compile
   \- org.jboss:jandex:jar:1.1.0.Final:compile

