WARNING: Your kernel does not support swap limit capabilities or the cgroup is not mounted. Memory limited without swap.
com.qcloud:cos_api:jar:5.2.3
+- org.apache.httpcomponents:httpclient:jar:4.5.3:compile
|  +- (org.apache.httpcomponents:httpcore:jar:4.4.6:compile - omitted for duplicate)
|  +- commons-logging:commons-logging:jar:1.2:compile
|  \- (commons-codec:commons-codec:jar:1.9:compile - omitted for conflict with 1.10)
+- org.apache.httpcomponents:httpcore:jar:4.4.6:compile
+- org.apache.httpcomponents:httpmime:jar:4.5.2:compile
|  \- (org.apache.httpcomponents:httpclient:jar:4.5.2:compile - omitted for conflict with 4.5.3)
+- org.slf4j:slf4j-log4j12:jar:1.7.21:compile
|  +- org.slf4j:slf4j-api:jar:1.7.21:compile
|  \- log4j:log4j:jar:1.2.17:compile
+- commons-codec:commons-codec:jar:1.10:compile
+- joda-time:joda-time:jar:2.9.6:compile
+- com.fasterxml.jackson.core:jackson-core:jar:2.8.5:compile
+- com.fasterxml.jackson.core:jackson-databind:jar:2.8.5:compile
|  +- com.fasterxml.jackson.core:jackson-annotations:jar:2.8.0:compile
|  \- (com.fasterxml.jackson.core:jackson-core:jar:2.8.5:compile - omitted for duplicate)
+- junit:junit:jar:4.12:test
|  \- org.hamcrest:hamcrest-core:jar:1.3:test
\- org.apache.hadoop:hadoop-client:jar:2.7.2:compile
   +- org.apache.hadoop:hadoop-common:jar:2.7.2:compile
   |  +- (org.apache.hadoop:hadoop-annotations:jar:2.7.2:compile - omitted for duplicate)
   |  +- com.google.guava:guava:jar:11.0.2:compile
   |  |  \- (com.google.code.findbugs:jsr305:jar:1.3.9:compile - omitted for conflict with 3.0.0)
   |  +- commons-cli:commons-cli:jar:1.2:compile
   |  +- org.apache.commons:commons-math3:jar:3.1.1:compile
   |  +- xmlenc:xmlenc:jar:0.52:compile
   |  +- commons-httpclient:commons-httpclient:jar:3.1:compile
   |  |  +- (commons-logging:commons-logging:jar:1.0.4:compile - omitted for conflict with 1.2)
   |  |  \- (commons-codec:commons-codec:jar:1.2:compile - omitted for conflict with 1.10)
   |  +- (commons-codec:commons-codec:jar:1.4:compile - omitted for conflict with 1.10)
   |  +- commons-io:commons-io:jar:2.4:compile
   |  +- commons-net:commons-net:jar:3.1:compile
   |  +- commons-collections:commons-collections:jar:3.2.2:compile
   |  +- javax.servlet.jsp:jsp-api:jar:2.1:runtime
   |  +- (commons-logging:commons-logging:jar:1.1.3:compile - omitted for conflict with 1.2)
   |  +- (log4j:log4j:jar:1.2.17:compile - omitted for duplicate)
   |  +- commons-lang:commons-lang:jar:2.6:compile
   |  +- commons-configuration:commons-configuration:jar:1.6:compile
   |  |  +- (commons-collections:commons-collections:jar:3.2.1:compile - omitted for conflict with 3.2.2)
   |  |  +- (commons-lang:commons-lang:jar:2.4:compile - omitted for conflict with 2.6)
   |  |  +- (commons-logging:commons-logging:jar:1.1.1:compile - omitted for conflict with 1.2)
   |  |  +- commons-digester:commons-digester:jar:1.8:compile
   |  |  |  +- commons-beanutils:commons-beanutils:jar:1.7.0:compile
   |  |  |  |  \- (commons-logging:commons-logging:jar:1.0.3:compile - omitted for conflict with 1.2)
   |  |  |  \- (commons-logging:commons-logging:jar:1.1:compile - omitted for conflict with 1.2)
   |  |  \- commons-beanutils:commons-beanutils-core:jar:1.8.0:compile
   |  |     \- (commons-logging:commons-logging:jar:1.1.1:compile - omitted for conflict with 1.2)
   |  +- (org.slf4j:slf4j-api:jar:1.7.10:compile - omitted for conflict with 1.7.21)
   |  +- (org.slf4j:slf4j-log4j12:jar:1.7.10:runtime - omitted for conflict with 1.7.21)
   |  +- org.codehaus.jackson:jackson-core-asl:jar:1.9.13:compile
   |  +- org.codehaus.jackson:jackson-mapper-asl:jar:1.9.13:compile
   |  |  \- (org.codehaus.jackson:jackson-core-asl:jar:1.9.13:compile - omitted for duplicate)
   |  +- org.apache.avro:avro:jar:1.7.4:compile
   |  |  +- (org.codehaus.jackson:jackson-core-asl:jar:1.8.8:compile - omitted for conflict with 1.9.13)
   |  |  +- (org.codehaus.jackson:jackson-mapper-asl:jar:1.8.8:compile - omitted for conflict with 1.9.13)
   |  |  +- com.thoughtworks.paranamer:paranamer:jar:2.3:compile
   |  |  +- org.xerial.snappy:snappy-java:jar:1.0.4.1:compile
   |  |  +- (org.apache.commons:commons-compress:jar:1.4.1:compile - omitted for duplicate)
   |  |  \- (org.slf4j:slf4j-api:jar:1.6.4:compile - omitted for conflict with 1.7.21)
   |  +- com.google.protobuf:protobuf-java:jar:2.5.0:compile
   |  +- com.google.code.gson:gson:jar:2.2.4:compile
   |  +- org.apache.hadoop:hadoop-auth:jar:2.7.2:compile
   |  |  +- (org.slf4j:slf4j-api:jar:1.7.10:compile - omitted for conflict with 1.7.21)
   |  |  +- (commons-codec:commons-codec:jar:1.4:compile - omitted for conflict with 1.10)
   |  |  +- (log4j:log4j:jar:1.2.17:runtime - omitted for duplicate)
   |  |  +- (org.slf4j:slf4j-log4j12:jar:1.7.10:runtime - omitted for conflict with 1.7.21)
   |  |  +- (org.apache.httpcomponents:httpclient:jar:4.2.5:compile - omitted for conflict with 4.5.3)
   |  |  +- org.apache.directory.server:apacheds-kerberos-codec:jar:2.0.0-M15:compile
   |  |  |  +- org.apache.directory.server:apacheds-i18n:jar:2.0.0-M15:compile
   |  |  |  |  \- (org.slf4j:slf4j-api:jar:1.7.5:compile - omitted for conflict with 1.7.21)
   |  |  |  +- org.apache.directory.api:api-asn1-api:jar:1.0.0-M20:compile
   |  |  |  |  \- (org.slf4j:slf4j-api:jar:1.7.5:compile - omitted for conflict with 1.7.21)
   |  |  |  +- org.apache.directory.api:api-util:jar:1.0.0-M20:compile
   |  |  |  |  \- (org.slf4j:slf4j-api:jar:1.7.5:compile - omitted for conflict with 1.7.21)
   |  |  |  \- (org.slf4j:slf4j-api:jar:1.7.5:compile - omitted for conflict with 1.7.21)
   |  |  +- (org.apache.zookeeper:zookeeper:jar:3.4.6:compile - omitted for duplicate)
   |  |  \- org.apache.curator:curator-framework:jar:2.7.1:compile
   |  |     +- (org.apache.curator:curator-client:jar:2.7.1:compile - omitted for duplicate)
   |  |     +- (org.apache.zookeeper:zookeeper:jar:3.4.6:compile - omitted for duplicate)
   |  |     \- (com.google.guava:guava:jar:16.0.1:compile - omitted for conflict with 11.0.2)
   |  +- org.apache.curator:curator-client:jar:2.7.1:compile
   |  |  +- (org.slf4j:slf4j-api:jar:1.7.6:compile - omitted for conflict with 1.7.21)
   |  |  +- (org.apache.zookeeper:zookeeper:jar:3.4.6:compile - omitted for duplicate)
   |  |  \- (com.google.guava:guava:jar:16.0.1:compile - omitted for conflict with 11.0.2)
   |  +- org.apache.curator:curator-recipes:jar:2.7.1:compile
   |  |  +- (org.apache.curator:curator-framework:jar:2.7.1:compile - omitted for duplicate)
   |  |  +- (org.apache.zookeeper:zookeeper:jar:3.4.6:compile - omitted for duplicate)
   |  |  \- (com.google.guava:guava:jar:16.0.1:compile - omitted for conflict with 11.0.2)
   |  +- com.google.code.findbugs:jsr305:jar:3.0.0:compile
   |  +- org.apache.htrace:htrace-core:jar:3.1.0-incubating:compile
   |  +- org.apache.zookeeper:zookeeper:jar:3.4.6:compile
   |  |  +- (org.slf4j:slf4j-api:jar:1.6.1:compile - omitted for conflict with 1.7.21)
   |  |  +- (org.slf4j:slf4j-log4j12:jar:1.6.1:compile - omitted for conflict with 1.7.21)
   |  |  +- (log4j:log4j:jar:1.2.16:compile - omitted for conflict with 1.2.17)
   |  |  \- (io.netty:netty:jar:3.7.0.Final:compile - omitted for conflict with 3.6.2.Final)
   |  \- org.apache.commons:commons-compress:jar:1.4.1:compile
   |     \- org.tukaani:xz:jar:1.0:compile
   +- org.apache.hadoop:hadoop-hdfs:jar:2.7.2:compile
   |  +- (com.google.guava:guava:jar:11.0.2:compile - omitted for duplicate)
   |  +- org.mortbay.jetty:jetty-util:jar:6.1.26:compile
   |  +- (commons-cli:commons-cli:jar:1.2:compile - omitted for duplicate)
   |  +- (commons-codec:commons-codec:jar:1.4:compile - omitted for conflict with 1.10)
   |  +- (commons-io:commons-io:jar:2.4:compile - omitted for duplicate)
   |  +- (commons-lang:commons-lang:jar:2.6:compile - omitted for duplicate)
   |  +- (commons-logging:commons-logging:jar:1.1.3:compile - omitted for conflict with 1.2)
   |  +- (log4j:log4j:jar:1.2.17:compile - omitted for duplicate)
   |  +- (com.google.protobuf:protobuf-java:jar:2.5.0:compile - omitted for duplicate)
   |  +- (org.codehaus.jackson:jackson-core-asl:jar:1.9.13:compile - omitted for duplicate)
   |  +- (org.codehaus.jackson:jackson-mapper-asl:jar:1.9.13:compile - omitted for duplicate)
   |  +- (xmlenc:xmlenc:jar:0.52:compile - omitted for duplicate)
   |  +- io.netty:netty:jar:3.6.2.Final:compile
   |  +- io.netty:netty-all:jar:4.0.23.Final:compile
   |  +- xerces:xercesImpl:jar:2.9.1:compile
   |  |  \- xml-apis:xml-apis:jar:1.3.04:compile
   |  +- (org.apache.htrace:htrace-core:jar:3.1.0-incubating:compile - omitted for duplicate)
   |  \- org.fusesource.leveldbjni:leveldbjni-all:jar:1.8:compile
   +- org.apache.hadoop:hadoop-mapreduce-client-app:jar:2.7.2:compile
   |  +- org.apache.hadoop:hadoop-mapreduce-client-common:jar:2.7.2:compile
   |  |  +- (org.apache.hadoop:hadoop-yarn-common:jar:2.7.2:compile - omitted for duplicate)
   |  |  +- org.apache.hadoop:hadoop-yarn-client:jar:2.7.2:compile
   |  |  |  +- (com.google.guava:guava:jar:11.0.2:compile - omitted for duplicate)
   |  |  |  +- (commons-logging:commons-logging:jar:1.1.3:compile - omitted for conflict with 1.2)
   |  |  |  +- (commons-lang:commons-lang:jar:2.6:compile - omitted for duplicate)
   |  |  |  +- (commons-cli:commons-cli:jar:1.2:compile - omitted for duplicate)
   |  |  |  +- (log4j:log4j:jar:1.2.17:compile - omitted for duplicate)
   |  |  |  +- (org.apache.hadoop:hadoop-yarn-api:jar:2.7.2:compile - omitted for duplicate)
   |  |  |  \- (org.apache.hadoop:hadoop-yarn-common:jar:2.7.2:compile - omitted for duplicate)
   |  |  +- (org.apache.hadoop:hadoop-mapreduce-client-core:jar:2.7.2:compile - omitted for duplicate)
   |  |  +- org.apache.hadoop:hadoop-yarn-server-common:jar:2.7.2:compile
   |  |  |  +- (org.apache.hadoop:hadoop-yarn-api:jar:2.7.2:compile - omitted for duplicate)
   |  |  |  +- (org.apache.hadoop:hadoop-yarn-common:jar:2.7.2:compile - omitted for duplicate)
   |  |  |  +- (com.google.guava:guava:jar:11.0.2:compile - omitted for duplicate)
   |  |  |  +- (commons-logging:commons-logging:jar:1.1.3:compile - omitted for conflict with 1.2)
   |  |  |  +- (com.google.protobuf:protobuf-java:jar:2.5.0:compile - omitted for duplicate)
   |  |  |  +- (org.apache.zookeeper:zookeeper:jar:3.4.6:compile - omitted for duplicate)
   |  |  |  \- (org.fusesource.leveldbjni:leveldbjni-all:jar:1.8:compile - omitted for duplicate)
   |  |  +- (com.google.protobuf:protobuf-java:jar:2.5.0:compile - omitted for duplicate)
   |  |  +- (org.slf4j:slf4j-api:jar:1.7.10:compile - omitted for conflict with 1.7.21)
   |  |  \- (org.slf4j:slf4j-log4j12:jar:1.7.10:compile - omitted for conflict with 1.7.21)
   |  +- org.apache.hadoop:hadoop-mapreduce-client-shuffle:jar:2.7.2:compile
   |  |  +- (org.apache.hadoop:hadoop-yarn-server-common:jar:2.7.2:compile - omitted for duplicate)
   |  |  +- (org.apache.hadoop:hadoop-mapreduce-client-common:jar:2.7.2:compile - omitted for duplicate)
   |  |  +- (org.fusesource.leveldbjni:leveldbjni-all:jar:1.8:compile - omitted for duplicate)
   |  |  +- (com.google.protobuf:protobuf-java:jar:2.5.0:compile - omitted for duplicate)
   |  |  +- (org.slf4j:slf4j-api:jar:1.7.10:compile - omitted for conflict with 1.7.21)
   |  |  \- (org.slf4j:slf4j-log4j12:jar:1.7.10:compile - omitted for conflict with 1.7.21)
   |  +- (com.google.protobuf:protobuf-java:jar:2.5.0:compile - omitted for duplicate)
   |  +- (org.slf4j:slf4j-api:jar:1.7.10:compile - omitted for conflict with 1.7.21)
   |  \- (org.slf4j:slf4j-log4j12:jar:1.7.10:compile - omitted for conflict with 1.7.21)
   +- org.apache.hadoop:hadoop-yarn-api:jar:2.7.2:compile
   |  +- (commons-lang:commons-lang:jar:2.6:compile - omitted for duplicate)
   |  +- (com.google.guava:guava:jar:11.0.2:compile - omitted for duplicate)
   |  +- (commons-logging:commons-logging:jar:1.1.3:compile - omitted for conflict with 1.2)
   |  \- (com.google.protobuf:protobuf-java:jar:2.5.0:compile - omitted for duplicate)
   +- org.apache.hadoop:hadoop-mapreduce-client-core:jar:2.7.2:compile
   |  +- org.apache.hadoop:hadoop-yarn-common:jar:2.7.2:compile
   |  |  +- (org.apache.hadoop:hadoop-yarn-api:jar:2.7.2:compile - omitted for duplicate)
   |  |  +- javax.xml.bind:jaxb-api:jar:2.2.2:compile
   |  |  |  +- javax.xml.stream:stax-api:jar:1.0-2:compile
   |  |  |  \- javax.activation:activation:jar:1.1:compile
   |  |  +- (org.apache.commons:commons-compress:jar:1.4.1:compile - omitted for duplicate)
   |  |  +- (commons-lang:commons-lang:jar:2.6:compile - omitted for duplicate)
   |  |  +- javax.servlet:servlet-api:jar:2.5:compile
   |  |  +- (commons-codec:commons-codec:jar:1.4:compile - omitted for conflict with 1.10)
   |  |  +- (org.mortbay.jetty:jetty-util:jar:6.1.26:compile - omitted for duplicate)
   |  |  +- com.sun.jersey:jersey-core:jar:1.9:compile
   |  |  +- com.sun.jersey:jersey-client:jar:1.9:compile
   |  |  |  \- (com.sun.jersey:jersey-core:jar:1.9:compile - omitted for duplicate)
   |  |  +- (org.codehaus.jackson:jackson-core-asl:jar:1.9.13:compile - omitted for duplicate)
   |  |  +- (org.codehaus.jackson:jackson-mapper-asl:jar:1.9.13:compile - omitted for duplicate)
   |  |  +- org.codehaus.jackson:jackson-jaxrs:jar:1.9.13:compile
   |  |  |  +- (org.codehaus.jackson:jackson-core-asl:jar:1.9.13:compile - omitted for duplicate)
   |  |  |  \- (org.codehaus.jackson:jackson-mapper-asl:jar:1.9.13:compile - omitted for duplicate)
   |  |  +- org.codehaus.jackson:jackson-xc:jar:1.9.13:compile
   |  |  |  +- (org.codehaus.jackson:jackson-core-asl:jar:1.9.13:compile - omitted for duplicate)
   |  |  |  \- (org.codehaus.jackson:jackson-mapper-asl:jar:1.9.13:compile - omitted for duplicate)
   |  |  +- (com.google.guava:guava:jar:11.0.2:compile - omitted for duplicate)
   |  |  +- (commons-logging:commons-logging:jar:1.1.3:compile - omitted for conflict with 1.2)
   |  |  +- (commons-cli:commons-cli:jar:1.2:compile - omitted for duplicate)
   |  |  +- (org.slf4j:slf4j-api:jar:1.7.10:compile - omitted for conflict with 1.7.21)
   |  |  +- (com.google.protobuf:protobuf-java:jar:2.5.0:compile - omitted for duplicate)
   |  |  +- (commons-io:commons-io:jar:2.4:compile - omitted for duplicate)
   |  |  \- (log4j:log4j:jar:1.2.17:compile - omitted for duplicate)
   |  +- (com.google.protobuf:protobuf-java:jar:2.5.0:compile - omitted for duplicate)
   |  +- (org.slf4j:slf4j-api:jar:1.7.10:compile - omitted for conflict with 1.7.21)
   |  \- (org.slf4j:slf4j-log4j12:jar:1.7.10:compile - omitted for conflict with 1.7.21)
   +- org.apache.hadoop:hadoop-mapreduce-client-jobclient:jar:2.7.2:compile
   |  +- (org.apache.hadoop:hadoop-mapreduce-client-common:jar:2.7.2:compile - omitted for duplicate)
   |  +- (org.apache.hadoop:hadoop-mapreduce-client-shuffle:jar:2.7.2:compile - omitted for duplicate)
   |  +- (com.google.protobuf:protobuf-java:jar:2.5.0:compile - omitted for duplicate)
   |  +- (org.slf4j:slf4j-api:jar:1.7.10:compile - omitted for conflict with 1.7.21)
   |  \- (org.slf4j:slf4j-log4j12:jar:1.7.10:compile - omitted for conflict with 1.7.21)
   \- org.apache.hadoop:hadoop-annotations:jar:2.7.2:compile

