WARNING: Your kernel does not support swap limit capabilities or the cgroup is not mounted. Memory limited without swap.
io.github.thebusybiscuit:CSCoreLib2:jar:0.25
+- org.spigotmc:spigot-api:jar:1.16.1-R0.1-SNAPSHOT:provided
|  +- commons-lang:commons-lang:jar:2.6:provided
|  +- com.google.guava:guava:jar:21.0:provided
|  +- com.google.code.gson:gson:jar:2.8.0:provided
|  +- net.md-5:bungeecord-chat:jar:1.16-R0.3:provided
|  |  +- (com.google.code.gson:gson:jar:2.8.0:provided - omitted for duplicate)
|  |  \- (com.google.guava:guava:jar:21.0:provided - omitted for duplicate)
|  \- org.yaml:snakeyaml:jar:1.26:provided
+- org.projectlombok:lombok:jar:1.18.12:provided
+- com.sk89q.worldedit:worldedit-core:jar:7.2.0-SNAPSHOT:provided
|  +- (com.google.guava:guava:jar:21.0:provided - omitted for duplicate)
|  +- com.sk89q.worldedit.worldedit-libs:core:jar:7.2.0-SNAPSHOT:provided
|  +- de.schlichtherle:truezip:jar:6.8.3:provided
|  +- net.java.truevfs:truevfs-profile-default_2.13:jar:0.12.1:provided
|  |  +- org.scala-lang:scala-library:jar:2.13.1:provided
|  |  +- net.java.truevfs:truevfs-driver-http:jar:0.12.1:provided
|  |  |  +- net.java.truevfs:truevfs-kernel-spec:jar:0.12.1:provided
|  |  |  |  +- net.java.truecommons:truecommons-annotations:jar:2.5.0:provided
|  |  |  |  |  \- com.google.code.findbugs:annotations:jar:3.0.0:provided
|  |  |  |  +- net.java.truecommons:truecommons-cio:jar:2.5.0:provided
|  |  |  |  |  +- (net.java.truecommons:truecommons-io:jar:2.5.0:provided - omitted for duplicate)
|  |  |  |  |  \- (net.java.truecommons:truecommons-shed:jar:2.5.0:provided - omitted for duplicate)
|  |  |  |  +- net.java.truecommons:truecommons-io:jar:2.5.0:provided
|  |  |  |  |  \- (com.google.code.findbugs:annotations:jar:3.0.0:provided - omitted for duplicate)
|  |  |  |  \- net.java.truecommons:truecommons-services:jar:2.5.0:provided
|  |  |  |     +- net.java.truecommons:truecommons-logging:jar:2.5.0:provided
|  |  |  |     |  +- (com.google.code.findbugs:annotations:jar:3.0.0:provided - omitted for duplicate)
|  |  |  |     |  \- (org.slf4j:slf4j-api:jar:1.7.12:provided - omitted for conflict with 1.7.28)
|  |  |  |     \- javax.inject:javax.inject:jar:1:provided
|  |  |  +- org.apache.httpcomponents:httpclient:jar:4.5.10:provided
|  |  |  |  +- org.apache.httpcomponents:httpcore:jar:4.4.12:provided
|  |  |  |  \- commons-codec:commons-codec:jar:1.11:provided
|  |  |  \- org.slf4j:jcl-over-slf4j:jar:1.7.28:provided
|  |  |     \- (org.slf4j:slf4j-api:jar:1.7.28:provided - omitted for conflict with 1.7.26)
|  |  +- net.java.truevfs:truevfs-driver-odf:jar:0.12.1:provided
|  |  |  \- net.java.truevfs:truevfs-comp-zipdriver:jar:0.12.1:provided
|  |  |     +- net.java.truevfs:truevfs-comp-zip:jar:0.12.1:provided
|  |  |     |  +- org.bouncycastle:bcprov-jdk15on:jar:1.63:provided
|  |  |     |  +- (org.apache.commons:commons-compress:jar:1.19:provided - omitted for duplicate)
|  |  |     |  +- (com.google.code.findbugs:annotations:jar:3.0.1u2:provided - omitted for conflict with 3.0.0)
|  |  |     |  +- (net.java.truecommons:truecommons-io:jar:2.5.0:provided - omitted for duplicate)
|  |  |     |  +- (net.java.truecommons:truecommons-key-spec:jar:2.5.0:provided - omitted for duplicate)
|  |  |     |  \- (net.java.truecommons:truecommons-shed:jar:2.5.0:provided - omitted for duplicate)
|  |  |     \- (net.java.truevfs:truevfs-kernel-spec:jar:0.12.1:provided - omitted for duplicate)
|  |  +- net.java.truevfs:truevfs-driver-tar:jar:0.12.1:provided
|  |  |  \- net.java.truevfs:truevfs-comp-tardriver:jar:0.12.1:provided
|  |  |     +- (net.java.truevfs:truevfs-kernel-spec:jar:0.12.1:provided - omitted for duplicate)
|  |  |     \- org.apache.commons:commons-compress:jar:1.19:provided
|  |  +- net.java.truevfs:truevfs-driver-tar-bzip2:jar:0.12.1:provided
|  |  |  \- (net.java.truevfs:truevfs-comp-tardriver:jar:0.12.1:provided - omitted for duplicate)
|  |  +- net.java.truevfs:truevfs-driver-tar-gzip:jar:0.12.1:provided
|  |  |  \- (net.java.truevfs:truevfs-comp-tardriver:jar:0.12.1:provided - omitted for duplicate)
|  |  +- net.java.truevfs:truevfs-driver-tar-xz:jar:0.12.1:provided
|  |  |  +- (net.java.truevfs:truevfs-comp-tardriver:jar:0.12.1:provided - omitted for duplicate)
|  |  |  \- org.tukaani:xz:jar:1.8:provided
|  |  +- net.java.truevfs:truevfs-driver-zip-raes:jar:0.12.1:provided
|  |  |  \- (net.java.truevfs:truevfs-comp-zipdriver:jar:0.12.1:provided - omitted for duplicate)
|  |  +- net.java.truevfs:truevfs-profile-base_2.13:jar:0.12.1:provided
|  |  |  +- (org.scala-lang:scala-library:jar:2.13.1:provided - omitted for duplicate)
|  |  |  +- net.java.truevfs:truevfs-access-swing:jar:0.12.1:provided
|  |  |  |  \- net.java.truevfs:truevfs-access:jar:0.12.1:provided
|  |  |  |     +- net.java.truevfs:truevfs-driver-file:jar:0.12.1:provided
|  |  |  |     |  \- (net.java.truevfs:truevfs-kernel-spec:jar:0.12.1:provided - omitted for duplicate)
|  |  |  |     \- (net.java.truevfs:truevfs-kernel-spec:jar:0.12.1:provided - omitted for duplicate)
|  |  |  +- net.java.truevfs:truevfs-driver-jar:jar:0.12.1:provided
|  |  |  |  \- (net.java.truevfs:truevfs-comp-zipdriver:jar:0.12.1:provided - omitted for duplicate)
|  |  |  +- net.java.truevfs:truevfs-driver-zip:jar:0.12.1:provided
|  |  |  |  +- net.java.truevfs:truevfs-comp-ibm437:jar:0.12.1:provided
|  |  |  |  |  \- (net.java.truecommons:truecommons-annotations:jar:2.5.0:provided - omitted for duplicate)
|  |  |  |  \- (net.java.truevfs:truevfs-comp-zipdriver:jar:0.12.1:provided - omitted for duplicate)
|  |  |  +- net.java.truevfs:truevfs-kernel-impl_2.13:jar:0.12.1:provided
|  |  |  |  +- (org.scala-lang:scala-library:jar:2.13.1:provided - omitted for duplicate)
|  |  |  |  \- (net.java.truevfs:truevfs-kernel-spec:jar:0.12.1:provided - omitted for duplicate)
|  |  |  +- net.java.truecommons:truecommons-key-console:jar:2.5.0:provided
|  |  |  |  \- (net.java.truecommons:truecommons-key-spec:jar:2.5.0:provided - omitted for duplicate)
|  |  |  +- net.java.truecommons:truecommons-key-default:jar:2.5.0:provided
|  |  |  |  \- (net.java.truecommons:truecommons-key-spec:jar:2.5.0:provided - omitted for duplicate)
|  |  |  \- net.java.truecommons:truecommons-key-swing:jar:2.5.0:provided
|  |  |     \- (net.java.truecommons:truecommons-key-spec:jar:2.5.0:provided - omitted for duplicate)
|  |  \- net.java.truecommons:truecommons-key-macosx:jar:2.5.0:provided
|  |     +- net.java.truecommons:truecommons-key-spec:jar:2.5.0:provided
|  |     |  +- (net.java.truecommons:truecommons-services:jar:2.5.0:provided - omitted for duplicate)
|  |     |  \- net.java.truecommons:truecommons-shed:jar:2.5.0:provided
|  |     |     \- (com.google.code.findbugs:annotations:jar:3.0.0:provided - omitted for duplicate)
|  |     \- net.java.dev.jna:jna:jar:4.1.0:provided
|  +- org.mozilla:rhino-runtime:jar:1.7.12:provided
|  +- (org.yaml:snakeyaml:jar:1.9:provided - omitted for conflict with 1.26)
|  +- com.google.code.findbugs:jsr305:jar:1.3.9:provided
|  +- (com.google.code.gson:gson:jar:2.8.0:provided - omitted for duplicate)
|  +- org.slf4j:slf4j-api:jar:1.7.26:provided
|  +- it.unimi.dsi:fastutil:jar:8.2.1:provided
|  \- org.antlr:antlr4-runtime:jar:4.7.2:provided
+- com.sk89q.worldedit:worldedit-bukkit:jar:7.2.0-SNAPSHOT:provided
|  +- (com.sk89q.worldedit:worldedit-core:jar:7.2.0-SNAPSHOT:provided - omitted for duplicate)
|  +- com.sk89q.worldedit.worldedit-libs:bukkit:jar:7.2.0-SNAPSHOT:provided
|  +- (org.spigotmc:spigot-api:jar:1.16.1-R0.1-SNAPSHOT:provided - omitted for duplicate)
|  +- io.papermc:paperlib:jar:1.0.2:provided
|  +- org.apache.logging.log4j:log4j-slf4j-impl:jar:2.8.1:provided
|  |  +- (org.slf4j:slf4j-api:jar:1.7.24:provided - omitted for conflict with 1.7.26)
|  |  \- org.apache.logging.log4j:log4j-api:jar:2.8.1:provided
|  +- org.bstats:bstats-bukkit:jar:1.7:provided
|  \- (it.unimi.dsi:fastutil:jar:8.2.1:provided - omitted for duplicate)
+- com.sk89q.worldguard:worldguard-bukkit:jar:7.0.3-SNAPSHOT:provided
|  +- org.bukkit:bukkit:jar:1.15.2-R0.1-SNAPSHOT:provided
|  |  +- (commons-lang:commons-lang:jar:2.6:provided - omitted for duplicate)
|  |  +- (com.google.guava:guava:jar:21.0:provided - omitted for duplicate)
|  |  +- (com.google.code.gson:gson:jar:2.8.0:provided - omitted for duplicate)
|  |  \- (org.yaml:snakeyaml:jar:1.25:provided - omitted for conflict with 1.26)
|  +- (com.sk89q.worldedit:worldedit-bukkit:jar:7.1.0-SNAPSHOT:provided - omitted for conflict with 7.2.0-SNAPSHOT)
|  +- com.sk89q.worldguard:worldguard-core:jar:7.0.3-SNAPSHOT:provided
|  |  +- com.sk89q.worldguard.worldguard-libs:core:jar:7.0.3-SNAPSHOT:provided
|  |  +- (com.sk89q.worldedit:worldedit-core:jar:7.1.0-SNAPSHOT:provided - omitted for conflict with 7.2.0-SNAPSHOT)
|  |  \- org.flywaydb:flyway-core:jar:3.0:provided
|  +- (io.papermc:paperlib:jar:1.0.2:provided - omitted for duplicate)
|  +- com.sk89q:commandbook:jar:2.3:provided
|  \- (org.bstats:bstats-bukkit:jar:1.7:provided - omitted for duplicate)
+- com.github.marcelo-mason:PreciousStones:jar:24e3d4bf67:provided
|  \- ant-contrib:ant-contrib:jar:1.0b3:provided
+- net.coreprotect:coreprotect:jar:2.18.2:provided
|  +- (commons-lang:commons-lang:jar:2.6:provided - omitted for duplicate)
|  +- (org.bukkit:bukkit:jar:1.15-R0.1-SNAPSHOT:provided - omitted for conflict with 1.15.2-R0.1-SNAPSHOT)
|  \- (com.sk89q.worldedit:worldedit-bukkit:jar:7.0.0-SNAPSHOT:provided - omitted for conflict with 7.2.0-SNAPSHOT)
+- com.github.LogBlock:LogBlock:jar:d98d46d0c9:provided
+- com.github.marcelo-mason:SimpleClans:jar:7c3db52796:provided
|  \- com.googlecode.json-simple:json-simple:jar:1.1.1:provided
|     \- junit:junit:jar:4.10:provided
|        \- org.hamcrest:hamcrest-core:jar:1.1:provided
+- com.github.TechFortress:GriefPrevention:jar:16.14.0:provided
+- com.wasteofplastic:askyblock:jar:3.0.9.4:provided
+- com.github.dmulloy2.LWC:lwc:jar:master-4.5.1-g2100b5e-18:provided
+- com.massivecraft.massivecore:MassiveCore:jar:2.14.0:system
+- com.massivecraft.factions:Factions:jar:2.14.0:system
+- com.massivecraft:Factions:jar:1.6.9.5-U0.2.2:provided
|  +- mkremins:fanciful:jar:0.4.0-SNAPSHOT:provided
|  +- (com.google.code.gson:gson:jar:2.6.2:provided - omitted for conflict with 2.8.0)
|  \- com.darkblade12:particleeffect:jar:1.8.0-SNAPSHOT:provided
+- com.github.LlmDl:Towny:jar:1b86d017c5:provided
+- com.github.fubira:Lockette:jar:9dac96e8f8:provided
|  +- (org.bukkit:bukkit:jar:LATEST:provided - omitted for conflict with 1.15.2-R0.1-SNAPSHOT)
|  \- (com.googlecode.json-simple:json-simple:jar:1.1.1:provided - omitted for duplicate)
+- com.plotsquared:PlotSquared:jar:5.1:provided
|  +- org.json:json:jar:20190722:provided
|  +- (org.projectlombok:lombok:jar:1.18.12:provided - omitted for duplicate)
|  +- org.jetbrains:annotations:jar:19.0.0:provided
|  +- (com.sk89q.worldedit:worldedit-core:jar:7.0.0:provided - omitted for conflict with 7.2.0-SNAPSHOT)
|  +- net.kyori:text-api:jar:3.0.2:provided
|  |  \- org.checkerframework:checker-qual:jar:2.5.8:provided
|  +- net.kyori:text-serializer-gson:jar:3.0.2:provided
|  |  +- (net.kyori:text-api:jar:3.0.2:provided - omitted for duplicate)
|  |  \- (com.google.code.gson:gson:jar:2.8.0:provided - omitted for duplicate)
|  +- net.kyori:text-serializer-legacy:jar:3.0.2:provided
|  |  \- (net.kyori:text-api:jar:3.0.2:provided - omitted for duplicate)
|  +- net.kyori:text-serializer-plain:jar:3.0.2:provided
|  |  \- (net.kyori:text-api:jar:3.0.2:provided - omitted for duplicate)
|  +- (com.google.guava:guava:jar:21.0:provided - omitted for duplicate)
|  +- (org.yaml:snakeyaml:jar:1.25:provided - omitted for conflict with 1.26)
|  +- (com.google.code.gson:gson:jar:2.8.6:provided - omitted for conflict with 2.8.0)
|  \- org.jetbrains.kotlin:kotlin-stdlib:jar:1.3.72:provided
|     +- org.jetbrains.kotlin:kotlin-stdlib-common:jar:1.3.72:provided
|     \- (org.jetbrains:annotations:jar:13.0:provided - omitted for conflict with 19.0.0)
+- com.github.intellectualsites.plotsquared:PlotSquared-API:jar:4.514:provided
|  +- (org.projectlombok:lombok:jar:1.18.12:provided - omitted for duplicate)
|  +- (com.sk89q.worldedit:worldedit-core:jar:7.1.0:provided - omitted for conflict with 7.2.0-SNAPSHOT)
|  +- (net.kyori:text-api:jar:3.0.2:provided - omitted for duplicate)
|  +- (net.kyori:text-serializer-gson:jar:3.0.2:provided - omitted for duplicate)
|  +- (net.kyori:text-serializer-legacy:jar:3.0.2:provided - omitted for duplicate)
|  +- (net.kyori:text-serializer-plain:jar:3.0.2:provided - omitted for duplicate)
|  +- (com.google.guava:guava:jar:21.0:provided - omitted for duplicate)
|  +- (org.yaml:snakeyaml:jar:1.25:provided - omitted for conflict with 1.26)
|  +- (com.google.code.gson:gson:jar:2.8.6:provided - omitted for conflict with 2.8.0)
|  \- (org.jetbrains.kotlin:kotlin-stdlib:jar:1.3.61:provided - omitted for conflict with 1.3.72)
+- br.net.fabiozumbi12.RedProtect:RedProtect-Core:jar:7.7.2:provided
|  +- org.spongepowered:configurate-yaml:jar:3.6.1:provided
|  |  +- (org.spongepowered:configurate-core:jar:3.6.1:provided - omitted for duplicate)
|  |  \- (org.yaml:snakeyaml:jar:1.18:provided - omitted for conflict with 1.26)
|  +- org.spongepowered:configurate-hocon:jar:3.6.1:provided
|  |  +- (org.spongepowered:configurate-core:jar:3.6.1:provided - omitted for duplicate)
|  |  \- (com.typesafe:config:jar:1.3.1:provided - omitted for duplicate)
|  +- org.spongepowered:configurate-core:jar:3.6.1:provided
|  |  +- (com.google.guava:guava:jar:21.0:provided - omitted for duplicate)
|  |  \- (org.checkerframework:checker-qual:jar:2.4.0:provided - omitted for conflict with 2.5.8)
|  \- com.typesafe:config:jar:1.3.1:provided
+- br.net.fabiozumbi12.RedProtect:RedProtect-Spigot:jar:7.7.2:provided
+- world.bentobox:bentobox:jar:1.14.2:provided
|  +- org.mongodb:mongodb-driver:jar:3.8.0:provided
|  |  +- org.mongodb:bson:jar:3.8.0:provided
|  |  \- org.mongodb:mongodb-driver-core:jar:3.8.0:provided
|  |     \- (org.mongodb:bson:jar:3.8.0:provided - omitted for duplicate)
|  \- org.eclipse.jdt:org.eclipse.jdt.annotation:jar:2.2.200:provided
+- nl.rutgerkok:blocklocker:jar:1.7:provided
+- com.github.angeschossen:LandsAPI:jar:4.8.6:provided
\- com.github.angeschossen:ChestProtectAPI:jar:3.2.7:provided

