WARNING: Your kernel does not support swap limit capabilities or the cgroup is not mounted. Memory limited without swap.
org.monarchinitiative.lr2pg:lr2pg:jar:0.0.3
+- de.charite.compbio:jannovar-core:jar:0.23:compile
|  +- commons-io:commons-io:jar:2.4:compile
|  +- commons-net:commons-net:jar:3.3:compile
|  +- com.google.guava:guava:jar:22.0:compile
|  |  +- com.google.code.findbugs:jsr305:jar:1.3.9:compile
|  |  +- com.google.errorprone:error_prone_annotations:jar:2.0.18:compile
|  |  +- com.google.j2objc:j2objc-annotations:jar:1.1:compile
|  |  \- org.codehaus.mojo:animal-sniffer-annotations:jar:1.14:compile
|  +- de.charite.compbio:jannovar-hgvs:jar:0.23:compile
|  |  +- (com.google.guava:guava:jar:22.0:compile - omitted for duplicate)
|  |  +- (org.antlr:antlr4-runtime:jar:4.7:compile - omitted for duplicate)
|  |  \- (org.slf4j:slf4j-api:jar:1.7.24:compile - omitted for duplicate)
|  +- org.ini4j:ini4j:jar:0.5.1:compile
|  \- org.slf4j:slf4j-api:jar:1.7.24:compile
+- org.apache.logging.log4j:log4j-api:jar:2.9.1:compile
+- org.apache.logging.log4j:log4j-core:jar:2.9.1:compile
|  \- (org.apache.logging.log4j:log4j-api:jar:2.9.1:compile - omitted for duplicate)
+- junit:junit:jar:4.12:test
|  \- org.hamcrest:hamcrest-core:jar:1.3:test
+- com.github.phenomics:ontolib-core:jar:0.3:compile
|  +- (org.slf4j:slf4j-api:jar:1.7.24:compile - omitted for duplicate)
|  \- (com.google.guava:guava:jar:22.0:compile - omitted for duplicate)
+- com.github.phenomics:ontolib-io:jar:0.3:compile
|  +- (com.github.phenomics:ontolib-core:jar:0.3:compile - omitted for duplicate)
|  +- org.antlr:antlr4-runtime:jar:4.7:compile
|  +- (commons-io:commons-io:jar:2.4:compile - omitted for duplicate)
|  +- (org.slf4j:slf4j-api:jar:1.7.24:compile - omitted for duplicate)
|  \- (com.google.guava:guava:jar:22.0:compile - omitted for duplicate)
+- commons-cli:commons-cli:jar:1.4:compile
\- org.codehaus.mojo:cobertura-maven-plugin:jar:2.7:test
   +- net.sourceforge.cobertura:cobertura:jar:2.1.1:test
   |  +- org.ow2.asm:asm:jar:5.0.1:test
   |  +- org.ow2.asm:asm-tree:jar:5.0.1:test
   |  |  \- (org.ow2.asm:asm:jar:5.0.1:test - omitted for duplicate)
   |  +- org.ow2.asm:asm-commons:jar:5.0.1:test
   |  |  \- (org.ow2.asm:asm-tree:jar:5.0.1:test - omitted for duplicate)
   |  +- org.ow2.asm:asm-util:jar:5.0.1:test
   |  |  \- (org.ow2.asm:asm-tree:jar:5.0.1:test - omitted for duplicate)
   |  +- org.ow2.asm:asm-analysis:jar:5.0.1:test
   |  |  \- (org.ow2.asm:asm-tree:jar:5.0.1:test - omitted for duplicate)
   |  +- oro:oro:jar:2.0.8:test
   |  +- org.apache.ant:ant:jar:1.8.3:test
   |  |  \- org.apache.ant:ant-launcher:jar:1.8.3:test
   |  +- org.apache.ant:ant-junit:jar:1.8.3:test
   |  |  +- (org.apache.ant:ant:jar:1.8.3:test - omitted for duplicate)
   |  |  \- (junit:junit:jar:3.8.2:test - omitted for conflict with 4.12)
   |  +- org.mortbay.jetty:servlet-api-2.5:jar:6.1.14:test
   |  +- org.mortbay.jetty:jetty:jar:6.1.14:test
   |  |  +- (org.mortbay.jetty:jetty-util:jar:6.1.14:test - omitted for duplicate)
   |  |  \- (org.mortbay.jetty:servlet-api-2.5:jar:6.1.14:test - omitted for duplicate)
   |  +- org.mortbay.jetty:jetty-util:jar:6.1.14:test
   |  +- com.sun:tools:jar:0:system
   |  +- (org.slf4j:slf4j-api:jar:1.7.5:test - omitted for conflict with 1.7.24)
   |  +- ch.qos.logback:logback-classic:jar:1.0.13:test
   |  |  +- ch.qos.logback:logback-core:jar:1.0.13:test
   |  |  \- (org.slf4j:slf4j-api:jar:1.7.5:test - omitted for conflict with 1.7.24)
   |  +- (junit:junit:jar:4.11:test - omitted for conflict with 4.12)
   |  \- org.apache.commons:commons-lang3:jar:3.3.2:test
   +- xerces:xercesImpl:jar:2.11.0:test
   |  \- xml-apis:xml-apis:jar:1.4.01:test
   +- jaxen:jaxen:jar:1.1.4:test
   +- org.jdom:jdom:jar:1.1.3:test
   +- net.sourceforge.cobertura:cobertura-runtime:pom:2.1.1:test
   |  \- (net.sourceforge.cobertura:cobertura:jar:2.1.1:test - omitted for duplicate)
   +- urbanophile:java-getopt:jar:1.0.9:test
   +- org.apache.maven:maven-core:jar:2.0.8:test
   |  +- org.apache.maven:maven-settings:jar:2.0.8:test
   |  |  +- (org.apache.maven:maven-model:jar:2.0.8:test - omitted for duplicate)
   |  |  +- (org.codehaus.plexus:plexus-utils:jar:1.4.6:test - omitted for duplicate)
   |  |  \- (org.codehaus.plexus:plexus-container-default:jar:1.0-alpha-9-stable-1:test - omitted for duplicate)
   |  +- org.apache.maven.wagon:wagon-file:jar:1.0-beta-2:test
   |  |  \- (org.apache.maven.wagon:wagon-provider-api:jar:1.0-beta-2:test - omitted for duplicate)
   |  +- org.apache.maven:maven-plugin-parameter-documenter:jar:2.0.8:test
   |  |  +- (org.codehaus.plexus:plexus-utils:jar:1.4.6:test - omitted for duplicate)
   |  |  \- (org.codehaus.plexus:plexus-container-default:jar:1.0-alpha-9-stable-1:test - omitted for duplicate)
   |  +- org.apache.maven.wagon:wagon-http-lightweight:jar:1.0-beta-2:test
   |  |  +- org.apache.maven.wagon:wagon-http-shared:jar:1.0-beta-2:test
   |  |  |  +- jtidy:jtidy:jar:4aug2000r7-dev:test
   |  |  |  \- (org.apache.maven.wagon:wagon-provider-api:jar:1.0-beta-2:test - omitted for duplicate)
   |  |  +- (xml-apis:xml-apis:jar:1.0.b2:test - omitted for conflict with 1.4.01)
   |  |  \- (org.apache.maven.wagon:wagon-provider-api:jar:1.0-beta-2:test - omitted for duplicate)
   |  +- (org.apache.maven.reporting:maven-reporting-api:jar:2.0.8:test - omitted for duplicate)
   |  +- org.apache.maven:maven-profile:jar:2.0.8:test
   |  |  +- (org.apache.maven:maven-model:jar:2.0.8:test - omitted for duplicate)
   |  |  +- (org.codehaus.plexus:plexus-utils:jar:1.4.6:test - omitted for duplicate)
   |  |  \- (org.codehaus.plexus:plexus-container-default:jar:1.0-alpha-9-stable-1:test - omitted for duplicate)
   |  +- org.apache.maven:maven-model:jar:2.0.8:test
   |  |  \- (org.codehaus.plexus:plexus-utils:jar:1.4.6:test - omitted for duplicate)
   |  +- (org.apache.maven:maven-artifact:jar:2.0.8:test - omitted for duplicate)
   |  +- org.apache.maven.wagon:wagon-provider-api:jar:1.0-beta-2:test
   |  |  \- (org.codehaus.plexus:plexus-utils:jar:1.0.4:test - omitted for conflict with 1.4.6)
   |  +- org.codehaus.plexus:plexus-container-default:jar:1.0-alpha-9-stable-1:test
   |  |  +- (junit:junit:jar:3.8.1:test - omitted for conflict with 4.12)
   |  |  +- (org.codehaus.plexus:plexus-utils:jar:1.0.4:test - omitted for conflict with 1.4.6)
   |  |  \- (classworlds:classworlds:jar:1.1-alpha-2:test - omitted for conflict with 1.1)
   |  +- org.apache.maven:maven-repository-metadata:jar:2.0.8:test
   |  |  \- (org.codehaus.plexus:plexus-utils:jar:1.4.6:test - omitted for duplicate)
   |  +- org.apache.maven:maven-error-diagnostics:jar:2.0.8:test
   |  |  \- (org.codehaus.plexus:plexus-container-default:jar:1.0-alpha-9-stable-1:test - omitted for duplicate)
   |  +- (org.apache.maven:maven-project:jar:2.0.8:test - omitted for duplicate)
   |  +- (commons-cli:commons-cli:jar:1.0:test - omitted for conflict with 1.4)
   |  +- (org.apache.maven:maven-plugin-api:jar:2.0.8:test - omitted for duplicate)
   |  +- org.apache.maven.wagon:wagon-ssh-external:jar:1.0-beta-2:test
   |  |  +- (org.codehaus.plexus:plexus-utils:jar:1.0.4:test - omitted for conflict with 1.4.6)
   |  |  +- org.apache.maven.wagon:wagon-ssh-common:jar:1.0-beta-2:test
   |  |  |  +- (org.codehaus.plexus:plexus-utils:jar:1.0.4:test - omitted for conflict with 1.4.6)
   |  |  |  +- (org.codehaus.plexus:plexus-interactivity-api:jar:1.0-alpha-4:test - omitted for duplicate)
   |  |  |  \- (org.apache.maven.wagon:wagon-provider-api:jar:1.0-beta-2:test - omitted for duplicate)
   |  |  \- (org.apache.maven.wagon:wagon-provider-api:jar:1.0-beta-2:test - omitted for duplicate)
   |  +- org.apache.maven:maven-plugin-descriptor:jar:2.0.8:test
   |  |  +- (org.apache.maven:maven-plugin-api:jar:2.0.8:test - omitted for duplicate)
   |  |  +- (org.apache.maven:maven-artifact:jar:2.0.8:test - omitted for duplicate)
   |  |  \- (org.codehaus.plexus:plexus-container-default:jar:1.0-alpha-9-stable-1:test - omitted for duplicate)
   |  +- org.codehaus.plexus:plexus-interactivity-api:jar:1.0-alpha-4:test
   |  |  \- (classworlds:classworlds:jar:1.1-alpha-2:test - omitted for duplicate)
   |  +- org.apache.maven:maven-artifact-manager:jar:2.0.8:test
   |  |  +- (org.apache.maven:maven-repository-metadata:jar:2.0.8:test - omitted for duplicate)
   |  |  +- (org.codehaus.plexus:plexus-utils:jar:1.4.6:test - omitted for duplicate)
   |  |  +- (org.apache.maven:maven-artifact:jar:2.0.8:test - omitted for duplicate)
   |  |  +- (org.codehaus.plexus:plexus-container-default:jar:1.0-alpha-9-stable-1:test - omitted for duplicate)
   |  |  \- (org.apache.maven.wagon:wagon-provider-api:jar:1.0-beta-2:test - omitted for duplicate)
   |  +- org.apache.maven:maven-monitor:jar:2.0.8:test
   |  +- org.apache.maven.wagon:wagon-ssh:jar:1.0-beta-2:test
   |  |  +- com.jcraft:jsch:jar:0.1.27:test
   |  |  +- (org.codehaus.plexus:plexus-interactivity-api:jar:1.0-alpha-4:test - omitted for duplicate)
   |  |  +- (org.codehaus.plexus:plexus-utils:jar:1.0.4:test - omitted for conflict with 1.4.6)
   |  |  +- (org.apache.maven.wagon:wagon-ssh-common:jar:1.0-beta-2:test - omitted for duplicate)
   |  |  \- (org.apache.maven.wagon:wagon-provider-api:jar:1.0-beta-2:test - omitted for duplicate)
   |  +- (org.codehaus.plexus:plexus-utils:jar:1.4.6:test - omitted for conflict with 2.0.2)
   |  \- classworlds:classworlds:jar:1.1:test
   +- org.apache.maven:maven-artifact:jar:2.0.8:test
   |  \- (org.codehaus.plexus:plexus-utils:jar:1.4.6:test - omitted for duplicate)
   +- org.apache.maven:maven-plugin-api:jar:2.0.8:test
   +- org.apache.maven.reporting:maven-reporting-api:jar:2.0.8:test
   |  \- org.apache.maven.doxia:doxia-sink-api:jar:1.0-alpha-9:test
   +- org.apache.maven:maven-project:jar:2.0.8:test
   |  +- (org.apache.maven:maven-settings:jar:2.0.8:test - omitted for duplicate)
   |  +- (org.apache.maven:maven-profile:jar:2.0.8:test - omitted for duplicate)
   |  +- (org.apache.maven:maven-model:jar:2.0.8:test - omitted for duplicate)
   |  +- (org.apache.maven:maven-artifact-manager:jar:2.0.8:test - omitted for duplicate)
   |  +- org.apache.maven:maven-plugin-registry:jar:2.0.8:test
   |  |  +- (org.codehaus.plexus:plexus-utils:jar:1.4.6:test - omitted for duplicate)
   |  |  \- (org.codehaus.plexus:plexus-container-default:jar:1.0-alpha-9-stable-1:test - omitted for duplicate)
   |  +- (org.codehaus.plexus:plexus-utils:jar:1.4.6:test - omitted for duplicate)
   |  +- (org.apache.maven:maven-artifact:jar:2.0.8:test - omitted for duplicate)
   |  \- (org.codehaus.plexus:plexus-container-default:jar:1.0-alpha-9-stable-1:test - omitted for duplicate)
   +- org.apache.maven.reporting:maven-reporting-impl:jar:2.0.4.2:test
   |  +- (org.apache.maven:maven-project:jar:2.0.4:test - omitted for conflict with 2.0.8)
   |  +- commons-validator:commons-validator:jar:1.2.0:test
   |  |  +- commons-beanutils:commons-beanutils:jar:1.7.0:test
   |  |  |  \- (commons-logging:commons-logging:jar:1.0.3:test - omitted for conflict with 1.0.4)
   |  |  +- commons-digester:commons-digester:jar:1.6:test
   |  |  |  +- (commons-beanutils:commons-beanutils:jar:1.6:test - omitted for conflict with 1.7.0)
   |  |  |  +- (commons-logging:commons-logging:jar:1.0:test - omitted for conflict with 1.0.3)
   |  |  |  +- (commons-collections:commons-collections:jar:2.1:test - omitted for conflict with 3.2)
   |  |  |  \- (xml-apis:xml-apis:jar:1.0.b2:test - omitted for conflict with 1.4.01)
   |  |  +- commons-logging:commons-logging:jar:1.0.4:test
   |  |  +- (oro:oro:jar:2.0.8:test - omitted for duplicate)
   |  |  \- (xml-apis:xml-apis:jar:1.0.b2:test - omitted for conflict with 1.4.01)
   |  +- org.apache.maven.doxia:doxia-core:jar:1.0:test
   |  |  +- (org.apache.maven.doxia:doxia-sink-api:jar:1.0:test - omitted for conflict with 1.0-alpha-9)
   |  |  +- (org.codehaus.plexus:plexus-utils:jar:1.5.7:test - omitted for conflict with 1.4.6)
   |  |  \- (org.codehaus.plexus:plexus-container-default:jar:1.0-alpha-30:test - omitted for conflict with 1.0-alpha-9-stable-1)
   |  +- (org.apache.maven:maven-plugin-api:jar:2.0.4:test - omitted for conflict with 2.0.8)
   |  +- (org.apache.maven.reporting:maven-reporting-api:jar:2.0.4:test - omitted for conflict with 2.0.8)
   |  \- org.apache.maven.doxia:doxia-site-renderer:jar:1.0:test
   |     +- (org.apache.maven.doxia:doxia-core:jar:1.0:test - omitted for duplicate)
   |     +- (org.apache.maven.doxia:doxia-sink-api:jar:1.0:test - omitted for conflict with 1.0-alpha-9)
   |     +- org.codehaus.plexus:plexus-i18n:jar:1.0-beta-7:test
   |     |  \- (org.codehaus.plexus:plexus-utils:jar:1.4.1:test - omitted for conflict with 1.4.6)
   |     +- (org.codehaus.plexus:plexus-container-default:jar:1.0-alpha-30:test - omitted for conflict with 1.0-alpha-9-stable-1)
   |     +- org.codehaus.plexus:plexus-velocity:jar:1.1.7:test
   |     |  \- (org.codehaus.plexus:plexus-container-default:jar:1.0-alpha-20:test - omitted for conflict with 1.0-alpha-9-stable-1)
   |     +- org.apache.velocity:velocity:jar:1.5:test
   |     |  +- (commons-collections:commons-collections:jar:3.1:test - omitted for conflict with 2.1)
   |     |  +- (commons-lang:commons-lang:jar:2.1:test - omitted for conflict with 2.4)
   |     |  \- (oro:oro:jar:2.0.8:test - omitted for duplicate)
   |     +- org.apache.maven.doxia:doxia-decoration-model:jar:1.0:test
   |     |  \- (org.codehaus.plexus:plexus-utils:jar:1.5.7:test - omitted for conflict with 1.4.6)
   |     +- commons-collections:commons-collections:jar:3.2:test
   |     +- org.apache.maven.doxia:doxia-module-apt:jar:1.0:test
   |     |  +- (org.codehaus.plexus:plexus-utils:jar:1.5.7:test - omitted for conflict with 1.4.6)
   |     |  +- (org.apache.maven.doxia:doxia-core:jar:1.0:test - omitted for duplicate)
   |     |  \- (org.apache.maven.doxia:doxia-sink-api:jar:1.0:test - omitted for conflict with 1.0-alpha-9)
   |     +- org.apache.maven.doxia:doxia-module-fml:jar:1.0:test
   |     |  +- (org.codehaus.plexus:plexus-utils:jar:1.5.7:test - omitted for conflict with 1.4.6)
   |     |  +- (org.apache.maven.doxia:doxia-core:jar:1.0:test - omitted for duplicate)
   |     |  \- (org.apache.maven.doxia:doxia-sink-api:jar:1.0:test - omitted for conflict with 1.0-alpha-9)
   |     +- org.apache.maven.doxia:doxia-module-xdoc:jar:1.0:test
   |     |  +- (org.codehaus.plexus:plexus-utils:jar:1.5.7:test - omitted for conflict with 1.4.6)
   |     |  +- (org.apache.maven.doxia:doxia-core:jar:1.0:test - omitted for duplicate)
   |     |  \- (org.apache.maven.doxia:doxia-sink-api:jar:1.0:test - omitted for conflict with 1.0-alpha-9)
   |     +- org.apache.maven.doxia:doxia-module-xhtml:jar:1.0:test
   |     |  +- (org.codehaus.plexus:plexus-utils:jar:1.5.7:test - omitted for conflict with 1.4.6)
   |     |  +- (org.apache.maven.doxia:doxia-core:jar:1.0:test - omitted for duplicate)
   |     |  \- (org.apache.maven.doxia:doxia-sink-api:jar:1.0:test - omitted for conflict with 1.0-alpha-9)
   |     \- (org.codehaus.plexus:plexus-utils:jar:1.5.7:test - omitted for conflict with 1.4.6)
   +- commons-lang:commons-lang:jar:2.4:test
   +- org.codehaus.plexus:plexus-utils:jar:2.0.2:test
   \- org.apache.maven.shared:maven-invoker:jar:2.0.11:test
      \- (org.codehaus.plexus:plexus-utils:jar:1.5.6:test - omitted for conflict with 2.0.2)

