WARNING: Your kernel does not support swap limit capabilities or the cgroup is not mounted. Memory limited without swap.
fatal: write error: No space left on device
fatal: index-pack failed
fatal: reference is not a tree: d657417e284190190d54a7a89b27d954c325f345
OpenJDK 64-Bit Server VM warning: Insufficient space for shared memory file:
   29
Try using the -Djava.io.tmpdir= option to select an alternate temp location.

com.palmergames.bukkit.towny:Towny:jar:0.96.7.4
+- org.spigotmc:spigot-api:jar:1.16.5-R0.1-SNAPSHOT:provided
|  +- commons-lang:commons-lang:jar:2.6:provided
|  +- com.google.guava:guava:jar:21.0:provided
|  +- com.google.code.gson:gson:jar:2.8.0:provided
|  +- net.md-5:bungeecord-chat:jar:1.16-R0.4:provided
|  |  +- (com.google.code.gson:gson:jar:2.8.0:provided - omitted for duplicate)
|  |  \- (com.google.guava:guava:jar:21.0:provided - omitted for duplicate)
|  \- org.yaml:snakeyaml:jar:1.27:provided
+- io.papermc:paperlib:jar:1.0.6:compile
+- com.zaxxer:HikariCP:jar:4.0.1:compile
|  \- org.slf4j:slf4j-api:jar:1.7.30:compile
+- net.tnemc:Reserve:jar:0.1.5.0:provided
+- net.tnemc:TheNewChat:jar:1.5.1.0:provided
+- com.github.MilkBowl:VaultAPI:jar:1.7:provided
|  \- org.bukkit:bukkit:jar:1.13.1-R0.1-SNAPSHOT:provided
|     +- (commons-lang:commons-lang:jar:2.6:provided - omitted for duplicate)
|     +- com.googlecode.json-simple:json-simple:jar:1.1.1:provided
|     |  \- (junit:junit:jar:4.10:provided - omitted for conflict with 4.12)
|     +- (com.google.guava:guava:jar:21.0:provided - omitted for duplicate)
|     +- (com.google.code.gson:gson:jar:2.8.0:provided - omitted for duplicate)
|     \- (org.yaml:snakeyaml:jar:1.21:provided - omitted for conflict with 1.27)
+- net.ess3:EssentialsX:jar:2.18.2:provided
|  +- (io.papermc:paperlib:jar:1.0.6-SNAPSHOT:provided - omitted for conflict with 1.0.6)
|  +- net.ess3:BaseProviders:jar:2.18.2:provided
|  +- net.ess3:NMSReflectionProvider:jar:2.18.2:provided
|  |  \- (net.ess3:BaseProviders:jar:2.18.2:provided - omitted for duplicate)
|  +- net.ess3:PaperProvider:jar:2.18.2:provided
|  |  \- (net.ess3:BaseProviders:jar:2.18.2:provided - omitted for duplicate)
|  \- net.ess3:1_8Provider:jar:2.18.2:provided
|     \- (net.ess3:NMSReflectionProvider:jar:2.18.2:provided - omitted for duplicate)
+- com.github.ElgarL:groupmanager:jar:2.9:provided
|  +- org.bstats:bstats-bukkit:jar:1.7:provided
|  \- (org.jetbrains:annotations:jar:20.1.0:provided - omitted for duplicate)
+- net.citizensnpcs:citizensapi:jar:2.0.27-SNAPSHOT:provided
|  \- ch.ethz.globis.phtree:phtree:jar:2.3.0:provided
|     \- junit:junit:jar:4.12:provided
|        \- org.hamcrest:hamcrest-core:jar:1.3:provided
+- org.apache.logging.log4j:log4j-core:jar:2.14.0:provided
|  \- org.apache.logging.log4j:log4j-api:jar:2.14.0:provided
+- me.clip:placeholderapi:jar:2.10.9:provided
|  \- (org.jetbrains:annotations:jar:19.0.0:provided - omitted for conflict with 20.1.0)
+- org.apache.commons:commons-compress:jar:1.20:compile
\- org.jetbrains:annotations:jar:20.1.0:provided

