WARNING: Your kernel does not support swap limit capabilities or the cgroup is not mounted. Memory limited without swap.
com.trophonix:TradePlus:jar:3.60
+- org.spigotmc:spigot-api:jar:1.14.2-R0.1-SNAPSHOT:provided
|  +- commons-lang:commons-lang:jar:2.6:provided
|  +- (com.google.guava:guava:jar:21.0:provided - omitted for duplicate)
|  +- com.google.code.gson:gson:jar:2.8.0:provided
|  +- net.md-5:bungeecord-chat:jar:1.13-SNAPSHOT:provided
|  |  +- (com.google.code.gson:gson:jar:2.8.0:provided - omitted for duplicate)
|  |  \- (com.google.guava:guava:jar:20.0:provided - omitted for conflict with 21.0)
|  \- org.yaml:snakeyaml:jar:1.23:provided
+- com.google.guava:guava:jar:21.0:compile
+- com.github.WesJD:AnvilGUI:jar:master-SNAPSHOT:compile
|  +- com.github.WesJD.AnvilGUI:anvilgui:jar:master-SNAPSHOT:compile
|  +- com.github.WesJD.AnvilGUI:anvilgui-1_10_R1:jar:master-SNAPSHOT:compile
|  +- com.github.WesJD.AnvilGUI:anvilgui-1_11_R1:jar:master-SNAPSHOT:compile
|  +- com.github.WesJD.AnvilGUI:anvilgui-1_12_R1:jar:master-SNAPSHOT:compile
|  +- com.github.WesJD.AnvilGUI:anvilgui-1_13_R1:jar:master-SNAPSHOT:compile
|  +- com.github.WesJD.AnvilGUI:anvilgui-1_13_R2:jar:master-SNAPSHOT:compile
|  +- com.github.WesJD.AnvilGUI:anvilgui-1_14_4_R1:jar:master-SNAPSHOT:compile
|  +- com.github.WesJD.AnvilGUI:anvilgui-1_14_R1:jar:master-SNAPSHOT:compile
|  +- com.github.WesJD.AnvilGUI:anvilgui-1_15_R1:jar:master-SNAPSHOT:compile
|  +- com.github.WesJD.AnvilGUI:anvilgui-1_16_R1:jar:master-SNAPSHOT:compile
|  +- com.github.WesJD.AnvilGUI:anvilgui-1_16_R2:jar:master-SNAPSHOT:compile
|  +- com.github.WesJD.AnvilGUI:anvilgui-1_16_R3:jar:master-SNAPSHOT:compile
|  +- com.github.WesJD.AnvilGUI:anvilgui-1_7_R4:jar:master-SNAPSHOT:compile
|  +- com.github.WesJD.AnvilGUI:anvilgui-1_8_R1:jar:master-SNAPSHOT:compile
|  +- com.github.WesJD.AnvilGUI:anvilgui-1_8_R2:jar:master-SNAPSHOT:compile
|  +- com.github.WesJD.AnvilGUI:anvilgui-1_8_R3:jar:master-SNAPSHOT:compile
|  +- com.github.WesJD.AnvilGUI:anvilgui-1_9_R1:jar:master-SNAPSHOT:compile
|  +- com.github.WesJD.AnvilGUI:anvilgui-1_9_R2:jar:master-SNAPSHOT:compile
|  \- com.github.WesJD.AnvilGUI:anvilgui-abstraction:jar:master-SNAPSHOT:compile
+- co.aikar:taskchain-bukkit:jar:3.7.2:compile
|  \- co.aikar:taskchain-core:jar:3.7.2:compile
+- org.projectlombok:lombok:jar:1.18.6:provided
+- net.milkbowl.vault:VaultAPI:jar:1.7:provided
+- com.github.TechFortress:GriefPrevention:jar:16.7.1:system
+- org.black_ixx:PlayerPoints:jar:2.1.4:system
+- com.enjin.mc:enjin-mc-plugin:jar:3.4.3:system
+- com.vk2gpz.tokenenchant:api:jar:10.0.0:system
+- com.github.kicjow:Crazy-Crates:jar:v1.8.5:system
+- com.github.Realizedd:TokenManager:jar:3.2.2:system
\- com.github.ProSavage:SavageFactions:jar:1.6.3-RC:provided

