WARNING: Your kernel does not support swap limit capabilities or the cgroup is not mounted. Memory limited without swap.
com.trophonix:TradePlus:jar:3.43
+- org.spigotmc:spigot-api:jar:1.13.2-R0.1-SNAPSHOT:provided
|  +- commons-lang:commons-lang:jar:2.6:provided
|  +- com.googlecode.json-simple:json-simple:jar:1.1.1:provided
|  |  \- junit:junit:jar:4.10:provided
|  |     \- org.hamcrest:hamcrest-core:jar:1.1:provided
|  +- (com.google.guava:guava:jar:21.0:provided - omitted for duplicate)
|  +- com.google.code.gson:gson:jar:2.8.0:provided
|  +- net.md-5:bungeecord-chat:jar:1.13-SNAPSHOT:provided
|  |  +- (com.google.code.gson:gson:jar:2.8.0:provided - omitted for duplicate)
|  |  \- (com.google.guava:guava:jar:20.0:provided - omitted for conflict with 21.0)
|  \- org.yaml:snakeyaml:jar:1.23:provided
+- com.google.guava:guava:jar:21.0:compile
+- org.projectlombok:lombok:jar:1.18.6:provided
+- net.wesjd:anvilgui:jar:1.2.1-SNAPSHOT:compile
+- net.milkbowl.vault:VaultAPI:jar:1.7:provided
+- com.github.TechFortress:GriefPrevention:jar:16.7.1:system
+- org.black_ixx:PlayerPoints:jar:2.1.4:system
+- com.enjin.mc:enjin-mc-plugin:jar:3.4.3:system
+- com.vk2gpz.tokenenchant:api:jar:10.0.0:system
+- com.github.kicjow:Crazy-Crates:jar:v1.8.5:system
\- com.github.Realizedd:TokenManager:jar:3.2.2:system

