WARNING: Your kernel does not support swap limit capabilities or the cgroup is not mounted. Memory limited without swap.
error: unable to write file src/main/resources/images/clients/ps4@2x.png
error: unable to write file src/main/resources/images/clients/realtek.png
error: unable to write file src/main/resources/images/clients/roku-roku3.png
error: unable to write file src/main/resources/images/clients/roku-tv8.png
error: unable to write file src/main/resources/images/clients/safari.png
error: unable to write file src/main/resources/images/clients/samsung-d7000.png
error: unable to write file src/main/resources/images/clients/samsung-es8000.png
error: unable to write file src/main/resources/images/clients/samsung-f5100.png
error: unable to write file src/main/resources/images/clients/samsung-f5900.png
error: unable to write file src/main/resources/images/clients/samsung-galaxy-s3.png
error: unable to write file src/main/resources/images/clients/samsung-ht-e3500.png
error: unable to write file src/main/resources/images/clients/samsung-smt-g7400.png
error: unable to write file src/main/resources/images/clients/samsung-tv.png
error: unable to write file src/main/resources/images/clients/samsungmobile.png
error: unable to write file src/main/resources/images/clients/sharpaquos.png
error: unable to write file src/main/resources/images/clients/smp-n100.png
error: unable to write file src/main/resources/images/clients/sony-xperia.png
error: unable to write file src/main/resources/images/clients/sonybluray.png
error: unable to write file src/main/resources/images/clients/streamium.png
error: unable to write file src/main/resources/images/clients/technisat-s1plus.png
error: unable to write file src/main/resources/images/clients/telstratbox.png
error: unable to write file src/main/resources/images/clients/unknown.png
error: unable to write file src/main/resources/images/clients/videowebtv.png
error: unable to write file src/main/resources/images/clients/vivaldi.png
error: unable to write file src/main/resources/images/clients/viziosmarttv.png
error: unable to write file src/main/resources/images/clients/wdtvlive.png
error: unable to write file src/main/resources/images/clients/wmp.png
error: unable to write file src/main/resources/images/clients/xbmc.png
error: unable to write file src/main/resources/images/clients/xbox-one.png
error: unable to write file src/main/resources/images/clients/xbox1.png
error: unable to write file src/main/resources/images/clients/yamaharxv3900.png
error: unable to write file src/main/resources/images/clients/yamaharxv671.png
fatal: cannot create directory at 'src/main/resources/images/codes': No space left on device
warning: Clone succeeded, but checkout failed.
You can inspect what was checked out with 'git status'
and retry the checkout with 'git checkout -f HEAD'

/bin/sh: 1: cd: can't cd to None
fatal: not a git repository (or any of the parent directories): .git
fatal: not a git repository (or any of the parent directories): .git
/bin/sh: 1: cd: can't cd to None
Traceback (most recent call last):
  File "/home/jdbl/core/Project.py", line 30, in clone
    subprocess.check_call(cmd, shell=True)
  File "/usr/lib/python3.7/subprocess.py", line 347, in check_call
    raise CalledProcessError(retcode, cmd)
subprocess.CalledProcessError: Command 'cd /tmp/tmp5sg6ymkz;git clone -q --depth=1 https://github.com/UniversalMediaServer/UniversalMediaServer.git;' returned non-zero exit status 128.
Unable to correctly install UniversalMediaServer/UniversalMediaServer
