WARNING: Your kernel does not support swap limit capabilities or the cgroup is not mounted. Memory limited without swap.
com.github.vaerys:DiscordSAIL:jar:2.4.6
+- org.json:json:jar:20140107:compile
+- com.google.code.findbugs:jsr305:jar:1.3.9:compile
+- com.github.austinv11:Discord4j:jar:shaded:5213b02:compile
|  +- org.slf4j:slf4j-api:jar:1.7.21:compile
|  +- org.apache.httpcomponents:httpcore:jar:4.4.5:compile
|  +- org.apache.httpcomponents:httpclient:jar:4.5.2:compile
|  |  +- (org.apache.httpcomponents:httpcore:jar:4.4.4:compile - omitted for conflict with 4.4.5)
|  |  +- commons-logging:commons-logging:jar:1.2:compile
|  |  \- commons-codec:commons-codec:jar:1.9:compile
|  +- org.apache.httpcomponents:httpmime:jar:4.5.2:compile
|  |  \- (org.apache.httpcomponents:httpclient:jar:4.5.2:compile - omitted for duplicate)
|  +- commons-io:commons-io:jar:2.5:compile
|  +- org.eclipse.jetty.websocket:websocket-client:jar:9.4.0.v20161208:compile
|  |  +- org.eclipse.jetty:jetty-util:jar:9.4.0.v20161208:compile
|  |  +- org.eclipse.jetty:jetty-io:jar:9.4.0.v20161208:compile
|  |  |  \- (org.eclipse.jetty:jetty-util:jar:9.4.0.v20161208:compile - omitted for duplicate)
|  |  +- org.eclipse.jetty:jetty-client:jar:9.4.0.v20161208:compile
|  |  |  +- org.eclipse.jetty:jetty-http:jar:9.4.0.v20161208:compile
|  |  |  |  +- (org.eclipse.jetty:jetty-util:jar:9.4.0.v20161208:compile - omitted for duplicate)
|  |  |  |  \- (org.eclipse.jetty:jetty-io:jar:9.4.0.v20161208:compile - omitted for duplicate)
|  |  |  \- (org.eclipse.jetty:jetty-io:jar:9.4.0.v20161208:compile - omitted for duplicate)
|  |  \- org.eclipse.jetty.websocket:websocket-common:jar:9.4.0.v20161208:compile
|  |     +- org.eclipse.jetty.websocket:websocket-api:jar:9.4.0.v20161208:compile
|  |     +- (org.eclipse.jetty:jetty-util:jar:9.4.0.v20161208:compile - omitted for duplicate)
|  |     \- (org.eclipse.jetty:jetty-io:jar:9.4.0.v20161208:compile - omitted for duplicate)
|  +- net.jodah:typetools:jar:0.4.8:compile
|  +- (org.apache.commons:commons-lang3:jar:3.5:compile - omitted for conflict with 3.4)
|  +- com.google.code.gson:gson:jar:2.8.0:compile
|  +- net.java.dev.jna:jna:jar:4.2.2:compile
|  +- com.googlecode.soundlibs:mp3spi:jar:1.9.5.4:compile
|  |  +- com.googlecode.soundlibs:jlayer:jar:1.0.1.4:compile
|  |  |  \- junit:junit:jar:3.8.2:compile
|  |  \- (com.googlecode.soundlibs:tritonus-share:jar:0.3.7.4:compile - omitted for duplicate)
|  +- org.jcraft:jorbis:jar:0.0.17:compile
|  +- jflac:jflac:jar:1.3:compile
|  +- com.googlecode.soundlibs:tritonus-share:jar:0.3.7.4:compile
|  +- org.tritonus:tritonus-dsp:jar:0.3.6:compile
|  \- com.vdurmont:emoji-java:jar:3.1.3:compile
|     \- (org.json:json:jar:20140107:compile - omitted for duplicate)
+- ch.qos.logback:logback-classic:jar:1.1.7:compile
|  +- ch.qos.logback:logback-core:jar:1.1.7:compile
|  \- (org.slf4j:slf4j-api:jar:1.7.20:compile - omitted for conflict with 1.7.21)
\- org.apache.commons:commons-lang3:jar:3.4:compile

