WARNING: Your kernel does not support swap limit capabilities or the cgroup is not mounted. Memory limited without swap.
com.github.vaerys:DiscordSAIL:jar:2.0.0
+- com.github.austinv11:Discord4j:jar:shaded:2.5.4:compile
|  +- org.slf4j:slf4j-api:jar:1.7.12:compile
|  +- org.apache.httpcomponents:httpcore:jar:4.4.4:compile
|  +- org.apache.httpcomponents:httpclient:jar:4.5.1:compile
|  |  +- (org.apache.httpcomponents:httpcore:jar:4.4.3:compile - omitted for conflict with 4.4.4)
|  |  +- commons-logging:commons-logging:jar:1.2:compile
|  |  \- commons-codec:commons-codec:jar:1.9:compile
|  +- org.apache.httpcomponents:httpmime:jar:4.5.1:compile
|  |  \- (org.apache.httpcomponents:httpclient:jar:4.5.1:compile - omitted for duplicate)
|  +- commons-io:commons-io:jar:2.4:compile
|  +- org.eclipse.jetty.websocket:websocket-client:jar:9.3.8.v20160314:compile
|  |  +- org.eclipse.jetty:jetty-util:jar:9.3.8.v20160314:compile
|  |  +- org.eclipse.jetty:jetty-io:jar:9.3.8.v20160314:compile
|  |  |  \- (org.eclipse.jetty:jetty-util:jar:9.3.8.v20160314:compile - omitted for duplicate)
|  |  \- org.eclipse.jetty.websocket:websocket-common:jar:9.3.8.v20160314:compile
|  |     +- org.eclipse.jetty.websocket:websocket-api:jar:9.3.8.v20160314:compile
|  |     +- (org.eclipse.jetty:jetty-util:jar:9.3.8.v20160314:compile - omitted for duplicate)
|  |     \- (org.eclipse.jetty:jetty-io:jar:9.3.8.v20160314:compile - omitted for duplicate)
|  +- net.jodah:typetools:jar:0.4.6:compile
|  +- org.apache.commons:commons-lang3:jar:3.4:compile
|  +- com.google.code.gson:gson:jar:2.6.2:compile
|  +- net.java.dev.jna:jna:jar:4.2.1:compile
|  +- com.googlecode.soundlibs:mp3spi:jar:1.9.5-1:compile
|  |  +- com.googlecode.soundlibs:jlayer:jar:1.0.1-1:compile
|  |  |  \- junit:junit:jar:3.8.2:compile
|  |  \- (com.googlecode.soundlibs:tritonus-share:jar:0.3.7-1:compile - omitted for conflict with 0.3.7-2)
|  +- org.jcraft:jorbis:jar:0.0.17:compile
|  +- jflac:jflac:jar:1.3:compile
|  +- com.googlecode.soundlibs:tritonus-share:jar:0.3.7-2:compile
|  \- org.tritonus:tritonus-dsp:jar:0.3.6:compile
\- ch.qos.logback:logback-classic:jar:1.1.7:compile
   +- ch.qos.logback:logback-core:jar:1.1.7:compile
   \- (org.slf4j:slf4j-api:jar:1.7.20:compile - omitted for conflict with 1.7.12)

