WARNING: Your kernel does not support swap limit capabilities or the cgroup is not mounted. Memory limited without swap.
org.elasticsearch:elasticsearch-analysis-lemmagen:jar:7.8.1
+- org.elasticsearch:elasticsearch:jar:7.8.1:compile
|  +- org.elasticsearch:elasticsearch-core:jar:7.8.1:compile
|  +- org.elasticsearch:elasticsearch-secure-sm:jar:7.8.1:compile
|  +- org.elasticsearch:elasticsearch-x-content:jar:7.8.1:compile
|  |  +- (org.elasticsearch:elasticsearch-core:jar:7.8.1:compile - omitted for duplicate)
|  |  +- org.yaml:snakeyaml:jar:1.26:compile
|  |  +- com.fasterxml.jackson.core:jackson-core:jar:2.10.4:compile
|  |  +- com.fasterxml.jackson.dataformat:jackson-dataformat-smile:jar:2.10.4:compile
|  |  +- com.fasterxml.jackson.dataformat:jackson-dataformat-yaml:jar:2.10.4:compile
|  |  \- com.fasterxml.jackson.dataformat:jackson-dataformat-cbor:jar:2.10.4:compile
|  +- org.elasticsearch:elasticsearch-geo:jar:7.8.1:compile
|  +- org.apache.lucene:lucene-core:jar:8.5.1:compile
|  +- org.apache.lucene:lucene-analyzers-common:jar:8.5.1:compile
|  +- org.apache.lucene:lucene-backward-codecs:jar:8.5.1:compile
|  +- org.apache.lucene:lucene-grouping:jar:8.5.1:compile
|  +- org.apache.lucene:lucene-highlighter:jar:8.5.1:compile
|  +- org.apache.lucene:lucene-join:jar:8.5.1:compile
|  +- org.apache.lucene:lucene-memory:jar:8.5.1:compile
|  +- org.apache.lucene:lucene-misc:jar:8.5.1:compile
|  +- org.apache.lucene:lucene-queries:jar:8.5.1:compile
|  +- org.apache.lucene:lucene-queryparser:jar:8.5.1:compile
|  +- org.apache.lucene:lucene-sandbox:jar:8.5.1:compile
|  +- org.apache.lucene:lucene-spatial-extras:jar:8.5.1:compile
|  +- org.apache.lucene:lucene-spatial3d:jar:8.5.1:compile
|  +- org.apache.lucene:lucene-suggest:jar:8.5.1:compile
|  +- org.elasticsearch:elasticsearch-cli:jar:7.8.1:compile
|  |  +- net.sf.jopt-simple:jopt-simple:jar:5.0.2:compile
|  |  \- (org.elasticsearch:elasticsearch-core:jar:7.8.1:compile - omitted for duplicate)
|  +- com.carrotsearch:hppc:jar:0.8.1:compile
|  +- joda-time:joda-time:jar:2.10.4:compile
|  +- com.tdunning:t-digest:jar:3.2:compile
|  +- org.hdrhistogram:HdrHistogram:jar:2.1.9:compile
|  +- (org.apache.logging.log4j:log4j-api:jar:2.11.1:compile - omitted for conflict with 2.13.2)
|  \- org.elasticsearch:jna:jar:5.5.0:compile
+- eu.hlavki.text:jlemmagen:jar:1.0:compile
|  \- (org.slf4j:slf4j-api:jar:1.7.30:compile - omitted for conflict with 1.6.2)
+- org.slf4j:slf4j-api:jar:1.6.2:compile
+- org.slf4j:slf4j-simple:jar:1.6.2:compile
|  \- (org.slf4j:slf4j-api:jar:1.6.2:compile - omitted for duplicate)
+- org.apache.lucene:lucene-test-framework:jar:8.5.1:test
|  +- org.apache.lucene:lucene-codecs:jar:8.5.1:test
|  +- (org.apache.lucene:lucene-core:jar:8.5.1:test - omitted for duplicate)
|  +- com.carrotsearch.randomizedtesting:randomizedtesting-runner:jar:2.7.2:test
|  +- (junit:junit:jar:4.12:test - omitted for duplicate)
|  \- (org.hamcrest:hamcrest-core:jar:1.3:test - omitted for conflict with 2.1)
+- org.hamcrest:hamcrest-core:jar:2.1:test
|  \- org.hamcrest:hamcrest:jar:2.1:test
+- org.hamcrest:hamcrest-library:jar:2.1:test
|  \- (org.hamcrest:hamcrest-core:jar:2.1:test - omitted for duplicate)
+- org.elasticsearch.test:framework:jar:7.8.1:test
|  +- org.elasticsearch.client:elasticsearch-rest-client:jar:7.8.1:test
|  |  +- org.apache.httpcomponents:httpclient:jar:4.5.10:test
|  |  +- org.apache.httpcomponents:httpcore:jar:4.4.12:test
|  |  +- org.apache.httpcomponents:httpasyncclient:jar:4.1.4:test
|  |  +- org.apache.httpcomponents:httpcore-nio:jar:4.4.12:test
|  |  +- (commons-codec:commons-codec:jar:1.11:test - omitted for duplicate)
|  |  \- (commons-logging:commons-logging:jar:1.1.3:test - omitted for duplicate)
|  +- org.elasticsearch.client:elasticsearch-rest-client-sniffer:jar:7.8.1:test
|  |  +- (org.elasticsearch.client:elasticsearch-rest-client:jar:7.8.1:test - omitted for duplicate)
|  |  +- (org.apache.httpcomponents:httpclient:jar:4.5.10:test - omitted for duplicate)
|  |  +- (org.apache.httpcomponents:httpcore:jar:4.4.12:test - omitted for duplicate)
|  |  +- (commons-codec:commons-codec:jar:1.11:test - omitted for duplicate)
|  |  +- (commons-logging:commons-logging:jar:1.1.3:test - omitted for duplicate)
|  |  \- (com.fasterxml.jackson.core:jackson-core:jar:2.10.4:test - omitted for duplicate)
|  +- org.elasticsearch:elasticsearch-nio:jar:7.8.1:test
|  |  \- (org.elasticsearch:elasticsearch-core:jar:7.8.1:test - omitted for duplicate)
|  +- (org.elasticsearch:elasticsearch:jar:7.8.1:test - omitted for duplicate)
|  +- (org.elasticsearch:elasticsearch-cli:jar:7.8.1:test - omitted for duplicate)
|  +- (com.carrotsearch.randomizedtesting:randomizedtesting-runner:jar:2.7.1:test - omitted for conflict with 2.7.2)
|  +- (org.hamcrest:hamcrest:jar:2.1:test - omitted for duplicate)
|  +- (org.apache.lucene:lucene-test-framework:jar:8.5.1:test - omitted for duplicate)
|  +- (org.apache.lucene:lucene-codecs:jar:8.5.1:test - omitted for duplicate)
|  +- commons-logging:commons-logging:jar:1.1.3:test
|  +- commons-codec:commons-codec:jar:1.11:test
|  +- org.elasticsearch:securemock:jar:1.2:test
|  \- org.elasticsearch:mocksocket:jar:1.2:test
+- junit:junit:jar:4.12:test
+- org.apache.logging.log4j:log4j-core:jar:2.13.2:test
|  \- (org.apache.logging.log4j:log4j-api:jar:2.13.2:test - omitted for conflict with 2.11.1)
\- org.apache.logging.log4j:log4j-api:jar:2.13.2:test (scope not updated to compile)

