WARNING: Your kernel does not support swap limit capabilities or the cgroup is not mounted. Memory limited without swap.
io.vlingo:vlingo-wire:jar:0.8.7
+- junit:junit:jar:4.11:test
|  \- org.hamcrest:hamcrest-core:jar:1.3:test
+- ch.qos.logback:logback-classic:jar:1.0.13:test
|  +- ch.qos.logback:logback-core:jar:1.0.13:test
|  \- (org.slf4j:slf4j-api:jar:1.7.5:compile - scope updated from test; omitted for duplicate)
+- io.vlingo:vlingo-actors:jar:0.8.7:compile
|  +- org.slf4j:slf4j-api:jar:1.7.5:compile
|  +- org.agrona:agrona:jar:1.0.2:compile
|  \- io.vlingo:vlingo-common:jar:0.8.7:compile
|     +- com.google.code.gson:gson:jar:2.8.2:compile
|     \- com.fasterxml.uuid:java-uuid-generator:jar:3.1.5:compile
+- io.rsocket:rsocket-core:jar:0.12.2-RC4:compile
|  +- io.netty:netty-buffer:jar:4.1.36.Final:compile
|  |  \- io.netty:netty-common:jar:4.1.36.Final:compile
|  +- io.projectreactor:reactor-core:jar:3.2.9.RELEASE:compile
|  |  \- org.reactivestreams:reactive-streams:jar:1.0.2:compile
|  \- (org.slf4j:slf4j-api:jar:1.7.25:runtime - omitted for conflict with 1.7.5)
\- io.rsocket:rsocket-transport-netty:jar:0.12.2-RC4:compile
   +- (io.rsocket:rsocket-core:jar:0.12.2-RC4:compile - omitted for duplicate)
   \- io.projectreactor.netty:reactor-netty:jar:0.8.8.RELEASE:compile
      +- io.netty:netty-codec-http:jar:4.1.36.Final:compile
      |  +- (io.netty:netty-common:jar:4.1.36.Final:compile - omitted for duplicate)
      |  +- (io.netty:netty-buffer:jar:4.1.36.Final:compile - omitted for duplicate)
      |  +- io.netty:netty-transport:jar:4.1.36.Final:compile
      |  |  +- (io.netty:netty-common:jar:4.1.36.Final:compile - omitted for duplicate)
      |  |  +- (io.netty:netty-buffer:jar:4.1.36.Final:compile - omitted for duplicate)
      |  |  \- io.netty:netty-resolver:jar:4.1.36.Final:compile
      |  |     \- (io.netty:netty-common:jar:4.1.36.Final:compile - omitted for duplicate)
      |  +- io.netty:netty-codec:jar:4.1.36.Final:compile
      |  |  +- (io.netty:netty-common:jar:4.1.36.Final:compile - omitted for duplicate)
      |  |  +- (io.netty:netty-buffer:jar:4.1.36.Final:compile - omitted for duplicate)
      |  |  \- (io.netty:netty-transport:jar:4.1.36.Final:compile - omitted for duplicate)
      |  \- (io.netty:netty-handler:jar:4.1.36.Final:compile - omitted for duplicate)
      +- io.netty:netty-codec-http2:jar:4.1.36.Final:compile
      |  +- (io.netty:netty-common:jar:4.1.36.Final:compile - omitted for duplicate)
      |  +- (io.netty:netty-buffer:jar:4.1.36.Final:compile - omitted for duplicate)
      |  +- (io.netty:netty-transport:jar:4.1.36.Final:compile - omitted for duplicate)
      |  +- (io.netty:netty-codec:jar:4.1.36.Final:compile - omitted for duplicate)
      |  +- (io.netty:netty-handler:jar:4.1.36.Final:compile - omitted for duplicate)
      |  \- (io.netty:netty-codec-http:jar:4.1.36.Final:compile - omitted for duplicate)
      +- io.netty:netty-handler:jar:4.1.36.Final:compile
      |  +- (io.netty:netty-common:jar:4.1.36.Final:compile - omitted for duplicate)
      |  +- (io.netty:netty-buffer:jar:4.1.36.Final:compile - omitted for duplicate)
      |  +- (io.netty:netty-transport:jar:4.1.36.Final:compile - omitted for duplicate)
      |  \- (io.netty:netty-codec:jar:4.1.36.Final:compile - omitted for duplicate)
      +- io.netty:netty-handler-proxy:jar:4.1.36.Final:compile
      |  +- (io.netty:netty-common:jar:4.1.36.Final:compile - omitted for duplicate)
      |  +- (io.netty:netty-buffer:jar:4.1.36.Final:compile - omitted for duplicate)
      |  +- (io.netty:netty-transport:jar:4.1.36.Final:compile - omitted for duplicate)
      |  +- (io.netty:netty-codec:jar:4.1.36.Final:compile - omitted for duplicate)
      |  +- io.netty:netty-codec-socks:jar:4.1.36.Final:compile
      |  |  +- (io.netty:netty-common:jar:4.1.36.Final:compile - omitted for duplicate)
      |  |  +- (io.netty:netty-buffer:jar:4.1.36.Final:compile - omitted for duplicate)
      |  |  +- (io.netty:netty-transport:jar:4.1.36.Final:compile - omitted for duplicate)
      |  |  \- (io.netty:netty-codec:jar:4.1.36.Final:compile - omitted for duplicate)
      |  \- (io.netty:netty-codec-http:jar:4.1.36.Final:compile - omitted for duplicate)
      +- io.netty:netty-transport-native-epoll:jar:linux-x86_64:4.1.36.Final:compile
      |  +- (io.netty:netty-common:jar:4.1.36.Final:compile - omitted for duplicate)
      |  +- (io.netty:netty-buffer:jar:4.1.36.Final:compile - omitted for duplicate)
      |  +- (io.netty:netty-transport:jar:4.1.36.Final:compile - omitted for duplicate)
      |  \- io.netty:netty-transport-native-unix-common:jar:4.1.36.Final:compile
      |     +- (io.netty:netty-common:jar:4.1.36.Final:compile - omitted for duplicate)
      |     +- (io.netty:netty-buffer:jar:4.1.36.Final:compile - omitted for duplicate)
      |     \- (io.netty:netty-transport:jar:4.1.36.Final:compile - omitted for duplicate)
      \- (io.projectreactor:reactor-core:jar:3.2.9.RELEASE:compile - omitted for duplicate)

