WARNING: Your kernel does not support swap limit capabilities or the cgroup is not mounted. Memory limited without swap.
io.vlingo:vlingo-http:jar:1.4.0
+- junit:junit:jar:4.11:test
|  \- org.hamcrest:hamcrest-core:jar:1.3:test
+- org.openjdk.jmh:jmh-core:jar:1.21:test
|  +- net.sf.jopt-simple:jopt-simple:jar:4.6:test
|  \- org.apache.commons:commons-math3:jar:3.2:test
+- org.openjdk.jmh:jmh-generator-annprocess:jar:1.21:test
|  \- (org.openjdk.jmh:jmh-core:jar:1.21:test - omitted for duplicate)
+- ch.qos.logback:logback-classic:jar:1.0.13:test
|  +- ch.qos.logback:logback-core:jar:1.0.13:test
|  \- (org.slf4j:slf4j-api:jar:1.7.5:compile - scope updated from test; omitted for duplicate)
+- io.vlingo:vlingo-common:jar:1.4.0:compile
|  +- com.google.code.gson:gson:jar:2.8.2:compile
|  +- com.fasterxml.uuid:java-uuid-generator:jar:3.1.5:compile
|  +- com.lambdaworks:scrypt:jar:1.4.0:compile
|  +- org.mindrot:jbcrypt:jar:0.4:compile
|  \- de.mkammerer:argon2-jvm:jar:2.4:compile
|     \- net.java.dev.jna:jna:jar:4.5.0:compile
+- io.vlingo:vlingo-actors:jar:1.4.0:compile
|  +- org.slf4j:slf4j-api:jar:1.7.5:compile
|  +- org.agrona:agrona:jar:1.0.2:compile
|  \- (io.vlingo:vlingo-common:jar:1.4.0:compile - omitted for duplicate)
+- io.vlingo:vlingo-wire:jar:1.4.0:compile
|  +- io.projectreactor:reactor-core:jar:3.4.0:compile
|  |  \- org.reactivestreams:reactive-streams:jar:1.0.3:compile
|  +- (io.vlingo:vlingo-actors:jar:1.4.0:compile - omitted for duplicate)
|  +- io.netty:netty-all:jar:4.1.49.Final:compile
|  +- io.rsocket:rsocket-core:jar:1.1.0:compile
|  |  +- io.netty:netty-buffer:jar:4.1.52.Final:compile
|  |  |  \- io.netty:netty-common:jar:4.1.52.Final:compile
|  |  +- (io.projectreactor:reactor-core:jar:3.4.0:compile - omitted for duplicate)
|  |  \- (org.slf4j:slf4j-api:jar:1.7.25:runtime - omitted for conflict with 1.7.5)
|  +- io.rsocket:rsocket-transport-netty:jar:1.1.0:compile
|  |  +- (io.rsocket:rsocket-core:jar:1.1.0:compile - omitted for duplicate)
|  |  +- io.projectreactor.netty:reactor-netty-core:jar:1.0.0:compile
|  |  |  +- io.netty:netty-handler:jar:4.1.53.Final:compile
|  |  |  |  +- (io.netty:netty-common:jar:4.1.53.Final:compile - omitted for conflict with 4.1.52.Final)
|  |  |  |  +- io.netty:netty-resolver:jar:4.1.53.Final:compile
|  |  |  |  |  \- (io.netty:netty-common:jar:4.1.53.Final:compile - omitted for conflict with 4.1.52.Final)
|  |  |  |  +- (io.netty:netty-buffer:jar:4.1.53.Final:compile - omitted for conflict with 4.1.52.Final)
|  |  |  |  +- io.netty:netty-transport:jar:4.1.53.Final:compile
|  |  |  |  |  +- (io.netty:netty-common:jar:4.1.53.Final:compile - omitted for conflict with 4.1.52.Final)
|  |  |  |  |  +- (io.netty:netty-buffer:jar:4.1.53.Final:compile - omitted for conflict with 4.1.52.Final)
|  |  |  |  |  \- (io.netty:netty-resolver:jar:4.1.53.Final:compile - omitted for duplicate)
|  |  |  |  \- io.netty:netty-codec:jar:4.1.53.Final:compile
|  |  |  |     +- (io.netty:netty-common:jar:4.1.53.Final:compile - omitted for conflict with 4.1.52.Final)
|  |  |  |     +- (io.netty:netty-buffer:jar:4.1.53.Final:compile - omitted for conflict with 4.1.52.Final)
|  |  |  |     \- (io.netty:netty-transport:jar:4.1.53.Final:compile - omitted for duplicate)
|  |  |  +- io.netty:netty-handler-proxy:jar:4.1.53.Final:compile
|  |  |  |  +- (io.netty:netty-common:jar:4.1.53.Final:compile - omitted for conflict with 4.1.52.Final)
|  |  |  |  +- (io.netty:netty-buffer:jar:4.1.53.Final:compile - omitted for conflict with 4.1.52.Final)
|  |  |  |  +- (io.netty:netty-transport:jar:4.1.53.Final:compile - omitted for duplicate)
|  |  |  |  +- (io.netty:netty-codec:jar:4.1.53.Final:compile - omitted for duplicate)
|  |  |  |  +- io.netty:netty-codec-socks:jar:4.1.53.Final:compile
|  |  |  |  |  +- (io.netty:netty-common:jar:4.1.53.Final:compile - omitted for conflict with 4.1.52.Final)
|  |  |  |  |  +- (io.netty:netty-buffer:jar:4.1.53.Final:compile - omitted for conflict with 4.1.52.Final)
|  |  |  |  |  +- (io.netty:netty-transport:jar:4.1.53.Final:compile - omitted for duplicate)
|  |  |  |  |  \- (io.netty:netty-codec:jar:4.1.53.Final:compile - omitted for duplicate)
|  |  |  |  \- (io.netty:netty-codec-http:jar:4.1.53.Final:compile - omitted for duplicate)
|  |  |  +- io.netty:netty-resolver-dns:jar:4.1.53.Final:compile
|  |  |  |  +- (io.netty:netty-common:jar:4.1.53.Final:compile - omitted for conflict with 4.1.52.Final)
|  |  |  |  +- (io.netty:netty-buffer:jar:4.1.53.Final:compile - omitted for conflict with 4.1.52.Final)
|  |  |  |  +- (io.netty:netty-resolver:jar:4.1.53.Final:compile - omitted for duplicate)
|  |  |  |  +- (io.netty:netty-transport:jar:4.1.53.Final:compile - omitted for duplicate)
|  |  |  |  +- (io.netty:netty-codec:jar:4.1.53.Final:compile - omitted for duplicate)
|  |  |  |  +- io.netty:netty-codec-dns:jar:4.1.53.Final:compile
|  |  |  |  |  +- (io.netty:netty-common:jar:4.1.53.Final:compile - omitted for conflict with 4.1.52.Final)
|  |  |  |  |  +- (io.netty:netty-buffer:jar:4.1.53.Final:compile - omitted for conflict with 4.1.52.Final)
|  |  |  |  |  +- (io.netty:netty-transport:jar:4.1.53.Final:compile - omitted for duplicate)
|  |  |  |  |  \- (io.netty:netty-codec:jar:4.1.53.Final:compile - omitted for duplicate)
|  |  |  |  \- (io.netty:netty-handler:jar:4.1.53.Final:compile - omitted for duplicate)
|  |  |  +- io.netty:netty-transport-native-epoll:jar:linux-x86_64:4.1.53.Final:compile
|  |  |  |  +- (io.netty:netty-common:jar:4.1.53.Final:compile - omitted for conflict with 4.1.52.Final)
|  |  |  |  +- (io.netty:netty-buffer:jar:4.1.53.Final:compile - omitted for conflict with 4.1.52.Final)
|  |  |  |  +- (io.netty:netty-transport:jar:4.1.53.Final:compile - omitted for duplicate)
|  |  |  |  \- io.netty:netty-transport-native-unix-common:jar:4.1.53.Final:compile
|  |  |  |     +- (io.netty:netty-common:jar:4.1.53.Final:compile - omitted for conflict with 4.1.52.Final)
|  |  |  |     +- (io.netty:netty-buffer:jar:4.1.53.Final:compile - omitted for conflict with 4.1.52.Final)
|  |  |  |     \- (io.netty:netty-transport:jar:4.1.53.Final:compile - omitted for duplicate)
|  |  |  \- (io.projectreactor:reactor-core:jar:3.4.0:compile - omitted for duplicate)
|  |  +- io.projectreactor.netty:reactor-netty-http:jar:1.0.0:compile
|  |  |  +- io.netty:netty-codec-http:jar:4.1.53.Final:compile
|  |  |  |  +- (io.netty:netty-common:jar:4.1.53.Final:compile - omitted for conflict with 4.1.52.Final)
|  |  |  |  +- (io.netty:netty-buffer:jar:4.1.53.Final:compile - omitted for conflict with 4.1.52.Final)
|  |  |  |  +- (io.netty:netty-transport:jar:4.1.53.Final:compile - omitted for duplicate)
|  |  |  |  +- (io.netty:netty-codec:jar:4.1.53.Final:compile - omitted for duplicate)
|  |  |  |  \- (io.netty:netty-handler:jar:4.1.53.Final:compile - omitted for duplicate)
|  |  |  +- io.netty:netty-codec-http2:jar:4.1.53.Final:compile
|  |  |  |  +- (io.netty:netty-common:jar:4.1.53.Final:compile - omitted for conflict with 4.1.52.Final)
|  |  |  |  +- (io.netty:netty-buffer:jar:4.1.53.Final:compile - omitted for conflict with 4.1.52.Final)
|  |  |  |  +- (io.netty:netty-transport:jar:4.1.53.Final:compile - omitted for duplicate)
|  |  |  |  +- (io.netty:netty-codec:jar:4.1.53.Final:compile - omitted for duplicate)
|  |  |  |  +- (io.netty:netty-handler:jar:4.1.53.Final:compile - omitted for duplicate)
|  |  |  |  \- (io.netty:netty-codec-http:jar:4.1.53.Final:compile - omitted for duplicate)
|  |  |  +- (io.netty:netty-resolver-dns:jar:4.1.53.Final:compile - omitted for duplicate)
|  |  |  +- (io.netty:netty-transport-native-epoll:jar:linux-x86_64:4.1.53.Final:compile - omitted for duplicate)
|  |  |  +- (io.projectreactor.netty:reactor-netty-core:jar:1.0.0:compile - omitted for duplicate)
|  |  |  \- (io.projectreactor:reactor-core:jar:3.4.0:compile - omitted for duplicate)
|  |  \- (org.slf4j:slf4j-api:jar:1.7.25:compile - omitted for conflict with 1.7.5)
|  \- io.projectreactor.addons:reactor-extra:jar:3.4.0:compile
|     \- (io.projectreactor:reactor-core:jar:3.4.0:compile - omitted for duplicate)
+- com.sun.activation:javax.activation:jar:1.2.0:compile
\- commons-io:commons-io:jar:2.6:compile

