WARNING: Your kernel does not support swap limit capabilities or the cgroup is not mounted. Memory limited without swap.
GoldenGate:GoldenGateR66:jar:2.3.1
+- GoldenGate:GoldenGateCommon:jar:1.1.11:compile
|  +- (commons-io:commons-io:jar:2.3:compile - omitted for duplicate)
|  +- GoldenGate:GoldenGateDigest:jar:1.0.6:compile
|  |  \- io.netty:netty:jar:3.5.1.Final:compile
|  +- org.slf4j:slf4j-api:jar:1.6.6:compile
|  +- jaxen:jaxen:jar:1.1.3:compile
|  |  +- (jaxen:jaxen:jar:1.1-beta-6:compile - omitted for cycle)
|  |  \- dom4j:dom4j:jar:1.6.1:compile
|  \- org.apache.commons:commons-compress:jar:1.4.1:compile
|     \- org.tukaani:xz:jar:1.0:compile
+- javasysmon:javasysmon:jar:0.3.3:compile
+- Oracle:ojdbc6:jar:6:compile
+- com.h2database:h2:jar:1.3.167:compile
+- postgresql:postgresql:jar:9.1-901-1.jdbc4:compile
+- mysql:mysql-connector-java:jar:5.1.20:compile
+- commons-io:commons-io:jar:2.3:compile
+- commons-codec:commons-codec:jar:1.6:compile
+- GoldenGate:GoldenGateExec:jar:1.0.6:compile
|  +- (GoldenGate:GoldenGateCommon:jar:1.1.11:compile - omitted for duplicate)
|  \- org.apache.commons:commons-exec:jar:1.1:compile
+- GoldenGate:GoldenGateSnmp:jar:1.0.5:compile
|  +- org.snmp4j:snmp4j:jar:2.0.3:compile
|  |  \- log4j:log4j:jar:1.2.14:compile
|  +- org.snmp4j:snmp4j-agent:jar:2.0.5:compile
|  |  +- (log4j:log4j:jar:1.2.14:compile - omitted for duplicate)
|  |  \- (org.snmp4j:snmp4j:jar:2.0.3:compile - omitted for duplicate)
|  \- (GoldenGate:GoldenGateCommon:jar:1.1.11:compile - omitted for duplicate)
+- ch.qos.logback:logback-access:jar:1.0.3:compile
|  \- (ch.qos.logback:logback-core:jar:1.0.3:compile - omitted for duplicate)
+- ch.qos.logback:logback-classic:jar:1.0.3:compile
|  +- (ch.qos.logback:logback-core:jar:1.0.3:compile - omitted for duplicate)
|  \- (org.slf4j:slf4j-api:jar:1.6.4:compile - omitted for conflict with 1.6.6)
\- ch.qos.logback:logback-core:jar:1.0.3:compile

