WARNING: Your kernel does not support swap limit capabilities or the cgroup is not mounted. Memory limited without swap.
com.github.xeroapi:xero-java:jar:3.0.0-beta-8
+- com.auth0:java-jwt:jar:3.8.1:compile
|  +- (com.fasterxml.jackson.core:jackson-databind:jar:2.9.9:runtime - omitted for duplicate)
|  \- (commons-codec:commons-codec:jar:1.12:compile - scope updated from runtime; omitted for duplicate)
+- com.google.api-client:google-api-client:jar:1.23.0:compile
|  +- com.google.oauth-client:google-oauth-client:jar:1.23.0:compile
|  |  +- com.google.http-client:google-http-client:jar:1.23.0:compile
|  |  |  +- (com.google.code.findbugs:jsr305:jar:1.3.9:compile - omitted for duplicate)
|  |  |  \- org.apache.httpcomponents:httpclient:jar:4.0.1:compile
|  |  |     +- org.apache.httpcomponents:httpcore:jar:4.0.1:compile
|  |  |     +- commons-logging:commons-logging:jar:1.1.1:compile
|  |  |     \- commons-codec:commons-codec:jar:1.12:compile
|  |  \- com.google.code.findbugs:jsr305:jar:1.3.9:compile
|  +- com.google.http-client:google-http-client-jackson2:jar:1.23.0:compile
|  |  +- (com.google.http-client:google-http-client:jar:1.23.0:compile - omitted for duplicate)
|  |  \- (com.fasterxml.jackson.core:jackson-core:jar:2.9.9:compile - omitted for duplicate)
|  \- com.google.guava:guava-jdk5:jar:17.0:compile
+- com.googlecode.json-simple:json-simple:jar:1.1.1:compile
|  \- (junit:junit:jar:4.10:compile - omitted for conflict with 4.12)
+- commons-io:commons-io:jar:2.5:compile
+- javax.servlet:javax.servlet-api:jar:3.0.1:compile
+- org.mockito:mockito-core:jar:2.8.47:test
|  +- net.bytebuddy:byte-buddy:jar:1.6.14:test
|  +- net.bytebuddy:byte-buddy-agent:jar:1.6.14:test
|  \- org.objenesis:objenesis:jar:2.5:test
+- org.hamcrest:hamcrest-all:jar:1.3:test
+- org.apache.logging.log4j:log4j-api:jar:2.11.0:compile
+- org.apache.logging.log4j:log4j-core:jar:2.11.0:compile
|  \- (org.apache.logging.log4j:log4j-api:jar:2.11.0:compile - omitted for duplicate)
+- com.fasterxml.jackson.core:jackson-core:jar:2.9.9:compile
+- com.fasterxml.jackson.core:jackson-annotations:jar:2.9.9:compile
+- com.fasterxml.jackson.core:jackson-databind:jar:2.9.9:compile
|  +- (com.fasterxml.jackson.core:jackson-annotations:jar:2.9.0:compile - omitted for conflict with 2.9.9)
|  \- (com.fasterxml.jackson.core:jackson-core:jar:2.9.9:compile - omitted for duplicate)
+- com.github.joschi.jackson:jackson-datatype-threetenbp:jar:2.6.4:compile
|  +- org.threeten:threetenbp:jar:1.3.1:compile
|  +- (com.fasterxml.jackson.core:jackson-core:jar:2.6.4:compile - omitted for conflict with 2.9.9)
|  \- (com.fasterxml.jackson.core:jackson-databind:jar:2.6.4:compile - omitted for conflict with 2.9.9)
+- io.swagger:swagger-annotations:jar:1.5.17:compile
+- org.glassfish.jersey.core:jersey-client:jar:2.27:compile
|  +- javax.ws.rs:javax.ws.rs-api:jar:2.1:compile
|  +- org.glassfish.jersey.core:jersey-common:jar:2.27:compile
|  |  +- (javax.ws.rs:javax.ws.rs-api:jar:2.1:compile - omitted for duplicate)
|  |  +- javax.annotation:javax.annotation-api:jar:1.2:compile
|  |  +- (org.glassfish.hk2.external:javax.inject:jar:2.5.0-b42:compile - omitted for duplicate)
|  |  \- org.glassfish.hk2:osgi-resource-locator:jar:1.0.1:compile
|  \- org.glassfish.hk2.external:javax.inject:jar:2.5.0-b42:compile
+- org.glassfish.jersey.media:jersey-media-multipart:jar:2.27:compile
|  +- (org.glassfish.jersey.core:jersey-common:jar:2.27:compile - omitted for duplicate)
|  \- org.jvnet.mimepull:mimepull:jar:1.9.6:compile
+- org.glassfish.jersey.media:jersey-media-json-jackson:jar:2.27:compile
|  +- (org.glassfish.jersey.core:jersey-common:jar:2.27:compile - omitted for duplicate)
|  +- org.glassfish.jersey.ext:jersey-entity-filtering:jar:2.27:compile
|  |  \- (javax.ws.rs:javax.ws.rs-api:jar:2.1:compile - omitted for duplicate)
|  +- (com.fasterxml.jackson.core:jackson-annotations:jar:2.8.10:compile - omitted for conflict with 2.9.9)
|  +- (com.fasterxml.jackson.core:jackson-databind:jar:2.8.10:compile - omitted for conflict with 2.9.9)
|  \- com.fasterxml.jackson.module:jackson-module-jaxb-annotations:jar:2.8.10:compile
|     +- (com.fasterxml.jackson.core:jackson-core:jar:2.8.10:compile - omitted for conflict with 2.9.9)
|     +- (com.fasterxml.jackson.core:jackson-annotations:jar:2.8.0:compile - omitted for conflict with 2.9.9)
|     \- (com.fasterxml.jackson.core:jackson-databind:jar:2.8.10:compile - omitted for conflict with 2.9.9)
+- com.brsanthu:migbase64:jar:2.2:compile
\- junit:junit:jar:4.12:test (scope not updated to compile)
   \- org.hamcrest:hamcrest-core:jar:1.3:test

