WARNING: Your kernel does not support swap limit capabilities or the cgroup is not mounted. Memory limited without swap.
com.xero:xero-java-sdk:jar:1.0.0-beta-4
+- com.google.oauth-client:google-oauth-client:jar:1.20.0:compile
|  +- com.google.http-client:google-http-client:jar:1.20.0:compile
|  |  +- (com.google.code.findbugs:jsr305:jar:1.3.9:compile - omitted for duplicate)
|  |  \- (org.apache.httpcomponents:httpclient:jar:4.0.1:compile - omitted for conflict with 4.5.3)
|  \- com.google.code.findbugs:jsr305:jar:1.3.9:compile
+- com.googlecode.json-simple:json-simple:jar:1.1.1:compile
|  \- (junit:junit:jar:4.10:compile - omitted for conflict with 4.12)
+- commons-io:commons-io:jar:2.5:compile
+- com.xero:xero-accounting-api-schema:jar:0.1.2:compile
+- javax.servlet:javax.servlet-api:jar:3.0.1:compile
+- org.mockito:mockito-core:jar:2.8.47:test
|  +- net.bytebuddy:byte-buddy:jar:1.6.14:test
|  +- net.bytebuddy:byte-buddy-agent:jar:1.6.14:test
|  \- org.objenesis:objenesis:jar:2.5:test
+- junit:junit:jar:4.12:test (scope not updated to compile)
|  \- org.hamcrest:hamcrest-core:jar:1.3:test
+- org.apache.httpcomponents:httpclient:jar:4.5.3:compile
|  +- org.apache.httpcomponents:httpcore:jar:4.4.6:compile
|  +- commons-logging:commons-logging:jar:1.2:compile
|  \- commons-codec:commons-codec:jar:1.9:compile
\- log4j:log4j:jar:1.2.17:compile

