WARNING: Your kernel does not support swap limit capabilities or the cgroup is not mounted. Memory limited without swap.
OpenJDK 64-Bit Server VM warning: Insufficient space for shared memory file:
   200
Try using the -Djava.io.tmpdir= option to select an alternate temp location.

Traceback (most recent call last):
  File "/home/jdbl/core/Debloat.py", line 80, in depClean
    output = subprocess.check_output(cmd, shell=True)
  File "/usr/lib/python3.7/subprocess.py", line 395, in check_output
    **kwargs).stdout
  File "/usr/lib/python3.7/subprocess.py", line 487, in run
    output=stdout, stderr=stderr)
subprocess.CalledProcessError: Command 'cd /tmp/tmp38l5p7ub/Xero-Java; mvn -gs /home/jdbl/core/../maven-proxy.xml se.kth.castor:depclean-maven-plugin:1.1.0:depclean -Dcreate.pom.debloated=true -Dcreate.result.json=true > /home/jdbl/results/XeroAPI_Xero-Java/58504e5a9152140acb4ecbf380cb9f22458cb27d/depClean.log 2>&1' returned non-zero exit status 1.
[ERROR] Command 'cd /tmp/tmp38l5p7ub/Xero-Java; mvn -gs /home/jdbl/core/../maven-proxy.xml se.kth.castor:depclean-maven-plugin:1.1.0:depclean -Dcreate.pom.debloated=true -Dcreate.result.json=true > /home/jdbl/results/XeroAPI_Xero-Java/58504e5a9152140acb4ecbf380cb9f22458cb27d/depClean.log 2>&1' returned non-zero exit status 1.
com.xero:xero-java-sdk:jar:0.4.8
+- com.google.oauth-client:google-oauth-client:jar:1.20.0:compile
|  +- com.google.http-client:google-http-client:jar:1.20.0:compile
|  |  +- (com.google.code.findbugs:jsr305:jar:1.3.9:compile - omitted for duplicate)
|  |  \- org.apache.httpcomponents:httpclient:jar:4.0.1:compile
|  |     +- org.apache.httpcomponents:httpcore:jar:4.0.1:compile
|  |     +- commons-logging:commons-logging:jar:1.1.1:compile
|  |     \- commons-codec:commons-codec:jar:1.3:compile
|  \- com.google.code.findbugs:jsr305:jar:1.3.9:compile
+- com.googlecode.json-simple:json-simple:jar:1.1.1:compile
|  \- junit:junit:jar:4.10:compile
|     \- org.hamcrest:hamcrest-core:jar:1.1:compile
+- commons-io:commons-io:jar:2.5:compile
\- com.xero:xero-accounting-api-schema:jar:0.0.7:compile

