WARNING: Your kernel does not support swap limit capabilities or the cgroup is not mounted. Memory limited without swap.
pl.polskistevek:EpicGuard:jar:2.2.0
+- org.spigotmc:spigot-api:jar:1.15-R0.1-SNAPSHOT:provided
|  +- commons-lang:commons-lang:jar:2.6:provided
|  +- com.google.guava:guava:jar:21.0:provided
|  +- com.google.code.gson:gson:jar:2.8.0:provided
|  +- net.md-5:bungeecord-chat:jar:1.13-SNAPSHOT:provided
|  |  +- (com.google.code.gson:gson:jar:2.8.0:provided - omitted for duplicate)
|  |  \- (com.google.guava:guava:jar:20.0:provided - omitted for conflict with 21.0)
|  \- org.yaml:snakeyaml:jar:1.25:provided
+- net.md-5:bungeecord-api:jar:1.14-SNAPSHOT:provided
|  +- (net.md-5:bungeecord-chat:jar:1.14-SNAPSHOT:provided - omitted for conflict with 1.13-SNAPSHOT)
|  +- net.md-5:bungeecord-config:jar:1.14-SNAPSHOT:provided
|  |  +- (org.yaml:snakeyaml:jar:1.25:provided - omitted for duplicate)
|  |  \- (com.google.guava:guava:jar:20.0:provided - omitted for conflict with 21.0)
|  +- net.md-5:bungeecord-event:jar:1.14-SNAPSHOT:provided
|  |  \- (com.google.guava:guava:jar:20.0:provided - omitted for conflict with 21.0)
|  +- net.md-5:bungeecord-protocol:jar:1.14-SNAPSHOT:provided
|  |  +- net.md-5:brigadier:jar:1.0.16-SNAPSHOT:provided
|  |  +- (net.md-5:bungeecord-chat:jar:1.14-SNAPSHOT:provided - omitted for conflict with 1.13-SNAPSHOT)
|  |  +- io.netty:netty-codec:jar:4.1.43.Final:provided
|  |  |  +- io.netty:netty-common:jar:4.1.43.Final:provided
|  |  |  +- io.netty:netty-buffer:jar:4.1.43.Final:provided
|  |  |  |  \- (io.netty:netty-common:jar:4.1.43.Final:provided - omitted for duplicate)
|  |  |  \- io.netty:netty-transport:jar:4.1.43.Final:provided
|  |  |     +- (io.netty:netty-common:jar:4.1.43.Final:provided - omitted for duplicate)
|  |  |     +- (io.netty:netty-buffer:jar:4.1.43.Final:provided - omitted for duplicate)
|  |  |     \- io.netty:netty-resolver:jar:4.1.43.Final:provided
|  |  |        \- (io.netty:netty-common:jar:4.1.43.Final:provided - omitted for duplicate)
|  |  +- net.sf.trove4j:core:jar:3.1.0:provided
|  |  \- (com.google.guava:guava:jar:20.0:provided - omitted for conflict with 21.0)
|  \- (com.google.guava:guava:jar:20.0:provided - omitted for conflict with 21.0)
\- com.maxmind.geoip2:geoip2:jar:2.12.0:compile
   +- com.maxmind.db:maxmind-db:jar:1.2.2:compile
   |  \- (com.fasterxml.jackson.core:jackson-databind:jar:2.7.9:compile - omitted for conflict with 2.9.5)
   +- org.apache.httpcomponents:httpclient:jar:4.5.5:compile
   |  +- org.apache.httpcomponents:httpcore:jar:4.4.9:compile
   |  +- commons-logging:commons-logging:jar:1.2:compile
   |  \- commons-codec:commons-codec:jar:1.10:compile
   +- com.fasterxml.jackson.core:jackson-databind:jar:2.9.5:compile
   |  +- (com.fasterxml.jackson.core:jackson-annotations:jar:2.9.0:compile - omitted for conflict with 2.9.5)
   |  \- (com.fasterxml.jackson.core:jackson-core:jar:2.9.5:compile - omitted for duplicate)
   +- com.fasterxml.jackson.core:jackson-core:jar:2.9.5:compile
   \- com.fasterxml.jackson.core:jackson-annotations:jar:2.9.5:compile

