WARNING: Your kernel does not support swap limit capabilities or the cgroup is not mounted. Memory limited without swap.
Traceback (most recent call last):
  File "/home/jdbl/core/Debloat.py", line 80, in depClean
    output = subprocess.check_output(cmd, shell=True)
  File "/usr/lib/python3.7/subprocess.py", line 395, in check_output
    **kwargs).stdout
  File "/usr/lib/python3.7/subprocess.py", line 487, in run
    output=stdout, stderr=stderr)
subprocess.CalledProcessError: Command 'cd /tmp/tmpp6oqiu0t/EpicGuard; mvn -gs /home/jdbl/core/../maven-proxy.xml se.kth.castor:depclean-maven-plugin:1.1.0:depclean -Dcreate.pom.debloated=true -Dcreate.result.json=true > /home/jdbl/results/xishift_EpicGuard/f99a77207ac9075bdb767033d01a940512c8f9c4/depClean.log 2>&1' returned non-zero exit status 1.
[ERROR] Command 'cd /tmp/tmpp6oqiu0t/EpicGuard; mvn -gs /home/jdbl/core/../maven-proxy.xml se.kth.castor:depclean-maven-plugin:1.1.0:depclean -Dcreate.pom.debloated=true -Dcreate.result.json=true > /home/jdbl/results/xishift_EpicGuard/f99a77207ac9075bdb767033d01a940512c8f9c4/depClean.log 2>&1' returned non-zero exit status 1.
[ERROR] Failed to execute goal on project epicguard-bukkit: Could not resolve dependencies for project me.xneox:epicguard-bukkit:jar:5.2.0: Failure to find me.xneox:epicguard-core:jar:5.2.0 in https://hub.spigotmc.org/nexus/content/repositories/snapshots/ was cached in the local repository, resolution will not be reattempted until the update interval of spigot-repo has elapsed or updates are forced -> [Help 1]
[ERROR] 
[ERROR] To see the full stack trace of the errors, re-run Maven with the -e switch.
[ERROR] Re-run Maven using the -X switch to enable full debug logging.
[ERROR] 
[ERROR] For more information about the errors and possible solutions, please read the following articles:
[ERROR] [Help 1] http://cwiki.apache.org/confluence/display/MAVEN/DependencyResolutionException
[ERROR] 
[ERROR] After correcting the problems, you can resume the build with the command
[ERROR]   mvn <args> -rf :epicguard-bukkit
me.xneox:EpicGuard:pom:5.2.0

list index out of range
