WARNING: Your kernel does not support swap limit capabilities or the cgroup is not mounted. Memory limited without swap.
me.ishift:EpicGuard:jar:3.10.0
+- org.spigotmc:spigot-api:jar:1.15.2-R0.1-SNAPSHOT:provided
|  +- commons-lang:commons-lang:jar:2.6:provided
|  +- com.google.guava:guava:jar:21.0:provided
|  +- com.google.code.gson:gson:jar:2.8.0:provided
|  +- net.md-5:bungeecord-chat:jar:1.15-SNAPSHOT:provided
|  |  +- (com.google.code.gson:gson:jar:2.8.0:provided - omitted for duplicate)
|  |  \- (com.google.guava:guava:jar:21.0:provided - omitted for duplicate)
|  \- org.yaml:snakeyaml:jar:1.25:provided
+- net.md-5:bungeecord-api:jar:1.15-SNAPSHOT:provided
|  +- (net.md-5:bungeecord-chat:jar:1.15-SNAPSHOT:provided - omitted for duplicate)
|  +- net.md-5:bungeecord-config:jar:1.15-SNAPSHOT:provided
|  |  \- (com.google.guava:guava:jar:21.0:provided - omitted for duplicate)
|  +- net.md-5:bungeecord-event:jar:1.15-SNAPSHOT:provided
|  |  \- (com.google.guava:guava:jar:21.0:provided - omitted for duplicate)
|  +- net.md-5:bungeecord-protocol:jar:1.15-SNAPSHOT:provided
|  |  +- net.md-5:brigadier:jar:1.0.16-SNAPSHOT:provided
|  |  +- (net.md-5:bungeecord-chat:jar:1.15-SNAPSHOT:provided - omitted for duplicate)
|  |  +- io.netty:netty-codec:jar:4.1.49.Final:provided
|  |  |  +- (io.netty:netty-common:jar:4.1.49.Final:provided - omitted for duplicate)
|  |  |  +- (io.netty:netty-buffer:jar:4.1.49.Final:provided - omitted for duplicate)
|  |  |  \- (io.netty:netty-transport:jar:4.1.49.Final:provided - omitted for duplicate)
|  |  +- net.sf.trove4j:core:jar:3.1.0:provided
|  |  \- (com.google.guava:guava:jar:21.0:provided - omitted for duplicate)
|  +- io.netty:netty-transport-native-unix-common:jar:4.1.49.Final:provided
|  |  +- io.netty:netty-common:jar:4.1.49.Final:provided
|  |  +- io.netty:netty-buffer:jar:4.1.49.Final:provided
|  |  |  \- (io.netty:netty-common:jar:4.1.49.Final:provided - omitted for duplicate)
|  |  \- io.netty:netty-transport:jar:4.1.49.Final:provided
|  |     +- (io.netty:netty-common:jar:4.1.49.Final:provided - omitted for duplicate)
|  |     +- (io.netty:netty-buffer:jar:4.1.49.Final:provided - omitted for duplicate)
|  |     \- io.netty:netty-resolver:jar:4.1.49.Final:provided
|  |        \- (io.netty:netty-common:jar:4.1.49.Final:provided - omitted for duplicate)
|  +- (org.yaml:snakeyaml:jar:1.25:provided - omitted for duplicate)
|  \- (com.google.guava:guava:jar:21.0:provided - omitted for duplicate)
+- com.maxmind.geoip2:geoip2:jar:2.13.1:compile
|  +- com.maxmind.db:maxmind-db:jar:1.3.1:compile
|  |  \- (com.fasterxml.jackson.core:jackson-databind:jar:2.10.3:compile - omitted for duplicate)
|  +- org.apache.httpcomponents:httpclient:jar:4.5.11:compile
|  |  +- org.apache.httpcomponents:httpcore:jar:4.4.13:compile
|  |  +- commons-logging:commons-logging:jar:1.2:compile
|  |  \- commons-codec:commons-codec:jar:1.11:compile
|  +- com.fasterxml.jackson.core:jackson-databind:jar:2.10.3:compile
|  |  +- (com.fasterxml.jackson.core:jackson-annotations:jar:2.10.3:compile - omitted for duplicate)
|  |  \- (com.fasterxml.jackson.core:jackson-core:jar:2.10.3:compile - omitted for duplicate)
|  +- com.fasterxml.jackson.core:jackson-core:jar:2.10.3:compile
|  \- com.fasterxml.jackson.core:jackson-annotations:jar:2.10.3:compile
+- com.github.JavaFactoryDev:LightningStorage:jar:3.0.7:compile
|  +- com.esotericsoftware.yamlbeans:yamlbeans:jar:1.13:compile
|  +- org.json:json:jar:20190722:compile
|  \- org.jetbrains:annotations:jar:18.0.0:compile
+- org.apache.logging.log4j:log4j-core:jar:2.13.1:provided
|  \- org.apache.logging.log4j:log4j-api:jar:2.13.1:provided
\- com.comphenix.protocol:ProtocolLib:jar:4.5.0:provided
   +- cglib:cglib-nodep:jar:3.2.5:provided
   \- com.comphenix.executors:BukkitExecutors:jar:1.1-SNAPSHOT:provided

