WARNING: Your kernel does not support swap limit capabilities or the cgroup is not mounted. Memory limited without swap.
io.jboot:jboot:jar:2.0.6
+- com.jfinal:jfinal:jar:3.8:compile
|  \- cglib:cglib-nodep:jar:3.2.5:compile
+- com.jfinal:cos:jar:2017.5:compile
+- com.jfinal:jfinal-weixin:jar:2.3:compile
+- com.jfinal:jfinal-undertow:jar:1.6:compile
|  +- io.undertow:undertow-core:jar:2.0.19.Final:compile
|  |  +- org.jboss.logging:jboss-logging:jar:3.3.1.Final:compile
|  |  +- org.jboss.xnio:xnio-api:jar:3.3.8.Final:compile
|  |  \- org.jboss.xnio:xnio-nio:jar:3.3.8.Final:runtime
|  |     \- (org.jboss.xnio:xnio-api:jar:3.3.8.Final:runtime - omitted for duplicate)
|  +- io.undertow:undertow-servlet:jar:2.0.19.Final:compile
|  |  \- (io.undertow:undertow-core:jar:2.0.19.Final:compile - omitted for duplicate)
|  \- javax.servlet:javax.servlet-api:jar:4.0.1:compile
+- com.zaxxer:HikariCP:jar:3.3.1:compile
|  \- (org.slf4j:slf4j-api:jar:1.7.25:compile - omitted for duplicate)
+- com.alibaba:druid:jar:1.1.16:provided
+- mysql:mysql-connector-java:jar:5.1.47:compile
+- junit:junit:jar:4.12:provided
|  \- org.hamcrest:hamcrest-core:jar:1.3:provided
+- io.undertow:undertow-websockets-jsr:jar:2.0.19.Final:compile
|  +- (io.undertow:undertow-core:jar:2.0.19.Final:compile - omitted for duplicate)
|  +- (io.undertow:undertow-servlet:jar:2.0.19.Final:compile - omitted for duplicate)
|  \- org.jboss.spec.javax.websocket:jboss-websocket-api_1.1_spec:jar:1.1.3.Final:compile
+- com.weibo:motan-core:jar:1.1.3:provided
|  +- commons-pool:commons-pool:jar:1.6:provided
|  +- com.caucho:hessian:jar:4.0.38:provided
|  +- (com.alibaba:fastjson:jar:1.2.49:provided - omitted for conflict with 1.2.56)
|  +- com.codahale.metrics:metrics-core:jar:3.0.1:provided
|  |  \- (org.slf4j:slf4j-api:jar:1.7.5:provided - omitted for conflict with 1.7.25)
|  +- (com.google.guava:guava:jar:18.0:provided - omitted for conflict with 27.1-jre)
|  +- com.squareup:javapoet:jar:1.8.0:provided
|  +- (org.slf4j:slf4j-api:jar:1.5.8:provided - omitted for conflict with 1.7.25)
|  +- (org.apache.commons:commons-lang3:jar:3.1:compile - scope updated from provided; omitted for duplicate)
|  \- commons-codec:commons-codec:jar:1.4:provided
+- com.weibo:motan-transport-netty4:jar:1.1.3:provided
|  +- (com.weibo:motan-core:jar:1.1.3:provided - omitted for duplicate)
|  +- io.netty:netty-all:jar:4.1.16.Final:provided
|  +- (org.slf4j:slf4j-api:jar:1.5.8:provided - omitted for conflict with 1.7.25)
|  +- (org.apache.commons:commons-lang3:jar:3.1:provided - omitted for duplicate)
|  \- (commons-codec:commons-codec:jar:1.4:provided - omitted for duplicate)
+- com.weibo:motan-registry-consul:jar:1.1.3:provided
|  +- (com.weibo:motan-core:jar:1.1.3:provided - omitted for duplicate)
|  +- com.ecwid.consul:consul-api:jar:1.3.0:provided
|  |  +- com.google.code.gson:gson:jar:2.8.2:provided
|  |  +- org.apache.httpcomponents:httpcore:jar:4.4.8:provided
|  |  \- (org.apache.httpcomponents:httpclient:jar:4.5.3:provided - omitted for conflict with 4.5.4)
|  +- (org.slf4j:slf4j-api:jar:1.5.8:provided - omitted for conflict with 1.7.25)
|  +- (org.apache.commons:commons-lang3:jar:3.1:provided - omitted for duplicate)
|  \- (commons-codec:commons-codec:jar:1.4:provided - omitted for duplicate)
+- com.weibo:motan-registry-zookeeper:jar:1.1.3:provided
|  +- (com.weibo:motan-core:jar:1.1.3:provided - omitted for duplicate)
|  +- (org.apache.zookeeper:zookeeper:jar:3.4.8:compile - scope updated from provided; omitted for duplicate)
|  +- (com.101tec:zkclient:jar:0.3:provided - omitted for conflict with 0.11)
|  +- (org.slf4j:slf4j-api:jar:1.5.8:provided - omitted for conflict with 1.7.25)
|  +- (org.apache.commons:commons-lang3:jar:3.1:provided - omitted for duplicate)
|  \- (commons-codec:commons-codec:jar:1.4:provided - omitted for duplicate)
+- org.slf4j:slf4j-api:jar:1.7.25:compile
+- com.alibaba:fastjson:jar:1.2.56:compile
+- com.google.guava:guava:jar:27.1-jre:compile
|  +- com.google.guava:failureaccess:jar:1.0.1:compile
|  +- com.google.guava:listenablefuture:jar:9999.0-empty-to-avoid-conflict-with-guava:compile
|  +- com.google.code.findbugs:jsr305:jar:3.0.2:compile
|  +- org.checkerframework:checker-qual:jar:2.5.2:compile
|  +- com.google.errorprone:error_prone_annotations:jar:2.2.0:compile
|  +- com.google.j2objc:j2objc-annotations:jar:1.1:compile
|  \- org.codehaus.mojo:animal-sniffer-annotations:jar:1.17:compile
+- it.sauronsoftware.cron4j:cron4j:jar:2.2.5:compile
+- redis.clients:jedis:jar:2.10.1:compile
|  +- (org.slf4j:slf4j-api:jar:1.7.22:compile - omitted for conflict with 1.7.25)
|  \- org.apache.commons:commons-pool2:jar:2.4.3:compile
+- io.lettuce:lettuce-core:jar:5.1.4.RELEASE:provided
|  +- io.netty:netty-common:jar:4.1.33.Final:provided
|  +- io.netty:netty-handler:jar:4.1.33.Final:provided
|  |  +- (io.netty:netty-common:jar:4.1.33.Final:provided - omitted for duplicate)
|  |  +- io.netty:netty-buffer:jar:4.1.33.Final:provided
|  |  |  \- (io.netty:netty-common:jar:4.1.33.Final:provided - omitted for duplicate)
|  |  +- (io.netty:netty-transport:jar:4.1.33.Final:provided - omitted for duplicate)
|  |  \- io.netty:netty-codec:jar:4.1.33.Final:provided
|  |     +- (io.netty:netty-common:jar:4.1.33.Final:provided - omitted for duplicate)
|  |     +- (io.netty:netty-buffer:jar:4.1.33.Final:provided - omitted for duplicate)
|  |     \- (io.netty:netty-transport:jar:4.1.33.Final:provided - omitted for duplicate)
|  +- io.netty:netty-transport:jar:4.1.33.Final:provided
|  |  +- (io.netty:netty-common:jar:4.1.33.Final:provided - omitted for duplicate)
|  |  +- (io.netty:netty-buffer:jar:4.1.33.Final:provided - omitted for duplicate)
|  |  \- io.netty:netty-resolver:jar:4.1.33.Final:provided
|  |     \- (io.netty:netty-common:jar:4.1.33.Final:provided - omitted for duplicate)
|  \- io.projectreactor:reactor-core:jar:3.2.6.RELEASE:provided
|     \- (org.reactivestreams:reactive-streams:jar:1.0.2:provided - omitted for duplicate)
+- com.esotericsoftware:kryo:jar:4.0.2:provided
|  +- com.esotericsoftware:reflectasm:jar:1.11.3:provided
|  |  \- org.ow2.asm:asm:jar:5.0.4:provided
|  +- com.esotericsoftware:minlog:jar:1.3.0:provided
|  \- (org.objenesis:objenesis:jar:2.5.1:compile - scope updated from provided; omitted for duplicate)
+- com.aliyun.openservices:ons-client:jar:1.8.0.Final:provided
|  \- (org.slf4j:slf4j-api:jar:1.7.7:provided - omitted for conflict with 1.7.25)
+- com.rabbitmq:amqp-client:jar:5.0.0:provided
|  \- (org.slf4j:slf4j-api:jar:1.7.25:provided - omitted for duplicate)
+- de.ruedigermoeller:fst:jar:2.57:compile
|  +- com.fasterxml.jackson.core:jackson-core:jar:2.8.8:compile
|  +- org.javassist:javassist:jar:3.21.0-GA:compile
|  \- org.objenesis:objenesis:jar:2.5.1:compile
+- org.jsoup:jsoup:jar:1.11.3:compile
+- net.sf.ehcache:ehcache:jar:2.10.6:compile
|  \- (org.slf4j:slf4j-api:jar:1.7.25:compile - omitted for duplicate)
+- io.dropwizard.metrics:metrics-core:jar:4.0.5:compile
|  \- (org.slf4j:slf4j-api:jar:1.7.25:compile - omitted for duplicate)
+- io.shardingsphere:sharding-jdbc-core:jar:3.1.0:compile
|  +- io.shardingsphere:sharding-core:jar:3.1.0:compile
|  |  +- org.codehaus.groovy:groovy:jar:indy:2.4.5:compile
|  |  +- org.yaml:snakeyaml:jar:1.16:compile
|  |  +- org.antlr:antlr4:jar:4.7.1:compile
|  |  |  +- org.antlr:antlr4-runtime:jar:4.7.1:compile
|  |  |  +- org.antlr:antlr-runtime:jar:3.5.2:compile
|  |  |  +- org.antlr:ST4:jar:4.0.8:compile
|  |  |  |  \- (org.antlr:antlr-runtime:jar:3.5.2:compile - omitted for duplicate)
|  |  |  +- org.abego.treelayout:org.abego.treelayout.core:jar:1.0.3:compile
|  |  |  +- org.glassfish:javax.json:jar:1.0.4:compile
|  |  |  \- com.ibm.icu:icu4j:jar:58.2:compile
|  |  +- (com.google.guava:guava:jar:18.0:compile - omitted for conflict with 27.1-jre)
|  |  +- (org.slf4j:slf4j-api:jar:1.7.7:compile - omitted for conflict with 1.7.25)
|  |  \- (org.slf4j:jcl-over-slf4j:jar:1.7.7:compile - omitted for duplicate)
|  +- io.shardingsphere:sharding-transaction-core:jar:3.1.0:compile
|  |  +- (io.shardingsphere:sharding-core:jar:3.1.0:compile - omitted for duplicate)
|  |  +- (com.google.guava:guava:jar:18.0:compile - omitted for conflict with 27.1-jre)
|  |  +- (org.slf4j:slf4j-api:jar:1.7.7:compile - omitted for conflict with 1.7.25)
|  |  \- (org.slf4j:jcl-over-slf4j:jar:1.7.7:compile - omitted for duplicate)
|  +- (com.google.guava:guava:jar:18.0:compile - omitted for conflict with 27.1-jre)
|  +- (org.slf4j:slf4j-api:jar:1.7.7:compile - omitted for conflict with 1.7.25)
|  \- org.slf4j:jcl-over-slf4j:jar:1.7.7:compile
|     \- (org.slf4j:slf4j-api:jar:1.7.7:compile - omitted for conflict with 1.7.25)
+- io.dropwizard.metrics:metrics-graphite:jar:4.0.5:provided
|  +- (io.dropwizard.metrics:metrics-core:jar:4.0.5:provided - omitted for duplicate)
|  +- (com.rabbitmq:amqp-client:jar:4.4.1:provided - omitted for conflict with 5.0.0)
|  \- (org.slf4j:slf4j-api:jar:1.7.25:provided - omitted for duplicate)
+- io.dropwizard.metrics:metrics-servlets:jar:4.0.5:compile
|  +- (io.dropwizard.metrics:metrics-core:jar:4.0.5:compile - omitted for duplicate)
|  +- io.dropwizard.metrics:metrics-healthchecks:jar:4.0.5:compile
|  |  \- (org.slf4j:slf4j-api:jar:1.7.25:compile - omitted for duplicate)
|  +- io.dropwizard.metrics:metrics-json:jar:4.0.5:compile
|  |  +- (io.dropwizard.metrics:metrics-core:jar:4.0.5:compile - omitted for duplicate)
|  |  +- (com.fasterxml.jackson.core:jackson-databind:jar:2.9.5:compile - omitted for duplicate)
|  |  \- (org.slf4j:slf4j-api:jar:1.7.25:compile - omitted for duplicate)
|  +- io.dropwizard.metrics:metrics-jvm:jar:4.0.5:compile
|  |  +- (io.dropwizard.metrics:metrics-core:jar:4.0.5:compile - omitted for duplicate)
|  |  \- (org.slf4j:slf4j-api:jar:1.7.25:compile - omitted for duplicate)
|  +- com.papertrail:profiler:jar:1.0.2:compile
|  |  \- joda-time:joda-time:jar:2.9.1:compile
|  +- com.fasterxml.jackson.core:jackson-databind:jar:2.9.5:compile
|  |  +- (com.fasterxml.jackson.core:jackson-annotations:jar:2.9.0:compile - omitted for conflict with 2.9.5)
|  |  \- (com.fasterxml.jackson.core:jackson-core:jar:2.9.5:compile - omitted for conflict with 2.8.8)
|  \- (org.slf4j:slf4j-api:jar:1.7.25:compile - omitted for duplicate)
+- com.github.davidb:metrics-influxdb:jar:1.1.0:provided
|  +- (io.dropwizard.metrics:metrics-core:jar:4.0.5:provided - omitted for duplicate)
|  \- (org.slf4j:slf4j-api:jar:1.7.7:provided - omitted for conflict with 1.7.25)
+- org.apache.shiro:shiro-core:jar:1.3.2:provided
|  +- (org.slf4j:slf4j-api:jar:1.6.4:provided - omitted for conflict with 1.7.25)
|  \- commons-beanutils:commons-beanutils:jar:1.8.3:provided
+- org.apache.shiro:shiro-web:jar:1.3.2:provided
|  \- (org.apache.shiro:shiro-core:jar:1.3.2:provided - omitted for duplicate)
+- com.alibaba:dubbo:jar:2.6.6:compile
|  +- (org.javassist:javassist:jar:3.20.0-GA:compile - omitted for conflict with 3.21.0-GA)
|  \- org.jboss.netty:netty:jar:3.2.5.Final:compile
+- org.apache.curator:curator-framework:jar:4.1.0:compile
|  \- org.apache.curator:curator-client:jar:4.1.0:compile
|     +- org.apache.zookeeper:zookeeper:jar:3.4.13:compile
|     |  +- (org.slf4j:slf4j-api:jar:1.7.25:compile - omitted for duplicate)
|     |  +- commons-cli:commons-cli:jar:1.2:compile
|     |  +- log4j:log4j:jar:1.2.17:compile
|     |  +- org.apache.yetus:audience-annotations:jar:0.5.0:compile
|     |  \- io.netty:netty:jar:3.10.6.Final:compile
|     +- (com.google.guava:guava:jar:20.0:compile - omitted for conflict with 27.1-jre)
|     \- (org.slf4j:slf4j-api:jar:1.7.6:compile - omitted for conflict with 1.7.25)
+- org.jboss.resteasy:resteasy-jdk-http:jar:3.6.2.Final:provided
|  +- (org.jboss.resteasy:resteasy-jaxrs:jar:3.6.2.Final:provided - omitted for duplicate)
|  +- (org.jboss.resteasy:resteasy-client:jar:3.6.2.Final:provided - omitted for duplicate)
|  +- org.jboss.spec.javax.annotation:jboss-annotations-api_1.2_spec:jar:1.0.0.Final:provided
|  \- (org.jboss.logging:jboss-logging:jar:3.3.1.Final:compile - scope updated from provided; omitted for duplicate)
+- org.jboss.resteasy:resteasy-jaxrs:jar:3.6.2.Final:provided
|  +- org.jboss.spec.javax.ws.rs:jboss-jaxrs-api_2.1_spec:jar:1.0.2.Final:provided
|  +- org.jboss.spec.javax.xml.bind:jboss-jaxb-api_2.3_spec:jar:1.0.0.Final:provided
|  +- org.reactivestreams:reactive-streams:jar:1.0.2:provided
|  +- (javax.validation:validation-api:jar:1.1.0.Final:compile - scope updated from provided; omitted for duplicate)
|  +- (org.jboss.spec.javax.annotation:jboss-annotations-api_1.2_spec:jar:1.0.0.Final:provided - omitted for duplicate)
|  +- javax.activation:activation:jar:1.1.1:provided
|  +- org.apache.httpcomponents:httpclient:jar:4.5.4:provided
|  |  +- (org.apache.httpcomponents:httpcore:jar:4.4.7:provided - omitted for conflict with 4.4.8)
|  |  +- commons-logging:commons-logging:jar:1.2:provided
|  |  \- (commons-codec:commons-codec:jar:1.10:provided - omitted for conflict with 1.4)
|  +- (commons-io:commons-io:jar:2.5:provided - omitted for conflict with 2.6)
|  +- net.jcip:jcip-annotations:jar:1.0:provided
|  \- (org.jboss.logging:jboss-logging:jar:3.3.1.Final:compile - scope updated from provided; omitted for duplicate)
+- org.jboss.resteasy:resteasy-client:jar:3.6.2.Final:provided
|  +- (org.jboss.spec.javax.ws.rs:jboss-jaxrs-api_2.1_spec:jar:1.0.2.Final:provided - omitted for duplicate)
|  +- (org.jboss.resteasy:resteasy-jaxrs:jar:3.6.2.Final:provided - omitted for duplicate)
|  +- (org.jboss.logging:jboss-logging:jar:3.3.1.Final:compile - scope updated from provided; omitted for duplicate)
|  \- (org.apache.httpcomponents:httpclient:jar:4.5.4:provided - omitted for duplicate)
+- org.jboss.resteasy:resteasy-netty4:jar:3.6.2.Final:provided
|  +- (org.jboss.resteasy:resteasy-jaxrs:jar:3.6.2.Final:provided - omitted for duplicate)
|  +- (io.netty:netty-all:jar:4.1.16.Final:provided - omitted for duplicate)
|  \- (org.jboss.logging:jboss-logging:jar:3.3.1.Final:compile - scope updated from provided; omitted for duplicate)
+- org.jboss.resteasy:resteasy-jackson-provider:jar:3.6.2.Final:provided
|  +- org.codehaus.jackson:jackson-core-asl:jar:1.9.13:provided
|  +- org.codehaus.jackson:jackson-mapper-asl:jar:1.9.13:provided
|  |  \- (org.codehaus.jackson:jackson-core-asl:jar:1.9.13:provided - omitted for duplicate)
|  +- org.codehaus.jackson:jackson-jaxrs:jar:1.9.13:provided
|  |  +- (org.codehaus.jackson:jackson-core-asl:jar:1.9.13:provided - omitted for duplicate)
|  |  \- (org.codehaus.jackson:jackson-mapper-asl:jar:1.9.13:provided - omitted for duplicate)
|  \- org.codehaus.jackson:jackson-xc:jar:1.9.13:provided
|     +- (org.codehaus.jackson:jackson-core-asl:jar:1.9.13:provided - omitted for duplicate)
|     \- (org.codehaus.jackson:jackson-mapper-asl:jar:1.9.13:provided - omitted for duplicate)
+- com.101tec:zkclient:jar:0.11:provided
|  +- (org.apache.zookeeper:zookeeper:jar:3.4.13:compile - scope updated from provided; omitted for duplicate)
|  \- (org.slf4j:slf4j-api:jar:1.6.1:provided - omitted for conflict with 1.7.25)
+- io.jsonwebtoken:jjwt:jar:0.9.1:compile
|  \- (com.fasterxml.jackson.core:jackson-databind:jar:2.9.6:compile - omitted for conflict with 2.9.5)
+- com.squareup.okhttp3:okhttp:jar:3.14.0:provided
|  \- com.squareup.okio:okio:jar:1.17.2:provided
+- io.zbus:zbus:jar:0.11.5:provided
|  +- (io.netty:netty-all:jar:4.0.51.Final:provided - omitted for conflict with 4.1.16.Final)
|  \- (com.alibaba:fastjson:jar:1.2.24:provided - omitted for conflict with 1.2.56)
+- io.swagger:swagger-core:jar:1.5.21:compile
|  +- (org.apache.commons:commons-lang3:jar:3.1:compile - omitted for conflict with 3.8.1)
|  +- (org.slf4j:slf4j-api:jar:1.7.22:compile - omitted for conflict with 1.7.25)
|  +- com.fasterxml.jackson.core:jackson-annotations:jar:2.9.5:compile
|  +- (com.fasterxml.jackson.core:jackson-databind:jar:2.9.5:compile - omitted for duplicate)
|  +- com.fasterxml.jackson.dataformat:jackson-dataformat-yaml:jar:2.9.5:compile
|  |  +- (org.yaml:snakeyaml:jar:1.18:compile - omitted for conflict with 1.16)
|  |  \- (com.fasterxml.jackson.core:jackson-core:jar:2.9.5:compile - omitted for conflict with 2.8.8)
|  +- io.swagger:swagger-models:jar:1.5.21:compile
|  |  +- (com.fasterxml.jackson.core:jackson-annotations:jar:2.9.5:compile - omitted for duplicate)
|  |  +- (org.slf4j:slf4j-api:jar:1.7.22:compile - omitted for conflict with 1.7.25)
|  |  \- io.swagger:swagger-annotations:jar:1.5.21:compile
|  +- (com.google.guava:guava:jar:20.0:compile - omitted for conflict with 27.1-jre)
|  \- javax.validation:validation-api:jar:1.1.0.Final:compile
+- org.apache.commons:commons-lang3:jar:3.8.1:compile
+- commons-io:commons-io:jar:2.6:compile
+- com.alibaba.fescar:fescar-core:jar:0.4.1:provided
|  +- (com.alibaba:fastjson:jar:1.2.48:provided - omitted for conflict with 1.2.56)
|  +- (io.netty:netty-all:jar:4.1.24.Final:provided - omitted for conflict with 4.1.16.Final)
|  +- com.alibaba.fescar:fescar-discovery:jar:0.4.1:provided
|  |  +- (com.alibaba.fescar:fescar-config:jar:0.4.1:provided - omitted for duplicate)
|  |  +- (redis.clients:jedis:jar:2.9.0:provided - omitted for conflict with 2.10.1)
|  |  +- com.netflix.eureka:eureka-client:jar:1.9.5:provided
|  |  |  +- org.codehaus.jettison:jettison:jar:1.3.7:provided
|  |  |  |  \- stax:stax-api:jar:1.0.1:provided
|  |  |  +- com.netflix.netflix-commons:netflix-eventbus:jar:0.3.0:provided
|  |  |  |  +- (org.slf4j:slf4j-api:jar:1.6.4:provided - omitted for conflict with 1.7.25)
|  |  |  |  +- com.netflix.netflix-commons:netflix-infix:jar:0.3.0:provided
|  |  |  |  |  +- (org.slf4j:slf4j-api:jar:1.6.4:provided - omitted for conflict with 1.7.25)
|  |  |  |  |  +- commons-jxpath:commons-jxpath:jar:1.3:provided
|  |  |  |  |  +- (joda-time:joda-time:jar:2.3:provided - omitted for conflict with 2.9.1)
|  |  |  |  |  +- javax.servlet:servlet-api:jar:2.5:provided
|  |  |  |  |  +- (org.antlr:antlr-runtime:jar:3.4:provided - omitted for conflict with 3.5.2)
|  |  |  |  |  +- (com.google.code.findbugs:jsr305:jar:3.0.1:provided - omitted for conflict with 3.0.2)
|  |  |  |  |  +- (com.google.guava:guava:jar:14.0.1:provided - omitted for conflict with 27.1-jre)
|  |  |  |  |  \- (com.google.code.gson:gson:jar:2.1:provided - omitted for conflict with 2.8.2)
|  |  |  |  +- (com.netflix.servo:servo-core:jar:0.5.3:provided - omitted for conflict with 0.12.21)
|  |  |  |  +- (com.netflix.archaius:archaius-core:jar:0.3.3:provided - omitted for conflict with 0.7.6)
|  |  |  |  \- org.apache.commons:commons-math:jar:2.2:provided
|  |  |  +- com.thoughtworks.xstream:xstream:jar:1.4.10:provided
|  |  |  |  +- xmlpull:xmlpull:jar:1.1.3.1:provided
|  |  |  |  \- xpp3:xpp3_min:jar:1.1.4c:provided
|  |  |  +- (com.netflix.archaius:archaius-core:jar:0.7.6:provided - omitted for duplicate)
|  |  |  +- javax.ws.rs:jsr311-api:jar:1.1.1:provided
|  |  |  +- com.netflix.servo:servo-core:jar:0.12.21:provided
|  |  |  |  +- (org.slf4j:slf4j-api:jar:1.7.25:provided - omitted for duplicate)
|  |  |  |  \- (com.google.guava:guava:jar:19.0:provided - omitted for conflict with 27.1-jre)
|  |  |  +- com.sun.jersey:jersey-core:jar:1.19.1:provided
|  |  |  |  \- (javax.ws.rs:jsr311-api:jar:1.1.1:provided - omitted for duplicate)
|  |  |  +- com.sun.jersey:jersey-client:jar:1.19.1:provided
|  |  |  |  \- (com.sun.jersey:jersey-core:jar:1.19.1:provided - omitted for duplicate)
|  |  |  +- com.sun.jersey.contribs:jersey-apache-client4:jar:1.19.1:provided
|  |  |  |  +- (org.apache.httpcomponents:httpclient:jar:4.1.1:provided - omitted for conflict with 4.5.4)
|  |  |  |  \- (com.sun.jersey:jersey-client:jar:1.19.1:provided - omitted for duplicate)
|  |  |  +- (org.apache.httpcomponents:httpclient:jar:4.5.3:provided - omitted for conflict with 4.5.4)
|  |  |  +- (com.google.inject:guice:jar:4.1.0:provided - omitted for duplicate)
|  |  |  +- com.github.vlsi.compactmap:compactmap:jar:1.2.1:provided
|  |  |  |  \- com.github.andrewoma.dexx:dexx-collections:jar:0.2:provided
|  |  |  +- (com.fasterxml.jackson.core:jackson-annotations:jar:2.9.4:provided - omitted for conflict with 2.9.5)
|  |  |  +- (com.fasterxml.jackson.core:jackson-core:jar:2.9.4:provided - omitted for conflict with 2.8.8)
|  |  |  \- (com.fasterxml.jackson.core:jackson-databind:jar:2.9.4:provided - omitted for conflict with 2.9.5)
|  |  +- javax.inject:javax.inject:jar:1:provided
|  |  \- com.netflix.archaius:archaius-core:jar:0.7.6:provided
|  |     +- (com.google.code.findbugs:jsr305:jar:3.0.1:provided - omitted for conflict with 3.0.2)
|  |     +- commons-configuration:commons-configuration:jar:1.8:provided
|  |     |  +- (commons-lang:commons-lang:jar:2.6:provided - omitted for duplicate)
|  |     |  \- (commons-logging:commons-logging:jar:1.1.1:provided - omitted for conflict with 1.2)
|  |     +- (org.slf4j:slf4j-api:jar:1.6.4:provided - omitted for conflict with 1.7.25)
|  |     +- (com.google.guava:guava:jar:16.0:provided - omitted for conflict with 27.1-jre)
|  |     +- (com.fasterxml.jackson.core:jackson-annotations:jar:2.4.3:provided - omitted for conflict with 2.9.5)
|  |     +- (com.fasterxml.jackson.core:jackson-core:jar:2.4.3:provided - omitted for conflict with 2.8.8)
|  |     \- (com.fasterxml.jackson.core:jackson-databind:jar:2.4.3:provided - omitted for conflict with 2.9.5)
|  +- (org.apache.commons:commons-pool2:jar:2.4.2:provided - omitted for conflict with 2.4.3)
|  \- (commons-pool:commons-pool:jar:1.6:provided - omitted for duplicate)
+- com.alibaba.fescar:fescar-rm:jar:0.4.1:provided
|  +- (com.alibaba.fescar:fescar-core:jar:0.4.1:provided - omitted for duplicate)
|  \- cglib:cglib:jar:3.1:provided
|     \- (org.ow2.asm:asm:jar:4.2:provided - omitted for conflict with 5.0.4)
+- com.alibaba.fescar:fescar-rm-datasource:jar:0.4.1:provided
|  +- (com.alibaba.fescar:fescar-core:jar:0.4.1:provided - omitted for duplicate)
|  +- (com.alibaba.fescar:fescar-rm:jar:0.4.1:provided - omitted for duplicate)
|  +- (com.alibaba:druid:jar:1.1.12:provided - omitted for conflict with 1.1.16)
|  \- (com.google.guava:guava:jar:18.0:provided - omitted for conflict with 27.1-jre)
+- com.alibaba.fescar:fescar-tm:jar:0.4.1:provided
|  \- (com.alibaba.fescar:fescar-core:jar:0.4.1:provided - omitted for duplicate)
+- com.alibaba.fescar:fescar-tcc:jar:0.4.1:provided
|  +- (com.alibaba.fescar:fescar-core:jar:0.4.1:provided - omitted for duplicate)
|  \- (com.alibaba.fescar:fescar-rm:jar:0.4.1:provided - omitted for duplicate)
+- com.alibaba.fescar:fescar-config:jar:0.4.1:provided
|  +- com.typesafe:config:jar:1.2.1:provided
|  +- com.alibaba.fescar:fescar-common:jar:0.4.1:provided
|  |  +- (io.netty:netty-all:jar:4.1.24.Final:provided - omitted for conflict with 4.1.16.Final)
|  |  +- (org.slf4j:slf4j-api:jar:1.7.22:provided - omitted for conflict with 1.7.25)
|  |  +- commons-lang:commons-lang:jar:2.6:provided
|  |  \- (com.alibaba:fastjson:jar:1.2.48:provided - omitted for conflict with 1.2.56)
|  +- com.alibaba.nacos:nacos-client:jar:0.8.0:provided
|  |  +- com.alibaba.nacos:nacos-common:jar:0.8.0:provided
|  |  |  +- (org.slf4j:slf4j-api:jar:1.7.7:provided - omitted for conflict with 1.7.25)
|  |  |  +- (commons-io:commons-io:jar:2.2:provided - omitted for conflict with 2.6)
|  |  |  \- (org.apache.commons:commons-lang3:jar:3.4:provided - omitted for conflict with 3.8.1)
|  |  +- com.alibaba.nacos:nacos-api:jar:0.8.0:provided
|  |  |  +- (com.alibaba:fastjson:jar:1.2.47:provided - omitted for conflict with 1.2.56)
|  |  |  \- (org.apache.commons:commons-lang3:jar:3.4:provided - omitted for conflict with 3.8.1)
|  |  +- (com.google.guava:guava:jar:19.0:provided - omitted for conflict with 27.1-jre)
|  |  +- (commons-codec:commons-codec:jar:1.11:provided - omitted for conflict with 1.4)
|  |  +- org.codehaus.jackson:jackson-mapper-lgpl:jar:1.9.6:provided
|  |  |  \- org.codehaus.jackson:jackson-core-lgpl:jar:1.9.6:provided
|  |  \- io.micrometer:micrometer-core:jar:1.1.1:provided
|  |     +- org.hdrhistogram:HdrHistogram:jar:2.1.9:provided
|  |     \- org.latencyutils:LatencyUtils:jar:2.0.3:provided
|  +- com.ctrip.framework.apollo:apollo-client:jar:1.1.0:provided
|  |  +- com.ctrip.framework.apollo:apollo-core:jar:1.1.0:provided
|  |  |  +- (com.google.code.gson:gson:jar:2.8.0:provided - omitted for conflict with 2.8.2)
|  |  |  +- (com.google.guava:guava:jar:19.0:provided - omitted for conflict with 27.1-jre)
|  |  |  \- (org.slf4j:slf4j-api:jar:1.7.21:provided - omitted for conflict with 1.7.25)
|  |  +- com.google.inject:guice:jar:4.1.0:provided
|  |  |  +- (javax.inject:javax.inject:jar:1:provided - omitted for duplicate)
|  |  |  +- aopalliance:aopalliance:jar:1.0:provided
|  |  |  \- (com.google.guava:guava:jar:19.0:provided - omitted for conflict with 27.1-jre)
|  |  \- (org.slf4j:slf4j-api:jar:1.7.21:provided - omitted for conflict with 1.7.25)
|  \- (com.101tec:zkclient:jar:0.10:provided - omitted for conflict with 0.11)
+- com.alibaba.fescar:fescar-dubbo-alibaba:jar:0.4.1:provided
|  \- (com.alibaba.fescar:fescar-tm:jar:0.4.1:provided - omitted for duplicate)
+- net.oschina.j2cache:j2cache-core:jar:2.7.7-release:provided
|  +- com.github.ben-manes.caffeine:caffeine:jar:2.6.2:provided
|  +- (redis.clients:jedis:jar:2.9.0:provided - omitted for conflict with 2.10.1)
|  +- (de.ruedigermoeller:fst:jar:2.57:provided - omitted for duplicate)
|  +- (org.slf4j:slf4j-api:jar:1.7.25:provided - omitted for duplicate)
|  +- (com.alibaba:fastjson:jar:1.2.49:provided - omitted for conflict with 1.2.56)
|  \- jline:jline:jar:2.14.2:provided
+- org.apache.qpid:qpid-client:jar:6.3.3:provided
|  \- (org.slf4j:slf4j-api:jar:1.7.25:provided - omitted for duplicate)
+- org.apache.geronimo.specs:geronimo-jms_1.1_spec:jar:1.1.1:provided
+- ch.qos.logback:logback-core:jar:1.2.3:provided
\- ch.qos.logback:logback-classic:jar:1.2.3:provided
   +- (ch.qos.logback:logback-core:jar:1.2.3:provided - omitted for duplicate)
   \- (org.slf4j:slf4j-api:jar:1.7.25:provided - omitted for duplicate)

