WARNING: Your kernel does not support swap limit capabilities or the cgroup is not mounted. Memory limited without swap.
io.jboot:jboot:jar:1.0-beta1
+- com.jfinal:jfinal:jar:3.1:compile
|  \- cglib:cglib-nodep:jar:3.1:compile
+- com.jfinal:cos:jar:2017.5:compile
+- com.jfinal:jfinal-weixin:jar:1.9:compile
|  \- (com.jfinal:jfinal:jar:3.1:compile - omitted for duplicate)
+- joda-time:joda-time:jar:2.9.9:compile
+- com.zaxxer:HikariCP:jar:2.6.3:compile
|  \- (org.slf4j:slf4j-api:jar:1.7.25:compile - omitted for duplicate)
+- mysql:mysql-connector-java:jar:5.1.42:compile
+- junit:junit:jar:4.12:provided
|  \- org.hamcrest:hamcrest-core:jar:1.3:provided
+- javax.servlet:javax.servlet-api:jar:3.1.0:compile
+- io.undertow:undertow-core:jar:1.4.16.Final:compile
|  +- org.jboss.logging:jboss-logging:jar:3.2.1.Final:compile
|  +- org.jboss.xnio:xnio-api:jar:3.3.6.Final:compile
|  \- org.jboss.xnio:xnio-nio:jar:3.3.6.Final:runtime
|     \- (org.jboss.xnio:xnio-api:jar:3.3.6.Final:runtime - omitted for duplicate)
+- io.undertow:undertow-servlet:jar:1.4.16.Final:compile
|  +- (io.undertow:undertow-core:jar:1.4.16.Final:compile - omitted for duplicate)
|  +- org.jboss.spec.javax.servlet:jboss-servlet-api_3.1_spec:jar:1.0.0.Final:compile
|  \- org.jboss.spec.javax.annotation:jboss-annotations-api_1.2_spec:jar:1.0.0.Final:compile
+- com.weibo:motan-core:jar:0.3.0:compile
|  +- commons-pool:commons-pool:jar:1.6:compile
|  +- (com.alibaba:fastjson:jar:1.1.30:compile - omitted for conflict with 1.2.34)
|  +- com.codahale.metrics:metrics-core:jar:3.0.1:compile
|  |  \- (org.slf4j:slf4j-api:jar:1.7.5:compile - omitted for conflict with 1.7.25)
|  +- com.google.guava:guava:jar:18.0:compile
|  +- com.squareup:javapoet:jar:1.8.0:compile
|  +- (org.slf4j:slf4j-api:jar:1.5.8:compile - omitted for conflict with 1.7.25)
|  +- org.apache.commons:commons-lang3:jar:3.1:compile
|  \- commons-codec:commons-codec:jar:1.4:compile
+- com.weibo:motan-transport-netty:jar:0.3.0:compile
|  +- org.jboss.netty:netty:jar:3.2.5.Final:compile
|  +- (com.weibo:motan-core:jar:0.3.0:compile - omitted for duplicate)
|  +- (org.slf4j:slf4j-api:jar:1.5.8:compile - omitted for conflict with 1.7.25)
|  +- (org.apache.commons:commons-lang3:jar:3.1:compile - omitted for duplicate)
|  \- (commons-codec:commons-codec:jar:1.4:compile - omitted for duplicate)
+- com.weibo:motan-registry-consul:jar:0.3.0:compile
|  +- (com.weibo:motan-core:jar:0.3.0:compile - omitted for duplicate)
|  +- com.ecwid.consul:consul-api:jar:1.1.4:compile
|  |  +- org.apache.httpcomponents:httpcore:jar:4.2.5:compile
|  |  +- org.apache.httpcomponents:httpclient:jar:4.2.5:compile
|  |  |  +- (org.apache.httpcomponents:httpcore:jar:4.2.4:compile - omitted for conflict with 4.2.5)
|  |  |  +- (commons-logging:commons-logging:jar:1.1.1:compile - omitted for conflict with 1.1)
|  |  |  \- (commons-codec:commons-codec:jar:1.6:compile - omitted for conflict with 1.4)
|  |  +- commons-logging:commons-logging:jar:1.1:compile
|  |  |  +- logkit:logkit:jar:1.0.1:compile
|  |  |  +- avalon-framework:avalon-framework:jar:4.1.3:compile
|  |  |  \- javax.servlet:servlet-api:jar:2.3:compile
|  |  \- com.google.code.gson:gson:jar:2.3:compile
|  +- (org.slf4j:slf4j-api:jar:1.5.8:compile - omitted for conflict with 1.7.25)
|  +- (org.apache.commons:commons-lang3:jar:3.1:compile - omitted for duplicate)
|  \- (commons-codec:commons-codec:jar:1.4:compile - omitted for duplicate)
+- org.slf4j:slf4j-api:jar:1.7.25:compile
+- com.alibaba:fastjson:jar:1.2.34:compile
+- it.sauronsoftware.cron4j:cron4j:jar:2.2.5:provided
+- redis.clients:jedis:jar:2.9.0:compile
|  \- org.apache.commons:commons-pool2:jar:2.4.2:compile
+- de.ruedigermoeller:fst:jar:2.50:compile
|  +- com.fasterxml.jackson.core:jackson-core:jar:2.8.8:compile
|  +- org.javassist:javassist:jar:3.21.0-GA:compile
|  +- org.objenesis:objenesis:jar:2.5.1:compile
|  \- com.cedarsoftware:java-util:jar:1.9.0:compile
|     +- (commons-logging:commons-logging:jar:1.1.1:compile - omitted for conflict with 1.1)
|     \- com.cedarsoftware:json-io:jar:2.5.1:compile
+- org.jsoup:jsoup:jar:1.10.3:compile
+- com.aliyun.openservices:ons-client:jar:1.3.2.Final:provided
|  \- (org.slf4j:slf4j-api:jar:1.7.15:provided - omitted for conflict with 1.7.25)
+- com.rabbitmq:amqp-client:jar:4.1.1:provided
|  \- (org.slf4j:slf4j-api:jar:1.7.21:provided - omitted for conflict with 1.7.25)
+- net.sf.ehcache:ehcache:jar:2.10.4:compile
|  \- (org.slf4j:slf4j-api:jar:1.7.7:compile - omitted for conflict with 1.7.25)
+- com.netflix.hystrix:hystrix-core:jar:1.5.12:compile
|  +- (org.slf4j:slf4j-api:jar:1.7.0:runtime - omitted for conflict with 1.7.25)
|  +- com.netflix.archaius:archaius-core:jar:0.4.1:compile
|  |  +- commons-configuration:commons-configuration:jar:1.8:compile
|  |  |  +- commons-lang:commons-lang:jar:2.6:compile
|  |  |  \- (commons-logging:commons-logging:jar:1.1.1:compile - omitted for conflict with 1.1)
|  |  \- (org.slf4j:slf4j-api:jar:1.6.4:compile - omitted for conflict with 1.7.25)
|  +- io.reactivex:rxjava:jar:1.2.0:compile
|  \- org.hdrhistogram:HdrHistogram:jar:2.1.9:compile
+- com.netflix.hystrix:hystrix-metrics-event-stream:jar:1.5.12:compile
|  +- com.netflix.hystrix:hystrix-serialization:jar:1.5.12:runtime
|  |  +- com.fasterxml.jackson.module:jackson-module-afterburner:jar:2.7.5:runtime
|  |  |  +- (com.fasterxml.jackson.core:jackson-core:jar:2.7.5:runtime - omitted for conflict with 2.8.8)
|  |  |  \- (com.fasterxml.jackson.core:jackson-databind:jar:2.7.5:runtime - omitted for duplicate)
|  |  +- (com.netflix.hystrix:hystrix-core:jar:1.5.12:runtime - omitted for duplicate)
|  |  +- (com.fasterxml.jackson.core:jackson-core:jar:2.7.5:runtime - omitted for conflict with 2.8.8)
|  |  +- (com.fasterxml.jackson.core:jackson-databind:jar:2.7.5:compile - scope updated from runtime; omitted for duplicate)
|  |  \- (com.fasterxml.jackson.core:jackson-annotations:jar:2.7.5:compile - scope updated from runtime; omitted for duplicate)
|  \- (com.netflix.hystrix:hystrix-core:jar:1.5.12:compile - omitted for duplicate)
+- com.netflix.hystrix:hystrix-codahale-metrics-publisher:jar:1.5.12:compile
|  +- (com.netflix.hystrix:hystrix-core:jar:1.5.12:compile - omitted for duplicate)
|  \- (io.dropwizard.metrics:metrics-core:jar:3.2.2:compile - omitted for duplicate)
+- io.dropwizard.metrics:metrics-core:jar:3.2.2:compile
|  \- (org.slf4j:slf4j-api:jar:1.7.22:compile - omitted for conflict with 1.7.25)
+- io.dropwizard.metrics:metrics-servlets:jar:3.2.2:compile
|  +- (io.dropwizard.metrics:metrics-core:jar:3.2.2:compile - omitted for duplicate)
|  +- io.dropwizard.metrics:metrics-healthchecks:jar:3.2.2:compile
|  |  \- (org.slf4j:slf4j-api:jar:1.7.22:compile - omitted for conflict with 1.7.25)
|  +- io.dropwizard.metrics:metrics-json:jar:3.2.2:compile
|  |  +- (io.dropwizard.metrics:metrics-core:jar:3.2.2:compile - omitted for duplicate)
|  |  +- (com.fasterxml.jackson.core:jackson-databind:jar:2.7.5:compile - omitted for conflict with 2.6.6)
|  |  \- (org.slf4j:slf4j-api:jar:1.7.22:compile - omitted for conflict with 1.7.25)
|  +- io.dropwizard.metrics:metrics-jvm:jar:3.2.2:compile
|  |  +- (io.dropwizard.metrics:metrics-core:jar:3.2.2:compile - omitted for duplicate)
|  |  \- (org.slf4j:slf4j-api:jar:1.7.22:compile - omitted for conflict with 1.7.25)
|  +- com.papertrail:profiler:jar:1.0.2:compile
|  |  \- (joda-time:joda-time:jar:2.9.1:compile - omitted for conflict with 2.9.9)
|  +- com.fasterxml.jackson.core:jackson-databind:jar:2.6.6:compile
|  |  +- com.fasterxml.jackson.core:jackson-annotations:jar:2.6.0:compile
|  |  \- (com.fasterxml.jackson.core:jackson-core:jar:2.6.6:compile - omitted for conflict with 2.8.8)
|  \- (org.slf4j:slf4j-api:jar:1.7.22:compile - omitted for conflict with 1.7.25)
+- com.google.inject:guice:jar:4.1.0:compile
|  +- javax.inject:javax.inject:jar:1:compile
|  +- aopalliance:aopalliance:jar:1.0:compile
|  \- (com.google.guava:guava:jar:19.0:compile - omitted for conflict with 18.0)
\- org.apache.shiro:shiro-core:jar:1.4.0:compile
   +- org.apache.shiro:shiro-lang:jar:1.4.0:compile
   |  \- (org.slf4j:slf4j-api:jar:1.7.21:compile - omitted for conflict with 1.7.25)
   +- org.apache.shiro:shiro-cache:jar:1.4.0:compile
   |  \- (org.apache.shiro:shiro-lang:jar:1.4.0:compile - omitted for duplicate)
   +- org.apache.shiro:shiro-crypto-hash:jar:1.4.0:compile
   |  +- (org.apache.shiro:shiro-lang:jar:1.4.0:compile - omitted for duplicate)
   |  \- org.apache.shiro:shiro-crypto-core:jar:1.4.0:compile
   |     \- (org.apache.shiro:shiro-lang:jar:1.4.0:compile - omitted for duplicate)
   +- org.apache.shiro:shiro-crypto-cipher:jar:1.4.0:compile
   |  +- (org.apache.shiro:shiro-lang:jar:1.4.0:compile - omitted for duplicate)
   |  \- (org.apache.shiro:shiro-crypto-core:jar:1.4.0:compile - omitted for duplicate)
   +- org.apache.shiro:shiro-config-core:jar:1.4.0:compile
   |  \- (org.apache.shiro:shiro-lang:jar:1.4.0:compile - omitted for duplicate)
   +- org.apache.shiro:shiro-config-ogdl:jar:1.4.0:compile
   |  +- (org.apache.shiro:shiro-lang:jar:1.4.0:compile - omitted for duplicate)
   |  +- (org.apache.shiro:shiro-config-core:jar:1.4.0:compile - omitted for duplicate)
   |  +- (org.apache.shiro:shiro-event:jar:1.4.0:compile - omitted for duplicate)
   |  +- commons-beanutils:commons-beanutils:jar:1.9.3:compile
   |  |  \- commons-collections:commons-collections:jar:3.2.2:compile
   |  \- (org.slf4j:slf4j-api:jar:1.7.21:compile - omitted for conflict with 1.7.25)
   \- org.apache.shiro:shiro-event:jar:1.4.0:compile
      \- (org.apache.shiro:shiro-lang:jar:1.4.0:compile - omitted for duplicate)

