WARNING: Your kernel does not support swap limit capabilities or the cgroup is not mounted. Memory limited without swap.
io.jboot:jboot:jar:3.1.2
+- com.jfinal:jfinal:jar:4.8:compile
+- com.jfinal:cos:jar:2019.8:compile
+- com.jfinal:jfinal-weixin:jar:2.5:compile
+- com.jfinal:jfinal-undertow:jar:2.0:compile
|  +- io.undertow:undertow-core:jar:2.0.28.Final:compile
|  |  +- org.jboss.logging:jboss-logging:jar:3.3.2.Final:compile
|  |  +- org.jboss.xnio:xnio-api:jar:3.3.8.Final:compile
|  |  \- org.jboss.xnio:xnio-nio:jar:3.3.8.Final:runtime
|  |     \- (org.jboss.xnio:xnio-api:jar:3.3.8.Final:runtime - omitted for duplicate)
|  +- io.undertow:undertow-servlet:jar:2.0.28.Final:compile
|  |  \- (io.undertow:undertow-core:jar:2.0.28.Final:compile - omitted for duplicate)
|  \- javax.servlet:javax.servlet-api:jar:4.0.1:compile
+- cglib:cglib:jar:3.3.0:compile
|  \- org.ow2.asm:asm:jar:7.1:compile
+- io.undertow:undertow-websockets-jsr:jar:2.0.29.Final:compile
|  +- (io.undertow:undertow-core:jar:2.0.29.Final:compile - omitted for conflict with 2.0.28.Final)
|  +- (io.undertow:undertow-servlet:jar:2.0.29.Final:compile - omitted for conflict with 2.0.28.Final)
|  \- org.jboss.spec.javax.websocket:jboss-websocket-api_1.1_spec:jar:1.1.4.Final:compile
+- com.zaxxer:HikariCP:jar:3.4.2:compile
|  \- (org.slf4j:slf4j-api:jar:1.7.30:compile - version managed from 1.7.25; omitted for duplicate)
+- com.fasterxml.jackson.core:jackson-core:jar:2.10.3:compile
+- com.fasterxml.jackson.core:jackson-annotations:jar:2.10.3:compile
+- com.fasterxml.jackson.core:jackson-databind:jar:2.10.3:compile
|  +- (com.fasterxml.jackson.core:jackson-annotations:jar:2.10.3:compile - omitted for duplicate)
|  \- (com.fasterxml.jackson.core:jackson-core:jar:2.10.3:compile - omitted for duplicate)
+- com.fasterxml.jackson.dataformat:jackson-dataformat-yaml:jar:2.10.3:compile
|  +- org.yaml:snakeyaml:jar:1.24:compile
|  \- (com.fasterxml.jackson.core:jackson-core:jar:2.10.3:compile - omitted for duplicate)
+- mysql:mysql-connector-java:jar:5.1.48:compile
+- de.ruedigermoeller:fst:jar:2.57:compile
|  +- (com.fasterxml.jackson.core:jackson-core:jar:2.10.3:compile - version managed from 2.8.8; omitted for duplicate)
|  +- org.javassist:javassist:jar:3.21.0-GA:compile
|  \- org.objenesis:objenesis:jar:2.5.1:compile
+- org.slf4j:slf4j-api:jar:1.7.30:compile
+- com.alibaba:fastjson:jar:1.2.67:compile
+- com.google.guava:guava:jar:28.2-jre:compile
|  +- com.google.guava:failureaccess:jar:1.0.1:compile
|  +- com.google.guava:listenablefuture:jar:9999.0-empty-to-avoid-conflict-with-guava:compile
|  +- com.google.code.findbugs:jsr305:jar:3.0.2:compile
|  +- org.checkerframework:checker-qual:jar:2.10.0:compile
|  +- com.google.errorprone:error_prone_annotations:jar:2.3.4:compile
|  \- com.google.j2objc:j2objc-annotations:jar:1.3:compile
+- it.sauronsoftware.cron4j:cron4j:jar:2.2.5:compile
+- redis.clients:jedis:jar:2.10.2:compile
|  +- (org.slf4j:slf4j-api:jar:1.7.30:compile - version managed from 1.7.22; omitted for duplicate)
|  \- org.apache.commons:commons-pool2:jar:2.4.3:compile
+- org.jsoup:jsoup:jar:1.13.1:compile
+- net.sf.ehcache:ehcache:jar:2.10.6:compile
|  \- (org.slf4j:slf4j-api:jar:1.7.30:compile - version managed from 1.7.25; omitted for duplicate)
+- com.github.ben-manes.caffeine:caffeine:jar:2.8.1:compile
|  +- (org.checkerframework:checker-qual:jar:3.1.0:compile - omitted for conflict with 2.10.0)
|  \- (com.google.errorprone:error_prone_annotations:jar:2.3.4:compile - omitted for duplicate)
+- org.apache.commons:commons-lang3:jar:3.9:compile
+- commons-io:commons-io:jar:2.6:compile
+- com.alibaba:druid:jar:1.1.21:provided
+- junit:junit:jar:4.12:provided
|  \- org.hamcrest:hamcrest-core:jar:1.3:provided
+- com.alibaba.csp:sentinel-core:jar:1.7.1:provided
+- com.alibaba.csp:sentinel-cluster-client-default:jar:1.7.1:provided
|  +- (com.alibaba.csp:sentinel-core:jar:1.7.1:provided - omitted for duplicate)
|  +- com.alibaba.csp:sentinel-cluster-common-default:jar:1.7.1:provided
|  |  \- (com.alibaba.csp:sentinel-core:jar:1.7.1:provided - omitted for duplicate)
|  \- io.netty:netty-handler:jar:4.1.31.Final:provided
|     +- io.netty:netty-buffer:jar:4.1.31.Final:provided
|     |  \- (io.netty:netty-common:jar:4.1.31.Final:provided - omitted for conflict with 4.1.45.Final)
|     +- (io.netty:netty-transport:jar:4.1.31.Final:provided - omitted for conflict with 4.1.45.Final)
|     \- io.netty:netty-codec:jar:4.1.31.Final:provided
|        \- (io.netty:netty-transport:jar:4.1.31.Final:provided - omitted for duplicate)
+- com.alibaba.csp:sentinel-transport-simple-http:jar:1.7.1:provided
|  \- com.alibaba.csp:sentinel-transport-common:jar:1.7.1:provided
|     +- com.alibaba.csp:sentinel-datasource-extension:jar:1.7.1:provided
|     |  \- (com.alibaba.csp:sentinel-core:jar:1.7.1:provided - omitted for duplicate)
|     \- (com.alibaba:fastjson:jar:1.2.67:provided - version managed from 1.2.62; omitted for duplicate)
+- com.ctrip.framework.apollo:apollo-client:jar:1.6.0:provided
|  +- com.ctrip.framework.apollo:apollo-core:jar:1.6.0:provided
|  |  +- (com.google.code.gson:gson:jar:2.8.0:provided - omitted for conflict with 2.8.5)
|  |  +- (com.google.guava:guava:jar:28.2-jre:provided - version managed from 19.0; omitted for duplicate)
|  |  \- (org.slf4j:slf4j-api:jar:1.7.30:provided - version managed from 1.7.21; omitted for duplicate)
|  +- com.google.inject:guice:jar:4.1.0:provided
|  |  +- javax.inject:javax.inject:jar:1:provided
|  |  +- aopalliance:aopalliance:jar:1.0:provided
|  |  \- (com.google.guava:guava:jar:28.2-jre:provided - version managed from 19.0; omitted for duplicate)
|  +- (org.slf4j:slf4j-api:jar:1.7.30:provided - version managed from 1.7.21; omitted for duplicate)
|  \- (org.yaml:snakeyaml:jar:1.17:provided - omitted for conflict with 1.24)
+- com.alibaba.nacos:nacos-client:jar:1.2.0:provided
|  +- com.alibaba.nacos:nacos-common:jar:1.2.0:provided
|  |  +- (org.slf4j:slf4j-api:jar:1.7.30:provided - version managed from 1.7.7; omitted for duplicate)
|  |  +- (commons-io:commons-io:jar:2.2:provided - omitted for conflict with 2.6)
|  |  +- (org.apache.commons:commons-lang3:jar:3.9:provided - version managed from 3.4; omitted for duplicate)
|  |  \- (com.alibaba.nacos:nacos-api:jar:1.2.0:provided - omitted for duplicate)
|  +- com.alibaba.nacos:nacos-api:jar:1.2.0:provided
|  |  +- (com.alibaba:fastjson:jar:1.2.67:provided - version managed from 1.2.58; omitted for duplicate)
|  |  +- (org.apache.commons:commons-lang3:jar:3.9:provided - version managed from 3.4; omitted for duplicate)
|  |  \- (com.google.guava:guava:jar:28.2-jre:provided - version managed from 22.0; omitted for duplicate)
|  +- (com.google.guava:guava:jar:28.2-jre:provided - version managed from 22.0; omitted for duplicate)
|  +- commons-codec:commons-codec:jar:1.14:provided (version managed from 1.11)
|  +- (com.fasterxml.jackson.core:jackson-core:jar:2.10.3:provided - version managed from 2.9.10; omitted for duplicate)
|  +- (com.fasterxml.jackson.core:jackson-databind:jar:2.10.3:provided - version managed from 2.9.10.1; omitted for duplicate)
|  +- io.prometheus:simpleclient:jar:0.5.0:provided
|  \- (org.yaml:snakeyaml:jar:1.23:provided - omitted for conflict with 1.24)
+- com.weibo:motan-core:jar:1.1.7:provided
|  +- commons-pool:commons-pool:jar:1.6:provided
|  +- com.caucho:hessian:jar:4.0.38:provided
|  +- (com.alibaba:fastjson:jar:1.2.67:provided - version managed from 1.2.60; omitted for duplicate)
|  +- com.codahale.metrics:metrics-core:jar:3.0.1:provided
|  |  \- (org.slf4j:slf4j-api:jar:1.7.30:provided - version managed from 1.7.5; omitted for duplicate)
|  +- (com.google.guava:guava:jar:28.2-jre:provided - version managed from 18.0; omitted for duplicate)
|  +- com.squareup:javapoet:jar:1.8.0:provided
|  +- com.weibo:breeze-core:jar:0.1.3:provided
|  +- (org.slf4j:slf4j-api:jar:1.7.30:provided - version managed from 1.5.8; omitted for duplicate)
|  +- (org.apache.commons:commons-lang3:jar:3.9:provided - version managed from 3.1; omitted for duplicate)
|  \- (commons-codec:commons-codec:jar:1.14:provided - version managed from 1.4; omitted for duplicate)
+- com.weibo:motan-transport-netty4:jar:1.1.7:provided
|  +- (com.weibo:motan-core:jar:1.1.7:provided - omitted for duplicate)
|  +- io.netty:netty-all:jar:4.1.48.Final:provided (version managed from 4.1.42.Final)
|  +- (org.slf4j:slf4j-api:jar:1.7.30:provided - version managed from 1.5.8; omitted for duplicate)
|  +- (org.apache.commons:commons-lang3:jar:3.9:provided - version managed from 3.1; omitted for duplicate)
|  \- (commons-codec:commons-codec:jar:1.14:provided - version managed from 1.4; omitted for duplicate)
+- com.weibo:motan-registry-consul:jar:1.1.7:provided
|  +- (com.weibo:motan-core:jar:1.1.7:provided - omitted for duplicate)
|  +- com.ecwid.consul:consul-api:jar:1.3.0:provided
|  |  +- (com.google.code.gson:gson:jar:2.8.2:provided - omitted for conflict with 2.8.0)
|  |  +- org.apache.httpcomponents:httpcore:jar:4.4.13:provided (version managed from 4.4.8)
|  |  \- (org.apache.httpcomponents:httpclient:jar:4.5.12:provided - version managed from 4.5.10; omitted for duplicate)
|  +- (org.slf4j:slf4j-api:jar:1.7.30:provided - version managed from 1.5.8; omitted for duplicate)
|  +- (org.apache.commons:commons-lang3:jar:3.9:provided - version managed from 3.1; omitted for duplicate)
|  \- (commons-codec:commons-codec:jar:1.14:provided - version managed from 1.4; omitted for duplicate)
+- com.weibo:motan-registry-zookeeper:jar:1.1.7:provided
|  +- (com.weibo:motan-core:jar:1.1.7:provided - omitted for duplicate)
|  +- org.apache.zookeeper:zookeeper:jar:3.4.14:provided
|  |  +- (org.slf4j:slf4j-api:jar:1.7.30:provided - version managed from 1.7.25; omitted for duplicate)
|  |  +- com.github.spotbugs:spotbugs-annotations:jar:3.1.9:provided
|  |  |  \- (com.google.code.findbugs:jsr305:jar:3.0.2:provided - omitted for duplicate)
|  |  +- (jline:jline:jar:0.9.94:provided - omitted for conflict with 2.14.2)
|  |  +- org.apache.yetus:audience-annotations:jar:0.5.0:provided
|  |  \- io.netty:netty:jar:3.10.6.Final:provided
|  +- (com.101tec:zkclient:jar:0.3:provided - omitted for conflict with 0.11)
|  +- (org.slf4j:slf4j-api:jar:1.7.30:provided - version managed from 1.5.8; omitted for duplicate)
|  +- (org.apache.commons:commons-lang3:jar:3.9:provided - version managed from 3.1; omitted for duplicate)
|  \- (commons-codec:commons-codec:jar:1.14:provided - version managed from 1.4; omitted for duplicate)
+- io.lettuce:lettuce-core:jar:5.2.2.RELEASE:provided
|  +- io.netty:netty-common:jar:4.1.45.Final:provided
|  +- (io.netty:netty-handler:jar:4.1.45.Final:provided - omitted for conflict with 4.1.31.Final)
|  +- io.netty:netty-transport:jar:4.1.45.Final:provided
|  |  +- (io.netty:netty-common:jar:4.1.45.Final:provided - omitted for duplicate)
|  |  +- (io.netty:netty-buffer:jar:4.1.45.Final:provided - omitted for conflict with 4.1.31.Final)
|  |  \- io.netty:netty-resolver:jar:4.1.45.Final:provided
|  |     \- (io.netty:netty-common:jar:4.1.45.Final:provided - omitted for duplicate)
|  \- io.projectreactor:reactor-core:jar:3.3.2.RELEASE:provided
|     \- (org.reactivestreams:reactive-streams:jar:1.0.3:provided - omitted for duplicate)
+- com.esotericsoftware:kryo:jar:4.0.2:provided
|  +- com.esotericsoftware:reflectasm:jar:1.11.3:provided
|  |  \- (org.ow2.asm:asm:jar:5.0.4:provided - omitted for conflict with 7.1)
|  +- com.esotericsoftware:minlog:jar:1.3.0:provided
|  \- (org.objenesis:objenesis:jar:2.5.1:provided - omitted for duplicate)
+- com.aliyun.openservices:ons-client:jar:1.8.4.Final:provided
|  \- (org.slf4j:slf4j-api:jar:1.7.30:provided - version managed from 1.7.7; omitted for duplicate)
+- com.rabbitmq:amqp-client:jar:5.7.3:provided
|  \- (org.slf4j:slf4j-api:jar:1.7.30:provided - version managed from 1.7.26; omitted for duplicate)
+- org.apache.shardingsphere:sharding-jdbc-core:jar:4.0.1:provided
|  +- org.apache.shardingsphere:sharding-core-entry:jar:4.0.1:provided
|  |  +- org.apache.shardingsphere:sharding-core-api:jar:4.0.1:provided
|  |  |  +- org.apache.shardingsphere:shardingsphere-spi:jar:4.0.1:provided
|  |  |  |  +- (com.google.guava:guava:jar:28.2-jre:provided - version managed from 18.0; omitted for duplicate)
|  |  |  |  +- (org.slf4j:slf4j-api:jar:1.7.30:provided - version managed from 1.7.7; omitted for duplicate)
|  |  |  |  \- (org.slf4j:jcl-over-slf4j:jar:1.7.30:provided - version managed from 1.7.7; omitted for duplicate)
|  |  |  +- (com.google.guava:guava:jar:28.2-jre:provided - version managed from 18.0; omitted for duplicate)
|  |  |  +- (org.slf4j:slf4j-api:jar:1.7.30:provided - version managed from 1.7.7; omitted for duplicate)
|  |  |  \- (org.slf4j:jcl-over-slf4j:jar:1.7.30:provided - version managed from 1.7.7; omitted for duplicate)
|  |  +- org.apache.shardingsphere:sharding-core-common:jar:4.0.1:provided
|  |  |  +- (org.apache.shardingsphere:shardingsphere-spi:jar:4.0.1:provided - omitted for duplicate)
|  |  |  +- (org.apache.shardingsphere:shardingsphere-sql-parser-relation:jar:4.0.1:provided - omitted for duplicate)
|  |  |  +- (org.apache.shardingsphere:sharding-core-api:jar:4.0.1:provided - omitted for duplicate)
|  |  |  +- org.codehaus.groovy:groovy:jar:indy:2.4.5:provided
|  |  |  +- (org.yaml:snakeyaml:jar:1.16:provided - omitted for conflict with 1.24)
|  |  |  +- (commons-codec:commons-codec:jar:1.14:provided - version managed from 1.10; omitted for duplicate)
|  |  |  +- (com.google.guava:guava:jar:28.2-jre:provided - version managed from 18.0; omitted for duplicate)
|  |  |  +- (org.slf4j:slf4j-api:jar:1.7.30:provided - version managed from 1.7.7; omitted for duplicate)
|  |  |  \- (org.slf4j:jcl-over-slf4j:jar:1.7.30:provided - version managed from 1.7.7; omitted for duplicate)
|  |  +- org.apache.shardingsphere:shardingsphere-sql-parser-engine:jar:4.0.1:provided
|  |  |  +- (org.apache.shardingsphere:shardingsphere-spi:jar:4.0.1:provided - omitted for duplicate)
|  |  |  +- org.apache.shardingsphere:shardingsphere-sql-parser-spi:jar:4.0.1:provided
|  |  |  |  +- (org.antlr:antlr4-runtime:jar:4.7.2:provided - omitted for duplicate)
|  |  |  |  +- (com.google.guava:guava:jar:28.2-jre:provided - version managed from 18.0; omitted for duplicate)
|  |  |  |  +- (org.slf4j:slf4j-api:jar:1.7.30:provided - version managed from 1.7.7; omitted for duplicate)
|  |  |  |  \- (org.slf4j:jcl-over-slf4j:jar:1.7.30:provided - version managed from 1.7.7; omitted for duplicate)
|  |  |  +- org.apache.commons:commons-collections4:jar:4.2:provided
|  |  |  +- org.antlr:antlr4-runtime:jar:4.7.2:provided
|  |  |  +- (com.google.guava:guava:jar:28.2-jre:provided - version managed from 18.0; omitted for duplicate)
|  |  |  +- (org.slf4j:slf4j-api:jar:1.7.30:provided - version managed from 1.7.7; omitted for duplicate)
|  |  |  \- (org.slf4j:jcl-over-slf4j:jar:1.7.30:provided - version managed from 1.7.7; omitted for duplicate)
|  |  +- org.apache.shardingsphere:shardingsphere-sql-parser-sql92:jar:4.0.1:provided
|  |  |  +- (org.apache.shardingsphere:shardingsphere-sql-parser-spi:jar:4.0.1:provided - omitted for duplicate)
|  |  |  +- (org.apache.shardingsphere:shardingsphere-sql-parser-engine:jar:4.0.1:provided - omitted for duplicate)
|  |  |  +- (org.antlr:antlr4-runtime:jar:4.7.2:provided - omitted for duplicate)
|  |  |  +- (com.google.guava:guava:jar:28.2-jre:provided - version managed from 18.0; omitted for duplicate)
|  |  |  +- (org.slf4j:slf4j-api:jar:1.7.30:provided - version managed from 1.7.7; omitted for duplicate)
|  |  |  \- (org.slf4j:jcl-over-slf4j:jar:1.7.30:provided - version managed from 1.7.7; omitted for duplicate)
|  |  +- org.apache.shardingsphere:shardingsphere-sql-parser-mysql:jar:4.0.1:provided
|  |  |  +- (org.apache.shardingsphere:shardingsphere-sql-parser-spi:jar:4.0.1:provided - omitted for duplicate)
|  |  |  +- (org.apache.shardingsphere:shardingsphere-sql-parser-engine:jar:4.0.1:provided - omitted for duplicate)
|  |  |  +- (org.antlr:antlr4-runtime:jar:4.7.2:provided - omitted for duplicate)
|  |  |  +- (com.google.guava:guava:jar:28.2-jre:provided - version managed from 18.0; omitted for duplicate)
|  |  |  +- (org.slf4j:slf4j-api:jar:1.7.30:provided - version managed from 1.7.7; omitted for duplicate)
|  |  |  \- (org.slf4j:jcl-over-slf4j:jar:1.7.30:provided - version managed from 1.7.7; omitted for duplicate)
|  |  +- org.apache.shardingsphere:shardingsphere-sql-parser-postgresql:jar:4.0.1:provided
|  |  |  +- (org.apache.shardingsphere:shardingsphere-sql-parser-spi:jar:4.0.1:provided - omitted for duplicate)
|  |  |  +- (org.apache.shardingsphere:shardingsphere-sql-parser-engine:jar:4.0.1:provided - omitted for duplicate)
|  |  |  +- (org.antlr:antlr4-runtime:jar:4.7.2:provided - omitted for duplicate)
|  |  |  +- (com.google.guava:guava:jar:28.2-jre:provided - version managed from 18.0; omitted for duplicate)
|  |  |  +- (org.slf4j:slf4j-api:jar:1.7.30:provided - version managed from 1.7.7; omitted for duplicate)
|  |  |  \- (org.slf4j:jcl-over-slf4j:jar:1.7.30:provided - version managed from 1.7.7; omitted for duplicate)
|  |  +- org.apache.shardingsphere:shardingsphere-sql-parser-oracle:jar:4.0.1:provided
|  |  |  +- (org.apache.shardingsphere:shardingsphere-sql-parser-spi:jar:4.0.1:provided - omitted for duplicate)
|  |  |  +- (org.apache.shardingsphere:shardingsphere-sql-parser-engine:jar:4.0.1:provided - omitted for duplicate)
|  |  |  +- (org.antlr:antlr4-runtime:jar:4.7.2:provided - omitted for duplicate)
|  |  |  +- (com.google.guava:guava:jar:28.2-jre:provided - version managed from 18.0; omitted for duplicate)
|  |  |  +- (org.slf4j:slf4j-api:jar:1.7.30:provided - version managed from 1.7.7; omitted for duplicate)
|  |  |  \- (org.slf4j:jcl-over-slf4j:jar:1.7.30:provided - version managed from 1.7.7; omitted for duplicate)
|  |  +- org.apache.shardingsphere:shardingsphere-sql-parser-sqlserver:jar:4.0.1:provided
|  |  |  +- (org.apache.shardingsphere:shardingsphere-sql-parser-spi:jar:4.0.1:provided - omitted for duplicate)
|  |  |  +- (org.apache.shardingsphere:shardingsphere-sql-parser-engine:jar:4.0.1:provided - omitted for duplicate)
|  |  |  +- (org.antlr:antlr4-runtime:jar:4.7.2:provided - omitted for duplicate)
|  |  |  +- (com.google.guava:guava:jar:28.2-jre:provided - version managed from 18.0; omitted for duplicate)
|  |  |  +- (org.slf4j:slf4j-api:jar:1.7.30:provided - version managed from 1.7.7; omitted for duplicate)
|  |  |  \- (org.slf4j:jcl-over-slf4j:jar:1.7.30:provided - version managed from 1.7.7; omitted for duplicate)
|  |  +- org.apache.shardingsphere:shardingsphere-sql-parser-relation:jar:4.0.1:provided
|  |  |  +- (org.apache.shardingsphere:shardingsphere-sql-parser-engine:jar:4.0.1:provided - omitted for duplicate)
|  |  |  +- (org.antlr:antlr4-runtime:jar:4.7.2:provided - omitted for duplicate)
|  |  |  +- (com.google.guava:guava:jar:28.2-jre:provided - version managed from 18.0; omitted for duplicate)
|  |  |  +- (org.slf4j:slf4j-api:jar:1.7.30:provided - version managed from 1.7.7; omitted for duplicate)
|  |  |  \- (org.slf4j:jcl-over-slf4j:jar:1.7.30:provided - version managed from 1.7.7; omitted for duplicate)
|  |  +- org.apache.shardingsphere:sharding-core-route:jar:4.0.1:provided
|  |  |  +- (org.apache.shardingsphere:sharding-core-common:jar:4.0.1:provided - omitted for duplicate)
|  |  |  +- (org.apache.shardingsphere:shardingsphere-sql-parser-relation:jar:4.0.1:provided - omitted for duplicate)
|  |  |  +- (com.google.guava:guava:jar:28.2-jre:provided - version managed from 18.0; omitted for duplicate)
|  |  |  +- (org.slf4j:slf4j-api:jar:1.7.30:provided - version managed from 1.7.7; omitted for duplicate)
|  |  |  \- (org.slf4j:jcl-over-slf4j:jar:1.7.30:provided - version managed from 1.7.7; omitted for duplicate)
|  |  +- org.apache.shardingsphere:sharding-core-rewrite:jar:4.0.1:provided
|  |  |  +- (org.apache.shardingsphere:sharding-core-route:jar:4.0.1:provided - omitted for duplicate)
|  |  |  +- (org.apache.shardingsphere:encrypt-core-rewrite:jar:4.0.1:provided - omitted for duplicate)
|  |  |  +- (org.apache.shardingsphere:shardingsphere-sql-parser-relation:jar:4.0.1:provided - omitted for duplicate)
|  |  |  +- org.apache.shardingsphere:shardingsphere-rewrite-engine:jar:4.0.1:provided
|  |  |  |  +- (org.apache.shardingsphere:shardingsphere-sql-parser-relation:jar:4.0.1:provided - omitted for duplicate)
|  |  |  |  +- (com.google.guava:guava:jar:28.2-jre:provided - version managed from 18.0; omitted for duplicate)
|  |  |  |  +- (org.slf4j:slf4j-api:jar:1.7.30:provided - version managed from 1.7.7; omitted for duplicate)
|  |  |  |  \- (org.slf4j:jcl-over-slf4j:jar:1.7.30:provided - version managed from 1.7.7; omitted for duplicate)
|  |  |  +- (com.google.guava:guava:jar:28.2-jre:provided - version managed from 18.0; omitted for duplicate)
|  |  |  +- (org.slf4j:slf4j-api:jar:1.7.30:provided - version managed from 1.7.7; omitted for duplicate)
|  |  |  \- (org.slf4j:jcl-over-slf4j:jar:1.7.30:provided - version managed from 1.7.7; omitted for duplicate)
|  |  +- org.apache.shardingsphere:encrypt-core-rewrite:jar:4.0.1:provided
|  |  |  +- (org.apache.shardingsphere:sharding-core-common:jar:4.0.1:provided - omitted for duplicate)
|  |  |  +- (org.apache.shardingsphere:shardingsphere-sql-parser-relation:jar:4.0.1:provided - omitted for duplicate)
|  |  |  +- (org.apache.shardingsphere:shardingsphere-rewrite-engine:jar:4.0.1:provided - omitted for duplicate)
|  |  |  +- (com.google.guava:guava:jar:28.2-jre:provided - version managed from 18.0; omitted for duplicate)
|  |  |  +- (org.slf4j:slf4j-api:jar:1.7.30:provided - version managed from 1.7.7; omitted for duplicate)
|  |  |  \- (org.slf4j:jcl-over-slf4j:jar:1.7.30:provided - version managed from 1.7.7; omitted for duplicate)
|  |  +- org.apache.shardingsphere:sharding-core-execute:jar:4.0.1:provided
|  |  |  +- org.apache.shardingsphere:shardingsphere-execute:jar:4.0.1:provided
|  |  |  |  +- (com.google.guava:guava:jar:28.2-jre:provided - version managed from 18.0; omitted for duplicate)
|  |  |  |  +- (org.slf4j:slf4j-api:jar:1.7.30:provided - version managed from 1.7.7; omitted for duplicate)
|  |  |  |  \- (org.slf4j:jcl-over-slf4j:jar:1.7.30:provided - version managed from 1.7.7; omitted for duplicate)
|  |  |  +- (org.apache.shardingsphere:sharding-core-route:jar:4.0.1:provided - omitted for duplicate)
|  |  |  +- (com.google.guava:guava:jar:28.2-jre:provided - version managed from 18.0; omitted for duplicate)
|  |  |  +- (org.slf4j:slf4j-api:jar:1.7.30:provided - version managed from 1.7.7; omitted for duplicate)
|  |  |  \- (org.slf4j:jcl-over-slf4j:jar:1.7.30:provided - version managed from 1.7.7; omitted for duplicate)
|  |  +- org.apache.shardingsphere:sharding-core-merge:jar:4.0.1:provided
|  |  |  +- org.apache.shardingsphere:shardingsphere-merge:jar:4.0.1:provided
|  |  |  |  +- (org.apache.shardingsphere:sharding-core-common:jar:4.0.1:provided - omitted for duplicate)
|  |  |  |  +- (org.apache.shardingsphere:shardingsphere-sql-parser-relation:jar:4.0.1:provided - omitted for duplicate)
|  |  |  |  +- (org.apache.shardingsphere:shardingsphere-execute:jar:4.0.1:provided - omitted for duplicate)
|  |  |  |  +- (com.google.guava:guava:jar:28.2-jre:provided - version managed from 18.0; omitted for duplicate)
|  |  |  |  +- (org.slf4j:slf4j-api:jar:1.7.30:provided - version managed from 1.7.7; omitted for duplicate)
|  |  |  |  \- (org.slf4j:jcl-over-slf4j:jar:1.7.30:provided - version managed from 1.7.7; omitted for duplicate)
|  |  |  +- (org.apache.shardingsphere:sharding-core-route:jar:4.0.1:provided - omitted for duplicate)
|  |  |  +- (com.google.guava:guava:jar:28.2-jre:provided - version managed from 18.0; omitted for duplicate)
|  |  |  +- (org.slf4j:slf4j-api:jar:1.7.30:provided - version managed from 1.7.7; omitted for duplicate)
|  |  |  \- (org.slf4j:jcl-over-slf4j:jar:1.7.30:provided - version managed from 1.7.7; omitted for duplicate)
|  |  +- org.apache.shardingsphere:encrypt-core-merge:jar:4.0.1:provided
|  |  |  +- (org.apache.shardingsphere:shardingsphere-merge:jar:4.0.1:provided - omitted for duplicate)
|  |  |  +- (org.apache.shardingsphere:sharding-core-common:jar:4.0.1:provided - omitted for duplicate)
|  |  |  +- (com.google.guava:guava:jar:28.2-jre:provided - version managed from 18.0; omitted for duplicate)
|  |  |  +- (org.slf4j:slf4j-api:jar:1.7.30:provided - version managed from 1.7.7; omitted for duplicate)
|  |  |  \- (org.slf4j:jcl-over-slf4j:jar:1.7.30:provided - version managed from 1.7.7; omitted for duplicate)
|  |  +- (com.google.guava:guava:jar:28.2-jre:provided - version managed from 18.0; omitted for duplicate)
|  |  +- (org.slf4j:slf4j-api:jar:1.7.30:provided - version managed from 1.7.7; omitted for duplicate)
|  |  \- (org.slf4j:jcl-over-slf4j:jar:1.7.30:provided - version managed from 1.7.7; omitted for duplicate)
|  +- org.apache.shardingsphere:sharding-transaction-core:jar:4.0.1:provided
|  |  +- (org.apache.shardingsphere:sharding-core-entry:jar:4.0.1:provided - omitted for duplicate)
|  |  +- (com.google.guava:guava:jar:28.2-jre:provided - version managed from 18.0; omitted for duplicate)
|  |  +- (org.slf4j:slf4j-api:jar:1.7.30:provided - version managed from 1.7.7; omitted for duplicate)
|  |  \- (org.slf4j:jcl-over-slf4j:jar:1.7.30:provided - version managed from 1.7.7; omitted for duplicate)
|  +- (com.google.guava:guava:jar:28.2-jre:provided - version managed from 18.0; omitted for duplicate)
|  +- (org.slf4j:slf4j-api:jar:1.7.30:provided - version managed from 1.7.7; omitted for duplicate)
|  \- org.slf4j:jcl-over-slf4j:jar:1.7.30:provided
|     \- (org.slf4j:slf4j-api:jar:1.7.30:provided - version managed from 1.7.7; omitted for duplicate)
+- io.dropwizard.metrics:metrics-core:jar:4.1.5:compile
|  \- (org.slf4j:slf4j-api:jar:1.7.30:compile - version managed from 1.7.7; omitted for duplicate)
+- io.dropwizard.metrics:metrics-servlets:jar:4.1.5:compile
|  +- (io.dropwizard.metrics:metrics-core:jar:4.1.5:compile - omitted for duplicate)
|  +- (io.dropwizard.metrics:metrics-healthchecks:jar:4.1.5:compile - omitted for duplicate)
|  +- io.dropwizard.metrics:metrics-json:jar:4.1.5:compile
|  |  +- (io.dropwizard.metrics:metrics-core:jar:4.1.5:compile - omitted for duplicate)
|  |  +- (com.fasterxml.jackson.core:jackson-databind:jar:2.10.3:compile - version managed from 2.9.10.3; omitted for duplicate)
|  |  \- (org.slf4j:slf4j-api:jar:1.7.30:compile - version managed from 1.7.7; omitted for duplicate)
|  +- io.dropwizard.metrics:metrics-jvm:jar:4.1.5:compile
|  |  +- (io.dropwizard.metrics:metrics-core:jar:4.1.5:compile - omitted for duplicate)
|  |  \- (org.slf4j:slf4j-api:jar:1.7.30:compile - version managed from 1.7.7; omitted for duplicate)
|  +- com.helger:profiler:jar:1.1.1:compile
|  +- (com.fasterxml.jackson.core:jackson-databind:jar:2.10.3:compile - version managed from 2.9.10.3; omitted for duplicate)
|  \- (org.slf4j:slf4j-api:jar:1.7.30:compile - version managed from 1.7.7; omitted for duplicate)
+- io.dropwizard.metrics:metrics-healthchecks:jar:4.1.5:compile
|  \- (org.slf4j:slf4j-api:jar:1.7.30:compile - version managed from 1.7.7; omitted for duplicate)
+- com.github.davidb:metrics-influxdb:jar:1.1.0:provided
|  +- (io.dropwizard.metrics:metrics-core:jar:4.0.5:provided - omitted for conflict with 4.1.5)
|  \- (org.slf4j:slf4j-api:jar:1.7.30:provided - version managed from 1.7.7; omitted for duplicate)
+- io.dropwizard.metrics:metrics-graphite:jar:4.1.5:provided
|  +- (io.dropwizard.metrics:metrics-core:jar:4.1.5:provided - omitted for duplicate)
|  +- (com.rabbitmq:amqp-client:jar:5.5.3:provided - omitted for conflict with 5.7.3)
|  \- (org.slf4j:slf4j-api:jar:1.7.30:provided - version managed from 1.7.7; omitted for duplicate)
+- org.apache.shiro:shiro-core:jar:1.3.2:provided
|  +- (org.slf4j:slf4j-api:jar:1.7.30:provided - version managed from 1.6.4; omitted for duplicate)
|  \- commons-beanutils:commons-beanutils:jar:1.8.3:provided
+- org.apache.shiro:shiro-web:jar:1.3.2:provided
|  \- (org.apache.shiro:shiro-core:jar:1.3.2:provided - omitted for duplicate)
+- org.apache.dubbo:dubbo:jar:2.7.5:provided
|  +- org.springframework:spring-context:jar:4.3.16.RELEASE:provided
|  |  +- org.springframework:spring-aop:jar:4.3.16.RELEASE:provided
|  |  |  +- (org.springframework:spring-beans:jar:4.3.16.RELEASE:provided - omitted for duplicate)
|  |  |  \- (org.springframework:spring-core:jar:4.3.16.RELEASE:provided - omitted for duplicate)
|  |  +- org.springframework:spring-beans:jar:4.3.16.RELEASE:provided
|  |  |  \- (org.springframework:spring-core:jar:4.3.16.RELEASE:provided - omitted for duplicate)
|  |  +- org.springframework:spring-core:jar:4.3.16.RELEASE:provided
|  |  |  \- (commons-logging:commons-logging:jar:1.2:provided - omitted for duplicate)
|  |  \- org.springframework:spring-expression:jar:4.3.16.RELEASE:provided
|  |     \- (org.springframework:spring-core:jar:4.3.16.RELEASE:provided - omitted for duplicate)
|  +- com.alibaba.spring:spring-context-support:jar:1.0.5:provided
|  +- (org.javassist:javassist:jar:3.20.0-GA:provided - omitted for conflict with 3.21.0-GA)
|  +- (io.netty:netty-all:jar:4.1.48.Final:provided - version managed from 4.1.25.Final; omitted for duplicate)
|  +- com.google.code.gson:gson:jar:2.8.5:provided
|  \- (org.yaml:snakeyaml:jar:1.20:provided - omitted for conflict with 1.24)
+- org.apache.dubbo:dubbo-dependencies-zookeeper:pom:2.7.5:provided
|  +- org.apache.curator:curator-recipes:jar:4.0.1:provided
|  |  \- org.apache.curator:curator-framework:jar:4.0.1:provided
|  |     \- org.apache.curator:curator-client:jar:4.0.1:provided
|  |        +- (com.google.guava:guava:jar:28.2-jre:provided - version managed from 20.0; omitted for duplicate)
|  |        \- (org.slf4j:slf4j-api:jar:1.7.30:provided - version managed from 1.7.6; omitted for duplicate)
|  \- (org.apache.zookeeper:zookeeper:jar:3.4.13:provided - omitted for conflict with 3.4.14)
+- org.jboss.resteasy:resteasy-jdk-http:jar:3.11.0.Final:provided
|  +- (org.jboss.resteasy:resteasy-jaxrs:jar:3.11.0.Final:provided - omitted for duplicate)
|  +- (org.jboss.resteasy:resteasy-client:jar:3.11.0.Final:provided - omitted for duplicate)
|  +- org.jboss.spec.javax.annotation:jboss-annotations-api_1.3_spec:jar:2.0.1.Final:provided
|  \- (org.jboss.logging:jboss-logging:jar:3.3.2.Final:compile - scope updated from provided; omitted for duplicate)
+- org.jboss.resteasy:resteasy-jaxrs:jar:3.11.0.Final:provided
|  +- org.jboss.spec.javax.ws.rs:jboss-jaxrs-api_2.1_spec:jar:2.0.1.Final:provided
|  +- org.jboss.spec.javax.xml.bind:jboss-jaxb-api_2.3_spec:jar:1.0.1.Final:provided
|  +- org.reactivestreams:reactive-streams:jar:1.0.3:provided
|  +- jakarta.validation:jakarta.validation-api:jar:2.0.2:provided
|  +- (org.jboss.spec.javax.annotation:jboss-annotations-api_1.3_spec:jar:2.0.1.Final:provided - omitted for duplicate)
|  +- com.sun.activation:jakarta.activation:jar:1.2.1:provided
|  +- org.apache.httpcomponents:httpclient:jar:4.5.12:provided
|  |  +- (org.apache.httpcomponents:httpcore:jar:4.4.13:provided - version managed from 4.4.8; omitted for duplicate)
|  |  +- commons-logging:commons-logging:jar:1.2:provided
|  |  \- (commons-codec:commons-codec:jar:1.14:provided - version managed from 1.11; omitted for duplicate)
|  +- (commons-io:commons-io:jar:2.5:provided - omitted for conflict with 2.6)
|  +- com.github.stephenc.jcip:jcip-annotations:jar:1.0-1:provided
|  \- (org.jboss.logging:jboss-logging:jar:3.3.2.Final:compile - scope updated from provided; omitted for duplicate)
+- org.jboss.resteasy:resteasy-client:jar:3.11.0.Final:provided
|  +- (org.jboss.spec.javax.ws.rs:jboss-jaxrs-api_2.1_spec:jar:2.0.1.Final:provided - omitted for duplicate)
|  +- (org.jboss.resteasy:resteasy-jaxrs:jar:3.11.0.Final:provided - omitted for duplicate)
|  +- (org.jboss.logging:jboss-logging:jar:3.3.2.Final:compile - scope updated from provided; omitted for duplicate)
|  +- (org.apache.httpcomponents:httpclient:jar:4.5.12:provided - version managed from 4.5.10; omitted for duplicate)
|  +- (commons-codec:commons-codec:jar:1.14:provided - version managed from 1.13; omitted for duplicate)
|  \- (commons-io:commons-io:jar:2.5:provided - omitted for conflict with 2.6)
+- org.jboss.resteasy:resteasy-netty4:jar:3.11.0.Final:provided
|  +- (org.jboss.resteasy:resteasy-jaxrs:jar:3.11.0.Final:provided - omitted for duplicate)
|  +- (io.netty:netty-all:jar:4.1.48.Final:provided - version managed from 4.1.45.Final; omitted for duplicate)
|  \- (org.jboss.logging:jboss-logging:jar:3.3.2.Final:compile - scope updated from provided; omitted for duplicate)
+- org.jboss.resteasy:resteasy-jackson-provider:jar:3.11.0.Final:provided
|  +- org.codehaus.jackson:jackson-core-asl:jar:1.9.13.redhat-00006:provided
|  +- org.codehaus.jackson:jackson-mapper-asl:jar:1.9.13.redhat-00006:provided
|  |  \- (org.codehaus.jackson:jackson-core-asl:jar:1.9.13.redhat-00006:provided - omitted for duplicate)
|  +- org.codehaus.jackson:jackson-jaxrs:jar:1.9.13.redhat-00006:provided
|  |  +- (org.codehaus.jackson:jackson-core-asl:jar:1.9.13.redhat-00006:provided - omitted for duplicate)
|  |  \- (org.codehaus.jackson:jackson-mapper-asl:jar:1.9.13.redhat-00006:provided - omitted for duplicate)
|  \- org.codehaus.jackson:jackson-xc:jar:1.9.13.redhat-00006:provided
|     +- (org.codehaus.jackson:jackson-core-asl:jar:1.9.13.redhat-00006:provided - omitted for duplicate)
|     \- (org.codehaus.jackson:jackson-mapper-asl:jar:1.9.13.redhat-00006:provided - omitted for duplicate)
+- com.101tec:zkclient:jar:0.11:provided
|  +- (org.apache.zookeeper:zookeeper:jar:3.4.13:provided - omitted for conflict with 3.4.14)
|  \- (org.slf4j:slf4j-api:jar:1.7.30:provided - version managed from 1.6.1; omitted for duplicate)
+- io.jsonwebtoken:jjwt:jar:0.9.1:compile
|  \- (com.fasterxml.jackson.core:jackson-databind:jar:2.10.3:compile - version managed from 2.9.6; omitted for duplicate)
+- com.squareup.okhttp3:okhttp:jar:3.14.4:provided
|  \- com.squareup.okio:okio:jar:1.17.2:provided
+- io.swagger:swagger-core:jar:1.5.21:provided
|  +- (org.apache.commons:commons-lang3:jar:3.9:provided - version managed from 3.2.1; omitted for duplicate)
|  +- (org.slf4j:slf4j-api:jar:1.7.30:provided - version managed from 1.7.22; omitted for duplicate)
|  +- (com.fasterxml.jackson.core:jackson-annotations:jar:2.10.3:provided - version managed from 2.9.5; omitted for duplicate)
|  +- (com.fasterxml.jackson.core:jackson-databind:jar:2.10.3:provided - version managed from 2.9.5; omitted for duplicate)
|  +- (com.fasterxml.jackson.dataformat:jackson-dataformat-yaml:jar:2.10.3:provided - version managed from 2.9.5; omitted for duplicate)
|  +- io.swagger:swagger-models:jar:1.5.21:provided
|  |  +- (com.fasterxml.jackson.core:jackson-annotations:jar:2.10.3:provided - version managed from 2.9.5; omitted for duplicate)
|  |  +- (org.slf4j:slf4j-api:jar:1.7.30:provided - version managed from 1.7.22; omitted for duplicate)
|  |  \- io.swagger:swagger-annotations:jar:1.5.21:provided
|  +- (com.google.guava:guava:jar:28.2-jre:provided - version managed from 20.0; omitted for duplicate)
|  \- javax.validation:validation-api:jar:1.1.0.Final:provided
+- io.seata:seata-tm:jar:1.1.0:provided
|  \- (io.seata:seata-core:jar:1.1.0:provided - omitted for duplicate)
+- io.seata:seata-rm-datasource:jar:1.1.0:provided
|  +- (io.seata:seata-core:jar:1.1.0:provided - omitted for duplicate)
|  +- io.seata:seata-rm:jar:1.1.0:provided
|  |  \- (io.seata:seata-core:jar:1.1.0:provided - omitted for duplicate)
|  +- io.seata:seata-sqlparser-core:jar:1.1.0:provided
|  |  \- (io.seata:seata-common:jar:1.1.0:provided - omitted for duplicate)
|  +- (com.github.ben-manes.caffeine:caffeine:jar:2.7.0:provided - omitted for conflict with 2.8.1)
|  \- (com.fasterxml.jackson.core:jackson-databind:jar:2.10.3:provided - version managed from 2.9.9; omitted for duplicate)
+- io.seata:seata-config-core:jar:1.1.0:provided
|  +- (io.seata:seata-common:jar:1.1.0:provided - omitted for duplicate)
|  \- com.typesafe:config:jar:1.2.1:provided
+- io.seata:seata-codec-seata:jar:1.0.0:provided
|  \- (io.seata:seata-core:jar:1.0.0:provided - omitted for conflict with 1.1.0)
+- io.seata:seata-core:jar:1.1.0:provided
|  +- (io.seata:seata-common:jar:1.1.0:provided - omitted for duplicate)
|  +- io.seata:seata-discovery-core:jar:1.1.0:provided
|  +- (io.netty:netty-all:jar:4.1.48.Final:provided - version managed from 4.1.30.Final; omitted for duplicate)
|  \- (commons-pool:commons-pool:jar:1.6:provided - omitted for duplicate)
+- io.seata:seata-common:jar:1.1.0:provided
|  +- (io.netty:netty-all:jar:4.1.48.Final:provided - version managed from 4.1.30.Final; omitted for duplicate)
|  +- (org.slf4j:slf4j-api:jar:1.7.30:provided - version managed from 1.7.22; omitted for duplicate)
|  \- commons-lang:commons-lang:jar:2.6:provided
+- net.oschina.j2cache:j2cache-core:jar:2.8.0-release:provided
|  +- (com.github.ben-manes.caffeine:caffeine:jar:2.6.2:provided - omitted for conflict with 2.8.1)
|  +- (redis.clients:jedis:jar:2.9.0:provided - omitted for conflict with 2.10.2)
|  +- (de.ruedigermoeller:fst:jar:2.57:provided - omitted for duplicate)
|  +- (org.slf4j:slf4j-api:jar:1.7.30:provided - version managed from 1.7.25; omitted for duplicate)
|  +- (com.alibaba:fastjson:jar:1.2.67:provided - version managed from 1.2.49; omitted for duplicate)
|  \- jline:jline:jar:2.14.2:provided
+- org.apache.qpid:qpid-client:jar:6.3.4:provided
|  \- (org.slf4j:slf4j-api:jar:1.7.30:provided - version managed from 1.7.25; omitted for duplicate)
+- org.apache.geronimo.specs:geronimo-jms_1.1_spec:jar:1.1.1:provided
+- ch.qos.logback:logback-core:jar:1.2.3:provided
\- ch.qos.logback:logback-classic:jar:1.2.3:provided
   +- (ch.qos.logback:logback-core:jar:1.2.3:provided - omitted for duplicate)
   \- (org.slf4j:slf4j-api:jar:1.7.30:provided - version managed from 1.7.25; omitted for duplicate)

