WARNING: Your kernel does not support swap limit capabilities or the cgroup is not mounted. Memory limited without swap.
io.jboot:jboot:jar:1.6.8
+- com.jfinal:jfinal-java8:jar:3.4:compile
|  \- cglib:cglib-nodep:jar:3.2.5:compile
+- com.jfinal:cos:jar:2017.5:compile
+- com.jfinal:jfinal-weixin:jar:2.1:compile
+- com.zaxxer:HikariCP:jar:3.2.0:compile
|  \- (org.slf4j:slf4j-api:jar:1.7.25:compile - omitted for duplicate)
+- com.alibaba:druid:jar:1.1.11:provided
+- mysql:mysql-connector-java:jar:5.1.46:compile
+- junit:junit:jar:4.12:provided
|  \- org.hamcrest:hamcrest-core:jar:1.3:provided
+- javax.servlet:javax.servlet-api:jar:3.1.0:compile
+- io.undertow:undertow-core:jar:2.0.13.Final:compile
|  +- org.jboss.logging:jboss-logging:jar:3.3.2.Final:compile
|  +- org.jboss.xnio:xnio-api:jar:3.3.8.Final:compile
|  \- org.jboss.xnio:xnio-nio:jar:3.3.8.Final:runtime
|     \- (org.jboss.xnio:xnio-api:jar:3.3.8.Final:runtime - omitted for duplicate)
+- io.undertow:undertow-servlet:jar:2.0.13.Final:compile
|  +- (io.undertow:undertow-core:jar:2.0.13.Final:compile - omitted for duplicate)
|  +- org.jboss.spec.javax.servlet:jboss-servlet-api_4.0_spec:jar:1.0.0.Final:compile
|  \- org.jboss.spec.javax.annotation:jboss-annotations-api_1.2_spec:jar:1.0.2.Final:compile
+- io.undertow:undertow-websockets-jsr:jar:2.0.13.Final:compile
|  +- (io.undertow:undertow-core:jar:2.0.13.Final:compile - omitted for duplicate)
|  +- (io.undertow:undertow-servlet:jar:2.0.13.Final:compile - omitted for duplicate)
|  \- org.jboss.spec.javax.websocket:jboss-websocket-api_1.1_spec:jar:1.1.3.Final:compile
+- org.eclipse.jetty:jetty-server:jar:9.4.10.v20180503:provided
|  +- (javax.servlet:javax.servlet-api:jar:3.1.0:provided - omitted for duplicate)
|  +- org.eclipse.jetty:jetty-http:jar:9.4.10.v20180503:provided
|  |  +- org.eclipse.jetty:jetty-util:jar:9.4.10.v20180503:provided
|  |  \- (org.eclipse.jetty:jetty-io:jar:9.4.10.v20180503:provided - omitted for duplicate)
|  \- org.eclipse.jetty:jetty-io:jar:9.4.10.v20180503:provided
|     \- (org.eclipse.jetty:jetty-util:jar:9.4.10.v20180503:provided - omitted for duplicate)
+- org.eclipse.jetty:jetty-servlet:jar:9.4.10.v20180503:provided
|  \- org.eclipse.jetty:jetty-security:jar:9.4.10.v20180503:provided
|     \- (org.eclipse.jetty:jetty-server:jar:9.4.10.v20180503:provided - omitted for duplicate)
+- com.weibo:motan-core:jar:1.1.1:provided
|  +- commons-pool:commons-pool:jar:1.6:provided
|  +- com.caucho:hessian:jar:4.0.38:provided
|  +- (com.alibaba:fastjson:jar:1.1.30:provided - omitted for conflict with 1.2.49)
|  +- com.codahale.metrics:metrics-core:jar:3.0.1:provided
|  |  \- (org.slf4j:slf4j-api:jar:1.7.5:provided - omitted for conflict with 1.7.25)
|  +- (com.google.guava:guava:jar:18.0:provided - omitted for conflict with 26.0-jre)
|  +- com.squareup:javapoet:jar:1.8.0:provided
|  +- (org.slf4j:slf4j-api:jar:1.5.8:provided - omitted for conflict with 1.7.25)
|  +- (org.apache.commons:commons-lang3:jar:3.1:compile - scope updated from provided; omitted for duplicate)
|  \- commons-codec:commons-codec:jar:1.4:provided
+- com.weibo:motan-transport-netty4:jar:1.1.1:provided
|  +- (com.weibo:motan-core:jar:1.1.1:provided - omitted for duplicate)
|  +- io.netty:netty-all:jar:4.1.16.Final:provided
|  +- (org.slf4j:slf4j-api:jar:1.5.8:provided - omitted for conflict with 1.7.25)
|  +- (org.apache.commons:commons-lang3:jar:3.1:provided - omitted for duplicate)
|  \- (commons-codec:commons-codec:jar:1.4:provided - omitted for duplicate)
+- com.weibo:motan-registry-consul:jar:1.1.1:provided
|  +- (com.weibo:motan-core:jar:1.1.1:provided - omitted for duplicate)
|  +- com.ecwid.consul:consul-api:jar:1.3.0:provided
|  |  +- com.google.code.gson:gson:jar:2.8.2:provided
|  |  +- org.apache.httpcomponents:httpcore:jar:4.4.8:provided
|  |  \- (org.apache.httpcomponents:httpclient:jar:4.5.3:provided - omitted for conflict with 4.5.4)
|  +- (org.slf4j:slf4j-api:jar:1.5.8:provided - omitted for conflict with 1.7.25)
|  +- (org.apache.commons:commons-lang3:jar:3.1:provided - omitted for duplicate)
|  \- (commons-codec:commons-codec:jar:1.4:provided - omitted for duplicate)
+- com.weibo:motan-registry-zookeeper:jar:1.1.1:provided
|  +- (com.weibo:motan-core:jar:1.1.1:provided - omitted for duplicate)
|  +- (org.apache.zookeeper:zookeeper:jar:3.4.8:compile - scope updated from provided; omitted for duplicate)
|  +- (com.101tec:zkclient:jar:0.3:provided - omitted for conflict with 0.10)
|  +- (org.slf4j:slf4j-api:jar:1.5.8:provided - omitted for conflict with 1.7.25)
|  +- (org.apache.commons:commons-lang3:jar:3.1:provided - omitted for duplicate)
|  \- (commons-codec:commons-codec:jar:1.4:provided - omitted for duplicate)
+- org.slf4j:slf4j-api:jar:1.7.25:compile
+- com.alibaba:fastjson:jar:1.2.49:compile
+- com.google.guava:guava:jar:26.0-jre:compile
|  +- com.google.code.findbugs:jsr305:jar:3.0.2:compile
|  +- org.checkerframework:checker-qual:jar:2.5.2:compile
|  +- com.google.errorprone:error_prone_annotations:jar:2.1.3:compile
|  +- com.google.j2objc:j2objc-annotations:jar:1.1:compile
|  \- org.codehaus.mojo:animal-sniffer-annotations:jar:1.14:compile
+- com.github.ben-manes.caffeine:caffeine:jar:2.6.2:compile
+- it.sauronsoftware.cron4j:cron4j:jar:2.2.5:compile
+- redis.clients:jedis:jar:2.9.0:compile
|  \- org.apache.commons:commons-pool2:jar:2.4.2:compile
+- io.lettuce:lettuce-core:jar:5.0.5.RELEASE:provided
|  +- io.projectreactor:reactor-core:jar:3.1.6.RELEASE:provided
|  |  \- (org.reactivestreams:reactive-streams:jar:1.0.2:provided - omitted for duplicate)
|  +- io.netty:netty-common:jar:4.1.24.Final:provided
|  +- io.netty:netty-transport:jar:4.1.24.Final:provided
|  |  +- io.netty:netty-buffer:jar:4.1.24.Final:provided
|  |  |  \- (io.netty:netty-common:jar:4.1.24.Final:provided - omitted for duplicate)
|  |  \- io.netty:netty-resolver:jar:4.1.24.Final:provided
|  |     \- (io.netty:netty-common:jar:4.1.24.Final:provided - omitted for duplicate)
|  \- io.netty:netty-handler:jar:4.1.24.Final:provided
|     +- (io.netty:netty-buffer:jar:4.1.24.Final:provided - omitted for duplicate)
|     +- (io.netty:netty-transport:jar:4.1.24.Final:provided - omitted for duplicate)
|     \- io.netty:netty-codec:jar:4.1.24.Final:provided
|        \- (io.netty:netty-transport:jar:4.1.24.Final:provided - omitted for duplicate)
+- de.ruedigermoeller:fst:jar:2.57:compile
|  +- com.fasterxml.jackson.core:jackson-core:jar:2.8.8:compile
|  +- org.javassist:javassist:jar:3.21.0-GA:compile
|  \- org.objenesis:objenesis:jar:2.5.1:compile
+- com.esotericsoftware:kryo:jar:4.0.2:provided
|  +- com.esotericsoftware:reflectasm:jar:1.11.3:provided
|  |  \- org.ow2.asm:asm:jar:5.0.4:provided
|  +- com.esotericsoftware:minlog:jar:1.3.0:provided
|  \- (org.objenesis:objenesis:jar:2.5.1:provided - omitted for duplicate)
+- org.jsoup:jsoup:jar:1.11.3:compile
+- com.aliyun.openservices:ons-client:jar:1.7.8.Final:provided
|  \- (org.slf4j:slf4j-api:jar:1.7.7:provided - omitted for conflict with 1.7.25)
+- com.rabbitmq:amqp-client:jar:5.0.0:provided
|  \- (org.slf4j:slf4j-api:jar:1.7.25:provided - omitted for duplicate)
+- net.sf.ehcache:ehcache:jar:2.10.5:compile
|  \- (org.slf4j:slf4j-api:jar:1.7.25:compile - omitted for duplicate)
+- com.netflix.hystrix:hystrix-core:jar:1.5.12:compile
|  +- (org.slf4j:slf4j-api:jar:1.7.0:runtime - omitted for conflict with 1.7.25)
|  +- com.netflix.archaius:archaius-core:jar:0.4.1:compile
|  |  +- commons-configuration:commons-configuration:jar:1.8:compile
|  |  |  +- commons-lang:commons-lang:jar:2.6:compile
|  |  |  \- commons-logging:commons-logging:jar:1.2:compile
|  |  \- (org.slf4j:slf4j-api:jar:1.6.4:compile - omitted for conflict with 1.7.25)
|  +- io.reactivex:rxjava:jar:1.2.0:compile
|  \- org.hdrhistogram:HdrHistogram:jar:2.1.9:compile
+- com.netflix.hystrix:hystrix-metrics-event-stream:jar:1.5.12:compile
|  +- com.netflix.hystrix:hystrix-serialization:jar:1.5.12:runtime
|  |  +- com.fasterxml.jackson.module:jackson-module-afterburner:jar:2.7.5:runtime
|  |  |  +- (com.fasterxml.jackson.core:jackson-core:jar:2.7.5:runtime - omitted for conflict with 2.8.8)
|  |  |  \- (com.fasterxml.jackson.core:jackson-databind:jar:2.7.5:runtime - omitted for duplicate)
|  |  +- (com.netflix.hystrix:hystrix-core:jar:1.5.12:runtime - omitted for duplicate)
|  |  +- (com.fasterxml.jackson.core:jackson-core:jar:2.7.5:runtime - omitted for conflict with 2.8.8)
|  |  +- (com.fasterxml.jackson.core:jackson-databind:jar:2.7.5:compile - scope updated from runtime; omitted for duplicate)
|  |  \- (com.fasterxml.jackson.core:jackson-annotations:jar:2.7.5:compile - scope updated from runtime; omitted for duplicate)
|  \- (com.netflix.hystrix:hystrix-core:jar:1.5.12:compile - omitted for duplicate)
+- com.netflix.hystrix:hystrix-codahale-metrics-publisher:jar:1.5.12:compile
|  +- (com.netflix.hystrix:hystrix-core:jar:1.5.12:compile - omitted for duplicate)
|  \- (io.dropwizard.metrics:metrics-core:jar:3.2.2:compile - omitted for conflict with 4.0.3)
+- io.shardingjdbc:sharding-jdbc-core:jar:2.0.3:compile
|  +- (com.google.guava:guava:jar:18.0:compile - omitted for conflict with 26.0-jre)
|  +- (org.apache.commons:commons-lang3:jar:3.1:compile - omitted for conflict with 3.8)
|  +- org.codehaus.groovy:groovy:jar:indy:2.4.5:compile
|  +- org.yaml:snakeyaml:jar:1.16:compile
|  \- (org.slf4j:slf4j-api:jar:1.7.7:compile - omitted for conflict with 1.7.25)
+- io.dropwizard.metrics:metrics-core:jar:4.0.3:compile
|  \- (org.slf4j:slf4j-api:jar:1.7.25:compile - omitted for duplicate)
+- io.dropwizard.metrics:metrics-graphite:jar:4.0.3:provided
|  +- (io.dropwizard.metrics:metrics-core:jar:4.0.3:provided - omitted for duplicate)
|  +- (com.rabbitmq:amqp-client:jar:4.4.1:provided - omitted for conflict with 5.0.0)
|  \- (org.slf4j:slf4j-api:jar:1.7.25:provided - omitted for duplicate)
+- io.dropwizard.metrics:metrics-servlets:jar:4.0.3:compile
|  +- (io.dropwizard.metrics:metrics-core:jar:4.0.3:compile - omitted for duplicate)
|  +- io.dropwizard.metrics:metrics-healthchecks:jar:4.0.3:compile
|  |  \- (org.slf4j:slf4j-api:jar:1.7.25:compile - omitted for duplicate)
|  +- io.dropwizard.metrics:metrics-json:jar:4.0.3:compile
|  |  +- (io.dropwizard.metrics:metrics-core:jar:4.0.3:compile - omitted for duplicate)
|  |  +- (com.fasterxml.jackson.core:jackson-databind:jar:2.7.5:compile - omitted for conflict with 2.9.3)
|  |  \- (org.slf4j:slf4j-api:jar:1.7.25:compile - omitted for duplicate)
|  +- io.dropwizard.metrics:metrics-jvm:jar:4.0.3:compile
|  |  +- (io.dropwizard.metrics:metrics-core:jar:4.0.3:compile - omitted for duplicate)
|  |  \- (org.slf4j:slf4j-api:jar:1.7.25:compile - omitted for duplicate)
|  +- com.papertrail:profiler:jar:1.0.2:compile
|  |  \- joda-time:joda-time:jar:2.9.1:compile
|  +- com.fasterxml.jackson.core:jackson-databind:jar:2.9.3:compile
|  |  +- (com.fasterxml.jackson.core:jackson-annotations:jar:2.9.0:compile - omitted for conflict with 2.9.5)
|  |  \- (com.fasterxml.jackson.core:jackson-core:jar:2.9.3:compile - omitted for conflict with 2.8.8)
|  \- (org.slf4j:slf4j-api:jar:1.7.25:compile - omitted for duplicate)
+- com.google.inject:guice:jar:4.2.0:compile
|  +- javax.inject:javax.inject:jar:1:compile
|  +- aopalliance:aopalliance:jar:1.0:compile
|  \- (com.google.guava:guava:jar:23.6-android:compile - omitted for conflict with 26.0-jre)
+- org.apache.shiro:shiro-core:jar:1.3.2:provided
|  +- (org.slf4j:slf4j-api:jar:1.6.4:provided - omitted for conflict with 1.7.25)
|  \- commons-beanutils:commons-beanutils:jar:1.8.3:provided
+- org.apache.shiro:shiro-web:jar:1.3.2:provided
|  \- (org.apache.shiro:shiro-core:jar:1.3.2:provided - omitted for duplicate)
+- com.alibaba:dubbo:jar:2.6.3:compile
|  +- (org.javassist:javassist:jar:3.20.0-GA:compile - omitted for conflict with 3.21.0-GA)
|  \- org.jboss.netty:netty:jar:3.2.5.Final:compile
+- org.apache.curator:curator-framework:jar:4.0.1:compile
|  \- org.apache.curator:curator-client:jar:4.0.1:compile
|     +- org.apache.zookeeper:zookeeper:jar:3.4.8:compile
|     |  +- (org.slf4j:slf4j-api:jar:1.7.5:compile - omitted for conflict with 1.7.25)
|     |  +- commons-cli:commons-cli:jar:1.2:compile
|     |  +- log4j:log4j:jar:1.2.17:compile
|     |  \- io.netty:netty:jar:3.10.5.Final:compile
|     +- (com.google.guava:guava:jar:20.0:compile - omitted for conflict with 26.0-jre)
|     \- (org.slf4j:slf4j-api:jar:1.7.6:compile - omitted for conflict with 1.7.25)
+- org.jboss.resteasy:resteasy-jdk-http:jar:3.5.1.Final:provided
|  +- (org.jboss.resteasy:resteasy-jaxrs:jar:3.5.1.Final:provided - omitted for duplicate)
|  +- (org.jboss.resteasy:resteasy-client:jar:3.5.1.Final:provided - omitted for duplicate)
|  +- (org.jboss.spec.javax.annotation:jboss-annotations-api_1.2_spec:jar:1.0.0.Final:provided - omitted for conflict with 1.0.2.Final)
|  \- (org.jboss.logging:jboss-logging:jar:3.3.1.Final:provided - omitted for conflict with 3.3.2.Final)
+- org.jboss.resteasy:resteasy-jaxrs:jar:3.5.1.Final:provided
|  +- org.jboss.spec.javax.ws.rs:jboss-jaxrs-api_2.1_spec:jar:1.0.0.Final:provided
|  +- org.jboss.spec.javax.xml.bind:jboss-jaxb-api_2.3_spec:jar:1.0.0.Final:provided
|  +- org.reactivestreams:reactive-streams:jar:1.0.2:provided
|  +- (javax.validation:validation-api:jar:1.1.0.Final:compile - scope updated from provided; omitted for duplicate)
|  +- (org.jboss.spec.javax.annotation:jboss-annotations-api_1.2_spec:jar:1.0.0.Final:provided - omitted for conflict with 1.0.2.Final)
|  +- javax.activation:activation:jar:1.1.1:provided
|  +- org.apache.httpcomponents:httpclient:jar:4.5.4:provided
|  |  +- (org.apache.httpcomponents:httpcore:jar:4.4.7:provided - omitted for conflict with 4.4.8)
|  |  +- (commons-logging:commons-logging:jar:1.2:compile - scope updated from provided; omitted for duplicate)
|  |  \- (commons-codec:commons-codec:jar:1.10:provided - omitted for conflict with 1.4)
|  +- commons-io:commons-io:jar:2.5:provided
|  +- net.jcip:jcip-annotations:jar:1.0:provided
|  +- javax.json.bind:javax.json.bind-api:jar:1.0:provided
|  +- (org.jboss.logging:jboss-logging:jar:3.3.1.Final:provided - omitted for conflict with 3.3.2.Final)
|  +- org.eclipse.microprofile.rest.client:microprofile-rest-client-api:jar:1.0:provided
|  |  \- (javax.inject:javax.inject:jar:1:provided - omitted for duplicate)
|  \- org.eclipse.microprofile.config:microprofile-config-api:jar:1.1:provided
|     \- org.osgi:org.osgi.annotation.versioning:jar:1.0.0:provided
+- org.jboss.resteasy:resteasy-client:jar:3.5.1.Final:provided
|  +- (org.jboss.spec.javax.ws.rs:jboss-jaxrs-api_2.1_spec:jar:1.0.0.Final:provided - omitted for duplicate)
|  +- (org.jboss.resteasy:resteasy-jaxrs:jar:3.5.1.Final:provided - omitted for duplicate)
|  +- (org.jboss.logging:jboss-logging:jar:3.3.1.Final:provided - omitted for conflict with 3.3.2.Final)
|  \- (org.apache.httpcomponents:httpclient:jar:4.5.4:provided - omitted for duplicate)
+- org.jboss.resteasy:resteasy-netty4:jar:3.5.1.Final:provided
|  +- (org.jboss.resteasy:resteasy-jaxrs:jar:3.5.1.Final:provided - omitted for duplicate)
|  +- (io.netty:netty-all:jar:4.1.16.Final:provided - omitted for duplicate)
|  \- (org.jboss.logging:jboss-logging:jar:3.3.1.Final:provided - omitted for conflict with 3.3.2.Final)
+- org.jboss.resteasy:resteasy-jackson-provider:jar:3.5.1.Final:provided
|  +- org.codehaus.jackson:jackson-core-asl:jar:1.9.13:provided
|  +- org.codehaus.jackson:jackson-mapper-asl:jar:1.9.13:provided
|  |  \- (org.codehaus.jackson:jackson-core-asl:jar:1.9.13:provided - omitted for duplicate)
|  +- org.codehaus.jackson:jackson-jaxrs:jar:1.9.13:provided
|  |  +- (org.codehaus.jackson:jackson-core-asl:jar:1.9.13:provided - omitted for duplicate)
|  |  \- (org.codehaus.jackson:jackson-mapper-asl:jar:1.9.13:provided - omitted for duplicate)
|  \- org.codehaus.jackson:jackson-xc:jar:1.9.13:provided
|     +- (org.codehaus.jackson:jackson-core-asl:jar:1.9.13:provided - omitted for duplicate)
|     \- (org.codehaus.jackson:jackson-mapper-asl:jar:1.9.13:provided - omitted for duplicate)
+- com.101tec:zkclient:jar:0.10:provided
|  +- (org.slf4j:slf4j-api:jar:1.6.1:provided - omitted for conflict with 1.7.25)
|  \- (org.apache.zookeeper:zookeeper:jar:3.4.8:compile - scope updated from provided; omitted for duplicate)
+- io.opentracing:opentracing-api:jar:0.31.0:compile
+- io.opentracing.brave:brave-opentracing:jar:0.33.0:compile
|  +- (io.opentracing:opentracing-api:jar:0.31.0:compile - omitted for duplicate)
|  \- io.zipkin.brave:brave:jar:5.3.3:compile
|     +- (io.zipkin.zipkin2:zipkin:jar:2.11.5:compile - omitted for duplicate)
|     \- (io.zipkin.reporter2:zipkin-reporter:jar:2.7.8:compile - omitted for duplicate)
+- io.zipkin.reporter2:zipkin-sender-urlconnection:jar:2.7.8:compile
|  +- io.zipkin.reporter2:zipkin-reporter:jar:2.7.8:compile
|  |  \- (io.zipkin.zipkin2:zipkin:jar:2.11.5:compile - omitted for duplicate)
|  \- io.zipkin.zipkin2:zipkin:jar:2.11.5:compile
+- org.apache.skywalking:apm-toolkit-opentracing:jar:5.0.0-RC2:provided
|  +- (io.opentracing:opentracing-api:jar:0.30.0:provided - omitted for conflict with 0.31.0)
|  \- io.opentracing:opentracing-noop:jar:0.30.0:provided
|     \- (io.opentracing:opentracing-api:jar:0.30.0:provided - omitted for conflict with 0.31.0)
+- io.jsonwebtoken:jjwt:jar:0.9.1:compile
|  \- (com.fasterxml.jackson.core:jackson-databind:jar:2.9.6:compile - omitted for conflict with 2.9.3)
+- com.squareup.okhttp3:okhttp:jar:3.11.0:provided
|  \- com.squareup.okio:okio:jar:1.14.0:provided
+- io.zbus:zbus:jar:0.11.5:provided
|  +- (io.netty:netty-all:jar:4.0.51.Final:provided - omitted for conflict with 4.1.16.Final)
|  \- (com.alibaba:fastjson:jar:1.2.24:provided - omitted for conflict with 1.2.49)
+- io.swagger:swagger-core:jar:1.5.19:compile
|  +- (org.apache.commons:commons-lang3:jar:3.2.1:compile - omitted for conflict with 3.1)
|  +- (org.slf4j:slf4j-api:jar:1.7.22:compile - omitted for conflict with 1.7.25)
|  +- com.fasterxml.jackson.core:jackson-annotations:jar:2.9.5:compile
|  +- (com.fasterxml.jackson.core:jackson-databind:jar:2.9.5:compile - omitted for conflict with 2.9.3)
|  +- com.fasterxml.jackson.dataformat:jackson-dataformat-yaml:jar:2.9.5:compile
|  |  +- (org.yaml:snakeyaml:jar:1.18:compile - omitted for conflict with 1.16)
|  |  \- (com.fasterxml.jackson.core:jackson-core:jar:2.9.5:compile - omitted for conflict with 2.8.8)
|  +- io.swagger:swagger-models:jar:1.5.19:compile
|  |  +- (com.fasterxml.jackson.core:jackson-annotations:jar:2.9.5:compile - omitted for duplicate)
|  |  +- (org.slf4j:slf4j-api:jar:1.7.22:compile - omitted for conflict with 1.7.25)
|  |  \- io.swagger:swagger-annotations:jar:1.5.19:compile
|  +- (com.google.guava:guava:jar:20.0:compile - omitted for conflict with 26.0-jre)
|  \- javax.validation:validation-api:jar:1.1.0.Final:compile
+- org.apache.commons:commons-lang3:jar:3.8:compile
+- net.oschina.j2cache:j2cache-core:jar:2.7.0-release:provided
|  +- (com.github.ben-manes.caffeine:caffeine:jar:2.6.2:provided - omitted for duplicate)
|  +- (redis.clients:jedis:jar:2.9.0:provided - omitted for duplicate)
|  +- (de.ruedigermoeller:fst:jar:2.57:provided - omitted for duplicate)
|  +- (org.slf4j:slf4j-api:jar:1.7.25:provided - omitted for duplicate)
|  +- org.slf4j:slf4j-simple:jar:1.7.25:provided
|  |  \- (org.slf4j:slf4j-api:jar:1.7.25:provided - omitted for duplicate)
|  +- (com.alibaba:fastjson:jar:1.2.49:provided - omitted for duplicate)
|  \- jline:jline:jar:2.14.2:provided
+- org.apache.qpid:qpid-client:jar:6.3.3:provided
|  \- (org.slf4j:slf4j-api:jar:1.7.25:provided - omitted for duplicate)
\- org.apache.geronimo.specs:geronimo-jms_1.1_spec:jar:1.1.1:provided

