WARNING: Your kernel does not support swap limit capabilities or the cgroup is not mounted. Memory limited without swap.
io.jboot:jboot:jar:1.1.9
+- com.jfinal:jfinal-java8:jar:3.3:compile
|  \- cglib:cglib-nodep:jar:3.2.5:compile
+- com.jfinal:cos:jar:2017.5:compile
+- com.jfinal:jfinal-weixin:jar:1.9:compile
+- com.zaxxer:HikariCP:jar:2.7.4:compile
|  \- (org.slf4j:slf4j-api:jar:1.7.25:compile - omitted for duplicate)
+- mysql:mysql-connector-java:jar:5.1.42:compile
+- junit:junit:jar:4.12:provided
|  \- org.hamcrest:hamcrest-core:jar:1.3:provided
+- javax.servlet:javax.servlet-api:jar:3.1.0:compile
+- io.undertow:undertow-core:jar:1.4.21.Final:compile
|  +- org.jboss.logging:jboss-logging:jar:3.2.1.Final:compile
|  +- org.jboss.xnio:xnio-api:jar:3.3.8.Final:compile
|  \- org.jboss.xnio:xnio-nio:jar:3.3.8.Final:runtime
|     \- (org.jboss.xnio:xnio-api:jar:3.3.8.Final:runtime - omitted for duplicate)
+- io.undertow:undertow-servlet:jar:1.4.21.Final:compile
|  +- (io.undertow:undertow-core:jar:1.4.21.Final:compile - omitted for duplicate)
|  +- org.jboss.spec.javax.servlet:jboss-servlet-api_3.1_spec:jar:1.0.0.Final:compile
|  \- org.jboss.spec.javax.annotation:jboss-annotations-api_1.2_spec:jar:1.0.0.Final:compile
+- io.undertow:undertow-websockets-jsr:jar:1.4.21.Final:compile
|  +- (io.undertow:undertow-core:jar:1.4.21.Final:compile - omitted for duplicate)
|  +- (io.undertow:undertow-servlet:jar:1.4.21.Final:compile - omitted for duplicate)
|  \- org.jboss.spec.javax.websocket:jboss-websocket-api_1.1_spec:jar:1.1.0.Final:compile
+- com.weibo:motan-core:jar:1.1.0:compile
|  +- commons-pool:commons-pool:jar:1.6:compile
|  +- com.caucho:hessian:jar:4.0.38:compile
|  +- (com.alibaba:fastjson:jar:1.1.30:compile - omitted for conflict with 1.2.42)
|  +- com.codahale.metrics:metrics-core:jar:3.0.1:compile
|  |  \- (org.slf4j:slf4j-api:jar:1.7.5:compile - omitted for conflict with 1.7.25)
|  +- (com.google.guava:guava:jar:18.0:compile - omitted for conflict with 23.0)
|  +- com.squareup:javapoet:jar:1.8.0:compile
|  +- (org.slf4j:slf4j-api:jar:1.5.8:compile - omitted for conflict with 1.7.25)
|  +- (org.apache.commons:commons-lang3:jar:3.1:compile - omitted for conflict with 3.7)
|  \- commons-codec:commons-codec:jar:1.4:compile
+- com.weibo:motan-transport-netty4:jar:1.1.0:compile
|  +- (com.weibo:motan-core:jar:1.1.0:compile - omitted for duplicate)
|  +- io.netty:netty-all:jar:4.1.16.Final:compile
|  +- (org.slf4j:slf4j-api:jar:1.5.8:compile - omitted for conflict with 1.7.25)
|  +- (org.apache.commons:commons-lang3:jar:3.1:compile - omitted for duplicate)
|  \- (commons-codec:commons-codec:jar:1.4:compile - omitted for duplicate)
+- com.weibo:motan-registry-consul:jar:1.1.0:compile
|  +- (com.weibo:motan-core:jar:1.1.0:compile - omitted for duplicate)
|  +- com.ecwid.consul:consul-api:jar:1.3.0:compile
|  |  +- com.google.code.gson:gson:jar:2.8.2:compile
|  |  +- org.apache.httpcomponents:httpcore:jar:4.4.8:compile
|  |  \- org.apache.httpcomponents:httpclient:jar:4.5.3:compile
|  |     +- (org.apache.httpcomponents:httpcore:jar:4.4.6:compile - omitted for conflict with 4.4.8)
|  |     +- commons-logging:commons-logging:jar:1.2:compile
|  |     \- (commons-codec:commons-codec:jar:1.9:compile - omitted for conflict with 1.4)
|  +- (org.slf4j:slf4j-api:jar:1.5.8:compile - omitted for conflict with 1.7.25)
|  +- (org.apache.commons:commons-lang3:jar:3.1:compile - omitted for duplicate)
|  \- (commons-codec:commons-codec:jar:1.4:compile - omitted for duplicate)
+- com.weibo:motan-registry-zookeeper:jar:1.1.0:compile
|  +- (com.weibo:motan-core:jar:1.1.0:compile - omitted for duplicate)
|  +- org.apache.zookeeper:zookeeper:jar:3.4.8:compile
|  |  +- (org.slf4j:slf4j-api:jar:1.6.1:compile - omitted for conflict with 1.7.25)
|  |  +- jline:jline:jar:0.9.94:compile
|  |  \- io.netty:netty:jar:3.7.0.Final:compile
|  +- (com.101tec:zkclient:jar:0.3:compile - omitted for conflict with 0.10)
|  +- (org.slf4j:slf4j-api:jar:1.5.8:compile - omitted for conflict with 1.7.25)
|  +- (org.apache.commons:commons-lang3:jar:3.1:compile - omitted for duplicate)
|  \- (commons-codec:commons-codec:jar:1.4:compile - omitted for duplicate)
+- org.slf4j:slf4j-api:jar:1.7.25:compile
+- com.alibaba:fastjson:jar:1.2.42:compile
+- com.google.guava:guava:jar:23.0:compile
|  +- com.google.code.findbugs:jsr305:jar:1.3.9:compile
|  +- com.google.errorprone:error_prone_annotations:jar:2.0.18:compile
|  +- com.google.j2objc:j2objc-annotations:jar:1.1:compile
|  \- org.codehaus.mojo:animal-sniffer-annotations:jar:1.14:compile
+- it.sauronsoftware.cron4j:cron4j:jar:2.2.5:compile
+- redis.clients:jedis:jar:2.9.0:compile
|  \- org.apache.commons:commons-pool2:jar:2.4.2:compile
+- de.ruedigermoeller:fst:jar:2.56:compile
|  +- com.fasterxml.jackson.core:jackson-core:jar:2.8.8:compile
|  +- org.javassist:javassist:jar:3.21.0-GA:compile
|  \- org.objenesis:objenesis:jar:2.5.1:compile
+- com.esotericsoftware:kryo:jar:4.0.1:compile
|  +- com.esotericsoftware:reflectasm:jar:1.11.3:compile
|  |  \- org.ow2.asm:asm:jar:5.0.4:compile
|  +- com.esotericsoftware:minlog:jar:1.3.0:compile
|  \- (org.objenesis:objenesis:jar:2.5.1:compile - omitted for duplicate)
+- org.jsoup:jsoup:jar:1.11.2:compile
+- com.aliyun.openservices:ons-client:jar:1.7.1.Final:provided
|  \- (org.slf4j:slf4j-api:jar:1.7.7:provided - omitted for conflict with 1.7.25)
+- com.rabbitmq:amqp-client:jar:5.0.0:provided
|  \- (org.slf4j:slf4j-api:jar:1.7.25:provided - omitted for duplicate)
+- net.sf.ehcache:ehcache:jar:2.10.4:compile
|  \- (org.slf4j:slf4j-api:jar:1.7.7:compile - omitted for conflict with 1.7.25)
+- com.netflix.hystrix:hystrix-core:jar:1.5.12:compile
|  +- (org.slf4j:slf4j-api:jar:1.7.0:runtime - omitted for conflict with 1.7.25)
|  +- com.netflix.archaius:archaius-core:jar:0.4.1:compile
|  |  +- commons-configuration:commons-configuration:jar:1.8:compile
|  |  |  +- commons-lang:commons-lang:jar:2.6:compile
|  |  |  \- (commons-logging:commons-logging:jar:1.1.1:compile - omitted for conflict with 1.2)
|  |  \- (org.slf4j:slf4j-api:jar:1.6.4:compile - omitted for conflict with 1.7.25)
|  +- io.reactivex:rxjava:jar:1.2.0:compile
|  \- org.hdrhistogram:HdrHistogram:jar:2.1.9:compile
+- com.netflix.hystrix:hystrix-metrics-event-stream:jar:1.5.12:compile
|  +- com.netflix.hystrix:hystrix-serialization:jar:1.5.12:runtime
|  |  +- com.fasterxml.jackson.module:jackson-module-afterburner:jar:2.7.5:runtime
|  |  |  +- (com.fasterxml.jackson.core:jackson-core:jar:2.7.5:runtime - omitted for conflict with 2.8.8)
|  |  |  \- (com.fasterxml.jackson.core:jackson-databind:jar:2.7.5:runtime - omitted for duplicate)
|  |  +- (com.netflix.hystrix:hystrix-core:jar:1.5.12:runtime - omitted for duplicate)
|  |  +- (com.fasterxml.jackson.core:jackson-core:jar:2.7.5:runtime - omitted for conflict with 2.8.8)
|  |  +- (com.fasterxml.jackson.core:jackson-databind:jar:2.7.5:compile - scope updated from runtime; omitted for duplicate)
|  |  \- (com.fasterxml.jackson.core:jackson-annotations:jar:2.7.5:compile - scope updated from runtime; omitted for duplicate)
|  \- (com.netflix.hystrix:hystrix-core:jar:1.5.12:compile - omitted for duplicate)
+- com.netflix.hystrix:hystrix-codahale-metrics-publisher:jar:1.5.12:compile
|  +- (com.netflix.hystrix:hystrix-core:jar:1.5.12:compile - omitted for duplicate)
|  \- (io.dropwizard.metrics:metrics-core:jar:3.2.2:compile - omitted for conflict with 3.2.5)
+- io.shardingjdbc:sharding-jdbc-core:jar:2.0.1:compile
|  +- (com.google.guava:guava:jar:18.0:compile - omitted for conflict with 23.0)
|  +- (org.apache.commons:commons-lang3:jar:3.6:compile - omitted for conflict with 3.1)
|  +- org.codehaus.groovy:groovy:jar:indy:2.4.5:compile
|  +- org.yaml:snakeyaml:jar:1.16:compile
|  \- (org.slf4j:slf4j-api:jar:1.7.7:compile - omitted for conflict with 1.7.25)
+- io.dropwizard.metrics:metrics-core:jar:3.2.5:compile
|  \- (org.slf4j:slf4j-api:jar:1.7.22:compile - omitted for conflict with 1.7.25)
+- io.dropwizard.metrics:metrics-graphite:jar:3.2.5:compile
|  +- (io.dropwizard.metrics:metrics-core:jar:3.2.5:compile - omitted for duplicate)
|  \- (org.slf4j:slf4j-api:jar:1.7.22:compile - omitted for conflict with 1.7.25)
+- io.dropwizard.metrics:metrics-servlets:jar:3.2.5:compile
|  +- (io.dropwizard.metrics:metrics-core:jar:3.2.5:compile - omitted for duplicate)
|  +- io.dropwizard.metrics:metrics-healthchecks:jar:3.2.5:compile
|  |  \- (org.slf4j:slf4j-api:jar:1.7.22:compile - omitted for conflict with 1.7.25)
|  +- io.dropwizard.metrics:metrics-json:jar:3.2.5:compile
|  |  +- (io.dropwizard.metrics:metrics-core:jar:3.2.5:compile - omitted for duplicate)
|  |  +- (com.fasterxml.jackson.core:jackson-databind:jar:2.7.5:compile - omitted for conflict with 2.6.6)
|  |  \- (org.slf4j:slf4j-api:jar:1.7.22:compile - omitted for conflict with 1.7.25)
|  +- io.dropwizard.metrics:metrics-jvm:jar:3.2.5:compile
|  |  +- (io.dropwizard.metrics:metrics-core:jar:3.2.5:compile - omitted for duplicate)
|  |  \- (org.slf4j:slf4j-api:jar:1.7.22:compile - omitted for conflict with 1.7.25)
|  +- com.papertrail:profiler:jar:1.0.2:compile
|  |  \- joda-time:joda-time:jar:2.9.1:compile
|  +- com.fasterxml.jackson.core:jackson-databind:jar:2.6.6:compile
|  |  +- (com.fasterxml.jackson.core:jackson-annotations:jar:2.6.0:compile - omitted for conflict with 2.8.9)
|  |  \- (com.fasterxml.jackson.core:jackson-core:jar:2.6.6:compile - omitted for conflict with 2.8.8)
|  \- (org.slf4j:slf4j-api:jar:1.7.22:compile - omitted for conflict with 1.7.25)
+- com.google.inject:guice:jar:4.1.0:compile
|  +- javax.inject:javax.inject:jar:1:compile
|  +- aopalliance:aopalliance:jar:1.0:compile
|  \- (com.google.guava:guava:jar:19.0:compile - omitted for conflict with 23.0)
+- org.apache.shiro:shiro-core:jar:1.3.2:compile
|  +- (org.slf4j:slf4j-api:jar:1.6.4:compile - omitted for conflict with 1.7.25)
|  \- commons-beanutils:commons-beanutils:jar:1.8.3:compile
+- org.apache.shiro:shiro-web:jar:1.3.2:compile
|  \- (org.apache.shiro:shiro-core:jar:1.3.2:compile - omitted for duplicate)
+- com.alibaba:dubbo:jar:2.5.8:compile
|  +- (org.javassist:javassist:jar:3.20.0-GA:compile - omitted for conflict with 3.21.0-GA)
|  \- org.jboss.netty:netty:jar:3.2.5.Final:compile
+- com.101tec:zkclient:jar:0.10:compile
|  +- (org.slf4j:slf4j-api:jar:1.6.1:compile - omitted for conflict with 1.7.25)
|  \- (org.apache.zookeeper:zookeeper:jar:3.4.8:compile - omitted for duplicate)
+- io.opentracing:opentracing-api:jar:0.31.0-RC1:compile
+- io.opentracing.brave:brave-opentracing:jar:0.23.0:compile
|  +- (io.opentracing:opentracing-api:jar:0.31.0-RC1:compile - omitted for duplicate)
|  \- io.zipkin.brave:brave:jar:4.9.2:compile
|     +- io.zipkin.java:zipkin:jar:2.2.2:compile
|     \- (io.zipkin.reporter2:zipkin-reporter:jar:2.1.4:compile - omitted for duplicate)
+- io.zipkin.reporter2:zipkin-sender-urlconnection:jar:2.1.4:compile
|  +- io.zipkin.reporter2:zipkin-reporter:jar:2.1.4:compile
|  |  \- (io.zipkin.zipkin2:zipkin:jar:2.2.2:compile - omitted for duplicate)
|  \- io.zipkin.zipkin2:zipkin:jar:2.2.2:compile
+- com.squareup.okhttp3:okhttp:jar:3.9.1:provided
|  \- com.squareup.okio:okio:jar:1.13.0:provided
+- io.zbus:zbus:jar:0.11.4:provided
|  +- (io.netty:netty-all:jar:4.0.51.Final:provided - omitted for conflict with 4.1.16.Final)
|  \- (com.alibaba:fastjson:jar:1.2.24:provided - omitted for conflict with 1.2.42)
+- io.swagger:swagger-core:jar:1.5.17:compile
|  +- (org.apache.commons:commons-lang3:jar:3.2.1:compile - omitted for conflict with 3.1)
|  +- (org.slf4j:slf4j-api:jar:1.7.22:compile - omitted for conflict with 1.7.25)
|  +- com.fasterxml.jackson.core:jackson-annotations:jar:2.8.9:compile
|  +- (com.fasterxml.jackson.core:jackson-databind:jar:2.8.9:compile - omitted for conflict with 2.6.6)
|  +- com.fasterxml.jackson.dataformat:jackson-dataformat-yaml:jar:2.8.9:compile
|  |  +- (com.fasterxml.jackson.core:jackson-core:jar:2.8.9:compile - omitted for conflict with 2.8.8)
|  |  \- (org.yaml:snakeyaml:jar:1.17:compile - omitted for conflict with 1.16)
|  +- io.swagger:swagger-models:jar:1.5.17:compile
|  |  +- (com.fasterxml.jackson.core:jackson-annotations:jar:2.8.9:compile - omitted for duplicate)
|  |  +- (org.slf4j:slf4j-api:jar:1.7.22:compile - omitted for conflict with 1.7.25)
|  |  \- io.swagger:swagger-annotations:jar:1.5.17:compile
|  +- (com.google.guava:guava:jar:20.0:compile - omitted for conflict with 23.0)
|  \- javax.validation:validation-api:jar:1.1.0.Final:compile
\- org.apache.commons:commons-lang3:jar:3.7:compile

