WARNING: Your kernel does not support swap limit capabilities or the cgroup is not mounted. Memory limited without swap.
io.jboot:jboot:jar:1.0-rc.2
+- com.jfinal:cos:jar:2017.5:compile
+- com.jfinal:jfinal-weixin:jar:1.9:compile
+- com.zaxxer:HikariCP:jar:2.7.2:compile
|  \- (org.slf4j:slf4j-api:jar:1.7.25:compile - omitted for duplicate)
+- mysql:mysql-connector-java:jar:5.1.42:compile
+- junit:junit:jar:4.12:provided
|  \- org.hamcrest:hamcrest-core:jar:1.3:provided
+- javax.servlet:javax.servlet-api:jar:3.1.0:compile
+- io.undertow:undertow-core:jar:1.4.20.Final:compile
|  +- org.jboss.logging:jboss-logging:jar:3.2.1.Final:compile
|  +- org.jboss.xnio:xnio-api:jar:3.3.8.Final:compile
|  \- org.jboss.xnio:xnio-nio:jar:3.3.8.Final:runtime
|     \- (org.jboss.xnio:xnio-api:jar:3.3.8.Final:runtime - omitted for duplicate)
+- io.undertow:undertow-servlet:jar:1.4.20.Final:compile
|  +- (io.undertow:undertow-core:jar:1.4.20.Final:compile - omitted for duplicate)
|  +- org.jboss.spec.javax.servlet:jboss-servlet-api_3.1_spec:jar:1.0.0.Final:compile
|  \- org.jboss.spec.javax.annotation:jboss-annotations-api_1.2_spec:jar:1.0.0.Final:compile
+- io.undertow:undertow-websockets-jsr:jar:1.4.20.Final:compile
|  +- (io.undertow:undertow-core:jar:1.4.20.Final:compile - omitted for duplicate)
|  +- (io.undertow:undertow-servlet:jar:1.4.20.Final:compile - omitted for duplicate)
|  \- org.jboss.spec.javax.websocket:jboss-websocket-api_1.1_spec:jar:1.1.0.Final:compile
+- com.weibo:motan-core:jar:0.3.1:compile
|  +- commons-pool:commons-pool:jar:1.6:compile
|  +- (com.alibaba:fastjson:jar:1.1.30:compile - omitted for conflict with 1.2.39)
|  +- com.codahale.metrics:metrics-core:jar:3.0.1:compile
|  |  \- (org.slf4j:slf4j-api:jar:1.7.5:compile - omitted for conflict with 1.7.25)
|  +- com.google.guava:guava:jar:18.0:compile
|  +- com.squareup:javapoet:jar:1.8.0:compile
|  +- (org.slf4j:slf4j-api:jar:1.5.8:compile - omitted for conflict with 1.7.25)
|  +- org.apache.commons:commons-lang3:jar:3.1:compile
|  \- commons-codec:commons-codec:jar:1.4:compile
+- com.weibo:motan-transport-netty:jar:0.3.1:compile
|  +- org.jboss.netty:netty:jar:3.2.5.Final:compile
|  +- (com.weibo:motan-core:jar:0.3.1:compile - omitted for duplicate)
|  +- (org.slf4j:slf4j-api:jar:1.5.8:compile - omitted for conflict with 1.7.25)
|  +- (org.apache.commons:commons-lang3:jar:3.1:compile - omitted for duplicate)
|  \- (commons-codec:commons-codec:jar:1.4:compile - omitted for duplicate)
+- com.weibo:motan-registry-consul:jar:0.3.1:compile
|  +- (com.weibo:motan-core:jar:0.3.1:compile - omitted for duplicate)
|  +- com.ecwid.consul:consul-api:jar:1.2.1:compile
|  |  +- com.google.code.gson:gson:jar:2.3:compile
|  |  +- org.apache.httpcomponents:httpcore:jar:4.4.5:compile
|  |  \- org.apache.httpcomponents:httpclient:jar:4.5.2:compile
|  |     +- (org.apache.httpcomponents:httpcore:jar:4.4.4:compile - omitted for conflict with 4.4.5)
|  |     +- commons-logging:commons-logging:jar:1.2:compile
|  |     \- (commons-codec:commons-codec:jar:1.9:compile - omitted for conflict with 1.4)
|  +- (org.slf4j:slf4j-api:jar:1.5.8:compile - omitted for conflict with 1.7.25)
|  +- (org.apache.commons:commons-lang3:jar:3.1:compile - omitted for duplicate)
|  \- (commons-codec:commons-codec:jar:1.4:compile - omitted for duplicate)
+- org.slf4j:slf4j-api:jar:1.7.25:compile
+- com.alibaba:fastjson:jar:1.2.39:compile
+- it.sauronsoftware.cron4j:cron4j:jar:2.2.5:provided
+- redis.clients:jedis:jar:2.9.0:compile
|  \- org.apache.commons:commons-pool2:jar:2.4.2:compile
+- de.ruedigermoeller:fst:jar:2.53:compile
|  +- (com.fasterxml.jackson.core:jackson-core:jar:2.8.8:compile - omitted for conflict with 2.4.3)
|  +- org.javassist:javassist:jar:3.21.0-GA:compile
|  \- org.objenesis:objenesis:jar:2.5.1:compile
+- org.jsoup:jsoup:jar:1.10.3:compile
+- com.aliyun.openservices:ons-client:jar:1.6.0.Final:provided
|  \- (org.slf4j:slf4j-api:jar:1.7.7:provided - omitted for conflict with 1.7.25)
+- com.rabbitmq:amqp-client:jar:4.2.0:provided
|  \- (org.slf4j:slf4j-api:jar:1.7.21:provided - omitted for conflict with 1.7.25)
+- net.sf.ehcache:ehcache:jar:2.10.4:compile
|  \- (org.slf4j:slf4j-api:jar:1.7.7:compile - omitted for conflict with 1.7.25)
+- com.netflix.hystrix:hystrix-core:jar:1.5.12:compile
|  +- (org.slf4j:slf4j-api:jar:1.7.0:runtime - omitted for conflict with 1.7.25)
|  +- com.netflix.archaius:archaius-core:jar:0.4.1:compile
|  |  +- commons-configuration:commons-configuration:jar:1.8:compile
|  |  |  +- commons-lang:commons-lang:jar:2.4:compile
|  |  |  \- (commons-logging:commons-logging:jar:1.1.1:compile - omitted for conflict with 1.2)
|  |  \- (org.slf4j:slf4j-api:jar:1.6.4:compile - omitted for conflict with 1.7.25)
|  +- io.reactivex:rxjava:jar:1.2.0:compile
|  \- org.hdrhistogram:HdrHistogram:jar:2.1.9:compile
+- com.netflix.hystrix:hystrix-metrics-event-stream:jar:1.5.12:compile
|  +- com.netflix.hystrix:hystrix-serialization:jar:1.5.12:runtime
|  |  +- com.fasterxml.jackson.module:jackson-module-afterburner:jar:2.7.5:runtime
|  |  |  +- (com.fasterxml.jackson.core:jackson-core:jar:2.7.5:runtime - omitted for conflict with 2.8.8)
|  |  |  \- (com.fasterxml.jackson.core:jackson-databind:jar:2.7.5:runtime - omitted for duplicate)
|  |  +- (com.netflix.hystrix:hystrix-core:jar:1.5.12:runtime - omitted for duplicate)
|  |  +- (com.fasterxml.jackson.core:jackson-core:jar:2.7.5:runtime - omitted for conflict with 2.8.8)
|  |  +- (com.fasterxml.jackson.core:jackson-databind:jar:2.7.5:compile - scope updated from runtime; omitted for duplicate)
|  |  \- (com.fasterxml.jackson.core:jackson-annotations:jar:2.7.5:compile - scope updated from runtime; omitted for duplicate)
|  \- (com.netflix.hystrix:hystrix-core:jar:1.5.12:compile - omitted for duplicate)
+- com.netflix.hystrix:hystrix-codahale-metrics-publisher:jar:1.5.12:compile
|  +- (com.netflix.hystrix:hystrix-core:jar:1.5.12:compile - omitted for duplicate)
|  \- (io.dropwizard.metrics:metrics-core:jar:3.2.2:compile - omitted for conflict with 3.2.5)
+- com.dangdang:sharding-jdbc-core:jar:1.5.4.1:compile
|  +- (com.google.guava:guava:jar:18.0:compile - omitted for duplicate)
|  \- (org.slf4j:slf4j-api:jar:1.7.7:compile - omitted for conflict with 1.7.25)
+- io.dropwizard.metrics:metrics-core:jar:3.2.5:compile
|  \- (org.slf4j:slf4j-api:jar:1.7.22:compile - omitted for conflict with 1.7.25)
+- io.dropwizard.metrics:metrics-servlets:jar:3.2.5:compile
|  +- (io.dropwizard.metrics:metrics-core:jar:3.2.5:compile - omitted for duplicate)
|  +- io.dropwizard.metrics:metrics-healthchecks:jar:3.2.5:compile
|  |  \- (org.slf4j:slf4j-api:jar:1.7.22:compile - omitted for conflict with 1.7.25)
|  +- io.dropwizard.metrics:metrics-json:jar:3.2.5:compile
|  |  +- (io.dropwizard.metrics:metrics-core:jar:3.2.5:compile - omitted for duplicate)
|  |  +- (com.fasterxml.jackson.core:jackson-databind:jar:2.7.5:compile - omitted for conflict with 2.6.6)
|  |  \- (org.slf4j:slf4j-api:jar:1.7.22:compile - omitted for conflict with 1.7.25)
|  +- io.dropwizard.metrics:metrics-jvm:jar:3.2.5:compile
|  |  +- (io.dropwizard.metrics:metrics-core:jar:3.2.5:compile - omitted for duplicate)
|  |  \- (org.slf4j:slf4j-api:jar:1.7.22:compile - omitted for conflict with 1.7.25)
|  +- com.papertrail:profiler:jar:1.0.2:compile
|  |  \- joda-time:joda-time:jar:2.9.1:compile
|  +- (com.fasterxml.jackson.core:jackson-databind:jar:2.6.6:compile - omitted for conflict with 2.4.3)
|  \- (org.slf4j:slf4j-api:jar:1.7.22:compile - omitted for conflict with 1.7.25)
+- com.google.inject:guice:jar:4.1.0:compile
|  +- javax.inject:javax.inject:jar:1:compile
|  +- aopalliance:aopalliance:jar:1.0:compile
|  \- (com.google.guava:guava:jar:19.0:compile - omitted for conflict with 18.0)
+- org.apache.shiro:shiro-core:jar:1.3.2:compile
|  +- (org.slf4j:slf4j-api:jar:1.6.4:compile - omitted for conflict with 1.7.25)
|  \- commons-beanutils:commons-beanutils:jar:1.8.3:compile
+- org.apache.shiro:shiro-web:jar:1.3.2:compile
|  \- (org.apache.shiro:shiro-core:jar:1.3.2:compile - omitted for duplicate)
+- com.alibaba:dubbo:jar:2.5.6:provided
|  +- org.springframework:spring-context:jar:4.3.10.RELEASE:provided
|  |  +- (org.springframework:spring-aop:jar:4.3.10.RELEASE:provided - omitted for conflict with 4.3.8.RELEASE)
|  |  +- (org.springframework:spring-beans:jar:4.3.10.RELEASE:provided - omitted for duplicate)
|  |  +- (org.springframework:spring-core:jar:4.3.10.RELEASE:provided - omitted for conflict with 4.3.8.RELEASE)
|  |  \- (org.springframework:spring-expression:jar:4.3.10.RELEASE:provided - omitted for conflict with 4.3.8.RELEASE)
|  +- org.springframework:spring-beans:jar:4.3.10.RELEASE:provided
|  |  \- (org.springframework:spring-core:jar:4.3.10.RELEASE:provided - omitted for duplicate)
|  +- org.springframework:spring-web:jar:4.3.10.RELEASE:provided
|  |  +- (org.springframework:spring-aop:jar:4.3.10.RELEASE:provided - omitted for duplicate)
|  |  +- (org.springframework:spring-beans:jar:4.3.10.RELEASE:provided - omitted for duplicate)
|  |  +- (org.springframework:spring-context:jar:4.3.10.RELEASE:provided - omitted for duplicate)
|  |  \- (org.springframework:spring-core:jar:4.3.10.RELEASE:provided - omitted for duplicate)
|  +- (org.javassist:javassist:jar:3.20.0-GA:provided - omitted for conflict with 3.21.0-GA)
|  \- (org.jboss.netty:netty:jar:3.2.5.Final:provided - omitted for duplicate)
+- com.jfinal:jetty-server:jar:8.1.8:provided
|  +- org.eclipse.jetty:jetty-xml:jar:8.1.8.v20121106:provided
|  |  \- org.eclipse.jetty:jetty-util:jar:8.1.8.v20121106:provided
|  \- org.eclipse.jetty:jetty-servlet:jar:8.1.8.v20121106:provided
|     \- org.eclipse.jetty:jetty-security:jar:8.1.8.v20121106:provided
|        \- org.eclipse.jetty:jetty-server:jar:8.1.8.v20121106:provided
|           +- (org.eclipse.jetty.orbit:javax.servlet:jar:3.0.0.v201112011016:provided - omitted for duplicate)
|           +- org.eclipse.jetty:jetty-continuation:jar:8.1.8.v20121106:provided
|           \- org.eclipse.jetty:jetty-http:jar:8.1.8.v20121106:provided
|              \- org.eclipse.jetty:jetty-io:jar:8.1.8.v20121106:provided
|                 \- (org.eclipse.jetty:jetty-util:jar:8.1.8.v20121106:provided - omitted for duplicate)
+- org.eclipse.jetty:jetty-jsp:jar:8.1.8.v20121106:provided
|  +- org.eclipse.jetty.orbit:javax.servlet.jsp:jar:2.2.0.v201112011158:provided
|  |  \- org.eclipse.jetty.orbit:javax.servlet:jar:3.0.0.v201112011016:provided
|  +- org.eclipse.jetty.orbit:org.apache.jasper.glassfish:jar:2.2.2.v201112011158:provided
|  |  +- (org.eclipse.jetty.orbit:javax.servlet:jar:3.0.0.v201112011016:provided - omitted for duplicate)
|  |  \- (org.eclipse.jetty.orbit:javax.servlet.jsp:jar:2.2.0.v201112011158:provided - omitted for duplicate)
|  +- org.eclipse.jetty.orbit:javax.servlet.jsp.jstl:jar:1.2.0.v201105211821:provided
|  |  +- (org.eclipse.jetty.orbit:javax.servlet:jar:2.5.0.v201103041518:provided - omitted for conflict with 3.0.0.v201112011016)
|  |  \- (org.eclipse.jetty.orbit:javax.servlet.jsp:jar:2.1.0.v201105211820:provided - omitted for conflict with 2.2.0.v201112011158)
|  +- org.eclipse.jetty.orbit:org.apache.taglibs.standard.glassfish:jar:1.2.0.v201112081803:provided
|  |  \- (org.eclipse.jetty.orbit:javax.servlet.jsp.jstl:jar:1.2.0.v201105211821:provided - omitted for duplicate)
|  +- org.eclipse.jetty.orbit:javax.el:jar:2.2.0.v201108011116:provided
|  +- org.eclipse.jetty.orbit:com.sun.el:jar:2.2.0.v201108011116:provided
|  \- org.eclipse.jetty.orbit:org.eclipse.jdt.core:jar:3.7.1:provided
+- com.mchange:c3p0:jar:0.9.5.1:provided
|  \- com.mchange:mchange-commons-java:jar:0.2.10:provided
+- com.alibaba:druid:jar:1.0.29:provided
|  +- com.alibaba:jconsole:jar:1.8.0:system
|  \- com.alibaba:tools:jar:1.8.0:system
+- org.freemarker:freemarker:jar:2.3.20:provided
+- log4j:log4j:jar:1.2.16:provided
+- org.apache.velocity:velocity:jar:1.7:provided
|  +- commons-collections:commons-collections:jar:3.2.1:provided
|  \- (commons-lang:commons-lang:jar:2.4:compile - scope updated from provided; omitted for duplicate)
+- org.apache.velocity:velocity-tools:jar:2.0:provided
|  +- (commons-beanutils:commons-beanutils:jar:1.7.0:provided - omitted for conflict with 1.8.3)
|  +- commons-digester:commons-digester:jar:1.8:provided
|  |  +- (commons-beanutils:commons-beanutils:jar:1.7.0:provided - omitted for conflict with 1.8.3)
|  |  \- (commons-logging:commons-logging:jar:1.1:compile - scope updated from provided; omitted for duplicate)
|  +- commons-chain:commons-chain:jar:1.1:provided
|  |  +- (commons-beanutils:commons-beanutils:jar:1.7.0:provided - omitted for conflict with 1.8.3)
|  |  +- (commons-digester:commons-digester:jar:1.6:provided - omitted for conflict with 1.8)
|  |  \- (commons-logging:commons-logging:jar:1.0.3:compile - scope updated from provided; omitted for duplicate)
|  +- (commons-collections:commons-collections:jar:3.2:provided - omitted for conflict with 3.2.1)
|  +- (commons-logging:commons-logging:jar:1.1:compile - scope updated from provided; omitted for duplicate)
|  +- commons-validator:commons-validator:jar:1.3.1:provided
|  |  +- (commons-beanutils:commons-beanutils:jar:1.7.0:provided - omitted for conflict with 1.8.3)
|  |  +- (commons-digester:commons-digester:jar:1.6:provided - omitted for conflict with 1.8)
|  |  \- (commons-logging:commons-logging:jar:1.0.4:compile - scope updated from provided; omitted for duplicate)
|  +- dom4j:dom4j:jar:1.1:provided
|  +- oro:oro:jar:2.0.8:provided
|  +- sslext:sslext:jar:1.2-0:provided
|  +- org.apache.struts:struts-core:jar:1.3.8:provided
|  |  +- antlr:antlr:jar:2.7.2:provided
|  |  +- (commons-beanutils:commons-beanutils:jar:1.7.0:provided - omitted for conflict with 1.8.3)
|  |  +- (commons-chain:commons-chain:jar:1.1:provided - omitted for duplicate)
|  |  +- (commons-digester:commons-digester:jar:1.8:provided - omitted for duplicate)
|  |  +- (commons-logging:commons-logging:jar:1.0.4:compile - scope updated from provided; omitted for duplicate)
|  |  +- (commons-validator:commons-validator:jar:1.3.1:provided - omitted for duplicate)
|  |  \- (oro:oro:jar:2.0.8:provided - omitted for duplicate)
|  +- org.apache.struts:struts-taglib:jar:1.3.8:provided
|  |  \- (org.apache.struts:struts-core:jar:1.3.8:provided - omitted for duplicate)
|  +- org.apache.struts:struts-tiles:jar:1.3.8:provided
|  |  \- (org.apache.struts:struts-core:jar:1.3.8:provided - omitted for duplicate)
|  \- (org.apache.velocity:velocity:jar:1.6.2:provided - omitted for conflict with 1.7)
+- cglib:cglib-nodep:jar:3.2.5:compile
+- com.fasterxml.jackson.core:jackson-databind:jar:2.4.3:provided (scope not updated to compile)
|  +- (com.fasterxml.jackson.core:jackson-annotations:jar:2.4.0:provided - omitted for duplicate)
|  \- (com.fasterxml.jackson.core:jackson-core:jar:2.4.3:provided - omitted for conflict with 2.8.8)
+- com.fasterxml.jackson.core:jackson-annotations:jar:2.4.0:provided
+- com.fasterxml.jackson.core:jackson-core:jar:2.4.3:provided (scope not updated to compile)
+- com.google.zxing:javase:jar:3.2.1:provided
|  +- com.google.zxing:core:jar:3.2.1:provided
|  \- com.beust:jcommander:jar:1.48:provided
\- org.springframework:spring-webmvc:jar:4.3.8.RELEASE:provided
   +- org.springframework:spring-aop:jar:4.3.8.RELEASE:provided
   |  +- (org.springframework:spring-beans:jar:4.3.8.RELEASE:provided - omitted for conflict with 4.3.10.RELEASE)
   |  \- (org.springframework:spring-core:jar:4.3.8.RELEASE:provided - omitted for conflict with 4.3.10.RELEASE)
   +- (org.springframework:spring-beans:jar:4.3.8.RELEASE:provided - omitted for conflict with 4.3.10.RELEASE)
   +- (org.springframework:spring-context:jar:4.3.8.RELEASE:provided - omitted for conflict with 4.3.10.RELEASE)
   +- org.springframework:spring-core:jar:4.3.8.RELEASE:provided
   |  \- (commons-logging:commons-logging:jar:1.2:compile - scope updated from provided; omitted for duplicate)
   +- org.springframework:spring-expression:jar:4.3.8.RELEASE:provided
   |  \- (org.springframework:spring-core:jar:4.3.8.RELEASE:provided - omitted for duplicate)
   \- (org.springframework:spring-web:jar:4.3.8.RELEASE:provided - omitted for conflict with 4.3.10.RELEASE)

