WARNING: Your kernel does not support swap limit capabilities or the cgroup is not mounted. Memory limited without swap.
io.jboot:jboot:jar:3.0.0-rc.1
+- com.jfinal:jfinal:jar:4.8:compile
+- com.jfinal:cos:jar:2019.8:compile
+- com.jfinal:jfinal-weixin:jar:2.4:compile
+- com.jfinal:jfinal-undertow:jar:2.0:compile
|  +- io.undertow:undertow-core:jar:2.0.28.Final:compile
|  |  +- org.jboss.logging:jboss-logging:jar:3.3.2.Final:compile
|  |  +- org.jboss.xnio:xnio-api:jar:3.3.8.Final:compile
|  |  \- org.jboss.xnio:xnio-nio:jar:3.3.8.Final:runtime
|  |     \- (org.jboss.xnio:xnio-api:jar:3.3.8.Final:runtime - omitted for duplicate)
|  +- io.undertow:undertow-servlet:jar:2.0.28.Final:compile
|  |  \- (io.undertow:undertow-core:jar:2.0.28.Final:compile - omitted for duplicate)
|  \- javax.servlet:javax.servlet-api:jar:4.0.1:compile
+- cglib:cglib:jar:3.3.0:compile
|  \- org.ow2.asm:asm:jar:7.1:compile
+- io.undertow:undertow-websockets-jsr:jar:2.0.28.Final:compile
|  +- (io.undertow:undertow-core:jar:2.0.28.Final:compile - omitted for duplicate)
|  +- (io.undertow:undertow-servlet:jar:2.0.28.Final:compile - omitted for duplicate)
|  \- org.jboss.spec.javax.websocket:jboss-websocket-api_1.1_spec:jar:1.1.4.Final:compile
+- com.zaxxer:HikariCP:jar:3.4.1:compile
|  \- (org.slf4j:slf4j-api:jar:1.7.29:compile - version managed from 1.7.25; omitted for duplicate)
+- com.fasterxml.jackson.core:jackson-core:jar:2.10.1:compile
+- com.fasterxml.jackson.core:jackson-annotations:jar:2.10.1:compile
+- com.fasterxml.jackson.core:jackson-databind:jar:2.10.1:compile
|  +- (com.fasterxml.jackson.core:jackson-annotations:jar:2.10.1:compile - omitted for duplicate)
|  \- (com.fasterxml.jackson.core:jackson-core:jar:2.10.1:compile - omitted for duplicate)
+- com.fasterxml.jackson.dataformat:jackson-dataformat-yaml:jar:2.10.1:compile
|  +- org.yaml:snakeyaml:jar:1.24:compile
|  \- (com.fasterxml.jackson.core:jackson-core:jar:2.10.1:compile - omitted for duplicate)
+- mysql:mysql-connector-java:jar:5.1.48:compile
+- de.ruedigermoeller:fst:jar:2.57:compile
|  +- (com.fasterxml.jackson.core:jackson-core:jar:2.10.1:compile - version managed from 2.8.8; omitted for duplicate)
|  +- org.javassist:javassist:jar:3.21.0-GA:compile
|  \- org.objenesis:objenesis:jar:2.5.1:compile
+- org.slf4j:slf4j-api:jar:1.7.29:compile
+- com.alibaba:fastjson:jar:1.2.62:compile
+- com.google.guava:guava:jar:28.1-jre:compile
|  +- com.google.guava:failureaccess:jar:1.0.1:compile
|  +- com.google.guava:listenablefuture:jar:9999.0-empty-to-avoid-conflict-with-guava:compile
|  +- com.google.code.findbugs:jsr305:jar:3.0.2:compile
|  +- org.checkerframework:checker-qual:jar:2.8.1:compile
|  +- com.google.errorprone:error_prone_annotations:jar:2.3.2:compile
|  +- com.google.j2objc:j2objc-annotations:jar:1.3:compile
|  \- org.codehaus.mojo:animal-sniffer-annotations:jar:1.18:compile
+- it.sauronsoftware.cron4j:cron4j:jar:2.2.5:compile
+- redis.clients:jedis:jar:2.10.2:compile
|  +- (org.slf4j:slf4j-api:jar:1.7.29:compile - version managed from 1.7.22; omitted for duplicate)
|  \- org.apache.commons:commons-pool2:jar:2.4.3:compile
+- org.jsoup:jsoup:jar:1.12.1:compile
+- net.sf.ehcache:ehcache:jar:2.10.6:compile
|  \- (org.slf4j:slf4j-api:jar:1.7.29:compile - version managed from 1.7.25; omitted for duplicate)
+- org.apache.commons:commons-lang3:jar:3.9:compile
+- commons-io:commons-io:jar:2.6:compile
+- com.alibaba:druid:jar:1.1.20:provided (scope not updated to compile)
+- junit:junit:jar:4.12:provided
|  \- org.hamcrest:hamcrest-core:jar:1.3:provided
+- com.alibaba.csp:sentinel-core:jar:1.7.1:compile
+- com.weibo:motan-core:jar:1.1.6:provided
|  +- (commons-pool:commons-pool:jar:1.6:compile - scope updated from provided; omitted for duplicate)
|  +- com.caucho:hessian:jar:4.0.38:provided
|  +- (com.alibaba:fastjson:jar:1.2.62:provided - version managed from 1.2.49; omitted for duplicate)
|  +- com.codahale.metrics:metrics-core:jar:3.0.1:provided
|  |  \- (org.slf4j:slf4j-api:jar:1.7.29:provided - version managed from 1.7.5; omitted for duplicate)
|  +- (com.google.guava:guava:jar:28.1-jre:provided - version managed from 18.0; omitted for duplicate)
|  +- com.squareup:javapoet:jar:1.8.0:provided
|  +- (org.slf4j:slf4j-api:jar:1.7.29:provided - version managed from 1.5.8; omitted for duplicate)
|  +- (org.apache.commons:commons-lang3:jar:3.9:provided - version managed from 3.1; omitted for duplicate)
|  \- commons-codec:commons-codec:jar:1.13:provided (version managed from 1.4)
+- com.weibo:motan-transport-netty4:jar:1.1.6:provided
|  +- (com.weibo:motan-core:jar:1.1.6:provided - omitted for duplicate)
|  +- (io.netty:netty-all:jar:4.1.43.Final:compile - version managed from 4.1.25.Final; scope updated from provided; omitted for duplicate)
|  +- (org.slf4j:slf4j-api:jar:1.7.29:provided - version managed from 1.5.8; omitted for duplicate)
|  +- (org.apache.commons:commons-lang3:jar:3.9:provided - version managed from 3.1; omitted for duplicate)
|  \- (commons-codec:commons-codec:jar:1.13:provided - version managed from 1.4; omitted for duplicate)
+- com.weibo:motan-registry-consul:jar:1.1.6:provided
|  +- (com.weibo:motan-core:jar:1.1.6:provided - omitted for duplicate)
|  +- com.ecwid.consul:consul-api:jar:1.3.0:provided
|  |  +- (com.google.code.gson:gson:jar:2.8.2:provided - omitted for conflict with 2.8.5)
|  |  +- org.apache.httpcomponents:httpcore:jar:4.4.12:provided (version managed from 4.4.8)
|  |  \- (org.apache.httpcomponents:httpclient:jar:4.5.10:provided - version managed from 4.5.4; omitted for duplicate)
|  +- (org.slf4j:slf4j-api:jar:1.7.29:provided - version managed from 1.5.8; omitted for duplicate)
|  +- (org.apache.commons:commons-lang3:jar:3.9:provided - version managed from 3.1; omitted for duplicate)
|  \- (commons-codec:commons-codec:jar:1.13:provided - version managed from 1.4; omitted for duplicate)
+- com.weibo:motan-registry-zookeeper:jar:1.1.6:provided
|  +- (com.weibo:motan-core:jar:1.1.6:provided - omitted for duplicate)
|  +- (org.apache.zookeeper:zookeeper:jar:3.4.8:compile - scope updated from provided; omitted for duplicate)
|  +- (com.101tec:zkclient:jar:0.3:provided - omitted for conflict with 0.11)
|  +- (org.slf4j:slf4j-api:jar:1.7.29:provided - version managed from 1.5.8; omitted for duplicate)
|  +- (org.apache.commons:commons-lang3:jar:3.9:provided - version managed from 3.1; omitted for duplicate)
|  \- (commons-codec:commons-codec:jar:1.13:provided - version managed from 1.4; omitted for duplicate)
+- io.lettuce:lettuce-core:jar:5.2.0.RELEASE:provided
|  +- io.netty:netty-common:jar:4.1.42.Final:provided
|  +- io.netty:netty-handler:jar:4.1.42.Final:provided
|  |  +- (io.netty:netty-common:jar:4.1.42.Final:provided - omitted for duplicate)
|  |  +- io.netty:netty-buffer:jar:4.1.42.Final:provided
|  |  |  \- (io.netty:netty-common:jar:4.1.42.Final:provided - omitted for duplicate)
|  |  +- (io.netty:netty-transport:jar:4.1.42.Final:provided - omitted for duplicate)
|  |  \- io.netty:netty-codec:jar:4.1.42.Final:provided
|  |     +- (io.netty:netty-common:jar:4.1.42.Final:provided - omitted for duplicate)
|  |     +- (io.netty:netty-buffer:jar:4.1.42.Final:provided - omitted for duplicate)
|  |     \- (io.netty:netty-transport:jar:4.1.42.Final:provided - omitted for duplicate)
|  +- io.netty:netty-transport:jar:4.1.42.Final:provided
|  |  +- (io.netty:netty-common:jar:4.1.42.Final:provided - omitted for duplicate)
|  |  +- (io.netty:netty-buffer:jar:4.1.42.Final:provided - omitted for duplicate)
|  |  \- io.netty:netty-resolver:jar:4.1.42.Final:provided
|  |     \- (io.netty:netty-common:jar:4.1.42.Final:provided - omitted for duplicate)
|  \- io.projectreactor:reactor-core:jar:3.3.0.RELEASE:provided
|     \- (org.reactivestreams:reactive-streams:jar:1.0.3:provided - omitted for conflict with 1.0.2)
+- com.esotericsoftware:kryo:jar:4.0.2:provided (scope not updated to compile)
|  +- com.esotericsoftware:reflectasm:jar:1.11.3:provided
|  |  \- (org.ow2.asm:asm:jar:5.0.4:provided - omitted for conflict with 7.1)
|  +- com.esotericsoftware:minlog:jar:1.3.0:provided
|  \- (org.objenesis:objenesis:jar:2.5.1:provided - omitted for duplicate)
+- com.aliyun.openservices:ons-client:jar:1.8.4.Final:provided
|  \- (org.slf4j:slf4j-api:jar:1.7.29:provided - version managed from 1.7.7; omitted for duplicate)
+- com.rabbitmq:amqp-client:jar:5.7.3:provided
|  \- (org.slf4j:slf4j-api:jar:1.7.29:provided - version managed from 1.7.26; omitted for duplicate)
+- org.apache.shardingsphere:sharding-jdbc-core:jar:4.0.0-RC3:provided
|  +- org.apache.shardingsphere:sharding-core-entry:jar:4.0.0-RC3:provided
|  |  +- org.apache.shardingsphere:sharding-core-api:jar:4.0.0-RC3:provided
|  |  |  +- (com.google.guava:guava:jar:28.1-jre:provided - version managed from 18.0; omitted for duplicate)
|  |  |  +- (org.slf4j:slf4j-api:jar:1.7.29:provided - version managed from 1.7.7; omitted for duplicate)
|  |  |  \- (org.slf4j:jcl-over-slf4j:jar:1.7.29:provided - version managed from 1.7.7; omitted for duplicate)
|  |  +- org.apache.shardingsphere:sharding-core-common:jar:4.0.0-RC3:provided
|  |  |  +- (org.apache.shardingsphere:sharding-core-api:jar:4.0.0-RC3:provided - omitted for duplicate)
|  |  |  +- org.codehaus.groovy:groovy:jar:indy:2.4.5:provided
|  |  |  +- (org.yaml:snakeyaml:jar:1.16:provided - omitted for conflict with 1.24)
|  |  |  +- (commons-codec:commons-codec:jar:1.13:provided - version managed from 1.10; omitted for duplicate)
|  |  |  +- (com.google.guava:guava:jar:28.1-jre:provided - version managed from 18.0; omitted for duplicate)
|  |  |  +- (org.slf4j:slf4j-api:jar:1.7.29:provided - version managed from 1.7.7; omitted for duplicate)
|  |  |  \- (org.slf4j:jcl-over-slf4j:jar:1.7.29:provided - version managed from 1.7.7; omitted for duplicate)
|  |  +- org.apache.shardingsphere:sharding-core-parse-common:jar:4.0.0-RC3:provided
|  |  |  +- (org.apache.shardingsphere:sharding-core-common:jar:4.0.0-RC3:provided - omitted for duplicate)
|  |  |  +- org.apache.shardingsphere:sharding-core-parse-spi:jar:4.0.0-RC3:provided
|  |  |  |  +- (org.apache.shardingsphere:sharding-core-api:jar:4.0.0-RC3:provided - omitted for duplicate)
|  |  |  |  +- (org.antlr:antlr4-runtime:jar:4.7.1:provided - omitted for duplicate)
|  |  |  |  +- (com.google.guava:guava:jar:28.1-jre:provided - version managed from 18.0; omitted for duplicate)
|  |  |  |  +- (org.slf4j:slf4j-api:jar:1.7.29:provided - version managed from 1.7.7; omitted for duplicate)
|  |  |  |  \- (org.slf4j:jcl-over-slf4j:jar:1.7.29:provided - version managed from 1.7.7; omitted for duplicate)
|  |  |  +- org.apache.commons:commons-collections4:jar:4.2:provided
|  |  |  +- org.antlr:antlr4-runtime:jar:4.7.1:provided
|  |  |  +- (com.google.guava:guava:jar:28.1-jre:provided - version managed from 18.0; omitted for duplicate)
|  |  |  +- (org.slf4j:slf4j-api:jar:1.7.29:provided - version managed from 1.7.7; omitted for duplicate)
|  |  |  \- (org.slf4j:jcl-over-slf4j:jar:1.7.29:provided - version managed from 1.7.7; omitted for duplicate)
|  |  +- org.apache.shardingsphere:sharding-core-parse-sql92:jar:4.0.0-RC3:provided
|  |  |  +- (org.apache.shardingsphere:sharding-core-parse-spi:jar:4.0.0-RC3:provided - omitted for duplicate)
|  |  |  +- (org.apache.shardingsphere:sharding-core-parse-common:jar:4.0.0-RC3:provided - omitted for duplicate)
|  |  |  +- (org.antlr:antlr4-runtime:jar:4.7.1:provided - omitted for duplicate)
|  |  |  +- (com.google.guava:guava:jar:28.1-jre:provided - version managed from 18.0; omitted for duplicate)
|  |  |  +- (org.slf4j:slf4j-api:jar:1.7.29:provided - version managed from 1.7.7; omitted for duplicate)
|  |  |  \- (org.slf4j:jcl-over-slf4j:jar:1.7.29:provided - version managed from 1.7.7; omitted for duplicate)
|  |  +- org.apache.shardingsphere:sharding-core-parse-mysql:jar:4.0.0-RC3:provided
|  |  |  +- (org.apache.shardingsphere:sharding-core-parse-spi:jar:4.0.0-RC3:provided - omitted for duplicate)
|  |  |  +- (org.apache.shardingsphere:sharding-core-parse-common:jar:4.0.0-RC3:provided - omitted for duplicate)
|  |  |  +- (org.antlr:antlr4-runtime:jar:4.7.1:provided - omitted for duplicate)
|  |  |  +- (com.google.guava:guava:jar:28.1-jre:provided - version managed from 18.0; omitted for duplicate)
|  |  |  +- (org.slf4j:slf4j-api:jar:1.7.29:provided - version managed from 1.7.7; omitted for duplicate)
|  |  |  \- (org.slf4j:jcl-over-slf4j:jar:1.7.29:provided - version managed from 1.7.7; omitted for duplicate)
|  |  +- org.apache.shardingsphere:sharding-core-parse-postgresql:jar:4.0.0-RC3:provided
|  |  |  +- (org.apache.shardingsphere:sharding-core-parse-spi:jar:4.0.0-RC3:provided - omitted for duplicate)
|  |  |  +- (org.apache.shardingsphere:sharding-core-parse-common:jar:4.0.0-RC3:provided - omitted for duplicate)
|  |  |  +- (org.antlr:antlr4-runtime:jar:4.7.1:provided - omitted for duplicate)
|  |  |  +- (com.google.guava:guava:jar:28.1-jre:provided - version managed from 18.0; omitted for duplicate)
|  |  |  +- (org.slf4j:slf4j-api:jar:1.7.29:provided - version managed from 1.7.7; omitted for duplicate)
|  |  |  \- (org.slf4j:jcl-over-slf4j:jar:1.7.29:provided - version managed from 1.7.7; omitted for duplicate)
|  |  +- org.apache.shardingsphere:sharding-core-parse-oracle:jar:4.0.0-RC3:provided
|  |  |  +- (org.apache.shardingsphere:sharding-core-parse-spi:jar:4.0.0-RC3:provided - omitted for duplicate)
|  |  |  +- (org.apache.shardingsphere:sharding-core-parse-common:jar:4.0.0-RC3:provided - omitted for duplicate)
|  |  |  +- (org.antlr:antlr4-runtime:jar:4.7.1:provided - omitted for duplicate)
|  |  |  +- (com.google.guava:guava:jar:28.1-jre:provided - version managed from 18.0; omitted for duplicate)
|  |  |  +- (org.slf4j:slf4j-api:jar:1.7.29:provided - version managed from 1.7.7; omitted for duplicate)
|  |  |  \- (org.slf4j:jcl-over-slf4j:jar:1.7.29:provided - version managed from 1.7.7; omitted for duplicate)
|  |  +- org.apache.shardingsphere:sharding-core-parse-sqlserver:jar:4.0.0-RC3:provided
|  |  |  +- (org.apache.shardingsphere:sharding-core-parse-spi:jar:4.0.0-RC3:provided - omitted for duplicate)
|  |  |  +- (org.apache.shardingsphere:sharding-core-parse-common:jar:4.0.0-RC3:provided - omitted for duplicate)
|  |  |  +- (org.antlr:antlr4-runtime:jar:4.7.1:provided - omitted for duplicate)
|  |  |  +- (com.google.guava:guava:jar:28.1-jre:provided - version managed from 18.0; omitted for duplicate)
|  |  |  +- (org.slf4j:slf4j-api:jar:1.7.29:provided - version managed from 1.7.7; omitted for duplicate)
|  |  |  \- (org.slf4j:jcl-over-slf4j:jar:1.7.29:provided - version managed from 1.7.7; omitted for duplicate)
|  |  +- org.apache.shardingsphere:sharding-core-preprocessor:jar:4.0.0-RC3:provided
|  |  |  +- (org.apache.shardingsphere:sharding-core-api:jar:4.0.0-RC3:provided - omitted for duplicate)
|  |  |  +- (org.apache.shardingsphere:sharding-core-common:jar:4.0.0-RC3:provided - omitted for duplicate)
|  |  |  +- (org.apache.shardingsphere:sharding-core-parse-common:jar:4.0.0-RC3:provided - omitted for duplicate)
|  |  |  +- (org.codehaus.groovy:groovy:jar:indy:2.4.5:provided - omitted for duplicate)
|  |  |  +- (org.yaml:snakeyaml:jar:1.16:provided - omitted for conflict with 1.24)
|  |  |  +- (com.google.guava:guava:jar:28.1-jre:provided - version managed from 18.0; omitted for duplicate)
|  |  |  +- (org.slf4j:slf4j-api:jar:1.7.29:provided - version managed from 1.7.7; omitted for duplicate)
|  |  |  \- (org.slf4j:jcl-over-slf4j:jar:1.7.29:provided - version managed from 1.7.7; omitted for duplicate)
|  |  +- org.apache.shardingsphere:sharding-core-route:jar:4.0.0-RC3:provided
|  |  |  +- (org.apache.shardingsphere:sharding-core-preprocessor:jar:4.0.0-RC3:provided - omitted for duplicate)
|  |  |  +- (com.google.guava:guava:jar:28.1-jre:provided - version managed from 18.0; omitted for duplicate)
|  |  |  +- (org.slf4j:slf4j-api:jar:1.7.29:provided - version managed from 1.7.7; omitted for duplicate)
|  |  |  \- (org.slf4j:jcl-over-slf4j:jar:1.7.29:provided - version managed from 1.7.7; omitted for duplicate)
|  |  +- org.apache.shardingsphere:sharding-core-rewrite:jar:4.0.0-RC3:provided
|  |  |  +- (org.apache.shardingsphere:sharding-core-route:jar:4.0.0-RC3:provided - omitted for duplicate)
|  |  |  +- (com.google.guava:guava:jar:28.1-jre:provided - version managed from 18.0; omitted for duplicate)
|  |  |  +- (org.slf4j:slf4j-api:jar:1.7.29:provided - version managed from 1.7.7; omitted for duplicate)
|  |  |  \- (org.slf4j:jcl-over-slf4j:jar:1.7.29:provided - version managed from 1.7.7; omitted for duplicate)
|  |  +- org.apache.shardingsphere:sharding-core-execute:jar:4.0.0-RC3:provided
|  |  |  +- (org.apache.shardingsphere:sharding-core-route:jar:4.0.0-RC3:provided - omitted for duplicate)
|  |  |  +- (com.google.guava:guava:jar:28.1-jre:provided - version managed from 18.0; omitted for duplicate)
|  |  |  +- (org.slf4j:slf4j-api:jar:1.7.29:provided - version managed from 1.7.7; omitted for duplicate)
|  |  |  \- (org.slf4j:jcl-over-slf4j:jar:1.7.29:provided - version managed from 1.7.7; omitted for duplicate)
|  |  +- org.apache.shardingsphere:sharding-core-merge:jar:4.0.0-RC3:provided
|  |  |  +- (org.apache.shardingsphere:sharding-core-execute:jar:4.0.0-RC3:provided - omitted for duplicate)
|  |  |  +- (com.google.guava:guava:jar:28.1-jre:provided - version managed from 18.0; omitted for duplicate)
|  |  |  +- (org.slf4j:slf4j-api:jar:1.7.29:provided - version managed from 1.7.7; omitted for duplicate)
|  |  |  \- (org.slf4j:jcl-over-slf4j:jar:1.7.29:provided - version managed from 1.7.7; omitted for duplicate)
|  |  +- (com.google.guava:guava:jar:28.1-jre:provided - version managed from 18.0; omitted for duplicate)
|  |  +- (org.slf4j:slf4j-api:jar:1.7.29:provided - version managed from 1.7.7; omitted for duplicate)
|  |  \- (org.slf4j:jcl-over-slf4j:jar:1.7.29:provided - version managed from 1.7.7; omitted for duplicate)
|  +- org.apache.shardingsphere:sharding-transaction-core:jar:4.0.0-RC3:provided
|  |  +- (org.apache.shardingsphere:sharding-core-entry:jar:4.0.0-RC3:provided - omitted for duplicate)
|  |  +- (com.google.guava:guava:jar:28.1-jre:provided - version managed from 18.0; omitted for duplicate)
|  |  +- (org.slf4j:slf4j-api:jar:1.7.29:provided - version managed from 1.7.7; omitted for duplicate)
|  |  \- (org.slf4j:jcl-over-slf4j:jar:1.7.29:provided - version managed from 1.7.7; omitted for duplicate)
|  +- (com.google.guava:guava:jar:28.1-jre:provided - version managed from 18.0; omitted for duplicate)
|  +- (org.slf4j:slf4j-api:jar:1.7.29:provided - version managed from 1.7.7; omitted for duplicate)
|  \- org.slf4j:jcl-over-slf4j:jar:1.7.29:provided
|     \- (org.slf4j:slf4j-api:jar:1.7.29:provided - version managed from 1.7.7; omitted for duplicate)
+- io.dropwizard.metrics:metrics-core:jar:4.1.1:compile
|  \- (org.slf4j:slf4j-api:jar:1.7.29:compile - version managed from 1.7.28; omitted for duplicate)
+- io.dropwizard.metrics:metrics-graphite:jar:4.1.1:provided
|  +- (io.dropwizard.metrics:metrics-core:jar:4.1.1:provided - omitted for duplicate)
|  +- (com.rabbitmq:amqp-client:jar:5.5.3:provided - omitted for conflict with 5.7.3)
|  \- (org.slf4j:slf4j-api:jar:1.7.29:provided - version managed from 1.7.28; omitted for duplicate)
+- io.dropwizard.metrics:metrics-servlets:jar:4.1.1:compile
|  +- (io.dropwizard.metrics:metrics-core:jar:4.1.1:compile - omitted for duplicate)
|  +- io.dropwizard.metrics:metrics-healthchecks:jar:4.1.1:compile
|  |  \- (org.slf4j:slf4j-api:jar:1.7.29:compile - version managed from 1.7.28; omitted for duplicate)
|  +- io.dropwizard.metrics:metrics-json:jar:4.1.1:compile
|  |  +- (io.dropwizard.metrics:metrics-core:jar:4.1.1:compile - omitted for duplicate)
|  |  +- (com.fasterxml.jackson.core:jackson-databind:jar:2.10.1:compile - version managed from 2.9.9.3; omitted for duplicate)
|  |  \- (org.slf4j:slf4j-api:jar:1.7.29:compile - version managed from 1.7.28; omitted for duplicate)
|  +- io.dropwizard.metrics:metrics-jvm:jar:4.1.1:compile
|  |  +- (io.dropwizard.metrics:metrics-core:jar:4.1.1:compile - omitted for duplicate)
|  |  \- (org.slf4j:slf4j-api:jar:1.7.29:compile - version managed from 1.7.28; omitted for duplicate)
|  +- com.helger:profiler:jar:1.1.1:compile
|  +- (com.fasterxml.jackson.core:jackson-databind:jar:2.10.1:compile - version managed from 2.9.9.3; omitted for duplicate)
|  \- (org.slf4j:slf4j-api:jar:1.7.29:compile - version managed from 1.7.28; omitted for duplicate)
+- com.github.davidb:metrics-influxdb:jar:1.1.0:provided
|  +- (io.dropwizard.metrics:metrics-core:jar:4.0.5:provided - omitted for conflict with 4.1.1)
|  \- (org.slf4j:slf4j-api:jar:1.7.29:provided - version managed from 1.7.7; omitted for duplicate)
+- org.apache.shiro:shiro-core:jar:1.3.2:provided
|  +- (org.slf4j:slf4j-api:jar:1.7.29:provided - version managed from 1.6.4; omitted for duplicate)
|  \- commons-beanutils:commons-beanutils:jar:1.8.3:provided
+- org.apache.shiro:shiro-web:jar:1.3.2:provided
|  \- (org.apache.shiro:shiro-core:jar:1.3.2:provided - omitted for duplicate)
+- org.apache.dubbo:dubbo:jar:2.7.5:compile
|  +- com.alibaba.spring:spring-context-support:jar:1.0.5:compile
|  +- (org.javassist:javassist:jar:3.20.0-GA:compile - omitted for conflict with 3.21.0-GA)
|  +- io.netty:netty-all:jar:4.1.43.Final:compile
|  +- com.google.code.gson:gson:jar:2.8.5:compile
|  \- (org.yaml:snakeyaml:jar:1.20:compile - omitted for conflict with 1.24)
+- org.apache.curator:curator-framework:jar:4.2.0:compile
|  \- org.apache.curator:curator-client:jar:4.2.0:compile
|     +- org.apache.zookeeper:zookeeper:jar:3.4.13:compile
|     |  +- (org.slf4j:slf4j-api:jar:1.7.29:compile - version managed from 1.7.25; omitted for duplicate)
|     |  +- commons-cli:commons-cli:jar:1.2:compile
|     |  +- log4j:log4j:jar:1.2.17:compile
|     |  +- org.apache.yetus:audience-annotations:jar:0.5.0:compile
|     |  \- io.netty:netty:jar:3.10.6.Final:compile
|     +- (com.google.guava:guava:jar:28.1-jre:compile - version managed from 27.0.1-jre; omitted for duplicate)
|     \- (org.slf4j:slf4j-api:jar:1.7.29:compile - version managed from 1.7.25; omitted for duplicate)
+- org.jboss.resteasy:resteasy-jdk-http:jar:3.9.0.Final:provided
|  +- (org.jboss.resteasy:resteasy-jaxrs:jar:3.9.0.Final:provided - omitted for duplicate)
|  +- (org.jboss.resteasy:resteasy-client:jar:3.9.0.Final:provided - omitted for duplicate)
|  +- org.jboss.spec.javax.annotation:jboss-annotations-api_1.3_spec:jar:1.0.1.Final:provided
|  \- (org.jboss.logging:jboss-logging:jar:3.3.2.Final:compile - scope updated from provided; omitted for duplicate)
+- org.jboss.resteasy:resteasy-jaxrs:jar:3.9.0.Final:provided
|  +- org.jboss.spec.javax.ws.rs:jboss-jaxrs-api_2.1_spec:jar:1.0.3.Final:provided
|  +- org.jboss.spec.javax.xml.bind:jboss-jaxb-api_2.3_spec:jar:1.0.1.Final:provided
|  +- org.reactivestreams:reactive-streams:jar:1.0.2:provided
|  +- javax.validation:validation-api:jar:2.0.1.Final:provided
|  +- (org.jboss.spec.javax.annotation:jboss-annotations-api_1.3_spec:jar:1.0.1.Final:provided - omitted for duplicate)
|  +- javax.activation:activation:jar:1.1.1:provided
|  +- org.apache.httpcomponents:httpclient:jar:4.5.10:provided
|  |  +- (org.apache.httpcomponents:httpcore:jar:4.4.12:provided - version managed from 4.4.8; omitted for duplicate)
|  |  +- commons-logging:commons-logging:jar:1.2:provided
|  |  \- (commons-codec:commons-codec:jar:1.13:provided - version managed from 1.11; omitted for duplicate)
|  +- (commons-io:commons-io:jar:2.5:provided - omitted for conflict with 2.6)
|  +- com.github.stephenc.jcip:jcip-annotations:jar:1.0-1:provided
|  \- (org.jboss.logging:jboss-logging:jar:3.3.2.Final:compile - scope updated from provided; omitted for duplicate)
+- org.jboss.resteasy:resteasy-client:jar:3.9.0.Final:provided
|  +- (org.jboss.spec.javax.ws.rs:jboss-jaxrs-api_2.1_spec:jar:1.0.3.Final:provided - omitted for duplicate)
|  +- (org.jboss.resteasy:resteasy-jaxrs:jar:3.9.0.Final:provided - omitted for duplicate)
|  +- (org.jboss.logging:jboss-logging:jar:3.3.2.Final:compile - scope updated from provided; omitted for duplicate)
|  \- (org.apache.httpcomponents:httpclient:jar:4.5.10:provided - version managed from 4.5.4; omitted for duplicate)
+- org.jboss.resteasy:resteasy-netty4:jar:3.9.0.Final:provided
|  +- (org.jboss.resteasy:resteasy-jaxrs:jar:3.9.0.Final:provided - omitted for duplicate)
|  +- (io.netty:netty-all:jar:4.1.43.Final:provided - version managed from 4.1.32.Final; omitted for duplicate)
|  \- (org.jboss.logging:jboss-logging:jar:3.3.2.Final:compile - scope updated from provided; omitted for duplicate)
+- org.jboss.resteasy:resteasy-jackson-provider:jar:3.9.0.Final:provided
|  +- org.codehaus.jackson:jackson-core-asl:jar:1.9.13:provided
|  +- org.codehaus.jackson:jackson-mapper-asl:jar:1.9.13:provided
|  |  \- (org.codehaus.jackson:jackson-core-asl:jar:1.9.13:provided - omitted for duplicate)
|  +- org.codehaus.jackson:jackson-jaxrs:jar:1.9.13:provided
|  |  +- (org.codehaus.jackson:jackson-core-asl:jar:1.9.13:provided - omitted for duplicate)
|  |  \- (org.codehaus.jackson:jackson-mapper-asl:jar:1.9.13:provided - omitted for duplicate)
|  \- org.codehaus.jackson:jackson-xc:jar:1.9.13:provided
|     +- (org.codehaus.jackson:jackson-core-asl:jar:1.9.13:provided - omitted for duplicate)
|     \- (org.codehaus.jackson:jackson-mapper-asl:jar:1.9.13:provided - omitted for duplicate)
+- com.101tec:zkclient:jar:0.11:provided
|  +- (org.apache.zookeeper:zookeeper:jar:3.4.13:compile - scope updated from provided; omitted for duplicate)
|  \- (org.slf4j:slf4j-api:jar:1.7.29:provided - version managed from 1.6.1; omitted for duplicate)
+- io.jsonwebtoken:jjwt:jar:0.9.1:compile
|  \- (com.fasterxml.jackson.core:jackson-databind:jar:2.10.1:compile - version managed from 2.9.6; omitted for duplicate)
+- com.squareup.okhttp3:okhttp:jar:3.14.4:provided
|  \- com.squareup.okio:okio:jar:1.17.2:provided
+- io.swagger:swagger-core:jar:1.5.21:provided
|  +- (org.apache.commons:commons-lang3:jar:3.9:provided - version managed from 3.2.1; omitted for duplicate)
|  +- (org.slf4j:slf4j-api:jar:1.7.29:provided - version managed from 1.7.22; omitted for duplicate)
|  +- (com.fasterxml.jackson.core:jackson-annotations:jar:2.10.1:provided - version managed from 2.9.5; omitted for duplicate)
|  +- (com.fasterxml.jackson.core:jackson-databind:jar:2.10.1:provided - version managed from 2.9.5; omitted for duplicate)
|  +- (com.fasterxml.jackson.dataformat:jackson-dataformat-yaml:jar:2.10.1:provided - version managed from 2.9.5; omitted for duplicate)
|  +- io.swagger:swagger-models:jar:1.5.21:provided
|  |  +- (com.fasterxml.jackson.core:jackson-annotations:jar:2.10.1:provided - version managed from 2.9.5; omitted for duplicate)
|  |  +- (org.slf4j:slf4j-api:jar:1.7.29:provided - version managed from 1.7.22; omitted for duplicate)
|  |  \- io.swagger:swagger-annotations:jar:1.5.21:provided
|  +- (com.google.guava:guava:jar:28.1-jre:provided - version managed from 20.0; omitted for duplicate)
|  \- (javax.validation:validation-api:jar:1.1.0.Final:provided - omitted for conflict with 2.0.1.Final)
+- io.seata:seata-tm:jar:1.0.0:compile
|  \- (io.seata:seata-core:jar:1.0.0:compile - omitted for duplicate)
+- io.seata:seata-rm-datasource:jar:1.0.0:compile
|  +- (io.seata:seata-core:jar:1.0.0:compile - omitted for duplicate)
|  +- io.seata:seata-rm:jar:1.0.0:compile
|  |  +- (io.seata:seata-core:jar:1.0.0:compile - omitted for duplicate)
|  |  \- (cglib:cglib:jar:3.1:compile - omitted for conflict with 3.3.0)
|  +- (com.alibaba:druid:jar:1.1.12:compile - omitted for conflict with 1.1.20)
|  +- com.github.ben-manes.caffeine:caffeine:jar:2.7.0:compile
|  |  +- (org.checkerframework:checker-qual:jar:2.6.0:compile - omitted for conflict with 2.8.1)
|  |  \- (com.google.errorprone:error_prone_annotations:jar:2.3.3:compile - omitted for conflict with 2.3.2)
|  +- io.protostuff:protostuff-core:jar:1.5.9:compile
|  |  \- io.protostuff:protostuff-api:jar:1.5.9:compile
|  +- io.protostuff:protostuff-runtime:jar:1.5.9:compile
|  |  +- (io.protostuff:protostuff-api:jar:1.5.9:compile - omitted for duplicate)
|  |  \- io.protostuff:protostuff-collectionschema:jar:1.5.9:compile
|  |     \- (io.protostuff:protostuff-api:jar:1.5.9:compile - omitted for duplicate)
|  +- (com.fasterxml.jackson.core:jackson-databind:jar:2.10.1:compile - version managed from 2.9.9; omitted for duplicate)
|  +- (com.esotericsoftware:kryo:jar:4.0.2:compile - omitted for duplicate)
|  \- de.javakaffee:kryo-serializers:jar:0.42:compile
|     \- (com.esotericsoftware:kryo:jar:4.0.0:compile - omitted for conflict with 4.0.2)
+- io.seata:seata-config-core:jar:1.0.0:compile
|  +- (io.seata:seata-common:jar:1.0.0:compile - omitted for duplicate)
|  \- com.typesafe:config:jar:1.2.1:compile
+- io.seata:seata-codec-seata:jar:1.0.0:compile
|  \- (io.seata:seata-core:jar:1.0.0:compile - omitted for duplicate)
+- io.seata:seata-core:jar:1.0.0:compile
|  +- (io.seata:seata-common:jar:1.0.0:compile - omitted for duplicate)
|  +- io.seata:seata-discovery-core:jar:1.0.0:compile
|  +- (com.alibaba:fastjson:jar:1.2.62:compile - version managed from 1.2.60; omitted for duplicate)
|  +- (io.netty:netty-all:jar:4.1.43.Final:compile - version managed from 4.1.30.Final; omitted for duplicate)
|  +- (org.apache.commons:commons-pool2:jar:2.4.2:compile - omitted for conflict with 2.4.3)
|  +- commons-pool:commons-pool:jar:1.6:compile
|  +- (com.google.guava:guava:jar:28.1-jre:compile - version managed from 27.0.1-jre; omitted for duplicate)
|  \- com.google.protobuf:protobuf-java:jar:3.7.1:compile
+- io.seata:seata-common:jar:1.0.0:compile
|  +- (io.netty:netty-all:jar:4.1.43.Final:compile - version managed from 4.1.30.Final; omitted for duplicate)
|  +- (org.slf4j:slf4j-api:jar:1.7.29:compile - version managed from 1.7.22; omitted for duplicate)
|  +- commons-lang:commons-lang:jar:2.6:compile
|  \- (com.alibaba:fastjson:jar:1.2.62:compile - version managed from 1.2.60; omitted for duplicate)
+- net.oschina.j2cache:j2cache-core:jar:2.7.8-release:provided
|  +- (com.github.ben-manes.caffeine:caffeine:jar:2.6.2:provided - omitted for conflict with 2.7.0)
|  +- (redis.clients:jedis:jar:2.9.0:provided - omitted for conflict with 2.10.2)
|  +- (de.ruedigermoeller:fst:jar:2.57:provided - omitted for duplicate)
|  +- (org.slf4j:slf4j-api:jar:1.7.29:provided - version managed from 1.7.25; omitted for duplicate)
|  +- (com.alibaba:fastjson:jar:1.2.62:provided - version managed from 1.2.49; omitted for duplicate)
|  \- jline:jline:jar:2.14.2:provided
+- org.apache.qpid:qpid-client:jar:6.3.4:provided
|  \- (org.slf4j:slf4j-api:jar:1.7.29:provided - version managed from 1.7.25; omitted for duplicate)
+- org.apache.geronimo.specs:geronimo-jms_1.1_spec:jar:1.1.1:provided
+- ch.qos.logback:logback-core:jar:1.2.3:provided
\- ch.qos.logback:logback-classic:jar:1.2.3:provided
   +- (ch.qos.logback:logback-core:jar:1.2.3:provided - omitted for duplicate)
   \- (org.slf4j:slf4j-api:jar:1.7.29:provided - version managed from 1.7.25; omitted for duplicate)

