WARNING: Your kernel does not support swap limit capabilities or the cgroup is not mounted. Memory limited without swap.
org.yx:sumk:jar:1.6.2
+- org.mybatis:mybatis:jar:3.3.0:compile
+- org.apache.commons:commons-dbcp2:jar:2.1.1:compile
|  +- org.apache.commons:commons-pool2:jar:2.4.2:compile
|  \- commons-logging:commons-logging:jar:1.2:compile
+- com.google.code.gson:gson:jar:2.5:compile
+- org.apache.mina:mina-core:jar:2.0.10:compile
|  \- org.slf4j:slf4j-api:jar:1.7.13:compile
+- com.101tec:zkclient:jar:0.9:compile
|  +- (org.slf4j:slf4j-api:jar:1.6.1:compile - omitted for conflict with 1.7.13)
|  +- org.slf4j:slf4j-log4j12:jar:1.6.1:compile
|  |  +- (org.slf4j:slf4j-api:jar:1.6.1:compile - omitted for conflict with 1.7.13)
|  |  \- (log4j:log4j:jar:1.2.16:compile - omitted for conflict with 1.2.15)
|  +- org.apache.zookeeper:zookeeper:jar:3.4.8:compile
|  |  +- (org.slf4j:slf4j-api:jar:1.6.1:compile - omitted for conflict with 1.7.13)
|  |  +- (org.slf4j:slf4j-log4j12:jar:1.6.1:compile - omitted for duplicate)
|  |  +- (log4j:log4j:jar:1.2.16:compile - omitted for duplicate)
|  |  \- jline:jline:jar:0.9.94:compile
|  \- log4j:log4j:jar:1.2.15:compile
|     \- javax.mail:mail:jar:1.4:compile
|        \- javax.activation:activation:jar:1.1:compile
+- org.eclipse.jetty:jetty-servlet:jar:9.3.8.v20160314:compile
|  \- org.eclipse.jetty:jetty-security:jar:9.3.8.v20160314:compile
|     \- org.eclipse.jetty:jetty-server:jar:9.3.8.v20160314:compile
|        +- javax.servlet:javax.servlet-api:jar:3.1.0:compile
|        +- org.eclipse.jetty:jetty-http:jar:9.3.8.v20160314:compile
|        |  \- org.eclipse.jetty:jetty-util:jar:9.3.8.v20160314:compile
|        \- org.eclipse.jetty:jetty-io:jar:9.3.8.v20160314:compile
|           \- (org.eclipse.jetty:jetty-util:jar:9.3.8.v20160314:compile - omitted for duplicate)
+- org.apache.httpcomponents:httpasyncclient:jar:4.0.2:test
|  +- org.apache.httpcomponents:httpcore:jar:4.3.2:test
|  +- org.apache.httpcomponents:httpcore-nio:jar:4.3.2:test
|  |  \- (org.apache.httpcomponents:httpcore:jar:4.3.2:test - omitted for duplicate)
|  +- org.apache.httpcomponents:httpclient:jar:4.3.5:test
|  |  +- (org.apache.httpcomponents:httpcore:jar:4.3.2:test - omitted for duplicate)
|  |  +- (commons-logging:commons-logging:jar:1.1.3:test - omitted for conflict with 1.2)
|  |  \- (commons-codec:commons-codec:jar:1.6:test - omitted for duplicate)
|  \- (commons-logging:commons-logging:jar:1.1.3:test - omitted for conflict with 1.2)
+- org.apache.httpcomponents:httpmime:jar:4.2:test
|  \- (org.apache.httpcomponents:httpcore:jar:4.2:test - omitted for conflict with 4.3.2)
+- commons-fileupload:commons-fileupload:jar:1.3.1:compile
|  \- commons-io:commons-io:jar:2.2:compile
+- mysql:mysql-connector-java:jar:5.1.39:compile
+- redis.clients:jedis:jar:2.9.0:compile
|  \- (org.apache.commons:commons-pool2:jar:2.4.2:compile - omitted for duplicate)
+- commons-codec:commons-codec:jar:1.6:compile
+- org.ow2.asm:asm-util:jar:5.0.3:compile
|  \- org.ow2.asm:asm-tree:jar:5.0.3:compile
|     \- org.ow2.asm:asm:jar:5.0.3:compile
\- junit:junit:jar:4.11:test
   \- org.hamcrest:hamcrest-core:jar:1.3:test

