WARNING: Your kernel does not support swap limit capabilities or the cgroup is not mounted. Memory limited without swap.
de.zalando.ep:zalenium:jar:3.11.0g
+- org.aspectj:aspectjrt:jar:1.8.13:compile
+- org.seleniumhq.selenium:selenium-server:jar:3.11.0:compile
|  +- org.seleniumhq.selenium:selenium-java:jar:3.11.0:compile
|  |  +- (org.seleniumhq.selenium:selenium-api:jar:3.11.0:compile - omitted for duplicate)
|  |  +- (org.seleniumhq.selenium:selenium-chrome-driver:jar:3.11.0:compile - omitted for duplicate)
|  |  +- (org.seleniumhq.selenium:selenium-edge-driver:jar:3.11.0:compile - omitted for duplicate)
|  |  +- (org.seleniumhq.selenium:selenium-firefox-driver:jar:3.11.0:compile - omitted for duplicate)
|  |  +- (org.seleniumhq.selenium:selenium-ie-driver:jar:3.11.0:compile - omitted for duplicate)
|  |  +- (org.seleniumhq.selenium:selenium-opera-driver:jar:3.11.0:compile - omitted for duplicate)
|  |  +- (org.seleniumhq.selenium:selenium-remote-driver:jar:3.11.0:compile - omitted for duplicate)
|  |  +- (org.seleniumhq.selenium:selenium-safari-driver:jar:3.11.0:compile - omitted for duplicate)
|  |  +- (org.seleniumhq.selenium:selenium-support:jar:3.11.0:compile - omitted for duplicate)
|  |  +- (net.bytebuddy:byte-buddy:jar:1.7.9:compile - omitted for duplicate)
|  |  +- (org.apache.commons:commons-exec:jar:1.3:compile - omitted for duplicate)
|  |  +- (commons-codec:commons-codec:jar:1.10:compile - omitted for duplicate)
|  |  +- (commons-logging:commons-logging:jar:1.2:compile - omitted for duplicate)
|  |  +- (com.google.code.gson:gson:jar:2.8.2:compile - omitted for duplicate)
|  |  +- (com.google.guava:guava:jar:23.6-jre:compile - omitted for duplicate)
|  |  +- (org.apache.httpcomponents:httpclient:jar:4.5.3:compile - omitted for duplicate)
|  |  +- (org.apache.httpcomponents:httpcore:jar:4.4.6:compile - omitted for duplicate)
|  |  +- (com.squareup.okhttp3:okhttp:jar:3.9.1:compile - omitted for duplicate)
|  |  \- (com.squareup.okio:okio:jar:1.13.0:compile - omitted for duplicate)
|  +- org.seleniumhq.selenium:selenium-api:jar:3.11.0:compile
|  +- org.seleniumhq.selenium:selenium-chrome-driver:jar:3.11.0:compile
|  |  +- (org.seleniumhq.selenium:selenium-api:jar:3.11.0:compile - omitted for duplicate)
|  |  +- (org.seleniumhq.selenium:selenium-remote-driver:jar:3.11.0:compile - omitted for duplicate)
|  |  +- (net.bytebuddy:byte-buddy:jar:1.7.9:compile - omitted for duplicate)
|  |  +- (org.apache.commons:commons-exec:jar:1.3:compile - omitted for duplicate)
|  |  +- (commons-codec:commons-codec:jar:1.10:compile - omitted for duplicate)
|  |  +- (commons-logging:commons-logging:jar:1.2:compile - omitted for duplicate)
|  |  +- (com.google.code.gson:gson:jar:2.8.2:compile - omitted for duplicate)
|  |  +- (com.google.guava:guava:jar:23.6-jre:compile - omitted for duplicate)
|  |  +- (org.apache.httpcomponents:httpclient:jar:4.5.3:compile - omitted for duplicate)
|  |  +- (org.apache.httpcomponents:httpcore:jar:4.4.6:compile - omitted for duplicate)
|  |  +- (com.squareup.okhttp3:okhttp:jar:3.9.1:compile - omitted for duplicate)
|  |  \- (com.squareup.okio:okio:jar:1.13.0:compile - omitted for duplicate)
|  +- org.seleniumhq.selenium:selenium-edge-driver:jar:3.11.0:compile
|  |  +- (org.seleniumhq.selenium:selenium-api:jar:3.11.0:compile - omitted for duplicate)
|  |  +- (org.seleniumhq.selenium:selenium-remote-driver:jar:3.11.0:compile - omitted for duplicate)
|  |  +- (net.bytebuddy:byte-buddy:jar:1.7.9:compile - omitted for duplicate)
|  |  +- (org.apache.commons:commons-exec:jar:1.3:compile - omitted for duplicate)
|  |  +- (commons-codec:commons-codec:jar:1.10:compile - omitted for duplicate)
|  |  +- (commons-logging:commons-logging:jar:1.2:compile - omitted for duplicate)
|  |  +- (com.google.code.gson:gson:jar:2.8.2:compile - omitted for duplicate)
|  |  +- (com.google.guava:guava:jar:23.6-jre:compile - omitted for duplicate)
|  |  +- (org.apache.httpcomponents:httpclient:jar:4.5.3:compile - omitted for duplicate)
|  |  +- (org.apache.httpcomponents:httpcore:jar:4.4.6:compile - omitted for duplicate)
|  |  +- (com.squareup.okhttp3:okhttp:jar:3.9.1:compile - omitted for duplicate)
|  |  \- (com.squareup.okio:okio:jar:1.13.0:compile - omitted for duplicate)
|  +- org.seleniumhq.selenium:selenium-firefox-driver:jar:3.11.0:compile
|  |  +- (org.seleniumhq.selenium:selenium-api:jar:3.11.0:compile - omitted for duplicate)
|  |  +- (org.seleniumhq.selenium:selenium-remote-driver:jar:3.11.0:compile - omitted for duplicate)
|  |  +- (net.bytebuddy:byte-buddy:jar:1.7.9:compile - omitted for duplicate)
|  |  +- (org.apache.commons:commons-exec:jar:1.3:compile - omitted for duplicate)
|  |  +- (commons-codec:commons-codec:jar:1.10:compile - omitted for duplicate)
|  |  +- (commons-logging:commons-logging:jar:1.2:compile - omitted for duplicate)
|  |  +- (com.google.code.gson:gson:jar:2.8.2:compile - omitted for duplicate)
|  |  +- (com.google.guava:guava:jar:23.6-jre:compile - omitted for duplicate)
|  |  +- (org.apache.httpcomponents:httpclient:jar:4.5.3:compile - omitted for duplicate)
|  |  +- (org.apache.httpcomponents:httpcore:jar:4.4.6:compile - omitted for duplicate)
|  |  +- (com.squareup.okhttp3:okhttp:jar:3.9.1:compile - omitted for duplicate)
|  |  \- (com.squareup.okio:okio:jar:1.13.0:compile - omitted for duplicate)
|  +- org.seleniumhq.selenium:selenium-ie-driver:jar:3.11.0:compile
|  |  +- (org.seleniumhq.selenium:selenium-api:jar:3.11.0:compile - omitted for duplicate)
|  |  +- (org.seleniumhq.selenium:selenium-remote-driver:jar:3.11.0:compile - omitted for duplicate)
|  |  +- (net.bytebuddy:byte-buddy:jar:1.7.9:compile - omitted for duplicate)
|  |  +- (org.apache.commons:commons-exec:jar:1.3:compile - omitted for duplicate)
|  |  +- (commons-codec:commons-codec:jar:1.10:compile - omitted for duplicate)
|  |  +- (commons-logging:commons-logging:jar:1.2:compile - omitted for duplicate)
|  |  +- (com.google.code.gson:gson:jar:2.8.2:compile - omitted for duplicate)
|  |  +- (com.google.guava:guava:jar:23.6-jre:compile - omitted for duplicate)
|  |  +- (org.apache.httpcomponents:httpclient:jar:4.5.3:compile - omitted for duplicate)
|  |  +- (org.apache.httpcomponents:httpcore:jar:4.4.6:compile - omitted for duplicate)
|  |  +- (com.squareup.okhttp3:okhttp:jar:3.9.1:compile - omitted for duplicate)
|  |  \- (com.squareup.okio:okio:jar:1.13.0:compile - omitted for duplicate)
|  +- org.seleniumhq.selenium:selenium-opera-driver:jar:3.11.0:compile
|  |  +- (org.seleniumhq.selenium:selenium-api:jar:3.11.0:compile - omitted for duplicate)
|  |  +- (org.seleniumhq.selenium:selenium-remote-driver:jar:3.11.0:compile - omitted for duplicate)
|  |  +- (net.bytebuddy:byte-buddy:jar:1.7.9:compile - omitted for duplicate)
|  |  +- (org.apache.commons:commons-exec:jar:1.3:compile - omitted for duplicate)
|  |  +- (commons-codec:commons-codec:jar:1.10:compile - omitted for duplicate)
|  |  +- (commons-logging:commons-logging:jar:1.2:compile - omitted for duplicate)
|  |  +- (com.google.code.gson:gson:jar:2.8.2:compile - omitted for duplicate)
|  |  +- (com.google.guava:guava:jar:23.6-jre:compile - omitted for duplicate)
|  |  +- (org.apache.httpcomponents:httpclient:jar:4.5.3:compile - omitted for duplicate)
|  |  +- (org.apache.httpcomponents:httpcore:jar:4.4.6:compile - omitted for duplicate)
|  |  +- (com.squareup.okhttp3:okhttp:jar:3.9.1:compile - omitted for duplicate)
|  |  \- (com.squareup.okio:okio:jar:1.13.0:compile - omitted for duplicate)
|  +- org.seleniumhq.selenium:selenium-remote-driver:jar:3.11.0:compile
|  |  +- (org.seleniumhq.selenium:selenium-api:jar:3.11.0:compile - omitted for duplicate)
|  |  +- (net.bytebuddy:byte-buddy:jar:1.7.9:compile - omitted for duplicate)
|  |  +- (org.apache.commons:commons-exec:jar:1.3:compile - omitted for duplicate)
|  |  +- (commons-codec:commons-codec:jar:1.10:compile - omitted for duplicate)
|  |  +- (commons-logging:commons-logging:jar:1.2:compile - omitted for duplicate)
|  |  +- (com.google.code.gson:gson:jar:2.8.2:compile - omitted for duplicate)
|  |  +- (com.google.guava:guava:jar:23.6-jre:compile - omitted for duplicate)
|  |  +- (org.apache.httpcomponents:httpclient:jar:4.5.3:compile - omitted for duplicate)
|  |  +- (org.apache.httpcomponents:httpcore:jar:4.4.6:compile - omitted for duplicate)
|  |  +- (com.squareup.okhttp3:okhttp:jar:3.9.1:compile - omitted for duplicate)
|  |  \- (com.squareup.okio:okio:jar:1.13.0:compile - omitted for duplicate)
|  +- org.seleniumhq.selenium:selenium-safari-driver:jar:3.11.0:compile
|  |  +- (org.seleniumhq.selenium:selenium-api:jar:3.11.0:compile - omitted for duplicate)
|  |  +- (org.seleniumhq.selenium:selenium-remote-driver:jar:3.11.0:compile - omitted for duplicate)
|  |  +- (net.bytebuddy:byte-buddy:jar:1.7.9:compile - omitted for duplicate)
|  |  +- (org.apache.commons:commons-exec:jar:1.3:compile - omitted for duplicate)
|  |  +- (commons-codec:commons-codec:jar:1.10:compile - omitted for duplicate)
|  |  +- (commons-logging:commons-logging:jar:1.2:compile - omitted for duplicate)
|  |  +- (com.google.code.gson:gson:jar:2.8.2:compile - omitted for duplicate)
|  |  +- (com.google.guava:guava:jar:23.6-jre:compile - omitted for duplicate)
|  |  +- (org.apache.httpcomponents:httpclient:jar:4.5.3:compile - omitted for duplicate)
|  |  +- (org.apache.httpcomponents:httpcore:jar:4.4.6:compile - omitted for duplicate)
|  |  +- (com.squareup.okhttp3:okhttp:jar:3.9.1:compile - omitted for duplicate)
|  |  \- (com.squareup.okio:okio:jar:1.13.0:compile - omitted for duplicate)
|  +- org.seleniumhq.selenium:selenium-support:jar:3.11.0:compile
|  |  +- (org.seleniumhq.selenium:selenium-api:jar:3.11.0:compile - omitted for duplicate)
|  |  +- (org.seleniumhq.selenium:selenium-remote-driver:jar:3.11.0:compile - omitted for duplicate)
|  |  +- (net.bytebuddy:byte-buddy:jar:1.7.9:compile - omitted for duplicate)
|  |  +- (org.apache.commons:commons-exec:jar:1.3:compile - omitted for duplicate)
|  |  +- (commons-codec:commons-codec:jar:1.10:compile - omitted for duplicate)
|  |  +- (commons-logging:commons-logging:jar:1.2:compile - omitted for duplicate)
|  |  +- (com.google.code.gson:gson:jar:2.8.2:compile - omitted for duplicate)
|  |  +- (com.google.guava:guava:jar:23.6-jre:compile - omitted for duplicate)
|  |  +- (org.apache.httpcomponents:httpclient:jar:4.5.3:compile - omitted for duplicate)
|  |  +- (org.apache.httpcomponents:httpcore:jar:4.4.6:compile - omitted for duplicate)
|  |  +- (com.squareup.okhttp3:okhttp:jar:3.9.1:compile - omitted for duplicate)
|  |  \- (com.squareup.okio:okio:jar:1.13.0:compile - omitted for duplicate)
|  +- com.beust:jcommander:jar:1.72:compile
|  +- net.bytebuddy:byte-buddy:jar:1.7.9:compile
|  +- org.apache.commons:commons-exec:jar:1.3:compile
|  +- org.apache.commons:commons-lang3:jar:3.7:compile
|  +- org.apache.commons:commons-text:jar:1.1:compile
|  |  \- (org.apache.commons:commons-lang3:jar:3.5:compile - omitted for conflict with 3.7)
|  +- commons-codec:commons-codec:jar:1.10:compile
|  +- commons-io:commons-io:jar:2.6:compile
|  +- commons-logging:commons-logging:jar:1.2:compile
|  +- commons-net:commons-net:jar:3.6:compile
|  +- org.w3c.css:sac:jar:1.3:compile
|  +- net.sourceforge.cssparser:cssparser:jar:0.9.24:compile
|  |  \- (org.w3c.css:sac:jar:1.3:compile - omitted for duplicate)
|  +- com.google.code.gson:gson:jar:2.8.2:compile
|  +- com.google.guava:guava:jar:23.6-jre:compile
|  |  +- com.google.code.findbugs:jsr305:jar:1.3.9:compile
|  |  +- org.checkerframework:checker-compat-qual:jar:2.0.0:compile
|  |  +- com.google.errorprone:error_prone_annotations:jar:2.1.3:compile
|  |  +- com.google.j2objc:j2objc-annotations:jar:1.1:compile
|  |  \- org.codehaus.mojo:animal-sniffer-annotations:jar:1.14:compile
|  +- net.sourceforge.htmlunit:htmlunit:jar:2.29:compile
|  |  +- (xalan:xalan:jar:2.7.2:compile - omitted for duplicate)
|  |  +- (org.apache.commons:commons-lang3:jar:3.7:compile - omitted for duplicate)
|  |  +- (org.apache.commons:commons-text:jar:1.2:compile - omitted for conflict with 1.1)
|  |  +- (org.apache.httpcomponents:httpmime:jar:4.5.4:compile - omitted for conflict with 4.5.3)
|  |  +- (net.sourceforge.htmlunit:htmlunit-core-js:jar:2.28:compile - omitted for duplicate)
|  |  +- (net.sourceforge.htmlunit:neko-htmlunit:jar:2.28:compile - omitted for duplicate)
|  |  +- (net.sourceforge.cssparser:cssparser:jar:0.9.24:compile - omitted for duplicate)
|  |  +- (commons-io:commons-io:jar:2.6:compile - omitted for duplicate)
|  |  +- (commons-logging:commons-logging:jar:1.2:compile - omitted for duplicate)
|  |  +- (commons-net:commons-net:jar:3.6:compile - omitted for duplicate)
|  |  \- (org.eclipse.jetty.websocket:websocket-client:jar:9.4.8.v20171121:compile - omitted for conflict with 9.4.7.v20170914)
|  +- net.sourceforge.htmlunit:htmlunit-core-js:jar:2.28:compile
|  +- net.sourceforge.htmlunit:neko-htmlunit:jar:2.28:compile
|  |  \- (xerces:xercesImpl:jar:2.11.0:compile - omitted for duplicate)
|  +- org.apache.httpcomponents:httpclient:jar:4.5.3:compile
|  |  +- (org.apache.httpcomponents:httpcore:jar:4.4.6:compile - omitted for duplicate)
|  |  +- (commons-logging:commons-logging:jar:1.2:compile - omitted for duplicate)
|  |  \- (commons-codec:commons-codec:jar:1.9:compile - omitted for conflict with 1.10)
|  +- org.apache.httpcomponents:httpcore:jar:4.4.6:compile
|  +- org.apache.httpcomponents:httpmime:jar:4.5.3:compile
|  |  \- (org.apache.httpcomponents:httpclient:jar:4.5.3:compile - omitted for duplicate)
|  +- net.jcip:jcip-annotations:jar:1.0:compile
|  +- org.seleniumhq.selenium:jetty-repacked:jar:9.4.7.v20171121:compile
|  |  \- (javax.servlet:javax.servlet-api:jar:3.1.0:compile - omitted for duplicate)
|  +- org.eclipse.jetty:jetty-client:jar:9.4.7.v20170914:compile
|  |  +- (org.eclipse.jetty:jetty-http:jar:9.4.7.v20170914:compile - omitted for conflict with 9.4.8.v20171121)
|  |  \- (org.eclipse.jetty:jetty-io:jar:9.4.7.v20170914:compile - omitted for conflict with 9.4.8.v20171121)
|  +- org.eclipse.jetty:jetty-http:jar:9.4.8.v20171121:compile
|  |  +- (org.eclipse.jetty:jetty-util:jar:9.4.8.v20171121:compile - omitted for duplicate)
|  |  \- (org.eclipse.jetty:jetty-io:jar:9.4.8.v20171121:compile - omitted for conflict with 9.4.7.v20170914)
|  +- org.eclipse.jetty:jetty-io:jar:9.4.8.v20171121:compile
|  |  \- (org.eclipse.jetty:jetty-util:jar:9.4.8.v20171121:compile - omitted for duplicate)
|  +- org.eclipse.jetty:jetty-util:jar:9.4.8.v20171121:compile
|  +- org.eclipse.jetty:jetty-xml:jar:9.4.7.v20170914:compile
|  |  \- (org.eclipse.jetty:jetty-util:jar:9.4.7.v20170914:compile - omitted for conflict with 9.4.8.v20171121)
|  +- com.squareup.okhttp3:okhttp:jar:3.9.1:compile
|  |  \- (com.squareup.okio:okio:jar:1.13.0:compile - omitted for duplicate)
|  +- com.squareup.okio:okio:jar:1.13.0:compile
|  +- org.seleniumhq.selenium:htmlunit-driver:jar:2.29.0:compile
|  |  +- (org.seleniumhq.selenium:selenium-api:jar:3.8.1:compile - omitted for conflict with 3.11.0)
|  |  +- (org.seleniumhq.selenium:selenium-support:jar:3.8.1:compile - omitted for conflict with 3.11.0)
|  |  \- (net.sourceforge.htmlunit:htmlunit:jar:2.29:compile - omitted for duplicate)
|  +- javax.servlet:javax.servlet-api:jar:3.1.0:compile
|  +- org.eclipse.jetty.websocket:websocket-api:jar:9.4.7.v20170914:compile
|  +- org.eclipse.jetty.websocket:websocket-client:jar:9.4.7.v20170914:compile
|  |  +- (org.eclipse.jetty:jetty-client:jar:9.4.7.v20170914:compile - omitted for duplicate)
|  |  +- (org.eclipse.jetty:jetty-xml:jar:9.4.7.v20170914:compile - omitted for duplicate)
|  |  +- (org.eclipse.jetty:jetty-util:jar:9.4.7.v20170914:compile - omitted for conflict with 9.4.8.v20171121)
|  |  +- (org.eclipse.jetty:jetty-io:jar:9.4.7.v20170914:compile - omitted for conflict with 9.4.8.v20171121)
|  |  \- (org.eclipse.jetty.websocket:websocket-common:jar:9.4.7.v20170914:compile - omitted for duplicate)
|  +- org.eclipse.jetty.websocket:websocket-common:jar:9.4.7.v20170914:compile
|  |  +- (org.eclipse.jetty.websocket:websocket-api:jar:9.4.7.v20170914:compile - omitted for duplicate)
|  |  +- (org.eclipse.jetty:jetty-util:jar:9.4.7.v20170914:compile - omitted for conflict with 9.4.8.v20171121)
|  |  \- (org.eclipse.jetty:jetty-io:jar:9.4.7.v20170914:compile - omitted for conflict with 9.4.8.v20171121)
|  +- xalan:serializer:jar:2.7.2:compile
|  |  \- (xml-apis:xml-apis:jar:1.3.04:compile - omitted for conflict with 1.4.01)
|  +- xalan:xalan:jar:2.7.2:compile
|  |  \- (xalan:serializer:jar:2.7.2:compile - omitted for duplicate)
|  +- xerces:xercesImpl:jar:2.11.0:compile
|  |  \- (xml-apis:xml-apis:jar:1.4.01:compile - omitted for conflict with 1.3.04)
|  +- xml-apis:xml-apis:jar:1.4.01:compile
|  \- org.yaml:snakeyaml:jar:1.19:compile
+- com.spotify:docker-client:jar:8.11.2:compile
|  +- com.fasterxml.jackson.jaxrs:jackson-jaxrs-json-provider:jar:2.9.4:compile
|  |  +- com.fasterxml.jackson.jaxrs:jackson-jaxrs-base:jar:2.9.4:compile
|  |  |  +- (com.fasterxml.jackson.core:jackson-core:jar:2.9.4:compile - omitted for duplicate)
|  |  |  \- (com.fasterxml.jackson.core:jackson-databind:jar:2.9.4:compile - omitted for duplicate)
|  |  \- com.fasterxml.jackson.module:jackson-module-jaxb-annotations:jar:2.9.4:compile
|  |     +- (com.fasterxml.jackson.core:jackson-annotations:jar:2.9.0:compile - omitted for duplicate)
|  |     +- (com.fasterxml.jackson.core:jackson-core:jar:2.9.4:compile - omitted for duplicate)
|  |     \- (com.fasterxml.jackson.core:jackson-databind:jar:2.9.4:compile - omitted for duplicate)
|  +- com.fasterxml.jackson.datatype:jackson-datatype-guava:jar:2.9.4:compile
|  |  +- com.fasterxml.jackson.core:jackson-core:jar:2.9.4:compile
|  |  \- (com.fasterxml.jackson.core:jackson-databind:jar:2.9.4:compile - omitted for duplicate)
|  +- com.fasterxml.jackson.core:jackson-databind:jar:2.9.4:compile
|  |  +- com.fasterxml.jackson.core:jackson-annotations:jar:2.9.0:compile
|  |  \- (com.fasterxml.jackson.core:jackson-core:jar:2.9.4:compile - omitted for duplicate)
|  +- org.glassfish.jersey.core:jersey-client:jar:2.22.2:compile
|  |  +- javax.ws.rs:javax.ws.rs-api:jar:2.0.1:compile
|  |  +- org.glassfish.jersey.core:jersey-common:jar:2.22.2:compile
|  |  |  +- (javax.ws.rs:javax.ws.rs-api:jar:2.0.1:compile - omitted for duplicate)
|  |  |  +- javax.annotation:javax.annotation-api:jar:1.2:compile
|  |  |  +- org.glassfish.jersey.bundles.repackaged:jersey-guava:jar:2.22.2:compile
|  |  |  +- (org.glassfish.hk2:hk2-api:jar:2.4.0-b34:compile - omitted for duplicate)
|  |  |  +- (org.glassfish.hk2.external:javax.inject:jar:2.4.0-b34:compile - omitted for duplicate)
|  |  |  +- (org.glassfish.hk2:hk2-locator:jar:2.4.0-b34:compile - omitted for duplicate)
|  |  |  \- org.glassfish.hk2:osgi-resource-locator:jar:1.0.1:compile
|  |  +- org.glassfish.hk2:hk2-api:jar:2.4.0-b34:compile
|  |  |  +- org.glassfish.hk2:hk2-utils:jar:2.4.0-b34:compile
|  |  |  \- org.glassfish.hk2.external:aopalliance-repackaged:jar:2.4.0-b34:compile
|  |  +- org.glassfish.hk2.external:javax.inject:jar:2.4.0-b34:compile
|  |  \- org.glassfish.hk2:hk2-locator:jar:2.4.0-b34:compile
|  |     +- (org.glassfish.hk2.external:javax.inject:jar:2.4.0-b34:compile - omitted for duplicate)
|  |     +- (org.glassfish.hk2.external:aopalliance-repackaged:jar:2.4.0-b34:compile - omitted for duplicate)
|  |     +- (org.glassfish.hk2:hk2-api:jar:2.4.0-b34:compile - omitted for duplicate)
|  |     +- (org.glassfish.hk2:hk2-utils:jar:2.4.0-b34:compile - omitted for duplicate)
|  |     \- org.javassist:javassist:jar:3.18.1-GA:compile
|  +- org.glassfish.jersey.connectors:jersey-apache-connector:jar:2.22.2:compile
|  |  +- (org.apache.httpcomponents:httpclient:jar:4.5:compile - omitted for conflict with 4.5.3)
|  |  +- (org.glassfish.jersey.core:jersey-common:jar:2.22.2:compile - omitted for duplicate)
|  |  +- (org.glassfish.jersey.core:jersey-client:jar:2.22.2:compile - omitted for duplicate)
|  |  \- (javax.ws.rs:javax.ws.rs-api:jar:2.0.1:compile - omitted for duplicate)
|  +- org.glassfish.jersey.media:jersey-media-json-jackson:jar:2.22.2:compile
|  |  +- (org.glassfish.jersey.core:jersey-common:jar:2.22.2:compile - omitted for duplicate)
|  |  +- org.glassfish.jersey.ext:jersey-entity-filtering:jar:2.22.2:compile
|  |  |  \- (javax.ws.rs:javax.ws.rs-api:jar:2.0.1:compile - omitted for duplicate)
|  |  +- (com.fasterxml.jackson.jaxrs:jackson-jaxrs-base:jar:2.5.4:compile - omitted for conflict with 2.9.4)
|  |  +- (com.fasterxml.jackson.jaxrs:jackson-jaxrs-json-provider:jar:2.5.4:compile - omitted for conflict with 2.9.4)
|  |  \- (com.fasterxml.jackson.core:jackson-annotations:jar:2.5.4:compile - omitted for conflict with 2.9.0)
|  +- org.apache.commons:commons-compress:jar:1.9:compile
|  +- (commons-io:commons-io:jar:2.5:compile - omitted for conflict with 2.6)
|  +- (org.apache.httpcomponents:httpclient:jar:4.5:compile - omitted for conflict with 4.5.3)
|  +- (org.apache.httpcomponents:httpcore:jar:4.4.5:compile - omitted for conflict with 4.4.6)
|  +- com.github.jnr:jnr-unixsocket:jar:0.18:compile
|  |  +- com.github.jnr:jnr-ffi:jar:2.1.4:compile
|  |  |  +- com.github.jnr:jffi:jar:1.2.15:compile
|  |  |  +- com.github.jnr:jffi:jar:native:1.2.15:runtime
|  |  |  +- org.ow2.asm:asm:jar:5.0.3:compile
|  |  |  +- org.ow2.asm:asm-commons:jar:5.0.3:compile
|  |  |  |  \- (org.ow2.asm:asm-tree:jar:5.0.3:compile - omitted for duplicate)
|  |  |  +- org.ow2.asm:asm-analysis:jar:5.0.3:compile
|  |  |  |  \- (org.ow2.asm:asm-tree:jar:5.0.3:compile - omitted for duplicate)
|  |  |  +- org.ow2.asm:asm-tree:jar:5.0.3:compile
|  |  |  |  \- (org.ow2.asm:asm:jar:5.0.3:compile - omitted for duplicate)
|  |  |  +- org.ow2.asm:asm-util:jar:5.0.3:compile
|  |  |  |  \- (org.ow2.asm:asm-tree:jar:5.0.3:compile - omitted for duplicate)
|  |  |  \- com.github.jnr:jnr-x86asm:jar:1.0.2:compile
|  |  +- com.github.jnr:jnr-constants:jar:0.9.8:compile
|  |  +- com.github.jnr:jnr-enxio:jar:0.16:compile
|  |  |  +- (com.github.jnr:jnr-constants:jar:0.9.8:compile - omitted for duplicate)
|  |  |  \- (com.github.jnr:jnr-ffi:jar:2.1.4:compile - omitted for duplicate)
|  |  \- com.github.jnr:jnr-posix:jar:3.0.35:compile
|  |     +- (com.github.jnr:jnr-ffi:jar:2.1.4:compile - omitted for duplicate)
|  |     \- (com.github.jnr:jnr-constants:jar:0.9.8:compile - omitted for duplicate)
|  +- commons-lang:commons-lang:jar:2.6:compile
|  \- org.bouncycastle:bcpkix-jdk15on:jar:1.59:compile
|     \- org.bouncycastle:bcprov-jdk15on:jar:1.59:compile
+- io.fabric8:openshift-client:jar:3.1.10:compile
|  \- io.fabric8:kubernetes-client:jar:3.1.10:compile
|     +- io.fabric8:kubernetes-model:jar:2.0.8:compile
|     |  +- (com.fasterxml.jackson.module:jackson-module-jaxb-annotations:jar:2.7.5:compile - omitted for conflict with 2.9.4)
|     |  \- javax.validation:validation-api:jar:1.1.0.Final:compile
|     +- (com.squareup.okhttp3:okhttp:jar:3.9.1:compile - omitted for duplicate)
|     +- com.squareup.okhttp3:logging-interceptor:jar:3.9.1:compile
|     |  \- (com.squareup.okhttp3:okhttp:jar:3.9.1:compile - omitted for duplicate)
|     +- com.fasterxml.jackson.dataformat:jackson-dataformat-yaml:jar:2.7.7:compile
|     |  +- (com.fasterxml.jackson.core:jackson-core:jar:2.7.7:compile - omitted for conflict with 2.9.4)
|     |  \- (org.yaml:snakeyaml:jar:1.15:compile - omitted for conflict with 1.19)
|     +- (com.fasterxml.jackson.core:jackson-databind:jar:2.7.7:compile - omitted for conflict with 2.9.4)
|     +- (com.fasterxml.jackson.core:jackson-core:jar:2.7.7:compile - omitted for conflict with 2.9.4)
|     +- io.fabric8:zjsonpatch:jar:0.3.0:compile
|     |  +- (com.fasterxml.jackson.core:jackson-databind:jar:2.3.2:compile - omitted for conflict with 2.9.4)
|     |  \- (com.fasterxml.jackson.core:jackson-core:jar:2.3.2:compile - omitted for conflict with 2.9.4)
|     \- com.github.mifmif:generex:jar:1.0.1:compile
|        \- dk.brics.automaton:automaton:jar:1.11-8:compile
+- ch.qos.logback:logback-core:jar:1.2.3:compile
+- ch.qos.logback:logback-classic:jar:1.2.3:compile
|  +- (ch.qos.logback:logback-core:jar:1.2.3:compile - omitted for duplicate)
|  \- org.slf4j:slf4j-api:jar:1.7.25:compile
+- ch.qos.logback:logback-access:jar:1.2.3:compile
|  \- (ch.qos.logback:logback-core:jar:1.2.3:compile - omitted for duplicate)
+- org.slf4j:jul-to-slf4j:jar:1.7.25:compile
|  \- (org.slf4j:slf4j-api:jar:1.7.25:compile - omitted for duplicate)
+- org.slf4j:slf4j-simple:jar:1.7.25:compile
|  \- (org.slf4j:slf4j-api:jar:1.7.25:compile - omitted for duplicate)
+- net.logstash.logback:logstash-logback-encoder:jar:5.0:compile
|  +- (ch.qos.logback:logback-core:jar:1.2.3:compile - omitted for duplicate)
|  \- (com.fasterxml.jackson.core:jackson-databind:jar:2.9.4:compile - omitted for duplicate)
+- io.prometheus:simpleclient:jar:0.3.0:compile
+- io.prometheus:simpleclient_hotspot:jar:0.3.0:compile
|  \- (io.prometheus:simpleclient:jar:0.3.0:compile - omitted for duplicate)
+- io.prometheus:simpleclient_servlet:jar:0.3.0:compile
|  +- (io.prometheus:simpleclient:jar:0.3.0:compile - omitted for duplicate)
|  \- io.prometheus:simpleclient_common:jar:0.3.0:compile
|     \- (io.prometheus:simpleclient:jar:0.3.0:compile - omitted for duplicate)
+- io.prometheus:simpleclient_jetty:jar:0.3.0:compile
|  \- (io.prometheus:simpleclient:jar:0.3.0:compile - omitted for duplicate)
+- org.eclipse.jetty:jetty-server:jar:9.4.8.v20171121:provided
+- io.fabric8:openshift-server-mock:jar:3.1.10:test
|  +- io.fabric8:kubernetes-server-mock:jar:3.1.10:test
|  |  +- (io.fabric8:kubernetes-client:jar:3.1.10:test - omitted for duplicate)
|  |  +- io.fabric8:mockwebserver:jar:0.1.0:test
|  |  |  +- com.squareup.okhttp3:mockwebserver:jar:3.9.0:test
|  |  |  |  +- (com.squareup.okhttp3:okhttp:jar:3.9.0:test - omitted for conflict with 3.9.1)
|  |  |  |  +- (org.bouncycastle:bcprov-jdk15on:jar:1.50:test - omitted for conflict with 1.59)
|  |  |  |  \- (junit:junit:jar:4.12:test - omitted for duplicate)
|  |  |  +- (com.fasterxml.jackson.core:jackson-databind:jar:2.7.0:test - omitted for conflict with 2.9.4)
|  |  |  +- io.sundr:builder-annotations:jar:0.2.7:test
|  |  |  |  +- io.sundr:sundr-core:jar:0.2.7:test
|  |  |  |  \- io.sundr:sundr-codegen:jar:0.2.7:test
|  |  |  |     +- (io.sundr:sundr-core:jar:0.2.7:test - omitted for duplicate)
|  |  |  |     \- org.apache.velocity:velocity:jar:1.7:test
|  |  |  |        +- commons-collections:commons-collections:jar:3.2.1:test
|  |  |  |        \- (commons-lang:commons-lang:jar:2.4:test - omitted for conflict with 2.6)
|  |  |  \- (io.fabric8:zjsonpatch:jar:0.3.0:test - omitted for duplicate)
|  |  \- (junit:junit:jar:4.12:test - omitted for duplicate)
|  \- (io.fabric8:openshift-client:jar:3.1.10:test - omitted for duplicate)
+- de.vandermeer:asciitable:jar:0.3.2:compile
|  +- de.vandermeer:ascii-utf-themes:jar:0.0.1:compile
|  |  \- de.vandermeer:skb-interfaces:jar:0.0.1:compile
|  |     +- (org.apache.commons:commons-lang3:jar:3.4:compile - omitted for conflict with 3.7)
|  |     +- org.antlr:ST4:jar:4.0.8:compile
|  |     |  \- org.antlr:antlr-runtime:jar:3.5.2:compile
|  |     +- org.antlr:antlr4:jar:4.5.1:compile
|  |     \- (org.slf4j:slf4j-api:jar:1.7.12:compile - omitted for conflict with 1.7.25)
|  \- de.vandermeer:char-translation:jar:0.0.2:compile
|     \- (de.vandermeer:skb-interfaces:jar:0.0.1:compile - omitted for duplicate)
+- junit:junit:jar:4.12:test
|  \- org.hamcrest:hamcrest-core:jar:1.3:test
+- org.mockito:mockito-core:jar:2.16.0:test
|  +- (net.bytebuddy:byte-buddy:jar:1.7.9:test - omitted for duplicate)
|  +- net.bytebuddy:byte-buddy-agent:jar:1.7.9:test
|  \- org.objenesis:objenesis:jar:2.6:test
+- org.testng:testng:jar:6.14.2:test
|  +- (com.beust:jcommander:jar:1.72:test - omitted for duplicate)
|  \- org.apache-extras.beanshell:bsh:jar:2.0b6:test
\- org.awaitility:awaitility:jar:3.1.0:test
   +- org.hamcrest:hamcrest-library:jar:1.3:test
   |  \- (org.hamcrest:hamcrest-core:jar:1.3:test - omitted for duplicate)
   +- (org.hamcrest:hamcrest-core:jar:1.3:test - omitted for duplicate)
   \- (org.objenesis:objenesis:jar:2.6:test - omitted for duplicate)

